


materialPath: D:\SteamLibrary\steamapps\common\Portal 2\portal2\materials
Loading d:\steamlibrary\steamapps\common\portal 2\portal2_dlc3\maps\sp_a2_bridge_intro.vmf
ConVarRef gpu_level doesn't point to an existing ConVar
Patching WVT material: maps/sp_a2_bridge_intro/metal/blendblackfloormetal_dirt02_wvt_patch
fixing up env_cubemap materials on brush sides...
0...1...2...3...4...5...6...7...8...9...100...1...2...3...4...5...6...7...8...9...10Processing areas...done (0)
Building Faces...done (0)
Chop Details...done (0)
Find Visible Detail Sides...
Merged 232 detail faces...done (0)
Merging details...done (0)
FixTjuncs...
PruneNodes...
WriteBSP...
done (0)
writing d:\steamlibrary\steamapps\common\portal 2\portal2_dlc3\maps\sp_a2_bridge_intro.prt...Building visibility clusters...
done (0)
Finding displacement neighbors...
Finding lightmap sample positions...
Displacement Alpha : 0...1...2...3...4...5...6...7...8...9...10
Building Physics collision data...
done (1) (595390 bytes)
Encountered obsolete static prop option to do its fade in screen space @ -256.00 560.00 192.00
Encountered obsolete static prop option to do its fade in screen space @ 768.00 -256.00 -16.00
Encountered obsolete static prop option to do its fade in screen space @ -752.00 -768.00 128.00
Encountered obsolete static prop option to do its fade in screen space @ 512.00 -192.00 -112.00
Encountered obsolete static prop option to do its fade in screen space @ 512.00 -192.00 -80.00
Encountered obsolete static prop option to do its fade in screen space @ 512.00 -192.00 -48.00
Encountered obsolete static prop option to do its fade in screen space @ -256.00 560.00 64.00
Encountered obsolete static prop option to do its fade in screen space @ 768.00 0.00 -16.00
Encountered obsolete static prop option to do its fade in screen space @ 752.00 -320.00 -192.00
Encountered obsolete static prop option to do its fade in screen space @ 720.00 -320.00 -64.00
Encountered obsolete static prop option to do its fade in screen space @ 752.00 -320.00 -320.00
Encountered obsolete static prop option to do its fade in screen space @ 768.00 -128.00 -16.00
Encountered obsolete static prop option to do its fade in screen space @ 720.00 -320.00 -192.00
Encountered obsolete static prop option to do its fade in screen space @ -192.00 560.00 256.00
Encountered obsolete static prop option to do its fade in screen space @ 512.00 -192.00 -16.00
Encountered obsolete static prop option to do its fade in screen space @ 768.00 128.00 -16.00
Encountered obsolete static prop option to do its fade in screen space @ 752.00 -320.00 -64.00
Encountered obsolete static prop option to do its fade in screen space @ -64.00 560.00 256.00
Encountered obsolete static prop option to do its fade in screen space @ -256.00 528.00 192.00
Encountered obsolete static prop option to do its fade in screen space @ -256.00 528.00 64.00
Encountered obsolete static prop option to do its fade in screen space @ 720.00 -320.00 -320.00
Encountered obsolete static prop option to do its fade in screen space @ -784.00 -768.00 128.00
Encountered obsolete static prop option to do its fade in screen space @ -655.96 -96.00 256.00
Encountered obsolete static prop option to do its fade in screen space @ -687.96 -96.00 256.00
Encountered obsolete static prop option to do its fade in screen space @ -671.96 -272.00 256.00
Encountered obsolete static prop option to do its fade in screen space @ -671.96 -240.00 256.00
Encountered obsolete static prop option to do its fade in screen space @ -671.96 -208.00 256.00
Encountered obsolete static prop option to do its fade in screen space @ -671.96 -176.00 256.00
Encountered obsolete static prop option to do its fade in screen space @ -623.96 -96.00 256.00
Encountered obsolete static prop option to do its fade in screen space @ -607.96 -272.00 192.00
Encountered obsolete static prop option to do its fade in screen space @ -607.96 -272.00 64.00
Encountered obsolete static prop option to do its fade in screen space @ -607.96 -240.00 192.00
Encountered obsolete static prop option to do its fade in screen space @ -607.96 -240.00 64.00
Encountered obsolete static prop option to do its fade in screen space @ 0.00 720.00 192.00
Encountered obsolete static prop option to do its fade in screen space @ 0.00 688.00 192.00
Encountered obsolete static prop option to do its fade in screen space @ -736.00 208.00 160.00
Encountered obsolete static prop option to do its fade in screen space @ -736.00 176.00 160.00
Placing detail props : 0...1...2...3...4...5...6...7...8...9...10
Compacting texture/material tables...
Reduced 2120 texinfos to 1040
Reduced 91 texdatas to 83 (2836 bytes to 2518)
Writing d:\steamlibrary\steamapps\common\portal 2\portal2_dlc3\maps\sp_a2_bridge_intro.bsp

nummapplanes:     (  7858 / 65536 )
nummapbrushes:    (  1583 /  8192 )
nummapbrushsides: ( 12768 / 65536 )
num_map_overlays: (    49 /   512 )
nummodels:        (   104 /  1024 )
num_entities:     (   513 / 16384 )

2 seconds elapsed



12 threads
reading d:\steamlibrary\steamapps\common\portal 2\portal2_dlc3\maps\sp_a2_bridge_intro.bsp
reading d:\steamlibrary\steamapps\common\portal 2\portal2_dlc3\maps\sp_a2_bridge_intro.prt
 397 portalclusters
1061 numportals
0...1...2...3...4...5...6...7...8...9...10Optimized: 6190 visible clusters (0.00%)
Total clusters visible: 121245
Average clusters visible: 305
Building PAS...
Average clusters audible: 375
visdatasize:41579  compressed from 44464
writing d:\steamlibrary\steamapps\common\portal 2\portal2_dlc3\maps\sp_a2_bridge_intro.bsp
0 seconds elapsed



[Reading texlights from 'lights.rad']
[59 texlights parsed from 'lights.rad']

Loading d:\steamlibrary\steamapps\common\portal 2\portal2_dlc3\maps\sp_a2_bridge_intro.bsp
2845 faces
1 degenerate faces
304692 square feet [43875708.00 square inches]
0 Displacements
0 Square Feet [0.00 Square Inches]
2844 patches before subdivision
32326 patches after subdivision
109 direct lights
0...1...2...3...4...5...6...7...8...9...100...1...2...3...4...5...6...7...8...9...10transfers 4447099, max 724
transfer lists:  33.9 megs
0...1...2...3...4...5...6...7...8...9...10	Bounce #1 added RGB(20569, 24693, 26330)
0...1...2...3...4...5...6...7...8...9...10	Bounce #2 added RGB(9531, 11436, 11833)
Build Patch/Sample Hash Table(s).....Done<0.0059 sec>
0...1...2...3...4...5...6...7...8...9...10FinalLightFace Done
74 of 74 (100% of) surface lights went in leaf ambient cubes.
0...1...2...3...4...5...6...7...8...9...10Writing leaf ambient...done
Ready to Finish

Object names       Objects/Maxobjs  Memory / Maxmem  Fullness 
------------       ---------------  ---------------  -------- 
models                 104/1024         4992/49152    (10.2%) 
brushes               1583/8192        18996/98304    (19.3%) 
brushsides           12876/65536      103008/524288   (19.6%) 
planes                7858/65536      157160/1310720  (12.0%) 
vertexes              5983/65536       71796/786432   ( 9.1%) 
nodes                 1908/65536       61056/2097152  ( 2.9%) 
texinfos              1040/12288       74880/884736   ( 8.5%) 
texdata                 83/2048         2656/65536    ( 4.1%) 
dispinfos                0/0               0/0        ( 0.0%) 
disp_verts               0/0               0/0        ( 0.0%) 
disp_tris                0/0               0/0        ( 0.0%) 
disp_multiblend          0/0               0/0        ( 0.0%) 
disp_lmsamples           0/0               0/0        ( 0.0%) 
faces                 2845/65536      159320/3670016  ( 4.3%) 
hdr faces                0/65536           0/3670016  ( 0.0%) 
origfaces             2330/65536      130480/3670016  ( 3.6%) 
facebrushes            236/0             472/0        ( 0.0%) 
facebrushlists        2845/0           11380/0        ( 0.0%) 
leaves                2013/65536       64416/2097152  ( 3.1%) 
leaffaces             3516/65536        7032/131072   ( 5.4%) 
leafbrushes           2719/65536        5438/131072   ( 4.1%) 
areas                    9/256            72/2048     ( 3.5%) 
surfedges            22312/512000      89248/2048000  ( 4.4%) 
edges                13818/256000      55272/1024000  ( 5.4%) 
LDR worldlights        109/8192        10900/819200   ( 1.3%) 
HDR worldlights          0/8192            0/819200   ( 0.0%) 
leafwaterdata            1/32768          12/393216   ( 0.0%) 
waterstrips            324/32768        3240/327680   ( 1.0%) 
waterverts               0/65536           0/786432   ( 0.0%) 
waterindices          5130/65536       10260/131072   ( 7.8%) 
cubemapsamples          18/1024          288/16384    ( 1.8%) 
overlays                49/512         17248/180224   ( 9.6%) 
LDR lightdata         [variable]     1684464/0        ( 0.0%) 
HDR lightdata         [variable]           0/0        ( 0.0%) 
visdata               [variable]       41579/16777216 ( 0.2%) 
entdata               [variable]      175433/393216   (44.6%) 
LDR ambient table     2013/65536        8052/262144   ( 3.1%) 
HDR ambient table     2013/65536        8052/262144   ( 3.1%) 
LDR leaf ambient      6683/65536      187124/1835008  (10.2%) 
HDR leaf ambient      2013/65536       56364/1835008  ( 3.1%) 
occluders                0/0               0/0        ( 0.0%) 
occluder polygons        0/0               0/0        ( 0.0%) 
occluder vert ind        0/0               0/0        ( 0.0%) 
detail props          [variable]           1/12       ( 8.3%) 
static props          [variable]           1/27770    ( 0.0%) 
pakfile               [variable]     1417042/0        ( 0.0%) 
physics               [variable]      595390/4194304  (14.2%) 
physics terrain       [variable]           2/1048576  ( 0.0%) 

Level flags = 0

Total triangle count: 7360
Writing d:\steamlibrary\steamapps\common\portal 2\portal2_dlc3\maps\sp_a2_bridge_intro.bsp
9 seconds elapsed



materialPath: D:\SteamLibrary\steamapps\common\Portal 2\portal2\materials
Loading d:\steamlibrary\steamapps\common\portal 2\portal2_dlc3\maps\sp_a2_bridge_intro.vmf
ConVarRef gpu_level doesn't point to an existing ConVar
Patching WVT material: maps/sp_a2_bridge_intro/metal/blendblackfloormetal_dirt02_wvt_patch
fixing up env_cubemap materials on brush sides...
0...1...2...3...4...5...6...7...8...9...100...1...2...3...4...5...6...7...8...9...10Processing areas...done (0)
Building Faces...done (0)
Chop Details...done (0)
Find Visible Detail Sides...
Merged 232 detail faces...done (0)
Merging details...done (0)
FixTjuncs...
PruneNodes...
WriteBSP...
done (0)
writing d:\steamlibrary\steamapps\common\portal 2\portal2_dlc3\maps\sp_a2_bridge_intro.prt...Building visibility clusters...
done (0)
Finding displacement neighbors...
Finding lightmap sample positions...
Displacement Alpha : 0...1...2...3...4...5...6...7...8...9...10
Building Physics collision data...
done (1) (595390 bytes)
Encountered obsolete static prop option to do its fade in screen space @ -256.00 560.00 192.00
Encountered obsolete static prop option to do its fade in screen space @ 768.00 -256.00 -16.00
Encountered obsolete static prop option to do its fade in screen space @ -752.00 -768.00 128.00
Encountered obsolete static prop option to do its fade in screen space @ 512.00 -192.00 -112.00
Encountered obsolete static prop option to do its fade in screen space @ 512.00 -192.00 -80.00
Encountered obsolete static prop option to do its fade in screen space @ 512.00 -192.00 -48.00
Encountered obsolete static prop option to do its fade in screen space @ -256.00 560.00 64.00
Encountered obsolete static prop option to do its fade in screen space @ 768.00 0.00 -16.00
Encountered obsolete static prop option to do its fade in screen space @ 752.00 -320.00 -192.00
Encountered obsolete static prop option to do its fade in screen space @ 720.00 -320.00 -64.00
Encountered obsolete static prop option to do its fade in screen space @ 752.00 -320.00 -320.00
Encountered obsolete static prop option to do its fade in screen space @ 768.00 -128.00 -16.00
Encountered obsolete static prop option to do its fade in screen space @ 720.00 -320.00 -192.00
Encountered obsolete static prop option to do its fade in screen space @ -192.00 560.00 256.00
Encountered obsolete static prop option to do its fade in screen space @ 512.00 -192.00 -16.00
Encountered obsolete static prop option to do its fade in screen space @ 768.00 128.00 -16.00
Encountered obsolete static prop option to do its fade in screen space @ 752.00 -320.00 -64.00
Encountered obsolete static prop option to do its fade in screen space @ -64.00 560.00 256.00
Encountered obsolete static prop option to do its fade in screen space @ -256.00 528.00 192.00
Encountered obsolete static prop option to do its fade in screen space @ -256.00 528.00 64.00
Encountered obsolete static prop option to do its fade in screen space @ 720.00 -320.00 -320.00
Encountered obsolete static prop option to do its fade in screen space @ -784.00 -768.00 128.00
Encountered obsolete static prop option to do its fade in screen space @ -655.96 -96.00 256.00
Encountered obsolete static prop option to do its fade in screen space @ -687.96 -96.00 256.00
Encountered obsolete static prop option to do its fade in screen space @ -671.96 -272.00 256.00
Encountered obsolete static prop option to do its fade in screen space @ -671.96 -240.00 256.00
Encountered obsolete static prop option to do its fade in screen space @ -671.96 -208.00 256.00
Encountered obsolete static prop option to do its fade in screen space @ -671.96 -176.00 256.00
Encountered obsolete static prop option to do its fade in screen space @ -623.96 -96.00 256.00
Encountered obsolete static prop option to do its fade in screen space @ -607.96 -272.00 192.00
Encountered obsolete static prop option to do its fade in screen space @ -607.96 -272.00 64.00
Encountered obsolete static prop option to do its fade in screen space @ -607.96 -240.00 192.00
Encountered obsolete static prop option to do its fade in screen space @ -607.96 -240.00 64.00
Encountered obsolete static prop option to do its fade in screen space @ 0.00 720.00 192.00
Encountered obsolete static prop option to do its fade in screen space @ 0.00 688.00 192.00
Encountered obsolete static prop option to do its fade in screen space @ -736.00 208.00 160.00
Encountered obsolete static prop option to do its fade in screen space @ -736.00 176.00 160.00
Placing detail props : 0...1...2...3...4...5...6...7...8...9...10
Compacting texture/material tables...
Reduced 2120 texinfos to 1040
Reduced 91 texdatas to 83 (2836 bytes to 2518)
Writing d:\steamlibrary\steamapps\common\portal 2\portal2_dlc3\maps\sp_a2_bridge_intro.bsp

nummapplanes:     (  7858 / 65536 )
nummapbrushes:    (  1583 /  8192 )
nummapbrushsides: ( 12768 / 65536 )
num_map_overlays: (    49 /   512 )
nummodels:        (   104 /  1024 )
num_entities:     (   513 / 16384 )

1 second elapsed



12 threads
reading d:\steamlibrary\steamapps\common\portal 2\portal2_dlc3\maps\sp_a2_bridge_intro.bsp
reading d:\steamlibrary\steamapps\common\portal 2\portal2_dlc3\maps\sp_a2_bridge_intro.prt
 397 portalclusters
1061 numportals
0...1...2...3...4...5...6...7...8...9...100...1...2...3...4...5...6...7...8...9...10Optimized: 277 visible clusters (0.00%)
Total clusters visible: 82418
Average clusters visible: 207
Building PAS...
Average clusters audible: 316
visdatasize:40008  compressed from 44464
writing d:\steamlibrary\steamapps\common\portal 2\portal2_dlc3\maps\sp_a2_bridge_intro.bsp
2 seconds elapsed



[Reading texlights from 'lights.rad']
[59 texlights parsed from 'lights.rad']

Loading d:\steamlibrary\steamapps\common\portal 2\portal2_dlc3\maps\sp_a2_bridge_intro.bsp
Loaded alpha texture materials\Metal\metalgrate018.vtf
Loaded alpha texture materials\Tools\toolsinvisible.vtf
2845 faces
1 degenerate faces
304692 square feet [43875708.00 square inches]
0 Displacements
0 Square Feet [0.00 Square Inches]
2844 patches before subdivision
32326 patches after subdivision
109 direct lights
0...1...2...3...4...5...6...7...8...9...100...1...2...3...4...5...6...7...8...9...10transfers 4632556, max 743
transfer lists:  35.3 megs
0...1...2...3...4...5...6...7...8...9...10	Bounce #1 added RGB(21406, 25519, 27041)
0...1...2...3...4...5...6...7...8...9...10	Bounce #2 added RGB(9735, 11633, 11997)
0...1...2...3...4...5...6...7...8...9...10	Bounce #3 added RGB(4877, 5770, 5784)
0...1...2...3...4...5...6...7...8...9...10	Bounce #4 added RGB(2536, 2966, 2897)
0...1...2...3...4...5...6...7...8...9...10	Bounce #5 added RGB(1339, 1547, 1475)
0...1...2...3...4...5...6...7...8...9...10	Bounce #6 added RGB(712, 814, 758)
0...1...2...3...4...5...6...7...8...9...10	Bounce #7 added RGB(381, 430, 391)
0...1...2...3...4...5...6...7...8...9...10	Bounce #8 added RGB(204, 228, 203)
0...1...2...3...4...5...6...7...8...9...10	Bounce #9 added RGB(110, 121, 105)
0...1...2...3...4...5...6...7...8...9...10	Bounce #10 added RGB(59, 64, 55)
0...1...2...3...4...5...6...7...8...9...10	Bounce #11 added RGB(32, 34, 28)
0...1...2...3...4...5...6...7...8...9...10	Bounce #12 added RGB(17, 18, 15)
0...1...2...3...4...5...6...7...8...9...10	Bounce #13 added RGB(9, 10, 8)
0...1...2...3...4...5...6...7...8...9...10	Bounce #14 added RGB(5, 5, 4)
0...1...2...3...4...5...6...7...8...9...10	Bounce #15 added RGB(3, 3, 2)
0...1...2...3...4...5...6...7...8...9...10	Bounce #16 added RGB(1, 1, 1)
0...1...2...3...4...5...6...7...8...9...10	Bounce #17 added RGB(1, 1, 1)
Build Patch/Sample Hash Table(s).....Done<0.0058 sec>
0...1...2...3...4...5...6...7...8...9...10FinalLightFace Done
74 of 74 (100% of) surface lights went in leaf ambient cubes.
0...1...2...3...4...5...6...7...8...9...10Writing leaf ambient...done
Computing static prop lighting : 00...1...2...3...4...5...6...7...8...9...10
Ready to Finish

Object names       Objects/Maxobjs  Memory / Maxmem  Fullness 
------------       ---------------  ---------------  -------- 
models                 104/1024         4992/49152    (10.2%) 
brushes               1583/8192        18996/98304    (19.3%) 
brushsides           12876/65536      103008/524288   (19.6%) 
planes                7858/65536      157160/1310720  (12.0%) 
vertexes              5983/65536       71796/786432   ( 9.1%) 
nodes                 1908/65536       61056/2097152  ( 2.9%) 
texinfos              1040/12288       74880/884736   ( 8.5%) 
texdata                 83/2048         2656/65536    ( 4.1%) 
dispinfos                0/0               0/0        ( 0.0%) 
disp_verts               0/0               0/0        ( 0.0%) 
disp_tris                0/0               0/0        ( 0.0%) 
disp_multiblend          0/0               0/0        ( 0.0%) 
disp_lmsamples           0/0               0/0        ( 0.0%) 
faces                 2845/65536      159320/3670016  ( 4.3%) 
hdr faces                0/65536           0/3670016  ( 0.0%) 
origfaces             2330/65536      130480/3670016  ( 3.6%) 
facebrushes            236/0             472/0        ( 0.0%) 
facebrushlists        2845/0           11380/0        ( 0.0%) 
leaves                2013/65536       64416/2097152  ( 3.1%) 
leaffaces             3516/65536        7032/131072   ( 5.4%) 
leafbrushes           2719/65536        5438/131072   ( 4.1%) 
areas                    9/256            72/2048     ( 3.5%) 
surfedges            22312/512000      89248/2048000  ( 4.4%) 
edges                13818/256000      55272/1024000  ( 5.4%) 
LDR worldlights        109/8192        10900/819200   ( 1.3%) 
HDR worldlights          0/8192            0/819200   ( 0.0%) 
leafwaterdata            1/32768          12/393216   ( 0.0%) 
waterstrips            324/32768        3240/327680   ( 1.0%) 
waterverts               0/65536           0/786432   ( 0.0%) 
waterindices          5130/65536       10260/131072   ( 7.8%) 
cubemapsamples          18/1024          288/16384    ( 1.8%) 
overlays                49/512         17248/180224   ( 9.6%) 
LDR lightdata         [variable]     1733364/0        ( 0.0%) 
HDR lightdata         [variable]           0/0        ( 0.0%) 
visdata               [variable]       40008/16777216 ( 0.2%) 
entdata               [variable]      175433/393216   (44.6%) 
LDR ambient table     2013/65536        8052/262144   ( 3.1%) 
HDR ambient table     2013/65536        8052/262144   ( 3.1%) 
LDR leaf ambient      6571/65536      183988/1835008  (10.0%) 
HDR leaf ambient      2013/65536       56364/1835008  ( 3.1%) 
occluders                0/0               0/0        ( 0.0%) 
occluder polygons        0/0               0/0        ( 0.0%) 
occluder vert ind        0/0               0/0        ( 0.0%) 
detail props          [variable]           1/12       ( 8.3%) 
static props          [variable]           1/27770    ( 0.0%) 
pakfile               [variable]     2820726/0        ( 0.0%) 
physics               [variable]      595390/4194304  (14.2%) 
physics terrain       [variable]           2/1048576  ( 0.0%) 

Level flags = 1

Total triangle count: 7360
Writing d:\steamlibrary\steamapps\common\portal 2\portal2_dlc3\maps\sp_a2_bridge_intro.bsp
28 seconds elapsed



[Reading texlights from 'lights.rad']
[59 texlights parsed from 'lights.rad']

Loading d:\steamlibrary\steamapps\common\portal 2\portal2_dlc3\maps\sp_a2_bridge_intro.bsp
Loaded alpha texture materials\Metal\metalgrate018.vtf
Loaded alpha texture materials\Tools\toolsinvisible.vtf
2845 faces
1 degenerate faces
304692 square feet [43875708.00 square inches]
0 Displacements
0 Square Feet [0.00 Square Inches]
2844 patches before subdivision
32326 patches after subdivision
109 direct lights
0...1...2...3...4...5...6...7...8...9...100...1...2...3...4...5...6...7...8...9...10transfers 4632556, max 743
transfer lists:  35.3 megs
0...1...2...3...4...5...6...7...8...9...10	Bounce #1 added RGB(21405, 25518, 27040)
0...1...2...3...4...5...6...7...8...9...10	Bounce #2 added RGB(9735, 11633, 11997)
0...1...2...3...4...5...6...7...8...9...10	Bounce #3 added RGB(4877, 5770, 5784)
0...1...2...3...4...5...6...7...8...9...10	Bounce #4 added RGB(2536, 2966, 2897)
0...1...2...3...4...5...6...7...8...9...10	Bounce #5 added RGB(1339, 1547, 1475)
0...1...2...3...4...5...6...7...8...9...10	Bounce #6 added RGB(712, 814, 758)
0...1...2...3...4...5...6...7...8...9...10	Bounce #7 added RGB(381, 430, 391)
0...1...2...3...4...5...6...7...8...9...10	Bounce #8 added RGB(204, 228, 203)
0...1...2...3...4...5...6...7...8...9...10	Bounce #9 added RGB(110, 121, 105)
0...1...2...3...4...5...6...7...8...9...10	Bounce #10 added RGB(59, 64, 55)
0...1...2...3...4...5...6...7...8...9...10	Bounce #11 added RGB(32, 34, 28)
0...1...2...3...4...5...6...7...8...9...10	Bounce #12 added RGB(17, 18, 15)
0...1...2...3...4...5...6...7...8...9...10	Bounce #13 added RGB(9, 10, 8)
0...1...2...3...4...5...6...7...8...9...10	Bounce #14 added RGB(5, 5, 4)
0...1...2...3...4...5...6...7...8...9...10	Bounce #15 added RGB(3, 3, 2)
0...1...2...3...4...5...6...7...8...9...10	Bounce #16 added RGB(1, 1, 1)
0...1...2...3...4...5...6...7...8...9...10	Bounce #17 added RGB(1, 1, 1)
Build Patch/Sample Hash Table(s).....Done<0.0061 sec>
0...1...2...3...4...5...6...7...8...9...10FinalLightFace Done
74 of 74 (100% of) surface lights went in leaf ambient cubes.
0...1...2...3...4...5...6...7...8...9...10Writing leaf ambient...done
Computing static prop lighting : 00...1...2...3...4...5...6...7...8...9...10
Ready to Finish

Object names       Objects/Maxobjs  Memory / Maxmem  Fullness 
------------       ---------------  ---------------  -------- 
models                 104/1024         4992/49152    (10.2%) 
brushes               1583/8192        18996/98304    (19.3%) 
brushsides           12876/65536      103008/524288   (19.6%) 
planes                7858/65536      157160/1310720  (12.0%) 
vertexes              5983/65536       71796/786432   ( 9.1%) 
nodes                 1908/65536       61056/2097152  ( 2.9%) 
texinfos              1040/12288       74880/884736   ( 8.5%) 
texdata                 83/2048         2656/65536    ( 4.1%) 
dispinfos                0/0               0/0        ( 0.0%) 
disp_verts               0/0               0/0        ( 0.0%) 
disp_tris                0/0               0/0        ( 0.0%) 
disp_multiblend          0/0               0/0        ( 0.0%) 
disp_lmsamples           0/0               0/0        ( 0.0%) 
faces                 2845/65536      159320/3670016  ( 4.3%) 
hdr faces             2845/65536      159320/3670016  ( 4.3%) 
origfaces             2330/65536      130480/3670016  ( 3.6%) 
facebrushes            236/0             472/0        ( 0.0%) 
facebrushlists        2845/0           11380/0        ( 0.0%) 
leaves                2013/65536       64416/2097152  ( 3.1%) 
leaffaces             3516/65536        7032/131072   ( 5.4%) 
leafbrushes           2719/65536        5438/131072   ( 4.1%) 
areas                    9/256            72/2048     ( 3.5%) 
surfedges            22312/512000      89248/2048000  ( 4.4%) 
edges                13818/256000      55272/1024000  ( 5.4%) 
LDR worldlights        109/8192        10900/819200   ( 1.3%) 
HDR worldlights        109/8192        10900/819200   ( 1.3%) 
leafwaterdata            1/32768          12/393216   ( 0.0%) 
waterstrips            324/32768        3240/327680   ( 1.0%) 
waterverts               0/65536           0/786432   ( 0.0%) 
waterindices          5130/65536       10260/131072   ( 7.8%) 
cubemapsamples          18/1024          288/16384    ( 1.8%) 
overlays                49/512         17248/180224   ( 9.6%) 
LDR lightdata         [variable]     1733364/0        ( 0.0%) 
HDR lightdata         [variable]     1733364/0        ( 0.0%) 
visdata               [variable]       40008/16777216 ( 0.2%) 
entdata               [variable]      175433/393216   (44.6%) 
LDR ambient table     2013/65536        8052/262144   ( 3.1%) 
HDR ambient table     2013/65536        8052/262144   ( 3.1%) 
LDR leaf ambient      6571/65536      183988/1835008  (10.0%) 
HDR leaf ambient      6571/65536      183988/1835008  (10.0%) 
occluders                0/0               0/0        ( 0.0%) 
occluder polygons        0/0               0/0        ( 0.0%) 
occluder vert ind        0/0               0/0        ( 0.0%) 
detail props          [variable]           1/12       ( 8.3%) 
static props          [variable]           1/27770    ( 0.0%) 
pakfile               [variable]     4226714/0        ( 0.0%) 
physics               [variable]      595390/4194304  (14.2%) 
physics terrain       [variable]           2/1048576  ( 0.0%) 

Level flags = 3

Total triangle count: 7360
Writing d:\steamlibrary\steamapps\common\portal 2\portal2_dlc3\maps\sp_a2_bridge_intro.bsp
28 seconds elapsed



materialPath: D:\SteamLibrary\steamapps\common\Portal 2\portal2\materials
Loading d:\steamlibrary\steamapps\common\portal 2\portal2_dlc3\maps\sp_a2_bridge_intro.vmf
ConVarRef gpu_level doesn't point to an existing ConVar
Patching WVT material: maps/sp_a2_bridge_intro/metal/blendblackfloormetal_dirt02_wvt_patch
fixing up env_cubemap materials on brush sides...
0...1...2...3...4...5...6...7...8...9...100...1...2...3...4...5...6...7...8...9...10Processing areas...done (0)
Building Faces...done (0)
Chop Details...done (0)
Find Visible Detail Sides...
Merged 232 detail faces...done (0)
Merging details...done (0)
FixTjuncs...
PruneNodes...
WriteBSP...
done (0)
writing d:\steamlibrary\steamapps\common\portal 2\portal2_dlc3\maps\sp_a2_bridge_intro.prt...Building visibility clusters...
done (0)
Finding displacement neighbors...
Finding lightmap sample positions...
Displacement Alpha : 0...1...2...3...4...5...6...7...8...9...10
Building Physics collision data...
done (1) (595390 bytes)
Encountered obsolete static prop option to do its fade in screen space @ -256.00 560.00 192.00
Encountered obsolete static prop option to do its fade in screen space @ 768.00 -256.00 -16.00
Encountered obsolete static prop option to do its fade in screen space @ -752.00 -768.00 128.00
Encountered obsolete static prop option to do its fade in screen space @ 512.00 -192.00 -112.00
Encountered obsolete static prop option to do its fade in screen space @ 512.00 -192.00 -80.00
Encountered obsolete static prop option to do its fade in screen space @ 512.00 -192.00 -48.00
Encountered obsolete static prop option to do its fade in screen space @ -256.00 560.00 64.00
Encountered obsolete static prop option to do its fade in screen space @ 768.00 0.00 -16.00
Encountered obsolete static prop option to do its fade in screen space @ 752.00 -320.00 -192.00
Encountered obsolete static prop option to do its fade in screen space @ 720.00 -320.00 -64.00
Encountered obsolete static prop option to do its fade in screen space @ 752.00 -320.00 -320.00
Encountered obsolete static prop option to do its fade in screen space @ 768.00 -128.00 -16.00
Encountered obsolete static prop option to do its fade in screen space @ 720.00 -320.00 -192.00
Encountered obsolete static prop option to do its fade in screen space @ -192.00 560.00 256.00
Encountered obsolete static prop option to do its fade in screen space @ 512.00 -192.00 -16.00
Encountered obsolete static prop option to do its fade in screen space @ 768.00 128.00 -16.00
Encountered obsolete static prop option to do its fade in screen space @ 752.00 -320.00 -64.00
Encountered obsolete static prop option to do its fade in screen space @ -64.00 560.00 256.00
Encountered obsolete static prop option to do its fade in screen space @ -256.00 528.00 192.00
Encountered obsolete static prop option to do its fade in screen space @ -256.00 528.00 64.00
Encountered obsolete static prop option to do its fade in screen space @ 720.00 -320.00 -320.00
Encountered obsolete static prop option to do its fade in screen space @ -784.00 -768.00 128.00
Encountered obsolete static prop option to do its fade in screen space @ -655.96 -96.00 256.00
Encountered obsolete static prop option to do its fade in screen space @ -687.96 -96.00 256.00
Encountered obsolete static prop option to do its fade in screen space @ -671.96 -272.00 256.00
Encountered obsolete static prop option to do its fade in screen space @ -671.96 -240.00 256.00
Encountered obsolete static prop option to do its fade in screen space @ -671.96 -208.00 256.00
Encountered obsolete static prop option to do its fade in screen space @ -671.96 -176.00 256.00
Encountered obsolete static prop option to do its fade in screen space @ -623.96 -96.00 256.00
Encountered obsolete static prop option to do its fade in screen space @ -607.96 -272.00 192.00
Encountered obsolete static prop option to do its fade in screen space @ -607.96 -272.00 64.00
Encountered obsolete static prop option to do its fade in screen space @ -607.96 -240.00 192.00
Encountered obsolete static prop option to do its fade in screen space @ -607.96 -240.00 64.00
Encountered obsolete static prop option to do its fade in screen space @ 0.00 720.00 192.00
Encountered obsolete static prop option to do its fade in screen space @ 0.00 688.00 192.00
Encountered obsolete static prop option to do its fade in screen space @ -736.00 208.00 160.00
Encountered obsolete static prop option to do its fade in screen space @ -736.00 176.00 160.00
Placing detail props : 0...1...2...3...4...5...6...7...8...9...10
Compacting texture/material tables...
Reduced 2120 texinfos to 1040
Reduced 91 texdatas to 83 (2836 bytes to 2518)
Writing d:\steamlibrary\steamapps\common\portal 2\portal2_dlc3\maps\sp_a2_bridge_intro.bsp

nummapplanes:     (  7858 / 65536 )
nummapbrushes:    (  1583 /  8192 )
nummapbrushsides: ( 12768 / 65536 )
num_map_overlays: (    49 /   512 )
nummodels:        (   104 /  1024 )
num_entities:     (   513 / 16384 )

1 second elapsed



12 threads
reading d:\steamlibrary\steamapps\common\portal 2\portal2_dlc3\maps\sp_a2_bridge_intro.bsp
reading d:\steamlibrary\steamapps\common\portal 2\portal2_dlc3\maps\sp_a2_bridge_intro.prt
 397 portalclusters
1061 numportals
0...1...2...3...4...5...6...7...8...9...100...1...2...3...4...5...6...7...8...9...10Optimized: 277 visible clusters (0.00%)
Total clusters visible: 82418
Average clusters visible: 207
Building PAS...
Average clusters audible: 316
visdatasize:40008  compressed from 44464
writing d:\steamlibrary\steamapps\common\portal 2\portal2_dlc3\maps\sp_a2_bridge_intro.bsp
2 seconds elapsed



[Reading texlights from 'lights.rad']
[59 texlights parsed from 'lights.rad']

Loading d:\steamlibrary\steamapps\common\portal 2\portal2_dlc3\maps\sp_a2_bridge_intro.bsp
Loaded alpha texture materials\Metal\metalgrate018.vtf
Loaded alpha texture materials\Tools\toolsinvisible.vtf
2845 faces
1 degenerate faces
304692 square feet [43875708.00 square inches]
0 Displacements
0 Square Feet [0.00 Square Inches]
2844 patches before subdivision
32326 patches after subdivision
109 direct lights
0...1...2...3...4...5...6...7...8...9...100...1...2...3...4...5...6...7...8...9...10transfers 4632556, max 743
transfer lists:  35.3 megs
0...1...2...3...4...5...6...7...8...9...10	Bounce #1 added RGB(21405, 25519, 27041)
0...1...2...3...4...5...6...7...8...9...10	Bounce #2 added RGB(9735, 11633, 11997)
0...1...2...3...4...5...6...7...8...9...10	Bounce #3 added RGB(4877, 5770, 5784)
0...1...2...3...4...5...6...7...8...9...10	Bounce #4 added RGB(2536, 2966, 2897)
0...1...2...3...4...5...6...7...8...9...10	Bounce #5 added RGB(1339, 1547, 1475)
0...1...2...3...4...5...6...7...8...9...10	Bounce #6 added RGB(712, 814, 758)
0...1...2...3...4...5...6...7...8...9...10	Bounce #7 added RGB(381, 430, 391)
0...1...2...3...4...5...6...7...8...9...10	Bounce #8 added RGB(204, 228, 203)
0...1...2...3...4...5...6...7...8...9...10	Bounce #9 added RGB(110, 121, 105)
0...1...2...3...4...5...6...7...8...9...10	Bounce #10 added RGB(59, 64, 55)
0...1...2...3...4...5...6...7...8...9...10	Bounce #11 added RGB(32, 34, 28)
0...1...2...3...4...5...6...7...8...9...10	Bounce #12 added RGB(17, 18, 15)
0...1...2...3...4...5...6...7...8...9...10	Bounce #13 added RGB(9, 10, 8)
0...1...2...3...4...5...6...7...8...9...10	Bounce #14 added RGB(5, 5, 4)
0...1...2...3...4...5...6...7...8...9...10	Bounce #15 added RGB(3, 3, 2)
0...1...2...3...4...5...6...7...8...9...10	Bounce #16 added RGB(1, 1, 1)
0...1...2...3...4...5...6...7...8...9...10	Bounce #17 added RGB(1, 1, 1)
Build Patch/Sample Hash Table(s).....Done<0.0068 sec>
0...1...2...3...4...5...6...7...8...9...10FinalLightFace Done
74 of 74 (100% of) surface lights went in leaf ambient cubes.
0...1...2...3...4...5...6...7...8...9...10Writing leaf ambient...done
Computing static prop lighting : 00...1...2...3...4...5...6...7...8...9...10
Ready to Finish

Object names       Objects/Maxobjs  Memory / Maxmem  Fullness 
------------       ---------------  ---------------  -------- 
models                 104/1024         4992/49152    (10.2%) 
brushes               1583/8192        18996/98304    (19.3%) 
brushsides           12876/65536      103008/524288   (19.6%) 
planes                7858/65536      157160/1310720  (12.0%) 
vertexes              5983/65536       71796/786432   ( 9.1%) 
nodes                 1908/65536       61056/2097152  ( 2.9%) 
texinfos              1040/12288       74880/884736   ( 8.5%) 
texdata                 83/2048         2656/65536    ( 4.1%) 
dispinfos                0/0               0/0        ( 0.0%) 
disp_verts               0/0               0/0        ( 0.0%) 
disp_tris                0/0               0/0        ( 0.0%) 
disp_multiblend          0/0               0/0        ( 0.0%) 
disp_lmsamples           0/0               0/0        ( 0.0%) 
faces                 2845/65536      159320/3670016  ( 4.3%) 
hdr faces                0/65536           0/3670016  ( 0.0%) 
origfaces             2330/65536      130480/3670016  ( 3.6%) 
facebrushes            236/0             472/0        ( 0.0%) 
facebrushlists        2845/0           11380/0        ( 0.0%) 
leaves                2013/65536       64416/2097152  ( 3.1%) 
leaffaces             3516/65536        7032/131072   ( 5.4%) 
leafbrushes           2719/65536        5438/131072   ( 4.1%) 
areas                    9/256            72/2048     ( 3.5%) 
surfedges            22312/512000      89248/2048000  ( 4.4%) 
edges                13818/256000      55272/1024000  ( 5.4%) 
LDR worldlights        109/8192        10900/819200   ( 1.3%) 
HDR worldlights          0/8192            0/819200   ( 0.0%) 
leafwaterdata            1/32768          12/393216   ( 0.0%) 
waterstrips            324/32768        3240/327680   ( 1.0%) 
waterverts               0/65536           0/786432   ( 0.0%) 
waterindices          5130/65536       10260/131072   ( 7.8%) 
cubemapsamples          18/1024          288/16384    ( 1.8%) 
overlays                49/512         17248/180224   ( 9.6%) 
LDR lightdata         [variable]     1733364/0        ( 0.0%) 
HDR lightdata         [variable]           0/0        ( 0.0%) 
visdata               [variable]       40008/16777216 ( 0.2%) 
entdata               [variable]      175433/393216   (44.6%) 
LDR ambient table     2013/65536        8052/262144   ( 3.1%) 
HDR ambient table     2013/65536        8052/262144   ( 3.1%) 
LDR leaf ambient      6571/65536      183988/1835008  (10.0%) 
HDR leaf ambient      2013/65536       56364/1835008  ( 3.1%) 
occluders                0/0               0/0        ( 0.0%) 
occluder polygons        0/0               0/0        ( 0.0%) 
occluder vert ind        0/0               0/0        ( 0.0%) 
detail props          [variable]           1/12       ( 8.3%) 
static props          [variable]           1/27770    ( 0.0%) 
pakfile               [variable]     2820726/0        ( 0.0%) 
physics               [variable]      595390/4194304  (14.2%) 
physics terrain       [variable]           2/1048576  ( 0.0%) 

Level flags = 1

Total triangle count: 7360
Writing d:\steamlibrary\steamapps\common\portal 2\portal2_dlc3\maps\sp_a2_bridge_intro.bsp
28 seconds elapsed



[Reading texlights from 'lights.rad']
[59 texlights parsed from 'lights.rad']

Loading d:\steamlibrary\steamapps\common\portal 2\portal2_dlc3\maps\sp_a2_bridge_intro.bsp
Loaded alpha texture materials\Metal\metalgrate018.vtf
Loaded alpha texture materials\Tools\toolsinvisible.vtf
2845 faces
1 degenerate faces
304692 square feet [43875708.00 square inches]
0 Displacements
0 Square Feet [0.00 Square Inches]
2844 patches before subdivision
32326 patches after subdivision
109 direct lights
0...1...2...3...4...5...6...7...8...9...100...1...2...3...4...5...6...7...8...9...10transfers 4632556, max 743
transfer lists:  35.3 megs
0...1...2...3...4...5...6...7...8...9...10	Bounce #1 added RGB(21405, 25518, 27040)
0...1...2...3...4...5...6...7...8...9...10	Bounce #2 added RGB(9735, 11633, 11997)
0...1...2...3...4...5...6...7...8...9...10	Bounce #3 added RGB(4877, 5770, 5784)
0...1...2...3...4...5...6...7...8...9...10	Bounce #4 added RGB(2536, 2966, 2897)
0...1...2...3...4...5...6...7...8...9...10	Bounce #5 added RGB(1339, 1547, 1475)
0...1...2...3...4...5...6...7...8...9...10	Bounce #6 added RGB(712, 814, 758)
0...1...2...3...4...5...6...7...8...9...10	Bounce #7 added RGB(381, 430, 391)
0...1...2...3...4...5...6...7...8...9...10	Bounce #8 added RGB(204, 228, 203)
0...1...2...3...4...5...6...7...8...9...10	Bounce #9 added RGB(110, 121, 105)
0...1...2...3...4...5...6...7...8...9...10	Bounce #10 added RGB(59, 64, 55)
0...1...2...3...4...5...6...7...8...9...10	Bounce #11 added RGB(32, 34, 28)
0...1...2...3...4...5...6...7...8...9...10	Bounce #12 added RGB(17, 18, 15)
0...1...2...3...4...5...6...7...8...9...10	Bounce #13 added RGB(9, 10, 8)
0...1...2...3...4...5...6...7...8...9...10	Bounce #14 added RGB(5, 5, 4)
0...1...2...3...4...5...6...7...8...9...10	Bounce #15 added RGB(3, 3, 2)
0...1...2...3...4...5...6...7...8...9...10	Bounce #16 added RGB(1, 1, 1)
0...1...2...3...4...5...6...7...8...9...10	Bounce #17 added RGB(1, 1, 1)
Build Patch/Sample Hash Table(s).....Done<0.0077 sec>
0...1...2...3...4...5...6...7...8...9...10FinalLightFace Done
74 of 74 (100% of) surface lights went in leaf ambient cubes.
0...1...2...3...4...5...6...7...8...9...10Writing leaf ambient...done
Computing static prop lighting : 00...1...2...3...4...5...6...7...8...9...10
Ready to Finish

Object names       Objects/Maxobjs  Memory / Maxmem  Fullness 
------------       ---------------  ---------------  -------- 
models                 104/1024         4992/49152    (10.2%) 
brushes               1583/8192        18996/98304    (19.3%) 
brushsides           12876/65536      103008/524288   (19.6%) 
planes                7858/65536      157160/1310720  (12.0%) 
vertexes              5983/65536       71796/786432   ( 9.1%) 
nodes                 1908/65536       61056/2097152  ( 2.9%) 
texinfos              1040/12288       74880/884736   ( 8.5%) 
texdata                 83/2048         2656/65536    ( 4.1%) 
dispinfos                0/0               0/0        ( 0.0%) 
disp_verts               0/0               0/0        ( 0.0%) 
disp_tris                0/0               0/0        ( 0.0%) 
disp_multiblend          0/0               0/0        ( 0.0%) 
disp_lmsamples           0/0               0/0        ( 0.0%) 
faces                 2845/65536      159320/3670016  ( 4.3%) 
hdr faces             2845/65536      159320/3670016  ( 4.3%) 
origfaces             2330/65536      130480/3670016  ( 3.6%) 
facebrushes            236/0             472/0        ( 0.0%) 
facebrushlists        2845/0           11380/0        ( 0.0%) 
leaves                2013/65536       64416/2097152  ( 3.1%) 
leaffaces             3516/65536        7032/131072   ( 5.4%) 
leafbrushes           2719/65536        5438/131072   ( 4.1%) 
areas                    9/256            72/2048     ( 3.5%) 
surfedges            22312/512000      89248/2048000  ( 4.4%) 
edges                13818/256000      55272/1024000  ( 5.4%) 
LDR worldlights        109/8192        10900/819200   ( 1.3%) 
HDR worldlights        109/8192        10900/819200   ( 1.3%) 
leafwaterdata            1/32768          12/393216   ( 0.0%) 
waterstrips            324/32768        3240/327680   ( 1.0%) 
waterverts               0/65536           0/786432   ( 0.0%) 
waterindices          5130/65536       10260/131072   ( 7.8%) 
cubemapsamples          18/1024          288/16384    ( 1.8%) 
overlays                49/512         17248/180224   ( 9.6%) 
LDR lightdata         [variable]     1733364/0        ( 0.0%) 
HDR lightdata         [variable]     1733364/0        ( 0.0%) 
visdata               [variable]       40008/16777216 ( 0.2%) 
entdata               [variable]      175433/393216   (44.6%) 
LDR ambient table     2013/65536        8052/262144   ( 3.1%) 
HDR ambient table     2013/65536        8052/262144   ( 3.1%) 
LDR leaf ambient      6571/65536      183988/1835008  (10.0%) 
HDR leaf ambient      6571/65536      183988/1835008  (10.0%) 
occluders                0/0               0/0        ( 0.0%) 
occluder polygons        0/0               0/0        ( 0.0%) 
occluder vert ind        0/0               0/0        ( 0.0%) 
detail props          [variable]           1/12       ( 8.3%) 
static props          [variable]           1/27770    ( 0.0%) 
pakfile               [variable]     4226714/0        ( 0.0%) 
physics               [variable]      595390/4194304  (14.2%) 
physics terrain       [variable]           2/1048576  ( 0.0%) 

Level flags = 3

Total triangle count: 7360
Writing d:\steamlibrary\steamapps\common\portal 2\portal2_dlc3\maps\sp_a2_bridge_intro.bsp
28 seconds elapsed
