PRT1
215
465
4 0 9 (1600 0 -960 ) (1600 0 704 ) (1488 0 704 ) (1488 0 -960 ) 
4 0 2 (1488 0 -368 ) (1488 0 704 ) (1488 80 704 ) (1488 80 -368 ) 
4 0 1 (1488 192 -960 ) (1488 80 -960 ) (1488 80 704 ) (1488 192 704 ) 
4 1 3 (1472 80 -960 ) (1472 80 704 ) (1472 192 704 ) (1472 192 -960 ) 
4 1 2 (1472 80 704 ) (1472 80 -368 ) (1488 80 -368 ) (1488 80 704 ) 
4 2 10 (1488 0 -368 ) (1488 0 704 ) (1472 0 704 ) (1472 0 -368 ) 
4 2 5 (1472 0 -368 ) (1472 0 704 ) (1472 64 704 ) (1472 64 -368 ) 
4 2 4 (1472 64 704 ) (1472 80 704 ) (1472 80 -368 ) (1472 64 -368 ) 
4 3 6 (1216 80 -960 ) (1216 80 704 ) (1216 192 704 ) (1216 192 -960 ) 
4 3 4 (1216 80 704 ) (1216 80 -368 ) (1472 80 -368 ) (1472 80 704 ) 
4 4 7 (1216 64 -368 ) (1216 64 704 ) (1216 80 704 ) (1216 80 -368 ) 
4 4 5 (1216 64 704 ) (1216 64 -368 ) (1472 64 -368 ) (1472 64 704 ) 
4 5 11 (1472 0 -4640 ) (1472 0 704 ) (1216 0 704 ) (1216 0 -4640 ) 
4 5 7 (1216 0 -368 ) (1216 0 704 ) (1216 64 704 ) (1216 64 -368 ) 
4 6 8 (1200 80 -960 ) (1200 80 704 ) (1200 192 704 ) (1200 192 -960 ) 
4 6 7 (1200 80 704 ) (1200 80 -368 ) (1216 80 -368 ) (1216 80 704 ) 
4 7 12 (1216 0 -368 ) (1216 0 704 ) (1200 0 704 ) (1200 0 -368 ) 
4 7 8 (1200 0 -368 ) (1200 0 704 ) (1200 80 704 ) (1200 80 -368 ) 
4 8 13 (1200 0 -960 ) (1200 0 704 ) (1024 0 704 ) (1024 0 -960 ) 
4 9 14 (1600 -192 -960 ) (1600 -192 704 ) (1488 -192 704 ) (1488 -192 -960 ) 
4 9 10 (1488 0 704 ) (1488 0 -368 ) (1488 -192 -368 ) (1488 -192 704 ) 
4 10 15 (1488 -192 -368 ) (1488 -192 704 ) (1472 -192 704 ) (1472 -192 -368 ) 
4 10 11 (1472 -192 -368 ) (1472 -192 704 ) (1472 0 704 ) (1472 0 -368 ) 
4 11 16 (1472 -192 -368 ) (1472 -192 704 ) (1216 -192 704 ) (1216 -192 -368 ) 
4 11 12 (1216 0 704 ) (1216 0 -368 ) (1216 -192 -368 ) (1216 -192 704 ) 
4 12 17 (1216 -192 -368 ) (1216 -192 704 ) (1200 -192 704 ) (1200 -192 -368 ) 
4 12 13 (1200 -192 -368 ) (1200 -192 704 ) (1200 0 704 ) (1200 0 -368 ) 
4 13 81 (1024 -128 -64 ) (1024 0 -64 ) (1024 0 -192 ) (1024 -128 -192 ) 
4 13 63 (1024 -128 64 ) (1024 0 64 ) (1024 0 -64 ) (1024 -128 -64 ) 
4 13 18 (1024 -192 704 ) (1024 -192 -960 ) (1200 -192 -960 ) (1200 -192 704 ) 
4 14 19 (1600 -208 -960 ) (1600 -208 704 ) (1488 -208 704 ) (1488 -208 -960 ) 
4 14 15 (1488 -192 704 ) (1488 -192 -368 ) (1488 -208 -368 ) (1488 -208 704 ) 
4 15 19 (1488 -208 -368 ) (1488 -208 704 ) (1472 -208 704 ) (1472 -208 -368 ) 
4 15 16 (1472 -192 704 ) (1472 -192 -368 ) (1472 -208 -368 ) (1472 -208 704 ) 
4 16 19 (1472 -208 -368 ) (1472 -208 704 ) (1216 -208 704 ) (1216 -208 -368 ) 
4 16 17 (1216 -192 704 ) (1216 -192 -368 ) (1216 -208 -368 ) (1216 -208 704 ) 
4 17 19 (1216 -208 -368 ) (1216 -208 704 ) (1200 -208 704 ) (1200 -208 -368 ) 
4 17 18 (1200 -192 704 ) (1200 -192 -368 ) (1200 -208 -368 ) (1200 -208 704 ) 
4 18 19 (1200 -208 -960 ) (1200 -208 704 ) (1024 -208 704 ) (1024 -208 -960 ) 
4 20 24 (256 96 480 ) (544 96 480 ) (544 96 736 ) (256 96 736 ) 
4 21 30 (128 96 448 ) (0 96 448 ) (0 96 320 ) (128 96 320 ) 
4 22 29 (320 96 320 ) (256 96 320 ) (256 96 192 ) (320 96 192 ) 
4 23 36 (128 96 0 ) (128 96 64 ) (64 96 64 ) (64 96 0 ) 
4 24 84 (512 0 736 ) (256 0 736 ) (256 0 480 ) (512 0 480 ) 
4 24 83 (544 0 736 ) (512 0 736 ) (512 0 480 ) (544 0 480 ) 
4 24 26 (384 0 480 ) (256 0 480 ) (256 96 480 ) (384 96 480 ) 
4 24 25 (512 0 480 ) (384 0 480 ) (384 96 480 ) (512 96 480 ) 
4 25 97 (512 0 480 ) (384 0 480 ) (384 0 448 ) (512 0 448 ) 
4 25 29 (512 0 448 ) (384 0 448 ) (384 96 448 ) (512 96 448 ) 
4 25 26 (384 96 448 ) (384 0 448 ) (384 0 480 ) (384 96 480 ) 
4 26 98 (384 0 480 ) (256 0 480 ) (256 0 448 ) (384 0 448 ) 
4 26 29 (384 0 448 ) (256 0 448 ) (256 96 448 ) (384 96 448 ) 
4 27 56 (624 0 448 ) (576 0 448 ) (576 0 192 ) (624 0 192 ) 
4 27 28 (576 96 192 ) (576 0 192 ) (576 0 448 ) (576 96 448 ) 
4 28 57 (576 0 448 ) (544 0 448 ) (544 0 192 ) (576 0 192 ) 
4 28 29 (544 96 192 ) (544 0 192 ) (544 0 448 ) (544 96 448 ) 
4 29 113 (544 0 448 ) (128 0 448 ) (128 0 192 ) (544 0 192 ) 
4 29 34 (128 96 192 ) (544 96 192 ) (544 0 192 ) (128 0 192 ) 
4 29 31 (128 96 192 ) (128 88 192 ) (128 88 320 ) (128 96 320 ) 
4 29 30 (128 88 320 ) (128 88 448 ) (128 96 448 ) (128 96 320 ) 
4 29 32 (128 88 192 ) (128 0 192 ) (128 0 448 ) (128 88 448 ) 
4 30 52 (0 88 448 ) (0 96 448 ) (0 96 320 ) (0 88 320 ) 
4 30 32 (128 88 320 ) (128 88 448 ) (0 88 448 ) (0 88 320 ) 
4 30 31 (128 88 320 ) (0 88 320 ) (0 96 320 ) (128 96 320 ) 
4 31 52 (0 96 320 ) (0 96 192 ) (0 88 192 ) (0 88 320 ) 
4 31 34 (0 88 192 ) (0 96 192 ) (128 96 192 ) (128 88 192 ) 
4 31 32 (0 88 192 ) (128 88 192 ) (128 88 320 ) (0 88 320 ) 
4 32 113 (128 0 448 ) (0 0 448 ) (0 0 192 ) (128 0 192 ) 
4 32 52 (0 0 192 ) (0 0 448 ) (0 88 448 ) (0 88 192 ) 
4 32 34 (0 0 192 ) (0 88 192 ) (128 88 192 ) (128 0 192 ) 
4 33 60 (768 0 126 ) (768 0 64 ) (832 0 64 ) (832 0 126 ) 
4 33 59 (768 0 128 ) (768 0 126 ) (832 0 126 ) (832 0 128 ) 
4 33 38 (832 32 64 ) (832 0 64 ) (768 0 64 ) (768 32 64 ) 
4 34 113 (544 0 192 ) (0 0 192 ) (0 0 64 ) (544 0 64 ) 
4 34 52 (0 0 64 ) (0 0 192 ) (0 96 192 ) (0 96 64 ) 
4 34 45 (0 0 64 ) (0 30 64 ) (544 30 64 ) (544 0 64 ) 
4 34 42 (0 30 64 ) (0 32 64 ) (544 32 64 ) (544 30 64 ) 
4 34 36 (0 32 64 ) (0 96 64 ) (544 96 64 ) (544 32 64 ) 
4 35 48 (576 32 -64 ) (608 32 -64 ) (608 32 0 ) (576 32 0 ) 
4 35 42 (608 32 0 ) (608 32 64 ) (576 32 64 ) (576 32 0 ) 
4 36 52 (0 32 64 ) (0 96 64 ) (0 96 0 ) (0 32 0 ) 
4 36 42 (544 32 0 ) (544 32 64 ) (0 32 64 ) (0 32 0 ) 
4 36 37 (0 96 0 ) (544 96 0 ) (544 32 0 ) (0 32 0 ) 
4 37 53 (0 96 0 ) (0 96 -64 ) (0 32 -64 ) (0 32 0 ) 
4 37 48 (0 32 -64 ) (544 32 -64 ) (544 32 0 ) (0 32 0 ) 
4 38 63 (832 0 64 ) (768 0 64 ) (768 0 -64 ) (832 0 -64 ) 
4 39 63 (760 0 64 ) (744 0 64 ) (744 0 -64 ) (760 0 -64 ) 
4 40 46 (687 32 0 ) (704 32 0 ) (704 30 0 ) (687 30 0 ) 
4 40 43 (687 30 0 ) (704 30 0 ) (704 30 64 ) (687 30 64 ) 
4 40 41 (687 32 64 ) (687 32 0 ) (687 30 0 ) (687 30 64 ) 
4 41 47 (686 32 0 ) (687 32 0 ) (687 30 0 ) (686 30 0 ) 
4 41 44 (686 30 0 ) (687 30 0 ) (687 30 64 ) (686 30 64 ) 
4 41 42 (686 32 64 ) (686 32 0 ) (686 30 0 ) (686 30 64 ) 
4 42 52 (0 30 64 ) (0 32 64 ) (0 32 0 ) (0 30 0 ) 
4 42 48 (0 32 0 ) (686 32 0 ) (686 30 0 ) (0 30 0 ) 
4 42 45 (0 30 0 ) (686 30 0 ) (686 30 64 ) (0 30 64 ) 
4 43 63 (704 0 64 ) (687 0 64 ) (687 0 0 ) (704 0 0 ) 
4 43 49 (704 30 0 ) (704 0 0 ) (687 0 0 ) (687 30 0 ) 
4 43 44 (687 30 64 ) (687 30 0 ) (687 0 0 ) (687 0 64 ) 
4 44 64 (687 0 64 ) (686 0 64 ) (686 0 0 ) (687 0 0 ) 
4 44 50 (687 0 0 ) (686 0 0 ) (686 30 0 ) (687 30 0 ) 
4 44 45 (686 30 64 ) (686 30 0 ) (686 0 0 ) (686 0 64 ) 
4 45 113 (544 0 64 ) (0 0 64 ) (0 0 0 ) (544 0 0 ) 
4 45 77 (576 0 64 ) (544 0 64 ) (544 0 0 ) (576 0 0 ) 
4 45 65 (686 0 64 ) (576 0 64 ) (576 0 0 ) (686 0 0 ) 
4 45 52 (0 0 0 ) (0 0 64 ) (0 30 64 ) (0 30 0 ) 
4 45 51 (686 0 0 ) (0 0 0 ) (0 30 0 ) (686 30 0 ) 
4 46 49 (687 30 -64 ) (704 30 -64 ) (704 30 0 ) (687 30 0 ) 
4 46 47 (687 30 -64 ) (687 30 0 ) (687 32 0 ) (687 32 -64 ) 
4 47 50 (686 30 -64 ) (687 30 -64 ) (687 30 0 ) (686 30 0 ) 
4 47 48 (686 30 -64 ) (686 30 0 ) (686 32 0 ) (686 32 -64 ) 
4 48 53 (0 30 0 ) (0 32 0 ) (0 32 -64 ) (0 30 -64 ) 
4 48 51 (0 30 -64 ) (686 30 -64 ) (686 30 0 ) (0 30 0 ) 
4 49 63 (687 0 -64 ) (704 0 -64 ) (704 0 0 ) (687 0 0 ) 
4 49 50 (687 30 0 ) (687 30 -64 ) (687 0 -64 ) (687 0 0 ) 
4 50 64 (686 0 -64 ) (687 0 -64 ) (687 0 0 ) (686 0 0 ) 
4 50 51 (686 30 0 ) (686 30 -64 ) (686 0 -64 ) (686 0 0 ) 
4 51 135 (0 0 0 ) (0 0 -64 ) (544 0 -64 ) (544 0 0 ) 
4 51 80 (544 0 -64 ) (576 0 -64 ) (576 0 0 ) (544 0 0 ) 
4 51 65 (576 0 -64 ) (686 0 -64 ) (686 0 0 ) (576 0 0 ) 
4 51 53 (0 0 -64 ) (0 0 0 ) (0 30 0 ) (0 30 -64 ) 
4 52 162 (0 0 0 ) (0 0 448 ) (-128 0 448 ) (-128 0 0 ) 
4 52 54 (-128 0 0 ) (-128 0 64 ) (-128 32 64 ) (-128 32 0 ) 
4 52 53 (-128 0 0 ) (-128 96 0 ) (0 96 0 ) (0 0 0 ) 
4 53 163 (0 0 -64 ) (0 0 0 ) (-128 0 0 ) (-128 0 -64 ) 
4 53 54 (-128 0 -64 ) (-128 0 0 ) (-128 32 0 ) (-128 32 -64 ) 
4 55 213 (-1024 0 -960 ) (-1024 0 704 ) (-1024 384 704 ) (-1024 384 -960 ) 
4 55 200 (-672 0 -960 ) (-672 0 704 ) (-1024 0 704 ) (-1024 0 -960 ) 
4 56 57 (576 0 192 ) (576 -160 192 ) (576 -160 448 ) (576 0 448 ) 
4 57 114 (544 -160 448 ) (544 -32 448 ) (544 -32 400 ) (544 -160 400 ) 
4 57 118 (544 -32 400 ) (544 -32 192 ) (544 -160 192 ) (544 -160 400 ) 
4 57 113 (544 -32 448 ) (544 0 448 ) (544 0 192 ) (544 -32 192 ) 
4 58 59 (768 0 128 ) (832 0 128 ) (832 -128 128 ) (768 -128 128 ) 
4 59 60 (768 -160 126 ) (768 0 126 ) (832 0 126 ) (832 -160 126 ) 
4 60 66 (832 -128 64 ) (832 -160 64 ) (768 -160 64 ) (768 -128 64 ) 
4 60 63 (768 0 64 ) (832 0 64 ) (832 -128 64 ) (768 -128 64 ) 
4 61 118 (544 -32 64 ) (544 -64 64 ) (544 -64 96 ) (544 -32 96 ) 
4 61 77 (544 -64 64 ) (544 -32 64 ) (547 -32 64 ) (547 -64 64 ) 
4 62 78 (552 -224 64 ) (576 -224 64 ) (576 -352 64 ) (552 -352 64 ) 
4 62 76 (576 -224 64 ) (608 -224 64 ) (608 -352 64 ) (576 -352 64 ) 
4 62 75 (608 -224 64 ) (672 -224 64 ) (672 -352 64 ) (608 -352 64 ) 
4 63 81 (832 0 -64 ) (1024 0 -64 ) (1024 -128 -64 ) (832 -128 -64 ) 
4 63 68 (687 -128 -64 ) (704 -128 -64 ) (704 -128 64 ) (687 -128 64 ) 
4 63 67 (744 -128 -64 ) (760 -128 -64 ) (760 -128 64 ) (744 -128 64 ) 
4 63 66 (768 -128 -64 ) (832 -128 -64 ) (832 -128 64 ) (768 -128 64 ) 
4 63 64 (687 0 -64 ) (687 -128 -64 ) (687 -128 64 ) (687 0 64 ) 
4 64 69 (686 -128 -64 ) (687 -128 -64 ) (687 -128 64 ) (686 -128 64 ) 
4 64 65 (686 0 -64 ) (686 -128 -64 ) (686 -128 64 ) (686 0 64 ) 
4 65 80 (576 0 -64 ) (576 -128 -64 ) (576 -128 0 ) (576 0 0 ) 
4 65 77 (576 -128 0 ) (576 -128 64 ) (576 0 64 ) (576 0 0 ) 
4 65 70 (576 -128 64 ) (576 -128 -64 ) (686 -128 -64 ) (686 -128 64 ) 
4 68 71 (687 -158 -64 ) (704 -158 -64 ) (704 -158 64 ) (687 -158 64 ) 
4 68 69 (687 -128 64 ) (687 -128 -64 ) (687 -158 -64 ) (687 -158 64 ) 
4 69 72 (686 -158 -64 ) (687 -158 -64 ) (687 -158 64 ) (686 -158 64 ) 
4 69 70 (686 -128 64 ) (686 -128 -64 ) (686 -158 -64 ) (686 -158 64 ) 
4 70 80 (576 -128 -64 ) (576 -158 -64 ) (576 -158 0 ) (576 -128 0 ) 
4 70 77 (576 -158 0 ) (576 -158 64 ) (576 -128 64 ) (576 -128 0 ) 
4 70 73 (576 -158 64 ) (576 -158 -64 ) (686 -158 -64 ) (686 -158 64 ) 
4 71 72 (687 -158 64 ) (687 -158 -64 ) (687 -160 -64 ) (687 -160 64 ) 
4 72 73 (686 -158 64 ) (686 -158 -64 ) (686 -160 -64 ) (686 -160 64 ) 
4 73 80 (576 -158 -64 ) (576 -160 -64 ) (576 -160 0 ) (576 -158 0 ) 
4 73 77 (576 -160 0 ) (576 -160 64 ) (576 -158 64 ) (576 -158 0 ) 
4 73 74 (608 -160 -64 ) (672 -160 -64 ) (672 -160 64 ) (608 -160 64 ) 
4 75 76 (608 -224 64 ) (608 -224 0 ) (608 -352 0 ) (608 -352 64 ) 
4 76 78 (576 -352 0 ) (576 -352 64 ) (576 -224 64 ) (576 -224 0 ) 
4 77 118 (544 -160 64 ) (544 -32 64 ) (544 -32 0 ) (544 -160 0 ) 
4 77 113 (544 -32 64 ) (544 0 64 ) (544 0 0 ) (544 -32 0 ) 
4 77 80 (544 -160 0 ) (544 0 0 ) (576 0 0 ) (576 -160 0 ) 
4 78 120 (544 -352 64 ) (544 -224 64 ) (544 -224 0 ) (544 -352 0 ) 
4 79 128 (544 -960 64 ) (544 -896 64 ) (544 -896 0 ) (544 -960 0 ) 
4 80 135 (544 -160 0 ) (544 0 0 ) (544 0 -64 ) (544 -160 -64 ) 
4 82 94 (112 -48 736 ) (112 -144 736 ) (16 -144 736 ) (16 -48 736 ) 
4 83 91 (512 -448 480 ) (544 -448 480 ) (544 -448 736 ) (512 -448 736 ) 
4 83 90 (512 -288 480 ) (512 -416 480 ) (512 -416 512 ) (512 -288 512 ) 
4 83 88 (512 -192 480 ) (512 -288 480 ) (512 -288 512 ) (512 -192 512 ) 
4 83 85 (512 -448 544 ) (512 -448 736 ) (512 -160 736 ) (512 -160 544 ) 
4 83 84 (512 0 480 ) (512 -160 480 ) (512 -160 736 ) (512 0 736 ) 
4 84 101 (384 -160 480 ) (256 -160 480 ) (256 -32 480 ) (384 -32 480 ) 
4 84 100 (512 -32 480 ) (512 -160 480 ) (384 -160 480 ) (384 -32 480 ) 
4 84 98 (256 0 480 ) (384 0 480 ) (384 -32 480 ) (256 -32 480 ) 
4 84 97 (384 0 480 ) (512 0 480 ) (512 -32 480 ) (384 -32 480 ) 
4 84 86 (256 -160 736 ) (256 -160 544 ) (384 -160 544 ) (384 -160 736 ) 
4 84 85 (512 -160 544 ) (512 -160 736 ) (384 -160 736 ) (384 -160 544 ) 
4 85 91 (512 -448 544 ) (512 -448 736 ) (384 -448 736 ) (384 -448 544 ) 
4 85 87 (384 -288 544 ) (384 -448 544 ) (384 -448 736 ) (384 -288 736 ) 
4 85 86 (384 -160 736 ) (384 -160 544 ) (384 -256 544 ) (384 -256 736 ) 
4 87 91 (256 -448 736 ) (256 -448 544 ) (384 -448 544 ) (384 -448 736 ) 
4 88 105 (512 -224 480 ) (512 -288 480 ) (448 -288 480 ) (448 -224 480 ) 
4 88 106 (448 -288 480 ) (384 -288 480 ) (384 -224 480 ) (448 -224 480 ) 
4 88 104 (448 -224 480 ) (384 -224 480 ) (384 -192 480 ) (448 -192 480 ) 
4 88 90 (512 -288 480 ) (512 -288 512 ) (384 -288 512 ) (384 -288 480 ) 
4 88 89 (384 -192 512 ) (384 -192 480 ) (384 -256 480 ) (384 -256 512 ) 
4 89 106 (320 -224 480 ) (384 -224 480 ) (384 -256 480 ) (320 -256 480 ) 
4 90 108 (384 -416 480 ) (256 -416 480 ) (256 -352 480 ) (384 -352 480 ) 
4 90 107 (320 -352 480 ) (256 -352 480 ) (256 -320 480 ) (320 -320 480 ) 
4 90 106 (448 -352 480 ) (320 -352 480 ) (320 -288 480 ) (448 -288 480 ) 
4 92 110 (256 -832 480 ) (256 -704 480 ) (512 -704 480 ) (512 -832 480 ) 
4 92 93 (256 -704 480 ) (256 -992 480 ) (256 -992 736 ) (256 -704 736 ) 
4 93 111 (256 -832 480 ) (256 -960 480 ) (224 -960 480 ) (224 -832 480 ) 
4 93 110 (256 -704 480 ) (256 -832 480 ) (224 -832 480 ) (224 -704 480 ) 
4 93 96 (224 -704 480 ) (224 -992 480 ) (224 -992 736 ) (224 -704 736 ) 
4 94 102 (112 -48 480 ) (112 -144 480 ) (16 -144 480 ) (16 -48 480 ) 
4 95 168 (0 -288 480 ) (0 -416 480 ) (0 -416 736 ) (0 -288 736 ) 
4 95 109 (96 -416 480 ) (0 -416 480 ) (0 -288 480 ) (96 -288 480 ) 
4 96 180 (0 -704 480 ) (0 -992 480 ) (0 -992 736 ) (0 -704 736 ) 
4 96 112 (128 -960 480 ) (0 -960 480 ) (0 -832 480 ) (128 -832 480 ) 
4 96 111 (224 -832 480 ) (224 -960 480 ) (128 -960 480 ) (128 -832 480 ) 
4 96 110 (224 -704 480 ) (224 -832 480 ) (0 -832 480 ) (0 -704 480 ) 
4 97 113 (384 0 448 ) (512 0 448 ) (512 -32 448 ) (384 -32 448 ) 
5 97 100 (384 -32 448 ) (448 -32 448 ) (512 -32 456 ) (512 -32 480 ) (384 -32 480 ) 
3 97 99 (448 -32 448 ) (512 -32 448 ) (512 -32 456 ) 
4 97 98 (384 0 448 ) (384 -32 448 ) (384 -32 480 ) (384 0 480 ) 
4 98 113 (256 0 448 ) (384 0 448 ) (384 -32 448 ) (256 -32 448 ) 
4 98 101 (256 -32 480 ) (256 -32 448 ) (384 -32 448 ) (384 -32 480 ) 
4 99 114 (512 -32 448 ) (512 -160 448 ) (448 -160 448 ) (448 -32 448 ) 
4 99 100 (512 -32 456 ) (448 -32 448 ) (448 -160 448 ) (512 -160 456 ) 
4 100 116 (448 -160 448 ) (384 -160 448 ) (384 -32 448 ) (448 -32 448 ) 
4 100 103 (384 -160 448 ) (448 -160 448 ) (448 -160 450 ) (384 -160 450 ) 
4 100 101 (384 -32 480 ) (384 -32 448 ) (384 -160 448 ) (384 -160 480 ) 
4 101 117 (384 -160 448 ) (256 -160 448 ) (256 -32 448 ) (384 -32 448 ) 
4 102 119 (112 -48 448 ) (112 -144 448 ) (16 -144 448 ) (16 -48 448 ) 
4 103 120 (384 -160 448 ) (448 -160 448 ) (448 -192 448 ) (384 -192 448 ) 
4 103 104 (384 -192 448 ) (448 -192 448 ) (448 -192 450 ) (384 -192 450 ) 
4 104 120 (384 -192 448 ) (448 -192 448 ) (448 -224 448 ) (384 -224 448 ) 
4 104 106 (384 -224 448 ) (448 -224 448 ) (448 -224 480 ) (384 -224 480 ) 
4 105 120 (512 -224 448 ) (512 -288 448 ) (448 -288 448 ) (448 -224 448 ) 
4 105 106 (448 -224 480 ) (448 -224 448 ) (448 -288 448 ) (448 -288 480 ) 
4 106 120 (448 -352 448 ) (320 -352 448 ) (320 -224 448 ) (448 -224 448 ) 
4 106 108 (320 -352 448 ) (384 -352 448 ) (384 -352 480 ) (320 -352 480 ) 
4 106 107 (320 -320 448 ) (320 -352 448 ) (320 -352 480 ) (320 -320 480 ) 
4 107 120 (320 -352 448 ) (256 -352 448 ) (256 -320 448 ) (320 -320 448 ) 
4 107 108 (256 -352 480 ) (256 -352 448 ) (320 -352 448 ) (320 -352 480 ) 
4 108 120 (384 -416 448 ) (256 -416 448 ) (256 -352 448 ) (384 -352 448 ) 
4 109 168 (0 -288 448 ) (0 -416 448 ) (0 -416 480 ) (0 -288 480 ) 
4 109 120 (0 -416 448 ) (0 -288 448 ) (96 -288 448 ) (96 -416 448 ) 
4 110 181 (0 -704 448 ) (0 -832 448 ) (0 -832 480 ) (0 -704 480 ) 
4 110 127 (0 -832 448 ) (0 -704 448 ) (512 -704 448 ) (512 -832 448 ) 
4 110 112 (0 -832 448 ) (128 -832 448 ) (128 -832 480 ) (0 -832 480 ) 
4 110 111 (128 -832 448 ) (256 -832 448 ) (256 -832 480 ) (128 -832 480 ) 
4 111 129 (128 -832 448 ) (256 -832 448 ) (256 -960 448 ) (128 -960 448 ) 
4 111 112 (128 -832 480 ) (128 -832 448 ) (128 -960 448 ) (128 -960 480 ) 
4 112 181 (0 -832 448 ) (0 -960 448 ) (0 -960 480 ) (0 -832 480 ) 
4 112 130 (0 -960 448 ) (0 -832 448 ) (128 -832 448 ) (128 -960 448 ) 
4 113 162 (0 0 448 ) (0 0 0 ) (0 -32 0 ) (0 -32 448 ) 
4 113 135 (0 -32 0 ) (0 0 0 ) (544 0 0 ) (544 -32 0 ) 
4 113 117 (384 -32 448 ) (256 -32 448 ) (256 -32 424 ) (384 -32 440 ) 
3 113 116 (448 -32 448 ) (384 -32 448 ) (384 -32 440 ) 
4 113 115 (384.003998 -32 440 ) (256 -32 424 ) (256 -32 400 ) (280.001953 -32 400 ) 
5 113 114 (544 -32 400 ) (544 -32 448 ) (448 -32 448 ) (384.003998 -32 440 ) (280.001953 -32 400 ) 
4 113 118 (256 -32 0 ) (544 -32 0 ) (544 -32 400 ) (256 -32 400 ) 
4 113 119 (0 -32 0 ) (256 -32 0 ) (256 -32 448 ) (0 -32 448 ) 
4 114 116 (448 -32 448 ) (384.004211 -32 440 ) (384.004822 -160 440 ) (447.998047 -160 448 ) 
5 114 120 (544 -160 400 ) (544 -160 448 ) (448 -160 448 ) (384.003998 -160 440 ) (280.001953 -160 400 ) 
4 114 118 (544 -160 400 ) (280.001923 -160 400 ) (280.001953 -32 400 ) (544 -32 400 ) 
4 114 115 (280.003601 -32 400 ) (280.003601 -160 400 ) (384.003906 -160 440 ) (384.003906 -32 440 ) 
4 115 117 (384.004211 -32 440 ) (256 -32 424 ) (256 -160 424 ) (384.004822 -160 440 ) 
4 115 119 (256 -32 424 ) (256 -32 400 ) (256 -160 400 ) (256 -160 424 ) 
4 115 120 (384.003998 -160 440 ) (256 -160 424 ) (256 -160 400 ) (280.001953 -160 400 ) 
4 115 118 (280.001923 -160 400 ) (256 -160 400 ) (256 -32 400 ) (280.001953 -32 400 ) 
3 116 120 (448 -160 448 ) (384 -160 448 ) (384 -160 440 ) 
4 116 117 (384 -32 448 ) (384 -32 440 ) (384 -160 440 ) (384 -160 448 ) 
4 117 119 (256 -32 448 ) (256 -32 424 ) (256 -160 424 ) (256 -160 448 ) 
4 117 120 (384 -160 448 ) (256 -160 448 ) (256 -160 424 ) (384 -160 440 ) 
4 118 135 (256 -32 0 ) (544 -32 0 ) (544 -160 0 ) (256 -160 0 ) 
4 118 119 (256 -32 400 ) (256 -32 0 ) (256 -160 0 ) (256 -160 400 ) 
4 118 120 (256 -160 0 ) (544 -160 0 ) (544 -160 400 ) (256 -160 400 ) 
4 119 162 (0 -32 0 ) (0 -160 0 ) (0 -160 448 ) (0 -32 448 ) 
4 119 135 (0 -160 0 ) (0 -32 0 ) (256 -32 0 ) (256 -160 0 ) 
4 119 120 (0 -160 0 ) (256 -160 0 ) (256 -160 448 ) (0 -160 448 ) 
4 120 169 (0 -288 0 ) (0 -416 0 ) (0 -416 448 ) (0 -288 448 ) 
4 120 162 (0 -160 0 ) (0 -288 0 ) (0 -288 448 ) (0 -160 448 ) 
4 120 138 (0 -416 0 ) (0 -288 0 ) (64 -288 0 ) (64 -416 0 ) 
4 120 137 (64 -288 0 ) (544 -288 0 ) (544 -416 0 ) (64 -416 0 ) 
4 120 135 (0 -288 0 ) (0 -160 0 ) (544 -160 0 ) (544 -288 0 ) 
4 120 124 (384 -416 128 ) (384 -416 448 ) (0 -416 448 ) (0 -416 128 ) 
4 120 126 (0 -416 0 ) (384 -416 0 ) (384 -416 128 ) (0 -416 128 ) 
4 120 121 (416 -416 0 ) (544 -416 0 ) (544 -416 448 ) (416 -416 448 ) 
4 120 123 (384 -416 0 ) (416 -416 0 ) (416 -416 448 ) (384 -416 448 ) 
4 121 123 (416 -416 448 ) (416 -416 0 ) (416 -426 0 ) (416 -426 448 ) 
4 121 122 (416 -426 448 ) (416 -426 0 ) (544 -426 0 ) (544 -426 448 ) 
4 122 127 (416 -438 0 ) (544 -438 0 ) (544 -438 448 ) (416 -438 448 ) 
4 122 123 (416 -426 0 ) (416 -438 0 ) (416 -438 448 ) (416 -426 448 ) 
4 123 127 (384 -438 0 ) (416 -438 0 ) (416 -438 448 ) (384 -438 448 ) 
4 123 125 (384 -426 128 ) (384 -438 128 ) (384 -438 448 ) (384 -426 448 ) 
4 123 124 (384 -416 448 ) (384 -416 128 ) (384 -426 128 ) (384 -426 448 ) 
4 123 126 (384 -416 128 ) (384 -416 0 ) (384 -438 0 ) (384 -438 128 ) 
4 124 172 (0 -426 448 ) (0 -416 448 ) (0 -416 128 ) (0 -426 128 ) 
4 124 126 (0 -416 128 ) (384 -416 128 ) (384 -426 128 ) (0 -426 128 ) 
4 124 125 (0 -426 128 ) (384 -426 128 ) (384 -426 448 ) (0 -426 448 ) 
4 125 173 (0 -438 128 ) (0 -438 448 ) (0 -426 448 ) (0 -426 128 ) 
4 125 127 (384 -438 128 ) (384 -438 448 ) (0 -438 448 ) (0 -438 128 ) 
4 125 126 (384 -426 128 ) (384 -438 128 ) (0 -438 128 ) (0 -426 128 ) 
4 126 175 (0 -416 0 ) (0 -438 0 ) (0 -438 128 ) (0 -416 128 ) 
4 126 127 (0 -438 0 ) (384 -438 0 ) (384 -438 128 ) (0 -438 128 ) 
4 127 189 (0 -448 0 ) (0 -832 0 ) (0 -832 128 ) (0 -448 128 ) 
4 127 186 (0 -832 128 ) (0 -832 256 ) (0 -576 256 ) (0 -576 128 ) 
4 127 185 (0 -576 256 ) (0 -448 256 ) (0 -448 128 ) (0 -576 128 ) 
4 127 183 (0 -832 256 ) (0 -832 384 ) (0 -448 384 ) (0 -448 256 ) 
4 127 182 (0 -832 384 ) (0 -832 448 ) (0 -448 448 ) (0 -448 384 ) 
4 127 174 (0 -448 128 ) (0 -448 448 ) (0 -438 448 ) (0 -438 128 ) 
4 127 175 (0 -438 0 ) (0 -448 0 ) (0 -448 128 ) (0 -438 128 ) 
4 127 157 (384 -576 0 ) (384 -640 0 ) (192 -640 0 ) (192 -576 0 ) 
4 127 150 (320 -576 0 ) (128 -576 0 ) (128 -512 0 ) (320 -512 0 ) 
4 127 149 (128 -448 0 ) (256 -448 0 ) (256 -512 0 ) (128 -512 0 ) 
4 127 132 (256 -832 376 ) (256 -832 424 ) (128 -832 424 ) (231.998932 -832 376 ) 
4 127 131 (128 -832 424 ) (0 -832 424 ) (0 -832 376 ) (231.998932 -832 376 ) 
4 127 133 (0 -832 0 ) (256 -832 0 ) (256 -832 376 ) (0 -832 376 ) 
4 127 130 (128 -832 448 ) (0 -832 448 ) (0 -832 424 ) (128 -832 424 ) 
4 127 129 (256 -832 424 ) (256 -832 448 ) (128 -832 448 ) (128 -832 424 ) 
4 127 128 (256 -832 0 ) (544 -832 0 ) (544 -832 448 ) (256 -832 448 ) 
4 128 132 (256 -832 424 ) (256 -832 376 ) (256 -960 376 ) (256 -960 424 ) 
4 128 133 (256 -832 376 ) (256 -832 0 ) (256 -960 0 ) (256 -960 376 ) 
4 128 129 (256 -832 448 ) (256 -832 424 ) (256 -960 424 ) (256 -960 448 ) 
4 128 134 (256 -960 0 ) (544 -960 0 ) (544 -960 448 ) (256 -960 448 ) 
4 129 132 (128 -832 424 ) (256 -832 424 ) (256 -960 424 ) (128 -960 424 ) 
4 129 134 (256 -960 424 ) (256 -960 448 ) (128 -960 448 ) (128 -960 424 ) 
4 129 130 (128 -832 448 ) (128 -832 424 ) (128 -960 424 ) (128 -960 448 ) 
4 130 182 (0 -960 424 ) (0 -960 448 ) (0 -832 448 ) (0 -832 424 ) 
4 130 131 (0 -832 424 ) (128 -832 424 ) (128 -960 424 ) (0 -960 424 ) 
4 130 134 (128 -960 448 ) (0 -960 448 ) (0 -960 424 ) (128 -960 424 ) 
4 131 183 (0 -960 376 ) (0 -960 384 ) (0 -832 384 ) (0 -832 376 ) 
4 131 182 (0 -960 384 ) (0 -960 424 ) (0 -832 424 ) (0 -832 384 ) 
4 131 133 (0 -832 376 ) (231.998932 -832 376 ) (231.998932 -960 376 ) (0 -960 376 ) 
4 131 134 (128 -960 424 ) (0 -960 424 ) (0 -960 376 ) (231.998932 -960 376 ) 
4 131 132 (127.996582 -832 424 ) (127.996582 -960 424 ) (231.996094 -960 376 ) (231.996094 -832 376 ) 
4 132 133 (231.998932 -832 376 ) (256 -832 376 ) (256 -960 376 ) (231.998932 -960 376 ) 
4 132 134 (256 -960 376 ) (256 -960 424 ) (128 -960 424 ) (231.998932 -960 376 ) 
4 133 189 (0 -832 0 ) (0 -960 0 ) (0 -960 128 ) (0 -832 128 ) 
4 133 187 (0 -960 128 ) (0 -960 256 ) (0 -832 256 ) (0 -832 128 ) 
4 133 183 (0 -960 256 ) (0 -960 376 ) (0 -832 376 ) (0 -832 256 ) 
4 133 134 (0 -960 0 ) (256 -960 0 ) (256 -960 376 ) (0 -960 376 ) 
4 134 202 (64 -1024 128 ) (0 -1024 128 ) (0 -1024 0 ) (64 -1024 0 ) 
4 134 201 (128 -1024 384 ) (0 -1024 384 ) (0 -1024 256 ) (128 -1024 256 ) 
4 134 189 (0 -960 0 ) (0 -1024 0 ) (0 -1024 128 ) (0 -960 128 ) 
4 134 188 (0 -1024 128 ) (0 -1024 448 ) (0 -960 448 ) (0 -960 128 ) 
4 135 163 (0 0 0 ) (0 0 -64 ) (0 -288 -64 ) (0 -288 0 ) 
4 135 138 (64 -288 0 ) (0 -288 0 ) (0 -288 -64 ) (64 -288 -64 ) 
4 135 137 (544 -288 -64 ) (544 -288 0 ) (64 -288 0 ) (64 -288 -64 ) 
4 135 136 (544 -288 -64 ) (128 -288 -64 ) (128 0 -64 ) (544 0 -64 ) 
4 137 144 (128 -416 -4 ) (128 -416 -64 ) (320 -416 -64 ) (320 -416 -4 ) 
4 137 143 (320 -416 0 ) (128 -416 0 ) (128 -416 -4 ) (320 -416 -4 ) 
4 137 138 (64 -288 0 ) (64 -288 -64 ) (64 -416 -64 ) (64 -416 0 ) 
4 138 171 (0 -416 -160 ) (0 -416 -64 ) (0 -288 -64 ) (0 -288 -160 ) 
4 138 170 (0 -416 -64 ) (0 -416 0 ) (0 -288 0 ) (0 -288 -64 ) 
4 138 147 (0 -416 -64 ) (0 -416 -160 ) (64 -416 -160 ) (64 -416 -64 ) 
4 139 140 (416 -424 -80 ) (448 -424 -80 ) (448 -424 -64 ) (416 -424 -64 ) 
4 140 148 (448 -448 -80 ) (448 -448 -8 ) (384 -448 -8 ) (384 -448 -80 ) 
4 140 142 (384 -448 -80 ) (384 -448 -64 ) (384 -424 -64 ) (384 -424 -80 ) 
4 140 141 (384 -448 -64 ) (384 -448 -8 ) (384 -424 -8 ) (384 -424 -64 ) 
4 141 151 (384 -448 -64 ) (384 -448 -4 ) (320 -448 -4 ) (320 -448 -64 ) 
4 141 145 (320 -424 -64 ) (320 -448 -64 ) (320 -448 -4 ) (320 -424 -4 ) 
4 141 144 (320 -420 -64 ) (320 -424 -64 ) (320 -424 -4 ) (320 -420 -4 ) 
4 141 142 (320 -448 -64 ) (320 -420 -64 ) (384 -420 -64 ) (384 -448 -64 ) 
4 142 151 (384 -448 -80 ) (384 -448 -64 ) (320 -448 -64 ) (320 -448 -80 ) 
4 142 146 (320 -416 -64 ) (320 -416 -80 ) (320 -448 -80 ) (320 -448 -64 ) 
4 143 144 (128 -420.004028 -4 ) (128 -416 -4 ) (320 -416 -4 ) (320 -420 -4 ) 
4 144 146 (128 -424 -64 ) (128 -416 -64 ) (320 -416 -64 ) (320 -424 -64 ) 
4 144 145 (128 -424 -64 ) (320 -424 -64 ) (320 -424 -4 ) (128 -424 -4 ) 
4 145 153 (128 -448 -8 ) (128 -448 -64 ) (256 -448 -64 ) (256 -448 -8 ) 
4 145 152 (256 -448 -4 ) (128 -448 -4 ) (128 -448 -8 ) (256 -448 -8 ) 
4 145 151 (320 -448 -64 ) (320 -448 -4 ) (256 -448 -4 ) (256 -448 -64 ) 
4 145 146 (128 -448 -64 ) (128 -424 -64 ) (320 -424 -64 ) (320 -448 -64 ) 
4 146 153 (256 -448 -64 ) (128 -448 -64 ) (128 -448 -80 ) (256 -448 -80 ) 
4 146 151 (320 -448 -80 ) (320 -448 -64 ) (256 -448 -64 ) (256 -448 -80 ) 
4 147 176 (0 -448 -160 ) (0 -448 -64 ) (0 -416 -64 ) (0 -416 -160 ) 
4 148 159 (384 -576 -80 ) (384 -640 -80 ) (384 -640 -8 ) (384 -576 -8 ) 
4 148 161 (384 -640 -80 ) (384 -704 -80 ) (384 -704 -8 ) (384 -640 -8 ) 
4 148 154 (384 -512 -80 ) (384 -576 -80 ) (384 -576 -8 ) (384 -512 -8 ) 
4 148 151 (384 -448 -8 ) (384 -448 -80 ) (384 -512 -80 ) (384 -512 -8 ) 
4 149 152 (128 -512 -4 ) (128 -448 -4 ) (256 -448 -4 ) (256 -512 -4 ) 
4 149 150 (128 -512 0 ) (128 -512 -4 ) (256 -512 -4 ) (256 -512 0 ) 
4 150 157 (192 -576 -4 ) (320 -576 -4 ) (320 -576 0 ) (192 -576 0 ) 
4 150 155 (320 -576 -4 ) (128 -576 -4 ) (128 -512 -4 ) (320 -512 -4 ) 
4 151 156 (256 -512 -80 ) (320 -512 -80 ) (320 -512 -8 ) (256 -512 -8 ) 
4 151 155 (320 -512 -8 ) (320 -512 -4 ) (256 -512 -4 ) (256 -512 -8 ) 
4 151 154 (320 -512 -80 ) (384 -512 -80 ) (384 -512 -4 ) (320 -512 -4 ) 
4 151 153 (256 -448 -80 ) (256 -512 -80 ) (256 -512 -8 ) (256 -448 -8 ) 
4 151 152 (256 -512 -8 ) (256 -512 -4 ) (256 -448 -4 ) (256 -448 -8 ) 
4 152 155 (256 -512 -8 ) (256 -512 -4 ) (128 -512 -4 ) (128 -512 -8 ) 
4 152 153 (256 -448 -8 ) (256 -512 -8 ) (128 -512 -8 ) (128 -448 -8 ) 
4 153 156 (128 -512 -80 ) (256 -512 -80 ) (256 -512 -8 ) (128 -512 -8 ) 
4 154 159 (320 -576 -80 ) (384 -576 -80 ) (384 -576 -8 ) (320 -576 -8 ) 
4 154 158 (384 -576 -8 ) (384 -576 -4 ) (320 -576 -4 ) (320 -576 -8 ) 
4 154 156 (320 -512 -8 ) (320 -512 -80 ) (320 -576 -80 ) (320 -576 -8 ) 
4 154 155 (320 -512 -4 ) (320 -512 -8 ) (320 -576 -8 ) (320 -576 -4 ) 
4 155 158 (192 -576 -8 ) (320 -576 -8 ) (320 -576 -4 ) (192 -576 -4 ) 
4 155 160 (128 -576 -4 ) (128 -576 -8 ) (192 -576 -8 ) (192 -576 -4 ) 
4 155 156 (128 -512 -8 ) (320 -512 -8 ) (320 -576 -8 ) (128 -576 -8 ) 
4 156 159 (192 -576 -80 ) (320 -576 -80 ) (320 -576 -8 ) (192 -576 -8 ) 
4 156 160 (128 -576 -8 ) (128 -576 -80 ) (192 -576 -80 ) (192 -576 -8 ) 
4 157 158 (192 -576 -4 ) (384 -576 -4 ) (384 -640 -4 ) (192 -640 -4 ) 
4 158 160 (192 -640 -8 ) (192 -640 -4 ) (192 -576 -4 ) (192 -576 -8 ) 
4 158 161 (384 -640 -8 ) (384 -640 -4 ) (192 -640 -4 ) (192 -640 -8 ) 
4 158 159 (384 -640 -8 ) (192 -640 -8 ) (192 -576 -8 ) (384 -576 -8 ) 
4 159 160 (192 -640 -80 ) (192 -640 -8 ) (192 -576 -8 ) (192 -576 -80 ) 
4 159 161 (192 -640 -80 ) (384 -640 -80 ) (384 -640 -8 ) (192 -640 -8 ) 
4 160 161 (128 -640 -80 ) (192 -640 -80 ) (192 -640 -4 ) (128 -640 -4 ) 
4 162 169 (0 -288 0 ) (0 -288 448 ) (-128 -288 448 ) (-128 -288 0 ) 
4 162 167 (-128 -256 0 ) (-128 -288 0 ) (-128 -288 64 ) (-128 -256 64 ) 
4 162 166 (-128 -32 0 ) (-128 -224 0 ) (-128 -224 64 ) (-128 -32 64 ) 
4 162 165 (-128 -32 64 ) (-128 -224 64 ) (-128 -224 192 ) (-128 -32 192 ) 
4 162 164 (-128 -160 192 ) (-128 -224 192 ) (-128 -224 320 ) (-128 -160 320 ) 
4 162 163 (0 -288 0 ) (-128 -288 0 ) (-128 0 0 ) (0 0 0 ) 
4 163 170 (0 -288 -64 ) (0 -288 0 ) (-128 -288 0 ) (-128 -288 -64 ) 
4 163 167 (-128 -256 -64 ) (-128 -288 -64 ) (-128 -288 0 ) (-128 -256 0 ) 
4 163 166 (-128 -32 -64 ) (-128 -224 -64 ) (-128 -224 0 ) (-128 -32 0 ) 
4 164 165 (-128 -224 192 ) (-134 -224 192 ) (-132 -160 192 ) (-128 -160 192 ) 
4 165 191 (-160 -224 64 ) (-160 -224 192 ) (-160 -32 192 ) (-160 -32 64 ) 
4 165 166 (-128 -224 64 ) (-160 -224 64 ) (-160 -32 64 ) (-128 -32 64 ) 
4 166 192 (-160 -224 -64 ) (-160 -224 64 ) (-160 -32 64 ) (-160 -32 -64 ) 
4 168 177 (-128 -288 736 ) (-128 -288 448 ) (-128 -416 448 ) (-128 -416 736 ) 
4 168 169 (0 -416 448 ) (-128 -416 448 ) (-128 -288 448 ) (0 -288 448 ) 
4 169 178 (-128 -288 448 ) (-128 -288 192 ) (-128 -416 192 ) (-128 -416 448 ) 
4 169 172 (-128 -416 448 ) (-128 -416 128 ) (0 -416 128 ) (0 -416 448 ) 
4 169 175 (-128 -416 128 ) (-128 -416 0 ) (0 -416 0 ) (0 -416 128 ) 
4 169 170 (0 -416 0 ) (-128 -416 0 ) (-128 -288 0 ) (0 -288 0 ) 
4 170 171 (0 -416 -64 ) (-64 -416 -64 ) (-64 -288 -64 ) (0 -288 -64 ) 
4 171 176 (-64 -416 -160 ) (0 -416 -160 ) (0 -416 -64 ) (-64 -416 -64 ) 
4 172 175 (-128 -426 128 ) (-128 -416 128 ) (0 -416 128 ) (0 -426 128 ) 
4 172 173 (-128 -426 128 ) (0 -426 128 ) (0 -426 448 ) (-128 -426 448 ) 
4 173 174 (-128 -438 128 ) (0 -438 128 ) (0 -438 448 ) (-128 -438 448 ) 
4 173 175 (-128 -438 128 ) (-128 -426 128 ) (0 -426 128 ) (0 -438 128 ) 
4 174 185 (0 -448 128 ) (0 -448 256 ) (-128 -448 256 ) (-128 -448 128 ) 
4 174 183 (0 -448 256 ) (0 -448 384 ) (-128 -448 384 ) (-128 -448 256 ) 
4 174 182 (0 -448 384 ) (0 -448 448 ) (-128 -448 448 ) (-128 -448 384 ) 
4 174 175 (0 -448 128 ) (-128 -448 128 ) (-128 -438 128 ) (0 -438 128 ) 
4 175 189 (0 -448 0 ) (0 -448 128 ) (-128 -448 128 ) (-128 -448 0 ) 
4 175 179 (-128 -448 0 ) (-128 -448 128 ) (-128 -416 128 ) (-128 -416 0 ) 
4 177 178 (-128 -416 448 ) (-160 -416 448 ) (-160 -288 448 ) (-128 -288 448 ) 
4 180 181 (-128 -960 480 ) (-128 -704 480 ) (0 -704 480 ) (0 -960 480 ) 
4 181 182 (0 -704 448 ) (0 -960 448 ) (-128 -960 448 ) (-128 -704 448 ) 
4 182 188 (0 -960 384 ) (0 -960 448 ) (-128 -960 448 ) (-128 -960 384 ) 
4 182 183 (0 -960 384 ) (-128 -960 384 ) (-128 -448 384 ) (0 -448 384 ) 
4 183 188 (0 -960 256 ) (0 -960 384 ) (-128 -960 384 ) (-128 -960 256 ) 
4 183 187 (0 -960 256 ) (-128 -960 256 ) (-128 -832 256 ) (0 -832 256 ) 
4 183 186 (-128 -832 256 ) (-128 -576 256 ) (0 -576 256 ) (0 -832 256 ) 
4 183 185 (-128 -576 256 ) (-128 -448 256 ) (0 -448 256 ) (0 -576 256 ) 
4 183 184 (-128 -576 256 ) (-128 -832 256 ) (-128 -832 384 ) (-128 -576 384 ) 
4 184 196 (-160 -576 256 ) (-160 -832 256 ) (-160 -832 384 ) (-160 -576 384 ) 
4 185 189 (-128 -448 128 ) (0 -448 128 ) (0 -576 128 ) (-128 -576 128 ) 
4 185 186 (-128 -576 128 ) (0 -576 128 ) (0 -576 256 ) (-128 -576 256 ) 
4 186 189 (-128 -576 128 ) (0 -576 128 ) (0 -832 128 ) (-128 -832 128 ) 
4 186 187 (-128 -832 128 ) (0 -832 128 ) (0 -832 256 ) (-128 -832 256 ) 
4 187 189 (-128 -832 128 ) (0 -832 128 ) (0 -960 128 ) (-128 -960 128 ) 
4 187 188 (-128 -960 128 ) (0 -960 128 ) (0 -960 256 ) (-128 -960 256 ) 
4 188 203 (0 -1024 256 ) (0 -1024 384 ) (-128 -1024 384 ) (-128 -1024 256 ) 
4 188 189 (0 -1024 128 ) (-128 -1024 128 ) (-128 -960 128 ) (0 -960 128 ) 
4 189 204 (0 -1024 0 ) (0 -1024 128 ) (-64 -1024 128 ) (-64 -1024 0 ) 
4 190 192 (-255 -32 64 ) (-255 -32 -55 ) (-161 -32 -55 ) (-161 -32 64 ) 
4 190 191 (-161 -32 135 ) (-255 -32 135 ) (-255 -32 64 ) (-161 -32 64 ) 
4 191 192 (-160 -224 64 ) (-256 -224 64 ) (-256 -32 64 ) (-160 -32 64 ) 
4 192 193 (-337 -32 -64 ) (-337 -224 -64 ) (-337 -224 64 ) (-337 -32 64 ) 
4 193 194 (-338 -32 -64 ) (-338 -224 -64 ) (-338 -224 64 ) (-338 -32 64 ) 
4 194 195 (-352 -64 -64 ) (-352 -192 -64 ) (-352 -192 64 ) (-352 -64 64 ) 
4 195 198 (-416 -192 64 ) (-416 -64 64 ) (-416 -64 -64 ) (-416 -192 -64 ) 
4 197 198 (-480 -192 128 ) (-480 -64 128 ) (-416 -64 128 ) (-416 -192 128 ) 
4 198 199 (-480 -192 64 ) (-480 -64 64 ) (-480 -64 -64 ) (-480 -192 -64 ) 
4 199 200 (-672 -64 -192 ) (-672 -192 -192 ) (-672 -192 64 ) (-672 -64 64 ) 
4 200 214 (-1024 -640 -960 ) (-1024 -640 704 ) (-1024 0 704 ) (-1024 0 -960 ) 
4 201 203 (0 -1024 384 ) (0 -1024 256 ) (0 -1056 256 ) (0 -1056 384 ) 
4 202 204 (0 -1024 128 ) (0 -1024 0 ) (0 -1040 0 ) (0 -1040 128 ) 
4 206 210 (-5120 2512 198.313019 ) (-5120 2544 198.313019 ) (-5120 2544 70.313004 ) (-5120 2512 70.313004 ) 
4 207 211 (-5120 2304 198.313019 ) (-5120 2432 198.313019 ) (-5120 2432 70.313004 ) (-5120 2304 70.313004 ) 
4 208 212 (-5120 1664 1152 ) (-5120 1920 1152 ) (-5120 1920 1024 ) (-5120 1664 1024 ) 
4 213 214 (-1024 0 -960 ) (-1024 0 704 ) (-1504 0 704 ) (-1504 0 -960 ) 
