PRT1
235
642
4 0 41 (0 1024 -960 ) (0 1024 704 ) (0 1120 704 ) (0 1120 -960 ) 
4 0 36 (0 1120 704 ) (0 1376 704 ) (0 1376 -960 ) (0 1120 -960 ) 
4 0 30 (0 1376 704 ) (0 1760 704 ) (0 1760 -960 ) (0 1376 -960 ) 
4 0 23 (64 1024 -960 ) (64 1024 64 ) (0 1024 64 ) (0 1024 -960 ) 
4 0 20 (64 1024 64 ) (64 1024 640 ) (0 1024 640 ) (0 1024 64 ) 
4 0 19 (64 1024 640 ) (64 1024 704 ) (0 1024 704 ) (0 1024 640 ) 
4 2 26 (1104 0 128 ) (1104 0 56 ) (1184 0 56 ) (1184 0 128 ) 
4 2 6 (1184 0 56 ) (1104 0 56 ) (1104 128 56 ) (1184 128 56 ) 
4 2 5 (1104 128 56 ) (1104 0 56 ) (1104 0 128 ) (1104 128 128 ) 
4 3 14 (1024 688 56 ) (1024 656 56 ) (1024 656 64 ) (1024 688 64 ) 
4 3 7 (1024 656 64 ) (1024 656 184 ) (1024 688 184 ) (1024 688 64 ) 
4 4 15 (1024 576 56 ) (1024 448 56 ) (1024 448 64 ) (1024 576 64 ) 
4 4 8 (1024 448 64 ) (1024 448 184 ) (1024 576 184 ) (1024 576 64 ) 
4 5 26 (1024 0 128 ) (1024 0 56 ) (1104 0 56 ) (1104 0 128 ) 
4 5 17 (1024 128 56 ) (1024 0 56 ) (1024 0 64 ) (1024 128 64 ) 
4 5 11 (1024 0 64 ) (1024 0 128 ) (1024 128 128 ) (1024 128 64 ) 
4 5 6 (1104 0 56 ) (1024 0 56 ) (1024 128 56 ) (1104 128 56 ) 
4 6 26 (1184 0 0 ) (1184 0 56 ) (1024 0 56 ) (1024 0 0 ) 
4 6 17 (1024 0 0 ) (1024 0 56 ) (1024 128 56 ) (1024 128 0 ) 
4 7 14 (1024 688 64 ) (1024 656 64 ) (976 656 64 ) (976 688 64 ) 
4 8 15 (1024 576 64 ) (1024 448 64 ) (976 448 64 ) (976 576 64 ) 
4 9 21 (64 224 192 ) (64 352 192 ) (64 352 64 ) (64 224 64 ) 
4 10 21 (64 128 192 ) (64 224 192 ) (64 224 64 ) (64 128 64 ) 
4 10 12 (64 128 64 ) (192 128 64 ) (192 128 192 ) (64 128 192 ) 
4 11 28 (1024 0 64 ) (1024 0 128 ) (768 0 128 ) (768 0 64 ) 
4 11 17 (768 128 64 ) (1024 128 64 ) (1024 0 64 ) (768 0 64 ) 
4 12 21 (64 96 192 ) (64 128 192 ) (64 128 64 ) (64 96 64 ) 
4 13 21 (64 32 192 ) (64 96 192 ) (64 96 64 ) (64 32 64 ) 
4 16 24 (64 128 64 ) (64 224 64 ) (64 224 -64 ) (64 128 -64 ) 
3 16 18 (64 128 -64 ) (72 128 -64 ) (64 128 64 ) 
4 17 28 (1024 0 0 ) (1024 0 64 ) (768 0 64 ) (768 0 0 ) 
4 18 24 (64 32 64 ) (64 128 64 ) (64 128 -64 ) (64 32 -64 ) 
4 19 47 (0 1024 704 ) (0 1024 640 ) (0 928 640 ) (0 928 704 ) 
4 19 20 (0 1024 640 ) (64 1024 640 ) (64 928 640 ) (0 928 640 ) 
4 20 51 (0 1024 192 ) (0 1024 64 ) (0 928 64 ) (0 928 192 ) 
4 20 48 (0 928 640 ) (0 1024 640 ) (0 1024 192 ) (0 928 192 ) 
4 20 23 (0 928 64 ) (0 1024 64 ) (64 1024 64 ) (64 928 64 ) 
4 21 60 (0 416 192 ) (0 416 64 ) (0 32 64 ) (0 32 192 ) 
4 21 50 (0 32 640 ) (0 416 640 ) (0 416 192 ) (0 32 192 ) 
4 21 24 (0 32 64 ) (0 416 64 ) (64 416 64 ) (64 32 64 ) 
4 21 22 (0 32 64 ) (64 32 64 ) (64 32 192 ) (0 32 192 ) 
4 22 81 (0 2 192 ) (0 3 192 ) (0 3 64 ) (0 2 64 ) 
4 22 80 (0 3 192 ) (0 4 192 ) (0 4 64 ) (0 3 64 ) 
4 22 82 (0 0 64 ) (0 0 192 ) (0 2 192 ) (0 2 64 ) 
4 22 77 (0 4 192 ) (0 8 192 ) (0 8 64 ) (0 4 64 ) 
4 22 60 (0 8 192 ) (0 32 192 ) (0 32 64 ) (0 8 64 ) 
4 22 24 (0 0 64 ) (0 32 64 ) (64 32 64 ) (64 0 64 ) 
4 23 84 (0 928 -960 ) (0 928 64 ) (0 1024 64 ) (0 1024 -960 ) 
4 24 128 (0 2 64 ) (0 3 64 ) (0 3 -60 ) (0 2 -60 ) 
4 24 127 (0 3 64 ) (0 8 64 ) (0 8 -60 ) (0 3 -60 ) 
4 24 129 (0 0 -60 ) (0 0 64 ) (0 2 64 ) (0 2 -60 ) 
4 24 130 (0 0 -64 ) (0 0 -60 ) (0 8 -60 ) (0 8 -64 ) 
4 24 107 (0 8 64 ) (0 416 64 ) (0 416 -64 ) (0 8 -64 ) 
4 24 25 (0 0 -64 ) (0 416 -64 ) (64 416 -64 ) (64 0 -64 ) 
4 25 139 (0 0 -80 ) (0 0 -64 ) (0 416 -64 ) (0 416 -80 ) 
4 26 28 (1024 0 128 ) (1024 0 0 ) (1024 -128 0 ) (1024 -128 128 ) 
4 27 29 (1024 -256 0 ) (1024 -512 0 ) (1024 -512 128 ) (1024 -256 128 ) 
4 30 36 (0 1376 -960 ) (0 1376 704 ) (-176 1376 704 ) (-176 1376 -960 ) 
4 30 32 (-176 1376 -368 ) (-176 1376 704 ) (-176 1392 704 ) (-176 1392 -368 ) 
4 30 31 (-176 1760 704 ) (-176 1760 -960 ) (-176 1392 -960 ) (-176 1392 704 ) 
4 31 33 (-192 1760 704 ) (-192 1760 -960 ) (-192 1392 -960 ) (-192 1392 704 ) 
4 31 32 (-192 1392 704 ) (-192 1392 -368 ) (-176 1392 -368 ) (-176 1392 704 ) 
4 32 37 (-176 1376 -368 ) (-176 1376 704 ) (-192 1376 704 ) (-192 1376 -368 ) 
4 32 34 (-192 1376 -368 ) (-192 1376 704 ) (-192 1392 704 ) (-192 1392 -368 ) 
4 33 35 (-464 1392 704 ) (-576 1392 704 ) (-576 1392 -960 ) (-464 1392 -960 ) 
4 33 34 (-192 1392 -368 ) (-192 1392 704 ) (-464 1392 704 ) (-464 1392 -368 ) 
4 34 39 (-448 1376 704 ) (-464 1376 704 ) (-464 1376 -368 ) (-448 1376 -368 ) 
4 34 38 (-192 1376 -368 ) (-192 1376 704 ) (-448 1376 704 ) (-448 1376 -368 ) 
4 34 35 (-464 1392 704 ) (-464 1392 -368 ) (-464 1376 -368 ) (-464 1376 704 ) 
4 35 40 (-464 1376 -960 ) (-464 1376 704 ) (-576 1376 704 ) (-576 1376 -960 ) 
4 36 41 (0 1120 -960 ) (0 1120 704 ) (-176 1120 704 ) (-176 1120 -960 ) 
4 36 37 (-176 1376 704 ) (-176 1376 -368 ) (-176 1120 -368 ) (-176 1120 704 ) 
4 37 42 (-176 1120 -368 ) (-176 1120 704 ) (-192 1120 704 ) (-192 1120 -368 ) 
4 37 38 (-192 1376 704 ) (-192 1376 -368 ) (-192 1120 -368 ) (-192 1120 704 ) 
4 38 44 (-192 1120 -368 ) (-192 1120 704 ) (-448 1120 704 ) (-448 1120 -368 ) 
4 38 39 (-448 1376 704 ) (-448 1376 -368 ) (-448 1120 -368 ) (-448 1120 704 ) 
4 39 44 (-448 1120 -368 ) (-448 1120 704 ) (-464 1120 704 ) (-464 1120 -368 ) 
4 39 40 (-464 1376 704 ) (-464 1376 -368 ) (-464 1120 -368 ) (-464 1120 704 ) 
4 40 45 (-464 1120 -960 ) (-464 1120 704 ) (-576 1120 704 ) (-576 1120 -960 ) 
4 41 84 (0 1024 -960 ) (0 1024 64 ) (-176 1024 64 ) (-176 1024 -960 ) 
4 41 51 (0 1024 64 ) (0 1024 192 ) (-176 1024 192 ) (-176 1024 64 ) 
4 41 48 (0 1024 192 ) (0 1024 640 ) (-176 1024 640 ) (-176 1024 192 ) 
4 41 47 (0 1024 640 ) (0 1024 704 ) (-176 1024 704 ) (-176 1024 640 ) 
4 41 43 (-176 1104 -960 ) (-176 1024 -960 ) (-176 1024 704 ) (-176 1104 704 ) 
4 41 42 (-176 1120 704 ) (-176 1120 -368 ) (-176 1104 -368 ) (-176 1104 704 ) 
4 42 44 (-192 1120 704 ) (-192 1120 -368 ) (-192 1104 -368 ) (-192 1104 704 ) 
4 42 43 (-192 1104 704 ) (-192 1104 -368 ) (-176 1104 -368 ) (-176 1104 704 ) 
4 43 84 (-176 1024 -960 ) (-176 1024 64 ) (-192 1024 64 ) (-192 1024 -960 ) 
4 43 51 (-176 1024 64 ) (-176 1024 192 ) (-192 1024 192 ) (-192 1024 64 ) 
4 43 48 (-176 1024 192 ) (-176 1024 640 ) (-192 1024 640 ) (-192 1024 192 ) 
4 43 47 (-176 1024 640 ) (-176 1024 704 ) (-192 1024 704 ) (-192 1024 640 ) 
4 43 46 (-192 1024 -960 ) (-192 1024 704 ) (-192 1104 704 ) (-192 1104 -960 ) 
4 44 46 (-192 1104 -368 ) (-192 1104 704 ) (-464 1104 704 ) (-464 1104 -368 ) 
4 44 45 (-464 1120 704 ) (-464 1120 -368 ) (-464 1104 -368 ) (-464 1104 704 ) 
4 45 46 (-464 1104 -960 ) (-464 1104 704 ) (-576 1104 704 ) (-576 1104 -960 ) 
4 46 84 (-192 1024 -960 ) (-192 1024 64 ) (-576 1024 64 ) (-576 1024 -960 ) 
4 46 51 (-192 1024 64 ) (-192 1024 192 ) (-576 1024 192 ) (-576 1024 64 ) 
4 46 48 (-192 1024 192 ) (-192 1024 640 ) (-576 1024 640 ) (-576 1024 192 ) 
4 46 47 (-192 1024 640 ) (-192 1024 704 ) (-576 1024 704 ) (-576 1024 640 ) 
4 47 48 (-576 928 640 ) (-576 1024 640 ) (0 1024 640 ) (0 928 640 ) 
4 48 51 (-576 1024 192 ) (0 1024 192 ) (0 928 192 ) (-576 928 192 ) 
4 49 59 (-512 448 192 ) (-128 448 192 ) (-128 416 192 ) (-512 416 192 ) 
4 49 50 (-512 416 192 ) (-128 416 192 ) (-128 416 640 ) (-512 416 640 ) 
4 50 72 (-384 412 192 ) (-384 32 192 ) (-704 32 192 ) (-704 412 192 ) 
4 50 71 (-704 416 192 ) (-384 416 192 ) (-384 412 192 ) (-704 412 192 ) 
4 50 68 (-384 416 192 ) (-256 416 192 ) (-256 96 192 ) (-384 96 192 ) 
4 50 62 (-124 412 192 ) (-124 32 192 ) (-128 32 192 ) (-128 412 192 ) 
4 50 61 (-128 416 192 ) (-124 416 192 ) (-124 412 192 ) (-128 412 192 ) 
4 50 60 (-124 416 192 ) (0 416 192 ) (0 32 192 ) (-124 32 192 ) 
4 50 67 (-256 416 192 ) (-128 416 192 ) (-128 32 192 ) (-256 32 192 ) 
4 51 84 (-576 1024 64 ) (0 1024 64 ) (0 928 64 ) (-576 928 64 ) 
4 52 86 (-256 736 64 ) (-224 736 64 ) (-224 672 64 ) (-256 672 64 ) 
4 52 54 (-256 736 126 ) (-256 736 64 ) (-256 672 64 ) (-256 672 126 ) 
4 52 53 (-256 736 128 ) (-256 736 126 ) (-256 672 126 ) (-256 672 128 ) 
4 53 55 (-384 736 128 ) (-384 736 126 ) (-384 672 126 ) (-384 672 128 ) 
4 53 54 (-384 672 126 ) (-384 736 126 ) (-256 736 126 ) (-256 672 126 ) 
4 54 88 (-384 736 64 ) (-256 736 64 ) (-256 672 64 ) (-384 672 64 ) 
4 54 55 (-384 736 126 ) (-384 736 64 ) (-384 672 64 ) (-384 672 126 ) 
4 55 91 (-416 736 64 ) (-384 736 64 ) (-384 672 64 ) (-416 672 64 ) 
4 56 57 (-320 456 96 ) (-320 456 80 ) (-224 456 80 ) (-224 456 96 ) 
4 57 58 (-288 452 80 ) (-224 452 80 ) (-224 452 96 ) (-288 452 96 ) 
4 58 97 (-224 448 64 ) (-288 448 64 ) (-288 452 64 ) (-224 452 64 ) 
4 58 59 (-288 448 64 ) (-224 448 64 ) (-224 448 96 ) (-288 448 96 ) 
4 59 106 (-512 448 64 ) (-432 448 64 ) (-432 416 64 ) (-512 416 64 ) 
4 59 105 (-432 448 64 ) (-368 448 64 ) (-368 416 64 ) (-432 416 64 ) 
4 59 104 (-368 448 64 ) (-128 448 64 ) (-128 416 64 ) (-368 416 64 ) 
4 59 71 (-512 416 64 ) (-384 416 64 ) (-384 416 192 ) (-512 416 192 ) 
4 59 68 (-384 416 64 ) (-256 416 64 ) (-256 416 192 ) (-384 416 192 ) 
4 59 67 (-256 416 64 ) (-128 416 64 ) (-128 416 192 ) (-256 416 192 ) 
4 60 107 (-124 416 64 ) (0 416 64 ) (0 8 64 ) (-124 8 64 ) 
4 60 77 (-124 8 64 ) (0 8 64 ) (0 8 192 ) (-124 8 192 ) 
4 60 63 (-124 8 65 ) (-124 8 188 ) (-124 412 188 ) (-124 412 65 ) 
4 60 62 (-124 8 188 ) (-124 8 192 ) (-124 412 192 ) (-124 412 188 ) 
4 60 66 (-124 412 64 ) (-124 8 64 ) (-124 8 65 ) (-124 412 65 ) 
4 60 61 (-124 416 192 ) (-124 416 64 ) (-124 412 64 ) (-124 412 192 ) 
4 61 108 (-128 416 64 ) (-124 416 64 ) (-124 412 64 ) (-128 412 64 ) 
4 61 64 (-126 412 65 ) (-125 412 65 ) (-125 412 188 ) (-126 412 188 ) 
4 61 63 (-125 412 65 ) (-124 412 65 ) (-124 412 188 ) (-125 412 188 ) 
4 61 65 (-128 412 188 ) (-128 412 65 ) (-126 412 65 ) (-126 412 188 ) 
4 61 62 (-128 412 192 ) (-128 412 188 ) (-124 412 188 ) (-124 412 192 ) 
4 61 66 (-128 412 65 ) (-128 412 64 ) (-124 412 64 ) (-124 412 65 ) 
4 61 67 (-128 416 192 ) (-128 416 64 ) (-128 412 64 ) (-128 412 192 ) 
4 62 64 (-126 412 188 ) (-125 412 188 ) (-125 8 188 ) (-126 8 188 ) 
4 62 63 (-125 412 188 ) (-124 412 188 ) (-124 8 188 ) (-125 8 188 ) 
4 62 65 (-128 8 188 ) (-128 412 188 ) (-126 412 188 ) (-126 8 188 ) 
4 62 67 (-128 8 188 ) (-128 8 192 ) (-128 412 192 ) (-128 412 188 ) 
4 63 66 (-125 412 65 ) (-124 412 65 ) (-124 8 65 ) (-125 8 65 ) 
4 63 64 (-125 412 65 ) (-125 8 65 ) (-125 8 188 ) (-125 412 188 ) 
4 64 65 (-126 412 65 ) (-126 8 65 ) (-126 8 188 ) (-126 412 188 ) 
4 64 66 (-126 412 65 ) (-125 412 65 ) (-125 8 65 ) (-126 8 65 ) 
4 65 67 (-128 8 65 ) (-128 8 188 ) (-128 412 188 ) (-128 412 65 ) 
4 65 66 (-128 8 65 ) (-128 412 65 ) (-126 412 65 ) (-126 8 65 ) 
4 66 110 (-125 8 64 ) (-126 8 64 ) (-126 412 64 ) (-125 412 64 ) 
4 66 109 (-124 412 64 ) (-124 8 64 ) (-125 8 64 ) (-125 412 64 ) 
4 66 111 (-126 8 64 ) (-128 8 64 ) (-128 412 64 ) (-126 412 64 ) 
4 66 67 (-128 412 64 ) (-128 8 64 ) (-128 8 65 ) (-128 412 65 ) 
4 67 114 (-128 412 64 ) (-128 8 64 ) (-256 8 64 ) (-256 412 64 ) 
4 67 113 (-256 416 64 ) (-128 416 64 ) (-128 412 64 ) (-256 412 64 ) 
4 67 78 (-256 8 64 ) (-128 8 64 ) (-128 8 192 ) (-256 8 192 ) 
4 67 69 (-256 96 64 ) (-256 32 64 ) (-256 32 191 ) (-256 96 191 ) 
4 67 68 (-256 416 192 ) (-256 416 64 ) (-256 96 64 ) (-256 96 192 ) 
4 67 70 (-256 32 64 ) (-256 8 64 ) (-256 8 192 ) (-256 32 192 ) 
4 68 114 (-256 412 64 ) (-256 96 64 ) (-384 96 64 ) (-384 412 64 ) 
4 68 113 (-384 416 64 ) (-256 416 64 ) (-256 412 64 ) (-384 412 64 ) 
4 68 73 (-384 96 65 ) (-384 96 188 ) (-384 412 188 ) (-384 412 65 ) 
4 68 72 (-384 96 188 ) (-384 96 192 ) (-384 412 192 ) (-384 412 188 ) 
4 68 76 (-384 412 64 ) (-384 96 64 ) (-384 96 65 ) (-384 412 65 ) 
4 68 71 (-384 416 192 ) (-384 416 64 ) (-384 412 64 ) (-384 412 192 ) 
4 68 69 (-384 96 191 ) (-384 96 64 ) (-256 96 64 ) (-256 96 191 ) 
4 69 114 (-256 96 64 ) (-256 32 64 ) (-384 32 64 ) (-384 96 64 ) 
4 69 73 (-384 32 65 ) (-384 32 188 ) (-384 96 188 ) (-384 96 65 ) 
4 69 72 (-384 32 188 ) (-384 32 191 ) (-384 96 191 ) (-384 96 188 ) 
4 69 76 (-384 96 64 ) (-384 32 64 ) (-384 32 65 ) (-384 96 65 ) 
4 69 70 (-384 32 191 ) (-384 32 64 ) (-256 32 64 ) (-256 32 191 ) 
4 70 114 (-256 32 64 ) (-256 8 64 ) (-384 8 64 ) (-384 32 64 ) 
4 70 78 (-384 8 64 ) (-256 8 64 ) (-256 8 192 ) (-384 8 192 ) 
4 70 73 (-384 8 65 ) (-384 8 188 ) (-384 32 188 ) (-384 32 65 ) 
4 70 72 (-384 8 188 ) (-384 8 192 ) (-384 32 192 ) (-384 32 188 ) 
4 70 76 (-384 32 64 ) (-384 8 64 ) (-384 8 65 ) (-384 32 65 ) 
4 71 113 (-704 412 64 ) (-704 416 64 ) (-384 416 64 ) (-384 412 64 ) 
4 71 74 (-515 412 65 ) (-514 412 65 ) (-514 412 188 ) (-515 412 188 ) 
4 71 73 (-514 412 65 ) (-384 412 65 ) (-384 412 188 ) (-514 412 188 ) 
4 71 75 (-704 412 188 ) (-704 412 65 ) (-515 412 65 ) (-515 412 188 ) 
4 71 72 (-704 412 192 ) (-704 412 188 ) (-384 412 188 ) (-384 412 192 ) 
4 71 76 (-704 412 65 ) (-704 412 64 ) (-384 412 64 ) (-384 412 65 ) 
4 72 78 (-512 8 188 ) (-384 8 188 ) (-384 8 192 ) (-512 8 192 ) 
4 72 79 (-704 8 192 ) (-704 8 188 ) (-516 8 188 ) (-516 8 192 ) 
4 72 74 (-515 412 188 ) (-514 412 188 ) (-514 8 188 ) (-515 8 188 ) 
4 72 73 (-514 412 188 ) (-384 412 188 ) (-384 8 188 ) (-514 8 188 ) 
4 72 75 (-704 412 188 ) (-515 412 188 ) (-515 8 188 ) (-704 8 188 ) 
4 73 78 (-512 8 65 ) (-384 8 65 ) (-384 8 188 ) (-512 8 188 ) 
4 73 76 (-514 412 65 ) (-384 412 65 ) (-384 8 65 ) (-514 8 65 ) 
4 73 74 (-514 412 65 ) (-514 8 65 ) (-514 8 188 ) (-514 412 188 ) 
4 74 75 (-515 412 65 ) (-515 8 65 ) (-515 8 188 ) (-515 412 188 ) 
4 74 76 (-515 412 65 ) (-514 412 65 ) (-514 8 65 ) (-515 8 65 ) 
4 75 79 (-704 8 188 ) (-704 8 65 ) (-516 8 65 ) (-516 8 188 ) 
4 75 76 (-704 412 65 ) (-515 412 65 ) (-515 8 65 ) (-704 8 65 ) 
4 76 115 (-515 412 64 ) (-514 412 64 ) (-514 8 64 ) (-515 8 64 ) 
4 76 114 (-514 412 64 ) (-384 412 64 ) (-384 8 64 ) (-514 8 64 ) 
4 76 116 (-704 8 64 ) (-704 412 64 ) (-515 412 64 ) (-515 8 64 ) 
4 76 78 (-512 8 64 ) (-384 8 64 ) (-384 8 65 ) (-512 8 65 ) 
4 76 79 (-704 8 65 ) (-704 8 64 ) (-516 8 64 ) (-516 8 65 ) 
4 77 127 (-124 8 64 ) (0 8 64 ) (0 4 64 ) (-124 4 64 ) 
4 77 80 (-124 4 64 ) (0 4 64 ) (0 4 192 ) (-124 4 192 ) 
4 78 132 (-512 8 64 ) (-128 8 64 ) (-128 4 64 ) (-512 4 64 ) 
4 78 83 (-512 4 64 ) (-128 4 64 ) (-128 4 192 ) (-512 4 192 ) 
4 79 135 (-704 4 64 ) (-704 8 64 ) (-516 8 64 ) (-516 4 64 ) 
4 79 83 (-704 4 192 ) (-704 4 64 ) (-516 4 64 ) (-516 4 192 ) 
4 80 127 (-124 3 64 ) (-124 4 64 ) (0 4 64 ) (0 3 64 ) 
4 80 83 (-124 4 192 ) (-124 4 64 ) (-124 3 64 ) (-124 3 192 ) 
4 80 81 (-124 3 192 ) (-124 3 64 ) (0 3 64 ) (0 3 192 ) 
4 81 128 (-124 2 64 ) (-124 3 64 ) (0 3 64 ) (0 2 64 ) 
4 81 82 (-124 2 192 ) (-124 2 64 ) (0 2 64 ) (0 2 192 ) 
4 81 83 (-124 3 64 ) (-124 2 64 ) (-124 2 192 ) (-124 3 192 ) 
4 82 158 (0 0 64 ) (0 0 192 ) (-124 0 192 ) (-124 0 64 ) 
4 82 129 (0 0 64 ) (-124 0 64 ) (-124 2 64 ) (0 2 64 ) 
4 82 83 (-124 2 64 ) (-124 0 64 ) (-124 0 192 ) (-124 2 192 ) 
4 83 158 (-124 0 192 ) (-640 0 192 ) (-640 0 64 ) (-124 0 64 ) 
4 83 137 (-516 0 64 ) (-704 0 64 ) (-704 4 64 ) (-516 4 64 ) 
4 83 133 (-512 0 64 ) (-516 0 64 ) (-516 4 64 ) (-512 4 64 ) 
4 83 131 (-124 0 64 ) (-128 0 64 ) (-128 4 64 ) (-124 4 64 ) 
4 83 132 (-128 0 64 ) (-512 0 64 ) (-512 4 64 ) (-128 4 64 ) 
4 84 85 (-256 928 64 ) (-384 928 64 ) (-384 928 -192 ) (-256 928 -192 ) 
4 85 88 (-256 736 64 ) (-384 736 64 ) (-384 736 -64 ) (-256 736 -64 ) 
4 86 88 (-256 736 64 ) (-256 736 -64 ) (-256 672 -64 ) (-256 672 64 ) 
4 87 88 (-256 664 -64 ) (-256 648 -64 ) (-256 648 64 ) (-256 664 64 ) 
4 88 92 (-384 664 -64 ) (-384 648 -64 ) (-384 648 64 ) (-384 664 64 ) 
4 88 91 (-384 736 64 ) (-384 736 -64 ) (-384 672 -64 ) (-384 672 64 ) 
4 88 89 (-384 591 64 ) (-384 591 -64 ) (-256 591 -64 ) (-256 591 64 ) 
4 89 90 (-384 590 64 ) (-384 590 -64 ) (-256 590 -64 ) (-256 590 64 ) 
4 90 94 (-384 576 -64 ) (-256 576 -64 ) (-256 576 64 ) (-384 576 64 ) 
4 93 104 (-160 448 64 ) (-192 448 64 ) (-192 448 32 ) (-160 448 32 ) 
4 94 103 (-448 456 -64 ) (-448 576 -64 ) (-192 576 -64 ) (-192 456 -64 ) 
4 94 95 (-448 456 64 ) (-448 456 -64 ) (-192 456 -64 ) (-192 456 64 ) 
4 95 103 (-448 452 -64 ) (-448 456 -64 ) (-192 456 -64 ) (-192 452 -64 ) 
4 95 98 (-196 452 -60 ) (-196 452 60 ) (-444 452 60 ) (-444 452 -60 ) 
4 95 97 (-196 452 60 ) (-196 452 64 ) (-444 452 64 ) (-444 452 60 ) 
4 95 101 (-444 452 -64 ) (-196 452 -64 ) (-196 452 -60 ) (-444 452 -60 ) 
4 95 96 (-196 452 -64 ) (-192 452 -64 ) (-192 452 64 ) (-196 452 64 ) 
4 95 102 (-448 452 64 ) (-448 452 -64 ) (-444 452 -64 ) (-444 452 64 ) 
4 96 104 (-192 448 64 ) (-196 448 64 ) (-196 448 -64 ) (-192 448 -64 ) 
4 96 103 (-192 448 -64 ) (-196 448 -64 ) (-196 452 -64 ) (-192 452 -64 ) 
4 96 99 (-196 451 -60 ) (-196 450 -60 ) (-196 450 60 ) (-196 451 60 ) 
4 96 98 (-196 452 60 ) (-196 452 -60 ) (-196 451 -60 ) (-196 451 60 ) 
4 96 100 (-196 450 -60 ) (-196 448 -60 ) (-196 448 60 ) (-196 450 60 ) 
4 96 97 (-196 452 64 ) (-196 452 60 ) (-196 448 60 ) (-196 448 64 ) 
4 96 101 (-196 452 -60 ) (-196 452 -64 ) (-196 448 -64 ) (-196 448 -60 ) 
4 97 106 (-432 448 64 ) (-444 448 64 ) (-444 448 60 ) (-432 448 60 ) 
4 97 105 (-368 448 64 ) (-432 448 64 ) (-432 448 60 ) (-368 448 60 ) 
4 97 104 (-196 448 64 ) (-368 448 64 ) (-368 448 60 ) (-196 448 60 ) 
4 97 99 (-444 450 60 ) (-444 451 60 ) (-196 451 60 ) (-196 450 60 ) 
4 97 98 (-444 451 60 ) (-444 452 60 ) (-196 452 60 ) (-196 451 60 ) 
4 97 100 (-444 448 60 ) (-444 450 60 ) (-196 450 60 ) (-196 448 60 ) 
4 97 102 (-444 452 64 ) (-444 452 60 ) (-444 448 60 ) (-444 448 64 ) 
4 98 101 (-444 451 -60 ) (-444 452 -60 ) (-196 452 -60 ) (-196 451 -60 ) 
4 98 102 (-444 452 60 ) (-444 452 -60 ) (-444 451 -60 ) (-444 451 60 ) 
4 98 99 (-444 451 -60 ) (-196 451 -60 ) (-196 451 60 ) (-444 451 60 ) 
4 99 100 (-444 450 -60 ) (-196 450 -60 ) (-196 450 60 ) (-444 450 60 ) 
4 99 101 (-444 450 -60 ) (-444 451 -60 ) (-196 451 -60 ) (-196 450 -60 ) 
4 99 102 (-444 451 -60 ) (-444 450 -60 ) (-444 450 60 ) (-444 451 60 ) 
4 100 106 (-444 448 60 ) (-444 448 -60 ) (-432 448 -60 ) (-432 448 60 ) 
4 100 105 (-368 448 -56 ) (-368 448 60 ) (-432 448 60 ) (-432 448 -56 ) 
4 100 104 (-368 448 -60 ) (-196 448 -60 ) (-196 448 60 ) (-368 448 60 ) 
4 100 102 (-444 450 -60 ) (-444 448 -60 ) (-444 448 60 ) (-444 450 60 ) 
4 100 101 (-444 448 -60 ) (-444 450 -60 ) (-196 450 -60 ) (-196 448 -60 ) 
4 101 106 (-444 448 -60 ) (-444 448 -64 ) (-432 448 -64 ) (-432 448 -60 ) 
4 101 104 (-368 448 -64 ) (-196 448 -64 ) (-196 448 -60 ) (-368 448 -60 ) 
4 101 103 (-196 448 -64 ) (-444 448 -64 ) (-444 452 -64 ) (-196 452 -64 ) 
4 101 102 (-444 452 -60 ) (-444 452 -64 ) (-444 448 -64 ) (-444 448 -60 ) 
4 102 106 (-444 448 64 ) (-448 448 64 ) (-448 448 -64 ) (-444 448 -64 ) 
4 102 103 (-444 448 -64 ) (-448 448 -64 ) (-448 452 -64 ) (-444 452 -64 ) 
4 104 117 (-368 416 -64 ) (-128 416 -64 ) (-128 416 -56 ) (-368 416 -56 ) 
4 104 113 (-128 416 -56 ) (-128 416 64 ) (-368 416 64 ) (-368 416 -56 ) 
4 104 105 (-368 448 64 ) (-368 448 -56 ) (-368 416 -56 ) (-368 416 64 ) 
4 105 113 (-368 416 -56 ) (-368 416 64 ) (-432 416 64 ) (-432 416 -56 ) 
4 105 106 (-432 448 64 ) (-432 448 -56 ) (-432 416 -56 ) (-432 416 64 ) 
4 106 118 (-512 416 -64 ) (-480 416 -64 ) (-480 416 -56 ) (-512 416 -56 ) 
4 106 117 (-480 416 -64 ) (-432 416 -64 ) (-432 416 -56 ) (-480 416 -56 ) 
4 106 113 (-432 416 -56 ) (-432 416 64 ) (-512 416 64 ) (-512 416 -56 ) 
4 107 139 (-124 416 -64 ) (0 416 -64 ) (0 8 -64 ) (-124 8 -64 ) 
4 107 127 (0 8 -60 ) (0 8 64 ) (-124 8 64 ) (-124 8 -60 ) 
4 107 130 (-124 8 -64 ) (0 8 -64 ) (0 8 -60 ) (-124 8 -60 ) 
4 107 109 (-124 8 -59 ) (-124 8 64 ) (-124 412 64 ) (-124 412 -59 ) 
4 107 112 (-124 412 -64 ) (-124 8 -64 ) (-124 8 -59 ) (-124 412 -59 ) 
4 107 108 (-124 416 64 ) (-124 416 -64 ) (-124 412 -64 ) (-124 412 64 ) 
4 108 139 (-128 416 -64 ) (-124 416 -64 ) (-124 412 -64 ) (-128 412 -64 ) 
4 108 117 (-128 416 -56 ) (-128 416 -64 ) (-128 412 -64 ) (-128 412 -56 ) 
4 108 113 (-128 416 64 ) (-128 416 -56 ) (-128 412 -56 ) (-128 412 64 ) 
4 108 110 (-126 412 -59 ) (-125 412 -59 ) (-125 412 64 ) (-126 412 64 ) 
4 108 109 (-125 412 -59 ) (-124 412 -59 ) (-124 412 64 ) (-125 412 64 ) 
4 108 111 (-128 412 64 ) (-128 412 -59 ) (-126 412 -59 ) (-126 412 64 ) 
4 108 112 (-128 412 -59 ) (-128 412 -64 ) (-124 412 -64 ) (-124 412 -59 ) 
4 109 112 (-125 412 -59 ) (-124 412 -59 ) (-124 8 -59 ) (-125 8 -59 ) 
4 109 110 (-125 412 64 ) (-125 412 -59 ) (-125 8 -59 ) (-125 8 64 ) 
4 110 111 (-126 412 64 ) (-126 412 -59 ) (-126 8 -59 ) (-126 8 64 ) 
4 110 112 (-126 412 -59 ) (-125 412 -59 ) (-125 8 -59 ) (-126 8 -59 ) 
4 111 124 (-128 8 -59 ) (-128 8 -56 ) (-128 96 -56 ) (-128 96 -59 ) 
4 111 117 (-128 160 -56 ) (-128 412 -56 ) (-128 412 -59 ) (-128 160 -59 ) 
4 111 114 (-128 8 -56 ) (-128 8 64 ) (-128 412 64 ) (-128 412 -56 ) 
4 111 112 (-128 8 -59 ) (-128 412 -59 ) (-126 412 -59 ) (-126 8 -59 ) 
4 112 139 (-124 412 -64 ) (-124 8 -64 ) (-128 8 -64 ) (-128 412 -64 ) 
4 112 124 (-128 96 -64 ) (-128 8 -64 ) (-128 8 -59 ) (-128 96 -59 ) 
4 112 117 (-128 412 -64 ) (-128 160 -64 ) (-128 160 -59 ) (-128 412 -59 ) 
4 113 119 (-512 412 -56 ) (-704 412 -56 ) (-704 416 -56 ) (-512 416 -56 ) 
4 113 118 (-480 412 -56 ) (-512 412 -56 ) (-512 416 -56 ) (-480 416 -56 ) 
4 113 117 (-128 416 -56 ) (-128 412 -56 ) (-480 412 -56 ) (-480 416 -56 ) 
4 113 115 (-515 412 -56 ) (-514 412 -56 ) (-514 412 64 ) (-515 412 64 ) 
4 113 114 (-514 412 -56 ) (-128 412 -56 ) (-128 412 64 ) (-514 412 64 ) 
4 113 116 (-704 412 64 ) (-704 412 -56 ) (-515 412 -56 ) (-515 412 64 ) 
4 114 132 (-512 8 -56 ) (-128 8 -56 ) (-128 8 64 ) (-512 8 64 ) 
4 114 126 (-512 8 -56 ) (-514 8 -56 ) (-514 160 -56 ) (-512 160 -56 ) 
4 114 125 (-160 8 -56 ) (-512 8 -56 ) (-512 160 -56 ) (-160 160 -56 ) 
4 114 124 (-128 96 -56 ) (-128 8 -56 ) (-160 8 -56 ) (-160 96 -56 ) 
4 114 122 (-514 224 -56 ) (-514 352 -56 ) (-512 352 -56 ) (-512 224 -56 ) 
4 114 119 (-514 352 -56 ) (-514 412 -56 ) (-512 412 -56 ) (-512 352 -56 ) 
4 114 123 (-512 160 -56 ) (-514 160 -56 ) (-514 224 -56 ) (-512 224 -56 ) 
4 114 118 (-512 224 -56 ) (-512 412 -56 ) (-480 412 -56 ) (-480 224 -56 ) 
4 114 117 (-128 412 -56 ) (-128 160 -56 ) (-480 160 -56 ) (-480 412 -56 ) 
4 114 115 (-514 412 64 ) (-514 412 -56 ) (-514 8 -56 ) (-514 8 64 ) 
4 115 126 (-514 8 -56 ) (-515 8 -56 ) (-515 160 -56 ) (-514 160 -56 ) 
4 115 122 (-515 224 -56 ) (-515 352 -56 ) (-514 352 -56 ) (-514 224 -56 ) 
4 115 119 (-515 352 -56 ) (-515 412 -56 ) (-514 412 -56 ) (-514 352 -56 ) 
4 115 123 (-515 160 -56 ) (-515 224 -56 ) (-514 224 -56 ) (-514 160 -56 ) 
4 115 116 (-515 412 64 ) (-515 412 -56 ) (-515 8 -56 ) (-515 8 64 ) 
4 116 135 (-704 8 64 ) (-704 8 -56 ) (-516 8 -56 ) (-516 8 64 ) 
4 116 126 (-515 8 -56 ) (-704 8 -56 ) (-704 160 -56 ) (-515 160 -56 ) 
4 116 122 (-671.565552 352 -56 ) (-515 352 -56 ) (-515 224 -56 ) (-671.565369 224 -56 ) 
4 116 120 (-704 224 -56 ) (-704 352 -56 ) (-671.565552 352 -56 ) (-671.565369 224 -56 ) 
4 116 119 (-704 352 -56 ) (-704 412 -56 ) (-515 412 -56 ) (-515 352 -56 ) 
4 116 123 (-704 160 -56 ) (-704 224 -56 ) (-515 224 -56 ) (-515 160 -56 ) 
4 117 155 (-320 288.014008 -64 ) (-320 224 -64 ) (-384 224 -64 ) (-384 288.014008 -64 ) 
4 117 153 (-320 352 -64 ) (-320 320 -64 ) (-352 320 -64 ) (-352 352 -64 ) 
4 117 154 (-320 320 -64 ) (-320 288.014008 -64 ) (-352 288.014008 -64 ) (-352 320 -64 ) 
4 117 151 (-256 160 -64 ) (-320 160 -64 ) (-320 192 -64 ) (-256 192 -64 ) 
4 117 150 (-320 192 -64 ) (-320 256 -64 ) (-256 256 -64 ) (-256 192 -64 ) 
4 117 149 (-128 256 -64 ) (-128 160 -64 ) (-256 160 -64 ) (-256 256 -64 ) 
4 117 145 (-192 256 -64 ) (-320 256 -64 ) (-320 352 -64 ) (-192 352 -64 ) 
4 117 144 (-160 256 -64 ) (-192 256 -64 ) (-192 352 -64 ) (-160 352 -64 ) 
4 117 143 (-128 352 -64 ) (-128 320 -64 ) (-160 320 -64 ) (-160 352 -64 ) 
4 117 141 (-128 384 -64 ) (-128 352 -64 ) (-320 352 -64 ) (-320 384 -64 ) 
4 117 140 (-224 416 -64 ) (-128 416 -64 ) (-128 384 -64 ) (-224 384 -64 ) 
4 117 125 (-160 160 -56 ) (-480 160 -56 ) (-480 160 -64 ) (-160 160 -64 ) 
4 117 118 (-480 224 -56 ) (-480 416 -56 ) (-480 416 -64 ) (-480 224 -64 ) 
4 118 122 (-512 224 -56 ) (-512 352 -56 ) (-512 352 -64 ) (-512 224 -64 ) 
4 118 119 (-512 352 -56 ) (-512 416 -56 ) (-512 416 -64 ) (-512 352 -64 ) 
5 119 122 (-512 352 -64 ) (-512 352 -56 ) (-671.565552 352 -56 ) (-671.807983 352 -60.653236 ) (-607.948303 352 -64 ) 
3 119 121 (-671.912048 352 -62.650253 ) (-671.982361 352 -64 ) (-646.157593 352 -64 ) 
4 119 120 (-671.565552 352 -56 ) (-704 352 -56 ) (-704 352 -64 ) (-671.982361 352 -64 ) 
4 120 122 (-671.565430 224 -56 ) (-671.807861 224 -60.653244 ) (-671.807861 352 -60.653244 ) (-671.565430 352 -56 ) 
4 120 121 (-671.911926 224 -62.650261 ) (-671.982239 224 -64 ) (-671.982239 352 -64 ) (-671.911926 352 -62.650261 ) 
4 120 123 (-671.565369 224 -56 ) (-704 224 -56 ) (-704 224 -64 ) (-671.982178 224 -64 ) 
3 121 123 (-671.911865 224 -62.650261 ) (-671.982178 224 -64 ) (-646.157532 224 -64 ) 
5 122 123 (-512 224 -64 ) (-512 224 -56 ) (-671.565369 224 -56 ) (-671.807800 224 -60.653252 ) (-607.948242 224 -64 ) 
4 123 126 (-512 160 -56 ) (-704 160 -56 ) (-704 160 -64 ) (-512 160 -64 ) 
4 124 132 (-160 8 -64 ) (-128 8 -64 ) (-128 8 -56 ) (-160 8 -56 ) 
4 124 125 (-160 96 -64 ) (-160 8 -64 ) (-160 8 -56 ) (-160 96 -56 ) 
4 125 132 (-512 8 -64 ) (-160 8 -64 ) (-160 8 -56 ) (-512 8 -56 ) 
4 125 126 (-512 160 -56 ) (-512 160 -64 ) (-512 8 -64 ) (-512 8 -56 ) 
4 126 157 (-672 128 -64 ) (-544 128 -64 ) (-544 32 -64 ) (-672 32 -64 ) 
4 126 136 (-704 8 -56 ) (-704 8 -64 ) (-516 8 -64 ) (-516 8 -56 ) 
4 127 131 (-124 4 -60 ) (-124 3 -60 ) (-124 3 64 ) (-124 4 64 ) 
4 127 130 (-124 3 -60 ) (-124 8 -60 ) (0 8 -60 ) (0 3 -60 ) 
4 127 128 (-124 3 64 ) (-124 3 -60 ) (0 3 -60 ) (0 3 64 ) 
4 128 131 (-124 3 -60 ) (-124 2 -60 ) (-124 2 64 ) (-124 3 64 ) 
4 128 129 (-124 2 64 ) (-124 2 -60 ) (0 2 -60 ) (0 2 64 ) 
4 128 130 (-124 2 -60 ) (-124 3 -60 ) (0 3 -60 ) (0 2 -60 ) 
4 129 159 (0 0 -60 ) (0 0 64 ) (-124 0 64 ) (-124 0 -60 ) 
4 129 131 (-124 2 -60 ) (-124 0 -60 ) (-124 0 64 ) (-124 2 64 ) 
4 129 130 (-124 0 -60 ) (-124 2 -60 ) (0 2 -60 ) (0 0 -60 ) 
4 130 159 (0 0 -64 ) (0 0 -60 ) (-124 0 -60 ) (-124 0 -64 ) 
4 130 139 (0 0 -64 ) (-124 0 -64 ) (-124 8 -64 ) (0 8 -64 ) 
4 130 131 (-124 4 -64 ) (-124 0 -64 ) (-124 0 -60 ) (-124 4 -60 ) 
4 131 159 (-124 0 64 ) (-128 0 64 ) (-128 0 -64 ) (-124 0 -64 ) 
4 131 139 (-124 0 -64 ) (-128 0 -64 ) (-128 4 -64 ) (-124 4 -64 ) 
4 131 132 (-128 4 -64 ) (-128 0 -64 ) (-128 0 64 ) (-128 4 64 ) 
4 132 160 (-256 0 64 ) (-384 0 64 ) (-384 0 -64 ) (-256 0 -64 ) 
4 132 159 (-128 0 64 ) (-256 0 64 ) (-256 0 -64 ) (-128 0 -64 ) 
4 132 161 (-384 0 64 ) (-512 0 64 ) (-512 0 -64 ) (-384 0 -64 ) 
4 132 134 (-512 4 -64 ) (-512 0 -64 ) (-512 0 -56 ) (-512 4 -56 ) 
4 132 133 (-512 0 -56 ) (-512 0 64 ) (-512 4 64 ) (-512 4 -56 ) 
4 133 161 (-512 0 64 ) (-516 0 64 ) (-516 0 -56 ) (-512 0 -56 ) 
4 133 137 (-516 0 -56 ) (-516 0 64 ) (-516 4 64 ) (-516 4 -56 ) 
4 133 134 (-516 0 -56 ) (-516 4 -56 ) (-512 4 -56 ) (-512 0 -56 ) 
4 134 161 (-516 0 -56 ) (-516 0 -64 ) (-512 0 -64 ) (-512 0 -56 ) 
4 134 138 (-516 4 -64 ) (-516 0 -64 ) (-516 0 -56 ) (-516 4 -56 ) 
4 135 137 (-704 4 64 ) (-704 4 -56 ) (-516 4 -56 ) (-516 4 64 ) 
4 135 136 (-516 4 -56 ) (-704 4 -56 ) (-704 8 -56 ) (-516 8 -56 ) 
4 136 138 (-704 4 -56 ) (-704 4 -64 ) (-516 4 -64 ) (-516 4 -56 ) 
4 137 161 (-516 0 64 ) (-638 0 64 ) (-638 0 -56 ) (-516 0 -56 ) 
4 137 138 (-704 0 -56 ) (-704 4 -56 ) (-516 4 -56 ) (-516 0 -56 ) 
4 138 161 (-638 0 -64 ) (-516 0 -64 ) (-516 0 -56 ) (-638 0 -56 ) 
4 139 152 (-128 160 -76 ) (-128 160 -66 ) (-128 416 -66 ) (-128 416 -76 ) 
4 139 149 (-128 160 -64 ) (-128 256 -64 ) (-128 256 -66 ) (-128 160 -66 ) 
4 139 143 (-128 320 -64 ) (-128 352 -64 ) (-128 352 -66 ) (-128 320 -66 ) 
4 139 142 (-128 384 -65 ) (-128 384 -66 ) (-128 352 -66 ) (-128 352 -65 ) 
4 139 141 (-128 352 -64 ) (-128 384 -64 ) (-128 384 -65 ) (-128 352 -65 ) 
4 139 140 (-128 384 -64 ) (-128 416 -64 ) (-128 416 -66 ) (-128 384 -66 ) 
4 140 152 (-224 416 -66 ) (-128 416 -66 ) (-128 384 -66 ) (-224 384 -66 ) 
4 140 142 (-224 384 -66 ) (-128 384 -66 ) (-128 384 -65 ) (-224 384 -65 ) 
4 140 141 (-128 384 -65 ) (-128 384 -64 ) (-224 384 -64 ) (-224 384 -65 ) 
4 141 145 (-320 352 -64 ) (-320 352 -65 ) (-192 352 -65 ) (-192 352 -64 ) 
4 141 144 (-192 352 -65 ) (-160 352 -65 ) (-160 352 -64 ) (-192 352 -64 ) 
4 141 143 (-160 352 -65 ) (-128 352 -65 ) (-128 352 -64 ) (-160 352 -64 ) 
4 141 142 (-128 352 -65 ) (-256 352 -65 ) (-256 384 -65 ) (-128 384 -65 ) 
4 142 152 (-256 384 -66 ) (-128 384 -66 ) (-128 352 -66 ) (-256 352 -66 ) 
4 142 147 (-256 352 -66 ) (-224 352 -66 ) (-224 352 -65 ) (-256 352 -65 ) 
4 142 143 (-160 352 -66 ) (-128 352 -66 ) (-128 352 -65 ) (-160 352 -65 ) 
4 143 152 (-160 352 -66 ) (-128 352 -66 ) (-128 320 -66 ) (-160 320 -66 ) 
4 143 144 (-160 352 -64 ) (-160 352 -65 ) (-160 320 -65 ) (-160 320 -64 ) 
4 144 149 (-160 256 -65 ) (-160 256 -64 ) (-192 256 -64 ) (-192 256 -65 ) 
4 144 145 (-192 352 -64 ) (-192 352 -65 ) (-192 256 -65 ) (-192 256 -64 ) 
4 145 155 (-320 256 -64 ) (-320 288.014008 -64 ) (-320 288.014008 -65 ) (-320 256 -65 ) 
4 145 153 (-320 320 -64 ) (-320 352 -64 ) (-320 352 -65 ) (-320 320 -65 ) 
4 145 154 (-320 288.014008 -64 ) (-320 320 -64 ) (-320 320 -65 ) (-320 288.014008 -65 ) 
4 145 150 (-320 256 -64 ) (-320 256 -65 ) (-256 256 -65 ) (-256 256 -64 ) 
4 145 149 (-256 256 -65 ) (-192 256 -65 ) (-192 256 -64 ) (-256 256 -64 ) 
4 145 148 (-288 320 -65 ) (-288 256 -65 ) (-320 256 -65 ) (-320 320 -65 ) 
4 145 146 (-192 287.992035 -65 ) (-192 256 -65 ) (-224 256 -65 ) (-224 288 -65 ) 
4 145 147 (-288 352 -65 ) (-224 352 -65 ) (-224 256 -65 ) (-288 256 -65 ) 
4 146 152 (-192 288 -66 ) (-192 256 -66 ) (-224 256 -66 ) (-224 288.008026 -66 ) 
4 146 149 (-224 256 -66 ) (-192 256 -66 ) (-192 256 -65 ) (-224 256 -65 ) 
4 146 147 (-224 256 -66 ) (-224 256 -65 ) (-224 288 -65 ) (-224 288.008026 -66 ) 
4 147 152 (-288 352 -66 ) (-224 352 -66 ) (-224 256 -66 ) (-288 256 -66 ) 
4 147 150 (-288 256 -66 ) (-256 256 -66 ) (-256 256 -65 ) (-288 256 -65 ) 
4 147 149 (-256 256 -66 ) (-224 256 -66 ) (-224 256 -65 ) (-256 256 -65 ) 
4 147 148 (-288 256 -66 ) (-288 256 -65 ) (-288 320 -65 ) (-288 320 -66 ) 
4 148 155 (-320 288.014008 -66 ) (-320 256 -66 ) (-320 256 -65 ) (-320 288.014008 -65 ) 
4 148 154 (-320 320 -66 ) (-320 288.014008 -66 ) (-320 288.014008 -65 ) (-320 320 -65 ) 
4 148 152 (-320 256 -66 ) (-320 320 -66 ) (-288 320 -66 ) (-288 256 -66 ) 
4 148 150 (-320 256 -65 ) (-320 256 -66 ) (-288 256 -66 ) (-288 256 -65 ) 
4 149 152 (-256 256 -66 ) (-128 256 -66 ) (-128 160 -66 ) (-256 160 -66 ) 
4 149 151 (-256 160 -65 ) (-256 160 -64 ) (-256 192 -64 ) (-256 192 -65 ) 
4 149 150 (-256 256 -64 ) (-256 256 -66 ) (-256 192 -66 ) (-256 192 -64 ) 
4 150 155 (-320 224 -64 ) (-320 256 -64 ) (-320 256 -66 ) (-320 224 -66 ) 
4 150 152 (-320 192 -66 ) (-320 256 -66 ) (-256 256 -66 ) (-256 192 -66 ) 
4 150 151 (-320 192 -64 ) (-320 192 -65 ) (-256 192 -65 ) (-256 192 -64 ) 
4 152 156 (-320 160 -76 ) (-320 160 -66 ) (-320 416 -66 ) (-320 416 -76 ) 
4 153 154 (-352 320 -64 ) (-352 320 -65 ) (-320 320 -65 ) (-320 320 -64 ) 
4 154 156 (-320 320 -66 ) (-320 288.014008 -66 ) (-352 288.014008 -66 ) (-352 320 -66 ) 
4 154 155 (-352 288.014008 -66 ) (-320 288.014008 -66 ) (-320 288.014008 -64 ) (-352 288.014008 -64 ) 
4 155 156 (-384 224 -66 ) (-384 288.014008 -66 ) (-320 288.014008 -66 ) (-320 224 -66 ) 
4 158 169 (-384 -256 320 ) (-384 -256 64 ) (-256 -256 64 ) (-256 -256 320 ) 
4 158 162 (-638 -256 64 ) (-640 -256 64 ) (-640 -64 64 ) (-638 -64 64 ) 
4 158 160 (-384 -248 64 ) (-384 0 64 ) (-256 0 64 ) (-256 -248 64 ) 
4 158 159 (0 -256 64 ) (-256 -256 64 ) (-256 0 64 ) (0 0 64 ) 
4 158 161 (-384 -256 64 ) (-638 -256 64 ) (-638 0 64 ) (-384 0 64 ) 
4 159 160 (-256 0 -64 ) (-256 -248 -64 ) (-256 -248 64 ) (-256 0 64 ) 
4 160 161 (-384 0 -64 ) (-384 -248 -64 ) (-384 -248 64 ) (-384 0 64 ) 
4 161 166 (-512 -256 -64 ) (-638 -256 -64 ) (-638 -64 -64 ) (-512 -64 -64 ) 
4 161 165 (-638 -64 -64 ) (-638 0 -64 ) (-512 0 -64 ) (-512 -64 -64 ) 
4 161 162 (-638 -64 -64 ) (-638 -256 -64 ) (-638 -256 64 ) (-638 -64 64 ) 
4 162 166 (-638 -256 -64 ) (-640 -256 -64 ) (-640 -64 -64 ) (-638 -64 -64 ) 
4 162 163 (-640 -64 -64 ) (-640 -256 -64 ) (-640 -256 64 ) (-640 -64 64 ) 
4 164 225 (-1024 -256 367 ) (-1024 -256 816 ) (-1024 -32 816 ) (-1024 -32 367 ) 
4 164 234 (-1024 -32 -64 ) (-1024 -256 -64 ) (-1024 -256 367 ) (-1024 -32 367 ) 
4 164 217 (-1024 -256 816 ) (-1024 -256 1440 ) (-1024 -32 1440 ) (-1024 -32 816 ) 
4 164 173 (-1024 -256 64 ) (-1024 -256 -64 ) (-752 -256 -64 ) (-752 -256 64 ) 
4 164 172 (-1024 -256 176 ) (-1024 -256 64 ) (-752 -256 64 ) (-752 -256 176 ) 
4 164 171 (-1024 -256 320 ) (-1024 -256 176 ) (-752 -256 176 ) (-752 -256 320 ) 
4 164 170 (-1024 -256 1440 ) (-1024 -256 320 ) (-752 -256 320 ) (-752 -256 1440 ) 
4 164 167 (-752 -256 -64 ) (-1024 -256 -64 ) (-1024 -32 -64 ) (-752 -32 -64 ) 
4 165 166 (-638 -64 -80 ) (-512 -64 -80 ) (-512 -64 -64 ) (-638 -64 -64 ) 
4 167 234 (-1024 -32 -80 ) (-1024 -256 -80 ) (-1024 -256 -64 ) (-1024 -32 -64 ) 
4 167 173 (-1024 -256 -64 ) (-1024 -256 -80 ) (-752 -256 -80 ) (-752 -256 -64 ) 
4 167 168 (-752 -256 -80 ) (-1024 -256 -80 ) (-1024 -32 -80 ) (-752 -32 -80 ) 
4 168 234 (-1024 -256 -848 ) (-1024 -256 -80 ) (-1024 -32 -80 ) (-1024 -32 -848 ) 
4 168 174 (-1024 -256 -80 ) (-1024 -256 -848 ) (-752 -256 -848 ) (-752 -256 -80 ) 
5 169 176 (-256 -288 64 ) (-256 -288 104.630943 ) (-262.272400 -288 184.327896 ) (-384 -288 174.743561 ) (-384 -288 64 ) 
4 169 175 (-262.272400 -288 184.327896 ) (-272.950226 -288 320 ) (-384 -288 320 ) (-384 -288 174.743561 ) 
4 170 225 (-1024 -288 367 ) (-1024 -288 816 ) (-1024 -256 816 ) (-1024 -256 367 ) 
4 170 234 (-1024 -288 320 ) (-1024 -288 367 ) (-1024 -256 367 ) (-1024 -256 320 ) 
4 170 217 (-1024 -288 816 ) (-1024 -288 1440 ) (-1024 -256 1440 ) (-1024 -256 816 ) 
4 170 212 (-1024 -288 1440 ) (-1024 -288 320 ) (-752 -288 320 ) (-752 -288 1440 ) 
4 170 171 (-1024 -256 320 ) (-752 -256 320 ) (-752 -288 320 ) (-1024 -288 320 ) 
4 171 234 (-1024 -288 176 ) (-1024 -288 320 ) (-1024 -256 320 ) (-1024 -256 176 ) 
4 171 212 (-1024 -288 320 ) (-1024 -288 176 ) (-752 -288 176 ) (-752 -288 320 ) 
4 171 172 (-1024 -256 176 ) (-752 -256 176 ) (-752 -288 176 ) (-1024 -288 176 ) 
4 172 234 (-1024 -288 64 ) (-1024 -288 176 ) (-1024 -256 176 ) (-1024 -256 64 ) 
4 172 212 (-1024 -288 176 ) (-1024 -288 64 ) (-752 -288 64 ) (-752 -288 176 ) 
4 172 173 (-1024 -256 64 ) (-752 -256 64 ) (-752 -288 64 ) (-1024 -288 64 ) 
4 173 234 (-1024 -288 -80 ) (-1024 -288 64 ) (-1024 -256 64 ) (-1024 -256 -80 ) 
4 173 212 (-1024 -288 64 ) (-1024 -288 -80 ) (-752 -288 -80 ) (-752 -288 64 ) 
4 173 174 (-1024 -256 -80 ) (-752 -256 -80 ) (-752 -288 -80 ) (-1024 -288 -80 ) 
4 174 234 (-1024 -288 -848 ) (-1024 -288 -80 ) (-1024 -256 -80 ) (-1024 -256 -848 ) 
4 174 212 (-1024 -288 -80 ) (-1024 -288 -848 ) (-752 -288 -848 ) (-752 -288 -80 ) 
3 175 186 (-389.876129 -384 174.280899 ) (-368.042419 -384 176 ) (-390.011414 -384 176 ) 
5 175 179 (-368.042419 -384 176 ) (-262.272858 -384 184.327881 ) (-269.726227 -384 279.030029 ) (-397.329498 -384 268.983185 ) (-390.011414 -384 176 ) 
3 175 178 (-270.017761 -384 282.734100 ) (-297.422791 -384 630.941895 ) (-297.638733 -384 630.924927 ) 
5 175 177 (-269.726227 -384 279.030029 ) (-270.017761 -384 282.734100 ) (-297.638733 -384 630.924927 ) (-425.026398 -384 620.898621 ) (-397.329498 -384 268.983185 ) 
4 175 176 (-262.272888 -288 184.328003 ) (-262.273346 -384 184.327972 ) (-389.876129 -384 174.281036 ) (-389.876160 -288 174.281036 ) 
3 176 207 (-395.779846 -384 45.419769 ) (-362.994446 -384 48 ) (-395.982910 -384 48 ) 
5 176 186 (-254.818710 -384 89.615753 ) (-261.617432 -384 176 ) (-368.042419 -384 176 ) (-389.876129 -384 174.280899 ) (-382.421906 -384 79.567886 ) 
5 176 185 (-362.994446 -384 48 ) (-252.229492 -384 56.717262 ) (-254.818710 -384 89.615753 ) (-382.421906 -384 79.567886 ) (-379.937408 -384 48 ) 
4 176 183 (-389.876129 -384 174.280899 ) (-405.822876 -384 173.025314 ) (-395.982910 -384 48 ) (-379.937408 -384 48 ) 
3 176 179 (-261.617432 -384 176 ) (-262.272858 -384 184.327881 ) (-368.042419 -384 176 ) 
4 177 180 (-297.638916 -385 630.927368 ) (-425.026611 -385 620.901123 ) (-397.329529 -385 268.983185 ) (-269.723907 -385 279.030182 ) 
4 177 179 (-269.723907 -385 279.030060 ) (-397.329498 -385 268.983032 ) (-397.329498 -384 268.983032 ) (-269.723938 -384 279.030060 ) 
4 177 178 (-297.639160 -385 630.925781 ) (-269.724365 -385 279.031250 ) (-269.724365 -384 279.031250 ) (-297.639160 -384 630.925781 ) 
3 178 181 (-297.424225 -385 630.944275 ) (-297.638916 -385 630.927368 ) (-269.723907 -385 279.030182 ) 
4 179 186 (-390.011444 -384 176 ) (-261.615112 -384 176 ) (-261.615417 -385 176 ) (-390.011444 -385 176 ) 
4 179 182 (-269.723938 -385 279.030182 ) (-397.329529 -385 268.983185 ) (-390.011444 -385 176 ) (-261.615417 -385 176 ) 
4 180 195 (-397.329529 -416 268.983185 ) (-269.723938 -416 279.030212 ) (-297.638702 -416 630.924805 ) (-425.026428 -416 620.898560 ) 
4 180 182 (-397.329498 -385 268.983032 ) (-269.723938 -385 279.030060 ) (-269.723907 -416 279.030060 ) (-397.329498 -416 268.983063 ) 
4 180 181 (-269.724365 -416 279.031250 ) (-269.724365 -385 279.031250 ) (-297.639069 -385 630.924805 ) (-297.639069 -416 630.924805 ) 
3 181 196 (-269.723938 -416 279.030212 ) (-297.423828 -416 630.941711 ) (-297.638702 -416 630.924805 ) 
4 182 197 (-390.011444 -416 176 ) (-259.610199 -416 176 ) (-267.731079 -416 279.187103 ) (-397.329529 -416 268.983185 ) 
4 182 188 (-259.610229 -416 176 ) (-390.011444 -416 176 ) (-390.011444 -385 176 ) (-259.610107 -385 176 ) 
4 183 207 (-395.982941 -384 48 ) (-379.937439 -384 48 ) (-379.937408 -414 48 ) (-395.982635 -414 48 ) 
4 183 188 (-389.875458 -414 174.280945 ) (-382.421204 -414 79.567833 ) (-382.421204 -385 79.567932 ) (-389.875458 -385 174.280960 ) 
4 183 187 (-382.421204 -414 79.567833 ) (-379.936707 -414 48 ) (-379.936707 -385 48 ) (-382.421204 -385 79.567932 ) 
4 183 186 (-382.421204 -384 79.567932 ) (-389.875458 -384 174.280960 ) (-389.875458 -385 174.280960 ) (-382.421204 -385 79.567940 ) 
4 183 185 (-379.936707 -385 48 ) (-379.936707 -384 48 ) (-382.421204 -384 79.567932 ) (-382.421204 -385 79.567940 ) 
5 183 184 (-395.982635 -414 48 ) (-379.938019 -414 48 ) (-389.876434 -414 174.280884 ) (-400 -414 173.483795 ) (-400 -414 99.044121 ) 
4 184 207 (-395.982605 -414 48 ) (-379.937408 -414 48 ) (-379.937408 -416 48 ) (-395.982574 -416 48 ) 
5 184 200 (-382.421906 -416 79.567780 ) (-389.876160 -416 174.280914 ) (-400 -416 173.483810 ) (-400 -416 99.044785 ) (-398.368256 -416 78.312119 ) 
4 184 189 (-395.982574 -416 48 ) (-379.937408 -416 48 ) (-382.421906 -416 79.567780 ) (-398.368256 -416 78.312119 ) 
4 184 188 (-389.875458 -416 174.280945 ) (-382.421204 -416 79.567825 ) (-382.421204 -414 79.567833 ) (-389.875458 -414 174.280960 ) 
4 184 187 (-382.421204 -416 79.567825 ) (-379.936707 -416 48 ) (-379.936707 -414 48 ) (-382.421204 -414 79.567833 ) 
4 185 207 (-379.937439 -384 48 ) (-362.995544 -384 48 ) (-362.995544 -385 48 ) (-379.937439 -385 48 ) 
5 185 187 (-382.422180 -385 79.567863 ) (-379.937683 -385 48 ) (-362.995575 -385 48 ) (-252.209015 -385 56.718987 ) (-254.817886 -385 89.615814 ) 
4 185 186 (-382.421875 -384 79.567871 ) (-382.421875 -385 79.567871 ) (-254.817902 -385 89.615799 ) (-254.817886 -384 89.615799 ) 
4 186 188 (-390.011719 -385 176 ) (-382.422180 -385 79.567863 ) (-254.816895 -385 89.615891 ) (-261.615417 -385 176 ) 
4 187 207 (-362.995544 -385 48 ) (-362.995544 -416 48 ) (-379.937408 -416 48 ) (-379.937439 -385 48 ) 
5 187 189 (-379.937408 -416 48 ) (-363.023438 -416 48 ) (-252.208954 -416 56.721210 ) (-254.817657 -416 89.615723 ) (-382.421906 -416 79.567772 ) 
4 187 188 (-254.817871 -385 89.615593 ) (-382.425781 -385 79.567383 ) (-382.425781 -416 79.567276 ) (-254.817612 -416 89.615509 ) 
3 188 206 (-368.021240 -416 176 ) (-390.011444 -416 176 ) (-389.876068 -416 174.279922 ) 
5 188 200 (-259.610229 -416 176 ) (-368.021240 -416 176 ) (-389.876068 -416 174.279922 ) (-382.421906 -416 79.567772 ) (-252.824051 -416 89.772705 ) 
4 189 208 (-362.995544 -544 48 ) (-400 -544 48 ) (-400 -416 48 ) (-362.995544 -416 48 ) 
4 189 203 (-414.321777 -479 77.055405 ) (-414.321564 -544 77.055206 ) (-254.814484 -544 89.615280 ) (-254.814865 -479 89.615456 ) 
4 189 200 (-254.815247 -416 89.615631 ) (-414.321960 -416 77.055595 ) (-414.321777 -479 77.055405 ) (-254.814865 -479 89.615456 ) 
4 189 192 (-414.321960 -416 77.055595 ) (-417 -416 76.844719 ) (-417 -544 76.844299 ) (-414.321564 -544 77.055206 ) 
4 189 190 (-417 -544 76.843636 ) (-417 -416 76.844063 ) (-417 -416 48 ) (-417 -544 48 ) 
4 190 193 (-417 -416 76.844719 ) (-418 -416 76.765976 ) (-418 -544 76.765556 ) (-417 -544 76.844299 ) 
4 190 191 (-418 -544 76.765266 ) (-418 -416 76.765694 ) (-418 -416 48 ) (-418 -544 48 ) 
4 191 210 (-496 -416 48 ) (-496 -544 48 ) (-496 -544 70.623863 ) (-496 -416 70.624268 ) 
4 191 194 (-418 -416 76.765976 ) (-496 -416 70.624023 ) (-496 -544 70.623596 ) (-418 -544 76.765556 ) 
4 192 203 (-414.321564 -544 77.056908 ) (-414.321777 -479 77.057106 ) (-417 -479 111.086655 ) (-417 -544 111.089012 ) 
4 192 200 (-414.321777 -479 77.057106 ) (-414.321960 -416 77.057304 ) (-417 -416 111.084366 ) (-417 -479 111.086655 ) 
4 192 193 (-417 -416 76.844032 ) (-417 -544 76.843605 ) (-417 -544 111.088936 ) (-417 -416 111.084328 ) 
4 193 204 (-418 -479 123.792610 ) (-418 -544 123.794968 ) (-417 -544 111.089012 ) (-417 -479 111.086655 ) 
4 193 201 (-417 -416 111.084366 ) (-418 -416 123.790329 ) (-418 -479 123.792610 ) (-417 -479 111.086655 ) 
4 193 194 (-418 -416 76.765602 ) (-418 -544 76.765175 ) (-418 -544 123.793472 ) (-418 -416 123.788864 ) 
4 194 210 (-496 -544 70.623863 ) (-496 -544 176 ) (-496 -416 176 ) (-496 -416 70.624268 ) 
4 194 205 (-421.775909 -479 171.769241 ) (-421.775726 -544 171.769257 ) (-418 -544 123.794968 ) (-418 -479 123.792610 ) 
4 194 202 (-418 -416 123.790329 ) (-421.776093 -416 171.769226 ) (-421.775909 -479 171.769241 ) (-418 -479 123.792610 ) 
4 195 198 (-397.329498 -479 268.983215 ) (-269.723938 -479 279.030182 ) (-297.638733 -479 630.924866 ) (-425.026428 -479 620.898621 ) 
4 195 197 (-269.723907 -479 279.030060 ) (-397.329529 -479 268.983032 ) (-397.329529 -416 268.983063 ) (-269.723938 -416 279.030060 ) 
4 195 196 (-269.723969 -479 279.030731 ) (-269.723969 -416 279.030731 ) (-297.639160 -416 630.927734 ) (-297.639160 -479 630.927734 ) 
3 196 198 (-297.423462 -479 630.941833 ) (-297.638733 -479 630.924866 ) (-270.076172 -479 283.470581 ) 
4 197 206 (-390.011444 -416 176 ) (-368.021240 -416 176 ) (-368.021210 -479 176 ) (-390.011414 -479 176 ) 
4 197 200 (-368.021240 -416 176 ) (-259.610779 -416 176 ) (-259.610992 -479 176 ) (-368.021210 -479 176 ) 
4 197 199 (-390.011444 -479 176 ) (-261.615112 -479 176 ) (-269.723633 -479 279.030212 ) (-397.329498 -479 268.983215 ) 
4 198 199 (-397.330078 -544 268.983154 ) (-397.330078 -479 268.983154 ) (-269.726685 -479 279.029999 ) (-269.727020 -544 279.029968 ) 
4 199 206 (-390.011444 -479 176 ) (-368.021240 -479 176 ) (-368.021240 -544 176 ) (-390.011444 -544 176 ) 
4 199 203 (-368.021240 -479 176 ) (-261.615112 -479 176 ) (-261.635040 -544 176 ) (-368.021240 -544 176 ) 
4 200 206 (-389.876038 -479 174.279648 ) (-368.017578 -479 176 ) (-368.017578 -416 176 ) (-389.876038 -416 174.279648 ) 
6 200 203 (-261.615112 -479 176 ) (-368.015625 -479 176 ) (-417 -479 172.144699 ) (-417 -479 111.085083 ) (-414.321777 -479 77.055679 ) (-254.816650 -479 89.616463 ) 
4 200 201 (-417 -416 111.083672 ) (-417 -479 111.085938 ) (-417 -479 172.140625 ) (-417 -416 172.140625 ) 
4 201 204 (-417 -479 172.144699 ) (-418 -479 172.065994 ) (-418 -479 123.791054 ) (-417 -479 111.085083 ) 
4 201 202 (-418 -416 123.786797 ) (-418 -479 123.789063 ) (-418 -479 172.062500 ) (-418 -416 172.062500 ) 
3 202 205 (-418 -479 172.065994 ) (-421.776001 -479 171.768799 ) (-418 -479 123.791054 ) 
4 203 206 (-389.876038 -544 174.279648 ) (-368.017578 -544 176 ) (-368.017578 -479 176 ) (-389.876038 -479 174.279648 ) 
4 203 204 (-417 -544 172.145386 ) (-417 -479 172.145386 ) (-417 -479 111.085434 ) (-417 -544 111.087769 ) 
4 204 205 (-418 -544 172.066406 ) (-418 -479 172.066406 ) (-418 -479 123.791374 ) (-418 -544 123.793716 ) 
3 207 208 (-362.995544 -416 48 ) (-395.982574 -416 48 ) (-395.779510 -416 45.419868 ) 
4 209 210 (-560 -416 240 ) (-560 -416 48 ) (-496 -416 48 ) (-496 -416 240 ) 
4 210 215 (-496 -544 48 ) (-496 -544 176 ) (-560 -544 176 ) (-560 -544 48 ) 
4 210 213 (-496 -544 176 ) (-496 -544 240 ) (-560 -544 240 ) (-560 -544 176 ) 
4 210 211 (-560 -544 48 ) (-560 -544 176 ) (-560 -416 176 ) (-560 -416 48 ) 
4 211 212 (-752 -416 -80 ) (-752 -544 -80 ) (-752 -544 176 ) (-752 -416 176 ) 
4 212 225 (-1024 -495.995209 816 ) (-1024 -288 816 ) (-1024 -288 367 ) (-1024 -496 367 ) 
4 212 234 (-1024 -288 367 ) (-1024 -288 -848 ) (-1024 -496.012573 -848 ) (-1024 -496 367 ) 
4 212 223 (-1024 -544 -848 ) (-1024 -544 367 ) (-1024 -496 367 ) (-1024 -496.012573 -848 ) 
4 212 220 (-1024 -544 367 ) (-1024 -544 816 ) (-1024 -495.995209 816 ) (-1024 -496 367 ) 
4 212 217 (-1024 -544 816 ) (-1024 -544 1440 ) (-1024 -288 1440 ) (-1024 -288 816 ) 
4 212 216 (-752 -544 -848 ) (-752 -544 176 ) (-1024 -544 176 ) (-1024 -544 -848 ) 
4 212 214 (-752 -544 176 ) (-752 -544 1440 ) (-1024 -544 1440 ) (-1024 -544 176 ) 
4 213 215 (-560 -544 176 ) (-496 -544 176 ) (-496 -576 176 ) (-560 -576 176 ) 
4 214 223 (-1024 -544 367 ) (-1024 -544 176 ) (-1024 -928 176 ) (-1024 -928 367 ) 
4 214 220 (-1024 -544 816 ) (-1024 -544 367 ) (-1024 -928 367 ) (-1024 -928 816 ) 
4 214 217 (-1024 -544 1440 ) (-1024 -544 816 ) (-1024 -928 816 ) (-1024 -928 1440 ) 
4 214 216 (-1024 -928 176 ) (-1024 -544 176 ) (-752 -544 176 ) (-752 -928 176 ) 
4 216 223 (-1024 -928 176 ) (-1024 -544 176 ) (-1024 -544 -848 ) (-1024 -928 -848 ) 
4 217 230 (-1276.592896 -322.760925 816 ) (-1125.248291 -64.520966 816 ) (-1121.615356 -93.521423 816 ) (-1229.704834 -275.872803 816 ) 
3 217 229 (-1107.751709 -204.189697 816 ) (-1105.269775 -224.001556 816 ) (-1170.754639 -241.125977 816 ) 
4 217 228 (-1227.895508 -272.820374 816 ) (-1121.615356 -93.521423 816 ) (-1107.751709 -204.189697 816 ) (-1222.322998 -271.358582 816 ) 
3 217 227 (-1229.535400 -275.586914 816 ) (-1227.895508 -272.820374 816 ) (-1222.323120 -271.358582 816 ) 
6 217 226 (-1073.686646 -476.117188 816 ) (-1295.741943 -387.280212 816 ) (-1263.437744 -332.781738 816 ) (-1219.182007 -288.526886 816 ) (-1164.704956 -256.244019 816 ) (-1103.250244 -240.123016 816 ) 
5 217 225 (-1106.188965 -32 816 ) (-1024 -32 816 ) (-1024 -495.995178 816 ) (-1073.686646 -476.117188 816 ) (-1125.248291 -64.520966 816 ) 
4 217 224 (-1712 -220.749084 816 ) (-1712 -32 816 ) (-1106.188965 -32 816 ) (-1310.860474 -381.231750 816 ) 
4 217 222 (-1085.214600 -928 816 ) (-1106.104736 -928 816 ) (-1276.592285 -637.221130 816 ) (-1263.496460 -627.153992 816 ) 
4 217 221 (-1368.300781 -358.251770 816 ) (-1350.107056 -365.530487 816 ) (-1311.880249 -511.245117 816 ) (-1328 -513 816 ) 
5 217 220 (-1350.107056 -365.530487 816 ) (-1024 -495.995178 816 ) (-1024 -928 816 ) (-1085.214600 -928 816 ) (-1295.751831 -572.724060 816 ) 
3 217 219 (-1106.104736 -928 816 ) (-1219.921631 -928 816 ) (-1310.878174 -578.744080 816 ) 
4 217 218 (-1712 -928 816 ) (-1712 -220.749084 816 ) (-1368.300781 -358.251770 816 ) (-1219.921631 -928 816 ) 
4 218 224 (-1712 -220.755264 367 ) (-1712 -220.750000 816 ) (-1368.300659 -358.252808 816 ) (-1368.297241 -358.259430 367 ) 
4 218 223 (-1712 -928 367 ) (-1712 -220.750000 367 ) (-1368.298828 -358.253540 367 ) (-1219.920044 -928 367 ) 
4 218 221 (-1327.998047 -513 367 ) (-1368.297363 -358.257874 367 ) (-1368.300537 -358.251923 816 ) (-1328 -513 816 ) 
4 218 219 (-1219.921387 -928 816 ) (-1219.919800 -928 367 ) (-1310.873901 -578.753174 367 ) (-1310.877686 -578.744751 816 ) 
3 219 223 (-1106.105835 -928 367 ) (-1219.920044 -928 367 ) (-1310.874512 -578.752075 367 ) 
4 219 222 (-1106.104614 -928 816 ) (-1106.105713 -928 367 ) (-1276.593506 -637.221130 367 ) (-1276.592407 -637.221191 816 ) 
4 220 232 (-1073.676880 -476.126587 432 ) (-1073.675293 -476.127991 367 ) (-1310.862305 -381.237244 367 ) (-1310.862061 -381.236572 432 ) 
4 220 226 (-1295.742432 -387.280975 816 ) (-1073.686523 -476.118195 816 ) (-1073.676880 -476.126587 432 ) (-1295.751709 -387.281708 432 ) 
4 220 225 (-1073.686523 -476.118195 816 ) (-1024 -495.996124 816 ) (-1024 -496.001434 367 ) (-1073.675293 -476.127991 367 ) 
4 220 224 (-1350.106812 -365.531586 816 ) (-1310.860962 -381.232544 816 ) (-1310.862305 -381.237244 367 ) (-1350.105225 -365.537476 367 ) 
5 220 223 (-1350.106689 -365.531616 367 ) (-1024 -495.996185 367 ) (-1024 -928 367 ) (-1085.217041 -928 367 ) (-1295.749878 -572.731445 367 ) 
4 220 222 (-1263.499023 -627.154907 367 ) (-1085.216919 -928 367 ) (-1085.214600 -928 816 ) (-1263.496826 -627.154358 816 ) 
4 220 221 (-1350.106323 -365.530914 816 ) (-1350.104980 -365.536133 367 ) (-1311.879639 -511.245056 367 ) (-1311.879639 -511.245026 816 ) 
4 221 224 (-1368.300659 -358.252808 816 ) (-1350.106812 -365.531586 816 ) (-1350.105225 -365.537476 367 ) (-1368.297241 -358.259430 367 ) 
4 221 223 (-1368.298828 -358.253540 367 ) (-1350.106689 -365.531616 367 ) (-1311.880249 -511.245087 367 ) (-1327.998291 -513 367 ) 
4 222 223 (-1085.217041 -928 367 ) (-1106.105835 -928 367 ) (-1276.593384 -637.220947 367 ) (-1263.498535 -627.154663 367 ) 
4 223 234 (-1024 -496.015808 -848 ) (-1712 -220.769531 -848 ) (-1712 -220.755264 367 ) (-1024 -496.001434 367 ) 
4 224 233 (-1250.854614 -278.845123 367 ) (-1239.246216 -259.037659 367 ) (-1239.246338 -259.037537 432 ) (-1250.854736 -278.844849 432 ) 
4 224 232 (-1310.861206 -381.233765 432 ) (-1310.861328 -381.234375 367 ) (-1250.854614 -278.845123 367 ) (-1250.854736 -278.844849 432 ) 
4 224 231 (-1239.246216 -259.037659 367 ) (-1125.239868 -64.508911 367 ) (-1125.241089 -64.510658 432 ) (-1239.246338 -259.037537 432 ) 
4 224 230 (-1276.612793 -322.795776 432 ) (-1125.241089 -64.510658 432 ) (-1125.248291 -64.521004 816 ) (-1276.594360 -322.762329 816 ) 
4 224 225 (-1125.239868 -64.508911 367 ) (-1106.187500 -32 367 ) (-1106.188843 -32 816 ) (-1125.248291 -64.521004 816 ) 
4 224 234 (-1310.861694 -381.236115 367 ) (-1712 -220.753906 367 ) (-1712 -32 367 ) (-1106.187500 -32 367 ) 
4 225 232 (-1103.240234 -240.122421 367 ) (-1073.675415 -476.126343 367 ) (-1073.677002 -476.125031 432 ) (-1103.241699 -240.122528 432 ) 
4 225 231 (-1125.240356 -64.515602 432 ) (-1125.239136 -64.513840 367 ) (-1105.259888 -224 367 ) (-1105.261353 -224 432 ) 
4 225 230 (-1125.247681 -64.525993 816 ) (-1125.240356 -64.515602 432 ) (-1121.609741 -93.496986 432 ) (-1121.615356 -93.521393 816 ) 
4 225 229 (-1107.743774 -204.183060 432 ) (-1105.261230 -224 432 ) (-1105.269653 -224.001526 816 ) (-1107.751587 -204.189636 816 ) 
4 225 228 (-1121.609741 -93.496986 432 ) (-1107.743774 -204.183060 432 ) (-1107.751587 -204.189636 816 ) (-1121.615356 -93.521393 816 ) 
4 225 226 (-1103.241577 -240.122498 432 ) (-1073.677002 -476.125031 432 ) (-1073.686523 -476.117218 816 ) (-1103.250122 -240.123016 816 ) 
5 225 234 (-1024 -496 367 ) (-1073.675537 -476.126465 367 ) (-1125.239746 -64.509003 367 ) (-1106.187500 -32 367 ) (-1024 -32 367 ) 
6 226 232 (-1103.239624 -240.121979 432 ) (-1073.674805 -476.126007 432 ) (-1295.749512 -387.278015 432 ) (-1263.458008 -332.800903 432 ) (-1219.172241 -288.516174 432 ) (-1164.725220 -256.251068 432 ) 
3 227 232 (-1229.546997 -275.591675 432 ) (-1227.907104 -272.825134 432 ) (-1222.334595 -271.363342 432 ) 
4 227 230 (-1227.904541 -272.824463 432 ) (-1229.543701 -275.589752 432 ) (-1229.532104 -275.584991 816 ) (-1227.892944 -272.819702 816 ) 
4 227 228 (-1222.333618 -271.362762 432 ) (-1227.904785 -272.824219 432 ) (-1227.893066 -272.819427 816 ) (-1222.322021 -271.358002 816 ) 
4 228 233 (-1170.763550 -241.129135 432 ) (-1222.334595 -271.363342 432 ) (-1227.907104 -272.825134 432 ) (-1216.155151 -253 432 ) 
4 228 231 (-1121.608032 -93.494148 432 ) (-1107.741943 -204.181961 432 ) (-1170.763550 -241.129135 432 ) (-1216.155151 -253 432 ) 
4 228 230 (-1121.614868 -93.524216 816 ) (-1121.609375 -93.500000 432 ) (-1227.904541 -272.824463 432 ) (-1227.892944 -272.819702 816 ) 
4 228 229 (-1170.763306 -241.129089 432 ) (-1107.743774 -204.183075 432 ) (-1107.751587 -204.189621 816 ) (-1170.754639 -241.125961 816 ) 
3 229 231 (-1107.741943 -204.181961 432 ) (-1105.259277 -224 432 ) (-1170.763550 -241.129135 432 ) 
4 230 233 (-1250.847656 -278.842987 432 ) (-1239.239380 -259.035706 432 ) (-1216.155273 -253 432 ) (-1227.907227 -272.825165 432 ) 
4 230 232 (-1276.598267 -322.781311 432 ) (-1250.847656 -278.842987 432 ) (-1227.907227 -272.825165 432 ) (-1229.748413 -275.931427 432 ) 
4 230 231 (-1239.239380 -259.035706 432 ) (-1125.238281 -64.515625 432 ) (-1121.608032 -93.494148 432 ) (-1216.155273 -253 432 ) 
4 231 233 (-1170.770142 -241.129562 432 ) (-1239.244873 -259.035858 432 ) (-1239.244751 -259.035980 367 ) (-1170.769775 -241.129623 367 ) 
3 231 234 (-1239.245605 -259.037476 367 ) (-1125.239746 -64.509003 367 ) (-1105.260010 -224 367 ) 
4 232 233 (-1250.851563 -278.844025 367 ) (-1250.851563 -278.843750 432 ) (-1164.719116 -256.249023 432 ) (-1164.718750 -256.249207 367 ) 
4 232 234 (-1073.675537 -476.126465 367 ) (-1310.861694 -381.236115 367 ) (-1250.854004 -278.844971 367 ) (-1103.240356 -240.122452 367 ) 
4 233 234 (-1250.854004 -278.844971 367 ) (-1239.245605 -259.037476 367 ) (-1170.769287 -241.130798 367 ) (-1164.718628 -256.249634 367 ) 
