


materialPath: D:\SteamLibrary\steamapps\common\Portal 2\portal2\materials
Loading d:\steamlibrary\steamapps\common\portal 2\portal2_dlc3\maps\sp_a4_tb_trust_drop.vmf
ConVarRef gpu_level doesn't point to an existing ConVar
fixing up env_cubemap materials on brush sides...
0...1...2...3...4...5...6...7...8...9...100...1...2...3...4...5...6...7...8...9...10Processing areas...done (0)
Building Faces...done (0)
Chop Details...done (0)
Find Visible Detail Sides...
Merged 316 detail faces...done (0)
Merging details...done (0)
FixTjuncs...
PruneNodes...
WriteBSP...
done (0)
writing d:\steamlibrary\steamapps\common\portal 2\portal2_dlc3\maps\sp_a4_tb_trust_drop.prt...Building visibility clusters...
done (0)
Finding displacement neighbors...
Finding lightmap sample positions...
Displacement Alpha : 0...1...2...3...4...5...6...7...8...9...10
Building Physics collision data...
done (1) (570314 bytes)
Encountered obsolete static prop option to do its fade in screen space @ -320.00 1232.00 992.00
Encountered obsolete static prop option to do its fade in screen space @ -832.00 400.00 608.00
Encountered obsolete static prop option to do its fade in screen space @ -272.00 384.00 992.00
Encountered obsolete static prop option to do its fade in screen space @ 384.00 1264.00 1056.00
Encountered obsolete static prop option to do its fade in screen space @ -320.00 1264.00 96.00
Encountered obsolete static prop option to do its fade in screen space @ -768.00 400.00 1088.00
Encountered obsolete static prop option to do its fade in screen space @ -832.00 448.00 1072.00
Encountered obsolete static prop option to do its fade in screen space @ -320.00 1232.00 352.00
Encountered obsolete static prop option to do its fade in screen space @ -832.00 432.00 992.00
Encountered obsolete static prop option to do its fade in screen space @ -320.00 1264.00 224.00
Encountered obsolete static prop option to do its fade in screen space @ -272.00 384.00 1120.00
Encountered obsolete static prop option to do its fade in screen space @ -832.00 400.00 864.00
Encountered obsolete static prop option to do its fade in screen space @ -832.00 400.00 736.00
Encountered obsolete static prop option to do its fade in screen space @ -320.00 1264.00 864.00
Encountered obsolete static prop option to do its fade in screen space @ -320.00 1232.00 864.00
Encountered obsolete static prop option to do its fade in screen space @ -320.00 1264.00 608.00
Encountered obsolete static prop option to do its fade in screen space @ -320.00 1232.00 480.00
Encountered obsolete static prop option to do its fade in screen space @ -320.00 1264.00 352.00
Encountered obsolete static prop option to do its fade in screen space @ 320.00 1264.00 800.00
Encountered obsolete static prop option to do its fade in screen space @ -384.00 400.00 1088.00
Encountered obsolete static prop option to do its fade in screen space @ -512.00 400.00 1088.00
Encountered obsolete static prop option to do its fade in screen space @ -832.00 400.00 992.00
Encountered obsolete static prop option to do its fade in screen space @ 192.00 1264.00 864.00
Encountered obsolete static prop option to do its fade in screen space @ 192.00 1264.00 992.00
Encountered obsolete static prop option to do its fade in screen space @ 192.00 1232.00 992.00
Encountered obsolete static prop option to do its fade in screen space @ 192.00 1232.00 864.00
Encountered obsolete static prop option to do its fade in screen space @ 256.00 1232.00 1056.00
Encountered obsolete static prop option to do its fade in screen space @ -368.00 448.00 224.00
Encountered obsolete static prop option to do its fade in screen space @ -320.00 1264.00 992.00
Encountered obsolete static prop option to do its fade in screen space @ -528.00 448.00 224.00
Encountered obsolete static prop option to do its fade in screen space @ -320.00 1264.00 480.00
Encountered obsolete static prop option to do its fade in screen space @ -320.00 1264.00 736.00
Encountered obsolete static prop option to do its fade in screen space @ -640.00 400.00 1088.00
Encountered obsolete static prop option to do its fade in screen space @ 256.00 1264.00 1056.00
Encountered obsolete static prop option to do its fade in screen space @ 320.00 1392.00 992.00
Encountered obsolete static prop option to do its fade in screen space @ 320.00 1424.00 992.00
Encountered obsolete static prop option to do its fade in screen space @ 592.00 448.00 1120.00
Encountered obsolete static prop option to do its fade in screen space @ 560.00 448.00 1120.00
Placing detail props : 0...1...2...3...4...5...6...7...8...9...10
Compacting texture/material tables...
Reduced 2318 texinfos to 1126
Reduced 70 texdatas to 66 (2305 bytes to 2111)
Writing d:\steamlibrary\steamapps\common\portal 2\portal2_dlc3\maps\sp_a4_tb_trust_drop.bsp

nummapplanes:     (  7752 / 65536 )
nummapbrushes:    (  1517 /  8192 )
nummapbrushsides: ( 12743 / 65536 )
num_map_overlays: (    10 /   512 )
nummodels:        (   114 /  1024 )
num_entities:     (   603 / 16384 )

5 seconds elapsed



12 threads
reading d:\steamlibrary\steamapps\common\portal 2\portal2_dlc3\maps\sp_a4_tb_trust_drop.bsp
reading d:\steamlibrary\steamapps\common\portal 2\portal2_dlc3\maps\sp_a4_tb_trust_drop.prt
 833 portalclusters
2464 numportals
0...1...2...3...4...5...6...7...8...9...10Optimized: 19964 visible clusters (0.00%)
Total clusters visible: 500757
Average clusters visible: 601
Building PAS...
Average clusters audible: 772
visdatasize:173835  compressed from 186592
writing d:\steamlibrary\steamapps\common\portal 2\portal2_dlc3\maps\sp_a4_tb_trust_drop.bsp
0 seconds elapsed



[Reading texlights from 'lights.rad']
[59 texlights parsed from 'lights.rad']

Loading d:\steamlibrary\steamapps\common\portal 2\portal2_dlc3\maps\sp_a4_tb_trust_drop.bsp
Loaded alpha texture materials\Tools\toolsinvisible.vtf
Loaded alpha texture materials\Metal\metalgrate018.vtf
3358 faces
3 degenerate faces
5266242 square feet [758338944.00 square inches]
0 Displacements
0 Square Feet [0.00 Square Inches]
3355 patches before subdivision
59299 patches after subdivision
147 direct lights
0...1...2...3...4...5...6...7...8...9...100...1...2...3...4...5...6...7...8...9...10transfers 6301578, max 773
transfer lists:  48.1 megs
0...1...2...3...4...5...6...7...8...9...10	Bounce #1 added RGB(16965, 20014, 21402)
0...1...2...3...4...5...6...7...8...9...10	Bounce #2 added RGB(7717, 9137, 9711)
0...1...2...3...4...5...6...7...8...9...10	Bounce #3 added RGB(3739, 4422, 4661)
0...1...2...3...4...5...6...7...8...9...10	Bounce #4 added RGB(1869, 2207, 2312)
0...1...2...3...4...5...6...7...8...9...10	Bounce #5 added RGB(940, 1108, 1157)
0...1...2...3...4...5...6...7...8...9...10	Bounce #6 added RGB(476, 560, 583)
0...1...2...3...4...5...6...7...8...9...10	Bounce #7 added RGB(242, 284, 295)
0...1...2...3...4...5...6...7...8...9...10	Bounce #8 added RGB(123, 144, 150)
0...1...2...3...4...5...6...7...8...9...10	Bounce #9 added RGB(63, 74, 76)
0...1...2...3...4...5...6...7...8...9...10	Bounce #10 added RGB(32, 38, 39)
0...1...2...3...4...5...6...7...8...9...10	Bounce #11 added RGB(16, 19, 20)
0...1...2...3...4...5...6...7...8...9...10	Bounce #12 added RGB(8, 10, 10)
0...1...2...3...4...5...6...7...8...9...10	Bounce #13 added RGB(4, 5, 5)
0...1...2...3...4...5...6...7...8...9...10	Bounce #14 added RGB(2, 3, 3)
0...1...2...3...4...5...6...7...8...9...10	Bounce #15 added RGB(1, 1, 1)
0...1...2...3...4...5...6...7...8...9...10	Bounce #16 added RGB(1, 1, 1)
Build Patch/Sample Hash Table(s).....Done<0.0286 sec>
0...1...2...3...4...5...6...7...8...9...10FinalLightFace Done
76 of 76 (100% of) surface lights went in leaf ambient cubes.
0...1...2...3...4...5...6...7...8...9...10Writing leaf ambient...done
Computing static prop lighting : 00...1...2...3...4...5...6...7...8...9...10
Ready to Finish

Object names       Objects/Maxobjs  Memory / Maxmem  Fullness 
------------       ---------------  ---------------  -------- 
models                 114/1024         5472/49152    (11.1%) 
brushes               1517/8192        18204/98304    (18.5%) 
brushsides           12839/65536      102712/524288   (19.6%) 
planes                7752/65536      155040/1310720  (11.8%) 
vertexes              7404/65536       88848/786432   (11.3%) 
nodes                 2792/65536       89344/2097152  ( 4.3%) 
texinfos              1126/12288       81072/884736   ( 9.2%) 
texdata                 66/2048         2112/65536    ( 3.2%) 
dispinfos                0/0               0/0        ( 0.0%) 
disp_verts               0/0               0/0        ( 0.0%) 
disp_tris                0/0               0/0        ( 0.0%) 
disp_multiblend          0/0               0/0        ( 0.0%) 
disp_lmsamples           0/0               0/0        ( 0.0%) 
faces                 3358/65536      188048/3670016  ( 5.1%) 
hdr faces                0/65536           0/3670016  ( 0.0%) 
origfaces             2398/65536      134288/3670016  ( 3.7%) 
facebrushes            346/0             692/0        ( 0.0%) 
facebrushlists        3358/0           13432/0        ( 0.0%) 
leaves                2907/65536       93024/2097152  ( 4.4%) 
leaffaces             4657/65536        9314/131072   ( 7.1%) 
leafbrushes           3506/65536        7012/131072   ( 5.3%) 
areas                   11/256            88/2048     ( 4.3%) 
surfedges            24841/512000      99364/2048000  ( 4.9%) 
edges                15295/256000      61180/1024000  ( 6.0%) 
LDR worldlights        147/8192        14700/819200   ( 1.8%) 
HDR worldlights          0/8192            0/819200   ( 0.0%) 
leafwaterdata            0/32768           0/393216   ( 0.0%) 
waterstrips            394/32768        3940/327680   ( 1.2%) 
waterverts               0/65536           0/786432   ( 0.0%) 
waterindices          7020/65536       14040/131072   (10.7%) 
cubemapsamples           8/1024          128/16384    ( 0.8%) 
overlays                10/512          3520/180224   ( 2.0%) 
LDR lightdata         [variable]     2667704/0        ( 0.0%) 
HDR lightdata         [variable]           0/0        ( 0.0%) 
visdata               [variable]      173835/16777216 ( 1.0%) 
entdata               [variable]      199135/393216   (50.6%) 
LDR ambient table     2907/65536       11628/262144   ( 4.4%) 
HDR ambient table     2907/65536       11628/262144   ( 4.4%) 
LDR leaf ambient     10271/65536      287588/1835008  (15.7%) 
HDR leaf ambient      2907/65536       81396/1835008  ( 4.4%) 
occluders                0/0               0/0        ( 0.0%) 
occluder polygons        0/0               0/0        ( 0.0%) 
occluder vert ind        0/0               0/0        ( 0.0%) 
detail props          [variable]           1/12       ( 8.3%) 
static props          [variable]           1/53246    ( 0.0%) 
pakfile               [variable]     2835446/0        ( 0.0%) 
physics               [variable]      570314/4194304  (13.6%) 
physics terrain       [variable]           2/1048576  ( 0.0%) 

Level flags = 1

Total triangle count: 8565
Writing d:\steamlibrary\steamapps\common\portal 2\portal2_dlc3\maps\sp_a4_tb_trust_drop.bsp
1 minute, 33 seconds elapsed



[Reading texlights from 'lights.rad']
[59 texlights parsed from 'lights.rad']

Loading d:\steamlibrary\steamapps\common\portal 2\portal2_dlc3\maps\sp_a4_tb_trust_drop.bsp
Loaded alpha texture materials\Tools\toolsinvisible.vtf
Loaded alpha texture materials\Metal\metalgrate018.vtf



materialPath: D:\SteamLibrary\steamapps\common\Portal 2\portal2\materials
Loading d:\steamlibrary\steamapps\common\portal 2\portal2_dlc3\maps\sp_a4_tb_trust_drop.vmf
ConVarRef gpu_level doesn't point to an existing ConVar
fixing up env_cubemap materials on brush sides...
0...1...2...3...4...5...6...7...8...9...100...1...2...3...4...5...6...7...8...9...10Processing areas...done (0)
Building Faces...done (0)
Chop Details...done (0)
Find Visible Detail Sides...
Merged 316 detail faces...done (0)
Merging details...done (0)
FixTjuncs...
PruneNodes...
WriteBSP...
done (0)
writing d:\steamlibrary\steamapps\common\portal 2\portal2_dlc3\maps\sp_a4_tb_trust_drop.prt...Building visibility clusters...
done (0)
Finding displacement neighbors...
Finding lightmap sample positions...
Displacement Alpha : 0...1...2...3...4...5...6...7...8...9...10
Building Physics collision data...
done (1) (570314 bytes)
Encountered obsolete static prop option to do its fade in screen space @ -320.00 1232.00 992.00
Encountered obsolete static prop option to do its fade in screen space @ -832.00 400.00 608.00
Encountered obsolete static prop option to do its fade in screen space @ -272.00 384.00 992.00
Encountered obsolete static prop option to do its fade in screen space @ 384.00 1264.00 1056.00
Encountered obsolete static prop option to do its fade in screen space @ -320.00 1264.00 96.00
Encountered obsolete static prop option to do its fade in screen space @ -768.00 400.00 1088.00
Encountered obsolete static prop option to do its fade in screen space @ -832.00 448.00 1072.00
Encountered obsolete static prop option to do its fade in screen space @ -320.00 1232.00 352.00
Encountered obsolete static prop option to do its fade in screen space @ -832.00 432.00 992.00
Encountered obsolete static prop option to do its fade in screen space @ -320.00 1264.00 224.00
Encountered obsolete static prop option to do its fade in screen space @ -272.00 384.00 1120.00
Encountered obsolete static prop option to do its fade in screen space @ -832.00 400.00 864.00
Encountered obsolete static prop option to do its fade in screen space @ -832.00 400.00 736.00
Encountered obsolete static prop option to do its fade in screen space @ -320.00 1264.00 864.00
Encountered obsolete static prop option to do its fade in screen space @ -320.00 1232.00 864.00
Encountered obsolete static prop option to do its fade in screen space @ -320.00 1264.00 608.00
Encountered obsolete static prop option to do its fade in screen space @ -320.00 1232.00 480.00
Encountered obsolete static prop option to do its fade in screen space @ -320.00 1264.00 352.00
Encountered obsolete static prop option to do its fade in screen space @ 320.00 1264.00 800.00
Encountered obsolete static prop option to do its fade in screen space @ -384.00 400.00 1088.00
Encountered obsolete static prop option to do its fade in screen space @ -512.00 400.00 1088.00
Encountered obsolete static prop option to do its fade in screen space @ -832.00 400.00 992.00
Encountered obsolete static prop option to do its fade in screen space @ 192.00 1264.00 864.00
Encountered obsolete static prop option to do its fade in screen space @ 192.00 1264.00 992.00
Encountered obsolete static prop option to do its fade in screen space @ 192.00 1232.00 992.00
Encountered obsolete static prop option to do its fade in screen space @ 192.00 1232.00 864.00
Encountered obsolete static prop option to do its fade in screen space @ 256.00 1232.00 1056.00
Encountered obsolete static prop option to do its fade in screen space @ -368.00 448.00 224.00
Encountered obsolete static prop option to do its fade in screen space @ -320.00 1264.00 992.00
Encountered obsolete static prop option to do its fade in screen space @ -528.00 448.00 224.00
Encountered obsolete static prop option to do its fade in screen space @ -320.00 1264.00 480.00
Encountered obsolete static prop option to do its fade in screen space @ -320.00 1264.00 736.00
Encountered obsolete static prop option to do its fade in screen space @ -640.00 400.00 1088.00
Encountered obsolete static prop option to do its fade in screen space @ 256.00 1264.00 1056.00
Encountered obsolete static prop option to do its fade in screen space @ 320.00 1392.00 992.00
Encountered obsolete static prop option to do its fade in screen space @ 320.00 1424.00 992.00
Encountered obsolete static prop option to do its fade in screen space @ 592.00 448.00 1120.00
Encountered obsolete static prop option to do its fade in screen space @ 560.00 448.00 1120.00
Placing detail props : 0...1...2...3...4...5...6...7...8...9...10
Compacting texture/material tables...
Reduced 2318 texinfos to 1126
Reduced 70 texdatas to 66 (2305 bytes to 2111)
Writing d:\steamlibrary\steamapps\common\portal 2\portal2_dlc3\maps\sp_a4_tb_trust_drop.bsp

nummapplanes:     (  7752 / 65536 )
nummapbrushes:    (  1517 /  8192 )
nummapbrushsides: ( 12743 / 65536 )
num_map_overlays: (    10 /   512 )
nummodels:        (   114 /  1024 )
num_entities:     (   603 / 16384 )

5 seconds elapsed



12 threads
reading d:\steamlibrary\steamapps\common\portal 2\portal2_dlc3\maps\sp_a4_tb_trust_drop.bsp
reading d:\steamlibrary\steamapps\common\portal 2\portal2_dlc3\maps\sp_a4_tb_trust_drop.prt
 833 portalclusters
2464 numportals
0...1...2...3...4...5...6...7...8...9...10Optimized: 19964 visible clusters (0.00%)
Total clusters visible: 500757
Average clusters visible: 601
Building PAS...
Average clusters audible: 772
visdatasize:173835  compressed from 186592
writing d:\steamlibrary\steamapps\common\portal 2\portal2_dlc3\maps\sp_a4_tb_trust_drop.bsp
0 seconds elapsed



[Reading texlights from 'lights.rad']
[59 texlights parsed from 'lights.rad']

Loading d:\steamlibrary\steamapps\common\portal 2\portal2_dlc3\maps\sp_a4_tb_trust_drop.bsp
Loaded alpha texture materials\Tools\toolsinvisible.vtf
Loaded alpha texture materials\Metal\metalgrate018.vtf
3358 faces
3 degenerate faces
5266242 square feet [758338944.00 square inches]
0 Displacements
0 Square Feet [0.00 Square Inches]
3355 patches before subdivision
59299 patches after subdivision
147 direct lights
0...1...2...3...4...5...6...7...8...9...100...1...2...3...4...5...6...7...8...9...10transfers 6301578, max 773
transfer lists:  48.1 megs
0...1...2...3...4...5...6...7...8...9...10	Bounce #1 added RGB(16966, 20015, 21404)
0...1...2...3...4...5...6...7...8...9...10	Bounce #2 added RGB(7718, 9138, 9712)
0...1...2...3...4...5...6...7...8...9...10	Bounce #3 added RGB(3740, 4422, 4661)
0...1...2...3...4...5...6...7...8...9...10	Bounce #4 added RGB(1870, 2208, 2313)
0...1...2...3...4...5...6...7...8...9...10	Bounce #5 added RGB(940, 1109, 1157)
0...1...2...3...4...5...6...7...8...9...10	Bounce #6 added RGB(476, 561, 583)
0...1...2...3...4...5...6...7...8...9...10	Bounce #7 added RGB(242, 284, 295)
0...1...2...3...4...5...6...7...8...9...10	Bounce #8 added RGB(123, 144, 150)
0...1...2...3...4...5...6...7...8...9...10	Bounce #9 added RGB(63, 74, 76)
0...1...2...3...4...5...6...7...8...9...10	Bounce #10 added RGB(32, 38, 39)
0...1...2...3...4...5...6...7...8...9...10	Bounce #11 added RGB(16, 19, 20)
0...1...2...3...4...5...6...7...8...9...10	Bounce #12 added RGB(8, 10, 10)
0...1...2...3...4...5...6...7...8...9...10	Bounce #13 added RGB(4, 5, 5)
0...1...2...3...4...5...6...7...8...9...10	Bounce #14 added RGB(2, 3, 3)
0...1...2...3...4...5...6...7...8...9...10	Bounce #15 added RGB(1, 1, 1)
0...1...2...3...4...5...6...7...8...9...10	Bounce #16 added RGB(1, 1, 1)
Build Patch/Sample Hash Table(s).....Done<0.0253 sec>
0...1...2...3...4...5...6...7...8...9...10FinalLightFace Done
76 of 76 (100% of) surface lights went in leaf ambient cubes.
0...1...2...3...4...5...6...7...8...9...10Writing leaf ambient...done
Computing static prop lighting : 00...1...2...3...4...5...6...7...8...9...10
Ready to Finish

Object names       Objects/Maxobjs  Memory / Maxmem  Fullness 
------------       ---------------  ---------------  -------- 
models                 114/1024         5472/49152    (11.1%) 
brushes               1517/8192        18204/98304    (18.5%) 
brushsides           12839/65536      102712/524288   (19.6%) 
planes                7752/65536      155040/1310720  (11.8%) 
vertexes              7404/65536       88848/786432   (11.3%) 
nodes                 2792/65536       89344/2097152  ( 4.3%) 
texinfos              1126/12288       81072/884736   ( 9.2%) 
texdata                 66/2048         2112/65536    ( 3.2%) 
dispinfos                0/0               0/0        ( 0.0%) 
disp_verts               0/0               0/0        ( 0.0%) 
disp_tris                0/0               0/0        ( 0.0%) 
disp_multiblend          0/0               0/0        ( 0.0%) 
disp_lmsamples           0/0               0/0        ( 0.0%) 
faces                 3358/65536      188048/3670016  ( 5.1%) 
hdr faces                0/65536           0/3670016  ( 0.0%) 
origfaces             2398/65536      134288/3670016  ( 3.7%) 
facebrushes            346/0             692/0        ( 0.0%) 
facebrushlists        3358/0           13432/0        ( 0.0%) 
leaves                2907/65536       93024/2097152  ( 4.4%) 
leaffaces             4657/65536        9314/131072   ( 7.1%) 
leafbrushes           3506/65536        7012/131072   ( 5.3%) 
areas                   11/256            88/2048     ( 4.3%) 
surfedges            24841/512000      99364/2048000  ( 4.9%) 
edges                15295/256000      61180/1024000  ( 6.0%) 
LDR worldlights        147/8192        14700/819200   ( 1.8%) 
HDR worldlights          0/8192            0/819200   ( 0.0%) 
leafwaterdata            0/32768           0/393216   ( 0.0%) 
waterstrips            394/32768        3940/327680   ( 1.2%) 
waterverts               0/65536           0/786432   ( 0.0%) 
waterindices          7020/65536       14040/131072   (10.7%) 
cubemapsamples           8/1024          128/16384    ( 0.8%) 
overlays                10/512          3520/180224   ( 2.0%) 
LDR lightdata         [variable]     2667704/0        ( 0.0%) 
HDR lightdata         [variable]           0/0        ( 0.0%) 
visdata               [variable]      173835/16777216 ( 1.0%) 
entdata               [variable]      199135/393216   (50.6%) 
LDR ambient table     2907/65536       11628/262144   ( 4.4%) 
HDR ambient table     2907/65536       11628/262144   ( 4.4%) 
LDR leaf ambient     10271/65536      287588/1835008  (15.7%) 
HDR leaf ambient      2907/65536       81396/1835008  ( 4.4%) 
occluders                0/0               0/0        ( 0.0%) 
occluder polygons        0/0               0/0        ( 0.0%) 
occluder vert ind        0/0               0/0        ( 0.0%) 
detail props          [variable]           1/12       ( 8.3%) 
static props          [variable]           1/53246    ( 0.0%) 
pakfile               [variable]     2835446/0        ( 0.0%) 
physics               [variable]      570314/4194304  (13.6%) 
physics terrain       [variable]           2/1048576  ( 0.0%) 

Level flags = 1

Total triangle count: 8565
Writing d:\steamlibrary\steamapps\common\portal 2\portal2_dlc3\maps\sp_a4_tb_trust_drop.bsp
1 minute, 33 seconds elapsed



[Reading texlights from 'lights.rad']
[59 texlights parsed from 'lights.rad']

Loading d:\steamlibrary\steamapps\common\portal 2\portal2_dlc3\maps\sp_a4_tb_trust_drop.bsp
Loaded alpha texture materials\Tools\toolsinvisible.vtf
Loaded alpha texture materials\Metal\metalgrate018.vtf
3358 faces
3 degenerate faces
5266242 square feet [758338944.00 square inches]
0 Displacements
0 Square Feet [0.00 Square Inches]
3355 patches before subdivision
59299 patches after subdivision
147 direct lights
0...1...2...3...4...5...6...7...8...9...100...1...2...3...4...5...6...7...8...9...10transfers 6301578, max 773
transfer lists:  48.1 megs
0...1...2...3...4...5...6...7...8...9...10	Bounce #1 added RGB(22569, 27131, 29471)
0...1...2...3...4...5...6...7...8...9...10	Bounce #2 added RGB(10543, 12729, 13739)
0...1...2...3...4...5...6...7...8...9...10	Bounce #3 added RGB(5131, 6191, 6629)
0...1...2...3...4...5...6...7...8...9...10	Bounce #4 added RGB(2571, 3099, 3299)
0...1...2...3...4...5...6...7...8...9...10	Bounce #5 added RGB(1293, 1557, 1651)
0...1...2...3...4...5...6...7...8...9...10	Bounce #6 added RGB(655, 788, 834)
0...1...2...3...4...5...6...7...8...9...10	Bounce #7 added RGB(333, 400, 422)
0...1...2...3...4...5...6...7...8...9...10	Bounce #8 added RGB(169, 203, 214)
0...1...2...3...4...5...6...7...8...9...10	Bounce #9 added RGB(86, 104, 109)
0...1...2...3...4...5...6...7...8...9...10	Bounce #10 added RGB(44, 53, 56)
0...1...2...3...4...5...6...7...8...9...10	Bounce #11 added RGB(23, 27, 28)
0...1...2...3...4...5...6...7...8...9...10	Bounce #12 added RGB(12, 14, 15)
0...1...2...3...4...5...6...7...8...9...10	Bounce #13 added RGB(6, 7, 7)
0...1...2...3...4...5...6...7...8...9...10	Bounce #14 added RGB(3, 4, 4)
0...1...2...3...4...5...6...7...8...9...10	Bounce #15 added RGB(2, 2, 2)
0...1...2...3...4...5...6...7...8...9...10	Bounce #16 added RGB(1, 1, 1)
Build Patch/Sample Hash Table(s).....Done<0.0295 sec>
0...1...2...3...4...5...6...7...8...9...10FinalLightFace Done
76 of 76 (100% of) surface lights went in leaf ambient cubes.
0...1...2...3...4...5...6...7...8...9...10Writing leaf ambient...done
Computing static prop lighting : 00...1...2...3...4...5...6...7...8...9...10
Ready to Finish

Object names       Objects/Maxobjs  Memory / Maxmem  Fullness 
------------       ---------------  ---------------  -------- 
models                 114/1024         5472/49152    (11.1%) 
brushes               1517/8192        18204/98304    (18.5%) 
brushsides           12839/65536      102712/524288   (19.6%) 
planes                7752/65536      155040/1310720  (11.8%) 
vertexes              7404/65536       88848/786432   (11.3%) 
nodes                 2792/65536       89344/2097152  ( 4.3%) 
texinfos              1126/12288       81072/884736   ( 9.2%) 
texdata                 66/2048         2112/65536    ( 3.2%) 
dispinfos                0/0               0/0        ( 0.0%) 
disp_verts               0/0               0/0        ( 0.0%) 
disp_tris                0/0               0/0        ( 0.0%) 
disp_multiblend          0/0               0/0        ( 0.0%) 
disp_lmsamples           0/0               0/0        ( 0.0%) 
faces                 3358/65536      188048/3670016  ( 5.1%) 
hdr faces             3358/65536      188048/3670016  ( 5.1%) 
origfaces             2398/65536      134288/3670016  ( 3.7%) 
facebrushes            346/0             692/0        ( 0.0%) 
facebrushlists        3358/0           13432/0        ( 0.0%) 
leaves                2907/65536       93024/2097152  ( 4.4%) 
leaffaces             4657/65536        9314/131072   ( 7.1%) 
leafbrushes           3506/65536        7012/131072   ( 5.3%) 
areas                   11/256            88/2048     ( 4.3%) 
surfedges            24841/512000      99364/2048000  ( 4.9%) 
edges                15295/256000      61180/1024000  ( 6.0%) 
LDR worldlights        147/8192        14700/819200   ( 1.8%) 
HDR worldlights        147/8192        14700/819200   ( 1.8%) 
leafwaterdata            0/32768           0/393216   ( 0.0%) 
waterstrips            394/32768        3940/327680   ( 1.2%) 
waterverts               0/65536           0/786432   ( 0.0%) 
waterindices          7020/65536       14040/131072   (10.7%) 
cubemapsamples           8/1024          128/16384    ( 0.8%) 
overlays                10/512          3520/180224   ( 2.0%) 
LDR lightdata         [variable]     2667704/0        ( 0.0%) 
HDR lightdata         [variable]     2667704/0        ( 0.0%) 
visdata               [variable]      173835/16777216 ( 1.0%) 
entdata               [variable]      199135/393216   (50.6%) 
LDR ambient table     2907/65536       11628/262144   ( 4.4%) 
HDR ambient table     2907/65536       11628/262144   ( 4.4%) 
LDR leaf ambient     10271/65536      287588/1835008  (15.7%) 
HDR leaf ambient     11166/65536      312648/1835008  (17.0%) 
occluders                0/0               0/0        ( 0.0%) 
occluder polygons        0/0               0/0        ( 0.0%) 
occluder vert ind        0/0               0/0        ( 0.0%) 
detail props          [variable]           1/12       ( 8.3%) 
static props          [variable]           1/53246    ( 0.0%) 
pakfile               [variable]     5002154/0        ( 0.0%) 
physics               [variable]      570314/4194304  (13.6%) 
physics terrain       [variable]           2/1048576  ( 0.0%) 

Level flags = 3

Total triangle count: 8565
Writing d:\steamlibrary\steamapps\common\portal 2\portal2_dlc3\maps\sp_a4_tb_trust_drop.bsp
1 minute, 33 seconds elapsed



materialPath: D:\SteamLibrary\steamapps\common\Portal 2\portal2\materials
Loading d:\steamlibrary\steamapps\common\portal 2\portal2_dlc3\maps\sp_a4_tb_trust_drop.vmf
ConVarRef gpu_level doesn't point to an existing ConVar
fixing up env_cubemap materials on brush sides...
0...1...2...3...4...5...6...7...8...9...100...1...2...3...4...5...6...7...8...9...10Processing areas...done (0)
Building Faces...done (0)
Chop Details...done (0)
Find Visible Detail Sides...
Merged 316 detail faces...done (0)
Merging details...done (0)
FixTjuncs...
PruneNodes...
WriteBSP...
done (0)
writing d:\steamlibrary\steamapps\common\portal 2\portal2_dlc3\maps\sp_a4_tb_trust_drop.prt...Building visibility clusters...
done (0)
Finding displacement neighbors...
Finding lightmap sample positions...
Displacement Alpha : 0...1...2...3...4...5...6...7...8...9...10
Building Physics collision data...
done (1) (570314 bytes)
Encountered obsolete static prop option to do its fade in screen space @ -320.00 1232.00 992.00
Encountered obsolete static prop option to do its fade in screen space @ -832.00 400.00 608.00
Encountered obsolete static prop option to do its fade in screen space @ -272.00 384.00 992.00
Encountered obsolete static prop option to do its fade in screen space @ 384.00 1264.00 1056.00
Encountered obsolete static prop option to do its fade in screen space @ -320.00 1264.00 96.00
Encountered obsolete static prop option to do its fade in screen space @ -768.00 400.00 1088.00
Encountered obsolete static prop option to do its fade in screen space @ -832.00 448.00 1072.00
Encountered obsolete static prop option to do its fade in screen space @ -320.00 1232.00 352.00
Encountered obsolete static prop option to do its fade in screen space @ -832.00 432.00 992.00
Encountered obsolete static prop option to do its fade in screen space @ -320.00 1264.00 224.00
Encountered obsolete static prop option to do its fade in screen space @ -272.00 384.00 1120.00
Encountered obsolete static prop option to do its fade in screen space @ -832.00 400.00 864.00
Encountered obsolete static prop option to do its fade in screen space @ -832.00 400.00 736.00
Encountered obsolete static prop option to do its fade in screen space @ -320.00 1264.00 864.00
Encountered obsolete static prop option to do its fade in screen space @ -320.00 1232.00 864.00
Encountered obsolete static prop option to do its fade in screen space @ -320.00 1264.00 608.00
Encountered obsolete static prop option to do its fade in screen space @ -320.00 1232.00 480.00
Encountered obsolete static prop option to do its fade in screen space @ -320.00 1264.00 352.00
Encountered obsolete static prop option to do its fade in screen space @ 320.00 1264.00 800.00
Encountered obsolete static prop option to do its fade in screen space @ -384.00 400.00 1088.00
Encountered obsolete static prop option to do its fade in screen space @ -512.00 400.00 1088.00
Encountered obsolete static prop option to do its fade in screen space @ -832.00 400.00 992.00
Encountered obsolete static prop option to do its fade in screen space @ 192.00 1264.00 864.00
Encountered obsolete static prop option to do its fade in screen space @ 192.00 1264.00 992.00
Encountered obsolete static prop option to do its fade in screen space @ 192.00 1232.00 992.00
Encountered obsolete static prop option to do its fade in screen space @ 192.00 1232.00 864.00
Encountered obsolete static prop option to do its fade in screen space @ 256.00 1232.00 1056.00
Encountered obsolete static prop option to do its fade in screen space @ -368.00 448.00 224.00
Encountered obsolete static prop option to do its fade in screen space @ -320.00 1264.00 992.00
Encountered obsolete static prop option to do its fade in screen space @ -528.00 448.00 224.00
Encountered obsolete static prop option to do its fade in screen space @ -320.00 1264.00 480.00
Encountered obsolete static prop option to do its fade in screen space @ -320.00 1264.00 736.00
Encountered obsolete static prop option to do its fade in screen space @ -640.00 400.00 1088.00
Encountered obsolete static prop option to do its fade in screen space @ 256.00 1264.00 1056.00
Encountered obsolete static prop option to do its fade in screen space @ 320.00 1392.00 992.00
Encountered obsolete static prop option to do its fade in screen space @ 320.00 1424.00 992.00
Encountered obsolete static prop option to do its fade in screen space @ 592.00 448.00 1120.00
Encountered obsolete static prop option to do its fade in screen space @ 560.00 448.00 1120.00
Placing detail props : 0...1...2...3...4...5...6...7...8...9...10
Compacting texture/material tables...
Reduced 2318 texinfos to 1126
Reduced 70 texdatas to 66 (2305 bytes to 2111)
Writing d:\steamlibrary\steamapps\common\portal 2\portal2_dlc3\maps\sp_a4_tb_trust_drop.bsp

nummapplanes:     (  7752 / 65536 )
nummapbrushes:    (  1517 /  8192 )
nummapbrushsides: ( 12743 / 65536 )
num_map_overlays: (    10 /   512 )
nummodels:        (   114 /  1024 )
num_entities:     (   601 / 16384 )

5 seconds elapsed



12 threads
reading d:\steamlibrary\steamapps\common\portal 2\portal2_dlc3\maps\sp_a4_tb_trust_drop.bsp
reading d:\steamlibrary\steamapps\common\portal 2\portal2_dlc3\maps\sp_a4_tb_trust_drop.prt
 833 portalclusters
2464 numportals
0...1...2...3...4...5...6...7...8...9...10Optimized: 19964 visible clusters (0.00%)
Total clusters visible: 500757
Average clusters visible: 601
Building PAS...
Average clusters audible: 772
visdatasize:173835  compressed from 186592
writing d:\steamlibrary\steamapps\common\portal 2\portal2_dlc3\maps\sp_a4_tb_trust_drop.bsp
0 seconds elapsed



[Reading texlights from 'lights.rad']
[59 texlights parsed from 'lights.rad']

Loading d:\steamlibrary\steamapps\common\portal 2\portal2_dlc3\maps\sp_a4_tb_trust_drop.bsp
Loaded alpha texture materials\Tools\toolsinvisible.vtf
Loaded alpha texture materials\Metal\metalgrate018.vtf
3358 faces
3 degenerate faces
5266242 square feet [758338944.00 square inches]
0 Displacements
0 Square Feet [0.00 Square Inches]
3355 patches before subdivision
59299 patches after subdivision
147 direct lights
0...1...2...3...4...5...6...7...8...9...100...1...2...3...4...5...6...7...8...9...10transfers 6301578, max 773
transfer lists:  48.1 megs
0...1...2...3...4...5...6...7...8...9...10	Bounce #1 added RGB(16967, 20016, 21405)
0...1...2...3...4...5...6...7...8...9...10	Bounce #2 added RGB(7718, 9138, 9712)
0...1...2...3...4...5...6...7...8...9...10	Bounce #3 added RGB(3740, 4423, 4661)
0...1...2...3...4...5...6...7...8...9...10	Bounce #4 added RGB(1870, 2208, 2313)
0...1...2...3...4...5...6...7...8...9...10	Bounce #5 added RGB(940, 1109, 1157)
0...1...2...3...4...5...6...7...8...9...10	Bounce #6 added RGB(476, 561, 583)
0...1...2...3...4...5...6...7...8...9...10	Bounce #7 added RGB(242, 284, 295)
0...1...2...3...4...5...6...7...8...9...10	Bounce #8 added RGB(123, 144, 150)
0...1...2...3...4...5...6...7...8...9...10	Bounce #9 added RGB(63, 74, 76)
0...1...2...3...4...5...6...7...8...9...10	Bounce #10 added RGB(32, 38, 39)
0...1...2...3...4...5...6...7...8...9...10	Bounce #11 added RGB(16, 19, 20)
0...1...2...3...4...5...6...7...8...9...10	Bounce #12 added RGB(8, 10, 10)
0...1...2...3...4...5...6...7...8...9...10	Bounce #13 added RGB(4, 5, 5)
0...1...2...3...4...5...6...7...8...9...10	Bounce #14 added RGB(2, 3, 3)
0...1...2...3...4...5...6...7...8...9...10	Bounce #15 added RGB(1, 1, 1)
0...1...2...3...4...5...6...7...8...9...10	Bounce #16 added RGB(1, 1, 1)
Build Patch/Sample Hash Table(s).....Done<0.0249 sec>
0...1...2...3...4...5...6...7...8...9...10FinalLightFace Done
76 of 76 (100% of) surface lights went in leaf ambient cubes.
0...1...2...3...4...5...6...7...8...9...10Writing leaf ambient...done
Computing static prop lighting : 00...1...2...3...4...5...6...7...8...9...10
Ready to Finish

Object names       Objects/Maxobjs  Memory / Maxmem  Fullness 
------------       ---------------  ---------------  -------- 
models                 114/1024         5472/49152    (11.1%) 
brushes               1517/8192        18204/98304    (18.5%) 
brushsides           12839/65536      102712/524288   (19.6%) 
planes                7752/65536      155040/1310720  (11.8%) 
vertexes              7404/65536       88848/786432   (11.3%) 
nodes                 2792/65536       89344/2097152  ( 4.3%) 
texinfos              1126/12288       81072/884736   ( 9.2%) 
texdata                 66/2048         2112/65536    ( 3.2%) 
dispinfos                0/0               0/0        ( 0.0%) 
disp_verts               0/0               0/0        ( 0.0%) 
disp_tris                0/0               0/0        ( 0.0%) 
disp_multiblend          0/0               0/0        ( 0.0%) 
disp_lmsamples           0/0               0/0        ( 0.0%) 
faces                 3358/65536      188048/3670016  ( 5.1%) 
hdr faces                0/65536           0/3670016  ( 0.0%) 
origfaces             2398/65536      134288/3670016  ( 3.7%) 
facebrushes            346/0             692/0        ( 0.0%) 
facebrushlists        3358/0           13432/0        ( 0.0%) 
leaves                2907/65536       93024/2097152  ( 4.4%) 
leaffaces             4657/65536        9314/131072   ( 7.1%) 
leafbrushes           3506/65536        7012/131072   ( 5.3%) 
areas                   11/256            88/2048     ( 4.3%) 
surfedges            24841/512000      99364/2048000  ( 4.9%) 
edges                15295/256000      61180/1024000  ( 6.0%) 
LDR worldlights        147/8192        14700/819200   ( 1.8%) 
HDR worldlights          0/8192            0/819200   ( 0.0%) 
leafwaterdata            0/32768           0/393216   ( 0.0%) 
waterstrips            394/32768        3940/327680   ( 1.2%) 
waterverts               0/65536           0/786432   ( 0.0%) 
waterindices          7020/65536       14040/131072   (10.7%) 
cubemapsamples           8/1024          128/16384    ( 0.8%) 
overlays                10/512          3520/180224   ( 2.0%) 
LDR lightdata         [variable]     2667704/0        ( 0.0%) 
HDR lightdata         [variable]           0/0        ( 0.0%) 
visdata               [variable]      173835/16777216 ( 1.0%) 
entdata               [variable]      198549/393216   (50.5%) 
LDR ambient table     2907/65536       11628/262144   ( 4.4%) 
HDR ambient table     2907/65536       11628/262144   ( 4.4%) 
LDR leaf ambient     10271/65536      287588/1835008  (15.7%) 
HDR leaf ambient      2907/65536       81396/1835008  ( 4.4%) 
occluders                0/0               0/0        ( 0.0%) 
occluder polygons        0/0               0/0        ( 0.0%) 
occluder vert ind        0/0               0/0        ( 0.0%) 
detail props          [variable]           1/12       ( 8.3%) 
static props          [variable]           1/53246    ( 0.0%) 
pakfile               [variable]     2835446/0        ( 0.0%) 
physics               [variable]      570314/4194304  (13.6%) 
physics terrain       [variable]           2/1048576  ( 0.0%) 

Level flags = 1

Total triangle count: 8565
Writing d:\steamlibrary\steamapps\common\portal 2\portal2_dlc3\maps\sp_a4_tb_trust_drop.bsp
1 minute, 32 seconds elapsed



[Reading texlights from 'lights.rad']
[59 texlights parsed from 'lights.rad']

Loading d:\steamlibrary\steamapps\common\portal 2\portal2_dlc3\maps\sp_a4_tb_trust_drop.bsp
Loaded alpha texture materials\Tools\toolsinvisible.vtf
Loaded alpha texture materials\Metal\metalgrate018.vtf
3358 faces
3 degenerate faces
5266242 square feet [758338944.00 square inches]
0 Displacements
0 Square Feet [0.00 Square Inches]
3355 patches before subdivision
59299 patches after subdivision
147 direct lights
0...1...2...3...4...5...6...7...8...9...100...1...2...3...4...5...6...7...8...9...10transfers 6301578, max 773
transfer lists:  48.1 megs
0...1...2...3...4...5...6...7...8...9...10	Bounce #1 added RGB(22568, 27130, 29470)
0...1...2...3...4...5...6...7...8...9...10	Bounce #2 added RGB(10543, 12729, 13739)
0...1...2...3...4...5...6...7...8...9...10	Bounce #3 added RGB(5131, 6191, 6629)
0...1...2...3...4...5...6...7...8...9...10	Bounce #4 added RGB(2571, 3099, 3299)
0...1...2...3...4...5...6...7...8...9...10	Bounce #5 added RGB(1293, 1557, 1651)
0...1...2...3...4...5...6...7...8...9...10	Bounce #6 added RGB(655, 788, 834)
0...1...2...3...4...5...6...7...8...9...10	Bounce #7 added RGB(333, 400, 422)
0...1...2...3...4...5...6...7...8...9...10	Bounce #8 added RGB(169, 203, 214)
0...1...2...3...4...5...6...7...8...9...10	Bounce #9 added RGB(86, 104, 109)
0...1...2...3...4...5...6...7...8...9...10	Bounce #10 added RGB(44, 53, 56)
0...1...2...3...4...5...6...7...8...9...10	Bounce #11 added RGB(23, 27, 28)
0...1...2...3...4...5...6...7...8...9...10	Bounce #12 added RGB(12, 14, 15)
0...1...2...3...4...5...6...7...8...9...10	Bounce #13 added RGB(6, 7, 7)
0...1...2...3...4...5...6...7...8...9...10	Bounce #14 added RGB(3, 4, 4)
0...1...2...3...4...5...6...7...8...9...10	Bounce #15 added RGB(2, 2, 2)
0...1...2...3...4...5...6...7...8...9...10	Bounce #16 added RGB(1, 1, 1)
Build Patch/Sample Hash Table(s).....Done<0.0302 sec>
0...1...2...3...4...5...6...7...8...9...10FinalLightFace Done
76 of 76 (100% of) surface lights went in leaf ambient cubes.
0...1...2...3...4...5...6...7...8...9...10Writing leaf ambient...done
Computing static prop lighting : 00...1...2...3...4...5...6...7...8...9...10
Ready to Finish

Object names       Objects/Maxobjs  Memory / Maxmem  Fullness 
------------       ---------------  ---------------  -------- 
models                 114/1024         5472/49152    (11.1%) 
brushes               1517/8192        18204/98304    (18.5%) 
brushsides           12839/65536      102712/524288   (19.6%) 
planes                7752/65536      155040/1310720  (11.8%) 
vertexes              7404/65536       88848/786432   (11.3%) 
nodes                 2792/65536       89344/2097152  ( 4.3%) 
texinfos              1126/12288       81072/884736   ( 9.2%) 
texdata                 66/2048         2112/65536    ( 3.2%) 
dispinfos                0/0               0/0        ( 0.0%) 
disp_verts               0/0               0/0        ( 0.0%) 
disp_tris                0/0               0/0        ( 0.0%) 
disp_multiblend          0/0               0/0        ( 0.0%) 
disp_lmsamples           0/0               0/0        ( 0.0%) 
faces                 3358/65536      188048/3670016  ( 5.1%) 
hdr faces             3358/65536      188048/3670016  ( 5.1%) 
origfaces             2398/65536      134288/3670016  ( 3.7%) 
facebrushes            346/0             692/0        ( 0.0%) 
facebrushlists        3358/0           13432/0        ( 0.0%) 
leaves                2907/65536       93024/2097152  ( 4.4%) 
leaffaces             4657/65536        9314/131072   ( 7.1%) 
leafbrushes           3506/65536        7012/131072   ( 5.3%) 
areas                   11/256            88/2048     ( 4.3%) 
surfedges            24841/512000      99364/2048000  ( 4.9%) 
edges                15295/256000      61180/1024000  ( 6.0%) 
LDR worldlights        147/8192        14700/819200   ( 1.8%) 
HDR worldlights        147/8192        14700/819200   ( 1.8%) 
leafwaterdata            0/32768           0/393216   ( 0.0%) 
waterstrips            394/32768        3940/327680   ( 1.2%) 
waterverts               0/65536           0/786432   ( 0.0%) 
waterindices          7020/65536       14040/131072   (10.7%) 
cubemapsamples           8/1024          128/16384    ( 0.8%) 
overlays                10/512          3520/180224   ( 2.0%) 
LDR lightdata         [variable]     2667704/0        ( 0.0%) 
HDR lightdata         [variable]     2667704/0        ( 0.0%) 
visdata               [variable]      173835/16777216 ( 1.0%) 
entdata               [variable]      198549/393216   (50.5%) 
LDR ambient table     2907/65536       11628/262144   ( 4.4%) 
HDR ambient table     2907/65536       11628/262144   ( 4.4%) 
LDR leaf ambient     10271/65536      287588/1835008  (15.7%) 
HDR leaf ambient     11167/65536      312676/1835008  (17.0%) 
occluders                0/0               0/0        ( 0.0%) 
occluder polygons        0/0               0/0        ( 0.0%) 
occluder vert ind        0/0               0/0        ( 0.0%) 
detail props          [variable]           1/12       ( 8.3%) 
static props          [variable]           1/53246    ( 0.0%) 
pakfile               [variable]     5002154/0        ( 0.0%) 
physics               [variable]      570314/4194304  (13.6%) 
physics terrain       [variable]           2/1048576  ( 0.0%) 

Level flags = 3

Total triangle count: 8565
Writing d:\steamlibrary\steamapps\common\portal 2\portal2_dlc3\maps\sp_a4_tb_trust_drop.bsp
1 minute, 34 seconds elapsed



materialPath: D:\SteamLibrary\steamapps\common\Portal 2\portal2\materials
Loading d:\steamlibrary\steamapps\common\portal 2\portal2_dlc3\maps\sp_a4_tb_trust_drop.vmf
ConVarRef gpu_level doesn't point to an existing ConVar
fixing up env_cubemap materials on brush sides...
0...1...2...3...4...5...6...7...8...9...100...1...2...3...4...5...6...7...8...9...10Processing areas...done (0)
Building Faces...done (0)
Chop Details...done (0)
Find Visible Detail Sides...
Merged 316 detail faces...done (0)
Merging details...done (0)
FixTjuncs...
PruneNodes...
WriteBSP...
done (0)
writing d:\steamlibrary\steamapps\common\portal 2\portal2_dlc3\maps\sp_a4_tb_trust_drop.prt...Building visibility clusters...
done (0)
Finding displacement neighbors...
Finding lightmap sample positions...
Displacement Alpha : 0...1...2...3...4...5...6...7...8...9...10
Building Physics collision data...
done (1) (570314 bytes)
Encountered obsolete static prop option to do its fade in screen space @ -320.00 1232.00 992.00
Encountered obsolete static prop option to do its fade in screen space @ -832.00 400.00 608.00
Encountered obsolete static prop option to do its fade in screen space @ -272.00 384.00 992.00
Encountered obsolete static prop option to do its fade in screen space @ 384.00 1264.00 1056.00
Encountered obsolete static prop option to do its fade in screen space @ -320.00 1264.00 96.00
Encountered obsolete static prop option to do its fade in screen space @ -768.00 400.00 1088.00
Encountered obsolete static prop option to do its fade in screen space @ -832.00 448.00 1072.00
Encountered obsolete static prop option to do its fade in screen space @ -320.00 1232.00 352.00
Encountered obsolete static prop option to do its fade in screen space @ -832.00 432.00 992.00
Encountered obsolete static prop option to do its fade in screen space @ -320.00 1264.00 224.00
Encountered obsolete static prop option to do its fade in screen space @ -272.00 384.00 1120.00
Encountered obsolete static prop option to do its fade in screen space @ -832.00 400.00 864.00
Encountered obsolete static prop option to do its fade in screen space @ -832.00 400.00 736.00
Encountered obsolete static prop option to do its fade in screen space @ -320.00 1264.00 864.00
Encountered obsolete static prop option to do its fade in screen space @ -320.00 1232.00 864.00
Encountered obsolete static prop option to do its fade in screen space @ -320.00 1264.00 608.00
Encountered obsolete static prop option to do its fade in screen space @ -320.00 1232.00 480.00
Encountered obsolete static prop option to do its fade in screen space @ -320.00 1264.00 352.00
Encountered obsolete static prop option to do its fade in screen space @ 320.00 1264.00 800.00
Encountered obsolete static prop option to do its fade in screen space @ -384.00 400.00 1088.00
Encountered obsolete static prop option to do its fade in screen space @ -512.00 400.00 1088.00
Encountered obsolete static prop option to do its fade in screen space @ -832.00 400.00 992.00
Encountered obsolete static prop option to do its fade in screen space @ 192.00 1264.00 864.00
Encountered obsolete static prop option to do its fade in screen space @ 192.00 1264.00 992.00
Encountered obsolete static prop option to do its fade in screen space @ 192.00 1232.00 992.00
Encountered obsolete static prop option to do its fade in screen space @ 192.00 1232.00 864.00
Encountered obsolete static prop option to do its fade in screen space @ 256.00 1232.00 1056.00
Encountered obsolete static prop option to do its fade in screen space @ -368.00 448.00 224.00
Encountered obsolete static prop option to do its fade in screen space @ -320.00 1264.00 992.00
Encountered obsolete static prop option to do its fade in screen space @ -528.00 448.00 224.00
Encountered obsolete static prop option to do its fade in screen space @ -320.00 1264.00 480.00
Encountered obsolete static prop option to do its fade in screen space @ -320.00 1264.00 736.00
Encountered obsolete static prop option to do its fade in screen space @ -640.00 400.00 1088.00
Encountered obsolete static prop option to do its fade in screen space @ 256.00 1264.00 1056.00
Encountered obsolete static prop option to do its fade in screen space @ 320.00 1392.00 992.00
Encountered obsolete static prop option to do its fade in screen space @ 320.00 1424.00 992.00
Encountered obsolete static prop option to do its fade in screen space @ 592.00 448.00 1120.00
Encountered obsolete static prop option to do its fade in screen space @ 560.00 448.00 1120.00
Placing detail props : 0...1...2...3...4...5...6...7...8...9...10
Compacting texture/material tables...
Reduced 2318 texinfos to 1126
Reduced 70 texdatas to 66 (2305 bytes to 2111)
Writing d:\steamlibrary\steamapps\common\portal 2\portal2_dlc3\maps\sp_a4_tb_trust_drop.bsp

nummapplanes:     (  7752 / 65536 )
nummapbrushes:    (  1517 /  8192 )
nummapbrushsides: ( 12743 / 65536 )
num_map_overlays: (    10 /   512 )
nummodels:        (   114 /  1024 )
num_entities:     (   602 / 16384 )

5 seconds elapsed



12 threads
reading d:\steamlibrary\steamapps\common\portal 2\portal2_dlc3\maps\sp_a4_tb_trust_drop.bsp
reading d:\steamlibrary\steamapps\common\portal 2\portal2_dlc3\maps\sp_a4_tb_trust_drop.prt
 833 portalclusters
2464 numportals
0...1...2...3...4...5...6...7...8...9...10Optimized: 19964 visible clusters (0.00%)
Total clusters visible: 500757
Average clusters visible: 601
Building PAS...
Average clusters audible: 772
visdatasize:173835  compressed from 186592
writing d:\steamlibrary\steamapps\common\portal 2\portal2_dlc3\maps\sp_a4_tb_trust_drop.bsp
0 seconds elapsed



[Reading texlights from 'lights.rad']
[59 texlights parsed from 'lights.rad']

Loading d:\steamlibrary\steamapps\common\portal 2\portal2_dlc3\maps\sp_a4_tb_trust_drop.bsp
Loaded alpha texture materials\Tools\toolsinvisible.vtf
Loaded alpha texture materials\Metal\metalgrate018.vtf
3358 faces
3 degenerate faces
5266242 square feet [758338944.00 square inches]
0 Displacements
0 Square Feet [0.00 Square Inches]
3355 patches before subdivision
59299 patches after subdivision
147 direct lights
0...1...2...3...4...5...6...7...8...9...100...1...2...3...4...5...6...7...8...9...10transfers 6301578, max 773
transfer lists:  48.1 megs
0...1...2...3...4...5...6...7...8...9...10	Bounce #1 added RGB(16965, 20014, 21403)
0...1...2...3...4...5...6...7...8...9...10	Bounce #2 added RGB(7717, 9137, 9711)
0...1...2...3...4...5...6...7...8...9...10	Bounce #3 added RGB(3739, 4422, 4661)
0...1...2...3...4...5...6...7...8...9...10	Bounce #4 added RGB(1869, 2207, 2312)
0...1...2...3...4...5...6...7...8...9...10	Bounce #5 added RGB(940, 1108, 1157)
0...1...2...3...4...5...6...7...8...9...10	Bounce #6 added RGB(476, 560, 583)
0...1...2...3...4...5...6...7...8...9...10	Bounce #7 added RGB(242, 284, 295)
0...1...2...3...4...5...6...7...8...9...10	Bounce #8 added RGB(123, 144, 150)
0...1...2...3...4...5...6...7...8...9...10	Bounce #9 added RGB(63, 74, 76)
0...1...2...3...4...5...6...7...8...9...10	Bounce #10 added RGB(32, 38, 39)
0...1...2...3...4...5...6...7...8...9...10	Bounce #11 added RGB(16, 19, 20)
0...1...2...3...4...5...6...7...8...9...10	Bounce #12 added RGB(8, 10, 10)
0...1...2...3...4...5...6...7...8...9...10	Bounce #13 added RGB(4, 5, 5)
0...1...2...3...4...5...6...7...8...9...10	Bounce #14 added RGB(2, 3, 3)
0...1...2...3...4...5...6...7...8...9...10	Bounce #15 added RGB(1, 1, 1)
0...1...2...3...4...5...6...7...8...9...10	Bounce #16 added RGB(1, 1, 1)
Build Patch/Sample Hash Table(s).....Done<0.0244 sec>
0...1...2...3...4...5...6...7...8...9...10FinalLightFace Done
76 of 76 (100% of) surface lights went in leaf ambient cubes.
0...1...2...3...4...5...6...7...8...9...10Writing leaf ambient...done
Computing static prop lighting : 00...1...2...3...4...5...6...7...8...9...10
Ready to Finish

Object names       Objects/Maxobjs  Memory / Maxmem  Fullness 
------------       ---------------  ---------------  -------- 
models                 114/1024         5472/49152    (11.1%) 
brushes               1517/8192        18204/98304    (18.5%) 
brushsides           12839/65536      102712/524288   (19.6%) 
planes                7752/65536      155040/1310720  (11.8%) 
vertexes              7404/65536       88848/786432   (11.3%) 
nodes                 2792/65536       89344/2097152  ( 4.3%) 
texinfos              1126/12288       81072/884736   ( 9.2%) 
texdata                 66/2048         2112/65536    ( 3.2%) 
dispinfos                0/0               0/0        ( 0.0%) 
disp_verts               0/0               0/0        ( 0.0%) 
disp_tris                0/0               0/0        ( 0.0%) 
disp_multiblend          0/0               0/0        ( 0.0%) 
disp_lmsamples           0/0               0/0        ( 0.0%) 
faces                 3358/65536      188048/3670016  ( 5.1%) 
hdr faces                0/65536           0/3670016  ( 0.0%) 
origfaces             2398/65536      134288/3670016  ( 3.7%) 
facebrushes            346/0             692/0        ( 0.0%) 
facebrushlists        3358/0           13432/0        ( 0.0%) 
leaves                2907/65536       93024/2097152  ( 4.4%) 
leaffaces             4657/65536        9314/131072   ( 7.1%) 
leafbrushes           3506/65536        7012/131072   ( 5.3%) 
areas                   11/256            88/2048     ( 4.3%) 
surfedges            24841/512000      99364/2048000  ( 4.9%) 
edges                15295/256000      61180/1024000  ( 6.0%) 
LDR worldlights        147/8192        14700/819200   ( 1.8%) 
HDR worldlights          0/8192            0/819200   ( 0.0%) 
leafwaterdata            0/32768           0/393216   ( 0.0%) 
waterstrips            394/32768        3940/327680   ( 1.2%) 
waterverts               0/65536           0/786432   ( 0.0%) 
waterindices          7020/65536       14040/131072   (10.7%) 
cubemapsamples           8/1024          128/16384    ( 0.8%) 
overlays                10/512          3520/180224   ( 2.0%) 
LDR lightdata         [variable]     2667704/0        ( 0.0%) 
HDR lightdata         [variable]           0/0        ( 0.0%) 
visdata               [variable]      173835/16777216 ( 1.0%) 
entdata               [variable]      198135/393216   (50.4%) 
LDR ambient table     2907/65536       11628/262144   ( 4.4%) 
HDR ambient table     2907/65536       11628/262144   ( 4.4%) 
LDR leaf ambient     10272/65536      287616/1835008  (15.7%) 
HDR leaf ambient      2907/65536       81396/1835008  ( 4.4%) 
occluders                0/0               0/0        ( 0.0%) 
occluder polygons        0/0               0/0        ( 0.0%) 
occluder vert ind        0/0               0/0        ( 0.0%) 
detail props          [variable]           1/12       ( 8.3%) 
static props          [variable]           1/53246    ( 0.0%) 
pakfile               [variable]     2835446/0        ( 0.0%) 
physics               [variable]      570314/4194304  (13.6%) 
physics terrain       [variable]           2/1048576  ( 0.0%) 

Level flags = 1

Total triangle count: 8565
Writing d:\steamlibrary\steamapps\common\portal 2\portal2_dlc3\maps\sp_a4_tb_trust_drop.bsp
1 minute, 33 seconds elapsed



[Reading texlights from 'lights.rad']
[59 texlights parsed from 'lights.rad']

Loading d:\steamlibrary\steamapps\common\portal 2\portal2_dlc3\maps\sp_a4_tb_trust_drop.bsp
Loaded alpha texture materials\Tools\toolsinvisible.vtf
Loaded alpha texture materials\Metal\metalgrate018.vtf
3358 faces
3 degenerate faces
5266242 square feet [758338944.00 square inches]
0 Displacements
0 Square Feet [0.00 Square Inches]
3355 patches before subdivision
59299 patches after subdivision
147 direct lights
0...1...2...3...4...5...6...7...8...9...100...1...2...3...4...5...6...7...8...9...10transfers 6301578, max 773
transfer lists:  48.1 megs
0...1...2...3...4...5...6...7...8...9...10	Bounce #1 added RGB(22568, 27130, 29470)
0...1...2...3...4...5...6...7...8...9...10	Bounce #2 added RGB(10543, 12729, 13739)
0...1...2...3...4...5...6...7...8...9...10	Bounce #3 added RGB(5131, 6191, 6629)
0...1...2...3...4...5...6...7...8...9...10	Bounce #4 added RGB(2571, 3099, 3299)
0...1...2...3...4...5...6...7...8...9...10	Bounce #5 added RGB(1293, 1557, 1651)
0...1...2...3...4...5...6...7...8...9...10	Bounce #6 added RGB(655, 788, 834)
0...1...2...3...4...5...6...7...8...9...10	Bounce #7 added RGB(333, 400, 422)
0...1...2...3...4...5...6...7...8...9...10	Bounce #8 added RGB(169, 203, 214)
0...1...2...3...4...5...6...7...8...9...10	Bounce #9 added RGB(86, 104, 109)
0...1...2...3...4...5...6...7...8...9...10	Bounce #10 added RGB(44, 53, 56)
0...1...2...3...4...5...6...7...8...9...10	Bounce #11 added RGB(23, 27, 28)
0...1...2...3...4...5...6...7...8...9...10	Bounce #12 added RGB(12, 14, 15)
0...1...2...3...4...5...6...7...8...9...10	Bounce #13 added RGB(6, 7, 7)
0...1...2...3...4...5...6...7...8...9...10	Bounce #14 added RGB(3, 4, 4)
0...1...2...3...4...5...6...7...8...9...10	Bounce #15 added RGB(2, 2, 2)
0...1...2...3...4...5...6...7...8...9...10	Bounce #16 added RGB(1, 1, 1)
Build Patch/Sample Hash Table(s).....Done<0.0268 sec>
0...1...2...3...4...5...6...7...8...9...10FinalLightFace Done
76 of 76 (100% of) surface lights went in leaf ambient cubes.
0...1...2...3...4...5...6...7...8...9...10Writing leaf ambient...done
Computing static prop lighting : 00...1...2...3...4...5...6...7...8...9...10
Ready to Finish

Object names       Objects/Maxobjs  Memory / Maxmem  Fullness 
------------       ---------------  ---------------  -------- 
models                 114/1024         5472/49152    (11.1%) 
brushes               1517/8192        18204/98304    (18.5%) 
brushsides           12839/65536      102712/524288   (19.6%) 
planes                7752/65536      155040/1310720  (11.8%) 
vertexes              7404/65536       88848/786432   (11.3%) 
nodes                 2792/65536       89344/2097152  ( 4.3%) 
texinfos              1126/12288       81072/884736   ( 9.2%) 
texdata                 66/2048         2112/65536    ( 3.2%) 
dispinfos                0/0               0/0        ( 0.0%) 
disp_verts               0/0               0/0        ( 0.0%) 
disp_tris                0/0               0/0        ( 0.0%) 
disp_multiblend          0/0               0/0        ( 0.0%) 
disp_lmsamples           0/0               0/0        ( 0.0%) 
faces                 3358/65536      188048/3670016  ( 5.1%) 
hdr faces             3358/65536      188048/3670016  ( 5.1%) 
origfaces             2398/65536      134288/3670016  ( 3.7%) 
facebrushes            346/0             692/0        ( 0.0%) 
facebrushlists        3358/0           13432/0        ( 0.0%) 
leaves                2907/65536       93024/2097152  ( 4.4%) 
leaffaces             4657/65536        9314/131072   ( 7.1%) 
leafbrushes           3506/65536        7012/131072   ( 5.3%) 
areas                   11/256            88/2048     ( 4.3%) 
surfedges            24841/512000      99364/2048000  ( 4.9%) 
edges                15295/256000      61180/1024000  ( 6.0%) 
LDR worldlights        147/8192        14700/819200   ( 1.8%) 
HDR worldlights        147/8192        14700/819200   ( 1.8%) 
leafwaterdata            0/32768           0/393216   ( 0.0%) 
waterstrips            394/32768        3940/327680   ( 1.2%) 
waterverts               0/65536           0/786432   ( 0.0%) 
waterindices          7020/65536       14040/131072   (10.7%) 
cubemapsamples           8/1024          128/16384    ( 0.8%) 
overlays                10/512          3520/180224   ( 2.0%) 
LDR lightdata         [variable]     2667704/0        ( 0.0%) 
HDR lightdata         [variable]     2667704/0        ( 0.0%) 
visdata               [variable]      173835/16777216 ( 1.0%) 
entdata               [variable]      198135/393216   (50.4%) 
LDR ambient table     2907/65536       11628/262144   ( 4.4%) 
HDR ambient table     2907/65536       11628/262144   ( 4.4%) 
LDR leaf ambient     10272/65536      287616/1835008  (15.7%) 
HDR leaf ambient     11166/65536      312648/1835008  (17.0%) 
occluders                0/0               0/0        ( 0.0%) 
occluder polygons        0/0               0/0        ( 0.0%) 
occluder vert ind        0/0               0/0        ( 0.0%) 
detail props          [variable]           1/12       ( 8.3%) 
static props          [variable]           1/53246    ( 0.0%) 
pakfile               [variable]     5002154/0        ( 0.0%) 
physics               [variable]      570314/4194304  (13.6%) 
physics terrain       [variable]           2/1048576  ( 0.0%) 

Level flags = 3

Total triangle count: 8565
Writing d:\steamlibrary\steamapps\common\portal 2\portal2_dlc3\maps\sp_a4_tb_trust_drop.bsp
1 minute, 34 seconds elapsed
