PRT1
390
1083
4 0 79 (320 1024 -640 ) (320 1024 0 ) (80 1024 0 ) (80 1024 -640 ) 
4 0 72 (320 1024 0 ) (320 1024 128 ) (80 1024 128 ) (80 1024 0 ) 
4 0 69 (320 1024 128 ) (320 1024 256 ) (80 1024 256 ) (80 1024 128 ) 
4 0 46 (320 1024 256 ) (320 1024 384 ) (80 1024 384 ) (80 1024 256 ) 
4 0 43 (192 1024 640 ) (80 1024 640 ) (80 1024 384 ) (192 1024 384 ) 
4 0 39 (320 1024 384 ) (320 1024 640 ) (192 1024 640 ) (192 1024 384 ) 
4 0 32 (80 1024 672 ) (80 1024 640 ) (192 1024 640 ) (192 1024 672 ) 
4 0 31 (192 1024 896 ) (80 1024 896 ) (80 1024 672 ) (192 1024 672 ) 
4 0 29 (320 1024 640 ) (320 1024 896 ) (192 1024 896 ) (192 1024 640 ) 
4 0 20 (320 1024 896 ) (320 1024 1024 ) (80 1024 1024 ) (80 1024 896 ) 
4 0 5 (80 1024 -640 ) (80 1024 1024 ) (80 1168 1024 ) (80 1168 -640 ) 
4 0 4 (80 1168 1024 ) (80 1184 1024 ) (80 1184 -48 ) (80 1168 -48 ) 
4 0 3 (80 1184 1024 ) (80 1440 1024 ) (80 1440 -48 ) (80 1184 -48 ) 
4 0 2 (80 1440 1024 ) (80 1456 1024 ) (80 1456 -48 ) (80 1440 -48 ) 
4 0 1 (80 1456 1024 ) (80 1824 1024 ) (80 1824 -640 ) (80 1456 -640 ) 
4 1 6 (64 1456 -640 ) (64 1456 1024 ) (64 1824 1024 ) (64 1824 -640 ) 
4 1 2 (64 1456 1024 ) (64 1456 -48 ) (80 1456 -48 ) (80 1456 1024 ) 
4 2 7 (64 1440 -48 ) (64 1440 1024 ) (64 1456 1024 ) (64 1456 -48 ) 
4 2 3 (64 1440 1024 ) (64 1440 -48 ) (80 1440 -48 ) (80 1440 1024 ) 
4 3 8 (64 1184 -48 ) (64 1184 1024 ) (64 1440 1024 ) (64 1440 -48 ) 
4 3 4 (64 1184 1024 ) (64 1184 -48 ) (80 1184 -48 ) (80 1184 1024 ) 
4 4 9 (64 1168 -48 ) (64 1168 1024 ) (64 1184 1024 ) (64 1184 -48 ) 
4 4 5 (64 1168 1024 ) (64 1168 -48 ) (80 1168 -48 ) (80 1168 1024 ) 
4 5 79 (80 1024 -640 ) (80 1024 0 ) (64 1024 0 ) (64 1024 -640 ) 
4 5 72 (80 1024 0 ) (80 1024 128 ) (64 1024 128 ) (64 1024 0 ) 
4 5 69 (80 1024 128 ) (80 1024 256 ) (64 1024 256 ) (64 1024 128 ) 
4 5 46 (80 1024 256 ) (80 1024 384 ) (64 1024 384 ) (64 1024 256 ) 
4 5 43 (80 1024 384 ) (80 1024 640 ) (64 1024 640 ) (64 1024 384 ) 
4 5 32 (80 1024 640 ) (80 1024 672 ) (64 1024 672 ) (64 1024 640 ) 
4 5 31 (80 1024 672 ) (80 1024 896 ) (64 1024 896 ) (64 1024 672 ) 
4 5 20 (80 1024 896 ) (80 1024 1024 ) (64 1024 1024 ) (64 1024 896 ) 
4 5 10 (64 1024 -640 ) (64 1024 1024 ) (64 1168 1024 ) (64 1168 -640 ) 
4 6 11 (0 1456 -640 ) (0 1456 1024 ) (0 1824 1024 ) (0 1824 -640 ) 
4 6 7 (64 1456 -48 ) (64 1456 1024 ) (0 1456 1024 ) (0 1456 -48 ) 
4 7 12 (0 1440 -48 ) (0 1440 1024 ) (0 1456 1024 ) (0 1456 -48 ) 
4 7 8 (0 1440 1024 ) (0 1440 -48 ) (64 1440 -48 ) (64 1440 1024 ) 
4 8 14 (0 1184 -4320 ) (0 1184 1024 ) (0 1440 1024 ) (0 1440 -4320 ) 
4 8 9 (0 1184 1024 ) (0 1184 -48 ) (64 1184 -48 ) (64 1184 1024 ) 
4 9 17 (0 1168 -48 ) (0 1168 1024 ) (0 1184 1024 ) (0 1184 -48 ) 
4 9 10 (64 1168 -48 ) (64 1168 1024 ) (0 1168 1024 ) (0 1168 -48 ) 
4 10 79 (64 1024 -640 ) (64 1024 0 ) (0 1024 0 ) (0 1024 -640 ) 
4 10 72 (64 1024 0 ) (64 1024 128 ) (0 1024 128 ) (0 1024 0 ) 
4 10 69 (64 1024 128 ) (64 1024 256 ) (0 1024 256 ) (0 1024 128 ) 
4 10 47 (32 1024 384 ) (0 1024 384 ) (0 1024 256 ) (32 1024 256 ) 
4 10 46 (64 1024 256 ) (64 1024 384 ) (32 1024 384 ) (32 1024 256 ) 
4 10 43 (64 1024 384 ) (64 1024 640 ) (0 1024 640 ) (0 1024 384 ) 
4 10 32 (64 1024 640 ) (64 1024 672 ) (0 1024 672 ) (0 1024 640 ) 
4 10 31 (64 1024 672 ) (64 1024 896 ) (0 1024 896 ) (0 1024 672 ) 
4 10 20 (64 1024 896 ) (64 1024 1024 ) (0 1024 1024 ) (0 1024 896 ) 
4 10 19 (0 1024 -640 ) (0 1024 1024 ) (0 1168 1024 ) (0 1168 -640 ) 
4 11 13 (-320 1456 -640 ) (-208 1456 -640 ) (-208 1456 1024 ) (-320 1456 1024 ) 
4 11 12 (0 1456 -48 ) (0 1456 1024 ) (-208 1456 1024 ) (-208 1456 -48 ) 
4 12 15 (-192 1440 1024 ) (-208 1440 1024 ) (-208 1440 -48 ) (-192 1440 -48 ) 
4 12 14 (0 1440 -48 ) (0 1440 1024 ) (-192 1440 1024 ) (-192 1440 -48 ) 
4 12 13 (-208 1456 1024 ) (-208 1456 -48 ) (-208 1440 -48 ) (-208 1440 1024 ) 
4 13 16 (-208 1440 -640 ) (-208 1440 1024 ) (-320 1440 1024 ) (-320 1440 -640 ) 
4 14 17 (0 1184 -48 ) (0 1184 1024 ) (-192 1184 1024 ) (-192 1184 -48 ) 
4 14 15 (-192 1440 1024 ) (-192 1440 -48 ) (-192 1184 -48 ) (-192 1184 1024 ) 
4 15 17 (-192 1184 -48 ) (-192 1184 1024 ) (-208 1184 1024 ) (-208 1184 -48 ) 
4 15 16 (-208 1440 1024 ) (-208 1440 -48 ) (-208 1184 -48 ) (-208 1184 1024 ) 
4 16 18 (-208 1184 -640 ) (-208 1184 1024 ) (-320 1184 1024 ) (-320 1184 -640 ) 
4 17 19 (0 1168 -48 ) (0 1168 1024 ) (-208 1168 1024 ) (-208 1168 -48 ) 
4 17 18 (-208 1168 -48 ) (-208 1168 1024 ) (-208 1184 1024 ) (-208 1184 -48 ) 
4 18 19 (-208 1168 -640 ) (-208 1168 1024 ) (-320 1168 1024 ) (-320 1168 -640 ) 
4 19 89 (0 1024 -640 ) (0 1024 384 ) (-320 1024 384 ) (-320 1024 -640 ) 
4 19 86 (-128 1024 1024 ) (-320 1024 1024 ) (-320 1024 384 ) (-128 1024 384 ) 
4 19 82 (0 1024 384 ) (0 1024 1024 ) (-128 1024 1024 ) (-128 1024 384 ) 
4 20 82 (0 1024 1024 ) (0 1024 896 ) (0 992 896 ) (0 992 1024 ) 
4 20 31 (0 992 896 ) (0 1024 896 ) (192 1024 896 ) (192 992 896 ) 
4 20 29 (192 1024 896 ) (320 1024 896 ) (320 992 896 ) (192 992 896 ) 
4 21 99 (0 480 896 ) (0 288 896 ) (0 288 1248 ) (0 480 1248 ) 
4 21 33 (0 288 896 ) (0 480 896 ) (64 480 896 ) (64 288 896 ) 
4 21 28 (0 288 896 ) (256 288 896 ) (256 288 912 ) (0 288 912 ) 
4 21 26 (256 288 912 ) (256 288 1248 ) (160 288 1248 ) (160 288 912 ) 
4 21 27 (160 288 1248 ) (0 288 1248 ) (0 288 912 ) (160 288 912 ) 
4 22 140 (752 0 912 ) (752 0 896 ) (768 0 896 ) (768 0 912 ) 
4 22 30 (768 0 896 ) (752 0 896 ) (752 64 896 ) (768 64 896 ) 
4 22 24 (752 48 896 ) (752 0 896 ) (752 0 912 ) (752 48 912 ) 
4 22 23 (752 64 912 ) (752 64 896 ) (752 48 896 ) (752 48 912 ) 
4 23 30 (656 48 896 ) (656 64 896 ) (752 64 896 ) (752 48 896 ) 
4 23 25 (656 64 912 ) (656 64 896 ) (656 48 896 ) (656 48 912 ) 
4 23 24 (656 48 912 ) (656 48 896 ) (752 48 896 ) (752 48 912 ) 
4 24 140 (656 0 912 ) (656 0 896 ) (752 0 896 ) (752 0 912 ) 
4 24 137 (656 0 1280 ) (656 0 912 ) (752 0 912 ) (752 0 1280 ) 
4 24 30 (752 0 896 ) (656 0 896 ) (656 48 896 ) (752 48 896 ) 
4 24 25 (656 48 896 ) (656 0 896 ) (656 0 912 ) (656 48 912 ) 
4 25 140 (640 0 912 ) (640 0 896 ) (656 0 896 ) (656 0 912 ) 
4 25 30 (656 0 896 ) (640 0 896 ) (640 64 896 ) (656 64 896 ) 
4 26 138 (160 0 912 ) (576 0 912 ) (576 0 1248 ) (160 0 1248 ) 
4 26 28 (160 288 912 ) (256 288 912 ) (256 0 912 ) (160 0 912 ) 
4 26 27 (160 288 912 ) (160 0 912 ) (160 0 1248 ) (160 288 1248 ) 
4 27 161 (0 0 1408 ) (0 0 912 ) (128 0 912 ) (128 0 1408 ) 
4 27 139 (128 0 912 ) (160 0 912 ) (160 0 1408 ) (128 0 1408 ) 
4 27 100 (0 0 912 ) (0 0 1408 ) (0 288 1408 ) (0 288 912 ) 
4 27 28 (0 288 912 ) (160 288 912 ) (160 0 912 ) (0 0 912 ) 
4 28 161 (0 0 912 ) (0 0 896 ) (128 0 896 ) (128 0 912 ) 
4 28 141 (128 0 896 ) (256 0 896 ) (256 0 912 ) (128 0 912 ) 
4 28 100 (0 288 896 ) (0 0 896 ) (0 0 912 ) (0 288 912 ) 
4 28 37 (0 192 896 ) (0 256 896 ) (64 256 896 ) (64 192 896 ) 
4 28 38 (0 0 896 ) (0 192 896 ) (64 192 896 ) (64 0 896 ) 
4 28 36 (192 128 896 ) (192 0 896 ) (64 0 896 ) (64 128 896 ) 
4 28 33 (0 256 896 ) (0 288 896 ) (64 288 896 ) (64 256 896 ) 
4 28 30 (256 128 896 ) (256 0 896 ) (192 0 896 ) (192 128 896 ) 
4 29 39 (192 992 640 ) (192 1024 640 ) (320 1024 640 ) (320 992 640 ) 
4 29 32 (192 1024 640 ) (192 992 640 ) (192 992 672 ) (192 1024 672 ) 
4 29 31 (192 992 672 ) (192 992 896 ) (192 1024 896 ) (192 1024 672 ) 
4 30 142 (768 0 896 ) (192 0 896 ) (192 0 640 ) (768 0 640 ) 
4 30 42 (768 0 640 ) (192 0 640 ) (192 128 640 ) (768 128 640 ) 
4 30 36 (192 128 640 ) (192 0 640 ) (192 0 896 ) (192 128 896 ) 
4 31 82 (0 1024 896 ) (0 1024 672 ) (0 992 672 ) (0 992 896 ) 
4 31 32 (0 992 672 ) (0 1024 672 ) (192 1024 672 ) (192 992 672 ) 
4 32 82 (0 1024 672 ) (0 1024 640 ) (0 992 640 ) (0 992 672 ) 
4 32 43 (0 992 640 ) (0 1024 640 ) (192 1024 640 ) (192 992 640 ) 
4 33 104 (0 352 736 ) (0 448 736 ) (0 448 704 ) (0 352 704 ) 
4 33 103 (0 256 736 ) (0 256 896 ) (0 448 896 ) (0 448 736 ) 
4 33 102 (0 448 896 ) (0 480 896 ) (0 480 704 ) (0 448 704 ) 
4 33 37 (64 256 896 ) (0 256 896 ) (0 256 832 ) (64 256 832 ) 
4 33 34 (0 448 704 ) (0 480 704 ) (64 480 704 ) (64 448 704 ) 
4 34 102 (0 448 672 ) (0 448 704 ) (0 480 704 ) (0 480 672 ) 
4 35 45 (64 128 640 ) (64 256 640 ) (192 256 640 ) (192 128 640 ) 
4 35 38 (64 192 640 ) (64 128 640 ) (64 128 704 ) (64 192 704 ) 
4 35 36 (64 128 704 ) (64 128 640 ) (192 128 640 ) (192 128 704 ) 
4 36 162 (128 0 896 ) (64 0 896 ) (64 0 640 ) (128 0 640 ) 
4 36 142 (192 0 896 ) (128 0 896 ) (128 0 640 ) (192 0 640 ) 
4 36 45 (192 0 640 ) (64 0 640 ) (64 128 640 ) (192 128 640 ) 
4 36 38 (64 128 640 ) (64 0 640 ) (64 0 896 ) (64 128 896 ) 
4 37 103 (0 224 896 ) (0 256 896 ) (0 256 832 ) (0 224 832 ) 
4 37 106 (0 192 832 ) (0 192 896 ) (0 224 896 ) (0 224 832 ) 
4 37 38 (64 192 832 ) (64 192 896 ) (0 192 896 ) (0 192 832 ) 
4 38 162 (64 0 896 ) (0 0 896 ) (0 0 640 ) (64 0 640 ) 
4 38 111 (0 192 640 ) (0 0 640 ) (0 0 672 ) (0 192 672 ) 
4 38 108 (0 0 672 ) (0 0 896 ) (0 128 896 ) (0 128 672 ) 
4 38 106 (0 128 896 ) (0 192 896 ) (0 192 672 ) (0 128 672 ) 
4 38 45 (64 0 640 ) (0 0 640 ) (0 192 640 ) (64 192 640 ) 
4 39 46 (192 1024 384 ) (320 1024 384 ) (320 992 384 ) (192 992 384 ) 
4 39 43 (192 1024 384 ) (192 992 384 ) (192 992 640 ) (192 1024 640 ) 
4 40 45 (192 640 384 ) (192 576 384 ) (192 576 512 ) (192 640 512 ) 
4 40 41 (192 576 512 ) (192 576 384 ) (224 576 384 ) (224 576 512 ) 
4 41 45 (192 576 384 ) (192 448 384 ) (192 448 640 ) (192 576 640 ) 
4 42 143 (768 0 640 ) (192 0 640 ) (192 0 384 ) (768 0 384 ) 
4 42 52 (256 192 384 ) (256 224 384 ) (384 224 384 ) (384 192 384 ) 
4 42 51 (256 224 384 ) (256 384 384 ) (384 384 384 ) (384 224 384 ) 
4 42 53 (384 0 384 ) (256 0 384 ) (256 192 384 ) (384 192 384 ) 
4 42 50 (768 0 384 ) (384 0 384 ) (384 384 384 ) (768 384 384 ) 
4 42 54 (256 0 384 ) (192 0 384 ) (192 384 384 ) (256 384 384 ) 
4 42 45 (192 384 384 ) (192 0 384 ) (192 0 640 ) (192 384 640 ) 
4 43 82 (0 1024 640 ) (0 1024 384 ) (0 992 384 ) (0 992 640 ) 
4 43 47 (0 992 384 ) (0 1024 384 ) (32 1024 384 ) (32 992 384 ) 
4 43 46 (32 1024 384 ) (192 1024 384 ) (192 992 384 ) (32 992 384 ) 
4 44 84 (0 800 384 ) (0 736 384 ) (0 736 446 ) (0 800 446 ) 
4 44 83 (0 736 446 ) (0 736 448 ) (0 800 448 ) (0 800 446 ) 
4 44 48 (0 736 384 ) (0 800 384 ) (32 800 384 ) (32 736 384 ) 
4 45 169 (0 0 416 ) (0 0 384 ) (64 0 384 ) (64 0 416 ) 
4 45 166 (64 0 384 ) (128 0 384 ) (128 0 416 ) (64 0 416 ) 
4 45 163 (128 0 640 ) (64 0 640 ) (64 0 416 ) (128 0 416 ) 
4 45 164 (64 0 640 ) (0 0 640 ) (0 0 416 ) (64 0 416 ) 
4 45 143 (192 0 640 ) (128 0 640 ) (128 0 384 ) (192 0 384 ) 
4 45 116 (0 448 384 ) (0 0 384 ) (0 0 640 ) (0 448 640 ) 
4 45 115 (0 640 384 ) (0 448 384 ) (0 448 640 ) (0 640 640 ) 
4 45 61 (0 384 384 ) (0 512 384 ) (128 512 384 ) (128 384 384 ) 
4 45 62 (0 0 384 ) (0 384 384 ) (128 384 384 ) (128 0 384 ) 
4 45 60 (128 512 384 ) (192 512 384 ) (192 0 384 ) (128 0 384 ) 
4 45 59 (0 512 384 ) (0 640 384 ) (192 640 384 ) (192 512 384 ) 
4 46 69 (32 1024 256 ) (320 1024 256 ) (320 992 256 ) (32 992 256 ) 
4 46 47 (32 1024 256 ) (32 992 256 ) (32 992 384 ) (32 1024 384 ) 
4 47 89 (0 1024 384 ) (0 1024 256 ) (0 992 256 ) (0 992 384 ) 
4 47 69 (0 992 256 ) (0 1024 256 ) (32 1024 256 ) (32 992 256 ) 
4 48 91 (0 800 256 ) (0 736 256 ) (0 736 384 ) (0 800 384 ) 
4 49 91 (0 728 256 ) (0 712 256 ) (0 712 384 ) (0 728 384 ) 
4 50 143 (768 0 384 ) (384 0 384 ) (384 0 256 ) (768 0 256 ) 
4 50 65 (768 0 256 ) (384 0 256 ) (384 64 256 ) (768 64 256 ) 
4 50 64 (384 64 256 ) (384 384 256 ) (768 384 256 ) (768 64 256 ) 
4 50 52 (384 192 264 ) (384 192 384 ) (384 224 384 ) (384 224 264 ) 
4 50 51 (384 384 384 ) (384 384 256 ) (384 224 256 ) (384 224 384 ) 
4 50 53 (384 192 256 ) (384 0 256 ) (384 0 384 ) (384 192 384 ) 
4 51 52 (256 224 384 ) (256 224 264 ) (384 224 264 ) (384 224 384 ) 
4 51 54 (256 384 384 ) (256 384 256 ) (256 224 256 ) (256 224 384 ) 
4 52 54 (256 192 264 ) (256 192 384 ) (256 224 384 ) (256 224 264 ) 
4 52 53 (256 192 384 ) (256 192 264 ) (384 192 264 ) (384 192 384 ) 
4 53 143 (384 0 384 ) (256 0 384 ) (256 0 256 ) (384 0 256 ) 
4 53 70 (384 0 256 ) (256 0 256 ) (256 192 256 ) (384 192 256 ) 
4 53 54 (256 192 256 ) (256 0 256 ) (256 0 384 ) (256 192 384 ) 
4 54 143 (256 0 384 ) (192 0 384 ) (192 0 256 ) (256 0 256 ) 
4 54 71 (256 0 256 ) (192 0 256 ) (192 288 256 ) (256 288 256 ) 
4 54 60 (192 384 256 ) (192 0 256 ) (192 0 384 ) (192 384 384 ) 
4 55 59 (96 640 384 ) (64 640 384 ) (64 640 352 ) (96 640 352 ) 
4 56 91 (0 672 256 ) (0 655 256 ) (0 655 384 ) (0 672 384 ) 
4 56 57 (0 655 256 ) (32 655 256 ) (32 655 384 ) (0 655 384 ) 
4 57 92 (0 655 256 ) (0 654 256 ) (0 654 384 ) (0 655 384 ) 
4 57 58 (0 654 256 ) (32 654 256 ) (32 654 384 ) (0 654 384 ) 
4 58 93 (0 654 256 ) (0 640 256 ) (0 640 384 ) (0 654 384 ) 
4 58 59 (0 640 256 ) (32 640 256 ) (32 640 384 ) (0 640 384 ) 
4 59 115 (0 640 256 ) (0 512 256 ) (0 512 384 ) (0 640 384 ) 
4 59 61 (128 512 258 ) (128 512 384 ) (0 512 384 ) (0 512 258 ) 
4 59 60 (128 512 256 ) (192 512 256 ) (192 512 384 ) (128 512 384 ) 
4 60 143 (192 0 384 ) (128 0 384 ) (128 0 256 ) (192 0 256 ) 
4 60 71 (192 0 256 ) (128 0 256 ) (128 288 256 ) (192 288 256 ) 
4 60 61 (128 512 384 ) (128 512 258 ) (128 384 258 ) (128 384 384 ) 
4 60 62 (128 384 256 ) (128 0 256 ) (128 0 384 ) (128 384 384 ) 
4 61 116 (0 384 258 ) (0 384 384 ) (0 448 384 ) (0 448 258 ) 
4 61 115 (0 448 384 ) (0 512 384 ) (0 512 258 ) (0 448 258 ) 
4 61 62 (128 384 258 ) (128 384 384 ) (0 384 384 ) (0 384 258 ) 
4 62 169 (64 0 384 ) (0 0 384 ) (0 0 256 ) (64 0 256 ) 
4 62 166 (128 0 384 ) (64 0 384 ) (64 0 256 ) (128 0 256 ) 
4 62 116 (0 384 256 ) (0 0 256 ) (0 0 384 ) (0 384 384 ) 
4 62 71 (128 0 256 ) (0 0 256 ) (0 288 256 ) (128 288 256 ) 
4 63 64 (516 384 192 ) (516 384 256 ) (452 384 256 ) (452 384 192 ) 
4 64 73 (384 64 128 ) (384 384 128 ) (768 384 128 ) (768 64 128 ) 
4 64 70 (384 192 128 ) (384 64 128 ) (384 64 256 ) (384 192 256 ) 
4 64 68 (768 64 211.585693 ) (768 64 219.870667 ) (755.925476 64 216.635300 ) (758 64 208.906067 ) 
4 64 67 (647.156494 64 128 ) (768 64 128 ) (768 64 211.585693 ) (634.357544 64 175.774765 ) 
3 64 66 (425.134186 64 128 ) (647.156494 64 128 ) (632.286255 64 183.506256 ) 
5 64 65 (384 64 256 ) (384 64 128 ) (425.134186 64 128 ) (768 64 219.870667 ) (768 64 256 ) 
5 65 143 (768 0 256 ) (384 0 256 ) (384 0 128 ) (425.133179 0 128 ) (768 0 219.870941 ) 
4 65 73 (425.133179 0 128 ) (384 0 128 ) (384 64 128 ) (425.134186 64 128 ) 
4 65 70 (384 64 128 ) (384 0 128 ) (384 0 256 ) (384 64 256 ) 
4 65 68 (755.925781 64 216.633865 ) (768 64 219.869141 ) (768 0 219.869415 ) (755.925293 0 216.634003 ) 
4 65 66 (425.138977 0 128 ) (425.139984 64 128 ) (632.286621 64 183.504822 ) (632.286682 0 183.505112 ) 
3 66 144 (425.133179 0 128 ) (647.156616 0 128 ) (632.286316 0 183.506546 ) 
4 66 73 (647.156616 0 128 ) (425.133179 0 128 ) (425.134186 64 128 ) (647.156494 64 128 ) 
4 66 67 (647.157104 0 128 ) (647.156982 64 128 ) (634.358154 64 175.774933 ) (634.358398 0 175.774429 ) 
4 67 145 (647.156616 0 128 ) (768 0 128 ) (768 0 211.585114 ) (634.357788 0 175.774277 ) 
4 67 73 (768 0 128 ) (647.156616 0 128 ) (647.156494 64 128 ) (768 64 128 ) 
4 67 68 (768 64 211.585938 ) (758 64 208.906296 ) (758 0 208.905640 ) (768 0 211.585358 ) 
4 68 146 (768 0 211.585114 ) (768 0 219.870941 ) (755.924866 0 216.635422 ) (758 0 208.905426 ) 
4 69 89 (0 1024 256 ) (0 1024 128 ) (0 992 128 ) (0 992 256 ) 
4 69 72 (0 992 128 ) (0 1024 128 ) (320 1024 128 ) (320 992 128 ) 
4 70 143 (384 0 256 ) (256 0 256 ) (256 0 128 ) (384 0 128 ) 
4 70 74 (384 192 128 ) (384 0 128 ) (256 0 128 ) (256 192 128 ) 
4 70 71 (256 192 128 ) (256 0 128 ) (256 0 256 ) (256 192 256 ) 
4 71 169 (64 0 256 ) (0 0 256 ) (0 0 128 ) (64 0 128 ) 
4 71 166 (128 0 256 ) (64 0 256 ) (64 0 128 ) (128 0 128 ) 
4 71 143 (256 0 256 ) (128 0 256 ) (128 0 128 ) (256 0 128 ) 
4 71 117 (0 288 128 ) (0 0 128 ) (0 0 256 ) (0 288 256 ) 
4 71 76 (160 0 128 ) (64 0 128 ) (64 128 128 ) (160 128 128 ) 
4 71 75 (192 160 128 ) (192 0 128 ) (160 0 128 ) (160 160 128 ) 
4 71 74 (256 192 128 ) (256 0 128 ) (192 0 128 ) (192 192 128 ) 
4 72 89 (0 1024 128 ) (0 1024 0 ) (0 992 0 ) (0 992 128 ) 
4 72 79 (0 992 0 ) (0 1024 0 ) (320 1024 0 ) (320 992 0 ) 
4 73 159 (576 0 128 ) (384 0 128 ) (384 0 112 ) (576 0 112 ) 
4 73 158 (768 0 128 ) (576 0 128 ) (576 0 112 ) (768 0 112 ) 
4 73 77 (768 0 112 ) (384 0 112 ) (384 384 112 ) (768 384 112 ) 
4 73 74 (384 192 112 ) (384 0 112 ) (384 0 128 ) (384 192 128 ) 
4 74 159 (384 0 128 ) (192 0 128 ) (192 0 112 ) (384 0 112 ) 
4 74 78 (384 0 112 ) (192 0 112 ) (192 192 112 ) (384 192 112 ) 
4 74 75 (192 160 112 ) (192 0 112 ) (192 0 128 ) (192 160 128 ) 
4 75 159 (192 0 128 ) (160 0 128 ) (160 0 112 ) (192 0 112 ) 
4 75 78 (192 0 112 ) (160 0 112 ) (160 160 112 ) (192 160 112 ) 
4 75 76 (160 128 112 ) (160 0 112 ) (160 0 128 ) (160 128 128 ) 
4 76 166 (128 0 128 ) (64 0 128 ) (64 0 112 ) (128 0 112 ) 
4 76 159 (160 0 128 ) (128 0 128 ) (128 0 112 ) (160 0 112 ) 
4 76 78 (160 0 112 ) (64 0 112 ) (64 128 112 ) (160 128 112 ) 
4 77 159 (576 0 112 ) (384 0 112 ) (384 0 0 ) (576 0 0 ) 
4 77 158 (768 0 112 ) (576 0 112 ) (576 0 0 ) (768 0 0 ) 
4 77 80 (768 0 0 ) (384 0 0 ) (384 384 0 ) (768 384 0 ) 
4 77 78 (384 0 112 ) (384 192 112 ) (384 192 0 ) (384 0 0 ) 
4 78 166 (128 0 112 ) (64 0 112 ) (64 0 0 ) (128 0 0 ) 
4 78 159 (384 0 112 ) (128 0 112 ) (128 0 0 ) (384 0 0 ) 
4 78 81 (384 0 0 ) (64 0 0 ) (64 192 0 ) (384 192 0 ) 
4 79 89 (0 1024 0 ) (0 1024 -640 ) (0 992 -640 ) (0 992 0 ) 
4 80 242 (576 0 0 ) (384 0 0 ) (384 0 -128 ) (576 0 -128 ) 
4 80 241 (768 0 0 ) (576 0 0 ) (576 0 -128 ) (768 0 -128 ) 
4 80 81 (384 192 -128 ) (384 0 -128 ) (384 0 0 ) (384 192 0 ) 
4 81 243 (384 0 0 ) (64 0 0 ) (64 0 -128 ) (384 0 -128 ) 
4 82 89 (-128 992 384 ) (-128 1024 384 ) (0 1024 384 ) (0 992 384 ) 
4 82 86 (-128 1024 384 ) (-128 992 384 ) (-128 992 1024 ) (-128 1024 1024 ) 
4 83 87 (-128 736 446 ) (-128 736 448 ) (-128 800 448 ) (-128 800 446 ) 
4 83 84 (0 736 446 ) (-128 736 446 ) (-128 800 446 ) (0 800 446 ) 
4 84 91 (-128 736 384 ) (-128 800 384 ) (0 800 384 ) (0 736 384 ) 
4 84 87 (-128 800 384 ) (-128 736 384 ) (-128 736 446 ) (-128 800 446 ) 
4 85 115 (-32 640 416 ) (-96 640 416 ) (-96 640 384 ) (-32 640 384 ) 
4 85 93 (-32 640 384 ) (-96 640 384 ) (-96 644 384 ) (-32 644 384 ) 
4 86 89 (-320 1024 384 ) (-128 1024 384 ) (-128 992 384 ) (-320 992 384 ) 
4 87 94 (-160 800 384 ) (-128 800 384 ) (-128 736 384 ) (-160 736 384 ) 
4 88 115 (-256 640 512 ) (-192 640 512 ) (-192 640 640 ) (-256 640 640 ) 
4 89 90 (0 992 384 ) (-128 992 384 ) (-128 992 128 ) (0 992 128 ) 
4 90 91 (0 800 256 ) (0 800 384 ) (-128 800 384 ) (-128 800 256 ) 
4 91 96 (-128 672 256 ) (-128 655 256 ) (-128 655 384 ) (-128 672 384 ) 
4 91 95 (-128 728 256 ) (-128 712 256 ) (-128 712 384 ) (-128 728 384 ) 
4 91 94 (-128 800 384 ) (-128 800 256 ) (-128 736 256 ) (-128 736 384 ) 
4 91 92 (-128 655 384 ) (-128 655 256 ) (0 655 256 ) (0 655 384 ) 
4 92 97 (-128 655 256 ) (-128 654 256 ) (-128 654 384 ) (-128 655 384 ) 
4 92 93 (-128 654 384 ) (-128 654 256 ) (0 654 256 ) (0 654 384 ) 
4 93 115 (0 640 256 ) (0 640 384 ) (-128 640 384 ) (-128 640 256 ) 
4 93 98 (-128 654 256 ) (-128 640 256 ) (-128 640 384 ) (-128 654 384 ) 
4 96 97 (-160 655 384 ) (-160 655 256 ) (-128 655 256 ) (-128 655 384 ) 
4 97 98 (-160 654 384 ) (-160 654 256 ) (-128 654 256 ) (-128 654 384 ) 
4 98 115 (-128 640 384 ) (-160 640 384 ) (-160 640 256 ) (-128 640 256 ) 
4 99 103 (0 448 896 ) (0 288 896 ) (-128 288 896 ) (-128 448 896 ) 
4 99 107 (-128 288 896 ) (-256 288 896 ) (-256 448 896 ) (-128 448 896 ) 
4 99 102 (-256 480 896 ) (0 480 896 ) (0 448 896 ) (-256 448 896 ) 
4 99 101 (-576 288 1248 ) (-576 288 896 ) (-477 288 896 ) (-477 288 1248 ) 
4 99 100 (-477 288 896 ) (0 288 896 ) (0 288 1248 ) (-477 288 1248 ) 
4 100 351 (-448 0 1408 ) (-477 0 1408 ) (-477 0 896 ) (-448 0 896 ) 
4 100 346 (-396.869965 0 1408 ) (-404.884674 0 1408 ) (-400.408386 0 896 ) (-392.401764 0 896 ) 
4 100 345 (-128 0 1408 ) (-396.869965 0 1408 ) (-392.401764 0 896 ) (-128 0 896 ) 
4 100 343 (-404.884674 0 1408 ) (-448 0 1408 ) (-448 0 896 ) (-400.408386 0 896 ) 
4 100 245 (0 0 896 ) (0 0 1152 ) (-128 0 1152 ) (-128 0 896 ) 
4 100 244 (0 0 1152 ) (0 0 1408 ) (-128 0 1408 ) (-128 0 1152 ) 
4 100 108 (0 128 896 ) (0 0 896 ) (-448 0 896 ) (-448 128 896 ) 
4 100 103 (0 288 896 ) (0 224 896 ) (-128 224 896 ) (-128 288 896 ) 
4 100 106 (0 224 896 ) (0 128 896 ) (-128 128 896 ) (-128 224 896 ) 
4 100 107 (-128 128 896 ) (-256 128 896 ) (-256 288 896 ) (-128 288 896 ) 
4 100 101 (-477 288 1248 ) (-477 288 896 ) (-477 0 896 ) (-477 0 1248 ) 
4 101 352 (-576 0 1248 ) (-576 0 896 ) (-477 0 896 ) (-477 0 1248 ) 
4 102 105 (-128 448 672 ) (-64 448 672 ) (-64 448 736 ) (-128 448 736 ) 
4 102 104 (0 448 704 ) (0 448 736 ) (-64 448 736 ) (-64 448 704 ) 
4 102 103 (0 448 736 ) (0 448 896 ) (-128 448 896 ) (-128 448 736 ) 
4 102 107 (-256 448 896 ) (-256 448 672 ) (-128 448 672 ) (-128 448 896 ) 
4 103 105 (-128 352 736 ) (-128 448 736 ) (-64 448 736 ) (-64 352 736 ) 
4 103 104 (-64 448 736 ) (0 448 736 ) (0 352 736 ) (-64 352 736 ) 
4 103 106 (-128 224 896 ) (-128 224 736 ) (0 224 736 ) (0 224 896 ) 
4 103 107 (-128 448 896 ) (-128 448 736 ) (-128 224 736 ) (-128 224 896 ) 
4 104 105 (-64 352 736 ) (-64 448 736 ) (-64 448 704 ) (-64 352 704 ) 
4 105 112 (-128 352 672 ) (-128 384 672 ) (-64 384 672 ) (-64 352 672 ) 
4 105 110 (-128 384 672 ) (-128 448 672 ) (-64 448 672 ) (-64 384 672 ) 
4 105 107 (-128 448 736 ) (-128 448 672 ) (-128 352 672 ) (-128 352 736 ) 
4 106 111 (0 224 672 ) (0 128 672 ) (-64 128 672 ) (-64 224 672 ) 
4 106 112 (-64 128 672 ) (-128 128 672 ) (-128 224 672 ) (-64 224 672 ) 
4 106 108 (-128 128 672 ) (0 128 672 ) (0 128 896 ) (-128 128 896 ) 
4 106 107 (-128 224 672 ) (-128 128 672 ) (-128 128 896 ) (-128 224 896 ) 
4 107 113 (-224 128 672 ) (-256 128 672 ) (-256 352 672 ) (-224 352 672 ) 
4 107 112 (-128 128 672 ) (-224 128 672 ) (-224 384 672 ) (-128 384 672 ) 
4 107 110 (-192 448 672 ) (-128 448 672 ) (-128 384 672 ) (-192 384 672 ) 
4 107 108 (-256 128 672 ) (-128 128 672 ) (-128 128 896 ) (-256 128 896 ) 
4 108 346 (-392.401764 0 896 ) (-400.408417 0 896 ) (-398.450043 0 672 ) (-390.446960 0 672 ) 
4 108 345 (-128 0 896 ) (-392.401764 0 896 ) (-390.446960 0 672 ) (-128 0 672 ) 
4 108 343 (-400.408417 0 896 ) (-448 0 896 ) (-448 0 672 ) (-398.450043 0 672 ) 
4 108 245 (0 0 672 ) (0 0 896 ) (-128 0 896 ) (-128 0 672 ) 
4 108 114 (-256 0 672 ) (-448 0 672 ) (-448 128 672 ) (-256 128 672 ) 
4 108 113 (-224 0 672 ) (-256 0 672 ) (-256 128 672 ) (-224 128 672 ) 
4 108 111 (0 0 672 ) (-64 0 672 ) (-64 128 672 ) (0 128 672 ) 
4 108 112 (-64 0 672 ) (-224 0 672 ) (-224 128 672 ) (-64 128 672 ) 
4 108 109 (-448 128 768 ) (-448 128 672 ) (-448 0 672 ) (-448 0 768 ) 
4 109 353 (-592 0 768 ) (-592 0 672 ) (-448 0 672 ) (-448 0 768 ) 
4 109 114 (-448 0 672 ) (-592 0 672 ) (-592 128 672 ) (-448 128 672 ) 
4 110 118 (-192 448 640 ) (-64 448 640 ) (-64 384 640 ) (-192 384 640 ) 
4 110 112 (-192 384 640 ) (-64 384 640 ) (-64 384 672 ) (-192 384 672 ) 
4 111 245 (0 0 640 ) (0 0 672 ) (-64 0 672 ) (-64 0 640 ) 
4 111 116 (0 0 640 ) (-64 0 640 ) (-64 256 640 ) (0 256 640 ) 
4 111 112 (-64 256 640 ) (-64 0 640 ) (-64 0 672 ) (-64 256 672 ) 
4 112 345 (-128 0 672 ) (-224 0 672 ) (-224 0 640 ) (-128 0 640 ) 
4 112 245 (-64 0 672 ) (-128 0 672 ) (-128 0 640 ) (-64 0 640 ) 
4 112 121 (-64 0 640 ) (-224 0 640 ) (-224 64 640 ) (-64 64 640 ) 
4 112 118 (-224 64 640 ) (-224 384 640 ) (-64 384 640 ) (-64 64 640 ) 
4 112 113 (-224 352 640 ) (-224 0 640 ) (-224 0 672 ) (-224 352 672 ) 
4 113 345 (-224 0 672 ) (-256 0 672 ) (-256 0 640 ) (-224 0 640 ) 
4 113 121 (-224 0 640 ) (-256 0 640 ) (-256 64 640 ) (-224 64 640 ) 
4 113 118 (-256 64 640 ) (-256 352 640 ) (-224 352 640 ) (-224 64 640 ) 
4 113 114 (-256 128 640 ) (-256 0 640 ) (-256 0 672 ) (-256 128 672 ) 
4 114 353 (-448 0 672 ) (-592 0 672 ) (-592 0 640 ) (-448 0 640 ) 
4 114 346 (-390.446960 0 672 ) (-398.450043 0 672 ) (-398.170288 0 640 ) (-390.167664 0 640 ) 
4 114 345 (-256 0 672 ) (-390.446960 0 672 ) (-390.167664 0 640 ) (-256 0 640 ) 
4 114 343 (-398.450043 0 672 ) (-448 0 672 ) (-448 0 640 ) (-398.170288 0 640 ) 
4 114 122 (-390.167664 0 640 ) (-398.170288 0 640 ) (-398.170288 64 640 ) (-390.167664 64 640 ) 
4 114 121 (-256 0 640 ) (-390.167664 0 640 ) (-390.167664 64 640 ) (-256 64 640 ) 
4 114 119 (-398.170288 0 640 ) (-448 0 640 ) (-448 64 640 ) (-398.170288 64 640 ) 
4 114 118 (-448 64 640 ) (-448 128 640 ) (-256 128 640 ) (-256 64 640 ) 
4 115 118 (-64 448 640 ) (-320 448 640 ) (-320 448 256 ) (-64 448 256 ) 
4 115 116 (0 448 256 ) (0 448 640 ) (-64 448 640 ) (-64 448 256 ) 
4 116 257 (0 0 256 ) (0 0 384 ) (-64 0 384 ) (-64 0 256 ) 
4 116 255 (0 0 384 ) (0 0 416 ) (-64 0 416 ) (-64 0 384 ) 
4 116 251 (0 0 416 ) (0 0 512 ) (-64 0 512 ) (-64 0 416 ) 
4 116 249 (0 0 512 ) (0 0 640 ) (-64 0 640 ) (-64 0 512 ) 
4 116 121 (-64 0 322.628754 ) (-64 0 640 ) (-64 64 640 ) (-64 64 322.628754 ) 
4 116 120 (-64 64 256 ) (-64 0 256 ) (-64 0 322.628754 ) (-64 64 322.628754 ) 
4 116 118 (-64 448 640 ) (-64 448 256 ) (-64 64 256 ) (-64 64 640 ) 
4 116 117 (0 0 256 ) (-64 0 256 ) (-64 288 256 ) (0 288 256 ) 
4 117 258 (0 0 128 ) (0 0 256 ) (-64 0 256 ) (-64 0 128 ) 
4 117 120 (-64 64 128 ) (-64 0 128 ) (-64 0 256 ) (-64 64 256 ) 
4 117 118 (-64 288 128 ) (-64 64 128 ) (-64 64 256 ) (-64 288 256 ) 
4 118 133 (-320 448 128 ) (-64 448 128 ) (-64 320 128 ) (-320 320 128 ) 
4 118 132 (-448 128 128 ) (-448 64 128 ) (-448 64 256 ) (-448 128 256 ) 
4 118 131 (-448 448 320 ) (-448 448 128 ) (-448 128 128 ) (-448 128 320 ) 
4 118 124 (-448 448 448 ) (-448 448 320 ) (-448 128 320 ) (-448 128 448 ) 
4 118 123 (-448 448 576 ) (-448 448 448 ) (-448 128 448 ) (-448 128 576 ) 
4 118 122 (-390.167664 64 640 ) (-398.170288 64 640 ) (-396.489960 64 447.803955 ) (-388.490997 64 447.873962 ) 
4 118 121 (-64 64 322.628784 ) (-64 64 640 ) (-390.167664 64 640 ) (-387.373993 64 319.878967 ) 
4 118 120 (-393.694000 64 128 ) (-64 64 128 ) (-64 64 322.628784 ) (-395.370941 64 319.810974 ) 
4 118 119 (-448 64 640 ) (-448 64 128 ) (-393.694000 64 128 ) (-398.170288 64 640 ) 
4 119 343 (-398.170288 0 640 ) (-448 0 640 ) (-448 0 128 ) (-393.694000 0 128 ) 
4 119 132 (-448 64 128 ) (-448 0 128 ) (-448 0 256 ) (-448 64 256 ) 
4 119 128 (-448 0 321 ) (-448 0 352.750000 ) (-448 32 352.750000 ) (-448 32 321 ) 
4 119 127 (-448 0 352.750000 ) (-448 0 416.250000 ) (-448 32 416.250000 ) (-448 32 352.750000 ) 
4 119 126 (-448 0 416.250000 ) (-448 0 448 ) (-448 32 448 ) (-448 32 416.250000 ) 
4 119 125 (-448 32 448 ) (-448 64 448 ) (-448 64 321 ) (-448 32 321 ) 
4 119 129 (-448 0 320 ) (-448 0 321 ) (-448 64 321 ) (-448 64 320 ) 
4 119 122 (-396.490021 64 447.803955 ) (-398.170319 64 640 ) (-398.170319 0 640 ) (-396.490021 0 447.803955 ) 
4 119 120 (-393.694061 0 128 ) (-393.694061 64 128 ) (-395.371002 64 319.810974 ) (-395.371002 0 319.810944 ) 
4 120 344 (-395.370941 0 319.810944 ) (-393.694000 0 128 ) (-128 0 128 ) (-128 0 322.084503 ) 
4 120 262 (-128 0 128 ) (-96 0 128 ) (-96 0 256 ) (-128 0 256 ) 
4 120 258 (-96 0 128 ) (-64 0 128 ) (-64 0 256 ) (-96 0 256 ) 
4 120 257 (-64 0 256 ) (-64 0 322.628723 ) (-128 0 322.084503 ) (-128 0 256 ) 
4 120 121 (-64 64 322.628784 ) (-387.373993 64 319.879028 ) (-387.373993 0 319.878998 ) (-64 0 322.628754 ) 
4 121 345 (-128 0 640 ) (-390.167664 0 640 ) (-387.373993 0 319.878937 ) (-128 0 322.084503 ) 
4 121 257 (-128 0 384 ) (-128 0 322.084503 ) (-64 0 322.628723 ) (-64 0 384 ) 
4 121 255 (-128 0 416 ) (-128 0 384 ) (-64 0 384 ) (-64 0 416 ) 
4 121 251 (-128 0 512 ) (-128 0 416 ) (-64 0 416 ) (-64 0 512 ) 
4 121 250 (-64 0 640 ) (-128 0 640 ) (-128 0 512 ) (-64 0 512 ) 
4 121 122 (-390.167694 64 640 ) (-388.491028 64 447.873993 ) (-388.491028 0 447.873962 ) (-390.167694 0 640 ) 
4 122 346 (-390.167664 0 640 ) (-398.170288 0 640 ) (-396.489960 0 447.803955 ) (-388.490997 0 447.873962 ) 
4 123 124 (-512 128 448 ) (-512 448 448 ) (-448 448 448 ) (-448 128 448 ) 
4 124 131 (-512 128 320 ) (-512 448 320 ) (-448 448 320 ) (-448 128 320 ) 
4 125 128 (-449 32 352.750000 ) (-449 32 321 ) (-448 32 321 ) (-448 32 352.750000 ) 
4 125 127 (-449 32 416.250000 ) (-449 32 352.750000 ) (-448 32 352.750000 ) (-448 32 416.250000 ) 
4 125 126 (-449 32 448 ) (-449 32 416.250000 ) (-448 32 416.250000 ) (-448 32 448 ) 
4 125 129 (-449 32 321 ) (-449 64 321 ) (-448 64 321 ) (-448 32 321 ) 
4 125 130 (-449 64 448 ) (-449 64 321 ) (-449 32 321 ) (-449 32 448 ) 
4 126 354 (-448 0 416.250000 ) (-448 0 448 ) (-449 0 448 ) (-449 0 416.250000 ) 
4 126 127 (-449 0 416.250000 ) (-449 32 416.250000 ) (-448 32 416.250000 ) (-448 0 416.250000 ) 
4 126 130 (-449 0 416.250000 ) (-449 0 448 ) (-449 32 448 ) (-449 32 416.250000 ) 
4 127 355 (-448 0 352.750000 ) (-448 0 416.250000 ) (-449 0 416.250000 ) (-449 0 352.750000 ) 
4 127 130 (-449 0 352.750000 ) (-449 0 416.250000 ) (-449 32 416.250000 ) (-449 32 352.750000 ) 
4 127 128 (-449 0 352.750000 ) (-449 32 352.750000 ) (-448 32 352.750000 ) (-448 0 352.750000 ) 
4 128 356 (-448 0 321 ) (-448 0 352.750000 ) (-449 0 352.750000 ) (-449 0 321 ) 
4 128 129 (-449 0 321 ) (-449 32 321 ) (-448 32 321 ) (-448 0 321 ) 
4 128 130 (-449 32 321 ) (-449 0 321 ) (-449 0 352.750000 ) (-449 32 352.750000 ) 
4 129 358 (-449 0 320 ) (-448 0 320 ) (-448 0 321 ) (-449 0 321 ) 
4 129 130 (-449 64 321 ) (-449 64 320 ) (-449 0 320 ) (-449 0 321 ) 
4 130 359 (-512 0 448 ) (-512 0 320 ) (-449 0 320 ) (-449 0 448 ) 
4 130 134 (-512 0 320 ) (-512 0 448 ) (-512 64 448 ) (-512 64 320 ) 
4 131 132 (-512 128 128 ) (-448 128 128 ) (-448 128 256 ) (-512 128 256 ) 
4 132 360 (-512 0 256 ) (-512 0 128 ) (-448 0 128 ) (-448 0 256 ) 
4 134 361 (-512 0 320 ) (-512 0 448 ) (-592 0 448 ) (-592 0 320 ) 
4 137 140 (656 -48 912 ) (656 0 912 ) (752 0 912 ) (752 -48 912 ) 
4 138 141 (256 -160 912 ) (160 -160 912 ) (160 0 912 ) (256 0 912 ) 
4 138 139 (160 0 912 ) (160 -160 912 ) (160 -160 1248 ) (160 0 1248 ) 
4 139 161 (128 0 1408 ) (128 0 912 ) (128 -160 912 ) (128 -160 1408 ) 
4 139 141 (160 -160 912 ) (128 -160 912 ) (128 0 912 ) (160 0 912 ) 
4 140 142 (640 -64 896 ) (640 0 896 ) (768 0 896 ) (768 -64 896 ) 
4 141 161 (128 0 912 ) (128 0 896 ) (128 -160 896 ) (128 -160 912 ) 
4 141 142 (128 -128 896 ) (128 0 896 ) (256 0 896 ) (256 -128 896 ) 
4 142 162 (128 0 896 ) (128 0 640 ) (128 -128 640 ) (128 -128 896 ) 
4 142 143 (128 -64 640 ) (128 0 640 ) (768 0 640 ) (768 -64 640 ) 
4 142 147 (128 -128 640 ) (128 -64 640 ) (768 -64 640 ) (768 -128 640 ) 
4 143 166 (128 0 416 ) (128 0 128 ) (128 -64 128 ) (128 -64 416 ) 
4 143 163 (128 0 640 ) (128 0 416 ) (128 -64 416 ) (128 -64 640 ) 
4 143 159 (128 -64 128 ) (128 0 128 ) (425.133179 0 128 ) (425.132202 -64 128 ) 
4 143 146 (768 -64 219.871094 ) (755.924377 -64 216.635437 ) (755.924927 0 216.635315 ) (768 0 219.870819 ) 
4 143 144 (632.286377 -64 183.506714 ) (425.132660 -64 128 ) (425.133667 0 128 ) (632.286316 0 183.506424 ) 
5 143 147 (128 -64 128 ) (425.132172 -64 128 ) (768 -64 219.871216 ) (768 -64 640 ) (128 -64 640 ) 
4 144 159 (425.133179 0 128 ) (576 0 128 ) (576 -64 128 ) (425.132202 -64 128 ) 
4 144 158 (576 0 128 ) (647.156616 0 128 ) (647.156738 -64 128 ) (576 -64 128 ) 
4 144 145 (634.358704 -64 175.773956 ) (647.157471 -64 128 ) (647.157349 0 128 ) (634.358459 0 175.774445 ) 
3 144 147 (425.132172 -64 128 ) (647.156738 -64 128 ) (632.286377 -64 183.506836 ) 
4 145 158 (647.156616 0 128 ) (768 0 128 ) (768 -64 128 ) (647.156738 -64 128 ) 
4 145 146 (758 -64 208.904999 ) (768 -64 211.584808 ) (768 0 211.585388 ) (758 0 208.905670 ) 
4 145 147 (647.156738 -64 128 ) (768 -64 128 ) (768 -64 211.584564 ) (634.358093 -64 175.773773 ) 
4 146 147 (768 -64 211.584564 ) (768 -64 219.871216 ) (755.924316 -64 216.635544 ) (758 -64 208.904770 ) 
4 147 168 (128 -192 128 ) (128 -320 128 ) (128 -320 384 ) (128 -192 384 ) 
4 147 167 (128 -256 416 ) (128 -192 416 ) (128 -192 384 ) (128 -256 384 ) 
4 147 166 (128 -64 128 ) (128 -192 128 ) (128 -192 416 ) (128 -64 416 ) 
4 147 163 (128 -256 640 ) (128 -64 640 ) (128 -64 416 ) (128 -256 416 ) 
4 147 160 (384 -192 128 ) (576 -192 128 ) (576 -320 128 ) (384 -320 128 ) 
4 147 159 (128 -192 128 ) (128 -64 128 ) (576 -64 128 ) (576 -192 128 ) 
4 147 158 (576 -64 128 ) (768 -64 128 ) (768 -320 128 ) (576 -320 128 ) 
4 147 149 (256 -320 128 ) (768 -320 128 ) (768 -320 384 ) (256 -320 384 ) 
4 147 148 (576 -320 640 ) (256 -320 640 ) (256 -320 384 ) (576 -320 384 ) 
4 148 156 (256 -352 384 ) (576 -352 384 ) (576 -352 640 ) (256 -352 640 ) 
4 148 149 (576 -352 384 ) (256 -352 384 ) (256 -320 384 ) (576 -320 384 ) 
4 149 160 (384 -320 128 ) (576 -320 128 ) (576 -352 128 ) (384 -352 128 ) 
4 149 158 (576 -320 128 ) (768 -320 128 ) (768 -352 128 ) (576 -352 128 ) 
4 149 156 (256 -352 128 ) (576 -352 128 ) (576 -352 384 ) (256 -352 384 ) 
4 149 155 (576 -352 128 ) (640 -352 128 ) (640 -352 384 ) (576 -352 384 ) 
4 149 154 (640 -352 128 ) (656 -352 128 ) (656 -352 384 ) (640 -352 384 ) 
4 149 151 (656 -352 128 ) (752 -352 128 ) (752 -352 384 ) (656 -352 384 ) 
4 149 150 (752 -352 128 ) (768 -352 128 ) (768 -352 384 ) (752 -352 384 ) 
4 150 153 (752 -464 128 ) (752 -480 128 ) (752 -480 392 ) (752 -464 392 ) 
4 150 152 (752 -368 128 ) (752 -464 128 ) (752 -464 392 ) (752 -368 392 ) 
4 150 151 (752 -352 392 ) (752 -352 128 ) (752 -368 128 ) (752 -368 392 ) 
4 151 154 (656 -352 392 ) (656 -352 128 ) (656 -368 128 ) (656 -368 392 ) 
4 151 152 (656 -368 392 ) (656 -368 128 ) (752 -368 128 ) (752 -368 392 ) 
4 152 154 (656 -368 128 ) (656 -464 128 ) (656 -464 392 ) (656 -368 392 ) 
4 152 153 (656 -464 392 ) (656 -464 128 ) (752 -464 128 ) (752 -464 392 ) 
4 153 154 (656 -464 128 ) (656 -480 128 ) (656 -480 392 ) (656 -464 392 ) 
4 154 155 (640 -480 128 ) (640 -480 384 ) (640 -352 384 ) (640 -352 128 ) 
4 155 156 (576 -448 384 ) (576 -352 384 ) (576 -352 128 ) (576 -448 128 ) 
4 156 160 (384 -352 128 ) (576 -352 128 ) (576 -448 128 ) (384 -448 128 ) 
4 157 175 (128 -639 319 ) (128 -545 319 ) (128 -545 129 ) (128 -639 129 ) 
4 158 241 (576 -352 0 ) (576 0 0 ) (768 0 0 ) (768 -352 0 ) 
4 158 160 (576 -192 0 ) (576 -352 0 ) (576 -352 128 ) (576 -192 128 ) 
4 158 159 (576 0 0 ) (576 -192 0 ) (576 -192 128 ) (576 0 128 ) 
4 159 243 (128 -192 0 ) (128 0 0 ) (384 0 0 ) (384 -192 0 ) 
4 159 242 (384 0 0 ) (576 0 0 ) (576 -192 0 ) (384 -192 0 ) 
4 159 166 (128 0 128 ) (128 0 0 ) (128 -192 0 ) (128 -192 128 ) 
4 159 160 (576 -192 0 ) (576 -192 128 ) (384 -192 128 ) (384 -192 0 ) 
4 160 242 (384 -192 0 ) (576 -192 0 ) (576 -448 0 ) (384 -448 0 ) 
4 161 246 (0 -128 896 ) (0 -160 896 ) (0 -160 1152 ) (0 -128 1152 ) 
4 161 245 (0 0 1152 ) (0 0 896 ) (0 -128 896 ) (0 -128 1152 ) 
4 161 244 (0 0 1408 ) (0 0 1152 ) (0 -160 1152 ) (0 -160 1408 ) 
4 161 162 (0 -128 896 ) (0 0 896 ) (128 0 896 ) (128 -128 896 ) 
4 162 245 (0 0 896 ) (0 0 640 ) (0 -128 640 ) (0 -128 896 ) 
4 162 163 (64 0 640 ) (128 0 640 ) (128 -128 640 ) (64 -128 640 ) 
4 162 164 (0 -128 640 ) (0 0 640 ) (64 0 640 ) (64 -128 640 ) 
4 163 167 (128 -192 416 ) (128 -256 416 ) (64 -256 416 ) (64 -192 416 ) 
4 163 166 (64 0 416 ) (128 0 416 ) (128 -192 416 ) (64 -192 416 ) 
4 163 164 (64 0 416 ) (64 -256 416 ) (64 -256 640 ) (64 0 640 ) 
4 164 251 (0 0 512 ) (0 0 416 ) (0 -256 416 ) (0 -256 512 ) 
4 164 249 (0 0 640 ) (0 0 512 ) (0 -288 512 ) (0 -288 640 ) 
4 164 169 (0 -288 416 ) (0 0 416 ) (64 0 416 ) (64 -288 416 ) 
4 164 165 (0 -288 416 ) (64 -288 416 ) (64 -288 640 ) (0 -288 640 ) 
4 165 252 (0 -288 416 ) (0 -320 416 ) (0 -320 640 ) (0 -288 640 ) 
4 166 243 (64 0 0 ) (128 0 0 ) (128 -192 0 ) (64 -192 0 ) 
4 166 169 (64 -192 128 ) (64 -192 416 ) (64 0 416 ) (64 0 128 ) 
4 166 168 (64 -192 384 ) (64 -192 128 ) (128 -192 128 ) (128 -192 384 ) 
4 166 167 (64 -192 416 ) (64 -192 384 ) (128 -192 384 ) (128 -192 416 ) 
4 167 169 (64 -256 416 ) (64 -192 416 ) (64 -192 384 ) (64 -256 384 ) 
4 167 168 (64 -256 384 ) (64 -192 384 ) (128 -192 384 ) (128 -256 384 ) 
4 168 173 (128 -320 128 ) (128 -320 384 ) (64 -320 384 ) (64 -320 128 ) 
4 168 170 (64 -320 128 ) (64 -320 384 ) (64 -288 384 ) (64 -288 128 ) 
4 168 169 (64 -288 384 ) (64 -192 384 ) (64 -192 128 ) (64 -288 128 ) 
4 169 258 (0 0 256 ) (0 0 128 ) (0 -288 128 ) (0 -288 256 ) 
4 169 257 (0 0 384 ) (0 0 256 ) (0 -288 256 ) (0 -288 384 ) 
4 169 255 (0 0 416 ) (0 0 384 ) (0 -256 384 ) (0 -256 416 ) 
4 169 170 (64 -288 128 ) (64 -288 384 ) (0 -288 384 ) (0 -288 128 ) 
4 170 258 (0 -320 128 ) (0 -320 256 ) (0 -288 256 ) (0 -288 128 ) 
4 170 257 (0 -320 256 ) (0 -320 384 ) (0 -288 384 ) (0 -288 256 ) 
4 170 173 (0 -320 384 ) (0 -320 128 ) (64 -320 128 ) (64 -320 384 ) 
4 171 247 (0 -768 640 ) (0 -768 1152 ) (0 -384 1152 ) (0 -384 640 ) 
4 171 230 (0 -768 864 ) (0 -768 640 ) (64 -768 640 ) (64 -768 864 ) 
4 171 229 (128 -768 640 ) (128 -768 864 ) (64 -768 864 ) (64 -768 640 ) 
4 171 172 (128 -768 640 ) (0 -768 640 ) (0 -384 640 ) (128 -384 640 ) 
4 172 253 (0 -768 432 ) (0 -768 640 ) (0 -384 640 ) (0 -384 432 ) 
4 172 174 (0 -576 432 ) (0 -512 432 ) (128 -512 432 ) (128 -576 432 ) 
4 173 258 (0 -320 256 ) (0 -320 128 ) (0 -512 128 ) (0 -512 256 ) 
4 173 257 (0 -320 384 ) (0 -320 256 ) (0 -512 256 ) (0 -512 384 ) 
4 173 256 (0 -320 416 ) (0 -320 384 ) (0 -512 384 ) (0 -512 416 ) 
4 173 175 (128 -512 128 ) (128 -512 416 ) (0 -512 416 ) (0 -512 128 ) 
4 174 254 (0 -576 432 ) (0 -512 432 ) (0 -512 416 ) (0 -576 416 ) 
4 174 175 (0 -576 416 ) (0 -512 416 ) (128 -512 416 ) (128 -576 416 ) 
4 175 258 (0 -768 128 ) (0 -768 256 ) (0 -512 256 ) (0 -512 128 ) 
4 175 257 (0 -768 256 ) (0 -768 384 ) (0 -512 384 ) (0 -512 256 ) 
4 175 256 (0 -768 384 ) (0 -768 416 ) (0 -512 416 ) (0 -512 384 ) 
4 175 234 (96 -768 256 ) (0 -768 256 ) (0 -768 128 ) (96 -768 128 ) 
4 175 178 (64 -768 128 ) (0 -768 128 ) (0 -704 128 ) (64 -704 128 ) 
4 175 177 (0 -704 128 ) (0 -544 128 ) (32 -544 128 ) (32 -704 128 ) 
4 175 176 (32 -512 128 ) (128 -512 128 ) (128 -704 128 ) (32 -704 128 ) 
4 176 211 (64 -704 127 ) (32 -704 127 ) (32 -576 127 ) (64 -576 127 ) 
4 176 205 (32 -576 127 ) (32 -544 127 ) (64 -544 127 ) (64 -576 127 ) 
4 176 189 (96 -704 127 ) (64 -704 127 ) (64 -640 127 ) (96 -640 127 ) 
4 176 188 (128 -544 127 ) (128 -640 127 ) (64 -640 127 ) (64 -544 127 ) 
4 176 179 (32 -512 127 ) (128 -512 127 ) (128 -544 127 ) (32 -544 127 ) 
4 176 178 (32 -704 127 ) (64 -704 127 ) (64 -704 128 ) (32 -704 128 ) 
4 176 177 (32 -544 127 ) (32 -704 127 ) (32 -704 128 ) (32 -544 128 ) 
4 177 266 (0 -704 128 ) (0 -544 128 ) (0 -544 127 ) (0 -704 127 ) 
4 177 227 (0 -704 127 ) (0 -702 127 ) (2 -702 127 ) (2 -704 127 ) 
4 177 225 (0 -702 127 ) (0 -642 127 ) (2 -642 127 ) (2 -702 127 ) 
4 177 223 (0 -642 127 ) (0 -576 127 ) (2 -576 127 ) (2 -642 127 ) 
4 177 211 (2 -576 127 ) (32 -576 127 ) (32 -704 127 ) (2 -704 127 ) 
4 177 178 (0 -704 127 ) (32 -704 127 ) (32 -704 128 ) (0 -704 128 ) 
4 178 318 (0 -736 128 ) (0 -704 128 ) (0 -704 127 ) (0 -736 127 ) 
4 178 227 (2 -768 127 ) (0 -768 127 ) (0 -704 127 ) (2 -704 127 ) 
4 178 211 (64 -768 127 ) (2 -768 127 ) (2 -704 127 ) (64 -704 127 ) 
4 179 205 (64 -544 127 ) (32 -544 127 ) (32 -544 126 ) (64 -544 126 ) 
4 179 188 (128 -544 126 ) (128 -544 127 ) (64 -544 127 ) (64 -544 126 ) 
4 179 184 (62 -544 126 ) (32 -544 126 ) (32 -514 126 ) (62 -514 126 ) 
4 179 183 (66 -544 126 ) (62 -544 126 ) (62 -514 126 ) (66 -514 126 ) 
4 179 182 (126 -544 126 ) (66 -544 126 ) (66 -514 126 ) (126 -514 126 ) 
4 179 181 (32 -514 126 ) (32 -512 126 ) (126 -512 126 ) (126 -514 126 ) 
4 179 180 (128 -544 126 ) (126 -544 126 ) (126 -512 126 ) (128 -512 126 ) 
4 180 190 (126 -544 116 ) (128 -544 116 ) (128 -544 126 ) (126 -544 126 ) 
4 180 182 (126 -544 116 ) (126 -544 126 ) (126 -514 126 ) (126 -514 116 ) 
4 180 181 (126 -514 126 ) (126 -512 126 ) (126 -512 116 ) (126 -514 116 ) 
4 181 185 (32 -514 126 ) (32 -512 126 ) (32 -512 116 ) (32 -514 116 ) 
4 181 184 (62 -514 126 ) (32 -514 126 ) (32 -514 116 ) (62 -514 116 ) 
4 181 183 (66 -514 126 ) (62 -514 126 ) (62 -514 116 ) (66 -514 116 ) 
4 181 182 (126 -514 116 ) (126 -514 126 ) (66 -514 126 ) (66 -514 116 ) 
4 182 191 (66 -544 116 ) (126 -544 116 ) (126 -544 126 ) (66 -544 126 ) 
4 182 183 (66 -514 126 ) (66 -514 116 ) (66 -544 116 ) (66 -544 126 ) 
4 183 206 (62 -544 116 ) (64 -544 116 ) (64 -544 126 ) (62 -544 126 ) 
4 183 197 (64 -544 116 ) (66 -544 116 ) (66 -544 126 ) (64 -544 126 ) 
4 183 184 (62 -514 126 ) (62 -514 116 ) (62 -544 116 ) (62 -544 126 ) 
4 184 207 (32 -544 116 ) (62 -544 116 ) (62 -544 126 ) (32 -544 126 ) 
4 184 186 (32 -544 116 ) (32 -544 126 ) (32 -514 126 ) (32 -514 116 ) 
4 185 270 (0 -512 126 ) (0 -512 116 ) (0 -514 116 ) (0 -514 126 ) 
4 185 187 (0 -514 116 ) (2 -514 116 ) (2 -514 126 ) (0 -514 126 ) 
4 185 186 (2 -514 116 ) (32 -514 116 ) (32 -514 126 ) (2 -514 126 ) 
4 186 207 (2 -544 116 ) (32 -544 116 ) (32 -544 126 ) (2 -544 126 ) 
4 186 187 (2 -514 126 ) (2 -514 116 ) (2 -544 116 ) (2 -544 126 ) 
4 187 271 (0 -514 116 ) (0 -544 116 ) (0 -544 126 ) (0 -514 126 ) 
4 187 210 (0 -544 116 ) (2 -544 116 ) (2 -544 126 ) (0 -544 126 ) 
4 188 211 (64 -576 126 ) (64 -640 126 ) (64 -640 127 ) (64 -576 127 ) 
4 188 205 (64 -544 127 ) (64 -544 126 ) (64 -576 126 ) (64 -576 127 ) 
4 188 198 (64 -578 126 ) (64 -574 126 ) (66 -574 126 ) (66 -578 126 ) 
4 188 197 (64 -574 126 ) (64 -544 126 ) (66 -544 126 ) (66 -574 126 ) 
4 188 199 (64 -640 126 ) (64 -578 126 ) (66 -578 126 ) (66 -640 126 ) 
4 188 194 (126 -638 126 ) (126 -640 126 ) (66 -640 126 ) (66 -638 126 ) 
4 188 193 (126 -578 126 ) (126 -638 126 ) (66 -638 126 ) (66 -578 126 ) 
4 188 192 (126 -574 126 ) (126 -578 126 ) (66 -578 126 ) (66 -574 126 ) 
4 188 191 (66 -544 126 ) (126 -544 126 ) (126 -574 126 ) (66 -574 126 ) 
4 188 190 (126 -544 126 ) (128 -544 126 ) (128 -640 126 ) (126 -640 126 ) 
4 188 189 (64 -640 127 ) (64 -640 126 ) (96 -640 126 ) (96 -640 127 ) 
4 189 211 (64 -640 126 ) (64 -704 126 ) (64 -704 127 ) (64 -640 127 ) 
4 189 199 (66 -704 126 ) (64 -704 126 ) (64 -640 126 ) (66 -640 126 ) 
4 189 196 (96 -704 126 ) (66 -704 126 ) (66 -702 126 ) (96 -702 126 ) 
4 189 195 (66 -702 126 ) (66 -642 126 ) (96 -642 126 ) (96 -702 126 ) 
4 189 194 (66 -642 126 ) (66 -640 126 ) (96 -640 126 ) (96 -642 126 ) 
4 190 200 (126 -704 116 ) (128 -704 116 ) (128 -704 126 ) (126 -704 126 ) 
4 190 196 (126 -704 116 ) (126 -704 126 ) (126 -702 126 ) (126 -702 116 ) 
4 190 195 (126 -702 126 ) (126 -642 126 ) (126 -642 116 ) (126 -702 116 ) 
4 190 194 (126 -642 126 ) (126 -638 126 ) (126 -638 116 ) (126 -642 116 ) 
4 190 193 (126 -638 126 ) (126 -578 126 ) (126 -578 116 ) (126 -638 116 ) 
4 190 192 (126 -578 126 ) (126 -574 126 ) (126 -574 116 ) (126 -578 116 ) 
4 190 191 (126 -574 126 ) (126 -544 126 ) (126 -544 116 ) (126 -574 116 ) 
4 191 197 (66 -574 126 ) (66 -544 126 ) (66 -544 116 ) (66 -574 116 ) 
4 191 192 (66 -574 126 ) (66 -574 116 ) (126 -574 116 ) (126 -574 126 ) 
4 192 198 (66 -578 126 ) (66 -574 126 ) (66 -574 116 ) (66 -578 116 ) 
4 192 193 (66 -578 126 ) (66 -578 116 ) (126 -578 116 ) (126 -578 126 ) 
4 193 199 (66 -638 126 ) (66 -578 126 ) (66 -578 116 ) (66 -638 116 ) 
4 193 194 (66 -638 126 ) (66 -638 116 ) (126 -638 116 ) (126 -638 126 ) 
4 194 199 (66 -642 126 ) (66 -638 126 ) (66 -638 116 ) (66 -642 116 ) 
4 194 195 (66 -642 126 ) (66 -642 116 ) (126 -642 116 ) (126 -642 126 ) 
4 195 199 (66 -702 126 ) (66 -642 126 ) (66 -642 116 ) (66 -702 116 ) 
4 195 196 (66 -702 126 ) (66 -702 116 ) (126 -702 116 ) (126 -702 126 ) 
4 196 201 (66 -704 116 ) (126 -704 116 ) (126 -704 126 ) (66 -704 126 ) 
4 196 199 (66 -704 116 ) (66 -704 126 ) (66 -702 126 ) (66 -702 116 ) 
4 197 206 (64 -544 126 ) (64 -544 116 ) (64 -574 116 ) (64 -574 126 ) 
4 197 198 (66 -574 116 ) (66 -574 126 ) (64 -574 126 ) (64 -574 116 ) 
4 198 212 (64 -576 116 ) (64 -578 116 ) (64 -578 126 ) (64 -576 126 ) 
4 198 208 (64 -574 116 ) (64 -576 116 ) (64 -576 126 ) (64 -574 126 ) 
4 198 199 (66 -578 116 ) (66 -578 126 ) (64 -578 126 ) (64 -578 116 ) 
4 199 213 (64 -578 116 ) (64 -704 116 ) (64 -704 126 ) (64 -578 126 ) 
4 199 203 (64 -704 126 ) (64 -704 116 ) (66 -704 116 ) (66 -704 126 ) 
4 200 202 (126 -766 116 ) (126 -766 126 ) (126 -706 126 ) (126 -706 116 ) 
4 200 201 (126 -706 126 ) (126 -704 126 ) (126 -704 116 ) (126 -706 116 ) 
4 200 204 (128 -766 126 ) (126 -766 126 ) (126 -766 116 ) (128 -766 116 ) 
4 201 203 (66 -706 126 ) (66 -704 126 ) (66 -704 116 ) (66 -706 116 ) 
4 201 202 (66 -706 126 ) (66 -706 116 ) (126 -706 116 ) (126 -706 126 ) 
4 202 203 (66 -766 116 ) (66 -766 126 ) (66 -706 126 ) (66 -706 116 ) 
4 202 204 (126 -766 126 ) (66 -766 126 ) (66 -766 116 ) (126 -766 116 ) 
4 203 213 (64 -704 116 ) (64 -766 116 ) (64 -766 126 ) (64 -704 126 ) 
4 203 204 (66 -766 126 ) (64 -766 126 ) (64 -766 116 ) (66 -766 116 ) 
4 204 222 (64 -766 116 ) (64 -768 116 ) (64 -768 126 ) (64 -766 126 ) 
4 205 211 (64 -576 126 ) (64 -576 127 ) (32 -576 127 ) (32 -576 126 ) 
4 205 209 (62 -576 126 ) (32 -576 126 ) (32 -574 126 ) (62 -574 126 ) 
4 205 208 (64 -576 126 ) (62 -576 126 ) (62 -574 126 ) (64 -574 126 ) 
4 205 207 (32 -574 126 ) (32 -544 126 ) (62 -544 126 ) (62 -574 126 ) 
4 205 206 (62 -544 126 ) (64 -544 126 ) (64 -574 126 ) (62 -574 126 ) 
4 206 208 (62 -574 116 ) (64 -574 116 ) (64 -574 126 ) (62 -574 126 ) 
4 206 207 (62 -574 116 ) (62 -574 126 ) (62 -544 126 ) (62 -544 116 ) 
4 207 209 (2 -574 126 ) (2 -574 116 ) (62 -574 116 ) (62 -574 126 ) 
4 207 210 (2 -574 126 ) (2 -544 126 ) (2 -544 116 ) (2 -574 116 ) 
4 208 212 (62 -576 116 ) (64 -576 116 ) (64 -576 126 ) (62 -576 126 ) 
4 208 209 (62 -574 126 ) (62 -574 116 ) (62 -576 116 ) (62 -576 126 ) 
4 209 214 (2 -576 116 ) (62 -576 116 ) (62 -576 126 ) (2 -576 126 ) 
4 209 210 (2 -576 116 ) (2 -576 126 ) (2 -574 126 ) (2 -574 116 ) 
4 210 274 (0 -544 126 ) (0 -544 116 ) (0 -576 116 ) (0 -576 126 ) 
4 210 224 (0 -576 116 ) (2 -576 116 ) (2 -576 126 ) (0 -576 126 ) 
4 211 227 (2 -702 126 ) (2 -768 126 ) (2 -768 127 ) (2 -702 127 ) 
4 211 225 (2 -642 126 ) (2 -702 126 ) (2 -702 127 ) (2 -642 127 ) 
4 211 223 (2 -576 127 ) (2 -576 126 ) (2 -642 126 ) (2 -642 127 ) 
4 211 219 (2 -706 126 ) (2 -702 126 ) (62 -702 126 ) (62 -706 126 ) 
4 211 218 (2 -702 126 ) (2 -642 126 ) (62 -642 126 ) (62 -702 126 ) 
4 211 221 (2 -766 126 ) (2 -706 126 ) (62 -706 126 ) (62 -766 126 ) 
4 211 216 (2 -642 126 ) (2 -638 126 ) (62 -638 126 ) (62 -642 126 ) 
4 211 215 (2 -638 126 ) (2 -578 126 ) (62 -578 126 ) (62 -638 126 ) 
4 211 214 (2 -578 126 ) (2 -576 126 ) (62 -576 126 ) (62 -578 126 ) 
4 211 213 (64 -578 126 ) (64 -766 126 ) (62 -766 126 ) (62 -578 126 ) 
4 211 212 (62 -576 126 ) (64 -576 126 ) (64 -578 126 ) (62 -578 126 ) 
4 211 222 (2 -768 126 ) (2 -766 126 ) (64 -766 126 ) (64 -768 126 ) 
4 212 214 (62 -578 126 ) (62 -576 126 ) (62 -576 116 ) (62 -578 116 ) 
4 212 213 (62 -578 126 ) (62 -578 116 ) (64 -578 116 ) (64 -578 126 ) 
4 213 220 (62 -706 126 ) (62 -702 126 ) (62 -702 116 ) (62 -706 116 ) 
4 213 218 (62 -702 126 ) (62 -642 126 ) (62 -642 116 ) (62 -702 116 ) 
4 213 221 (62 -766 116 ) (62 -766 126 ) (62 -706 126 ) (62 -706 116 ) 
4 213 217 (62 -642 126 ) (62 -638 126 ) (62 -638 116 ) (62 -642 116 ) 
4 213 215 (62 -638 126 ) (62 -578 126 ) (62 -578 116 ) (62 -638 116 ) 
4 213 222 (64 -766 116 ) (64 -766 126 ) (62 -766 126 ) (62 -766 116 ) 
4 214 224 (2 -576 126 ) (2 -576 116 ) (2 -578 116 ) (2 -578 126 ) 
4 214 215 (62 -578 116 ) (62 -578 126 ) (2 -578 126 ) (2 -578 116 ) 
4 215 224 (2 -578 116 ) (2 -638 116 ) (2 -638 126 ) (2 -578 126 ) 
4 215 217 (62 -638 116 ) (62 -638 125.812508 ) (2 -638 120.187500 ) (2 -638 116 ) 
4 215 216 (62 -638 125.812508 ) (62 -638 126 ) (2 -638 126 ) (2 -638 120.187500 ) 
4 216 224 (2 -642 120.187500 ) (2 -642 126 ) (2 -638 126 ) (2 -638 120.187500 ) 
4 216 218 (62 -642 125.812508 ) (62 -642 126 ) (2 -642 126 ) (2 -642 120.187500 ) 
4 216 217 (62 -642 125.812500 ) (2 -642 120.187500 ) (2 -638 120.187988 ) (62 -638 125.812988 ) 
4 217 224 (2 -638 116 ) (2 -642 116 ) (2 -642 120.187500 ) (2 -638 120.187500 ) 
4 217 218 (62 -642 116 ) (62 -642 125.812508 ) (2 -642 120.187500 ) (2 -642 116 ) 
4 218 226 (2 -642 116 ) (2 -702 116 ) (2 -702 120 ) (2 -642 120 ) 
4 218 225 (2 -702 120 ) (2 -702 126 ) (2 -642 126 ) (2 -642 120 ) 
4 218 220 (62 -702 116 ) (62 -702 125.812508 ) (2 -702 120.187500 ) (2 -702 116 ) 
4 218 219 (62 -702 125.812508 ) (62 -702 126 ) (2 -702 126 ) (2 -702 120.187500 ) 
4 219 228 (2 -706 120.187500 ) (2 -706 126 ) (2 -702 126 ) (2 -702 120.187500 ) 
4 219 221 (62 -706 125.812508 ) (62 -706 126 ) (2 -706 126 ) (2 -706 120.187500 ) 
4 219 220 (62 -706 125.812500 ) (2 -706 120.187500 ) (2 -702 120.187988 ) (62 -702 125.812988 ) 
4 220 228 (2 -702 116 ) (2 -706 116 ) (2 -706 120.187500 ) (2 -702 120.187500 ) 
4 220 221 (62 -706 116 ) (62 -706 125.812508 ) (2 -706 120.187500 ) (2 -706 116 ) 
4 221 228 (2 -706 116 ) (2 -766 116 ) (2 -766 126 ) (2 -706 126 ) 
4 221 222 (62 -766 126 ) (2 -766 126 ) (2 -766 116 ) (62 -766 116 ) 
4 222 228 (2 -766 116 ) (2 -768 116 ) (2 -768 126 ) (2 -766 126 ) 
4 223 290 (0 -642 127 ) (0 -608 127 ) (0 -608 126 ) (0 -642 126 ) 
4 223 225 (2 -642 126 ) (2 -642 127 ) (0 -642 127 ) (0 -642 126 ) 
4 223 224 (2 -642 126 ) (0 -642 126 ) (0 -576 126 ) (2 -576 126 ) 
4 224 292 (0 -608 116 ) (0 -642 116 ) (0 -642 126 ) (0 -608 126 ) 
4 224 274 (0 -576 126 ) (0 -576 116 ) (0 -608 116 ) (0 -608 126 ) 
4 224 226 (0 -642 116 ) (2 -642 116 ) (2 -642 120 ) (0 -642 120 ) 
4 224 225 (2 -642 120 ) (2 -642 126 ) (0 -642 126 ) (0 -642 120 ) 
4 225 305 (0 -672 126 ) (0 -672 120 ) (0 -702 120 ) (0 -702 126 ) 
4 225 304 (0 -702 127 ) (0 -672 127 ) (0 -672 126 ) (0 -702 126 ) 
4 225 293 (0 -642 126 ) (0 -642 120 ) (0 -672 120 ) (0 -672 126 ) 
4 225 290 (0 -672 127 ) (0 -642 127 ) (0 -642 126 ) (0 -672 126 ) 
4 225 228 (2 -702 120 ) (2 -702 126 ) (0 -702 126 ) (0 -702 120 ) 
4 225 227 (2 -702 126 ) (2 -702 127 ) (0 -702 127 ) (0 -702 126 ) 
4 225 226 (2 -702 120 ) (0 -702 120 ) (0 -642 120 ) (2 -642 120 ) 
4 226 306 (0 -672 116 ) (0 -702 116 ) (0 -702 120 ) (0 -672 120 ) 
4 226 294 (0 -642 120 ) (0 -642 116 ) (0 -672 116 ) (0 -672 120 ) 
4 226 228 (0 -702 116 ) (2 -702 116 ) (2 -702 120 ) (0 -702 120 ) 
4 227 321 (0 -736 127 ) (0 -706 127 ) (0 -706 126 ) (0 -736 126 ) 
4 227 319 (0 -706 127 ) (0 -704 127 ) (0 -704 126 ) (0 -706 126 ) 
4 227 304 (0 -704 127 ) (0 -702 127 ) (0 -702 126 ) (0 -704 126 ) 
4 227 228 (0 -702 126 ) (2 -702 126 ) (2 -768 126 ) (0 -768 126 ) 
4 228 324 (0 -768 116 ) (0 -768 126 ) (0 -736 126 ) (0 -736 116 ) 
4 228 322 (0 -736 126 ) (0 -706 126 ) (0 -706 116 ) (0 -736 116 ) 
4 228 320 (0 -706 126 ) (0 -704 126 ) (0 -704 116 ) (0 -706 116 ) 
4 228 308 (0 -704 126 ) (0 -702 126 ) (0 -702 116 ) (0 -704 116 ) 
4 229 233 (64 -928 640 ) (64 -1024 640 ) (64 -1024 864 ) (64 -928 864 ) 
4 229 231 (64 -864 640 ) (64 -928 640 ) (64 -928 864 ) (64 -864 864 ) 
4 229 230 (64 -768 864 ) (64 -768 640 ) (64 -864 640 ) (64 -864 864 ) 
4 230 248 (0 -768 864 ) (0 -768 640 ) (0 -864 640 ) (0 -864 864 ) 
4 230 231 (0 -864 864 ) (0 -864 640 ) (64 -864 640 ) (64 -864 864 ) 
4 231 248 (0 -864 864 ) (0 -864 640 ) (0 -928 640 ) (0 -928 864 ) 
4 231 233 (64 -928 640 ) (64 -928 864 ) (0 -928 864 ) (0 -928 640 ) 
4 232 263 (0 -864 328 ) (0 -864 320 ) (0 -928 320 ) (0 -928 328 ) 
4 232 237 (0 -928 320 ) (0 -864 320 ) (64 -864 320 ) (64 -928 320 ) 
4 233 248 (0 -1024 640 ) (0 -1024 864 ) (0 -928 864 ) (0 -928 640 ) 
4 234 258 (0 -785 256 ) (0 -768 256 ) (0 -768 128 ) (0 -785 128 ) 
4 234 235 (0 -785 128 ) (96 -785 128 ) (96 -785 256 ) (0 -785 256 ) 
4 235 259 (0 -786 256 ) (0 -785 256 ) (0 -785 128 ) (0 -786 128 ) 
4 235 236 (0 -786 128 ) (96 -786 128 ) (96 -786 256 ) (0 -786 256 ) 
4 236 260 (0 -800 128 ) (0 -800 256 ) (0 -786 256 ) (0 -786 128 ) 
4 236 239 (64 -800 256 ) (0 -800 256 ) (0 -800 128 ) (64 -800 128 ) 
4 237 263 (0 -928 320 ) (0 -864 320 ) (0 -864 256 ) (0 -928 256 ) 
4 237 238 (96 -864 256 ) (96 -928 256 ) (64 -928 256 ) (64 -864 256 ) 
4 237 239 (64 -928 256 ) (0 -928 256 ) (0 -864 256 ) (64 -864 256 ) 
4 238 239 (64 -864 128 ) (64 -928 128 ) (64 -928 256 ) (64 -864 256 ) 
4 239 263 (0 -928 128 ) (0 -928 256 ) (0 -864 256 ) (0 -864 128 ) 
4 239 261 (0 -864 256 ) (0 -800 256 ) (0 -800 128 ) (0 -864 128 ) 
4 239 240 (64 -928 256 ) (0 -928 256 ) (0 -928 128 ) (64 -928 128 ) 
4 240 381 (0 -1024 256 ) (0 -1024 0 ) (64 -1024 0 ) (64 -1024 256 ) 
4 240 342 (0 -928 0 ) (0 -1024 0 ) (0 -1024 116 ) (0 -928 116 ) 
4 240 341 (0 -1024 116 ) (0 -1024 128 ) (0 -928 128 ) (0 -928 116 ) 
4 240 265 (0 -1024 128 ) (0 -1024 256 ) (0 -928 256 ) (0 -928 128 ) 
4 241 242 (576 0 -128 ) (576 -352 -128 ) (576 -352 0 ) (576 0 0 ) 
4 242 243 (384 0 -128 ) (384 -192 -128 ) (384 -192 0 ) (384 0 0 ) 
4 244 362 (-128 -160 1408 ) (-128 -128 1408 ) (-128 -128 1152 ) (-128 -160 1152 ) 
4 244 347 (-128 -128 1408 ) (-128 -64 1408 ) (-128 -64 1152 ) (-128 -128 1152 ) 
4 244 345 (-128 -64 1408 ) (-128 0 1408 ) (-128 0 1152 ) (-128 -64 1152 ) 
4 244 246 (-128 -160 1152 ) (-128 -128 1152 ) (0 -128 1152 ) (0 -160 1152 ) 
4 244 245 (-128 -128 1152 ) (-128 0 1152 ) (0 0 1152 ) (0 -128 1152 ) 
4 245 347 (-128 -128 1152 ) (-128 -64 1152 ) (-128 -64 640 ) (-128 -128 640 ) 
4 245 345 (-128 -64 1152 ) (-128 0 1152 ) (-128 0 640 ) (-128 -64 640 ) 
4 245 250 (-128 -128 640 ) (-128 0 640 ) (-64 0 640 ) (-64 -128 640 ) 
4 245 249 (-64 0 640 ) (0 0 640 ) (0 -128 640 ) (-64 -128 640 ) 
4 245 246 (0 -128 896 ) (0 -128 1152 ) (-128 -128 1152 ) (-128 -128 896 ) 
4 246 362 (-128 -160 1152 ) (-128 -128 1152 ) (-128 -128 896 ) (-128 -160 896 ) 
4 247 371 (-128 -768 1152 ) (-128 -384 1152 ) (-128 -384 640 ) (-128 -768 640 ) 
4 247 253 (-128 -768 640 ) (-128 -384 640 ) (0 -384 640 ) (0 -768 640 ) 
4 247 248 (-128 -768 640 ) (0 -768 640 ) (0 -768 864 ) (-128 -768 864 ) 
4 248 380 (-128 -1024 640 ) (-128 -1024 864 ) (-128 -768 864 ) (-128 -768 640 ) 
4 249 252 (0 -288 512 ) (0 -288 640 ) (-64 -288 640 ) (-64 -288 512 ) 
4 249 251 (-64 -256 512 ) (-64 0 512 ) (0 0 512 ) (0 -256 512 ) 
4 249 250 (-64 0 512 ) (-64 -256 512 ) (-64 -256 640 ) (-64 0 640 ) 
4 250 364 (-128 -192 640 ) (-128 -128 640 ) (-128 -128 512 ) (-128 -192 512 ) 
4 250 365 (-128 -256 640 ) (-128 -192 640 ) (-128 -192 512 ) (-128 -256 512 ) 
4 250 347 (-128 -128 640 ) (-128 -64 640 ) (-128 -64 512 ) (-128 -128 512 ) 
4 250 345 (-128 -64 640 ) (-128 0 640 ) (-128 0 512 ) (-128 -64 512 ) 
4 250 251 (-128 -256 512 ) (-128 0 512 ) (-64 0 512 ) (-64 -256 512 ) 
4 251 364 (-128 -128 416 ) (-128 -192 416 ) (-128 -192 512 ) (-128 -128 512 ) 
4 251 365 (-128 -192 416 ) (-128 -256 416 ) (-128 -256 512 ) (-128 -192 512 ) 
4 251 347 (-128 -64 416 ) (-128 -128 416 ) (-128 -128 512 ) (-128 -64 512 ) 
4 251 345 (-128 0 512 ) (-128 0 416 ) (-128 -64 416 ) (-128 -64 512 ) 
4 251 255 (-128 -256 416 ) (-128 0 416 ) (0 0 416 ) (0 -256 416 ) 
4 253 371 (-128 -768 640 ) (-128 -384 640 ) (-128 -384 432 ) (-128 -768 432 ) 
4 253 254 (-128 -640 432 ) (-128 -512 432 ) (0 -512 432 ) (0 -640 432 ) 
4 254 256 (-128 -640 416 ) (-128 -512 416 ) (0 -512 416 ) (0 -640 416 ) 
4 255 364 (-128 -192 416 ) (-128 -128 416 ) (-128 -128 384 ) (-128 -192 384 ) 
4 255 365 (-128 -256 416 ) (-128 -192 416 ) (-128 -192 384 ) (-128 -256 384 ) 
4 255 347 (-128 -128 416 ) (-128 -64 416 ) (-128 -64 384 ) (-128 -128 384 ) 
4 255 345 (-128 -64 416 ) (-128 0 416 ) (-128 0 384 ) (-128 -64 384 ) 
4 255 257 (-128 -256 384 ) (-128 0 384 ) (0 0 384 ) (0 -256 384 ) 
4 256 257 (-128 -768 384 ) (-128 -320 384 ) (0 -320 384 ) (0 -768 384 ) 
4 257 364 (-128 -128 256 ) (-128 -192 256 ) (-128 -192 384 ) (-128 -128 384 ) 
4 257 365 (-128 -192 256 ) (-128 -320 256 ) (-128 -320 384 ) (-128 -192 384 ) 
4 257 347 (-128 -64 256 ) (-128 -128 256 ) (-128 -128 384 ) (-128 -64 384 ) 
4 257 345 (-128 0 384 ) (-128 0 322.084503 ) (-128 -64 322.084503 ) (-128 -64 384 ) 
4 257 344 (-128 0 322.084503 ) (-128 0 256 ) (-128 -64 256 ) (-128 -64 322.084503 ) 
4 257 262 (-128 -768 256 ) (-128 0 256 ) (-96 0 256 ) (-96 -768 256 ) 
4 257 258 (-96 0 256 ) (0 0 256 ) (0 -768 256 ) (-96 -768 256 ) 
4 258 318 (0 -704 128 ) (0 -736 128 ) (-64 -736 128 ) (-64 -704 128 ) 
4 258 267 (-32 -704 128 ) (-96 -704 128 ) (-96 -512 128 ) (-32 -512 128 ) 
4 258 266 (0 -544 128 ) (0 -704 128 ) (-32 -704 128 ) (-32 -544 128 ) 
4 258 262 (-96 0 128 ) (-96 -768 128 ) (-96 -768 256 ) (-96 0 256 ) 
4 258 259 (-96 -785 256 ) (-96 -785 128 ) (0 -785 128 ) (0 -785 256 ) 
4 259 260 (-96 -786 256 ) (-96 -786 128 ) (0 -786 128 ) (0 -786 256 ) 
4 260 261 (-64 -800 128 ) (0 -800 128 ) (0 -800 256 ) (-64 -800 256 ) 
4 261 263 (-64 -864 128 ) (0 -864 128 ) (0 -864 256 ) (-64 -864 256 ) 
4 262 364 (-128 -192 130 ) (-128 -192 256 ) (-128 -128 256 ) (-128 -128 130 ) 
4 262 365 (-128 -192 128 ) (-128 -320 128 ) (-128 -320 256 ) (-128 -192 256 ) 
4 262 348 (-128 -128 130 ) (-128 -128 136 ) (-128 -64 136 ) (-128 -64 130 ) 
4 262 347 (-128 -128 136 ) (-128 -128 256 ) (-128 -64 256 ) (-128 -64 136 ) 
4 262 344 (-128 0 256 ) (-128 0 128 ) (-128 -64 128 ) (-128 -64 256 ) 
4 262 268 (-128 -608 128 ) (-128 -512 128 ) (-96 -512 128 ) (-96 -608 128 ) 
4 263 265 (-64 -928 128 ) (0 -928 128 ) (0 -928 256 ) (-64 -928 256 ) 
4 263 264 (-64 -864 320 ) (-64 -864 128 ) (-64 -928 128 ) (-64 -928 320 ) 
4 265 383 (0 -1024 128 ) (0 -1024 256 ) (-64 -1024 256 ) (-64 -1024 128 ) 
4 265 341 (0 -1024 128 ) (-64 -1024 128 ) (-64 -928 128 ) (0 -928 128 ) 
4 266 318 (0 -704 127 ) (0 -704 128 ) (-32 -704 128 ) (-32 -704 127 ) 
4 266 304 (0 -704 127 ) (-32 -704 127 ) (-32 -672 127 ) (0 -672 127 ) 
4 266 290 (-32 -672 127 ) (-32 -608 127 ) (0 -608 127 ) (0 -672 127 ) 
4 266 267 (-32 -544 127 ) (-32 -704 127 ) (-32 -704 128 ) (-32 -544 128 ) 
4 267 318 (-32 -704 128 ) (-64 -704 128 ) (-64 -704 127 ) (-32 -704 127 ) 
4 267 291 (-96 -640 127 ) (-96 -608 127 ) (-64 -608 127 ) (-64 -640 127 ) 
4 267 290 (-64 -608 127 ) (-32 -608 127 ) (-32 -672 127 ) (-64 -672 127 ) 
4 267 281 (-96 -608 127 ) (-96 -512 127 ) (-64 -512 127 ) (-64 -608 127 ) 
4 267 269 (-64 -512 127 ) (-32 -512 127 ) (-32 -544 127 ) (-64 -544 127 ) 
4 267 268 (-96 -512 128 ) (-96 -512 127 ) (-96 -608 127 ) (-96 -608 128 ) 
4 268 281 (-128 -608 127 ) (-128 -512 127 ) (-96 -512 127 ) (-96 -608 127 ) 
4 269 281 (-64 -544 127 ) (-64 -512 127 ) (-64 -512 126 ) (-64 -544 126 ) 
4 269 273 (-62 -544 126 ) (-64 -544 126 ) (-64 -514 126 ) (-62 -514 126 ) 
4 269 272 (-32 -544 126 ) (-62 -544 126 ) (-62 -514 126 ) (-32 -514 126 ) 
4 269 270 (-64 -514 126 ) (-64 -512 126 ) (-32 -512 126 ) (-32 -514 126 ) 
4 270 282 (-64 -512 126 ) (-64 -512 116 ) (-64 -514 116 ) (-64 -514 126 ) 
4 270 273 (-62 -514 126 ) (-64 -514 126 ) (-64 -514 116 ) (-62 -514 116 ) 
4 270 272 (-2 -514 126 ) (-62 -514 126 ) (-62 -514 116 ) (-2 -514 116 ) 
4 270 271 (0 -514 126 ) (-2 -514 126 ) (-2 -514 116 ) (0 -514 116 ) 
4 271 274 (-2 -544 116 ) (0 -544 116 ) (0 -544 126 ) (-2 -544 126 ) 
4 271 272 (-2 -514 126 ) (-2 -514 116 ) (-2 -544 116 ) (-2 -544 126 ) 
4 272 275 (-62 -544 116 ) (-2 -544 116 ) (-2 -544 126 ) (-62 -544 126 ) 
4 272 273 (-62 -514 126 ) (-62 -514 116 ) (-62 -544 116 ) (-62 -544 126 ) 
4 273 283 (-64 -514 116 ) (-64 -544 116 ) (-64 -544 126 ) (-64 -514 126 ) 
4 273 276 (-64 -544 126 ) (-64 -544 116 ) (-62 -544 116 ) (-62 -544 126 ) 
4 274 292 (-2 -608 116 ) (0 -608 116 ) (0 -608 126 ) (-2 -608 126 ) 
4 274 279 (-2 -608 116 ) (-2 -608 126 ) (-2 -578 126 ) (-2 -578 116 ) 
4 274 277 (-2 -578 126 ) (-2 -574 126 ) (-2 -574 116 ) (-2 -578 116 ) 
4 274 275 (-2 -574 126 ) (-2 -544 126 ) (-2 -544 116 ) (-2 -574 116 ) 
4 275 277 (-2 -574 116 ) (-2 -574 126 ) (-62 -574 126 ) (-62 -574 116 ) 
4 275 276 (-62 -574 116 ) (-62 -574 126 ) (-62 -544 126 ) (-62 -544 116 ) 
4 276 283 (-64 -574 126 ) (-64 -544 126 ) (-64 -544 116 ) (-64 -574 116 ) 
4 276 278 (-62 -574 126 ) (-64 -574 126 ) (-64 -574 116 ) (-62 -574 116 ) 
4 277 279 (-2 -578 116 ) (-2 -578 126 ) (-62 -578 126 ) (-62 -578 116 ) 
4 277 278 (-62 -574 126 ) (-62 -574 116 ) (-62 -578 116 ) (-62 -578 126 ) 
4 278 285 (-64 -578 126 ) (-64 -574 126 ) (-64 -574 116 ) (-64 -578 116 ) 
4 278 280 (-62 -578 126 ) (-64 -578 126 ) (-64 -578 116 ) (-62 -578 116 ) 
4 279 295 (-62 -608 116 ) (-2 -608 116 ) (-2 -608 126 ) (-62 -608 126 ) 
4 279 280 (-62 -578 126 ) (-62 -578 116 ) (-62 -608 116 ) (-62 -608 126 ) 
4 280 296 (-64 -608 116 ) (-62 -608 116 ) (-62 -608 126 ) (-64 -608 126 ) 
4 280 287 (-64 -608 116 ) (-64 -608 126 ) (-64 -578 126 ) (-64 -578 116 ) 
4 281 291 (-64 -608 126 ) (-64 -608 127 ) (-96 -608 127 ) (-96 -608 126 ) 
4 281 288 (-66 -608 126 ) (-126 -608 126 ) (-126 -578 126 ) (-66 -578 126 ) 
4 281 287 (-64 -578 126 ) (-64 -608 126 ) (-66 -608 126 ) (-66 -578 126 ) 
4 281 286 (-66 -578 126 ) (-126 -578 126 ) (-126 -574 126 ) (-66 -574 126 ) 
4 281 285 (-64 -574 126 ) (-64 -578 126 ) (-66 -578 126 ) (-66 -574 126 ) 
4 281 284 (-66 -574 126 ) (-126 -574 126 ) (-126 -514 126 ) (-66 -514 126 ) 
4 281 283 (-64 -514 126 ) (-64 -574 126 ) (-66 -574 126 ) (-66 -514 126 ) 
4 281 282 (-126 -512 126 ) (-64 -512 126 ) (-64 -514 126 ) (-126 -514 126 ) 
4 281 289 (-128 -512 126 ) (-126 -512 126 ) (-126 -608 126 ) (-128 -608 126 ) 
4 282 284 (-126 -514 126 ) (-126 -514 116 ) (-66 -514 116 ) (-66 -514 126 ) 
4 282 283 (-66 -514 116 ) (-64 -514 116 ) (-64 -514 126 ) (-66 -514 126 ) 
4 282 289 (-126 -514 126 ) (-126 -512 126 ) (-126 -512 116 ) (-126 -514 116 ) 
4 283 285 (-66 -574 116 ) (-64 -574 116 ) (-64 -574 126 ) (-66 -574 126 ) 
4 283 284 (-66 -514 126 ) (-66 -514 116 ) (-66 -574 116 ) (-66 -574 126 ) 
4 284 286 (-126 -574 126 ) (-126 -574 116 ) (-66 -574 116 ) (-66 -574 126 ) 
4 284 289 (-126 -574 126 ) (-126 -514 126 ) (-126 -514 116 ) (-126 -574 116 ) 
4 285 287 (-66 -578 116 ) (-64 -578 116 ) (-64 -578 126 ) (-66 -578 126 ) 
4 285 286 (-66 -574 126 ) (-66 -574 116 ) (-66 -578 116 ) (-66 -578 126 ) 
4 286 288 (-126 -578 126 ) (-126 -578 116 ) (-66 -578 116 ) (-66 -578 126 ) 
4 286 289 (-126 -578 126 ) (-126 -574 126 ) (-126 -574 116 ) (-126 -578 116 ) 
4 287 296 (-66 -608 116 ) (-64 -608 116 ) (-64 -608 126 ) (-66 -608 126 ) 
4 287 288 (-66 -578 126 ) (-66 -578 116 ) (-66 -608 116 ) (-66 -608 126 ) 
4 288 313 (-126 -608 116 ) (-96 -608 116 ) (-96 -608 126 ) (-126 -608 126 ) 
4 288 299 (-96 -608 116 ) (-66 -608 116 ) (-66 -608 126 ) (-96 -608 126 ) 
4 288 289 (-126 -608 116 ) (-126 -608 126 ) (-126 -578 126 ) (-126 -578 116 ) 
4 289 317 (-128 -608 116 ) (-126 -608 116 ) (-126 -608 126 ) (-128 -608 126 ) 
4 290 304 (-32 -672 126 ) (0 -672 126 ) (0 -672 127 ) (-32 -672 127 ) 
4 290 302 (-62 -672 126 ) (-64 -672 126 ) (-64 -642 126 ) (-62 -642 126 ) 
4 290 301 (-2 -672 126 ) (-62 -672 126 ) (-62 -642 126 ) (-2 -642 126 ) 
4 290 298 (-64 -642 126 ) (-64 -638 126 ) (-62 -638 126 ) (-62 -642 126 ) 
4 290 297 (-62 -638 126 ) (-2 -638 126 ) (-2 -642 126 ) (-62 -642 126 ) 
4 290 296 (-64 -638 126 ) (-64 -608 126 ) (-62 -608 126 ) (-62 -638 126 ) 
4 290 295 (-62 -608 126 ) (-2 -608 126 ) (-2 -638 126 ) (-62 -638 126 ) 
4 290 293 (0 -672 126 ) (-2 -672 126 ) (-2 -642 126 ) (0 -642 126 ) 
4 290 292 (-2 -642 126 ) (-2 -608 126 ) (0 -608 126 ) (0 -642 126 ) 
4 290 291 (-64 -608 127 ) (-64 -608 126 ) (-64 -640 126 ) (-64 -640 127 ) 
4 291 300 (-96 -640 126 ) (-96 -638 126 ) (-66 -638 126 ) (-66 -640 126 ) 
4 291 299 (-96 -638 126 ) (-96 -608 126 ) (-66 -608 126 ) (-66 -638 126 ) 
4 291 298 (-64 -638 126 ) (-64 -640 126 ) (-66 -640 126 ) (-66 -638 126 ) 
4 291 296 (-66 -608 126 ) (-64 -608 126 ) (-64 -638 126 ) (-66 -638 126 ) 
4 292 297 (-2 -642 126 ) (-2 -638 126 ) (-2 -638 116 ) (-2 -642 116 ) 
4 292 295 (-2 -638 126 ) (-2 -608 126 ) (-2 -608 116 ) (-2 -638 116 ) 
4 292 294 (-2 -642 120 ) (-2 -642 116 ) (0 -642 116 ) (0 -642 120 ) 
4 292 293 (-2 -642 126 ) (-2 -642 120 ) (0 -642 120 ) (0 -642 126 ) 
4 293 305 (0 -672 120 ) (0 -672 126 ) (-2 -672 126 ) (-2 -672 120 ) 
4 293 301 (-2 -672 120 ) (-2 -672 126 ) (-2 -642 126 ) (-2 -642 120 ) 
4 293 294 (0 -672 120 ) (-2 -672 120 ) (-2 -642 120 ) (0 -642 120 ) 
4 294 306 (-2 -672 116 ) (0 -672 116 ) (0 -672 120 ) (-2 -672 120 ) 
4 294 301 (-2 -672 116 ) (-2 -672 120 ) (-2 -642 120 ) (-2 -642 116 ) 
4 295 297 (-62 -638 116 ) (-2 -638 116 ) (-2 -638 126 ) (-62 -638 126 ) 
4 295 296 (-62 -638 116 ) (-62 -638 126 ) (-62 -608 126 ) (-62 -608 116 ) 
4 296 299 (-66 -638 126 ) (-66 -608 126 ) (-66 -608 116 ) (-66 -638 116 ) 
4 296 298 (-66 -638 126 ) (-66 -638 116 ) (-62 -638 116 ) (-62 -638 126 ) 
4 297 301 (-2 -642 116 ) (-2 -642 126 ) (-62 -642 126 ) (-62 -642 116 ) 
4 297 298 (-62 -638 126 ) (-62 -638 116 ) (-62 -642 116 ) (-62 -642 126 ) 
4 298 302 (-62 -642 126 ) (-66 -642 126 ) (-66 -642 116 ) (-62 -642 116 ) 
4 298 300 (-66 -642 116 ) (-66 -642 126 ) (-66 -638 126 ) (-66 -638 116 ) 
4 299 313 (-96 -608 126 ) (-96 -608 116 ) (-96 -638 116 ) (-96 -638 126 ) 
4 299 300 (-66 -638 116 ) (-66 -638 126 ) (-96 -638 126 ) (-96 -638 116 ) 
4 300 314 (-96 -638 116 ) (-96 -642 116 ) (-96 -642 126 ) (-96 -638 126 ) 
4 300 303 (-66 -642 126 ) (-96 -642 126 ) (-96 -642 116 ) (-66 -642 116 ) 
4 301 307 (-62 -672 116 ) (-2 -672 116 ) (-2 -672 126 ) (-62 -672 126 ) 
4 301 302 (-62 -642 126 ) (-62 -642 116 ) (-62 -672 116 ) (-62 -672 126 ) 
4 302 309 (-66 -672 116 ) (-62 -672 116 ) (-62 -672 126 ) (-66 -672 126 ) 
4 302 303 (-66 -642 126 ) (-66 -642 116 ) (-66 -672 116 ) (-66 -672 126 ) 
4 303 315 (-96 -642 116 ) (-96 -672 116 ) (-96 -672 126 ) (-96 -642 126 ) 
4 303 310 (-96 -672 126 ) (-96 -672 116 ) (-66 -672 116 ) (-66 -672 126 ) 
4 304 319 (0 -704 126 ) (0 -704 127 ) (-32 -704 127 ) (-32 -704 126 ) 
4 304 305 (-2 -672 126 ) (0 -672 126 ) (0 -702 126 ) (-2 -702 126 ) 
4 304 307 (-32 -702 126 ) (-32 -672 126 ) (-2 -672 126 ) (-2 -702 126 ) 
4 304 308 (0 -704 126 ) (-32 -704 126 ) (-32 -702 126 ) (0 -702 126 ) 
4 305 307 (-2 -702 120 ) (-2 -702 126 ) (-2 -672 126 ) (-2 -672 120 ) 
4 305 308 (0 -702 120 ) (0 -702 126 ) (-2 -702 126 ) (-2 -702 120 ) 
4 305 306 (0 -702 120 ) (-2 -702 120 ) (-2 -672 120 ) (0 -672 120 ) 
4 306 307 (-2 -702 116 ) (-2 -702 120 ) (-2 -672 120 ) (-2 -672 116 ) 
4 306 308 (-2 -702 116 ) (0 -702 116 ) (0 -702 120 ) (-2 -702 120 ) 
4 307 309 (-62 -702 126 ) (-62 -672 126 ) (-62 -672 116 ) (-62 -702 116 ) 
4 307 308 (-62 -702 126 ) (-62 -702 116 ) (-2 -702 116 ) (-2 -702 126 ) 
4 308 327 (-62 -704 116 ) (-32 -704 116 ) (-32 -704 126 ) (-62 -704 126 ) 
4 308 320 (-32 -704 116 ) (0 -704 116 ) (0 -704 126 ) (-32 -704 126 ) 
4 308 311 (-62 -704 116 ) (-62 -704 126 ) (-62 -702 126 ) (-62 -702 116 ) 
4 309 311 (-62 -702 116 ) (-62 -702 126 ) (-66 -702 126 ) (-66 -702 116 ) 
4 309 310 (-66 -702 116 ) (-66 -702 126 ) (-66 -672 126 ) (-66 -672 116 ) 
4 310 315 (-96 -672 116 ) (-96 -702 116 ) (-96 -702 126 ) (-96 -672 126 ) 
4 310 312 (-66 -702 126 ) (-96 -702 126 ) (-96 -702 116 ) (-66 -702 116 ) 
4 311 331 (-66 -704 116 ) (-64 -704 116 ) (-64 -704 126 ) (-66 -704 126 ) 
4 311 329 (-64 -704 116 ) (-62 -704 116 ) (-62 -704 126 ) (-64 -704 126 ) 
4 311 312 (-66 -702 126 ) (-66 -702 116 ) (-66 -704 116 ) (-66 -704 126 ) 
4 312 332 (-96 -704 116 ) (-66 -704 116 ) (-66 -704 126 ) (-96 -704 126 ) 
4 312 316 (-96 -702 116 ) (-96 -704 116 ) (-96 -704 126 ) (-96 -702 126 ) 
4 313 317 (-126 -638 126 ) (-126 -608 126 ) (-126 -608 116 ) (-126 -638 116 ) 
4 313 314 (-126 -638 126 ) (-126 -638 116 ) (-96 -638 116 ) (-96 -638 126 ) 
4 314 315 (-126 -642 126 ) (-126 -642 116 ) (-96 -642 116 ) (-96 -642 126 ) 
4 314 317 (-126 -642 126 ) (-126 -638 126 ) (-126 -638 116 ) (-126 -642 116 ) 
4 315 317 (-126 -702 126 ) (-126 -642 126 ) (-126 -642 116 ) (-126 -702 116 ) 
4 315 316 (-126 -702 126 ) (-126 -702 116 ) (-96 -702 116 ) (-96 -702 126 ) 
4 316 332 (-126 -704 116 ) (-96 -704 116 ) (-96 -704 126 ) (-126 -704 126 ) 
4 316 317 (-126 -704 116 ) (-126 -704 126 ) (-126 -702 126 ) (-126 -702 116 ) 
4 317 335 (-128 -704 116 ) (-126 -704 116 ) (-126 -704 126 ) (-128 -704 126 ) 
4 318 321 (0 -706 127 ) (0 -736 127 ) (-2 -736 127 ) (-2 -706 127 ) 
4 318 323 (-2 -736 127 ) (-32 -736 127 ) (-32 -706 127 ) (-2 -706 127 ) 
4 318 319 (-32 -704 127 ) (0 -704 127 ) (0 -706 127 ) (-32 -706 127 ) 
4 319 321 (-2 -706 126 ) (0 -706 126 ) (0 -706 127 ) (-2 -706 127 ) 
4 319 323 (-32 -706 127 ) (-32 -706 126 ) (-2 -706 126 ) (-2 -706 127 ) 
4 319 320 (0 -706 126 ) (-32 -706 126 ) (-32 -704 126 ) (0 -704 126 ) 
4 320 327 (-32 -704 126 ) (-32 -704 116 ) (-32 -706 116 ) (-32 -706 126 ) 
4 320 322 (-2 -706 116 ) (0 -706 116 ) (0 -706 126 ) (-2 -706 126 ) 
4 320 323 (-32 -706 126 ) (-32 -706 116 ) (-2 -706 116 ) (-2 -706 126 ) 
4 321 323 (-2 -706 127 ) (-2 -706 126 ) (-2 -736 126 ) (-2 -736 127 ) 
4 321 322 (0 -736 126 ) (-2 -736 126 ) (-2 -706 126 ) (0 -706 126 ) 
4 322 324 (-2 -736 116 ) (0 -736 116 ) (0 -736 126 ) (-2 -736 126 ) 
4 322 323 (-2 -706 126 ) (-2 -706 116 ) (-2 -736 116 ) (-2 -736 126 ) 
4 323 328 (-32 -706 126 ) (-32 -706 116 ) (-32 -736 116 ) (-32 -736 126 ) 
4 323 325 (-32 -736 126 ) (-32 -736 116 ) (-2 -736 116 ) (-2 -736 126 ) 
4 324 326 (-2 -768 116 ) (-2 -768 126 ) (-2 -766 126 ) (-2 -766 116 ) 
4 324 325 (-2 -766 126 ) (-2 -736 126 ) (-2 -736 116 ) (-2 -766 116 ) 
4 325 336 (-32 -766 126 ) (-32 -736 126 ) (-32 -736 116 ) (-32 -766 116 ) 
4 325 326 (-2 -766 116 ) (-2 -766 126 ) (-32 -766 126 ) (-32 -766 116 ) 
4 326 340 (-32 -768 116 ) (-32 -768 126 ) (-32 -766 126 ) (-32 -766 116 ) 
4 327 329 (-62 -706 126 ) (-62 -704 126 ) (-62 -704 116 ) (-62 -706 116 ) 
4 327 328 (-62 -706 126 ) (-62 -706 116 ) (-32 -706 116 ) (-32 -706 126 ) 
4 328 336 (-62 -736 116 ) (-32 -736 116 ) (-32 -736 126 ) (-62 -736 126 ) 
4 328 330 (-62 -736 116 ) (-62 -736 126 ) (-62 -706 126 ) (-62 -706 116 ) 
4 329 331 (-64 -706 126 ) (-64 -704 126 ) (-64 -704 116 ) (-64 -706 116 ) 
4 329 330 (-62 -706 116 ) (-62 -706 126 ) (-64 -706 126 ) (-64 -706 116 ) 
4 330 337 (-64 -736 116 ) (-62 -736 116 ) (-62 -736 126 ) (-64 -736 126 ) 
4 330 333 (-64 -736 116 ) (-64 -736 126 ) (-64 -706 126 ) (-64 -706 116 ) 
4 331 333 (-66 -706 116 ) (-64 -706 116 ) (-64 -706 126 ) (-66 -706 126 ) 
4 331 332 (-66 -706 116 ) (-66 -706 126 ) (-66 -704 126 ) (-66 -704 116 ) 
4 332 334 (-126 -706 126 ) (-126 -706 116 ) (-66 -706 116 ) (-66 -706 126 ) 
4 332 335 (-126 -706 126 ) (-126 -704 126 ) (-126 -704 116 ) (-126 -706 116 ) 
4 333 337 (-66 -736 116 ) (-64 -736 116 ) (-64 -736 126 ) (-66 -736 126 ) 
4 333 334 (-66 -706 126 ) (-66 -706 116 ) (-66 -736 116 ) (-66 -736 126 ) 
4 334 338 (-126 -736 116 ) (-66 -736 116 ) (-66 -736 126 ) (-126 -736 126 ) 
4 334 335 (-126 -736 116 ) (-126 -736 126 ) (-126 -706 126 ) (-126 -706 116 ) 
4 335 339 (-128 -736 116 ) (-126 -736 116 ) (-126 -736 126 ) (-128 -736 126 ) 
4 336 340 (-62 -766 116 ) (-32 -766 116 ) (-32 -766 126 ) (-62 -766 126 ) 
4 336 337 (-62 -766 116 ) (-62 -766 126 ) (-62 -736 126 ) (-62 -736 116 ) 
4 337 338 (-66 -766 116 ) (-66 -766 126 ) (-66 -736 126 ) (-66 -736 116 ) 
4 337 340 (-66 -766 116 ) (-62 -766 116 ) (-62 -766 126 ) (-66 -766 126 ) 
4 338 340 (-126 -766 116 ) (-66 -766 116 ) (-66 -766 126 ) (-126 -766 126 ) 
4 338 339 (-126 -766 116 ) (-126 -766 126 ) (-126 -736 126 ) (-126 -736 116 ) 
4 339 340 (-128 -766 116 ) (-126 -766 116 ) (-126 -766 126 ) (-128 -766 126 ) 
4 341 383 (0 -1024 116 ) (0 -1024 128 ) (-64 -1024 128 ) (-64 -1024 116 ) 
4 341 342 (-64 -928 116 ) (0 -928 116 ) (0 -1024 116 ) (-64 -1024 116 ) 
4 342 383 (0 -1024 0 ) (0 -1024 116 ) (-64 -1024 116 ) (-64 -1024 0 ) 
4 343 360 (-448 0 256 ) (-448 0 128 ) (-448 -64 128 ) (-448 -64 256 ) 
4 343 356 (-448 0 352.750000 ) (-448 0 321 ) (-448 -32 321 ) (-448 -32 352.750000 ) 
4 343 355 (-448 0 416.250000 ) (-448 0 352.750000 ) (-448 -32 352.750000 ) (-448 -32 416.250000 ) 
4 343 354 (-448 0 448 ) (-448 0 416.250000 ) (-448 -32 416.250000 ) (-448 -32 448 ) 
4 343 357 (-448 -32 321 ) (-448 -64 321 ) (-448 -64 448 ) (-448 -32 448 ) 
4 343 358 (-448 0 321 ) (-448 0 320 ) (-448 -64 320 ) (-448 -64 321 ) 
4 343 353 (-448 0 768 ) (-448 0 640 ) (-448 -64 640 ) (-448 -64 768 ) 
4 343 351 (-448 0 1408 ) (-448 0 896 ) (-448 -64 896 ) (-448 -64 1408 ) 
4 343 350 (-448 -64 136 ) (-448 -64 128 ) (-393.694000 -64 128 ) (-393.763947 -64 136 ) 
4 343 347 (-448 -64 1408 ) (-448 -64 136 ) (-393.763947 -64 136 ) (-404.884674 -64 1408 ) 
4 343 346 (-404.884735 0 1408 ) (-404.884735 -64 1408 ) (-396.490021 -64 447.803955 ) (-396.490021 0 447.803955 ) 
4 343 344 (-395.371002 -64 319.810913 ) (-393.694061 -64 128 ) (-393.694061 0 128 ) (-395.371002 0 319.810974 ) 
4 344 349 (-352 -64 128 ) (-256 -64 128 ) (-256 -64 136 ) (-352 -64 136 ) 
4 344 350 (-393.694000 -64 128 ) (-384 -64 128 ) (-384 -64 136 ) (-393.763947 -64 136 ) 
4 344 348 (-128 -64 130 ) (-128 -64 136 ) (-256 -64 136 ) (-256 -64 130 ) 
4 344 347 (-128 -64 136 ) (-128 -64 322.084503 ) (-395.370941 -64 319.810913 ) (-393.763947 -64 136 ) 
4 344 345 (-387.373993 -64 319.878998 ) (-128 -64 322.084564 ) (-128 0 322.084595 ) (-387.374023 0 319.879028 ) 
4 345 347 (-128 -64 322.084503 ) (-128 -64 1408 ) (-396.869965 -64 1408 ) (-387.373993 -64 319.878906 ) 
4 345 346 (-388.491058 -64 447.873962 ) (-396.869995 -64 1408 ) (-396.869995 0 1408 ) (-388.491058 0 447.873962 ) 
4 346 347 (-396.869965 -64 1408 ) (-404.884674 -64 1408 ) (-396.489960 -64 447.803955 ) (-388.490997 -64 447.873993 ) 
4 347 369 (-384 -128 640 ) (-448 -128 640 ) (-448 -128 136 ) (-384 -128 136 ) 
4 347 367 (-352 -128 640 ) (-384 -128 640 ) (-384 -128 136 ) (-352 -128 136 ) 
4 347 366 (-256 -128 640 ) (-352 -128 640 ) (-352 -128 136 ) (-256 -128 136 ) 
4 347 364 (-128 -128 136 ) (-128 -128 640 ) (-256 -128 640 ) (-256 -128 136 ) 
4 347 362 (-128 -128 896 ) (-128 -128 1408 ) (-448 -128 1408 ) (-448 -128 896 ) 
4 347 360 (-448 -128 136 ) (-448 -128 256 ) (-448 -64 256 ) (-448 -64 136 ) 
4 347 353 (-448 -128 640 ) (-448 -128 768 ) (-448 -64 768 ) (-448 -64 640 ) 
4 347 351 (-448 -128 896 ) (-448 -128 1408 ) (-448 -64 1408 ) (-448 -64 896 ) 
4 347 349 (-256 -128 136 ) (-352 -128 136 ) (-352 -64 136 ) (-256 -64 136 ) 
4 347 350 (-384 -128 136 ) (-448 -128 136 ) (-448 -64 136 ) (-384 -64 136 ) 
4 347 348 (-128 -128 136 ) (-256 -128 136 ) (-256 -64 136 ) (-128 -64 136 ) 
4 348 364 (-128 -128 130 ) (-128 -128 136 ) (-256 -128 136 ) (-256 -128 130 ) 
4 348 349 (-256 -128 136 ) (-256 -64 136 ) (-256 -64 130 ) (-256 -128 130 ) 
4 349 366 (-256 -128 136 ) (-352 -128 136 ) (-352 -128 128 ) (-256 -128 128 ) 
4 350 369 (-384 -128 136 ) (-448 -128 136 ) (-448 -128 128 ) (-384 -128 128 ) 
4 350 360 (-448 -64 128 ) (-448 -128 128 ) (-448 -128 136 ) (-448 -64 136 ) 
4 351 362 (-448 -128 896 ) (-448 -128 1408 ) (-477 -128 1408 ) (-477 -128 896 ) 
4 351 352 (-477 0 896 ) (-477 -128 896 ) (-477 -128 1248 ) (-477 0 1248 ) 
4 352 363 (-576 -128 1248 ) (-576 -128 896 ) (-477 -128 896 ) (-477 -128 1248 ) 
4 354 359 (-449 -32 448 ) (-449 0 448 ) (-449 0 416.250000 ) (-449 -32 416.250000 ) 
4 354 355 (-448 -32 416.250000 ) (-449 -32 416.250000 ) (-449 0 416.250000 ) (-448 0 416.250000 ) 
4 354 357 (-449 -32 448 ) (-449 -32 416.250000 ) (-448 -32 416.250000 ) (-448 -32 448 ) 
4 355 359 (-449 0 416.250000 ) (-449 0 352.750000 ) (-449 -32 352.750000 ) (-449 -32 416.250000 ) 
4 355 357 (-449 -32 416.250000 ) (-449 -32 352.750000 ) (-448 -32 352.750000 ) (-448 -32 416.250000 ) 
4 355 356 (-448 -32 352.750000 ) (-449 -32 352.750000 ) (-449 0 352.750000 ) (-448 0 352.750000 ) 
4 356 359 (-449 0 352.750000 ) (-449 0 321 ) (-449 -32 321 ) (-449 -32 352.750000 ) 
4 356 358 (-449 -32 321 ) (-449 0 321 ) (-448 0 321 ) (-448 -32 321 ) 
4 356 357 (-449 -32 352.750000 ) (-449 -32 321 ) (-448 -32 321 ) (-448 -32 352.750000 ) 
4 357 359 (-449 -64 321 ) (-449 -64 448 ) (-449 -32 448 ) (-449 -32 321 ) 
4 357 358 (-448 -64 321 ) (-449 -64 321 ) (-449 -32 321 ) (-448 -32 321 ) 
4 358 359 (-449 0 320 ) (-449 -64 320 ) (-449 -64 321 ) (-449 0 321 ) 
4 359 361 (-512 -64 448 ) (-512 0 448 ) (-512 0 320 ) (-512 -64 320 ) 
4 360 370 (-448 -128 128 ) (-448 -128 256 ) (-512 -128 256 ) (-512 -128 128 ) 
4 362 363 (-477 -128 896 ) (-477 -160 896 ) (-477 -160 1248 ) (-477 -128 1248 ) 
4 364 366 (-256 -192 130 ) (-256 -192 640 ) (-256 -128 640 ) (-256 -128 130 ) 
4 364 365 (-256 -192 640 ) (-256 -192 130 ) (-128 -192 130 ) (-128 -192 640 ) 
4 365 378 (-256 -320 432 ) (-256 -320 384 ) (-192 -320 384 ) (-192 -320 432 ) 
4 365 376 (-256 -320 448 ) (-256 -320 432 ) (-192 -320 432 ) (-192 -320 448 ) 
4 365 366 (-256 -192 128 ) (-256 -320 128 ) (-256 -320 640 ) (-256 -192 640 ) 
4 366 378 (-320 -320 432 ) (-320 -320 384 ) (-256 -320 384 ) (-256 -320 432 ) 
4 366 376 (-320 -320 448 ) (-320 -320 432 ) (-256 -320 432 ) (-256 -320 448 ) 
4 366 374 (-320 -320 512 ) (-320 -320 448 ) (-256 -320 448 ) (-256 -320 512 ) 
4 366 367 (-352 -160 136 ) (-352 -160 640 ) (-352 -128 640 ) (-352 -128 136 ) 
4 366 368 (-352 -160 128 ) (-352 -320 128 ) (-352 -320 640 ) (-352 -160 640 ) 
4 367 369 (-384 -160 136 ) (-384 -160 640 ) (-384 -128 640 ) (-384 -128 136 ) 
4 367 368 (-384 -160 640 ) (-384 -160 136 ) (-352 -160 136 ) (-352 -160 640 ) 
4 368 369 (-384 -160 128 ) (-384 -320 128 ) (-384 -320 640 ) (-384 -160 640 ) 
4 369 370 (-448 -128 128 ) (-448 -320 128 ) (-448 -320 576 ) (-448 -128 576 ) 
4 371 380 (-128 -768 640 ) (-128 -768 864 ) (-192 -768 864 ) (-192 -768 640 ) 
4 371 377 (-192 -768 432 ) (-192 -768 448 ) (-192 -384 448 ) (-192 -384 432 ) 
4 371 373 (-192 -768 448 ) (-192 -768 512 ) (-192 -384 512 ) (-192 -384 448 ) 
4 371 372 (-192 -768 512 ) (-192 -768 1152 ) (-192 -384 1152 ) (-192 -384 512 ) 
4 372 380 (-192 -768 640 ) (-192 -768 864 ) (-320 -768 864 ) (-320 -768 640 ) 
4 372 379 (-320 -768 512 ) (-320 -768 1152 ) (-320 -384 1152 ) (-320 -384 512 ) 
4 372 375 (-320 -768 512 ) (-320 -384 512 ) (-256 -384 512 ) (-256 -768 512 ) 
4 372 373 (-256 -384 512 ) (-192 -384 512 ) (-192 -768 512 ) (-256 -768 512 ) 
4 373 377 (-192 -384 448 ) (-192 -768 448 ) (-256 -768 448 ) (-256 -384 448 ) 
4 373 375 (-256 -384 448 ) (-256 -768 448 ) (-256 -768 512 ) (-256 -384 512 ) 
4 374 376 (-320 -336 448 ) (-320 -320 448 ) (-256 -320 448 ) (-256 -336 448 ) 
4 375 379 (-320 -768 448 ) (-320 -768 512 ) (-320 -384 512 ) (-320 -384 448 ) 
4 375 377 (-320 -768 448 ) (-320 -384 448 ) (-256 -384 448 ) (-256 -768 448 ) 
4 376 378 (-320 -336 432 ) (-320 -320 432 ) (-192 -320 432 ) (-192 -336 432 ) 
4 377 379 (-320 -768 432 ) (-320 -768 448 ) (-320 -384 448 ) (-320 -384 432 ) 
4 379 380 (-512 -768 864 ) (-512 -768 640 ) (-320 -768 640 ) (-320 -768 864 ) 
4 381 383 (0 -1024 256 ) (0 -1024 0 ) (0 -1120 0 ) (0 -1120 256 ) 
4 381 382 (64 -1120 256 ) (0 -1120 256 ) (0 -1120 0 ) (64 -1120 0 ) 
4 382 384 (0 -1952 -768 ) (0 -1952 896 ) (0 -1120 896 ) (0 -1120 -768 ) 
4 383 384 (0 -1120 0 ) (0 -1120 256 ) (-64 -1120 256 ) (-64 -1120 0 ) 
4 386 388 (-2048 -376 -968 ) (-2048 -408 -968 ) (-2048 -408 -840 ) (-2048 -376 -840 ) 
4 387 389 (-2048 -488 -968 ) (-2048 -616 -968 ) (-2048 -616 -840 ) (-2048 -488 -840 ) 
