PRT1
168
426
4 1 3 (5120 -2252 64 ) (5120 -2220 64 ) (5120 -2220 -64 ) (5120 -2252 -64 ) 
4 2 4 (5120 -2460 64 ) (5120 -2332 64 ) (5120 -2332 -64 ) (5120 -2460 -64 ) 
4 5 7 (1536 1168 192 ) (1536 1168 640 ) (1024 1168 640 ) (1024 1168 192 ) 
4 6 11 (1856 1056 288 ) (1856 1056 416 ) (1600 1056 416 ) (1600 1056 288 ) 
4 6 8 (1856 1056 416 ) (1856 1056 480 ) (1600 1056 480 ) (1600 1056 416 ) 
4 7 13 (1024 1056 288 ) (1024 1056 192 ) (1248 1056 192 ) (1248 1056 288 ) 
4 7 12 (1024 1056 416 ) (1024 1056 288 ) (1536 1056 288 ) (1536 1056 416 ) 
4 7 9 (1024 1056 640 ) (1024 1056 416 ) (1536 1056 416 ) (1536 1056 640 ) 
4 8 11 (1600 1056 416 ) (1856 1056 416 ) (1856 1040 416 ) (1600 1040 416 ) 
4 9 12 (1024 1040 416 ) (1024 1056 416 ) (1536 1056 416 ) (1536 1040 416 ) 
4 9 10 (1024 1040 416 ) (1536 1040 416 ) (1536 1040 640 ) (1024 1040 640 ) 
4 10 125 (1024 1024 640 ) (1024 1024 416 ) (1248 1024 416 ) (1248 1024 640 ) 
4 10 122 (1248 1024 416 ) (1280 1024 416 ) (1280 1024 640 ) (1248 1024 640 ) 
4 10 111 (1280 1024 416 ) (1312 1024 416 ) (1312 1024 544 ) (1280 1024 544 ) 
4 10 54 (1312 1024 416 ) (1536 1024 416 ) (1536 1024 544 ) (1312 1024 544 ) 
4 10 52 (1472 1024 576 ) (1280 1024 576 ) (1280 1024 544 ) (1472 1024 544 ) 
4 10 51 (1536 1024 576 ) (1536 1024 640 ) (1280 1024 640 ) (1280 1024 576 ) 
4 10 12 (1536 1024 416 ) (1024 1024 416 ) (1024 1040 416 ) (1536 1040 416 ) 
4 11 54 (1600 1024 288 ) (1856 1024 288 ) (1856 1024 416 ) (1600 1024 416 ) 
4 12 125 (1024 1024 416 ) (1024 1024 288 ) (1248 1024 288 ) (1248 1024 416 ) 
4 12 122 (1248 1024 288 ) (1280 1024 288 ) (1280 1024 416 ) (1248 1024 416 ) 
4 12 111 (1280 1024 288 ) (1312 1024 288 ) (1312 1024 416 ) (1280 1024 416 ) 
4 12 54 (1312 1024 288 ) (1536 1024 288 ) (1536 1024 416 ) (1312 1024 416 ) 
4 12 13 (1024 1024 288 ) (1024 1056 288 ) (1248 1056 288 ) (1248 1024 288 ) 
4 13 125 (1024 1024 288 ) (1024 1024 192 ) (1248 1024 192 ) (1248 1024 288 ) 
4 14 116 (1344 1024 0 ) (1312 1024 0 ) (1312 1024 -256 ) (1344 1024 -256 ) 
4 14 15 (1312 1024 -256 ) (1312 1024 0 ) (1312 1032 0 ) (1312 1032 -256 ) 
4 15 116 (1312 1024 -512 ) (1312 1024 0 ) (1280 1024 0 ) (1280 1024 -512 ) 
4 16 33 (2928 480 160 ) (2928 672 160 ) (3040 672 160 ) (3040 480 160 ) 
4 16 32 (2928 672 160 ) (2928 800 160 ) (3040 800 160 ) (3040 672 160 ) 
4 16 31 (2928 800 160 ) (2928 992 160 ) (3040 992 160 ) (3040 800 160 ) 
4 16 20 (2928 592 160 ) (2928 480 160 ) (2928 480 800 ) (2928 592 800 ) 
4 16 19 (2928 880 160 ) (2928 592 160 ) (2928 592 320 ) (2928 880 320 ) 
4 16 17 (2928 992 160 ) (2928 880 160 ) (2928 880 800 ) (2928 992 800 ) 
4 17 31 (2640 880 160 ) (2640 992 160 ) (2928 992 160 ) (2928 880 160 ) 
4 17 23 (2640 992 160 ) (2640 880 160 ) (2640 880 224 ) (2640 992 224 ) 
4 17 21 (2640 880 224 ) (2640 880 800 ) (2640 992 800 ) (2640 992 224 ) 
4 17 19 (2640 880 320 ) (2640 880 160 ) (2928 880 160 ) (2928 880 320 ) 
4 18 19 (2656 608 320 ) (2656 864 320 ) (2912 864 320 ) (2912 608 320 ) 
4 19 33 (2640 592 160 ) (2640 672 160 ) (2928 672 160 ) (2928 592 160 ) 
4 19 32 (2640 672 160 ) (2640 800 160 ) (2928 800 160 ) (2928 672 160 ) 
4 19 31 (2640 800 160 ) (2640 880 160 ) (2928 880 160 ) (2928 800 160 ) 
4 19 23 (2640 880 160 ) (2640 592 160 ) (2640 592 224 ) (2640 880 224 ) 
4 19 21 (2640 592 224 ) (2640 592 320 ) (2640 880 320 ) (2640 880 224 ) 
4 19 20 (2640 592 320 ) (2640 592 160 ) (2928 592 160 ) (2928 592 320 ) 
4 20 33 (2640 480 160 ) (2640 592 160 ) (2928 592 160 ) (2928 480 160 ) 
4 20 23 (2640 592 160 ) (2640 480 160 ) (2640 480 224 ) (2640 592 224 ) 
4 20 21 (2640 480 224 ) (2640 480 800 ) (2640 592 800 ) (2640 592 224 ) 
4 21 23 (2640 992 224 ) (2640 480 224 ) (2464 480 224 ) (2464 992 224 ) 
4 22 24 (2208 800 224 ) (2272 800 224 ) (2272 672 224 ) (2208 672 224 ) 
4 23 33 (2640 672 160 ) (2640 480 160 ) (2464 480 160 ) (2464 672 160 ) 
4 23 32 (2640 800 160 ) (2640 672 160 ) (2464 672 160 ) (2464 800 160 ) 
4 23 31 (2464 992 160 ) (2640 992 160 ) (2640 800 160 ) (2464 800 160 ) 
4 24 25 (2272 640 222 ) (2208 640 222 ) (2208 832 222 ) (2272 832 222 ) 
4 25 36 (2208 640 160 ) (2208 832 160 ) (2272 832 160 ) (2272 640 160 ) 
4 26 28 (2080 640 288 ) (2080 642 288 ) (2112 642 288 ) (2112 640 288 ) 
4 26 27 (2080 642 288 ) (2080 1024 288 ) (2112 1024 288 ) (2112 642 288 ) 
4 27 47 (2080 642 288 ) (2080 1024 288 ) (2080 1024 286 ) (2080 642 286 ) 
4 27 29 (2080 642 286 ) (2080 1024 286 ) (2112 1024 286 ) (2112 642 286 ) 
4 27 28 (2080 642 286 ) (2112 642 286 ) (2112 642 288 ) (2080 642 288 ) 
4 28 47 (2080 640 288 ) (2080 642 288 ) (2080 642 286 ) (2080 640 286 ) 
4 28 30 (2080 632 286 ) (2080 642 286 ) (2112 642 286 ) (2112 632 286 ) 
4 29 47 (2080 642 286 ) (2080 1024 286 ) (2080 1024 160 ) (2080 642 160 ) 
4 29 44 (2080 642 160 ) (2080 1024 160 ) (2112 1024 160 ) (2112 642 160 ) 
4 29 30 (2080 642 160 ) (2112 642 160 ) (2112 642 286 ) (2080 642 286 ) 
4 30 47 (2080 640 286 ) (2080 642 286 ) (2080 642 160 ) (2080 640 160 ) 
4 30 45 (2080 632 160 ) (2080 642 160 ) (2112 642 160 ) (2112 632 160 ) 
4 31 35 (2912 800 -864 ) (2656 800 -864 ) (2656 864 -864 ) (2912 864 -864 ) 
4 31 34 (2464 800 -864 ) (3040 800 -864 ) (3040 800 -96 ) (2464 800 -96 ) 
4 31 32 (3040 800 -96 ) (3040 800 160 ) (2464 800 160 ) (2464 800 -96 ) 
4 32 36 (2272 672 160 ) (2272 800 160 ) (2272 800 32 ) (2272 672 32 ) 
4 32 34 (2464 800 -96 ) (3040 800 -96 ) (3040 672 -96 ) (2464 672 -96 ) 
4 32 33 (2464 672 -96 ) (3040 672 -96 ) (3040 672 160 ) (2464 672 160 ) 
4 33 34 (2464 672 -96 ) (3040 672 -96 ) (3040 480 -96 ) (2464 480 -96 ) 
4 34 35 (2656 800 -864 ) (2912 800 -864 ) (2912 608 -864 ) (2656 608 -864 ) 
4 36 37 (2208 800 32 ) (2208 672 32 ) (2208 672 160 ) (2208 800 160 ) 
4 37 38 (2200 800 32 ) (2200 672 32 ) (2200 672 160 ) (2200 800 160 ) 
4 38 39 (2184 800 32 ) (2184 672 32 ) (2184 672 160 ) (2184 800 160 ) 
4 39 41 (2144 800 32 ) (2144 672 32 ) (2144 672 160 ) (2144 800 160 ) 
4 40 44 (2112 832 128 ) (2112 832 160 ) (2112 864 160 ) (2112 864 128 ) 
4 40 43 (2112 832 160 ) (2112 832 128 ) (2116 832 128 ) (2116 832 160 ) 
4 41 42 (2127 832 160 ) (2127 832 32 ) (2127 640 32 ) (2127 640 160 ) 
4 42 43 (2126 832 160 ) (2126 832 32 ) (2126 640 32 ) (2126 640 160 ) 
4 43 45 (2112 642 32 ) (2112 640 32 ) (2112 640 160 ) (2112 642 160 ) 
4 43 44 (2112 832 32 ) (2112 642 32 ) (2112 642 160 ) (2112 832 160 ) 
4 44 47 (2080 642 160 ) (2080 1024 160 ) (2080 1024 32 ) (2080 642 32 ) 
4 44 45 (2080 642 32 ) (2112 642 32 ) (2112 642 160 ) (2080 642 160 ) 
4 45 47 (2080 640 160 ) (2080 642 160 ) (2080 642 32 ) (2080 640 32 ) 
4 46 48 (2080 320 -128 ) (2080 448 -128 ) (2080 448 -384 ) (2080 320 -384 ) 
4 47 54 (2048 1024 288 ) (2048 1024 32 ) (2048 640 32 ) (2048 640 288 ) 
4 48 50 (2072 320 -128 ) (2072 448 -128 ) (2072 448 -384 ) (2072 320 -384 ) 
4 49 118 (2048 608 -384 ) (2048 512 -384 ) (2048 512 -128 ) (2048 608 -128 ) 
4 49 117 (2048 832 -384 ) (2048 608 -384 ) (2048 608 -128 ) (2048 832 -128 ) 
4 49 113 (2048 1024 -128 ) (2048 1024 -384 ) (2048 832 -384 ) (2048 832 -128 ) 
4 50 121 (2048 416 -384 ) (2048 320 -384 ) (2048 320 -128 ) (2048 416 -128 ) 
4 50 118 (2048 448 -384 ) (2048 416 -384 ) (2048 416 -128 ) (2048 448 -128 ) 
4 51 123 (1280 896 576 ) (1280 864 576 ) (1280 864 640 ) (1280 896 640 ) 
4 51 122 (1280 1024 640 ) (1280 1024 576 ) (1280 896 576 ) (1280 896 640 ) 
4 51 53 (1280 896 576 ) (1280 960 576 ) (1440 960 576 ) (1440 896 576 ) 
4 51 52 (1280 960 576 ) (1280 1024 576 ) (1472 1024 576 ) (1472 960 576 ) 
4 52 122 (1280 1024 576 ) (1280 1024 544 ) (1280 960 544 ) (1280 960 576 ) 
4 52 111 (1280 960 544 ) (1280 1024 544 ) (1312 1024 544 ) (1312 960 544 ) 
4 52 54 (1312 1024 544 ) (1472 1024 544 ) (1472 960 544 ) (1312 960 544 ) 
4 52 53 (1280 960 544 ) (1440 960 544 ) (1440 960 576 ) (1280 960 576 ) 
4 53 122 (1280 960 544 ) (1280 896 544 ) (1280 896 576 ) (1280 960 576 ) 
4 53 111 (1280 896 544 ) (1280 960 544 ) (1312 960 544 ) (1312 896 544 ) 
4 53 54 (1312 960 544 ) (1440 960 544 ) (1440 896 544 ) (1312 896 544 ) 
4 54 130 (2048 256 160 ) (2048 256 544 ) (1536 256 544 ) (1536 256 160 ) 
4 54 111 (1312 256 32 ) (1312 256 544 ) (1312 1024 544 ) (1312 1024 32 ) 
4 54 110 (1536 384 32 ) (1536 386 32 ) (1792 386 32 ) (1792 384 32 ) 
4 54 105 (1609.004761 456.990906 32 ) (1638.692871 386 32 ) (1538 386 32 ) (1538 486.685089 32 ) 
4 54 102 (1538 512 32 ) (1586 512 32 ) (1609.004761 456.990906 32 ) (1538 486.685089 32 ) 
4 54 98 (1741.995850 512 32 ) (1790 512 32 ) (1790 386 32 ) (1689.308716 386 32 ) 
4 54 94 (1702.622681 417.839966 32 ) (1689.308716 386 32 ) (1638.692871 386 32 ) (1609.004761 456.990906 32 ) 
3 54 91 (1718.996460 456.997498 32 ) (1702.622681 417.839966 32 ) (1663.991577 433.995453 32 ) 
5 54 90 (1586 512 32 ) (1741.995850 512 32 ) (1718.996460 456.997498 32 ) (1663.991577 433.995453 32 ) (1609.004761 456.990906 32 ) 
4 54 109 (1536 386 32 ) (1536 512 32 ) (1538 512 32 ) (1538 386 32 ) 
4 54 89 (1790 512 32 ) (1792 512 32 ) (1792 386 32 ) (1790 386 32 ) 
4 54 85 (1538 768 32 ) (1538 512 32 ) (1536 512 32 ) (1536 768 32 ) 
4 54 80 (1790 766 32 ) (1790 537.304321 32 ) (1719.001099 566.997437 32 ) (1635.781860 766 32 ) 
4 54 77 (1790 537.304321 32 ) (1790 512 32 ) (1742 512 32 ) (1719.001099 566.997437 32 ) 
5 54 72 (1538 537.308716 32 ) (1538 766 32 ) (1635.781860 766 32 ) (1664 698.521790 32 ) (1609 567.001160 32 ) 
4 54 69 (1586 512 32 ) (1538 512 32 ) (1538 537.308716 32 ) (1609 567.001160 32 ) 
4 54 64 (1625.373535 606.154114 32 ) (1664 698.521790 32 ) (1702.625977 606.155457 32 ) (1663.997437 590 32 ) 
3 54 61 (1702.625977 606.155457 32 ) (1719.001099 566.997437 32 ) (1663.997437 590 32 ) 
3 54 58 (1609 567.001221 32 ) (1625.373535 606.154114 32 ) (1663.997437 590 32 ) 
5 54 57 (1742 512 32 ) (1586 512 32 ) (1609 567.001221 32 ) (1663.997437 590 32 ) (1719.001099 566.997437 32 ) 
4 54 56 (1790 768 32 ) (1790 766 32 ) (1538 766 32 ) (1538 768 32 ) 
4 54 55 (1792 768 32 ) (1792 512 32 ) (1790 512 32 ) (1790 768 32 ) 
4 55 118 (1792 608 0 ) (1792 512 0 ) (1790 512 0 ) (1790 608 0 ) 
4 55 117 (1792 768 0 ) (1792 608 0 ) (1790 608 0 ) (1790 768 0 ) 
4 55 89 (1792 512 32 ) (1790 512 32 ) (1790 512 0 ) (1792 512 0 ) 
4 55 83 (1790 537.304321 27 ) (1790 537.304321 29 ) (1790 640 29 ) (1790 640 27 ) 
4 55 81 (1790 640 29 ) (1790 766 29 ) (1790 766 27 ) (1790 640 27 ) 
4 55 80 (1790 537.304321 29 ) (1790 537.304321 32 ) (1790 766 32 ) (1790 766 29 ) 
4 55 84 (1790 766 0 ) (1790 537.304321 0 ) (1790 537.304321 27 ) (1790 766 27 ) 
4 55 78 (1790 512 27 ) (1790 512 29 ) (1790 537.304321 29 ) (1790 537.304321 27 ) 
4 55 77 (1790 512 29 ) (1790 512 32 ) (1790 537.304321 32 ) (1790 537.304321 29 ) 
4 55 79 (1790 537.304321 0 ) (1790 512 0 ) (1790 512 27 ) (1790 537.304321 27 ) 
4 55 56 (1790 768 0 ) (1790 766 0 ) (1790 766 32 ) (1790 768 32 ) 
4 56 117 (1790 768 0 ) (1790 766 0 ) (1538 766 0 ) (1538 768 0 ) 
4 56 85 (1538 768 0 ) (1538 766 0 ) (1538 766 32 ) (1538 768 32 ) 
4 56 81 (1790 766 27 ) (1790 766 29 ) (1635.781860 766 29 ) (1635.781860 766 27 ) 
4 56 80 (1790 766 29 ) (1790 766 32 ) (1635.781860 766 32 ) (1635.781860 766 29 ) 
4 56 84 (1635.781860 766 0 ) (1790 766 0 ) (1790 766 27 ) (1635.781860 766 27 ) 
4 56 73 (1538 766 29 ) (1538 766 27 ) (1635.781860 766 27 ) (1635.781860 766 29 ) 
4 56 72 (1538 766 32 ) (1538 766 29 ) (1635.781860 766 29 ) (1635.781860 766 32 ) 
4 56 76 (1538 766 27 ) (1538 766 0 ) (1635.781860 766 0 ) (1635.781860 766 27 ) 
5 57 119 (1742 512 0 ) (1586 512 0 ) (1609 567.001221 0 ) (1663.997437 590 0 ) (1719.001099 566.997437 0 ) 
4 57 90 (1742 512 32 ) (1586 512 32 ) (1586 512 0 ) (1742 512 0 ) 
4 57 78 (1742 512 29 ) (1742 512 27 ) (1719 566.997559 27 ) (1719 566.997559 29 ) 
4 57 77 (1742 512 32 ) (1742 512 29 ) (1719 566.997559 29 ) (1719 566.997559 32 ) 
4 57 79 (1742 512 27 ) (1742 512 0 ) (1719 566.997559 0 ) (1719 566.997559 27 ) 
4 57 70 (1586 512 27 ) (1586 512 29 ) (1609 567 29 ) (1609 567 27 ) 
4 57 69 (1586 512 29 ) (1586 512 32 ) (1609 567 32 ) (1609 567 29 ) 
4 57 71 (1609 567 0 ) (1586 512 0 ) (1586 512 27 ) (1609 567 27 ) 
4 57 62 (1719 566.998230 29 ) (1719 566.998230 27 ) (1663.998169 590.001282 27 ) (1663.998169 590.001282 29 ) 
4 57 61 (1719 566.998230 32 ) (1719 566.998230 29 ) (1663.998169 590.001282 29 ) (1663.998169 590.001282 32 ) 
4 57 63 (1719 566.998230 27 ) (1719 566.998230 0 ) (1663.998169 590.001282 0 ) (1663.998169 590.001282 27 ) 
4 57 59 (1663.998047 590 29 ) (1663.998047 590 27 ) (1609.002197 567.001526 27 ) (1609.002197 567.001526 29 ) 
4 57 58 (1663.998047 590 32 ) (1663.998047 590 29 ) (1609.002197 567.001526 29 ) (1609.002197 567.001526 32 ) 
4 57 60 (1663.998047 590 27 ) (1663.998047 590 0 ) (1609.002197 567.001526 0 ) (1609.002197 567.001526 27 ) 
4 58 72 (1609 567 29 ) (1609 567 32 ) (1625.373047 606.154358 32 ) (1625.373047 606.154358 29 ) 
4 58 64 (1625.375000 606.154297 29 ) (1625.375000 606.154297 32 ) (1663.998169 590.001282 32 ) (1663.998169 590.001282 29 ) 
3 58 59 (1664 590 29 ) (1609 566.998718 29 ) (1625.375000 606.154297 29 ) 
4 59 75 (1609 567 27 ) (1609 567 29 ) (1625.373047 606.154358 29 ) (1625.373047 606.154358 27 ) 
4 59 67 (1625.375000 606.154297 27 ) (1625.375000 606.154297 29 ) (1663.998169 590.001282 29 ) (1663.998169 590.001282 27 ) 
3 59 60 (1664 590 27 ) (1609 566.998718 27 ) (1625.375000 606.154297 27 ) 
3 60 119 (1609 567.001221 0 ) (1625.373535 606.154114 0 ) (1663.997437 590 0 ) 
4 60 76 (1625.373047 606.154358 0 ) (1609 567 0 ) (1609 567 27 ) (1625.373047 606.154358 27 ) 
4 60 68 (1663.998169 590.001282 0 ) (1625.375000 606.154297 0 ) (1625.375000 606.154297 27 ) (1663.998169 590.001282 27 ) 
4 61 80 (1702.625610 606.155273 29 ) (1702.625610 606.155273 32 ) (1719 566.997559 32 ) (1719 566.997559 29 ) 
4 61 64 (1702.625610 606.154724 32 ) (1702.625610 606.154724 29 ) (1663.998047 590 29 ) (1663.998047 590 32 ) 
3 61 62 (1719 566.998047 29 ) (1664 590 29 ) (1702.626587 606.153687 29 ) 
4 62 82 (1702.625610 606.155273 27 ) (1702.625610 606.155273 29 ) (1719 566.997559 29 ) (1719 566.997559 27 ) 
4 62 66 (1702.625610 606.154724 29 ) (1702.625610 606.154724 27 ) (1663.998047 590 27 ) (1663.998047 590 29 ) 
3 62 63 (1719 566.998047 27 ) (1664 590 27 ) (1702.626587 606.153687 27 ) 
3 63 119 (1702.625977 606.155457 0 ) (1719.001099 566.997437 0 ) (1663.997437 590 0 ) 
4 63 84 (1719 566.997559 0 ) (1702.625610 606.155273 0 ) (1702.625610 606.155273 27 ) (1719 566.997559 27 ) 
4 63 68 (1702.625610 606.154724 27 ) (1702.625610 606.154724 0 ) (1663.998047 590 0 ) (1663.998047 590 27 ) 
4 64 80 (1664 698.521240 29 ) (1664 698.521240 32 ) (1702.625610 606.155273 32 ) (1702.625610 606.155273 29 ) 
4 64 72 (1664 698.525391 32 ) (1664 698.525391 29 ) (1625.373047 606.154358 29 ) (1625.373047 606.154358 32 ) 
4 64 67 (1664 590 29 ) (1625.373535 606.154297 29 ) (1639.527222 640 29 ) (1664 640 29 ) 
4 64 66 (1702.625000 606.154297 29 ) (1664 590 29 ) (1664 640 29 ) (1688.471802 640 29 ) 
3 64 65 (1639.527222 640 29 ) (1664 698.521729 29 ) (1688.471802 640 29 ) 
4 65 81 (1664 698.521240 27 ) (1664 698.521240 29 ) (1688.472290 640 29 ) (1688.472290 640 27 ) 
4 65 73 (1664 698.525391 29 ) (1664 698.525391 27 ) (1639.526733 640 27 ) (1639.526733 640 29 ) 
4 65 67 (1639.527222 640 27 ) (1664 640 27 ) (1664 640 29 ) (1639.527222 640 29 ) 
4 65 66 (1664 640 27 ) (1688.472778 640 27 ) (1688.472656 640 29 ) (1664 640 29 ) 
3 65 68 (1639.527222 640 27 ) (1664 698.521729 27 ) (1688.471802 640 27 ) 
4 66 82 (1688.472290 640 29 ) (1702.625610 606.155273 29 ) (1702.625610 606.155273 27 ) (1688.472290 640 27 ) 
4 66 68 (1702.625000 606.154297 27 ) (1664 590 27 ) (1664 640 27 ) (1688.471802 640 27 ) 
4 66 67 (1664 640 29 ) (1664 640 27 ) (1664 590.002014 27 ) (1664 590.007813 29 ) 
4 67 75 (1639.526733 640 27 ) (1625.373047 606.154358 27 ) (1625.373047 606.154358 29 ) (1639.526733 640 29 ) 
4 67 68 (1664 590 27 ) (1625.373535 606.154297 27 ) (1639.527222 640 27 ) (1664 640 27 ) 
5 68 119 (1625.373535 606.154114 0 ) (1626.145508 608 0 ) (1701.854614 608 0 ) (1702.625977 606.155457 0 ) (1663.997437 590 0 ) 
3 68 117 (1626.145508 608 0 ) (1664 698.521790 0 ) (1701.854614 608 0 ) 
4 68 84 (1702.625610 606.155273 0 ) (1664 698.521240 0 ) (1664 698.521240 27 ) (1702.625610 606.155273 27 ) 
4 68 76 (1664 698.525391 27 ) (1664 698.525391 0 ) (1625.373047 606.154358 0 ) (1625.373047 606.154358 27 ) 
4 69 102 (1586 512 32 ) (1538 512 32 ) (1538 512 29 ) (1586 512 29 ) 
4 69 85 (1538 512 29 ) (1538 512 32 ) (1538 537.308716 32 ) (1538 537.308716 29 ) 
4 69 72 (1609.003906 567.001953 32 ) (1609.003906 567.001953 29 ) (1538 537.308350 29 ) (1538 537.308350 32 ) 
4 69 70 (1538 537.306641 29 ) (1609 566.998047 29 ) (1586 512 29 ) (1538 512 29 ) 
4 70 103 (1538 512 29 ) (1538 512 27 ) (1586 512 27 ) (1586 512 29 ) 
4 70 85 (1538 512 27 ) (1538 512 29 ) (1538 537.308716 29 ) (1538 537.308716 27 ) 
4 70 74 (1609.003906 567.001953 29 ) (1609.003906 567.001953 27 ) (1538 537.308350 27 ) (1538 537.308350 29 ) 
4 70 71 (1538 537.306641 27 ) (1609 566.998047 27 ) (1586 512 27 ) (1538 512 27 ) 
4 71 120 (1568 512 0 ) (1538 512 0 ) (1538 537.308716 0 ) (1568 549.854736 0 ) 
4 71 119 (1586 512 0 ) (1568 512 0 ) (1568 549.854736 0 ) (1609 567.001160 0 ) 
4 71 104 (1538 512 27 ) (1538 512 0 ) (1586 512 0 ) (1586 512 27 ) 
4 71 85 (1538 537.308716 0 ) (1538 512 0 ) (1538 512 27 ) (1538 537.308716 27 ) 
4 71 76 (1609.003906 567.001953 27 ) (1609.003906 567.001953 0 ) (1538 537.308350 0 ) (1538 537.308350 27 ) 
4 72 85 (1538 537.308716 29 ) (1538 537.308716 32 ) (1538 766 32 ) (1538 766 29 ) 
4 72 80 (1635.781250 766 29 ) (1635.781250 766 32 ) (1664 698.521240 32 ) (1664 698.521240 29 ) 
3 72 75 (1538 640 29 ) (1639.527222 640 29 ) (1609 567 29 ) 
4 72 74 (1609 566.998047 29 ) (1538 537.305786 29 ) (1538 640 29 ) (1609 567 29 ) 
5 72 73 (1538 640 29 ) (1538 766 29 ) (1635.783203 766 29 ) (1664 698.523438 29 ) (1639.527222 640 29 ) 
4 73 85 (1538 640 29 ) (1538 766 29 ) (1538 766 27 ) (1538 640 27 ) 
4 73 81 (1635.781250 766 27 ) (1635.781250 766 29 ) (1664 698.521240 29 ) (1664 698.521240 27 ) 
4 73 75 (1538 640 27 ) (1639.531250 640 27 ) (1639.527222 640 29 ) (1538 640 29 ) 
5 73 76 (1538 640 27 ) (1538 766 27 ) (1635.783203 766 27 ) (1664 698.523438 27 ) (1639.527222 640 27 ) 
4 74 85 (1538 537.308716 27 ) (1538 537.308716 29 ) (1538 640 29 ) (1538 640 27 ) 
4 74 76 (1609 566.998047 27 ) (1538 537.305786 27 ) (1538 640 27 ) (1609 567 27 ) 
4 74 75 (1608.996094 567 27 ) (1538 639.997986 27 ) (1538 639.997986 29 ) (1608.998657 567 29 ) 
3 75 76 (1538 640 27 ) (1639.527222 640 27 ) (1609 567 27 ) 
4 76 120 (1538 537.308716 0 ) (1538 608 0 ) (1568 608 0 ) (1568 549.854736 0 ) 
4 76 119 (1568 608 0 ) (1626.145508 608 0 ) (1609 567.001160 0 ) (1568 549.854736 0 ) 
5 76 117 (1538 608 0 ) (1538 766 0 ) (1635.781860 766 0 ) (1664 698.521790 0 ) (1626.145508 608 0 ) 
4 76 85 (1538 766 0 ) (1538 537.308716 0 ) (1538 537.308716 27 ) (1538 766 27 ) 
4 76 84 (1664 698.521240 0 ) (1635.781250 766 0 ) (1635.781250 766 27 ) (1664 698.521240 27 ) 
4 77 98 (1790 512 32 ) (1742 512 32 ) (1742 512 29 ) (1790 512 29 ) 
4 77 80 (1790 537.304626 32 ) (1790 537.304626 29 ) (1719.001953 566.997070 29 ) (1719.001953 566.997070 32 ) 
4 77 78 (1741.998047 512 29 ) (1719 566.996094 29 ) (1790 537.302551 29 ) (1790 512 29 ) 
4 78 99 (1742 512 29 ) (1742 512 27 ) (1790 512 27 ) (1790 512 29 ) 
4 78 83 (1790 537.304626 29 ) (1790 537.304626 27 ) (1719.001953 566.997070 27 ) (1719.001953 566.997070 29 ) 
4 78 79 (1741.998047 512 27 ) (1719 566.996094 27 ) (1790 537.302551 27 ) (1790 512 27 ) 
4 79 119 (1760 512 0 ) (1742 512 0 ) (1719.001099 566.997437 0 ) (1760 549.850891 0 ) 
4 79 118 (1790 537.304321 0 ) (1790 512 0 ) (1760 512 0 ) (1760 549.850891 0 ) 
4 79 101 (1742 512 27 ) (1742 512 0 ) (1790 512 0 ) (1790 512 27 ) 
4 79 84 (1790 537.304626 27 ) (1790 537.304626 0 ) (1719.001953 566.997070 0 ) (1719.001953 566.997070 27 ) 
4 80 83 (1790 537.300781 29 ) (1719.003906 566.994141 29 ) (1719.001587 567 29 ) (1790 639.997925 29 ) 
4 80 82 (1719.001587 567 29 ) (1688.474243 640 29 ) (1790 640 29 ) (1790 639.997925 29 ) 
4 80 81 (1688.474243 640 29 ) (1635.783325 766 29 ) (1790 766 29 ) (1790 640 29 ) 
4 81 82 (1688.472778 640 27 ) (1790 640 27 ) (1790 640 29 ) (1688.468750 640 29 ) 
4 81 84 (1688.474243 640 27 ) (1635.783325 766 27 ) (1790 766 27 ) (1790 640 27 ) 
4 82 84 (1719.001587 567 27 ) (1688.474243 640 27 ) (1790 640 27 ) (1790 639.997925 27 ) 
4 82 83 (1719 567 27 ) (1790 640 27 ) (1790 640 29 ) (1719 567 29 ) 
4 83 84 (1790 537.300781 27 ) (1719.003906 566.994141 27 ) (1719.001587 567 27 ) (1790 639.997925 27 ) 
4 84 119 (1760 549.850891 0 ) (1719.001099 566.997437 0 ) (1701.854614 608 0 ) (1760 608 0 ) 
4 84 118 (1790 608 0 ) (1790 537.304321 0 ) (1760 549.850891 0 ) (1760 608 0 ) 
4 84 117 (1790 766 0 ) (1790 608 0 ) (1701.854614 608 0 ) (1635.781860 766 0 ) 
4 85 120 (1538 608 0 ) (1538 512 0 ) (1536 512 0 ) (1536 608 0 ) 
4 85 117 (1538 768 0 ) (1538 608 0 ) (1536 608 0 ) (1536 768 0 ) 
4 85 109 (1538 512 32 ) (1536 512 32 ) (1536 512 0 ) (1538 512 0 ) 
4 86 117 (1312 768 0 ) (1312 832 0 ) (1344 832 0 ) (1344 768 0 ) 
4 86 116 (1312 832 0 ) (1312 1024 0 ) (1344 1024 0 ) (1344 832 0 ) 
4 86 112 (1312 1024 0 ) (1312 768 0 ) (1312 768 8 ) (1312 1024 8 ) 
4 87 121 (2048 256 0 ) (2016 256 0 ) (2016 416 0 ) (2048 416 0 ) 
4 87 118 (2016 416 0 ) (2016 512 0 ) (2048 512 0 ) (2048 416 0 ) 
4 87 88 (2016 384 0 ) (2016 256 0 ) (2016 256 8 ) (2016 384 8 ) 
4 88 121 (2016 256 0 ) (1984 256 0 ) (1984 384 0 ) (2016 384 0 ) 
4 89 121 (1792 416 0 ) (1792 386 0 ) (1790 386 0 ) (1790 416 0 ) 
4 89 118 (1790 512 0 ) (1792 512 0 ) (1792 416 0 ) (1790 416 0 ) 
4 89 110 (1790 386 0 ) (1792 386 0 ) (1792 386 32 ) (1790 386 32 ) 
4 89 99 (1790 512 29 ) (1790 512 27 ) (1790 386 27 ) (1790 386 29 ) 
4 89 98 (1790 512 32 ) (1790 512 29 ) (1790 386 29 ) (1790 386 32 ) 
4 89 101 (1790 512 27 ) (1790 512 0 ) (1790 386 0 ) (1790 386 27 ) 
5 90 119 (1586 512 0 ) (1742.022583 512 0 ) (1719.028931 457.011047 0 ) (1664.029541 434.011322 0 ) (1608.988647 457.029419 0 ) 
4 90 103 (1586 512 29 ) (1586 512 27 ) (1609.001587 456.997253 27 ) (1609.002563 456.994843 29 ) 
4 90 102 (1586 512 32 ) (1586 512 29 ) (1609.002563 456.994843 29 ) (1609.004150 456.991241 32 ) 
4 90 104 (1586 512 27 ) (1586 512 0 ) (1608.988037 457.029724 0 ) (1609.001587 456.997253 27 ) 
4 90 99 (1741.998657 512 27 ) (1741.996948 512 29 ) (1718.997803 456.998077 29 ) (1719 456.998932 27 ) 
4 90 98 (1741.996948 512 29 ) (1741.994507 512 32 ) (1718.994751 456.996826 32 ) (1718.997803 456.998077 29 ) 
4 90 101 (1719.027222 457.010345 0 ) (1742.021240 512 0 ) (1741.998657 512 27 ) (1719 456.998932 27 ) 
4 90 96 (1609.001587 456.994690 29 ) (1609 456.997101 27 ) (1663.997192 433.997772 27 ) (1663.994873 433.996796 29 ) 
4 90 94 (1663.991333 433.995300 32 ) (1609.003174 456.991089 32 ) (1609.001587 456.994690 29 ) (1663.994873 433.996796 29 ) 
4 90 97 (1609 456.997101 27 ) (1608.987061 457.029572 0 ) (1664.029175 434.011200 0 ) (1663.997192 433.997772 27 ) 
4 90 92 (1663.992920 433.997345 29 ) (1663.995361 433.998322 27 ) (1719.003296 457.001343 27 ) (1719.001343 457 29 ) 
4 90 91 (1663.989380 433.995850 32 ) (1663.992920 433.997345 29 ) (1719.001343 457 29 ) (1718.998291 457 32 ) 
4 90 93 (1663.995361 433.998322 27 ) (1664.027344 434.011719 0 ) (1719.030640 457.012787 0 ) (1719.003296 457.001343 27 ) 
4 91 98 (1718.997803 456.998077 29 ) (1718.994751 456.996826 32 ) (1702.621460 417.840393 32 ) (1702.624634 417.842041 29 ) 
4 91 94 (1702.624390 417.842102 29 ) (1702.621216 417.840454 32 ) (1663.991333 433.995300 32 ) (1663.994873 433.996796 29 ) 
3 91 92 (1702.625000 417.839844 29 ) (1663.992188 433.996094 29 ) (1719 457 29 ) 
4 92 100 (1719 456.998932 27 ) (1718.997803 456.998077 29 ) (1702.624634 417.842041 29 ) (1702.626831 417.843140 27 ) 
4 92 95 (1702.626587 417.843201 27 ) (1702.624390 417.842102 29 ) (1663.994873 433.996796 29 ) (1663.997192 433.997772 27 ) 
3 92 93 (1702.625000 417.843750 27 ) (1664 433.998047 27 ) (1719.001099 456.998505 27 ) 
3 93 119 (1719.028931 457.011047 0 ) (1702.656738 417.857391 0 ) (1664.029541 434.011322 0 ) 
4 93 101 (1702.655518 417.857971 0 ) (1719.027222 457.010345 0 ) (1719 456.998932 27 ) (1702.626831 417.843140 27 ) 
4 93 97 (1702.655273 417.857971 0 ) (1702.626587 417.843201 27 ) (1663.997192 433.997772 27 ) (1664.029175 434.011200 0 ) 
4 94 110 (1689.311157 386 29 ) (1689.308716 386 32 ) (1638.692871 386 32 ) (1638.692871 386 29 ) 
4 94 105 (1638.692505 386 29 ) (1638.692505 386 32 ) (1609.004150 456.991241 32 ) (1609.002563 456.994843 29 ) 
4 94 98 (1689.307373 386 32 ) (1689.309814 386 29 ) (1702.624634 417.842041 29 ) (1702.621460 417.840393 32 ) 
4 94 96 (1609 457 29 ) (1664 433.998810 29 ) (1664 386 29 ) (1638.692505 386 29 ) 
4 94 95 (1664 433.998810 29 ) (1702.625000 417.845703 29 ) (1689.308716 386 29 ) (1664 386 29 ) 
4 95 110 (1689.312866 386 27 ) (1689.311157 386 29 ) (1664 386 29 ) (1664 386 27 ) 
4 95 100 (1689.309814 386 29 ) (1689.311523 386 27 ) (1702.626831 417.843140 27 ) (1702.624634 417.842041 29 ) 
4 95 97 (1664 433.998810 27 ) (1702.625000 417.845703 27 ) (1689.308716 386 27 ) (1664 386 27 ) 
4 95 96 (1664 433.996094 27 ) (1664 386 27 ) (1664 386 29 ) (1664 434 29 ) 
4 96 110 (1664 386 29 ) (1638.692871 386 29 ) (1638.692871 386 27 ) (1664 386 27 ) 
4 96 106 (1638.692505 386 27 ) (1638.692505 386 29 ) (1609.002563 456.994843 29 ) (1609.001587 456.997253 27 ) 
4 96 97 (1609 457 27 ) (1664 433.998810 27 ) (1664 386 27 ) (1638.692505 386 27 ) 
4 97 121 (1701.880005 416 0 ) (1689.335449 386 0 ) (1638.692871 386 0 ) (1626.146973 416 0 ) 
4 97 119 (1702.656738 417.857391 0 ) (1701.880005 416 0 ) (1626.146973 416 0 ) (1608.988647 457.029419 0 ) 
4 97 110 (1638.692871 386 0 ) (1689.335449 386 0 ) (1689.312866 386 27 ) (1638.692871 386 27 ) 
4 97 108 (1608.988037 457.029724 0 ) (1638.692505 386 0 ) (1638.692505 386 27 ) (1609.001587 456.997253 27 ) 
4 97 101 (1689.311523 386 27 ) (1689.334106 386 0 ) (1702.655518 417.857971 0 ) (1702.626831 417.843140 27 ) 
4 98 110 (1790 386 29 ) (1790 386 32 ) (1689.308716 386 32 ) (1689.311157 386 29 ) 
3 98 100 (1689.307983 386 29 ) (1718.997681 457.002258 29 ) (1790 386 29 ) 
4 98 99 (1718.997681 457.002258 29 ) (1741.995117 512 29 ) (1790 512 29 ) (1790 386 29 ) 
4 99 101 (1719 457 27 ) (1741.998901 512 27 ) (1790 512 27 ) (1790 386 27 ) 
4 99 100 (1719.003906 456.996094 27 ) (1790 386 27 ) (1790 386 29 ) (1719 457 29 ) 
4 100 110 (1790 386 27 ) (1790 386 29 ) (1689.311157 386 29 ) (1689.312866 386 27 ) 
3 100 101 (1689.311890 386 27 ) (1719 457 27 ) (1790 386 27 ) 
4 101 121 (1790 416 0 ) (1790 386 0 ) (1689.335449 386 0 ) (1701.880005 416 0 ) 
4 101 119 (1742.022583 512 0 ) (1760 512 0 ) (1760 416 0 ) (1701.880005 416 0 ) 
4 101 118 (1760 512 0 ) (1790 512 0 ) (1790 416 0 ) (1760 416 0 ) 
4 101 110 (1689.335449 386 0 ) (1790 386 0 ) (1790 386 27 ) (1689.312866 386 27 ) 
4 102 105 (1538 486.684814 32 ) (1538 486.687775 29 ) (1609.002319 456.994598 29 ) (1609.003906 456.990997 32 ) 
4 102 109 (1538 512 32 ) (1538 512 29 ) (1538 486.688080 29 ) (1538 486.685089 32 ) 
4 102 103 (1609 456.998047 29 ) (1538 486.690247 29 ) (1538 512 29 ) (1585.998779 512 29 ) 
4 103 107 (1538 486.687775 29 ) (1538 486.689758 27 ) (1609.001343 456.997009 27 ) (1609.002319 456.994598 29 ) 
4 103 104 (1609 456.998047 27 ) (1538 486.690247 27 ) (1538 512 27 ) (1585.998779 512 27 ) 
4 103 109 (1538 512 29 ) (1538 512 27 ) (1538 486.690063 27 ) (1538 486.688080 29 ) 
4 104 120 (1538 512 0 ) (1568 512 0 ) (1568 474.170868 0 ) (1538 486.716858 0 ) 
4 104 119 (1568 512 0 ) (1586 512 0 ) (1608.988647 457.029419 0 ) (1568 474.170868 0 ) 
4 104 108 (1538 486.689758 27 ) (1538 486.716553 0 ) (1608.987793 457.029480 0 ) (1609.001343 456.997009 27 ) 
4 104 109 (1538 512 27 ) (1538 512 0 ) (1538 486.716858 0 ) (1538 486.690063 27 ) 
4 105 110 (1638.692871 386 29 ) (1638.692871 386 32 ) (1538 386 32 ) (1538 386 29 ) 
3 105 107 (1538 386 29 ) (1538 486.689453 29 ) (1608.998657 456.998596 29 ) 
4 105 106 (1538 386 29 ) (1608.998657 456.998596 29 ) (1609 456.998047 29 ) (1638.691162 386 29 ) 
4 105 109 (1538 386 29 ) (1538 386 32 ) (1538 486.685089 32 ) (1538 486.688080 29 ) 
4 106 110 (1638.692871 386 27 ) (1638.692871 386 29 ) (1538 386 29 ) (1538 386 27 ) 
4 106 108 (1538 386 27 ) (1608.998657 456.998596 27 ) (1609 456.998047 27 ) (1638.691162 386 27 ) 
4 106 107 (1608.996094 456.996094 27 ) (1538 386 27 ) (1538 386 29 ) (1608.996094 456.996094 29 ) 
4 107 109 (1538 386 27 ) (1538 386 29 ) (1538 486.688080 29 ) (1538 486.690063 27 ) 
3 107 108 (1538 386 27 ) (1538 486.689453 27 ) (1608.998657 456.998596 27 ) 
4 108 121 (1626.146973 416 0 ) (1638.692871 386 0 ) (1538 386 0 ) (1538 416 0 ) 
4 108 120 (1568 416 0 ) (1538 416 0 ) (1538 486.716858 0 ) (1568 474.170868 0 ) 
4 108 119 (1608.988647 457.029419 0 ) (1626.146973 416 0 ) (1568 416 0 ) (1568 474.170868 0 ) 
4 108 110 (1538 386 0 ) (1638.692871 386 0 ) (1638.692871 386 27 ) (1538 386 27 ) 
4 108 109 (1538 486.716858 0 ) (1538 386 0 ) (1538 386 27 ) (1538 486.690063 27 ) 
4 109 121 (1536 386 0 ) (1536 416 0 ) (1538 416 0 ) (1538 386 0 ) 
4 109 120 (1536 416 0 ) (1536 512 0 ) (1538 512 0 ) (1538 416 0 ) 
4 109 110 (1536 386 32 ) (1536 386 0 ) (1538 386 0 ) (1538 386 32 ) 
4 110 121 (1536 384 0 ) (1536 386 0 ) (1792 386 0 ) (1792 384 0 ) 
4 111 122 (1280 1024 544 ) (1280 1024 288 ) (1280 896 288 ) (1280 896 544 ) 
4 112 121 (1312 256 0 ) (1280 256 0 ) (1280 416 0 ) (1312 416 0 ) 
4 112 120 (1280 416 0 ) (1280 608 0 ) (1312 608 0 ) (1312 416 0 ) 
4 112 117 (1280 608 0 ) (1280 832 0 ) (1312 832 0 ) (1312 608 0 ) 
4 112 116 (1280 832 0 ) (1280 1024 0 ) (1312 1024 0 ) (1312 832 0 ) 
4 113 117 (2048 832 0 ) (1728 832 0 ) (1728 832 -512 ) (2048 832 -512 ) 
4 113 115 (1728 832 -512 ) (1728 832 -2 ) (1728 960 -2 ) (1728 960 -512 ) 
4 113 114 (1728 960 0 ) (1728 1024 0 ) (1728 1024 -512 ) (1728 960 -512 ) 
4 114 116 (1600 960 -512 ) (1600 960 0 ) (1600 1024 0 ) (1600 1024 -512 ) 
4 114 115 (1600 960 -2 ) (1600 960 -512 ) (1728 960 -512 ) (1728 960 -2 ) 
4 115 117 (1600 832 -2 ) (1600 832 -512 ) (1728 832 -512 ) (1728 832 -2 ) 
4 115 116 (1600 832 -512 ) (1600 832 -2 ) (1600 960 -2 ) (1600 960 -512 ) 
4 116 117 (1600 832 0 ) (1280 832 0 ) (1280 832 -512 ) (1600 832 -512 ) 
4 117 124 (1280 608 -512 ) (1280 608 -256 ) (1280 640 -256 ) (1280 640 -512 ) 
4 117 120 (1568 608 0 ) (1280 608 0 ) (1280 608 -512 ) (1568 608 -512 ) 
4 117 119 (1760 608 0 ) (1568 608 0 ) (1568 608 -512 ) (1760 608 -512 ) 
4 117 118 (2048 608 -512 ) (2048 608 0 ) (1760 608 0 ) (1760 608 -512 ) 
4 118 121 (2048 416 0 ) (1760 416 0 ) (1760 416 -512 ) (2048 416 -512 ) 
4 118 119 (1760 608 0 ) (1760 608 -512 ) (1760 416 -512 ) (1760 416 0 ) 
4 119 121 (1760 416 0 ) (1568 416 0 ) (1568 416 -512 ) (1760 416 -512 ) 
4 119 120 (1568 608 0 ) (1568 608 -512 ) (1568 416 -512 ) (1568 416 0 ) 
4 120 124 (1280 448 -256 ) (1280 608 -256 ) (1280 608 -512 ) (1280 448 -512 ) 
4 120 121 (1568 416 0 ) (1280 416 0 ) (1280 416 -512 ) (1568 416 -512 ) 
4 121 133 (2048 256 -512 ) (2048 256 -384 ) (2016 256 -384 ) (2016 256 -512 ) 
4 121 132 (2016 256 0 ) (1984 256 0 ) (1984 256 -256 ) (2016 256 -256 ) 
4 121 131 (2048 256 -384 ) (2048 256 0 ) (2016 256 0 ) (2016 256 -384 ) 
4 122 125 (1248 896 288 ) (1248 896 640 ) (1248 1024 640 ) (1248 1024 288 ) 
4 122 123 (1248 896 640 ) (1248 896 544 ) (1280 896 544 ) (1280 896 640 ) 
4 123 125 (1248 864 640 ) (1248 896 640 ) (1248 896 544 ) (1248 864 544 ) 
4 124 127 (1248 448 -256 ) (1248 640 -256 ) (1248 640 -512 ) (1248 448 -512 ) 
4 126 127 (1183 640 -289 ) (1089 640 -289 ) (1089 640 -479 ) (1183 640 -479 ) 
4 127 157 (1024 576 -256 ) (1024 640 -256 ) (1024 640 -512 ) (1024 576 -512 ) 
4 127 128 (1216 448 -256 ) (1024 448 -256 ) (1024 448 -512 ) (1216 448 -512 ) 
4 128 134 (1024 256 -384 ) (1024 256 -512 ) (1216 256 -512 ) (1216 256 -384 ) 
4 129 130 (2048 224 544 ) (1536 224 544 ) (1536 256 544 ) (2048 256 544 ) 
4 130 146 (1792 224 544 ) (1536 224 544 ) (1536 224 160 ) (1792 224 160 ) 
4 130 138 (2048 224 160 ) (2048 224 544 ) (1792 224 544 ) (1792 224 160 ) 
4 131 133 (2016 248 -384 ) (2016 256 -384 ) (2048 256 -384 ) (2048 248 -384 ) 
4 131 132 (2016 248 -256 ) (2016 248 0 ) (2016 256 0 ) (2016 256 -256 ) 
4 134 135 (1024 239 -512 ) (1216 239 -512 ) (1216 239 -384 ) (1024 239 -384 ) 
4 135 136 (1024 238 -512 ) (1216 238 -512 ) (1216 238 -384 ) (1024 238 -384 ) 
4 136 152 (1184 224 -384 ) (1056 224 -384 ) (1056 224 -512 ) (1184 224 -512 ) 
4 137 147 (1792 192 544 ) (1792 160 544 ) (1792 160 608 ) (1792 192 608 ) 
4 137 139 (1792 160 608 ) (1792 160 544 ) (2048 160 544 ) (2048 160 608 ) 
4 137 138 (2048 160 544 ) (1792 160 544 ) (1792 192 544 ) (2048 192 544 ) 
4 138 147 (1792 160 288 ) (1792 160 544 ) (1792 192 544 ) (1792 192 288 ) 
4 138 146 (1792 224 544 ) (1792 224 160 ) (1792 192 160 ) (1792 192 544 ) 
4 138 139 (1792 160 544 ) (1792 160 160 ) (2048 160 160 ) (2048 160 544 ) 
4 139 147 (1792 128 288 ) (1792 128 608 ) (1792 160 608 ) (1792 160 288 ) 
4 139 141 (1792 128 608 ) (1792 128 288 ) (2048 128 288 ) (2048 128 608 ) 
4 139 140 (2048 128 160 ) (1792 128 160 ) (1792 160 160 ) (2048 160 160 ) 
4 141 147 (1792 32 288 ) (1792 32 608 ) (1792 128 608 ) (1792 128 288 ) 
4 141 143 (1792 32 608 ) (1792 32 288 ) (2048 32 288 ) (2048 32 608 ) 
4 142 143 (1792 0 608 ) (1792 32 608 ) (2048 32 608 ) (2048 0 608 ) 
4 143 148 (1792 0 288 ) (1792 0 608 ) (1792 32 608 ) (1792 32 288 ) 
4 143 144 (1792 0 288 ) (1792 32 288 ) (2048 32 288 ) (2048 0 288 ) 
4 144 149 (1792 0 280 ) (1792 0 288 ) (1792 32 288 ) (1792 32 280 ) 
4 145 147 (1616 144 608 ) (1712 144 608 ) (1712 48 608 ) (1616 48 608 ) 
4 146 147 (1792 192 288 ) (1792 192 544 ) (1536 192 544 ) (1536 192 288 ) 
4 147 148 (1536 32 608 ) (1536 32 288 ) (1792 32 288 ) (1792 32 608 ) 
4 148 149 (1536 0 288 ) (1536 32 288 ) (1792 32 288 ) (1792 0 288 ) 
4 150 151 (1184 160 -320 ) (1184 96 -320 ) (1056 96 -320 ) (1056 160 -320 ) 
4 151 153 (1216 160 -384 ) (1216 96 -384 ) (1024 96 -384 ) (1024 160 -384 ) 
4 152 153 (1056 160 -512 ) (1184 160 -512 ) (1184 160 -384 ) (1056 160 -384 ) 
4 153 154 (1184 96 -384 ) (1056 96 -384 ) (1056 96 -512 ) (1184 96 -512 ) 
4 154 160 (1184 0 -384 ) (1056 0 -384 ) (1056 0 -640 ) (1184 0 -640 ) 
4 158 164 (1024 -96 -384 ) (1024 -672 -384 ) (1024 -672 256 ) (1024 -96 256 ) 
4 158 161 (1024 -672 -384 ) (1024 -96 -384 ) (1056 -96 -384 ) (1056 -672 -384 ) 
4 158 160 (1056 -96 -384 ) (1184 -96 -384 ) (1184 -672 -384 ) (1056 -672 -384 ) 
4 158 159 (1184 -96 -384 ) (1376 -96 -384 ) (1376 -672 -384 ) (1184 -672 -384 ) 
4 159 162 (1376 -96 -640 ) (1376 -672 -640 ) (1184 -672 -640 ) (1184 -96 -640 ) 
4 159 160 (1184 -96 -640 ) (1184 -672 -640 ) (1184 -672 -384 ) (1184 -96 -384 ) 
4 160 162 (1184 -96 -640 ) (1184 -672 -640 ) (1056 -672 -640 ) (1056 -96 -640 ) 
4 160 161 (1056 -96 -640 ) (1056 -672 -640 ) (1056 -672 -384 ) (1056 -96 -384 ) 
4 161 164 (1024 -672 -384 ) (1024 -96 -384 ) (1024 -96 -640 ) (1024 -672 -640 ) 
4 161 162 (1024 -672 -640 ) (1024 -96 -640 ) (1056 -96 -640 ) (1056 -672 -640 ) 
4 162 164 (1024 -672 -1408 ) (1024 -672 -640 ) (1024 -96 -640 ) (1024 -96 -1408 ) 
4 163 166 (1712 -2048 -240 ) (1712 -2048 272 ) (1024 -2048 272 ) (1024 -2048 -240 ) 
4 163 165 (1024 -2048 -240 ) (1024 -2048 272 ) (1024 -1248 272 ) (1024 -1248 -240 ) 
4 165 167 (1024 -2048 -240 ) (1024 -2048 272 ) (1008 -2048 272 ) (1008 -2048 -240 ) 
4 166 167 (1024 -2048 272 ) (1024 -2048 -240 ) (1024 -2528 -240 ) (1024 -2528 272 ) 
