


materialPath: D:\SteamLibrary\steamapps\common\Portal 2\portal2\materials
Loading d:\steamlibrary\steamapps\common\portal 2\portal2_dlc3\maps\sp_a1_intro4.vmf
ConVarRef gpu_level doesn't point to an existing ConVar
Patching WVT material: maps/sp_a1_intro4/metal/blendblackfloormetal_dirt02_wvt_patch
fixing up env_cubemap materials on brush sides...
0...1...2...3...4...5...6...7...8...9...100...1...2...3...4...5...6...7...8...9...10Processing areas...done (0)
Building Faces...done (0)
Chop Details...done (0)
Find Visible Detail Sides...
Merged 252 detail faces...done (0)
Merging details...done (0)
FixTjuncs...
PruneNodes...
WriteBSP...
done (0)
writing d:\steamlibrary\steamapps\common\portal 2\portal2_dlc3\maps\sp_a1_intro4.prt...Building visibility clusters...
done (0)
Finding displacement neighbors...
Finding lightmap sample positions...
Displacement Alpha : 0...1...2...3...4...5...6...7...8...9...10
Overlay touching too many faces (touching 78, max 64)
Overlay overlays/dirtartifacts01a at 512.0 136.0 -1.2


materialPath: D:\SteamLibrary\steamapps\common\Portal 2\portal2\materials
Loading d:\steamlibrary\steamapps\common\portal 2\portal2_dlc3\maps\sp_a1_intro4.vmf
ConVarRef gpu_level doesn't point to an existing ConVar
Patching WVT material: maps/sp_a1_intro4/metal/blendblackfloormetal_dirt02_wvt_patch
fixing up env_cubemap materials on brush sides...
0...1...2...3...4...5...6...7...8...9...100...1...2...3...4...5...6...7...8...9...10Processing areas...done (0)
Building Faces...done (0)
Chop Details...done (0)
Find Visible Detail Sides...
Merged 252 detail faces...done (0)
Merging details...done (0)
FixTjuncs...
PruneNodes...
WriteBSP...
done (0)
writing d:\steamlibrary\steamapps\common\portal 2\portal2_dlc3\maps\sp_a1_intro4.prt...Building visibility clusters...
done (0)
Finding displacement neighbors...
Finding lightmap sample positions...
Displacement Alpha : 0...1...2...3...4...5...6...7...8...9...10
Overlay touching too many faces (touching 78, max 64)
Overlay overlays/dirtartifacts01a at 512.0 136.0 -1.2


materialPath: D:\SteamLibrary\steamapps\common\Portal 2\portal2\materials
Loading d:\steamlibrary\steamapps\common\portal 2\portal2_dlc3\maps\sp_a1_intro4.vmf
ConVarRef gpu_level doesn't point to an existing ConVar
Patching WVT material: maps/sp_a1_intro4/metal/blendblackfloormetal_dirt02_wvt_patch
fixing up env_cubemap materials on brush sides...
0...1...2...3...4...5...6...7...8...9...100...1...2...3...4...5...6...7...8...9...10Processing areas...done (0)
Building Faces...done (0)
Chop Details...done (0)
Find Visible Detail Sides...
Merged 252 detail faces...done (0)
Merging details...done (0)
FixTjuncs...
PruneNodes...
WriteBSP...
done (0)
writing d:\steamlibrary\steamapps\common\portal 2\portal2_dlc3\maps\sp_a1_intro4.prt...Building visibility clusters...
done (0)
Finding displacement neighbors...
Finding lightmap sample positions...
Displacement Alpha : 0...1...2...3...4...5...6...7...8...9...10
Overlay touching too many faces (touching 79, max 64)
Overlay overlays/dirtartifacts01a at 545.3 -7.9 -8.2


materialPath: D:\SteamLibrary\steamapps\common\Portal 2\portal2\materials
Loading d:\steamlibrary\steamapps\common\portal 2\portal2_dlc3\maps\sp_a1_intro4.vmf
ConVarRef gpu_level doesn't point to an existing ConVar
Patching WVT material: maps/sp_a1_intro4/metal/blendblackfloormetal_dirt02_wvt_patch
fixing up env_cubemap materials on brush sides...
0...1...2...3...4...5...6...7...8...9...100...1...2...3...4...5...6...7...8...9...10Processing areas...done (0)
Building Faces...done (0)
Chop Details...done (0)
Find Visible Detail Sides...
Merged 252 detail faces...done (0)
Merging details...done (0)
FixTjuncs...
PruneNodes...
WriteBSP...
done (0)
writing d:\steamlibrary\steamapps\common\portal 2\portal2_dlc3\maps\sp_a1_intro4.prt...Building visibility clusters...
done (0)
Finding displacement neighbors...
Finding lightmap sample positions...
Displacement Alpha : 0...1...2...3...4...5...6...7...8...9...10
Overlay touching too many faces (touching 79, max 64)
Overlay overlays/dirtartifacts01a at 545.3 -7.9 -8.2


materialPath: D:\SteamLibrary\steamapps\common\Portal 2\portal2\materials
Loading d:\steamlibrary\steamapps\common\portal 2\portal2_dlc3\maps\sp_a1_intro4.vmf
ConVarRef gpu_level doesn't point to an existing ConVar
Patching WVT material: maps/sp_a1_intro4/metal/blendblackfloormetal_dirt02_wvt_patch
fixing up env_cubemap materials on brush sides...
0...1...2...3...4...5...6...7...8...9...100...1...2...3...4...5...6...7...8...9...10Processing areas...done (0)
Building Faces...done (0)
Chop Details...done (0)
Find Visible Detail Sides...
Merged 252 detail faces...done (0)
Merging details...done (0)
FixTjuncs...
PruneNodes...
WriteBSP...
done (0)
writing d:\steamlibrary\steamapps\common\portal 2\portal2_dlc3\maps\sp_a1_intro4.prt...Building visibility clusters...
done (0)
Finding displacement neighbors...
Finding lightmap sample positions...
Displacement Alpha : 0...1...2...3...4...5...6...7...8...9...10
Overlay touching too many faces (touching 126, max 64)
Overlay overlays/dirtartifacts01a at -780.7 179.7 -15.1


materialPath: D:\SteamLibrary\steamapps\common\Portal 2\portal2\materials
Loading d:\steamlibrary\steamapps\common\portal 2\portal2_dlc3\maps\sp_a1_intro4.vmf
ConVarRef gpu_level doesn't point to an existing ConVar
Patching WVT material: maps/sp_a1_intro4/metal/blendblackfloormetal_dirt02_wvt_patch
fixing up env_cubemap materials on brush sides...
0...1...2...3...4...5...6...7...8...9...100...1...2...3...4...5...6...7...8...9...10Processing areas...done (0)
Building Faces...done (0)
Chop Details...done (0)
Find Visible Detail Sides...
Merged 252 detail faces...done (0)
Merging details...done (0)
FixTjuncs...
PruneNodes...
WriteBSP...
done (0)
writing d:\steamlibrary\steamapps\common\portal 2\portal2_dlc3\maps\sp_a1_intro4.prt...Building visibility clusters...
done (0)
Finding displacement neighbors...
Finding lightmap sample positions...
Displacement Alpha : 0...1...2...3...4...5...6...7...8...9...10
Overlay touching too many faces (touching 126, max 64)
Overlay overlays/dirtartifacts01a at -742.6 37.0 -22.2


materialPath: D:\SteamLibrary\steamapps\common\Portal 2\portal2\materials
Loading d:\steamlibrary\steamapps\common\portal 2\portal2_dlc3\maps\sp_a1_intro4.vmf
ConVarRef gpu_level doesn't point to an existing ConVar
Patching WVT material: maps/sp_a1_intro4/metal/blendblackfloormetal_dirt02_wvt_patch
fixing up env_cubemap materials on brush sides...
0...1...2...3...4...5...6...7...8...9...100...1...2...3...4...5...6...7...8...9...10Processing areas...done (0)
Building Faces...done (0)
Chop Details...done (0)
Find Visible Detail Sides...
Merged 252 detail faces...done (0)
Merging details...done (0)
FixTjuncs...
PruneNodes...
WriteBSP...
done (0)
writing d:\steamlibrary\steamapps\common\portal 2\portal2_dlc3\maps\sp_a1_intro4.prt...Building visibility clusters...
done (0)
Finding displacement neighbors...
Finding lightmap sample positions...
Displacement Alpha : 0...1...2...3...4...5...6...7...8...9...10
Building Physics collision data...
done (0) (721437 bytes)
Encountered obsolete static prop option to do its fade in screen space @ 1584.00 -528.00 320.00
Encountered obsolete static prop option to do its fade in screen space @ 1616.00 -528.00 320.00
Encountered obsolete static prop option to do its fade in screen space @ -992.00 176.00 192.00
Encountered obsolete static prop option to do its fade in screen space @ -1024.00 176.00 192.00
Placing detail props : 0...1...2...3...4...5...6...7...8...9...10
Compacting texture/material tables...
Reduced 2359 texinfos to 1091
Reduced 81 texdatas to 73 (2567 bytes to 2252)
Writing d:\steamlibrary\steamapps\common\portal 2\portal2_dlc3\maps\sp_a1_intro4.bsp

nummapplanes:     ( 16798 / 65536 )
nummapbrushes:    (  1960 /  8192 )
nummapbrushsides: ( 19137 / 65536 )
num_map_overlays: (    51 /   512 )
nummodels:        (    97 /  1024 )
num_entities:     (   462 / 16384 )

3 seconds elapsed



12 threads
reading d:\steamlibrary\steamapps\common\portal 2\portal2_dlc3\maps\sp_a1_intro4.bsp
reading d:\steamlibrary\steamapps\common\portal 2\portal2_dlc3\maps\sp_a1_intro4.prt
1510 portalclusters
4901 numportals
0...1...2...3...4...5...6...7...8...9...100...1...2...3...4...5...6...7...8...9...10Optimized: 3421 visible clusters (0.00%)
Total clusters visible: 518785
Average clusters visible: 343
Building PAS...
Average clusters audible: 1035
visdatasize:364500  compressed from 579840
writing d:\steamlibrary\steamapps\common\portal 2\portal2_dlc3\maps\sp_a1_intro4.bsp
2 minutes, 48 seconds elapsed



[Reading texlights from 'lights.rad']
[59 texlights parsed from 'lights.rad']

Loading d:\steamlibrary\steamapps\common\portal 2\portal2_dlc3\maps\sp_a1_intro4.bsp
Loaded alpha texture materials\models\props_foliage\leaves_dead.vtf
Loaded alpha texture materials\Tools\toolsinvisible.vtf
Loaded alpha texture materials\Metal\backstage_grate_001a.vtf
Loaded alpha texture materials\Metal\metalgrate018.vtf
Loaded alpha texture materials\Metal\metalgrate018b.vtf
4095 faces
395207 square feet [56909884.00 square inches]
2 Displacements
1170 Square Feet [168525.13 Square Inches]
4095 patches before subdivision
35507 patches after subdivision
45 direct lights
0...1...2...3...4...5...6...7...8...9...100...1...2...3...4...5...6...7...8...9...10transfers 2218507, max 450
transfer lists:  16.9 megs
0...1...2...3...4...5...6...7...8...9...10	Bounce #1 added RGB(13550, 12627, 10095)
0...1...2...3...4...5...6...7...8...9...10	Bounce #2 added RGB(5316, 4879, 3639)
0...1...2...3...4...5...6...7...8...9...10	Bounce #3 added RGB(2228, 2017, 1410)
0...1...2...3...4...5...6...7...8...9...10	Bounce #4 added RGB(1058, 949, 620)
0...1...2...3...4...5...6...7...8...9...10	Bounce #5 added RGB(516, 458, 281)
0...1...2...3...4...5...6...7...8...9...10	Bounce #6 added RGB(262, 231, 133)
0...1...2...3...4...5...6...7...8...9...10	Bounce #7 added RGB(136, 119, 65)
0...1...2...3...4...5...6...7...8...9...10	Bounce #8 added RGB(72, 63, 32)
0...1...2...3...4...5...6...7...8...9...10	Bounce #9 added RGB(39, 34, 16)
0...1...2...3...4...5...6...7...8...9...10	Bounce #10 added RGB(22, 19, 8)
0...1...2...3...4...5...6...7...8...9...10	Bounce #11 added RGB(12, 10, 4)
0...1...2...3...4...5...6...7...8...9...10	Bounce #12 added RGB(7, 6, 2)
0...1...2...3...4...5...6...7...8...9...10	Bounce #13 added RGB(4, 3, 1)
0...1...2...3...4...5...6...7...8...9...10	Bounce #14 added RGB(2, 2, 1)
0...1...2...3...4...5...6...7...8...9...10	Bounce #15 added RGB(1, 1, 0)
0...1...2...3...4...5...6...7...8...9...10	Bounce #16 added RGB(1, 1, 0)
Build Patch/Sample Hash Table(s).....Done<0.0079 sec>
0...1...2...3...4...5...6...7...8...9...10FinalLightFace Done
8 of 8 (100% of) surface lights went in leaf ambient cubes.
0...1...2...3...4...5...6...7...8...9...10Writing leaf ambient...done
Computing static prop lighting : 00...1...2...3...4...5...6...7...8...9...10
Ready to Finish

Object names       Objects/Maxobjs  Memory / Maxmem  Fullness 
------------       ---------------  ---------------  -------- 
models                  97/1024         4656/49152    ( 9.5%) 
brushes               1960/8192        23520/98304    (23.9%) 
brushsides           19225/65536      153800/524288   (29.3%) 
planes               16798/65536      335960/1310720  (25.6%) 
vertexes              8811/65536      105732/786432   (13.4%) 
nodes                 3108/65536       99456/2097152  ( 4.7%) 
texinfos              1091/12288       78552/884736   ( 8.9%) 
texdata                 73/2048         2336/65536    ( 3.6%) 
dispinfos                2/0             352/0        ( 0.0%) 
disp_verts             162/0            3240/0        ( 0.0%) 
disp_tris              256/0             512/0        ( 0.0%) 
disp_multiblend          0/0               0/0        ( 0.0%) 
disp_lmsamples        3248/0            3248/0        ( 0.0%) 
faces                 4095/65536      229320/3670016  ( 6.2%) 
hdr faces                0/65536           0/3670016  ( 0.0%) 
origfaces             2840/65536      159040/3670016  ( 4.3%) 
facebrushes            337/0             674/0        ( 0.0%) 
facebrushlists        4095/0           16380/0        ( 0.0%) 
leaves                3206/65536      102592/2097152  ( 4.9%) 
leaffaces             5815/65536       11630/131072   ( 8.9%) 
leafbrushes           5818/65536       11636/131072   ( 8.9%) 
areas                   12/256            96/2048     ( 4.7%) 
surfedges            30430/512000     121720/2048000  ( 5.9%) 
edges                19236/256000      76944/1024000  ( 7.5%) 
LDR worldlights         45/8192         4500/819200   ( 0.5%) 
HDR worldlights          0/8192            0/819200   ( 0.0%) 
leafwaterdata            0/32768           0/393216   ( 0.0%) 
waterstrips            574/32768        5740/327680   ( 1.8%) 
waterverts               0/65536           0/786432   ( 0.0%) 
waterindices         10002/65536       20004/131072   (15.3%) 
cubemapsamples          16/1024          256/16384    ( 1.6%) 
overlays                51/512         17952/180224   (10.0%) 
LDR lightdata         [variable]     2232028/0        ( 0.0%) 
HDR lightdata         [variable]           0/0        ( 0.0%) 
visdata               [variable]      364500/16777216 ( 2.2%) 
entdata               [variable]      154164/393216   (39.2%) 
LDR ambient table     3206/65536       12824/262144   ( 4.9%) 
HDR ambient table     3206/65536       12824/262144   ( 4.9%) 
LDR leaf ambient      6050/65536      169400/1835008  ( 9.2%) 
HDR leaf ambient      3206/65536       89768/1835008  ( 4.9%) 
occluders                0/0               0/0        ( 0.0%) 
occluder polygons        0/0               0/0        ( 0.0%) 
occluder vert ind        0/0               0/0        ( 0.0%) 
detail props          [variable]           1/12       ( 8.3%) 
static props          [variable]           1/50008    ( 0.0%) 
pakfile               [variable]     5092509/0        ( 0.0%) 
physics               [variable]      721437/4194304  (17.2%) 
physics terrain       [variable]         612/1048576  ( 0.1%) 

Level flags = 1

Total triangle count: 11007
Writing d:\steamlibrary\steamapps\common\portal 2\portal2_dlc3\maps\sp_a1_intro4.bsp
45 seconds elapsed



[Reading texlights from 'lights.rad']
[59 texlights parsed from 'lights.rad']

Loading d:\steamlibrary\steamapps\common\portal 2\portal2_dlc3\maps\sp_a1_intro4.bsp
Loaded alpha texture materials\models\props_foliage\leaves_dead.vtf
Loaded alpha texture materials\Tools\toolsinvisible.vtf
Loaded alpha texture materials\Metal\backstage_grate_001a.vtf
Loaded alpha texture materials\Metal\metalgrate018.vtf
Loaded alpha texture materials\Metal\metalgrate018b.vtf
4095 faces
395207 square feet [56909884.00 square inches]
2 Displacements
1170 Square Feet [168525.13 Square Inches]
4095 patches before subdivision
35507 patches after subdivision
45 direct lights
0...1...2...3...4...5...6...7...8...9...100...1...2...3...4...5...6...7...8...9...10transfers 2218507, max 450
transfer lists:  16.9 megs
0...1...2...3...4...5...6...7...8...9...10	Bounce #1 added RGB(13549, 12626, 10095)
0...1...2...3...4...5...6...7...8...9...10	Bounce #2 added RGB(5315, 4878, 3639)
0...1...2...3...4...5...6...7...8...9...10	Bounce #3 added RGB(2227, 2017, 1410)
0...1...2...3...4...5...6...7...8...9...10	Bounce #4 added RGB(1058, 948, 620)
0...1...2...3...4...5...6...7...8...9...10	Bounce #5 added RGB(516, 458, 281)
0...1...2...3...4...5...6...7...8...9...10	Bounce #6 added RGB(262, 231, 133)
0...1...2...3...4...5...6...7...8...9...10	Bounce #7 added RGB(136, 119, 65)
0...1...2...3...4...5...6...7...8...9...10	Bounce #8 added RGB(72, 63, 32)
0...1...2...3...4...5...6...7...8...9...10	Bounce #9 added RGB(39, 34, 16)
0...1...2...3...4...5...6...7...8...9...10	Bounce #10 added RGB(22, 19, 8)
0...1...2...3...4...5...6...7...8...9...10	Bounce #11 added RGB(12, 10, 4)
0...1...2...3...4...5...6...7...8...9...10	Bounce #12 added RGB(7, 6, 2)
0...1...2...3...4...5...6...7...8...9...10	Bounce #13 added RGB(4, 3, 1)
0...1...2...3...4...5...6...7...8...9...10	Bounce #14 added RGB(2, 2, 1)
0...1...2...3...4...5...6...7...8...9...10	Bounce #15 added RGB(1, 1, 0)
0...1...2...3...4...5...6...7...8...9...10	Bounce #16 added RGB(1, 1, 0)
Build Patch/Sample Hash Table(s).....Done<0.0080 sec>
0...1...2...3...4...5...6...7...8...9...10FinalLightFace Done
8 of 8 (100% of) surface lights went in leaf ambient cubes.
0...1...2...3...4...5...6...7...8...9...10Writing leaf ambient...done
Computing static prop lighting : 00...1...2...3...4...5...6...7...8...9...10
Ready to Finish

Object names       Objects/Maxobjs  Memory / Maxmem  Fullness 
------------       ---------------  ---------------  -------- 
models                  97/1024         4656/49152    ( 9.5%) 
brushes               1960/8192        23520/98304    (23.9%) 
brushsides           19225/65536      153800/524288   (29.3%) 
planes               16798/65536      335960/1310720  (25.6%) 
vertexes              8811/65536      105732/786432   (13.4%) 
nodes                 3108/65536       99456/2097152  ( 4.7%) 
texinfos              1091/12288       78552/884736   ( 8.9%) 
texdata                 73/2048         2336/65536    ( 3.6%) 
dispinfos                2/0             352/0        ( 0.0%) 
disp_verts             162/0            3240/0        ( 0.0%) 
disp_tris              256/0             512/0        ( 0.0%) 
disp_multiblend          0/0               0/0        ( 0.0%) 
disp_lmsamples        3248/0            3248/0        ( 0.0%) 
faces                 4095/65536      229320/3670016  ( 6.2%) 
hdr faces             4095/65536      229320/3670016  ( 6.2%) 
origfaces             2840/65536      159040/3670016  ( 4.3%) 
facebrushes            337/0             674/0        ( 0.0%) 
facebrushlists        4095/0           16380/0        ( 0.0%) 
leaves                3206/65536      102592/2097152  ( 4.9%) 
leaffaces             5815/65536       11630/131072   ( 8.9%) 
leafbrushes           5818/65536       11636/131072   ( 8.9%) 
areas                   12/256            96/2048     ( 4.7%) 
surfedges            30430/512000     121720/2048000  ( 5.9%) 
edges                19236/256000      76944/1024000  ( 7.5%) 
LDR worldlights         45/8192         4500/819200   ( 0.5%) 
HDR worldlights         45/8192         4500/819200   ( 0.5%) 
leafwaterdata            0/32768           0/393216   ( 0.0%) 
waterstrips            574/32768        5740/327680   ( 1.8%) 
waterverts               0/65536           0/786432   ( 0.0%) 
waterindices         10002/65536       20004/131072   (15.3%) 
cubemapsamples          16/1024          256/16384    ( 1.6%) 
overlays                51/512         17952/180224   (10.0%) 
LDR lightdata         [variable]     2232028/0        ( 0.0%) 
HDR lightdata         [variable]     2232028/0        ( 0.0%) 
visdata               [variable]      364500/16777216 ( 2.2%) 
entdata               [variable]      154164/393216   (39.2%) 
LDR ambient table     3206/65536       12824/262144   ( 4.9%) 
HDR ambient table     3206/65536       12824/262144   ( 4.9%) 
LDR leaf ambient      6050/65536      169400/1835008  ( 9.2%) 
HDR leaf ambient      6053/65536      169484/1835008  ( 9.2%) 
occluders                0/0               0/0        ( 0.0%) 
occluder polygons        0/0               0/0        ( 0.0%) 
occluder vert ind        0/0               0/0        ( 0.0%) 
detail props          [variable]           1/12       ( 8.3%) 
static props          [variable]           1/50008    ( 0.0%) 
pakfile               [variable]     8919569/0        ( 0.0%) 
physics               [variable]      721437/4194304  (17.2%) 
physics terrain       [variable]         612/1048576  ( 0.1%) 

Level flags = 3

Total triangle count: 11007
Writing d:\steamlibrary\steamapps\common\portal 2\portal2_dlc3\maps\sp_a1_intro4.bsp
46 seconds elapsed



materialPath: D:\SteamLibrary\steamapps\common\Portal 2\portal2\materials
Loading d:\steamlibrary\steamapps\common\portal 2\portal2_dlc3\maps\sp_a1_intro4.vmf
ConVarRef gpu_level doesn't point to an existing ConVar
Patching WVT material: maps/sp_a1_intro4/metal/blendblackfloormetal_dirt02_wvt_patch
fixing up env_cubemap materials on brush sides...
0...1...2...3...4...5...6...7...8...9...100...1...2...3...4...5...6...7...8...9...10Processing areas...done (0)
Building Faces...done (0)
Chop Details...done (0)
Find Visible Detail Sides...
Merged 252 detail faces...done (0)
Merging details...done (0)
FixTjuncs...
PruneNodes...
WriteBSP...
done (0)
writing d:\steamlibrary\steamapps\common\portal 2\portal2_dlc3\maps\sp_a1_intro4.prt...Building visibility clusters...
done (0)
Finding displacement neighbors...
Finding lightmap sample positions...
Displacement Alpha : 0...1...2...3...4...5...6...7...8...9...10
Building Physics collision data...
done (0) (720885 bytes)
Encountered obsolete static prop option to do its fade in screen space @ 1584.00 -528.00 320.00
Encountered obsolete static prop option to do its fade in screen space @ 1616.00 -528.00 320.00
Encountered obsolete static prop option to do its fade in screen space @ -992.00 176.00 192.00
Encountered obsolete static prop option to do its fade in screen space @ -1024.00 176.00 192.00
Placing detail props : 0...1...2...3...4...5...6...7...8...9...10
Compacting texture/material tables...
Reduced 2354 texinfos to 1090
Reduced 81 texdatas to 73 (2567 bytes to 2252)
Writing d:\steamlibrary\steamapps\common\portal 2\portal2_dlc3\maps\sp_a1_intro4.bsp

nummapplanes:     ( 16798 / 65536 )
nummapbrushes:    (  1959 /  8192 )
nummapbrushsides: ( 19131 / 65536 )
num_map_overlays: (    51 /   512 )
nummodels:        (    96 /  1024 )
num_entities:     (   459 / 16384 )

3 seconds elapsed



12 threads
reading d:\steamlibrary\steamapps\common\portal 2\portal2_dlc3\maps\sp_a1_intro4.bsp
reading d:\steamlibrary\steamapps\common\portal 2\portal2_dlc3\maps\sp_a1_intro4.prt
1510 portalclusters
4901 numportals
0...1...2...3...4...5...6...7...8...9...10Optimized: 297979 visible clusters (0.00%)
Total clusters visible: 1633201
Average clusters visible: 1081
Building PAS...
Average clusters audible: 1455
visdatasize:523864  compressed from 579840
writing d:\steamlibrary\steamapps\common\portal 2\portal2_dlc3\maps\sp_a1_intro4.bsp
0 seconds elapsed



[Reading texlights from 'lights.rad']
[59 texlights parsed from 'lights.rad']

Loading d:\steamlibrary\steamapps\common\portal 2\portal2_dlc3\maps\sp_a1_intro4.bsp
4093 faces
394866 square feet [56860732.00 square inches]
2 Displacements
1170 Square Feet [168525.13 Square Inches]
4093 patches before subdivision
35505 patches after subdivision
45 direct lights
0...1...2...3...4...5...6...7...8...9...100...1...2...3...4...5...6...7...8...9...10transfers 2257517, max 499
transfer lists:  17.2 megs
0...1...2...3...4...5...6...7...8...9...10	Bounce #1 added RGB(8891, 8450, 7246)
0...1...2...3...4...5...6...7...8...9...10	Bounce #2 added RGB(3185, 3002, 2433)
Build Patch/Sample Hash Table(s).....Done<0.0079 sec>
0...1...2...3...4...5...6...7...8...9...10FinalLightFace Done
8 of 8 (100% of) surface lights went in leaf ambient cubes.
0...1...2...3...4...5...6...7...8...9...10Writing leaf ambient...done
Ready to Finish

Object names       Objects/Maxobjs  Memory / Maxmem  Fullness 
------------       ---------------  ---------------  -------- 
models                  96/1024         4608/49152    ( 9.4%) 
brushes               1959/8192        23508/98304    (23.9%) 
brushsides           19219/65536      153752/524288   (29.3%) 
planes               16798/65536      335960/1310720  (25.6%) 
vertexes              8803/65536      105636/786432   (13.4%) 
nodes                 3102/65536       99264/2097152  ( 4.7%) 
texinfos              1090/12288       78480/884736   ( 8.9%) 
texdata                 73/2048         2336/65536    ( 3.6%) 
dispinfos                2/0             352/0        ( 0.0%) 
disp_verts             162/0            3240/0        ( 0.0%) 
disp_tris              256/0             512/0        ( 0.0%) 
disp_multiblend          0/0               0/0        ( 0.0%) 
disp_lmsamples        3248/0            3248/0        ( 0.0%) 
faces                 4093/65536      229208/3670016  ( 6.2%) 
hdr faces                0/65536           0/3670016  ( 0.0%) 
origfaces             2838/65536      158928/3670016  ( 4.3%) 
facebrushes            337/0             674/0        ( 0.0%) 
facebrushlists        4093/0           16372/0        ( 0.0%) 
leaves                3199/65536      102368/2097152  ( 4.9%) 
leaffaces             5813/65536       11626/131072   ( 8.9%) 
leafbrushes           5817/65536       11634/131072   ( 8.9%) 
areas                   12/256            96/2048     ( 4.7%) 
surfedges            30414/512000     121656/2048000  ( 5.9%) 
edges                19220/256000      76880/1024000  ( 7.5%) 
LDR worldlights         45/8192         4500/819200   ( 0.5%) 
HDR worldlights          0/8192            0/819200   ( 0.0%) 
leafwaterdata            0/32768           0/393216   ( 0.0%) 
waterstrips            574/32768        5740/327680   ( 1.8%) 
waterverts               0/65536           0/786432   ( 0.0%) 
waterindices         10002/65536       20004/131072   (15.3%) 
cubemapsamples          16/1024          256/16384    ( 1.6%) 
overlays                51/512         17952/180224   (10.0%) 
LDR lightdata         [variable]     2191112/0        ( 0.0%) 
HDR lightdata         [variable]           0/0        ( 0.0%) 
visdata               [variable]      523864/16777216 ( 3.1%) 
entdata               [variable]      153100/393216   (38.9%) 
LDR ambient table     3199/65536       12796/262144   ( 4.9%) 
HDR ambient table     3199/65536       12796/262144   ( 4.9%) 
LDR leaf ambient      5784/65536      161952/1835008  ( 8.8%) 
HDR leaf ambient      3199/65536       89572/1835008  ( 4.9%) 
occluders                0/0               0/0        ( 0.0%) 
occluder polygons        0/0               0/0        ( 0.0%) 
occluder vert ind        0/0               0/0        ( 0.0%) 
detail props          [variable]           1/12       ( 8.3%) 
static props          [variable]           1/50008    ( 0.0%) 
pakfile               [variable]     1269433/0        ( 0.0%) 
physics               [variable]      720885/4194304  (17.2%) 
physics terrain       [variable]         612/1048576  ( 0.1%) 

Level flags = 0

Total triangle count: 11003
Writing d:\steamlibrary\steamapps\common\portal 2\portal2_dlc3\maps\sp_a1_intro4.bsp
13 seconds elapsed



materialPath: D:\SteamLibrary\steamapps\common\Portal 2\portal2\materials
Loading d:\steamlibrary\steamapps\common\portal 2\portal2_dlc3\maps\sp_a1_intro4.vmf
ConVarRef gpu_level doesn't point to an existing ConVar
Patching WVT material: maps/sp_a1_intro4/metal/blendblackfloormetal_dirt02_wvt_patch
fixing up env_cubemap materials on brush sides...
0...1...2...3...4...5...6...7...8...9...100...1...2...3...4...5...6...7...8...9...10Processing areas...done (0)
Building Faces...done (0)
Chop Details...done (0)
Find Visible Detail Sides...
Merged 252 detail faces...done (0)
Merging details...done (0)
FixTjuncs...
PruneNodes...
WriteBSP...
done (0)
writing d:\steamlibrary\steamapps\common\portal 2\portal2_dlc3\maps\sp_a1_intro4.prt...Building visibility clusters...
done (0)
Finding displacement neighbors...
Finding lightmap sample positions...
Displacement Alpha : 0...1...2...3...4...5...6...7...8...9...10
Building Physics collision data...
done (0) (720885 bytes)
Encountered obsolete static prop option to do its fade in screen space @ 1584.00 -528.00 320.00
Encountered obsolete static prop option to do its fade in screen space @ 1616.00 -528.00 320.00
Encountered obsolete static prop option to do its fade in screen space @ -992.00 176.00 192.00
Encountered obsolete static prop option to do its fade in screen space @ -1024.00 176.00 192.00
Placing detail props : 0...1...2...3...4...5...6...7...8...9...10
Compacting texture/material tables...
Reduced 2354 texinfos to 1090
Reduced 81 texdatas to 73 (2567 bytes to 2252)
Writing d:\steamlibrary\steamapps\common\portal 2\portal2_dlc3\maps\sp_a1_intro4.bsp

nummapplanes:     ( 16798 / 65536 )
nummapbrushes:    (  1959 /  8192 )
nummapbrushsides: ( 19131 / 65536 )
num_map_overlays: (    51 /   512 )
nummodels:        (    96 /  1024 )
num_entities:     (   460 / 16384 )

3 seconds elapsed



12 threads
reading d:\steamlibrary\steamapps\common\portal 2\portal2_dlc3\maps\sp_a1_intro4.bsp
reading d:\steamlibrary\steamapps\common\portal 2\portal2_dlc3\maps\sp_a1_intro4.prt
1510 portalclusters
4901 numportals
0...1...2...3...4...5...6...7...8...9...100...1...2...3...4...5...6...7...8...9...10Optimized: 3421 visible clusters (0.00%)
Total clusters visible: 518785
Average clusters visible: 343
Building PAS...
Average clusters audible: 1035
visdatasize:364500  compressed from 579840
writing d:\steamlibrary\steamapps\common\portal 2\portal2_dlc3\maps\sp_a1_intro4.bsp
2 minutes, 46 seconds elapsed



[Reading texlights from 'lights.rad']
[59 texlights parsed from 'lights.rad']

Loading d:\steamlibrary\steamapps\common\portal 2\portal2_dlc3\maps\sp_a1_intro4.bsp
Loaded alpha texture materials\models\props_foliage\leaves_dead.vtf
Loaded alpha texture materials\Tools\toolsinvisible.vtf
Loaded alpha texture materials\Metal\backstage_grate_001a.vtf
Loaded alpha texture materials\Metal\metalgrate018.vtf
Loaded alpha texture materials\Metal\metalgrate018b.vtf
4093 faces
394866 square feet [56860732.00 square inches]
2 Displacements
1170 Square Feet [168525.13 Square Inches]
4093 patches before subdivision
35505 patches after subdivision
45 direct lights
0...1...2...3...4...5...6...7...8...9...100...1...2...3...4...5...6...7...8...9...10transfers 2218004, max 450
transfer lists:  16.9 megs
0...1...2...3...4...5...6...7...8...9...10	Bounce #1 added RGB(13552, 12628, 10097)
0...1...2...3...4...5...6...7...8...9...10	Bounce #2 added RGB(5316, 4879, 3640)
0...1...2...3...4...5...6...7...8...9...10	Bounce #3 added RGB(2227, 2017, 1410)
0...1...2...3...4...5...6...7...8...9...10	Bounce #4 added RGB(1058, 948, 620)
0...1...2...3...4...5...6...7...8...9...10	Bounce #5 added RGB(516, 458, 281)
0...1...2...3...4...5...6...7...8...9...10	Bounce #6 added RGB(262, 231, 133)
0...1...2...3...4...5...6...7...8...9...10	Bounce #7 added RGB(136, 119, 65)
0...1...2...3...4...5...6...7...8...9...10	Bounce #8 added RGB(72, 63, 32)
0...1...2...3...4...5...6...7...8...9...10	Bounce #9 added RGB(39, 34, 16)
0...1...2...3...4...5...6...7...8...9...10	Bounce #10 added RGB(22, 19, 8)
0...1...2...3...4...5...6...7...8...9...10	Bounce #11 added RGB(12, 10, 4)
0...1...2...3...4...5...6...7...8...9...10	Bounce #12 added RGB(7, 6, 2)
0...1...2...3...4...5...6...7...8...9...10	Bounce #13 added RGB(4, 3, 1)
0...1...2...3...4...5...6...7...8...9...10	Bounce #14 added RGB(2, 2, 1)
0...1...2...3...4...5...6...7...8...9...10	Bounce #15 added RGB(1, 1, 0)
0...1...2...3...4...5...6...7...8...9...10	Bounce #16 added RGB(1, 1, 0)
Build Patch/Sample Hash Table(s).....Done<0.0078 sec>
0...1...2...3...4...5...6...7...8...9...10FinalLightFace Done
8 of 8 (100% of) surface lights went in leaf ambient cubes.
0...1...2...3...4...5...6...7...8...9...10Writing leaf ambient...done
Computing static prop lighting : 00...1...2...3...4...5...6...7...8...9...10
Ready to Finish

Object names       Objects/Maxobjs  Memory / Maxmem  Fullness 
------------       ---------------  ---------------  -------- 
models                  96/1024         4608/49152    ( 9.4%) 
brushes               1959/8192        23508/98304    (23.9%) 
brushsides           19219/65536      153752/524288   (29.3%) 
planes               16798/65536      335960/1310720  (25.6%) 
vertexes              8803/65536      105636/786432   (13.4%) 
nodes                 3102/65536       99264/2097152  ( 4.7%) 
texinfos              1090/12288       78480/884736   ( 8.9%) 
texdata                 73/2048         2336/65536    ( 3.6%) 
dispinfos                2/0             352/0        ( 0.0%) 
disp_verts             162/0            3240/0        ( 0.0%) 
disp_tris              256/0             512/0        ( 0.0%) 
disp_multiblend          0/0               0/0        ( 0.0%) 
disp_lmsamples        3248/0            3248/0        ( 0.0%) 
faces                 4093/65536      229208/3670016  ( 6.2%) 
hdr faces                0/65536           0/3670016  ( 0.0%) 
origfaces             2838/65536      158928/3670016  ( 4.3%) 
facebrushes            337/0             674/0        ( 0.0%) 
facebrushlists        4093/0           16372/0        ( 0.0%) 
leaves                3199/65536      102368/2097152  ( 4.9%) 
leaffaces             5813/65536       11626/131072   ( 8.9%) 
leafbrushes           5817/65536       11634/131072   ( 8.9%) 
areas                   12/256            96/2048     ( 4.7%) 
surfedges            30414/512000     121656/2048000  ( 5.9%) 
edges                19220/256000      76880/1024000  ( 7.5%) 
LDR worldlights         45/8192         4500/819200   ( 0.5%) 
HDR worldlights          0/8192            0/819200   ( 0.0%) 
leafwaterdata            0/32768           0/393216   ( 0.0%) 
waterstrips            574/32768        5740/327680   ( 1.8%) 
waterverts               0/65536           0/786432   ( 0.0%) 
waterindices         10002/65536       20004/131072   (15.3%) 
cubemapsamples          16/1024          256/16384    ( 1.6%) 
overlays                51/512         17952/180224   (10.0%) 
LDR lightdata         [variable]     2232028/0        ( 0.0%) 
HDR lightdata         [variable]           0/0        ( 0.0%) 
visdata               [variable]      364500/16777216 ( 2.2%) 
entdata               [variable]      153347/393216   (39.0%) 
LDR ambient table     3199/65536       12796/262144   ( 4.9%) 
HDR ambient table     3199/65536       12796/262144   ( 4.9%) 
LDR leaf ambient      6043/65536      169204/1835008  ( 9.2%) 
HDR leaf ambient      3199/65536       89572/1835008  ( 4.9%) 
occluders                0/0               0/0        ( 0.0%) 
occluder polygons        0/0               0/0        ( 0.0%) 
occluder vert ind        0/0               0/0        ( 0.0%) 
detail props          [variable]           1/12       ( 8.3%) 
static props          [variable]           1/50008    ( 0.0%) 
pakfile               [variable]     5092509/0        ( 0.0%) 
physics               [variable]      720885/4194304  (17.2%) 
physics terrain       [variable]         612/1048576  ( 0.1%) 

Level flags = 1

Total triangle count: 11003
Writing d:\steamlibrary\steamapps\common\portal 2\portal2_dlc3\maps\sp_a1_intro4.bsp
47 seconds elapsed



[Reading texlights from 'lights.rad']
[59 texlights parsed from 'lights.rad']

Loading d:\steamlibrary\steamapps\common\portal 2\portal2_dlc3\maps\sp_a1_intro4.bsp
Loaded alpha texture materials\models\props_foliage\leaves_dead.vtf
Loaded alpha texture materials\Tools\toolsinvisible.vtf
Loaded alpha texture materials\Metal\backstage_grate_001a.vtf
Loaded alpha texture materials\Metal\metalgrate018.vtf
Loaded alpha texture materials\Metal\metalgrate018b.vtf
4093 faces
394866 square feet [56860732.00 square inches]
2 Displacements
1170 Square Feet [168525.13 Square Inches]
4093 patches before subdivision
35505 patches after subdivision
45 direct lights
0...1...2...3...4...5...6...7...8...9...100...1...2...3...4...5...6...7...8...9...10transfers 2218004, max 450
transfer lists:  16.9 megs
0...1...2...3...4...5...6...7...8...9...10	Bounce #1 added RGB(13551, 12627, 10096)
0...1...2...3...4...5...6...7...8...9...10	Bounce #2 added RGB(5315, 4879, 3639)
0...1...2...3...4...5...6...7...8...9...10	Bounce #3 added RGB(2227, 2016, 1409)
0...1...2...3...4...5...6...7...8...9...10	Bounce #4 added RGB(1058, 948, 619)
0...1...2...3...4...5...6...7...8...9...10	Bounce #5 added RGB(516, 458, 281)
0...1...2...3...4...5...6...7...8...9...10	Bounce #6 added RGB(262, 231, 133)
0...1...2...3...4...5...6...7...8...9...10	Bounce #7 added RGB(136, 119, 65)
0...1...2...3...4...5...6...7...8...9...10	Bounce #8 added RGB(72, 63, 32)
0...1...2...3...4...5...6...7...8...9...10	Bounce #9 added RGB(39, 34, 16)
0...1...2...3...4...5...6...7...8...9...10	Bounce #10 added RGB(22, 19, 8)
0...1...2...3...4...5...6...7...8...9...10	Bounce #11 added RGB(12, 10, 4)
0...1...2...3...4...5...6...7...8...9...10	Bounce #12 added RGB(7, 6, 2)
0...1...2...3...4...5...6...7...8...9...10	Bounce #13 added RGB(4, 3, 1)
0...1...2...3...4...5...6...7...8...9...10	Bounce #14 added RGB(2, 2, 1)
0...1...2...3...4...5...6...7...8...9...10	Bounce #15 added RGB(1, 1, 0)
0...1...2...3...4...5...6...7...8...9...10	Bounce #16 added RGB(1, 1, 0)
Build Patch/Sample Hash Table(s).....Done<0.0080 sec>
0...1...2...3...4...5...6...7...8...9...10FinalLightFace Done
8 of 8 (100% of) surface lights went in leaf ambient cubes.
0...1...2...3...4...5...6...7...8...9...10Writing leaf ambient...done
Computing static prop lighting : 00...1...2...3...4...5...6...7...8...9...10
Ready to Finish

Object names       Objects/Maxobjs  Memory / Maxmem  Fullness 
------------       ---------------  ---------------  -------- 
models                  96/1024         4608/49152    ( 9.4%) 
brushes               1959/8192        23508/98304    (23.9%) 
brushsides           19219/65536      153752/524288   (29.3%) 
planes               16798/65536      335960/1310720  (25.6%) 
vertexes              8803/65536      105636/786432   (13.4%) 
nodes                 3102/65536       99264/2097152  ( 4.7%) 
texinfos              1090/12288       78480/884736   ( 8.9%) 
texdata                 73/2048         2336/65536    ( 3.6%) 
dispinfos                2/0             352/0        ( 0.0%) 
disp_verts             162/0            3240/0        ( 0.0%) 
disp_tris              256/0             512/0        ( 0.0%) 
disp_multiblend          0/0               0/0        ( 0.0%) 
disp_lmsamples        3248/0            3248/0        ( 0.0%) 
faces                 4093/65536      229208/3670016  ( 6.2%) 
hdr faces             4093/65536      229208/3670016  ( 6.2%) 
origfaces             2838/65536      158928/3670016  ( 4.3%) 
facebrushes            337/0             674/0        ( 0.0%) 
facebrushlists        4093/0           16372/0        ( 0.0%) 
leaves                3199/65536      102368/2097152  ( 4.9%) 
leaffaces             5813/65536       11626/131072   ( 8.9%) 
leafbrushes           5817/65536       11634/131072   ( 8.9%) 
areas                   12/256            96/2048     ( 4.7%) 
surfedges            30414/512000     121656/2048000  ( 5.9%) 
edges                19220/256000      76880/1024000  ( 7.5%) 
LDR worldlights         45/8192         4500/819200   ( 0.5%) 
HDR worldlights         45/8192         4500/819200   ( 0.5%) 
leafwaterdata            0/32768           0/393216   ( 0.0%) 
waterstrips            574/32768        5740/327680   ( 1.8%) 
waterverts               0/65536           0/786432   ( 0.0%) 
waterindices         10002/65536       20004/131072   (15.3%) 
cubemapsamples          16/1024          256/16384    ( 1.6%) 
overlays                51/512         17952/180224   (10.0%) 
LDR lightdata         [variable]     2232028/0        ( 0.0%) 
HDR lightdata         [variable]     2232028/0        ( 0.0%) 
visdata               [variable]      364500/16777216 ( 2.2%) 
entdata               [variable]      153347/393216   (39.0%) 
LDR ambient table     3199/65536       12796/262144   ( 4.9%) 
HDR ambient table     3199/65536       12796/262144   ( 4.9%) 
LDR leaf ambient      6043/65536      169204/1835008  ( 9.2%) 
HDR leaf ambient      6044/65536      169232/1835008  ( 9.2%) 
occluders                0/0               0/0        ( 0.0%) 
occluder polygons        0/0               0/0        ( 0.0%) 
occluder vert ind        0/0               0/0        ( 0.0%) 
detail props          [variable]           1/12       ( 8.3%) 
static props          [variable]           1/50008    ( 0.0%) 
pakfile               [variable]     8919569/0        ( 0.0%) 
physics               [variable]      720885/4194304  (17.2%) 
physics terrain       [variable]         612/1048576  ( 0.1%) 

Level flags = 3

Total triangle count: 11003
Writing d:\steamlibrary\steamapps\common\portal 2\portal2_dlc3\maps\sp_a1_intro4.bsp
46 seconds elapsed



materialPath: D:\SteamLibrary\steamapps\common\Portal 2\portal2\materials
Loading d:\steamlibrary\steamapps\common\portal 2\portal2_dlc3\maps\sp_a1_intro4.vmf
ConVarRef gpu_level doesn't point to an existing ConVar
Patching WVT material: maps/sp_a1_intro4/metal/blendblackfloormetal_dirt02_wvt_patch
fixing up env_cubemap materials on brush sides...
0...1...2...3...4...5...6...7...8...9...100...1...2...3...4...5...6...7...8...9...10Processing areas...done (0)
Building Faces...done (0)
Chop Details...done (0)
Find Visible Detail Sides...
Merged 252 detail faces...done (0)
Merging details...done (0)
FixTjuncs...
PruneNodes...
WriteBSP...
done (0)
writing d:\steamlibrary\steamapps\common\portal 2\portal2_dlc3\maps\sp_a1_intro4.prt...Building visibility clusters...
done (0)
Finding displacement neighbors...
Finding lightmap sample positions...
Displacement Alpha : 0...1...2...3...4...5...6...7...8...9...10
Building Physics collision data...
done (0) (720885 bytes)
Encountered obsolete static prop option to do its fade in screen space @ 1584.00 -528.00 320.00
Encountered obsolete static prop option to do its fade in screen space @ 1616.00 -528.00 320.00
Encountered obsolete static prop option to do its fade in screen space @ -992.00 176.00 192.00
Encountered obsolete static prop option to do its fade in screen space @ -1024.00 176.00 192.00
Placing detail props : 0...1...2...3...4...5...6...7...8...9...10
Compacting texture/material tables...
Reduced 2354 texinfos to 1090
Reduced 81 texdatas to 73 (2567 bytes to 2252)
Writing d:\steamlibrary\steamapps\common\portal 2\portal2_dlc3\maps\sp_a1_intro4.bsp

nummapplanes:     ( 16798 / 65536 )
nummapbrushes:    (  1959 /  8192 )
nummapbrushsides: ( 19131 / 65536 )
num_map_overlays: (    51 /   512 )
nummodels:        (    96 /  1024 )
num_entities:     (   461 / 16384 )

3 seconds elapsed



12 threads
reading d:\steamlibrary\steamapps\common\portal 2\portal2_dlc3\maps\sp_a1_intro4.bsp
reading d:\steamlibrary\steamapps\common\portal 2\portal2_dlc3\maps\sp_a1_intro4.prt
1510 portalclusters
4901 numportals
0...1...2...3...4...5...6...7...8...9...10Optimized: 297979 visible clusters (0.00%)
Total clusters visible: 1633201
Average clusters visible: 1081
Building PAS...
Average clusters audible: 1455
visdatasize:523864  compressed from 579840
writing d:\steamlibrary\steamapps\common\portal 2\portal2_dlc3\maps\sp_a1_intro4.bsp
0 seconds elapsed



[Reading texlights from 'lights.rad']
[59 texlights parsed from 'lights.rad']

Loading d:\steamlibrary\steamapps\common\portal 2\portal2_dlc3\maps\sp_a1_intro4.bsp
Loaded alpha texture materials\models\props_foliage\leaves_dead.vtf
Loaded alpha texture materials\Tools\toolsinvisible.vtf
Loaded alpha texture materials\Metal\backstage_grate_001a.vtf
Loaded alpha texture materials\Metal\metalgrate018.vtf
Loaded alpha texture materials\Metal\metalgrate018b.vtf
4093 faces
394866 square feet [56860732.00 square inches]
2 Displacements
1170 Square Feet [168525.13 Square Inches]
4093 patches before subdivision
35505 patches after subdivision
45 direct lights
0...1...2...3...4...5...6...7...8...9...100...1...2...3...4...5...6...7...8...9...10transfers 2218009, max 450
transfer lists:  16.9 megs
0...1...2...3...4...5...6...7...8...9...10	Bounce #1 added RGB(13546, 12623, 10093)
0...1...2...3...4...5...6...7...8...9...10	Bounce #2 added RGB(5315, 4878, 3639)
0...1...2...3...4...5...6...7...8...9...10	Bounce #3 added RGB(2227, 2016, 1409)
0...1...2...3...4...5...6...7...8...9...10	Bounce #4 added RGB(1058, 948, 619)
0...1...2...3...4...5...6...7...8...9...10	Bounce #5 added RGB(516, 458, 281)
0...1...2...3...4...5...6...7...8...9...10	Bounce #6 added RGB(262, 231, 133)
0...1...2...3...4...5...6...7...8...9...10	Bounce #7 added RGB(136, 119, 65)
0...1...2...3...4...5...6...7...8...9...10	Bounce #8 added RGB(72, 63, 32)
0...1...2...3...4...5...6...7...8...9...10	Bounce #9 added RGB(39, 34, 16)
0...1...2...3...4...5...6...7...8...9...10	Bounce #10 added RGB(22, 19, 8)
0...1...2...3...4...5...6...7...8...9...10	Bounce #11 added RGB(12, 10, 4)
0...1...2...3...4...5...6...7...8...9...10	Bounce #12 added RGB(7, 6, 2)
0...1...2...3...4...5...6...7...8...9...10	Bounce #13 added RGB(4, 3, 1)
0...1...2...3...4...5...6...7...8...9...10	Bounce #14 added RGB(2, 2, 1)
0...1...2...3...4...5...6...7...8...9...10	Bounce #15 added RGB(1, 1, 0)
0...1...2...3...4...5...6...7...8...9...10	Bounce #16 added RGB(1, 1, 0)
Build Patch/Sample Hash Table(s).....Done<0.0072 sec>
0...1...2...3...4...5...6...7...8...9...10FinalLightFace Done
8 of 8 (100% of) surface lights went in leaf ambient cubes.
0...1...2...3...4...5...6...7...8...9...10Writing leaf ambient...done
Computing static prop lighting : 00...1...2...3...4...5...6...7...8...9...10
Ready to Finish

Object names       Objects/Maxobjs  Memory / Maxmem  Fullness 
------------       ---------------  ---------------  -------- 
models                  96/1024         4608/49152    ( 9.4%) 
brushes               1959/8192        23508/98304    (23.9%) 
brushsides           19219/65536      153752/524288   (29.3%) 
planes               16798/65536      335960/1310720  (25.6%) 
vertexes              8803/65536      105636/786432   (13.4%) 
nodes                 3102/65536       99264/2097152  ( 4.7%) 
texinfos              1090/12288       78480/884736   ( 8.9%) 
texdata                 73/2048         2336/65536    ( 3.6%) 
dispinfos                2/0             352/0        ( 0.0%) 
disp_verts             162/0            3240/0        ( 0.0%) 
disp_tris              256/0             512/0        ( 0.0%) 
disp_multiblend          0/0               0/0        ( 0.0%) 
disp_lmsamples        3248/0            3248/0        ( 0.0%) 
faces                 4093/65536      229208/3670016  ( 6.2%) 
hdr faces                0/65536           0/3670016  ( 0.0%) 
origfaces             2838/65536      158928/3670016  ( 4.3%) 
facebrushes            337/0             674/0        ( 0.0%) 
facebrushlists        4093/0           16372/0        ( 0.0%) 
leaves                3199/65536      102368/2097152  ( 4.9%) 
leaffaces             5813/65536       11626/131072   ( 8.9%) 
leafbrushes           5817/65536       11634/131072   ( 8.9%) 
areas                   12/256            96/2048     ( 4.7%) 
surfedges            30414/512000     121656/2048000  ( 5.9%) 
edges                19220/256000      76880/1024000  ( 7.5%) 
LDR worldlights         45/8192         4500/819200   ( 0.5%) 
HDR worldlights          0/8192            0/819200   ( 0.0%) 
leafwaterdata            0/32768           0/393216   ( 0.0%) 
waterstrips            574/32768        5740/327680   ( 1.8%) 
waterverts               0/65536           0/786432   ( 0.0%) 
waterindices         10002/65536       20004/131072   (15.3%) 
cubemapsamples          16/1024          256/16384    ( 1.6%) 
overlays                51/512         17952/180224   (10.0%) 
LDR lightdata         [variable]     2232028/0        ( 0.0%) 
HDR lightdata         [variable]           0/0        ( 0.0%) 
visdata               [variable]      523864/16777216 ( 3.1%) 
entdata               [variable]      153162/393216   (39.0%) 
LDR ambient table     3199/65536       12796/262144   ( 4.9%) 
HDR ambient table     3199/65536       12796/262144   ( 4.9%) 
LDR leaf ambient      6044/65536      169232/1835008  ( 9.2%) 
HDR leaf ambient      3199/65536       89572/1835008  ( 4.9%) 
occluders                0/0               0/0        ( 0.0%) 
occluder polygons        0/0               0/0        ( 0.0%) 
occluder vert ind        0/0               0/0        ( 0.0%) 
detail props          [variable]           1/12       ( 8.3%) 
static props          [variable]           1/50008    ( 0.0%) 
pakfile               [variable]     5092509/0        ( 0.0%) 
physics               [variable]      720885/4194304  (17.2%) 
physics terrain       [variable]         612/1048576  ( 0.1%) 

Level flags = 1

Total triangle count: 11003
Writing d:\steamlibrary\steamapps\common\portal 2\portal2_dlc3\maps\sp_a1_intro4.bsp
1 minute, 1 second elapsed



[Reading texlights from 'lights.rad']
[59 texlights parsed from 'lights.rad']

Loading d:\steamlibrary\steamapps\common\portal 2\portal2_dlc3\maps\sp_a1_intro4.bsp
Loaded alpha texture materials\models\props_foliage\leaves_dead.vtf
Loaded alpha texture materials\Tools\toolsinvisible.vtf
Loaded alpha texture materials\Metal\backstage_grate_001a.vtf
Loaded alpha texture materials\Metal\metalgrate018.vtf
Loaded alpha texture materials\Metal\metalgrate018b.vtf
4093 faces
394866 square feet [56860732.00 square inches]
2 Displacements
1170 Square Feet [168525.13 Square Inches]
4093 patches before subdivision
35505 patches after subdivision
45 direct lights
0...1...2...3...4...5...6...7...8...9...100...1...2...3...4...5...6...7...8...9...10transfers 2218009, max 450
transfer lists:  16.9 megs
0...1...2...3...4...5...6...7...8...9...10	Bounce #1 added RGB(13547, 12624, 10093)
0...1...2...3...4...5...6...7...8...9...10	Bounce #2 added RGB(5315, 4878, 3639)
0...1...2...3...4...5...6...7...8...9...10	Bounce #3 added RGB(2227, 2016, 1409)
0...1...2...3...4...5...6...7...8...9...10	Bounce #4 added RGB(1058, 948, 619)
0...1...2...3...4...5...6...7...8...9...10	Bounce #5 added RGB(516, 458, 281)
0...1...2...3...4...5...6...7...8...9...10	Bounce #6 added RGB(262, 231, 133)
0...1...2...3...4...5...6...7...8...9...10	Bounce #7 added RGB(136, 119, 65)
0...1...2...3...4...5...6...7...8...9...10	Bounce #8 added RGB(72, 63, 32)
0...1...2...3...4...5...6...7...8...9...10	Bounce #9 added RGB(39, 34, 16)
0...1...2...3...4...5...6...7...8...9...10	Bounce #10 added RGB(22, 19, 8)
0...1...2...3...4...5...6...7...8...9...10	Bounce #11 added RGB(12, 10, 4)
0...1...2...3...4...5...6...7...8...9...10	Bounce #12 added RGB(7, 6, 2)
0...1...2...3...4...5...6...7...8...9...10	Bounce #13 added RGB(4, 3, 1)
0...1...2...3...4...5...6...7...8...9...10	Bounce #14 added RGB(2, 2, 1)
0...1...2...3...4...5...6...7...8...9...10	Bounce #15 added RGB(1, 1, 0)
0...1...2...3...4...5...6...7...8...9...10	Bounce #16 added RGB(1, 1, 0)
Build Patch/Sample Hash Table(s).....Done<0.0077 sec>
0...1...2...3...4...5...6...7...8...9...10FinalLightFace Done
8 of 8 (100% of) surface lights went in leaf ambient cubes.
0...1...2...3...4...5...6...7...8...9...10Writing leaf ambient...done
Computing static prop lighting : 00...1...2...3...4...5...6...7...8...9...10
Ready to Finish

Object names       Objects/Maxobjs  Memory / Maxmem  Fullness 
------------       ---------------  ---------------  -------- 
models                  96/1024         4608/49152    ( 9.4%) 
brushes               1959/8192        23508/98304    (23.9%) 
brushsides           19219/65536      153752/524288   (29.3%) 
planes               16798/65536      335960/1310720  (25.6%) 
vertexes              8803/65536      105636/786432   (13.4%) 
nodes                 3102/65536       99264/2097152  ( 4.7%) 
texinfos              1090/12288       78480/884736   ( 8.9%) 
texdata                 73/2048         2336/65536    ( 3.6%) 
dispinfos                2/0             352/0        ( 0.0%) 
disp_verts             162/0            3240/0        ( 0.0%) 
disp_tris              256/0             512/0        ( 0.0%) 
disp_multiblend          0/0               0/0        ( 0.0%) 
disp_lmsamples        3248/0            3248/0        ( 0.0%) 
faces                 4093/65536      229208/3670016  ( 6.2%) 
hdr faces             4093/65536      229208/3670016  ( 6.2%) 
origfaces             2838/65536      158928/3670016  ( 4.3%) 
facebrushes            337/0             674/0        ( 0.0%) 
facebrushlists        4093/0           16372/0        ( 0.0%) 
leaves                3199/65536      102368/2097152  ( 4.9%) 
leaffaces             5813/65536       11626/131072   ( 8.9%) 
leafbrushes           5817/65536       11634/131072   ( 8.9%) 
areas                   12/256            96/2048     ( 4.7%) 
surfedges            30414/512000     121656/2048000  ( 5.9%) 
edges                19220/256000      76880/1024000  ( 7.5%) 
LDR worldlights         45/8192         4500/819200   ( 0.5%) 
HDR worldlights         45/8192         4500/819200   ( 0.5%) 
leafwaterdata            0/32768           0/393216   ( 0.0%) 
waterstrips            574/32768        5740/327680   ( 1.8%) 
waterverts               0/65536           0/786432   ( 0.0%) 
waterindices         10002/65536       20004/131072   (15.3%) 
cubemapsamples          16/1024          256/16384    ( 1.6%) 
overlays                51/512         17952/180224   (10.0%) 
LDR lightdata         [variable]     2232028/0        ( 0.0%) 
HDR lightdata         [variable]     2232028/0        ( 0.0%) 
visdata               [variable]      523864/16777216 ( 3.1%) 
entdata               [variable]      153162/393216   (39.0%) 
LDR ambient table     3199/65536       12796/262144   ( 4.9%) 
HDR ambient table     3199/65536       12796/262144   ( 4.9%) 
LDR leaf ambient      6044/65536      169232/1835008  ( 9.2%) 
HDR leaf ambient      6044/65536      169232/1835008  ( 9.2%) 
occluders                0/0               0/0        ( 0.0%) 
occluder polygons        0/0               0/0        ( 0.0%) 
occluder vert ind        0/0               0/0        ( 0.0%) 
detail props          [variable]           1/12       ( 8.3%) 
static props          [variable]           1/50008    ( 0.0%) 
pakfile               [variable]     8919569/0        ( 0.0%) 
physics               [variable]      720885/4194304  (17.2%) 
physics terrain       [variable]         612/1048576  ( 0.1%) 

Level flags = 3

Total triangle count: 11003
Writing d:\steamlibrary\steamapps\common\portal 2\portal2_dlc3\maps\sp_a1_intro4.bsp
1 minute, 2 seconds elapsed
