


materialPath: D:\SteamLibrary\steamapps\common\Portal 2\portal2\materials
Loading d:\steamlibrary\steamapps\common\portal 2\portal2_dlc3\maps\sp_a2_pull_the_rug.vmf
ConVarRef gpu_level doesn't point to an existing ConVar
fixing up env_cubemap materials on brush sides...
0...1...2...3...4...5...6...7...8...9...100...1...2...3...4...5...6...7...8...9...10Processing areas...done (0)
Building Faces...done (0)
Chop Details...done (0)
Find Visible Detail Sides...
Merged 728 detail faces...done (0)
Merging details...done (0)
FixTjuncs...
PruneNodes...
WriteBSP...
done (0)
writing d:\steamlibrary\steamapps\common\portal 2\portal2_dlc3\maps\sp_a2_pull_the_rug.prt...Building visibility clusters...
done (0)
Finding displacement neighbors...
Finding lightmap sample positions...
Displacement Alpha : 0...1...2...3...4...5...6...7...8...9...10
Building Physics collision data...
done (0) (608522 bytes)
Encountered obsolete static prop option to do its fade in screen space @ 128.00 432.00 256.00
Encountered obsolete static prop option to do its fade in screen space @ 128.00 432.00 128.00
Encountered obsolete static prop option to do its fade in screen space @ 128.00 560.00 256.00
Encountered obsolete static prop option to do its fade in screen space @ 128.00 560.00 128.00
Encountered obsolete static prop option to do its fade in screen space @ -192.00 -816.00 0.00
Encountered obsolete static prop option to do its fade in screen space @ -192.00 -816.00 -128.00
Encountered obsolete static prop option to do its fade in screen space @ -176.00 -960.00 -64.00
Encountered obsolete static prop option to do its fade in screen space @ 128.00 400.00 256.00
Encountered obsolete static prop option to do its fade in screen space @ 128.00 400.00 128.00
Encountered obsolete static prop option to do its fade in screen space @ 128.00 432.00 0.00
Encountered obsolete static prop option to do its fade in screen space @ 128.00 432.00 -128.00
Encountered obsolete static prop option to do its fade in screen space @ -320.00 -624.00 -64.00
Encountered obsolete static prop option to do its fade in screen space @ -320.00 -624.00 64.00
Encountered obsolete static prop option to do its fade in screen space @ -128.00 -1136.00 -64.00
Encountered obsolete static prop option to do its fade in screen space @ -144.00 -960.00 -64.00
Encountered obsolete static prop option to do its fade in screen space @ 192.00 -624.00 -192.00
Encountered obsolete static prop option to do its fade in screen space @ 128.00 592.00 256.00
Encountered obsolete static prop option to do its fade in screen space @ 128.00 592.00 128.00
Encountered obsolete static prop option to do its fade in screen space @ -128.00 -1168.00 -64.00
Encountered obsolete static prop option to do its fade in screen space @ -128.00 -784.00 64.00
Encountered obsolete static prop option to do its fade in screen space @ -16.00 -960.00 -64.00
Encountered obsolete static prop option to do its fade in screen space @ -256.00 -624.00 128.00
Encountered obsolete static prop option to do its fade in screen space @ 64.00 624.00 320.00
Encountered obsolete static prop option to do its fade in screen space @ 64.00 592.00 320.00
Encountered obsolete static prop option to do its fade in screen space @ -192.00 -784.00 0.00
Encountered obsolete static prop option to do its fade in screen space @ -192.00 -784.00 -128.00
Encountered obsolete static prop option to do its fade in screen space @ -256.00 -592.00 128.00
Encountered obsolete static prop option to do its fade in screen space @ 0.00 -816.00 64.00
Encountered obsolete static prop option to do its fade in screen space @ -128.00 -816.00 64.00
Encountered obsolete static prop option to do its fade in screen space @ -336.00 -1184.00 0.00
Encountered obsolete static prop option to do its fade in screen space @ -304.00 -1184.00 0.00
Encountered obsolete static prop option to do its fade in screen space @ 64.00 784.00 256.00
Encountered obsolete static prop option to do its fade in screen space @ 64.00 752.00 256.00
Placing detail props : 0...1...2...3...4...5...6...7...8...9...10
Compacting texture/material tables...
Reduced 2477 texinfos to 1360
Reduced 101 texdatas to 95 (3495 bytes to 3345)
Writing d:\steamlibrary\steamapps\common\portal 2\portal2_dlc3\maps\sp_a2_pull_the_rug.bsp

nummapplanes:     (  9910 / 65536 )
nummapbrushes:    (  1582 /  8192 )
nummapbrushsides: ( 13841 / 65536 )
num_map_overlays: (    46 /   512 )
nummodels:        (   141 /  1024 )
num_entities:     (   672 / 16384 )

2 seconds elapsed



12 threads
reading d:\steamlibrary\steamapps\common\portal 2\portal2_dlc3\maps\sp_a2_pull_the_rug.bsp
reading d:\steamlibrary\steamapps\common\portal 2\portal2_dlc3\maps\sp_a2_pull_the_rug.prt
 341 portalclusters
1001 numportals
0...1...2...3...4...5...6...7...8...9...100...1...2...3...4...5...6...7...8...9...10Optimized: 754 visible clusters (0.00%)
Total clusters visible: 38450
Average clusters visible: 112
Building PAS...
Average clusters audible: 273
visdatasize:27756  compressed from 32736
writing d:\steamlibrary\steamapps\common\portal 2\portal2_dlc3\maps\sp_a2_pull_the_rug.bsp
1 second elapsed



[Reading texlights from 'lights.rad']
[59 texlights parsed from 'lights.rad']

Loading d:\steamlibrary\steamapps\common\portal 2\portal2_dlc3\maps\sp_a2_pull_the_rug.bsp
Loaded alpha texture materials\Metal\backstage_grate_001a.vtf
Loaded alpha texture materials\Tools\toolsinvisible.vtf
Loaded alpha texture materials\Metal\metalgrate018b.vtf
Loaded alpha texture materials\Metal\metalgrate018.vtf
Loaded alpha texture materials\metal\underground_metalgrate001a_mip0.vtf
3296 faces
417525 square feet [60123632.00 square inches]
0 Displacements
0 Square Feet [0.00 Square Inches]
3296 patches before subdivision
zero area child patch
zero area child patch
25468 patches after subdivision
131 direct lights
0...1...2...3...4...5...6...7...8...9...100...1...2...3...4...5...6...7...8...9...10transfers 1756050, max 436
transfer lists:  13.4 megs
0...1...2...3...4...5...6...7...8...9...10	Bounce #1 added RGB(15101, 13673, 12551)
0...1...2...3...4...5...6...7...8...9...10	Bounce #2 added RGB(5679, 5044, 4559)
0...1...2...3...4...5...6...7...8...9...10	Bounce #3 added RGB(2428, 2109, 1852)
0...1...2...3...4...5...6...7...8...9...10	Bounce #4 added RGB(1100, 940, 804)
0...1...2...3...4...5...6...7...8...9...10	Bounce #5 added RGB(515, 433, 361)
0...1...2...3...4...5...6...7...8...9...10	Bounce #6 added RGB(246, 203, 166)
0...1...2...3...4...5...6...7...8...9...10	Bounce #7 added RGB(119, 97, 77)
0...1...2...3...4...5...6...7...8...9...10	Bounce #8 added RGB(58, 47, 37)
0...1...2...3...4...5...6...7...8...9...10	Bounce #9 added RGB(29, 23, 18)
0...1...2...3...4...5...6...7...8...9...10	Bounce #10 added RGB(14, 11, 8)
0...1...2...3...4...5...6...7...8...9...10	Bounce #11 added RGB(7, 6, 4)
0...1...2...3...4...5...6...7...8...9...10	Bounce #12 added RGB(4, 3, 2)
0...1...2...3...4...5...6...7...8...9...10	Bounce #13 added RGB(2, 1, 1)
0...1...2...3...4...5...6...7...8...9...10	Bounce #14 added RGB(1, 1, 0)
Build Patch/Sample Hash Table(s).....Done<0.0060 sec>
0...1...2...3...4...5...6...7...8...9...10FinalLightFace Done
81 of 81 (100% of) surface lights went in leaf ambient cubes.
0...1...2...3...4...5...6...7...8...9...10Writing leaf ambient...done
Computing static prop lighting : 00...1...2...3...4...5...6...7...8...9...10
Ready to Finish

Object names       Objects/Maxobjs  Memory / Maxmem  Fullness 
------------       ---------------  ---------------  -------- 
models                 141/1024         6768/49152    (13.8%) 
brushes               1582/8192        18984/98304    (19.3%) 
brushsides           13916/65536      111328/524288   (21.2%) 
planes                9910/65536      198200/1310720  (15.1%) 
vertexes              6714/65536       80568/786432   (10.2%) 
nodes                 1992/65536       63744/2097152  ( 3.0%) 
texinfos              1360/12288       97920/884736   (11.1%) 
texdata                 95/2048         3040/65536    ( 4.6%) 
dispinfos                0/0               0/0        ( 0.0%) 
disp_verts               0/0               0/0        ( 0.0%) 
disp_tris                0/0               0/0        ( 0.0%) 
disp_multiblend          0/0               0/0        ( 0.0%) 
disp_lmsamples           0/0               0/0        ( 0.0%) 
faces                 3296/65536      184576/3670016  ( 5.0%) 
hdr faces                0/65536           0/3670016  ( 0.0%) 
origfaces             2741/65536      153496/3670016  ( 4.2%) 
facebrushes            178/0             356/0        ( 0.0%) 
facebrushlists        3296/0           13184/0        ( 0.0%) 
leaves                2134/65536       68288/2097152  ( 3.3%) 
leaffaces             4902/65536        9804/131072   ( 7.5%) 
leafbrushes           3082/65536        6164/131072   ( 4.7%) 
areas                   13/256           104/2048     ( 5.1%) 
surfedges            26724/512000     106896/2048000  ( 5.2%) 
edges                16189/256000      64756/1024000  ( 6.3%) 
LDR worldlights        131/8192        13100/819200   ( 1.6%) 
HDR worldlights          0/8192            0/819200   ( 0.0%) 
leafwaterdata            0/32768           0/393216   ( 0.0%) 
waterstrips            499/32768        4990/327680   ( 1.5%) 
waterverts               0/65536           0/786432   ( 0.0%) 
waterindices          7908/65536       15816/131072   (12.1%) 
cubemapsamples          15/1024          240/16384    ( 1.5%) 
overlays                46/512         16192/180224   ( 9.0%) 
LDR lightdata         [variable]     1509676/0        ( 0.0%) 
HDR lightdata         [variable]           0/0        ( 0.0%) 
visdata               [variable]       27756/16777216 ( 0.2%) 
entdata               [variable]      241564/393216   (61.4%) 
LDR ambient table     2134/65536        8536/262144   ( 3.3%) 
HDR ambient table     2134/65536        8536/262144   ( 3.3%) 
LDR leaf ambient      5752/65536      161056/1835008  ( 8.8%) 
HDR leaf ambient      2134/65536       59752/1835008  ( 3.3%) 
occluders                0/0               0/0        ( 0.0%) 
occluder polygons        0/0               0/0        ( 0.0%) 
occluder vert ind        0/0               0/0        ( 0.0%) 
detail props          [variable]           1/12       ( 8.3%) 
static props          [variable]           1/29770    ( 0.0%) 
pakfile               [variable]     3097477/0        ( 0.0%) 
physics               [variable]      608522/4194304  (14.5%) 
physics terrain       [variable]           2/1048576  ( 0.0%) 

Level flags = 1

Total triangle count: 9061
Writing d:\steamlibrary\steamapps\common\portal 2\portal2_dlc3\maps\sp_a2_pull_the_rug.bsp
32 seconds elapsed



[Reading texlights from 'lights.rad']
[59 texlights parsed from 'lights.rad']

Loading d:\steamlibrary\steamapps\common\portal 2\portal2_dlc3\maps\sp_a2_pull_the_rug.bsp
Loaded alpha texture materials\Metal\backstage_grate_001a.vtf
Loaded alpha texture materials\Tools\toolsinvisible.vtf
Loaded alpha texture materials\Metal\metalgrate018b.vtf
Loaded alpha texture materials\Metal\metalgrate018.vtf
Loaded alpha texture materials\metal\underground_metalgrate001a_mip0.vtf
3296 faces
417525 square feet [60123632.00 square inches]
0 Displacements
0 Square Feet [0.00 Square Inches]
3296 patches before subdivision
zero area child patch
zero area child patch
25468 patches after subdivision
131 direct lights
0...1...2...3...4...5...6...7...8...9...100...1...2...3...4...5...6...7...8...9...10transfers 1756050, max 436
transfer lists:  13.4 megs
0...1...2...3...4...5...6...7...8...9...10	Bounce #1 added RGB(15101, 13673, 12551)
0...1...2...3...4...5...6...7...8...9...10	Bounce #2 added RGB(5679, 5044, 4559)
0...1...2...3...4...5...6...7...8...9...10	Bounce #3 added RGB(2428, 2109, 1852)
0...1...2...3...4...5...6...7...8...9...10	Bounce #4 added RGB(1100, 940, 804)
0...1...2...3...4...5...6...7...8...9...10	Bounce #5 added RGB(515, 433, 361)
0...1...2...3...4...5...6...7...8...9...10	Bounce #6 added RGB(246, 203, 166)
0...1...2...3...4...5...6...7...8...9...10	Bounce #7 added RGB(119, 97, 77)
0...1...2...3...4...5...6...7...8...9...10	Bounce #8 added RGB(58, 47, 37)
0...1...2...3...4...5...6...7...8...9...10	Bounce #9 added RGB(29, 23, 18)
0...1...2...3...4...5...6...7...8...9...10	Bounce #10 added RGB(14, 11, 8)
0...1...2...3...4...5...6...7...8...9...10	Bounce #11 added RGB(7, 6, 4)
0...1...2...3...4...5...6...7...8...9...10	Bounce #12 added RGB(4, 3, 2)
0...1...2...3...4...5...6...7...8...9...10	Bounce #13 added RGB(2, 1, 1)
0...1...2...3...4...5...6...7...8...9...10	Bounce #14 added RGB(1, 1, 0)
Build Patch/Sample Hash Table(s).....Done<0.0054 sec>
0...1...2...3...4...5...6...7...8...9...10FinalLightFace Done
81 of 81 (100% of) surface lights went in leaf ambient cubes.
0...1...2...3...4...5...6...7...8...9...10Writing leaf ambient...done
Computing static prop lighting : 00...1...2...3...4...5...6...7...8...9...10
Ready to Finish

Object names       Objects/Maxobjs  Memory / Maxmem  Fullness 
------------       ---------------  ---------------  -------- 
models                 141/1024         6768/49152    (13.8%) 
brushes               1582/8192        18984/98304    (19.3%) 
brushsides           13916/65536      111328/524288   (21.2%) 
planes                9910/65536      198200/1310720  (15.1%) 
vertexes              6714/65536       80568/786432   (10.2%) 
nodes                 1992/65536       63744/2097152  ( 3.0%) 
texinfos              1360/12288       97920/884736   (11.1%) 
texdata                 95/2048         3040/65536    ( 4.6%) 
dispinfos                0/0               0/0        ( 0.0%) 
disp_verts               0/0               0/0        ( 0.0%) 
disp_tris                0/0               0/0        ( 0.0%) 
disp_multiblend          0/0               0/0        ( 0.0%) 
disp_lmsamples           0/0               0/0        ( 0.0%) 
faces                 3296/65536      184576/3670016  ( 5.0%) 
hdr faces             3296/65536      184576/3670016  ( 5.0%) 
origfaces             2741/65536      153496/3670016  ( 4.2%) 
facebrushes            178/0             356/0        ( 0.0%) 
facebrushlists        3296/0           13184/0        ( 0.0%) 
leaves                2134/65536       68288/2097152  ( 3.3%) 
leaffaces             4902/65536        9804/131072   ( 7.5%) 
leafbrushes           3082/65536        6164/131072   ( 4.7%) 
areas                   13/256           104/2048     ( 5.1%) 
surfedges            26724/512000     106896/2048000  ( 5.2%) 
edges                16189/256000      64756/1024000  ( 6.3%) 
LDR worldlights        131/8192        13100/819200   ( 1.6%) 
HDR worldlights        131/8192        13100/819200   ( 1.6%) 
leafwaterdata            0/32768           0/393216   ( 0.0%) 
waterstrips            499/32768        4990/327680   ( 1.5%) 
waterverts               0/65536           0/786432   ( 0.0%) 
waterindices          7908/65536       15816/131072   (12.1%) 
cubemapsamples          15/1024          240/16384    ( 1.5%) 
overlays                46/512         16192/180224   ( 9.0%) 
LDR lightdata         [variable]     1509676/0        ( 0.0%) 
HDR lightdata         [variable]     1509676/0        ( 0.0%) 
visdata               [variable]       27756/16777216 ( 0.2%) 
entdata               [variable]      241564/393216   (61.4%) 
LDR ambient table     2134/65536        8536/262144   ( 3.3%) 
HDR ambient table     2134/65536        8536/262144   ( 3.3%) 
LDR leaf ambient      5752/65536      161056/1835008  ( 8.8%) 
HDR leaf ambient      5752/65536      161056/1835008  ( 8.8%) 
occluders                0/0               0/0        ( 0.0%) 
occluder polygons        0/0               0/0        ( 0.0%) 
occluder vert ind        0/0               0/0        ( 0.0%) 
detail props          [variable]           1/12       ( 8.3%) 
static props          [variable]           1/29770    ( 0.0%) 
pakfile               [variable]     5000025/0        ( 0.0%) 
physics               [variable]      608522/4194304  (14.5%) 
physics terrain       [variable]           2/1048576  ( 0.0%) 

Level flags = 3

Total triangle count: 9061
Writing d:\steamlibrary\steamapps\common\portal 2\portal2_dlc3\maps\sp_a2_pull_the_rug.bsp
32 seconds elapsed
