PRT1
471
1213
4 0 6 (320 4096 -1792 ) (0 4096 -1792 ) (0 4096 -4096 ) (320 4096 -4096 ) 
4 0 1 (0 4096 -4096 ) (0 4096 -1792 ) (0 5120 -1792 ) (0 5120 -4096 ) 
4 1 7 (0 4096 -4096 ) (0 4096 -1792 ) (-768 4096 -1792 ) (-768 4096 -4096 ) 
4 1 2 (-768 5120 -1792 ) (-768 5120 -4096 ) (-768 4096 -4096 ) (-768 4096 -1792 ) 
4 2 258 (-1024 4096 -4096 ) (-1024 4096 1440 ) (-1024 5120 1440 ) (-1024 5120 -4096 ) 
4 2 8 (-1024 4096 1440 ) (-1024 4096 -4096 ) (-768 4096 -4096 ) (-768 4096 1440 ) 
4 3 4 (3456 2048 112 ) (3456 2048 240 ) (3200 2048 240 ) (3200 2048 112 ) 
4 6 9 (320 3072 -1792 ) (0 3072 -1792 ) (0 3072 -4096 ) (320 3072 -4096 ) 
4 6 7 (0 3072 -4096 ) (0 3072 -1792 ) (0 4096 -1792 ) (0 4096 -4096 ) 
4 7 10 (0 3072 -4096 ) (0 3072 -1792 ) (-768 3072 -1792 ) (-768 3072 -4096 ) 
4 7 8 (-768 4096 -1792 ) (-768 4096 -4096 ) (-768 3072 -4096 ) (-768 3072 -1792 ) 
4 8 261 (-1024 3072 -4096 ) (-1024 3072 1440 ) (-1024 4096 1440 ) (-1024 4096 -4096 ) 
4 8 11 (-1024 3072 1440 ) (-1024 3072 -4096 ) (-768 3072 -4096 ) (-768 3072 1440 ) 
4 9 65 (320 2048 -1792 ) (0 2048 -1792 ) (0 2048 -4096 ) (320 2048 -4096 ) 
4 9 10 (0 3072 -1792 ) (0 3072 -4096 ) (0 2048 -4096 ) (0 2048 -1792 ) 
4 10 114 (-672 2048 -1792 ) (-768 2048 -1792 ) (-768 2048 -4096 ) (-672 2048 -4096 ) 
4 10 72 (0 2048 -4096 ) (0 2048 -1792 ) (-672 2048 -1792 ) (-672 2048 -4096 ) 
4 10 11 (-768 2048 -4096 ) (-768 2048 -1792 ) (-768 3072 -1792 ) (-768 3072 -4096 ) 
4 11 264 (-1024 2048 -4096 ) (-1024 2048 1440 ) (-1024 3072 1440 ) (-1024 3072 -4096 ) 
4 11 115 (-1024 2048 -216 ) (-1024 2048 -4096 ) (-768 2048 -4096 ) (-768 2048 -216 ) 
4 11 113 (-1024 2048 -208 ) (-1024 2048 -216 ) (-776 2048 -216 ) (-776 2048 -208 ) 
4 11 112 (-1024 2048 -192 ) (-1024 2048 -208 ) (-776 2048 -208 ) (-776 2048 -192 ) 
4 11 109 (-1024 2048 -64 ) (-1024 2048 -192 ) (-776 2048 -192 ) (-776 2048 -64 ) 
4 11 100 (-1024 2048 -56 ) (-1024 2048 -64 ) (-776 2048 -64 ) (-776 2048 -56 ) 
4 11 99 (-1024 2048 1440 ) (-1024 2048 -56 ) (-768 2048 -56 ) (-768 2048 1440 ) 
4 12 14 (544 1280 320 ) (544 1280 448 ) (544 1536 448 ) (544 1536 320 ) 
4 13 34 (640 1280 -149 ) (640 1280 -192 ) (672 1280 -192 ) (672 1280 -149 ) 
4 13 21 (640 1280 -109 ) (640 1280 -149 ) (672 1280 -149 ) (672 1280 -109 ) 
4 13 18 (672 1280 -64 ) (640 1280 -64 ) (640 1280 -109 ) (672 1280 -109 ) 
4 14 45 (512 1280 320 ) (512 1280 448 ) (512 1536 448 ) (512 1536 320 ) 
4 15 45 (512 1280 608 ) (512 1280 576 ) (512 1152 576 ) (512 1152 608 ) 
4 15 41 (512 1280 704 ) (512 1280 608 ) (512 1152 608 ) (512 1152 704 ) 
4 16 45 (512 1152 576 ) (512 1152 320 ) (512 1088 320 ) (512 1088 576 ) 
4 18 150 (672 1024 -64 ) (640 1024 -64 ) (640 1024 -109 ) (672 1024 -109 ) 
4 18 21 (517 1280 -109 ) (672 1280 -109 ) (672 1024 -109 ) (517 1024 -109 ) 
4 18 19 (517 1280 -109 ) (517 1024 -109 ) (517 1024 -64 ) (517 1280 -64 ) 
4 19 30 (517 1068 -109 ) (517 1024 -109 ) (515 1024 -109 ) (515 1068 -109 ) 
4 19 26 (517 1080 -109 ) (517 1068 -109 ) (515 1068 -109 ) (515 1080 -109 ) 
4 19 25 (517 1096 -109 ) (517 1080 -109 ) (515 1080 -109 ) (515 1096 -109 ) 
4 19 29 (517 1108 -109 ) (517 1096 -109 ) (515 1096 -109 ) (515 1108 -109 ) 
4 19 22 (515 1280 -109 ) (517 1280 -109 ) (517 1108 -109 ) (515 1108 -109 ) 
4 19 20 (515 1280 -109 ) (515 1024 -109 ) (515 1024 -64 ) (515 1280 -64 ) 
4 20 64 (512 1024 -109 ) (512 1024 -64 ) (512 1056 -64 ) (512 1056 -109 ) 
4 20 46 (512 1056 -64 ) (512 1280 -64 ) (512 1280 -109 ) (512 1056 -109 ) 
4 20 33 (512 1024 -109 ) (512 1280 -109 ) (515 1280 -109 ) (515 1024 -109 ) 
4 21 150 (640 1024 -149 ) (672 1024 -149 ) (672 1024 -109 ) (640 1024 -109 ) 
4 21 34 (517 1280 -149 ) (672 1280 -149 ) (672 1024 -149 ) (517 1024 -149 ) 
4 21 31 (517 1024 -137 ) (517 1024 -121 ) (517 1068 -121 ) (517 1068 -137 ) 
4 21 30 (517 1024 -121 ) (517 1024 -109 ) (517 1068 -109 ) (517 1068 -121 ) 
4 21 32 (517 1068 -149 ) (517 1024 -149 ) (517 1024 -137 ) (517 1068 -137 ) 
3 21 26 (517 1068 -121 ) (517 1068 -109 ) (517 1080 -109 ) 
8 21 25 (517 1096 -149 ) (517 1080 -149 ) (517 1068 -137 ) (517 1068 -121 ) (517 1080 -109 ) (517 1096 -109 ) (517 1108 -121 ) (517 1108 -137 ) 
3 21 27 (517 1108 -149 ) (517 1096 -149 ) (517 1108 -137 ) 
3 21 28 (517 1080 -149 ) (517 1068 -149 ) (517 1068 -137 ) 
3 21 29 (517 1096 -109 ) (517 1108 -109 ) (517 1108 -121 ) 
4 21 23 (517 1108 -137 ) (517 1108 -121 ) (517 1280 -121 ) (517 1280 -137 ) 
4 21 22 (517 1108 -121 ) (517 1108 -109 ) (517 1280 -109 ) (517 1280 -121 ) 
4 21 24 (517 1280 -149 ) (517 1108 -149 ) (517 1108 -137 ) (517 1280 -137 ) 
4 22 29 (515 1108 -109 ) (515 1108 -121 ) (517 1108 -121 ) (517 1108 -109 ) 
4 22 33 (515 1108 -121 ) (515 1108 -109 ) (515 1280 -109 ) (515 1280 -121 ) 
4 22 23 (517 1108 -121 ) (515 1108 -121 ) (515 1280 -121 ) (517 1280 -121 ) 
4 23 25 (515 1108 -121 ) (515 1108 -137 ) (517 1108 -137 ) (517 1108 -121 ) 
4 23 24 (517 1108 -137 ) (515 1108 -137 ) (515 1280 -137 ) (517 1280 -137 ) 
4 23 33 (515 1108 -137 ) (515 1108 -121 ) (515 1280 -121 ) (515 1280 -137 ) 
4 24 35 (515 1280 -149 ) (517 1280 -149 ) (517 1108 -149 ) (515 1108 -149 ) 
4 24 27 (515 1108 -137 ) (515 1108 -149 ) (517 1108 -149 ) (517 1108 -137 ) 
4 24 33 (515 1280 -149 ) (515 1108 -149 ) (515 1108 -137 ) (515 1280 -137 ) 
4 25 35 (517 1096 -149 ) (517 1080 -149 ) (515 1080 -149 ) (515 1096 -149 ) 
4 25 31 (515 1068 -121 ) (515 1068 -137 ) (517 1068 -137 ) (517 1068 -121 ) 
4 25 27 (515 1096 -149 ) (515 1108 -137 ) (517 1108 -137 ) (517 1096 -149 ) 
4 25 29 (517 1108 -121.001961 ) (515 1108 -121.001961 ) (515 1095.998047 -109 ) (517 1095.998047 -109 ) 
8 25 33 (515 1096 -149 ) (515 1080 -149 ) (515 1068 -137 ) (515 1068 -121 ) (515 1080 -109 ) (515 1096 -109 ) (515 1108 -121 ) (515 1108 -137 ) 
4 25 28 (517 1080 -149 ) (517 1068 -137 ) (515 1068 -137 ) (515 1080 -149 ) 
4 25 26 (515 1068 -121 ) (517 1068 -121 ) (517 1080 -109 ) (515 1080 -109 ) 
4 26 30 (515 1068 -109 ) (515 1068 -121 ) (517 1068 -121 ) (517 1068 -109 ) 
3 26 33 (515 1068 -121 ) (515 1068 -109 ) (515 1080 -109 ) 
4 27 35 (517 1108 -149 ) (517 1096 -149 ) (515 1096 -149 ) (515 1108 -149 ) 
3 27 33 (515 1108 -149 ) (515 1096 -149 ) (515 1108 -137 ) 
4 28 35 (517 1080 -149 ) (517 1068 -149 ) (515 1068 -149 ) (515 1080 -149 ) 
4 28 32 (515 1068 -137 ) (515 1068 -149 ) (517 1068 -149 ) (517 1068 -137 ) 
3 28 33 (515 1080 -149 ) (515 1068 -149 ) (515 1068 -137 ) 
3 29 33 (515 1096 -109 ) (515 1108 -109 ) (515 1108 -121 ) 
4 30 33 (515 1024 -121 ) (515 1024 -109 ) (515 1068 -109 ) (515 1068 -121 ) 
4 30 31 (515 1024 -121 ) (515 1068 -121 ) (517 1068 -121 ) (517 1024 -121 ) 
4 31 32 (515 1024 -137 ) (515 1068 -137 ) (517 1068 -137 ) (517 1024 -137 ) 
4 31 33 (515 1024 -137 ) (515 1024 -121 ) (515 1068 -121 ) (515 1068 -137 ) 
4 32 35 (517 1068 -149 ) (517 1024 -149 ) (515 1024 -149 ) (515 1068 -149 ) 
4 32 33 (515 1068 -149 ) (515 1024 -149 ) (515 1024 -137 ) (515 1068 -137 ) 
4 33 64 (512 1024 -149 ) (512 1024 -109 ) (512 1056 -109 ) (512 1056 -149 ) 
4 33 46 (512 1056 -109 ) (512 1280 -109 ) (512 1280 -149 ) (512 1056 -149 ) 
4 33 36 (512 1024 -149 ) (512 1280 -149 ) (515 1280 -149 ) (515 1024 -149 ) 
4 34 150 (640 1024 -192 ) (672 1024 -192 ) (672 1024 -149 ) (640 1024 -149 ) 
4 34 35 (517 1280 -192 ) (517 1024 -192 ) (517 1024 -149 ) (517 1280 -149 ) 
4 35 36 (515 1280 -192 ) (515 1024 -192 ) (515 1024 -149 ) (515 1280 -149 ) 
4 36 64 (512 1024 -192 ) (512 1024 -149 ) (512 1056 -149 ) (512 1056 -192 ) 
4 36 46 (512 1056 -149 ) (512 1280 -149 ) (512 1280 -192 ) (512 1056 -192 ) 
4 37 155 (176 1024 976 ) (128 1024 976 ) (128 1024 960 ) (176 1024 960 ) 
4 37 151 (192 1024 976 ) (176 1024 976 ) (176 1024 960 ) (192 1024 960 ) 
4 37 44 (128 1024 960 ) (128 1024 976 ) (128 1056 976 ) (128 1056 960 ) 
4 37 42 (128 1024 960 ) (128 1056 960 ) (192 1056 960 ) (192 1024 960 ) 
4 38 40 (320 1440 640 ) (320 1312 640 ) (192 1312 640 ) (192 1440 640 ) 
4 38 39 (144 1472 640 ) (144 1296 640 ) (144 1296 960 ) (144 1472 960 ) 
4 39 43 (128 1280 640 ) (128 1280 960 ) (128 1472 960 ) (128 1472 640 ) 
4 39 41 (144 1280 960 ) (128 1280 960 ) (128 1280 640 ) (144 1280 640 ) 
4 40 45 (192 1312 608 ) (192 1440 608 ) (320 1440 608 ) (320 1312 608 ) 
4 41 45 (512 1280 608 ) (512 1088 608 ) (128 1088 608 ) (128 1280 608 ) 
4 41 43 (128 1280 608 ) (128 1088 608 ) (128 1088 960 ) (128 1280 960 ) 
4 42 155 (176 1024 960 ) (128 1024 960 ) (128 1024 608 ) (176 1024 608 ) 
4 42 151 (192 1024 960 ) (176 1024 960 ) (176 1024 608 ) (192 1024 608 ) 
4 42 62 (192 1024 608 ) (128 1024 608 ) (128 1056 608 ) (192 1056 608 ) 
4 42 44 (128 1056 608 ) (128 1024 608 ) (128 1024 960 ) (128 1056 960 ) 
4 43 79 (0 1728 608 ) (0 1088 608 ) (0 1088 960 ) (0 1728 960 ) 
4 43 45 (128 1728 608 ) (128 1088 608 ) (0 1088 608 ) (0 1728 608 ) 
4 44 155 (128 1024 976 ) (32 1024 976 ) (32 1024 608 ) (128 1024 608 ) 
4 44 62 (128 1056 608 ) (128 1024 608 ) (32 1024 608 ) (32 1056 608 ) 
4 45 79 (0 1088 608 ) (0 1728 608 ) (0 1728 320 ) (0 1088 320 ) 
4 45 61 (0 1088 320 ) (0 1728 320 ) (128 1728 320 ) (128 1088 320 ) 
4 45 60 (384 1472 320 ) (384 1088 320 ) (128 1088 320 ) (128 1472 320 ) 
4 45 59 (384 1488.010132 320 ) (384 1472 320 ) (128 1472 320 ) (128 1488.010132 320 ) 
4 45 57 (352 1488.010132 320 ) (160 1488.010132 320 ) (160 1504.010132 320 ) (352 1504.010132 320 ) 
4 45 56 (384 1504.010132 320 ) (384 1488.010132 320 ) (352 1488.010132 320 ) (352 1504.010132 320 ) 
4 45 58 (160 1488.010132 320 ) (128 1488.010132 320 ) (128 1504.010132 320 ) (160 1504.010132 320 ) 
4 45 54 (160 1504.010132 320 ) (144 1504.010132 320 ) (144 1696.010132 320 ) (160 1696.010132 320 ) 
4 45 53 (352 1504.010132 320 ) (160 1504.010132 320 ) (160 1696.010132 320 ) (352 1696.010132 320 ) 
4 45 55 (144 1504.010132 320 ) (128 1504.010132 320 ) (128 1696.010132 320 ) (144 1696.010132 320 ) 
4 45 52 (368 1504.010132 320 ) (352 1504.010132 320 ) (352 1696.010132 320 ) (368 1696.010132 320 ) 
4 45 51 (384 1696.010132 320 ) (384 1504.010132 320 ) (368 1504.010132 320 ) (368 1696.010132 320 ) 
4 45 49 (352 1712.010132 320 ) (352 1696.010132 320 ) (160 1696.010132 320 ) (160 1712.010132 320 ) 
4 45 48 (160 1728 320 ) (352 1728 320 ) (352 1712.010132 320 ) (160 1712.010132 320 ) 
4 45 47 (352 1728 320 ) (384 1728 320 ) (384 1696.010132 320 ) (352 1696.010132 320 ) 
4 45 50 (128 1728 320 ) (160 1728 320 ) (160 1696.010132 320 ) (128 1696.010132 320 ) 
4 45 46 (384 1728 320 ) (512 1728 320 ) (512 1088 320 ) (384 1088 320 ) 
4 46 64 (512 1056 -192 ) (512 1056 320 ) (384 1056 320 ) (384 1056 -192 ) 
4 46 60 (384 1056 -192 ) (384 1056 320 ) (384 1472 320 ) (384 1472 -192 ) 
4 46 59 (384 1472 320 ) (384 1488.010132 320 ) (384 1488.010132 -192 ) (384 1472 -192 ) 
4 46 56 (384 1488.010132 320 ) (384 1504.010132 320 ) (384 1504.010132 -192 ) (384 1488.010132 -192 ) 
4 46 51 (384 1504.010132 320 ) (384 1696.010132 320 ) (384 1696.010132 -192 ) (384 1504.010132 -192 ) 
4 46 47 (384 1696.010132 320 ) (384 1728 320 ) (384 1728 -192 ) (384 1696.010132 -192 ) 
4 47 52 (368 1696.010132 -184 ) (368 1696.010132 320 ) (352 1696.010132 320 ) (352 1696.010132 -168 ) 
4 47 51 (368 1696.010132 -208 ) (384 1696.010132 -208 ) (384 1696.010132 320 ) (368 1696.010132 320 ) 
4 47 49 (352 1696.010132 -168.004105 ) (352 1696.010132 320 ) (352 1712.010132 320 ) (352 1712.010132 -184.004120 ) 
4 47 48 (352 1712.010132 320 ) (352 1728 320 ) (352 1728 -208 ) (352 1712.010132 -208 ) 
4 48 49 (160 1712.010132 320 ) (160 1712.010132 -184.004120 ) (352 1712.010132 -184.004120 ) (352 1712.010132 320 ) 
4 48 50 (160 1712.010132 320 ) (160 1728 320 ) (160 1728 -208 ) (160 1712.010132 -208 ) 
4 49 53 (352 1696.010132 -168.004105 ) (352 1696.010132 320 ) (160 1696.010132 320 ) (160 1696.010132 -168.004089 ) 
4 49 50 (160 1696.010132 -168.004105 ) (160 1696.010132 320 ) (160 1712.010132 320 ) (160 1712.010132 -184.004120 ) 
4 50 61 (128 1696.010132 320 ) (128 1728 320 ) (128 1728 -192 ) (128 1696.010132 -192 ) 
4 50 54 (160 1696.010132 -167.998016 ) (160 1696.010132 320 ) (144 1696.010132 320 ) (144 1696.010132 -183.997986 ) 
4 50 55 (128 1696.010132 320 ) (128 1696.010132 -208 ) (144 1696.010132 -208 ) (144 1696.010132 320 ) 
4 51 56 (368 1504.010132 -208 ) (384 1504.010132 -208 ) (384 1504.010132 320 ) (368 1504.010132 320 ) 
4 51 52 (368 1696.010132 320 ) (368 1696.010132 -184 ) (368 1504.010132 -184 ) (368 1504.010132 320 ) 
4 52 56 (368 1504.010132 -184 ) (368 1504.010132 320 ) (352 1504.010132 320 ) (352 1504.010132 -168 ) 
4 52 53 (352 1696.010132 320 ) (352 1696.010132 -168 ) (352 1504.010132 -168 ) (352 1504.010132 320 ) 
4 53 57 (352 1504.010132 -167.995819 ) (352 1504.010132 320 ) (160 1504.010132 320 ) (160 1504.010132 -167.995819 ) 
4 53 54 (160 1696.010132 320 ) (160 1696.010132 -167.998016 ) (160 1504.010132 -167.998016 ) (160 1504.010132 320 ) 
4 54 58 (160 1504.010132 -167.998016 ) (160 1504.010132 320 ) (144 1504.010132 320 ) (144 1504.010132 -183.997986 ) 
4 54 55 (144 1696.010132 320 ) (144 1696.010132 -183.997986 ) (144 1504.010132 -183.998016 ) (144 1504.010132 320 ) 
4 55 61 (128 1504.010132 320 ) (128 1696.010132 320 ) (128 1696.010132 -192 ) (128 1504.010132 -192 ) 
4 55 58 (128 1504.010132 320 ) (128 1504.010132 -208 ) (144 1504.010132 -208 ) (144 1504.010132 320 ) 
4 56 59 (352 1488.010132 -208 ) (384 1488.010132 -208 ) (384 1488.010132 320 ) (352 1488.010132 320 ) 
4 56 57 (352 1504.010132 320 ) (352 1504.010132 -167.995819 ) (352 1488.010132 -183.995834 ) (352 1488.010132 320 ) 
4 57 59 (352 1488.010132 -183.995834 ) (352 1488.010132 320 ) (160 1488.010132 320 ) (160 1488.010132 -183.995850 ) 
4 57 58 (160 1504.010132 320 ) (160 1504.010132 -167.995819 ) (160 1488.010132 -183.995834 ) (160 1488.010132 320 ) 
4 58 61 (128 1488.010132 320 ) (128 1504.010132 320 ) (128 1504.010132 -192 ) (128 1488.010132 -192 ) 
4 58 59 (128 1488.010132 320 ) (128 1488.010132 -208 ) (160 1488.010132 -208 ) (160 1488.010132 320 ) 
4 59 61 (128 1472 320 ) (128 1488.010132 320 ) (128 1488.010132 -192 ) (128 1472 -192 ) 
4 59 60 (128 1472 320 ) (128 1472 -192 ) (384 1472 -192 ) (384 1472 320 ) 
4 60 64 (384 1056 -192 ) (384 1056 320 ) (128 1056 320 ) (128 1056 -192 ) 
4 60 61 (128 1056 -192 ) (128 1056 320 ) (128 1472 320 ) (128 1472 -192 ) 
4 61 84 (0 1056 -192 ) (0 1056 320 ) (0 1088 320 ) (0 1088 -192 ) 
4 61 79 (0 1088 320 ) (0 1728 320 ) (0 1728 -192 ) (0 1088 -192 ) 
4 61 64 (128 1056 -192 ) (128 1056 320 ) (0 1056 320 ) (0 1056 -192 ) 
4 62 155 (176 1024 608 ) (32 1024 608 ) (32 1024 352 ) (176 1024 352 ) 
4 62 151 (192 1024 608 ) (176 1024 608 ) (176 1024 352 ) (192 1024 352 ) 
4 63 89 (0 1024 320 ) (0 1024 328 ) (0 1056 328 ) (0 1056 320 ) 
4 63 64 (0 1056 320 ) (512 1056 320 ) (512 1024 320 ) (0 1024 320 ) 
4 64 157 (0 1024 192 ) (0 1024 64 ) (32 1024 64 ) (32 1024 192 ) 
4 64 156 (32 1024 192 ) (32 1024 64 ) (64 1024 64 ) (64 1024 192 ) 
4 64 89 (0 1024 -192 ) (0 1024 320 ) (0 1056 320 ) (0 1056 -192 ) 
4 65 72 (0 2048 -1792 ) (0 2048 -4096 ) (0 1760 -4096 ) (0 1760 -1792 ) 
4 66 71 (-480 1792 -192 ) (-480 1856 -192 ) (-448 1856 -192 ) (-448 1792 -192 ) 
4 66 69 (-480 1856 -192 ) (-480 1920 -192 ) (-448 1920 -192 ) (-448 1856 -192 ) 
4 66 68 (-480 1920 -192 ) (-480 1952 -192 ) (-448 1952 -192 ) (-448 1920 -192 ) 
4 66 67 (-480 1952 -192 ) (-480 1792 -192 ) (-480 1792 -64 ) (-480 1952 -64 ) 
4 67 105 (-672 1760 -192 ) (-672 1760 -64 ) (-672 1792 -64 ) (-672 1792 -192 ) 
4 67 104 (-672 1792 -64 ) (-672 1952 -64 ) (-672 1952 -192 ) (-672 1792 -192 ) 
4 67 102 (-672 1952 -64 ) (-672 1984 -64 ) (-672 1984 -192 ) (-672 1952 -192 ) 
4 67 76 (-672 1760 -64 ) (-672 1760 -192 ) (-512 1760 -192 ) (-512 1760 -64 ) 
4 67 70 (-640 1920 -192 ) (-512 1920 -192 ) (-512 1856 -192 ) (-640 1856 -192 ) 
4 68 69 (-480 1920 -208 ) (-448 1920 -208 ) (-448 1920 -192 ) (-480 1920 -192 ) 
4 69 71 (-480 1856 -208 ) (-448 1856 -208 ) (-448 1856 -192 ) (-480 1856 -192 ) 
4 72 114 (-672 1760 -4096 ) (-672 1760 -1792 ) (-672 2048 -1792 ) (-672 2048 -4096 ) 
4 72 94 (-672 1760 -1792 ) (-672 1760 -4096 ) (-256 1760 -4096 ) (-256 1760 -1792 ) 
4 73 74 (-256 1729 448 ) (-256 1760 448 ) (0 1760 448 ) (0 1729 448 ) 
4 74 80 (-256 1728 -64 ) (-192 1728 -64 ) (-192 1728 448 ) (-256 1728 448 ) 
4 74 79 (-192 1728 -64 ) (0 1728 -64 ) (0 1728 448 ) (-192 1728 448 ) 
4 74 75 (0 1728 -64 ) (-256 1728 -64 ) (-256 1760 -64 ) (0 1760 -64 ) 
4 75 80 (-256 1728 -192 ) (-192 1728 -192 ) (-192 1728 -64 ) (-256 1728 -64 ) 
4 75 79 (-192 1728 -192 ) (0 1728 -192 ) (0 1728 -64 ) (-192 1728 -64 ) 
4 76 105 (-672 1760 -64 ) (-672 1760 -192 ) (-672 1752 -192 ) (-672 1752 -64 ) 
4 76 77 (-672 1752 -192 ) (-512 1752 -192 ) (-512 1752 -64 ) (-672 1752 -64 ) 
4 77 106 (-672 1752 -192 ) (-672 1744 -192 ) (-672 1744 -64 ) (-672 1752 -64 ) 
4 77 78 (-672 1744 -192 ) (-512 1744 -192 ) (-512 1744 -64 ) (-672 1744 -64 ) 
4 78 116 (-672 1744 -192 ) (-672 1728 -192 ) (-672 1728 -64 ) (-672 1744 -64 ) 
4 78 86 (-672 1728 -64 ) (-672 1728 -192 ) (-512 1728 -192 ) (-512 1728 -64 ) 
4 79 92 (0 1152 -192 ) (0 1088 -192 ) (-192 1088 -192 ) (-192 1152 -192 ) 
4 79 84 (-192 1088 -192 ) (0 1088 -192 ) (0 1088 704 ) (-192 1088 704 ) 
4 79 81 (-192 1472 960 ) (-192 1600 960 ) (-192 1600 -190 ) (-192 1472 -190 ) 
4 79 80 (-192 1600 960 ) (-192 1728 960 ) (-192 1728 -192 ) (-192 1600 -192 ) 
4 79 82 (-192 1088 -192 ) (-192 1088 960 ) (-192 1472 960 ) (-192 1472 -192 ) 
4 80 81 (-320 1600 960 ) (-320 1600 -190 ) (-192 1600 -190 ) (-192 1600 960 ) 
4 80 83 (-320 1600 960 ) (-320 1728 960 ) (-320 1728 -192 ) (-320 1600 -192 ) 
4 81 83 (-320 1472 960 ) (-320 1600 960 ) (-320 1600 -190 ) (-320 1472 -190 ) 
4 81 82 (-320 1472 960 ) (-320 1472 -190 ) (-192 1472 -190 ) (-192 1472 960 ) 
4 82 92 (-192 1152 -192 ) (-192 1088 -192 ) (-256 1088 -192 ) (-256 1152 -192 ) 
4 82 85 (-320 1088 -192 ) (-256 1088 -192 ) (-256 1088 320 ) (-320 1088 320 ) 
4 82 84 (-256 1088 -192 ) (-192 1088 -192 ) (-192 1088 704 ) (-256 1088 704 ) 
4 82 83 (-320 1088 -192 ) (-320 1088 960 ) (-320 1472 960 ) (-320 1472 -192 ) 
4 83 86 (-512 1728 960 ) (-512 1728 -192 ) (-512 1088 -192 ) (-512 1088 960 ) 
4 83 85 (-512 1088 320 ) (-512 1088 -192 ) (-320 1088 -192 ) (-320 1088 320 ) 
4 84 92 (0 1088 -192 ) (0 1056 -192 ) (-256 1056 -192 ) (-256 1088 -192 ) 
4 84 89 (-256 1056 -192 ) (0 1056 -192 ) (0 1056 704 ) (-256 1056 704 ) 
4 84 85 (-256 1088 320 ) (-256 1088 -192 ) (-256 1056 -192 ) (-256 1056 320 ) 
4 85 90 (-512 1056 -192 ) (-256 1056 -192 ) (-256 1056 320 ) (-512 1056 320 ) 
4 85 86 (-512 1056 -192 ) (-512 1056 320 ) (-512 1088 320 ) (-512 1088 -192 ) 
4 86 117 (-672 1728 960 ) (-672 1728 -192 ) (-672 1056 -192 ) (-672 1056 960 ) 
4 86 93 (-672 1248 -192 ) (-672 1504 -192 ) (-576 1504 -192 ) (-576 1248 -192 ) 
4 86 91 (-672 1056 -192 ) (-512 1056 -192 ) (-512 1056 960 ) (-672 1056 960 ) 
4 87 175 (-192 1024 976 ) (-208 1024 976 ) (-208 1024 736 ) (-192 1024 736 ) 
4 87 174 (0 1024 736 ) (0 1024 976 ) (-64 1024 976 ) (-64 1024 736 ) 
4 88 89 (-256 1024 704 ) (-256 1056 704 ) (0 1056 704 ) (0 1024 704 ) 
4 89 179 (0 1024 -192 ) (0 1024 64 ) (-256 1024 64 ) (-256 1024 -192 ) 
4 89 178 (0 1024 64 ) (0 1024 192 ) (-256 1024 192 ) (-256 1024 64 ) 
4 89 177 (0 1024 192 ) (0 1024 704 ) (-256 1024 704 ) (-256 1024 192 ) 
4 89 92 (-256 1056 -192 ) (0 1056 -192 ) (0 1024 -192 ) (-256 1024 -192 ) 
4 89 90 (-256 1056 320 ) (-256 1056 -192 ) (-256 1024 -192 ) (-256 1024 320 ) 
4 90 178 (-320 1024 64 ) (-256 1024 64 ) (-256 1024 192 ) (-320 1024 192 ) 
4 90 91 (-512 1056 320 ) (-512 1056 -192 ) (-512 1024 -192 ) (-512 1024 320 ) 
4 91 188 (-671 1024 -159 ) (-577 1024 -159 ) (-577 1024 31 ) (-671 1024 31 ) 
4 91 184 (-672 1024 320 ) (-672 1024 64 ) (-576 1024 64 ) (-576 1024 320 ) 
4 91 181 (-512 1024 64 ) (-512 1024 320 ) (-576 1024 320 ) (-576 1024 64 ) 
4 91 117 (-672 1024 -192 ) (-672 1024 960 ) (-672 1056 960 ) (-672 1056 -192 ) 
4 92 179 (0 1024 -208 ) (0 1024 -192 ) (-256 1024 -192 ) (-256 1024 -208 ) 
4 92 95 (0 1024 -208 ) (-256 1024 -208 ) (-256 1152 -208 ) (0 1152 -208 ) 
4 93 120 (-672 1248 -192 ) (-672 1504 -192 ) (-672 1504 -208 ) (-672 1248 -208 ) 
4 93 97 (-672 1248 -208 ) (-672 1504 -208 ) (-628 1504 -208 ) (-628 1248 -208 ) 
4 93 96 (-628 1504 -208 ) (-576 1504 -208 ) (-576 1248 -208 ) (-628 1248 -208 ) 
4 94 114 (-672 1760 -1792 ) (-672 1760 -4096 ) (-672 1744 -4096 ) (-672 1744 -1792 ) 
4 95 180 (0 1024 -4096 ) (0 1024 -208 ) (-256 1024 -208 ) (-256 1024 -4096 ) 
4 96 97 (-628 1504 -208 ) (-628 1504 -272 ) (-628 1248 -272 ) (-628 1248 -208 ) 
4 97 120 (-672 1248 -208 ) (-672 1504 -208 ) (-672 1504 -432 ) (-672 1248 -432 ) 
4 98 122 (-672 1504 -2496 ) (-672 1504 -4096 ) (-672 1248 -4096 ) (-672 1248 -2496 ) 
4 99 266 (-1024 1744 960 ) (-1024 1744 976 ) (-1024 2048 976 ) (-1024 2048 960 ) 
4 99 267 (-1024 1744 -56 ) (-1024 1744 960 ) (-1024 2048 960 ) (-1024 2048 -56 ) 
4 99 265 (-1024 1744 976 ) (-1024 1744 1440 ) (-1024 2048 1440 ) (-1024 2048 976 ) 
4 99 126 (-1024 1744 976 ) (-1024 1744 -56 ) (-768 1744 -56 ) (-768 1744 976 ) 
4 99 124 (-768 1744 1440 ) (-1024 1744 1440 ) (-1024 1744 976 ) (-768 1744 976 ) 
4 99 101 (-768 1744 -56 ) (-1024 1744 -56 ) (-1024 1760 -56 ) (-768 1760 -56 ) 
4 99 100 (-1024 1760 -56 ) (-1024 2048 -56 ) (-776 2048 -56 ) (-776 1760 -56 ) 
4 100 267 (-1024 1760 -56 ) (-1024 2048 -56 ) (-1024 2048 -64 ) (-1024 1760 -64 ) 
4 100 109 (-1024 1760 -64 ) (-1024 2048 -64 ) (-776 2048 -64 ) (-776 1760 -64 ) 
4 100 101 (-1024 1760 -64 ) (-776 1760 -64 ) (-776 1760 -56 ) (-1024 1760 -56 ) 
4 101 267 (-1024 1744 -64 ) (-1024 1744 -56 ) (-1024 1760 -56 ) (-1024 1760 -64 ) 
4 101 126 (-768 1744 -56 ) (-1024 1744 -56 ) (-1024 1744 -64 ) (-768 1744 -64 ) 
4 101 109 (-776 1744 -64 ) (-1024 1744 -64 ) (-1024 1760 -64 ) (-776 1760 -64 ) 
4 102 111 (-744 1984 -192 ) (-736 1984 -192 ) (-736 1952 -192 ) (-744 1952 -192 ) 
4 102 104 (-736 1952 -192 ) (-672 1952 -192 ) (-672 1952 -64 ) (-736 1952 -64 ) 
4 103 111 (-768 1952 -192 ) (-768 1984 -192 ) (-750 1984 -192 ) (-750 1952 -192 ) 
4 104 107 (-736 1792 -192 ) (-704 1792 -192 ) (-704 1792 -64 ) (-736 1792 -64 ) 
4 104 105 (-704 1792 -192 ) (-672 1792 -192 ) (-672 1792 -64 ) (-704 1792 -64 ) 
4 105 107 (-704 1792 -64 ) (-704 1792 -192 ) (-704 1760 -192 ) (-704 1760 -64 ) 
4 105 106 (-704 1752 -64 ) (-704 1752 -192 ) (-672 1752 -192 ) (-672 1752 -64 ) 
4 106 125 (-688 1744 -64 ) (-704 1744 -64 ) (-704 1744 -192 ) (-688 1744 -192 ) 
4 106 116 (-672 1744 -192 ) (-672 1744 -64 ) (-688 1744 -64 ) (-688 1744 -192 ) 
4 107 111 (-744 1792 -192 ) (-736 1792 -192 ) (-736 1760 -192 ) (-744 1760 -192 ) 
4 108 111 (-768 1760 -192 ) (-768 1792 -192 ) (-750 1792 -192 ) (-750 1760 -192 ) 
4 109 267 (-1024 1744 -192 ) (-1024 1744 -64 ) (-1024 2048 -64 ) (-1024 2048 -192 ) 
4 109 126 (-776 1744 -64 ) (-1024 1744 -64 ) (-1024 1744 -192 ) (-776 1744 -192 ) 
4 109 112 (-776 1744 -192 ) (-1024 1744 -192 ) (-1024 2048 -192 ) (-776 2048 -192 ) 
4 110 129 (-704 1744 -192 ) (-736 1744 -192 ) (-736 1744 -208 ) (-704 1744 -208 ) 
4 110 111 (-736 1760 -208 ) (-736 1744 -208 ) (-736 1744 -192 ) (-736 1760 -192 ) 
4 111 129 (-736 1744 -192 ) (-768 1744 -192 ) (-768 1744 -208 ) (-736 1744 -208 ) 
4 112 272 (-1024 1744 -208 ) (-1024 1744 -192 ) (-1024 2048 -192 ) (-1024 2048 -208 ) 
4 112 113 (-776 1744 -208 ) (-1024 1744 -208 ) (-1024 2048 -208 ) (-776 2048 -208 ) 
4 113 272 (-1024 1744 -216 ) (-1024 1744 -208 ) (-1024 2048 -208 ) (-1024 2048 -216 ) 
4 113 115 (-776 1744 -216 ) (-1024 1744 -216 ) (-1024 2048 -216 ) (-776 2048 -216 ) 
4 114 131 (-688 1744 -1792 ) (-768 1744 -1792 ) (-768 1744 -4096 ) (-688 1744 -4096 ) 
4 114 122 (-672 1744 -4096 ) (-672 1744 -2496 ) (-688 1744 -2496 ) (-688 1744 -4096 ) 
4 114 115 (-768 2048 -4096 ) (-768 1744 -4096 ) (-768 1744 -1792 ) (-768 2048 -1792 ) 
4 115 286 (-1024 1744 -4096 ) (-1024 1744 -448 ) (-1024 2048 -448 ) (-1024 2048 -4096 ) 
4 115 281 (-1024 1744 -448 ) (-1024 1744 -432 ) (-1024 2048 -432 ) (-1024 2048 -448 ) 
4 115 272 (-1024 1744 -432 ) (-1024 1744 -216 ) (-1024 2048 -216 ) (-1024 2048 -432 ) 
4 115 131 (-1024 1744 -448 ) (-1024 1744 -4096 ) (-768 1744 -4096 ) (-768 1744 -448 ) 
4 116 125 (-688 1744 -64 ) (-688 1744 -192 ) (-688 1728 -192 ) (-688 1728 -64 ) 
4 116 117 (-688 1728 -192 ) (-672 1728 -192 ) (-672 1728 -64 ) (-688 1728 -64 ) 
4 117 184 (-672 1024 64 ) (-672 1024 320 ) (-688 1024 320 ) (-688 1024 64 ) 
4 117 127 (-688 1728 -192 ) (-688 1024 -192 ) (-688 1024 960 ) (-688 1728 960 ) 
4 117 120 (-688 1248 -192 ) (-688 1504 -192 ) (-672 1504 -192 ) (-672 1248 -192 ) 
4 118 128 (-688 1744 -208 ) (-688 1744 -432 ) (-688 1728 -432 ) (-688 1728 -208 ) 
4 118 119 (-688 1728 -432 ) (-672 1728 -432 ) (-672 1728 -208 ) (-688 1728 -208 ) 
4 119 130 (-688 1728 -432 ) (-688 1536 -432 ) (-688 1536 -208 ) (-688 1728 -208 ) 
4 120 132 (-688 1504 -432 ) (-688 1248 -432 ) (-688 1248 -192 ) (-688 1504 -192 ) 
4 121 190 (-672 1024 -432 ) (-672 1024 -208 ) (-688 1024 -208 ) (-688 1024 -432 ) 
4 121 148 (-688 1216 -432 ) (-688 1024 -432 ) (-688 1024 -208 ) (-688 1216 -208 ) 
4 122 149 (-688 1248 -4096 ) (-688 1232 -4096 ) (-688 1232 -2496 ) (-688 1248 -2496 ) 
4 122 133 (-688 1504 -4096 ) (-688 1248 -4096 ) (-688 1248 -2496 ) (-688 1504 -2496 ) 
4 122 131 (-688 1744 -2496 ) (-688 1744 -4096 ) (-688 1504 -4096 ) (-688 1504 -2496 ) 
4 122 123 (-672 1232 -4096 ) (-672 1232 -2496 ) (-688 1232 -2496 ) (-688 1232 -4096 ) 
4 123 191 (-672 1024 -4096 ) (-672 1024 -448 ) (-688 1024 -448 ) (-688 1024 -4096 ) 
4 123 149 (-688 1024 -4096 ) (-688 1024 -448 ) (-688 1232 -448 ) (-688 1232 -4096 ) 
4 124 265 (-1024 1024 976 ) (-1024 1024 1440 ) (-1024 1744 1440 ) (-1024 1744 976 ) 
4 124 183 (-704 1024 1440 ) (-1024 1024 1440 ) (-1024 1024 976 ) (-704 1024 976 ) 
4 124 126 (-1024 1728 976 ) (-1024 1744 976 ) (-768 1744 976 ) (-768 1728 976 ) 
4 125 127 (-704 1728 -192 ) (-688 1728 -192 ) (-688 1728 -64 ) (-704 1728 -64 ) 
4 126 266 (-1024 1728 976 ) (-1024 1744 976 ) (-1024 1744 960 ) (-1024 1728 960 ) 
4 126 267 (-1024 1744 960 ) (-1024 1744 -192 ) (-1024 1728 -192 ) (-1024 1728 960 ) 
4 126 127 (-1024 1728 -192 ) (-768 1728 -192 ) (-768 1728 960 ) (-1024 1728 960 ) 
4 127 267 (-1024 1024 -192 ) (-1024 1024 960 ) (-1024 1728 960 ) (-1024 1728 -192 ) 
4 127 192 (-768 1024 31 ) (-1024 1024 31 ) (-1024 1024 -192 ) (-768 1024 -192 ) 
4 127 187 (-768 1024 64 ) (-1024 1024 64 ) (-1024 1024 31 ) (-768 1024 31 ) 
4 127 186 (-768 1024 960 ) (-1024 1024 960 ) (-1024 1024 64 ) (-768 1024 64 ) 
4 127 185 (-704 1024 320 ) (-768 1024 320 ) (-768 1024 192 ) (-704 1024 192 ) 
4 127 184 (-688 1024 64 ) (-688 1024 320 ) (-704 1024 320 ) (-704 1024 64 ) 
4 127 145 (-960 1248 -192 ) (-1024 1248 -192 ) (-1024 1504 -192 ) (-960 1504 -192 ) 
4 127 139 (-768 1248 -192 ) (-960 1248 -192 ) (-960 1504 -192 ) (-768 1504 -192 ) 
4 127 134 (-704 1248 -192 ) (-768 1248 -192 ) (-768 1504 -192 ) (-704 1504 -192 ) 
4 127 132 (-688 1504 -192 ) (-688 1248 -192 ) (-704 1248 -192 ) (-704 1504 -192 ) 
4 128 130 (-704 1728 -432 ) (-688 1728 -432 ) (-688 1728 -208 ) (-704 1728 -208 ) 
4 128 129 (-704 1744 -432 ) (-704 1728 -432 ) (-704 1728 -208 ) (-704 1744 -208 ) 
4 129 130 (-768 1728 -432 ) (-704 1728 -432 ) (-704 1728 -208 ) (-768 1728 -208 ) 
4 130 273 (-1024 1728 -208 ) (-1024 1728 -432 ) (-1024 1536 -432 ) (-1024 1536 -208 ) 
4 131 286 (-1024 1504 -4096 ) (-1024 1504 -448 ) (-1024 1744 -448 ) (-1024 1744 -4096 ) 
4 131 147 (-768 1504 -448 ) (-1024 1504 -448 ) (-1024 1504 -4096 ) (-768 1504 -4096 ) 
4 131 138 (-704 1504 -448 ) (-768 1504 -448 ) (-768 1504 -4096 ) (-704 1504 -4096 ) 
4 131 133 (-688 1504 -4096 ) (-688 1504 -448 ) (-704 1504 -448 ) (-704 1504 -4096 ) 
4 133 149 (-688 1248 -4096 ) (-688 1248 -448 ) (-704 1248 -448 ) (-704 1248 -4096 ) 
4 133 138 (-704 1504 -448 ) (-704 1504 -4096 ) (-704 1248 -4096 ) (-704 1248 -448 ) 
4 134 139 (-768 1504 -192 ) (-768 1504 -208 ) (-768 1248 -208 ) (-768 1248 -192 ) 
4 134 135 (-768 1248 -208 ) (-768 1504 -208 ) (-720 1504 -208 ) (-720 1248 -208 ) 
4 135 143 (-768 1344 -216 ) (-768 1280 -216 ) (-768 1280 -208 ) (-768 1344 -208 ) 
4 135 142 (-768 1408 -216 ) (-768 1344 -216 ) (-768 1344 -208 ) (-768 1408 -208 ) 
4 135 141 (-768 1472 -216 ) (-768 1408 -216 ) (-768 1408 -208 ) (-768 1472 -208 ) 
4 135 140 (-768 1504 -208 ) (-768 1504 -216 ) (-768 1472 -216 ) (-768 1472 -208 ) 
4 135 144 (-768 1280 -216 ) (-768 1248 -216 ) (-768 1248 -208 ) (-768 1280 -208 ) 
4 135 136 (-736 1504 -216 ) (-728 1504 -216 ) (-728 1248 -216 ) (-736 1248 -216 ) 
4 135 137 (-768 1248 -216 ) (-768 1504 -216 ) (-736 1504 -216 ) (-736 1248 -216 ) 
4 136 137 (-736 1248 -224 ) (-736 1248 -216 ) (-736 1504 -216 ) (-736 1504 -224 ) 
4 137 147 (-768 1504 -216 ) (-768 1504 -448 ) (-768 1248 -448 ) (-768 1248 -216 ) 
4 137 138 (-768 1248 -448 ) (-768 1504 -448 ) (-736 1504 -448 ) (-736 1248 -448 ) 
4 138 149 (-704 1248 -4096 ) (-704 1248 -448 ) (-768 1248 -448 ) (-768 1248 -4096 ) 
4 138 147 (-768 1504 -448 ) (-768 1504 -4096 ) (-768 1248 -4096 ) (-768 1248 -448 ) 
4 139 145 (-960 1504 -192 ) (-960 1504 -208 ) (-960 1248 -208 ) (-960 1248 -192 ) 
4 139 143 (-960 1280 -208 ) (-960 1344 -208 ) (-768 1344 -208 ) (-768 1280 -208 ) 
4 139 142 (-960 1344 -208 ) (-960 1408 -208 ) (-768 1408 -208 ) (-768 1344 -208 ) 
4 139 141 (-960 1408 -208 ) (-960 1472 -208 ) (-768 1472 -208 ) (-768 1408 -208 ) 
4 139 140 (-960 1472 -208 ) (-960 1504 -208 ) (-768 1504 -208 ) (-768 1472 -208 ) 
4 139 144 (-960 1248 -208 ) (-960 1280 -208 ) (-768 1280 -208 ) (-768 1248 -208 ) 
4 140 147 (-960 1504 -216 ) (-768 1504 -216 ) (-768 1472 -216 ) (-960 1472 -216 ) 
4 140 146 (-960 1504 -208 ) (-960 1504 -216 ) (-960 1472 -216 ) (-960 1472 -208 ) 
4 140 141 (-768 1472 -208 ) (-960 1472 -208 ) (-960 1472 -216 ) (-768 1472 -216 ) 
4 141 147 (-768 1472 -216 ) (-768 1408 -216 ) (-960 1408 -216 ) (-960 1472 -216 ) 
4 141 146 (-960 1472 -216 ) (-960 1408 -216 ) (-960 1408 -208 ) (-960 1472 -208 ) 
4 141 142 (-768 1408 -208 ) (-960 1408 -208 ) (-960 1408 -216 ) (-768 1408 -216 ) 
4 142 147 (-768 1408 -216 ) (-768 1344 -216 ) (-960 1344 -216 ) (-960 1408 -216 ) 
4 142 146 (-960 1408 -216 ) (-960 1344 -216 ) (-960 1344 -208 ) (-960 1408 -208 ) 
4 142 143 (-768 1344 -208 ) (-960 1344 -208 ) (-960 1344 -216 ) (-768 1344 -216 ) 
4 143 147 (-768 1344 -216 ) (-768 1280 -216 ) (-960 1280 -216 ) (-960 1344 -216 ) 
4 143 146 (-960 1344 -216 ) (-960 1280 -216 ) (-960 1280 -208 ) (-960 1344 -208 ) 
4 143 144 (-768 1280 -208 ) (-960 1280 -208 ) (-960 1280 -216 ) (-768 1280 -216 ) 
4 144 147 (-768 1280 -216 ) (-768 1248 -216 ) (-960 1248 -216 ) (-960 1280 -216 ) 
4 144 146 (-960 1280 -216 ) (-960 1248 -216 ) (-960 1248 -208 ) (-960 1280 -208 ) 
4 145 274 (-1024 1248 -208 ) (-1024 1248 -192 ) (-1024 1504 -192 ) (-1024 1504 -208 ) 
4 145 146 (-1024 1504 -208 ) (-960 1504 -208 ) (-960 1248 -208 ) (-1024 1248 -208 ) 
4 146 275 (-1024 1248 -216 ) (-1024 1248 -208 ) (-1024 1504 -208 ) (-1024 1504 -216 ) 
4 146 147 (-1024 1504 -216 ) (-960 1504 -216 ) (-960 1248 -216 ) (-1024 1248 -216 ) 
4 147 286 (-1024 1248 -4096 ) (-1024 1248 -448 ) (-1024 1504 -448 ) (-1024 1504 -4096 ) 
4 147 282 (-1024 1248 -448 ) (-1024 1248 -432 ) (-1024 1504 -432 ) (-1024 1504 -448 ) 
4 147 276 (-1024 1248 -432 ) (-1024 1248 -216 ) (-1024 1504 -216 ) (-1024 1504 -432 ) 
4 147 149 (-768 1248 -4096 ) (-768 1248 -448 ) (-1024 1248 -448 ) (-1024 1248 -4096 ) 
4 148 278 (-1024 1024 -432 ) (-1024 1024 -208 ) (-1024 1216 -208 ) (-1024 1216 -432 ) 
4 148 190 (-688 1024 -432 ) (-688 1024 -208 ) (-768 1024 -208 ) (-768 1024 -432 ) 
4 149 286 (-1024 1024 -4096 ) (-1024 1024 -448 ) (-1024 1248 -448 ) (-1024 1248 -4096 ) 
4 149 193 (-768 1024 -448 ) (-1024 1024 -448 ) (-1024 1024 -4096 ) (-768 1024 -4096 ) 
4 149 191 (-688 1024 -4096 ) (-688 1024 -448 ) (-768 1024 -448 ) (-768 1024 -4096 ) 
4 151 155 (176 1024 976 ) (176 1024 352 ) (176 1008 352 ) (176 1008 976 ) 
4 151 152 (176 1008 976 ) (176 1008 352 ) (192 1008 352 ) (192 1008 976 ) 
4 152 165 (176 960 -4096 ) (176 960 64 ) (176 1008 64 ) (176 1008 -4096 ) 
4 152 160 (176 960 64 ) (176 960 304 ) (176 1008 304 ) (176 1008 64 ) 
4 152 159 (176 960 304 ) (176 960 352 ) (176 1008 352 ) (176 1008 304 ) 
4 152 158 (176 960 352 ) (176 960 1440 ) (176 1008 1440 ) (176 1008 352 ) 
4 152 154 (176 960 -1536 ) (176 960 -4096 ) (192 960 -4096 ) (192 960 -1536 ) 
4 152 153 (176 960 1440 ) (176 960 512 ) (192 960 512 ) (192 960 1440 ) 
4 153 246 (192 0 512 ) (192 0 1440 ) (176 0 1440 ) (176 0 512 ) 
4 153 162 (176 0 512 ) (176 0 1440 ) (176 896 1440 ) (176 896 512 ) 
4 153 158 (176 896 1440 ) (176 960 1440 ) (176 960 512 ) (176 896 512 ) 
4 154 247 (192 0 -4096 ) (192 0 -1536 ) (176 0 -1536 ) (176 0 -4096 ) 
4 154 165 (176 0 -4096 ) (176 0 -1536 ) (176 960 -1536 ) (176 960 -4096 ) 
4 155 158 (176 1008 352 ) (176 1008 976 ) (32 1008 976 ) (32 1008 352 ) 
4 156 161 (64 1008 192 ) (32 1008 192 ) (32 1008 64 ) (64 1008 64 ) 
4 156 157 (32 1024 64 ) (32 1008 64 ) (32 1008 192 ) (32 1024 192 ) 
4 157 178 (0 1024 192 ) (0 1024 64 ) (0 1008 64 ) (0 1008 192 ) 
4 157 169 (0 1008 192 ) (0 1008 64 ) (16 1008 64 ) (16 1008 192 ) 
4 157 161 (16 1008 64 ) (32 1008 64 ) (32 1008 192 ) (16 1008 192 ) 
4 158 168 (16 1008 1440 ) (16 1008 704 ) (16 896 704 ) (16 896 1440 ) 
4 158 163 (16 896 1440 ) (16 896 352 ) (144 896 352 ) (144 896 1440 ) 
4 158 162 (144 896 352 ) (176 896 352 ) (176 896 1440 ) (144 896 1440 ) 
4 158 159 (176 896 352 ) (144 896 352 ) (144 1008 352 ) (176 1008 352 ) 
4 159 162 (144 896 304 ) (176 896 304 ) (176 896 352 ) (144 896 352 ) 
4 159 160 (176 896 304 ) (144 896 304 ) (144 1008 304 ) (176 1008 304 ) 
4 160 165 (144 1008 64 ) (176 1008 64 ) (176 896 64 ) (144 896 64 ) 
4 160 162 (144 896 64 ) (176 896 64 ) (176 896 304 ) (144 896 304 ) 
4 161 169 (16 1008 192 ) (16 1008 64 ) (16 896 64 ) (16 896 192 ) 
4 162 248 (176 0 64 ) (176 0 1440 ) (144 0 1440 ) (144 0 64 ) 
4 162 165 (144 896 64 ) (176 896 64 ) (176 0 64 ) (144 0 64 ) 
4 162 163 (144 880 1440 ) (144 896 1440 ) (144 896 352 ) (144 880 352 ) 
4 162 164 (144 0 1440 ) (144 880 1440 ) (144 880 64 ) (144 0 64 ) 
4 163 170 (16 880 704 ) (16 880 1440 ) (16 896 1440 ) (16 896 704 ) 
4 163 164 (144 880 352 ) (144 880 1440 ) (16 880 1440 ) (16 880 352 ) 
4 164 248 (144 0 1440 ) (16 0 1440 ) (16 0 64 ) (144 0 64 ) 
4 164 170 (16 640 704 ) (16 640 1440 ) (16 880 1440 ) (16 880 704 ) 
4 164 171 (16 640 64 ) (16 0 64 ) (16 0 1440 ) (16 640 1440 ) 
4 164 167 (16 0 64 ) (16 880 64 ) (144 880 64 ) (144 0 64 ) 
4 165 248 (176 0 -4096 ) (176 0 64 ) (144 0 64 ) (144 0 -4096 ) 
4 165 166 (144 1008 -4096 ) (144 880 -4096 ) (144 880 48 ) (144 1008 48 ) 
4 165 167 (144 880 -4096 ) (144 0 -4096 ) (144 0 64 ) (144 880 64 ) 
4 166 172 (16 1008 -64 ) (16 1008 -4096 ) (16 880 -4096 ) (16 880 -64 ) 
4 166 167 (16 880 -4096 ) (144 880 -4096 ) (144 880 48 ) (16 880 48 ) 
4 167 248 (144 0 64 ) (16 0 64 ) (16 0 -4096 ) (144 0 -4096 ) 
4 167 172 (16 880 -4096 ) (16 768 -4096 ) (16 768 -64 ) (16 880 -64 ) 
4 167 173 (16 768 -4096 ) (16 0 -4096 ) (16 0 64 ) (16 768 64 ) 
4 168 194 (0 1008 1440 ) (0 1008 736 ) (0 896 736 ) (0 896 1440 ) 
4 168 170 (0 896 1440 ) (0 896 704 ) (16 896 704 ) (16 896 1440 ) 
4 169 204 (0 1008 192 ) (0 1008 64 ) (0 896 64 ) (0 896 192 ) 
4 170 194 (0 640 1440 ) (0 896 1440 ) (0 896 736 ) (0 640 736 ) 
4 170 171 (16 640 704 ) (16 640 1440 ) (0 640 1440 ) (0 640 704 ) 
4 171 248 (16 0 64 ) (16 0 1440 ) (0 0 1440 ) (0 0 64 ) 
4 171 245 (0 0 64 ) (0 0 1440 ) (0 384 1440 ) (0 384 64 ) 
4 171 240 (0 384 1440 ) (0 400 1440 ) (0 400 64 ) (0 384 64 ) 
4 171 234 (0 624 64 ) (0 400 64 ) (0 400 192 ) (0 624 192 ) 
4 171 228 (0 400 1440 ) (0 626 1440 ) (0 626 192 ) (0 400 192 ) 
4 171 227 (0 626 1440 ) (0 632 1440 ) (0 632 704 ) (0 626 704 ) 
4 171 226 (0 632 1440 ) (0 640 1440 ) (0 640 192 ) (0 632 192 ) 
4 171 173 (16 640 64 ) (16 0 64 ) (0 0 64 ) (0 640 64 ) 
4 172 206 (0 1008 -64 ) (0 1008 -4096 ) (0 768 -4096 ) (0 768 -64 ) 
4 172 173 (0 768 -4096 ) (16 768 -4096 ) (16 768 -64 ) (0 768 -64 ) 
4 173 248 (16 0 -4096 ) (16 0 64 ) (0 0 64 ) (0 0 -4096 ) 
4 173 245 (0 0 -4096 ) (0 0 64 ) (0 384 64 ) (0 384 -4096 ) 
4 173 240 (0 384 64 ) (0 400 64 ) (0 400 -4096 ) (0 384 -4096 ) 
4 173 235 (0 640 -64 ) (0 640 -4096 ) (0 400 -4096 ) (0 400 -64 ) 
4 173 234 (0 400 64 ) (0 624 64 ) (0 624 -64 ) (0 400 -64 ) 
4 173 206 (0 640 64 ) (0 768 64 ) (0 768 -4096 ) (0 640 -4096 ) 
4 174 194 (0 1008 736 ) (0 1008 976 ) (-64 1008 976 ) (-64 1008 736 ) 
4 175 201 (-192 1008 736 ) (-192 1008 976 ) (-256 1008 976 ) (-256 1008 736 ) 
4 175 176 (-256 1008 736 ) (-256 1008 976 ) (-256 1024 976 ) (-256 1024 736 ) 
4 176 209 (-384 1008 704 ) (-272 1008 704 ) (-272 1008 960 ) (-384 1008 960 ) 
4 176 208 (-272 1008 960 ) (-272 1008 976 ) (-384 1008 976 ) (-384 1008 960 ) 
4 176 202 (-272 1008 704 ) (-256 1008 704 ) (-256 1008 976 ) (-272 1008 976 ) 
4 177 203 (0 1008 192 ) (0 1008 704 ) (-256 1008 704 ) (-256 1008 192 ) 
4 177 178 (0 1008 192 ) (-256 1008 192 ) (-256 1024 192 ) (0 1024 192 ) 
4 178 210 (-272 1008 192 ) (-320 1008 192 ) (-320 1008 64 ) (-272 1008 64 ) 
4 178 205 (-256 1008 192 ) (-272 1008 192 ) (-272 1008 64 ) (-256 1008 64 ) 
4 178 204 (0 1008 64 ) (0 1008 192 ) (-256 1008 192 ) (-256 1008 64 ) 
4 178 179 (0 1008 64 ) (-256 1008 64 ) (-256 1024 64 ) (0 1024 64 ) 
4 179 206 (0 1008 -208 ) (0 1008 64 ) (-256 1008 64 ) (-256 1008 -208 ) 
4 179 180 (0 1008 -208 ) (-256 1008 -208 ) (-256 1024 -208 ) (0 1024 -208 ) 
4 180 206 (0 1008 -4096 ) (0 1008 -208 ) (-256 1008 -208 ) (-256 1008 -4096 ) 
4 182 189 (-576 1008 -208 ) (-576 1008 -192 ) (-576 1024 -192 ) (-576 1024 -208 ) 
4 183 291 (-1024 1008 976 ) (-1024 1008 1440 ) (-1024 1024 1440 ) (-1024 1024 976 ) 
4 183 208 (-1024 1008 1440 ) (-1024 1008 976 ) (-704 1008 976 ) (-704 1008 1440 ) 
4 184 213 (-704 1008 64 ) (-576 1008 64 ) (-576 1008 320 ) (-704 1008 320 ) 
4 185 186 (-768 1008 192 ) (-768 1008 320 ) (-768 1024 320 ) (-768 1024 192 ) 
4 186 295 (-1024 1008 64 ) (-1024 1008 512 ) (-1024 1024 512 ) (-1024 1024 64 ) 
4 186 292 (-1024 1008 512 ) (-1024 1008 960 ) (-1024 1024 960 ) (-1024 1024 512 ) 
4 186 214 (-1024 1008 960 ) (-1024 1008 64 ) (-768 1008 64 ) (-768 1008 960 ) 
4 186 187 (-768 1008 64 ) (-1024 1008 64 ) (-1024 1024 64 ) (-768 1024 64 ) 
4 187 295 (-1024 1008 31 ) (-1024 1008 64 ) (-1024 1024 64 ) (-1024 1024 31 ) 
4 187 218 (-1024 1008 48 ) (-1024 1008 31 ) (-768 1008 31 ) (-768 1008 48 ) 
4 187 216 (-1024 1008 64 ) (-1024 1008 48 ) (-768 1008 48 ) (-768 1008 64 ) 
4 187 192 (-1024 1024 31 ) (-768 1024 31 ) (-768 1008 31 ) (-1024 1008 31 ) 
4 189 190 (-672 1008 -208 ) (-672 1008 -192 ) (-672 1024 -192 ) (-672 1024 -208 ) 
4 191 193 (-768 1008 -4096 ) (-768 1008 -448 ) (-768 1024 -448 ) (-768 1024 -4096 ) 
4 192 295 (-1024 1008 -192 ) (-1024 1008 31 ) (-1024 1024 31 ) (-1024 1024 -192 ) 
4 192 218 (-1024 1008 31 ) (-1024 1008 -192 ) (-768 1008 -192 ) (-768 1008 31 ) 
4 193 300 (-1024 1008 -4096 ) (-1024 1008 -448 ) (-1024 1024 -448 ) (-1024 1024 -4096 ) 
4 193 218 (-1024 1008 -448 ) (-1024 1008 -4096 ) (-768 1008 -4096 ) (-768 1008 -448 ) 
4 194 229 (-32 640 1440 ) (-64 640 1440 ) (-64 640 736 ) (-32 640 736 ) 
4 194 226 (0 640 736 ) (0 640 1440 ) (-32 640 1440 ) (-32 640 736 ) 
4 194 200 (-64 896 736 ) (-64 640 736 ) (-64 640 1144 ) (-64 896 1144 ) 
4 194 195 (-64 1008 1440 ) (-64 1008 1144 ) (-64 640 1144 ) (-64 640 1440 ) 
4 195 229 (-80 640 1144 ) (-64 640 1144 ) (-64 640 1440 ) (-80 640 1440 ) 
4 195 200 (-64 896 1144 ) (-64 640 1144 ) (-80 640 1144 ) (-80 896 1144 ) 
4 195 196 (-80 912 1160 ) (-80 912 1440 ) (-80 1008 1440 ) (-80 1008 1160 ) 
4 195 197 (-80 912 1144 ) (-80 640 1144 ) (-80 640 1440 ) (-80 912 1440 ) 
4 196 197 (-176 912 1440 ) (-176 912 1160 ) (-80 912 1160 ) (-80 912 1440 ) 
4 196 198 (-176 912 1160 ) (-176 912 1440 ) (-176 1008 1440 ) (-176 1008 1160 ) 
4 197 229 (-176 640 1144 ) (-80 640 1144 ) (-80 640 1440 ) (-176 640 1440 ) 
4 197 200 (-80 896 1144 ) (-80 640 1144 ) (-176 640 1144 ) (-176 896 1144 ) 
4 197 198 (-176 912 1144 ) (-176 640 1144 ) (-176 640 1440 ) (-176 912 1440 ) 
4 198 229 (-192 640 1440 ) (-192 640 1144 ) (-176 640 1144 ) (-176 640 1440 ) 
4 198 201 (-192 1008 1440 ) (-192 1008 1144 ) (-192 640 1144 ) (-192 640 1440 ) 
4 198 200 (-192 640 1144 ) (-192 896 1144 ) (-176 896 1144 ) (-176 640 1144 ) 
4 199 203 (-176 1008 704 ) (-80 1008 704 ) (-80 912 704 ) (-176 912 704 ) 
4 200 229 (-192 640 1144 ) (-192 640 736 ) (-64 640 736 ) (-64 640 1144 ) 
4 200 201 (-192 640 736 ) (-192 640 1144 ) (-192 896 1144 ) (-192 896 736 ) 
4 201 231 (-224 640 1440 ) (-256 640 1440 ) (-256 640 736 ) (-224 640 736 ) 
4 201 229 (-192 640 736 ) (-192 640 1440 ) (-224 640 1440 ) (-224 640 736 ) 
4 201 202 (-256 640 736 ) (-256 640 1440 ) (-256 1008 1440 ) (-256 1008 736 ) 
4 202 236 (-272 640 1440 ) (-272 640 704 ) (-256 640 704 ) (-256 640 1440 ) 
4 202 219 (-272 896 704 ) (-272 880 704 ) (-272 880 1440 ) (-272 896 1440 ) 
4 202 220 (-272 880 704 ) (-272 640 704 ) (-272 640 1440 ) (-272 880 1440 ) 
4 202 209 (-272 1008 960 ) (-272 1008 704 ) (-272 896 704 ) (-272 896 960 ) 
4 202 208 (-272 1008 1440 ) (-272 1008 960 ) (-272 896 960 ) (-272 896 1440 ) 
4 203 231 (-224 640 704 ) (-256 640 704 ) (-256 640 192 ) (-224 640 192 ) 
4 203 226 (0 640 192 ) (0 640 704 ) (-32 640 704 ) (-32 640 192 ) 
4 203 204 (0 640 192 ) (-256 640 192 ) (-256 1008 192 ) (0 1008 192 ) 
4 204 206 (0 640 64 ) (-256 640 64 ) (-256 1008 64 ) (0 1008 64 ) 
4 204 205 (-256 1008 64 ) (-256 896 64 ) (-256 896 192 ) (-256 1008 192 ) 
4 205 210 (-272 1008 192 ) (-272 1008 64 ) (-272 896 64 ) (-272 896 192 ) 
4 206 235 (0 640 -4096 ) (0 640 -64 ) (-256 640 -64 ) (-256 640 -4096 ) 
4 206 207 (-256 1008 -4096 ) (-256 640 -4096 ) (-256 640 -192 ) (-256 1008 -192 ) 
4 207 236 (-272 640 -192 ) (-272 640 -4096 ) (-256 640 -4096 ) (-256 640 -192 ) 
4 207 221 (-272 896 -4096 ) (-272 880 -4096 ) (-272 880 -192 ) (-272 896 -192 ) 
4 207 222 (-272 880 -4096 ) (-272 640 -4096 ) (-272 640 -192 ) (-272 880 -192 ) 
4 207 217 (-272 1008 -192 ) (-272 1008 -4096 ) (-272 896 -4096 ) (-272 896 -192 ) 
4 208 293 (-1024 896 960 ) (-1024 896 1440 ) (-1024 1008 1440 ) (-1024 1008 960 ) 
4 208 224 (-416 896 1440 ) (-768 896 1440 ) (-768 896 960 ) (-416 896 960 ) 
4 208 223 (-400 896 1440 ) (-416 896 1440 ) (-416 896 960 ) (-400 896 960 ) 
4 208 225 (-768 896 1440 ) (-1024 896 1440 ) (-1024 896 960 ) (-768 896 960 ) 
4 208 219 (-272 896 960 ) (-272 896 1440 ) (-400 896 1440 ) (-400 896 960 ) 
4 208 214 (-768 896 960 ) (-1024 896 960 ) (-1024 1008 960 ) (-768 1008 960 ) 
4 208 212 (-400 896 960 ) (-416 896 960 ) (-416 1008 960 ) (-400 1008 960 ) 
4 208 211 (-384 896 960 ) (-400 896 960 ) (-400 1008 960 ) (-384 1008 960 ) 
4 208 209 (-272 896 960 ) (-384 896 960 ) (-384 1008 960 ) (-272 1008 960 ) 
4 209 219 (-272 896 576 ) (-272 896 960 ) (-384 896 960 ) (-384 896 576 ) 
4 209 211 (-384 896 576 ) (-384 896 960 ) (-384 1008 960 ) (-384 1008 576 ) 
4 211 219 (-384 896 960 ) (-400 896 960 ) (-400 896 576 ) (-384 896 576 ) 
4 211 212 (-400 896 576 ) (-400 896 960 ) (-400 1008 960 ) (-400 1008 576 ) 
4 212 223 (-400 896 960 ) (-416 896 960 ) (-416 896 64 ) (-400 896 64 ) 
4 212 215 (-400 896 64 ) (-416 896 64 ) (-416 1008 64 ) (-400 1008 64 ) 
4 214 296 (-1024 896 64 ) (-1024 896 512 ) (-1024 1008 512 ) (-1024 1008 64 ) 
4 214 293 (-1024 896 512 ) (-1024 896 960 ) (-1024 1008 960 ) (-1024 1008 512 ) 
4 214 225 (-768 896 960 ) (-1024 896 960 ) (-1024 896 64 ) (-768 896 64 ) 
4 214 216 (-768 896 64 ) (-1024 896 64 ) (-1024 1008 64 ) (-768 1008 64 ) 
4 215 223 (-400 896 64 ) (-416 896 64 ) (-416 896 48 ) (-400 896 48 ) 
4 215 217 (-400 896 48 ) (-416 896 48 ) (-416 1008 48 ) (-400 1008 48 ) 
4 216 296 (-1024 896 48 ) (-1024 896 64 ) (-1024 1008 64 ) (-1024 1008 48 ) 
4 216 225 (-768 896 64 ) (-1024 896 64 ) (-1024 896 48 ) (-768 896 48 ) 
4 216 218 (-768 896 48 ) (-1024 896 48 ) (-1024 1008 48 ) (-768 1008 48 ) 
4 217 223 (-400 896 48 ) (-416 896 48 ) (-416 896 -4096 ) (-400 896 -4096 ) 
4 217 221 (-272 896 -4096 ) (-272 896 48 ) (-400 896 48 ) (-400 896 -4096 ) 
4 218 300 (-1024 896 -4096 ) (-1024 896 -448 ) (-1024 1008 -448 ) (-1024 1008 -4096 ) 
4 218 296 (-1024 896 -448 ) (-1024 896 48 ) (-1024 1008 48 ) (-1024 1008 -448 ) 
4 218 225 (-768 896 48 ) (-1024 896 48 ) (-1024 896 -4096 ) (-768 896 -4096 ) 
4 219 223 (-400 896 1440 ) (-400 896 576 ) (-400 880 576 ) (-400 880 1440 ) 
4 219 220 (-272 880 576 ) (-272 880 1440 ) (-400 880 1440 ) (-400 880 576 ) 
4 220 236 (-272 640 64 ) (-272 640 1440 ) (-400 640 1440 ) (-400 640 64 ) 
4 220 223 (-400 880 64 ) (-400 640 64 ) (-400 640 1440 ) (-400 880 1440 ) 
4 220 222 (-400 640 64 ) (-400 880 64 ) (-272 880 64 ) (-272 640 64 ) 
4 221 223 (-400 896 48 ) (-400 896 -4096 ) (-400 880 -4096 ) (-400 880 48 ) 
4 221 222 (-400 880 48 ) (-400 880 -4096 ) (-272 880 -4096 ) (-272 880 48 ) 
4 222 236 (-272 640 -4096 ) (-272 640 64 ) (-400 640 64 ) (-400 640 -4096 ) 
4 222 223 (-400 880 -4096 ) (-400 640 -4096 ) (-400 640 64 ) (-400 880 64 ) 
4 223 236 (-416 640 -4096 ) (-400 640 -4096 ) (-400 640 1440 ) (-416 640 1440 ) 
4 223 224 (-416 640 960 ) (-416 640 1440 ) (-416 896 1440 ) (-416 896 960 ) 
4 224 237 (-416 640 960 ) (-416 640 1440 ) (-768 640 1440 ) (-768 640 960 ) 
4 224 225 (-768 640 960 ) (-768 640 1440 ) (-768 896 1440 ) (-768 896 960 ) 
4 225 300 (-1024 640 -4096 ) (-1024 640 -448 ) (-1024 896 -448 ) (-1024 896 -4096 ) 
4 225 296 (-1024 640 -448 ) (-1024 640 512 ) (-1024 896 512 ) (-1024 896 -448 ) 
4 225 293 (-1024 640 512 ) (-1024 640 1440 ) (-1024 896 1440 ) (-1024 896 512 ) 
4 225 239 (-1024 640 1440 ) (-1024 640 -4096 ) (-768 640 -4096 ) (-768 640 1440 ) 
4 226 229 (-32 640 1440 ) (-32 640 704 ) (-32 632 704 ) (-32 632 1440 ) 
4 226 227 (-32 632 1440 ) (-32 632 704 ) (0 632 704 ) (0 632 1440 ) 
4 227 229 (-32 626 704 ) (-32 626 1440 ) (-32 632 1440 ) (-32 632 704 ) 
4 227 228 (-32 626 1440 ) (-32 626 704 ) (0 626 704 ) (0 626 1440 ) 
4 228 240 (0 400 192 ) (0 400 1440 ) (-32 400 1440 ) (-32 400 192 ) 
4 228 234 (0 400 192 ) (-32 400 192 ) (-32 624 192 ) (0 624 192 ) 
4 228 230 (-32 608 192 ) (-32 400 192 ) (-32 400 704 ) (-32 608 704 ) 
4 228 229 (-32 400 704 ) (-32 400 1440 ) (-32 626 1440 ) (-32 626 704 ) 
4 229 241 (-224 400 1440 ) (-224 400 704 ) (-64 400 704 ) (-64 400 1440 ) 
4 229 240 (-64 400 704 ) (-32 400 704 ) (-32 400 1440 ) (-64 400 1440 ) 
4 229 233 (-224 626 704 ) (-224 400 704 ) (-224 400 1440 ) (-224 626 1440 ) 
4 229 232 (-224 632 704 ) (-224 626 704 ) (-224 626 1440 ) (-224 632 1440 ) 
4 229 231 (-224 640 1440 ) (-224 640 704 ) (-224 632 704 ) (-224 632 1440 ) 
4 229 230 (-224 400 704 ) (-224 608 704 ) (-32 608 704 ) (-32 400 704 ) 
4 230 241 (-224 400 704 ) (-224 400 512 ) (-64 400 512 ) (-64 400 704 ) 
4 230 240 (-64 400 192 ) (-32 400 192 ) (-32 400 704 ) (-64 400 704 ) 
4 230 234 (-32 400 192 ) (-224 400 192 ) (-224 608 192 ) (-32 608 192 ) 
4 230 233 (-224 608 192 ) (-224 400 192 ) (-224 400 704 ) (-224 608 704 ) 
4 231 236 (-256 640 1440 ) (-256 640 192 ) (-256 632 192 ) (-256 632 1440 ) 
4 231 232 (-256 632 1440 ) (-256 632 704 ) (-224 632 704 ) (-224 632 1440 ) 
4 232 236 (-256 626 704 ) (-256 626 1440 ) (-256 632 1440 ) (-256 632 704 ) 
4 232 233 (-256 626 1440 ) (-256 626 704 ) (-224 626 704 ) (-224 626 1440 ) 
4 233 241 (-256 400 1440 ) (-256 400 512 ) (-224 400 512 ) (-224 400 1440 ) 
4 233 236 (-256 626 192 ) (-256 400 192 ) (-256 400 1440 ) (-256 626 1440 ) 
4 233 234 (-224 400 192 ) (-256 400 192 ) (-256 624 192 ) (-224 624 192 ) 
4 234 240 (0 400 -64 ) (0 400 192 ) (-64 400 192 ) (-64 400 -64 ) 
4 234 236 (-256 624 -64 ) (-256 400 -64 ) (-256 400 192 ) (-256 624 192 ) 
4 234 235 (0 400 -64 ) (-256 400 -64 ) (-256 624 -64 ) (0 624 -64 ) 
4 235 242 (-256 400 -1536 ) (-256 400 -4096 ) (-64 400 -4096 ) (-64 400 -1536 ) 
4 235 240 (0 400 -4096 ) (0 400 -64 ) (-64 400 -64 ) (-64 400 -4096 ) 
4 235 236 (-256 640 -64 ) (-256 640 -4096 ) (-256 400 -4096 ) (-256 400 -64 ) 
4 236 242 (-256 400 -4096 ) (-256 400 -1536 ) (-416 400 -1536 ) (-416 400 -4096 ) 
4 236 241 (-256 400 512 ) (-256 400 1440 ) (-416 400 1440 ) (-416 400 512 ) 
4 236 237 (-416 544 960 ) (-416 544 1440 ) (-416 640 1440 ) (-416 640 960 ) 
4 236 238 (-416 544 -4096 ) (-416 400 -4096 ) (-416 400 1440 ) (-416 544 1440 ) 
4 237 238 (-768 544 1440 ) (-768 544 960 ) (-416 544 960 ) (-416 544 1440 ) 
4 237 239 (-768 544 960 ) (-768 544 1440 ) (-768 640 1440 ) (-768 640 960 ) 
4 238 244 (-768 400 -512 ) (-768 400 -4096 ) (-576 400 -4096 ) (-576 400 -512 ) 
4 238 243 (-576 400 1440 ) (-768 400 1440 ) (-768 400 512 ) (-576 400 512 ) 
4 238 242 (-576 400 -1536 ) (-576 400 -4096 ) (-416 400 -4096 ) (-416 400 -1536 ) 
4 238 241 (-416 400 1440 ) (-576 400 1440 ) (-576 400 512 ) (-416 400 512 ) 
4 238 239 (-768 544 -4096 ) (-768 400 -4096 ) (-768 400 1440 ) (-768 544 1440 ) 
4 239 308 (-1024 400 -4096 ) (-1024 400 1440 ) (-1024 432 1440 ) (-1024 432 -4096 ) 
4 239 302 (-1024 528 -4096 ) (-1024 432 -4096 ) (-1024 432 -256 ) (-1024 528 -256 ) 
4 239 301 (-1024 432 -256 ) (-1024 432 512 ) (-1024 528 512 ) (-1024 528 -256 ) 
4 239 300 (-1024 640 -448 ) (-1024 640 -4096 ) (-1024 528 -4096 ) (-1024 528 -448 ) 
4 239 296 (-1024 640 512 ) (-1024 640 -448 ) (-1024 528 -448 ) (-1024 528 512 ) 
4 239 293 (-1024 432 1440 ) (-1024 640 1440 ) (-1024 640 512 ) (-1024 432 512 ) 
4 239 244 (-1024 400 -512 ) (-1024 400 -4096 ) (-768 400 -4096 ) (-768 400 -512 ) 
4 239 243 (-768 400 1440 ) (-1024 400 1440 ) (-1024 400 512 ) (-768 400 512 ) 
4 240 245 (0 384 -4096 ) (0 384 1440 ) (-64 384 1440 ) (-64 384 -4096 ) 
4 240 242 (-64 400 -1536 ) (-64 400 -4096 ) (-64 384 -4096 ) (-64 384 -1536 ) 
4 240 241 (-64 400 1440 ) (-64 400 512 ) (-64 384 512 ) (-64 384 1440 ) 
4 241 245 (-64 384 512 ) (-64 384 1440 ) (-576 384 1440 ) (-576 384 512 ) 
4 241 243 (-576 400 1440 ) (-576 400 512 ) (-576 384 512 ) (-576 384 1440 ) 
4 242 245 (-64 384 -4096 ) (-64 384 -1536 ) (-576 384 -1536 ) (-576 384 -4096 ) 
4 242 244 (-576 400 -1536 ) (-576 400 -4096 ) (-576 384 -4096 ) (-576 384 -1536 ) 
4 243 311 (-1024 384 512 ) (-1024 384 1440 ) (-1024 400 1440 ) (-1024 400 512 ) 
4 243 245 (-1024 384 1440 ) (-1024 384 512 ) (-576 384 512 ) (-576 384 1440 ) 
4 244 312 (-1024 384 -4096 ) (-1024 384 -512 ) (-1024 400 -512 ) (-1024 400 -4096 ) 
4 244 245 (-1024 384 -512 ) (-1024 384 -4096 ) (-576 384 -4096 ) (-576 384 -512 ) 
4 245 334 (-1024 0 -4096 ) (-1024 0 -2560 ) (-1024 320 -2560 ) (-1024 320 -4096 ) 
4 245 330 (-1024 0 -2560 ) (-1024 0 -896 ) (-1024 320 -896 ) (-1024 320 -2560 ) 
4 245 321 (-1024 0 -896 ) (-1024 0 1440 ) (-1024 320 1440 ) (-1024 320 -896 ) 
4 245 319 (-1024 320 1440 ) (-1024 368 1440 ) (-1024 368 -4096 ) (-1024 320 -4096 ) 
4 245 316 (-1024 368 1440 ) (-1024 384 1440 ) (-1024 384 -4096 ) (-1024 368 -4096 ) 
4 245 250 (-1024 0 1440 ) (-1024 0 -4096 ) (0 0 -4096 ) (0 0 1440 ) 
4 246 249 (192 -64 512 ) (192 -64 1440 ) (176 -64 1440 ) (176 -64 512 ) 
4 246 248 (176 -64 512 ) (176 -64 1440 ) (176 0 1440 ) (176 0 512 ) 
4 247 249 (192 -64 -4096 ) (192 -64 -1536 ) (176 -64 -1536 ) (176 -64 -4096 ) 
4 247 248 (176 -64 -4096 ) (176 -64 -1536 ) (176 0 -1536 ) (176 0 -4096 ) 
4 248 250 (0 0 1440 ) (0 0 -4096 ) (0 -64 -4096 ) (0 -64 1440 ) 
4 248 249 (176 -64 -4096 ) (176 -64 1440 ) (0 -64 1440 ) (0 -64 -4096 ) 
4 249 251 (832 -1024 1440 ) (0 -1024 1440 ) (0 -1024 -4096 ) (832 -1024 -4096 ) 
4 249 250 (0 -1024 -4096 ) (0 -1024 1440 ) (0 -64 1440 ) (0 -64 -4096 ) 
4 250 425 (-1024 -1024 -4096 ) (-1024 -1024 -2560 ) (-1024 0 -2560 ) (-1024 0 -4096 ) 
4 250 424 (-1024 -1024 -2560 ) (-1024 -1024 1440 ) (-1024 0 1440 ) (-1024 0 -2560 ) 
4 250 252 (-1024 -1024 1440 ) (-1024 -1024 -4096 ) (0 -1024 -4096 ) (0 -1024 1440 ) 
4 251 252 (0 -1024 1440 ) (0 -1024 -4096 ) (0 -1152 -4096 ) (0 -1152 1440 ) 
4 252 434 (-1024 -1152 1440 ) (-1024 -1024 1440 ) (-1024 -1024 -4096 ) (-1024 -1152 -4096 ) 
4 253 469 (-1024 -3072 -224 ) (-1024 -3072 288 ) (-1024 -2528 288 ) (-1024 -2528 -224 ) 
4 253 257 (-1024 -3072 288 ) (-1024 -3072 -224 ) (-672 -3072 -224 ) (-672 -3072 288 ) 
4 257 470 (-1024 -3808 -224 ) (-1024 -3808 288 ) (-1024 -3072 288 ) (-1024 -3072 -224 ) 
4 258 261 (-1024 4096 -4096 ) (-1024 4096 1440 ) (-2048 4096 1440 ) (-2048 4096 -4096 ) 
4 258 259 (-2048 4096 -4096 ) (-2048 4096 1440 ) (-2048 5120 1440 ) (-2048 5120 -4096 ) 
4 259 262 (-2048 4096 -4096 ) (-2048 4096 1440 ) (-3072 4096 1440 ) (-3072 4096 -4096 ) 
4 259 260 (-3072 4096 -4096 ) (-3072 4096 1440 ) (-3072 5120 1440 ) (-3072 5120 -4096 ) 
4 260 263 (-3072 4096 -4096 ) (-3072 4096 1440 ) (-3840 4096 1440 ) (-3840 4096 -4096 ) 
4 261 264 (-1024 3072 -4096 ) (-1024 3072 1440 ) (-2048 3072 1440 ) (-2048 3072 -4096 ) 
4 261 262 (-2048 3072 -4096 ) (-2048 3072 1440 ) (-2048 4096 1440 ) (-2048 4096 -4096 ) 
4 262 287 (-2048 3072 -4096 ) (-2048 3072 1440 ) (-3072 3072 1440 ) (-3072 3072 -4096 ) 
4 262 263 (-3072 4096 1440 ) (-3072 4096 -4096 ) (-3072 3072 -4096 ) (-3072 3072 1440 ) 
4 263 288 (-3840 3072 -4096 ) (-3072 3072 -4096 ) (-3072 3072 1440 ) (-3840 3072 1440 ) 
4 264 287 (-2048 3072 1440 ) (-2048 3072 -4096 ) (-2048 2048 -4096 ) (-2048 2048 1440 ) 
4 264 286 (-1024 2048 -4096 ) (-1024 2048 -448 ) (-2048 2048 -448 ) (-2048 2048 -4096 ) 
4 264 284 (-1152 2048 -432 ) (-1168 2048 -432 ) (-1168 2048 -448 ) (-1152 2048 -448 ) 
4 264 285 (-1168 2048 -432 ) (-2048 2048 -432 ) (-2048 2048 -448 ) (-1168 2048 -448 ) 
4 264 283 (-1056 2048 -432 ) (-1152 2048 -432 ) (-1152 2048 -448 ) (-1056 2048 -448 ) 
4 264 281 (-1024 2048 -448 ) (-1024 2048 -432 ) (-1056 2048 -432 ) (-1056 2048 -448 ) 
4 264 279 (-1152 2048 -192 ) (-1168 2048 -192 ) (-1168 2048 -432 ) (-1152 2048 -432 ) 
4 264 280 (-1168 2048 -192 ) (-2048 2048 -192 ) (-2048 2048 -432 ) (-1168 2048 -432 ) 
4 264 272 (-1024 2048 -432 ) (-1024 2048 -192 ) (-1152 2048 -192 ) (-1152 2048 -432 ) 
4 264 268 (-1152 2048 1440 ) (-1168 2048 1440 ) (-1168 2048 -192 ) (-1152 2048 -192 ) 
4 264 271 (-1168 2048 1440 ) (-2048 2048 1440 ) (-2048 2048 -192 ) (-1168 2048 -192 ) 
4 264 266 (-1024 2048 960 ) (-1024 2048 976 ) (-1152 2048 976 ) (-1152 2048 960 ) 
4 264 267 (-1024 2048 -192 ) (-1024 2048 960 ) (-1152 2048 960 ) (-1152 2048 -192 ) 
4 264 265 (-1024 2048 976 ) (-1024 2048 1440 ) (-1152 2048 1440 ) (-1152 2048 976 ) 
4 265 291 (-1024 1024 976 ) (-1024 1024 1440 ) (-1152 1024 1440 ) (-1152 1024 976 ) 
4 265 269 (-1152 1728 1440 ) (-1152 1744 1440 ) (-1152 1744 976 ) (-1152 1728 976 ) 
4 265 268 (-1152 1744 1440 ) (-1152 2048 1440 ) (-1152 2048 976 ) (-1152 1744 976 ) 
4 265 270 (-1152 1024 976 ) (-1152 1024 1440 ) (-1152 1728 1440 ) (-1152 1728 976 ) 
4 265 266 (-1152 1728 976 ) (-1152 2048 976 ) (-1024 2048 976 ) (-1024 1728 976 ) 
4 266 269 (-1152 1728 976 ) (-1152 1744 976 ) (-1152 1744 960 ) (-1152 1728 960 ) 
4 266 268 (-1152 1744 976 ) (-1152 2048 976 ) (-1152 2048 960 ) (-1152 1744 960 ) 
4 266 267 (-1152 1728 960 ) (-1152 2048 960 ) (-1024 2048 960 ) (-1024 1728 960 ) 
4 267 295 (-1024 1024 -192 ) (-1024 1024 512 ) (-1152 1024 512 ) (-1152 1024 -192 ) 
4 267 292 (-1024 1024 512 ) (-1024 1024 960 ) (-1152 1024 960 ) (-1152 1024 512 ) 
4 267 274 (-1024 1504 -192 ) (-1024 1248 -192 ) (-1056 1248 -192 ) (-1056 1504 -192 ) 
4 267 272 (-1152 1744 -192 ) (-1152 2048 -192 ) (-1024 2048 -192 ) (-1024 1744 -192 ) 
4 267 269 (-1152 1728 0 ) (-1152 1728 960 ) (-1152 1744 960 ) (-1152 1744 0 ) 
4 267 268 (-1152 2048 -192 ) (-1152 1744 -192 ) (-1152 1744 960 ) (-1152 2048 960 ) 
4 267 270 (-1152 1728 -192 ) (-1152 1024 -192 ) (-1152 1024 960 ) (-1152 1728 960 ) 
4 268 279 (-1168 1744 -192 ) (-1168 2048 -192 ) (-1152 2048 -192 ) (-1152 1744 -192 ) 
4 268 269 (-1168 1744 1440 ) (-1168 1744 0 ) (-1152 1744 0 ) (-1152 1744 1440 ) 
4 268 271 (-1168 2048 -192 ) (-1168 1744 -192 ) (-1168 1744 1440 ) (-1168 2048 1440 ) 
4 269 271 (-1168 1728 0 ) (-1168 1728 1440 ) (-1168 1744 1440 ) (-1168 1744 0 ) 
4 269 270 (-1168 1728 1440 ) (-1168 1728 0 ) (-1152 1728 0 ) (-1152 1728 1440 ) 
4 270 295 (-1168 1024 -192 ) (-1152 1024 -192 ) (-1152 1024 512 ) (-1168 1024 512 ) 
4 270 294 (-1152 1024 512 ) (-1152 1024 1440 ) (-1168 1024 1440 ) (-1168 1024 512 ) 
4 270 271 (-1168 1728 -192 ) (-1168 1024 -192 ) (-1168 1024 1440 ) (-1168 1728 1440 ) 
4 271 306 (-2048 1024 -32 ) (-2048 1024 -192 ) (-1920 1024 -192 ) (-1920 1024 -32 ) 
4 271 305 (-2048 1024 0 ) (-2048 1024 -32 ) (-1920 1024 -32 ) (-1920 1024 0 ) 
4 271 303 (-2048 1024 1440 ) (-2048 1024 0 ) (-1920 1024 0 ) (-1920 1024 1440 ) 
4 271 298 (-1920 1024 -192 ) (-1808 1024 -192 ) (-1808 1024 512 ) (-1920 1024 512 ) 
4 271 297 (-1808 1024 -192 ) (-1168 1024 -192 ) (-1168 1024 512 ) (-1808 1024 512 ) 
4 271 294 (-1168 1024 512 ) (-1168 1024 1440 ) (-1920 1024 1440 ) (-1920 1024 512 ) 
4 271 289 (-2048 1024 -192 ) (-2048 1024 1440 ) (-2048 2048 1440 ) (-2048 2048 -192 ) 
4 271 280 (-1168 1024 -192 ) (-2048 1024 -192 ) (-2048 2048 -192 ) (-1168 2048 -192 ) 
4 272 283 (-1056 1744 -432 ) (-1152 1744 -432 ) (-1152 2048 -432 ) (-1056 2048 -432 ) 
4 272 281 (-1024 2048 -432 ) (-1024 1744 -432 ) (-1056 1744 -432 ) (-1056 2048 -432 ) 
4 272 279 (-1152 2048 -432 ) (-1152 1744 -432 ) (-1152 1744 -192 ) (-1152 2048 -192 ) 
4 273 277 (-1152 1536 -208 ) (-1152 1536 -432 ) (-1088 1536 -432 ) (-1088 1536 -208 ) 
4 274 275 (-1024 1248 -208 ) (-1056 1248 -208 ) (-1056 1504 -208 ) (-1024 1504 -208 ) 
4 275 276 (-1024 1248 -216 ) (-1056 1248 -216 ) (-1056 1504 -216 ) (-1024 1504 -216 ) 
4 276 282 (-1024 1504 -432 ) (-1024 1248 -432 ) (-1056 1248 -432 ) (-1056 1504 -432 ) 
4 277 278 (-1152 1216 -208 ) (-1152 1216 -432 ) (-1088 1216 -432 ) (-1088 1216 -208 ) 
4 279 284 (-1168 1744 -432 ) (-1168 2048 -432 ) (-1152 2048 -432 ) (-1152 1744 -432 ) 
4 279 280 (-1168 2048 -432 ) (-1168 1744 -432 ) (-1168 1744 -192 ) (-1168 2048 -192 ) 
4 280 307 (-2048 1024 -256 ) (-2048 1024 -432 ) (-1920 1024 -432 ) (-1920 1024 -256 ) 
4 280 306 (-1920 1024 -192 ) (-2048 1024 -192 ) (-2048 1024 -256 ) (-1920 1024 -256 ) 
4 280 298 (-1808 1024 -192 ) (-1920 1024 -192 ) (-1920 1024 -432 ) (-1808 1024 -432 ) 
4 280 297 (-1168 1024 -192 ) (-1808 1024 -192 ) (-1808 1024 -432 ) (-1168 1024 -432 ) 
4 280 289 (-2048 1024 -432 ) (-2048 1024 -192 ) (-2048 2048 -192 ) (-2048 2048 -432 ) 
4 280 285 (-1168 1024 -432 ) (-2048 1024 -432 ) (-2048 2048 -432 ) (-1168 2048 -432 ) 
4 281 286 (-1056 1744 -448 ) (-1056 2048 -448 ) (-1024 2048 -448 ) (-1024 1744 -448 ) 
4 281 283 (-1056 2048 -448 ) (-1056 1744 -448 ) (-1056 1744 -432 ) (-1056 2048 -432 ) 
4 282 286 (-1056 1248 -448 ) (-1056 1504 -448 ) (-1024 1504 -448 ) (-1024 1248 -448 ) 
4 283 286 (-1152 1744 -448 ) (-1152 2048 -448 ) (-1056 2048 -448 ) (-1056 1744 -448 ) 
4 283 284 (-1152 2048 -448 ) (-1152 1744 -448 ) (-1152 1744 -432 ) (-1152 2048 -432 ) 
4 284 286 (-1168 1744 -448 ) (-1168 2048 -448 ) (-1152 2048 -448 ) (-1152 1744 -448 ) 
4 284 285 (-1168 2048 -448 ) (-1168 1744 -448 ) (-1168 1744 -432 ) (-1168 2048 -432 ) 
4 285 307 (-1920 1024 -432 ) (-2048 1024 -432 ) (-2048 1024 -448 ) (-1920 1024 -448 ) 
4 285 298 (-1808 1024 -432 ) (-1920 1024 -432 ) (-1920 1024 -448 ) (-1808 1024 -448 ) 
4 285 297 (-1168 1024 -432 ) (-1808 1024 -432 ) (-1808 1024 -448 ) (-1168 1024 -448 ) 
4 285 289 (-2048 1024 -448 ) (-2048 1024 -432 ) (-2048 2048 -432 ) (-2048 2048 -448 ) 
4 285 286 (-1168 1024 -448 ) (-2048 1024 -448 ) (-2048 2048 -448 ) (-1168 2048 -448 ) 
4 286 307 (-1920 1024 -448 ) (-2048 1024 -448 ) (-2048 1024 -4096 ) (-1920 1024 -4096 ) 
4 286 300 (-1024 1024 -4096 ) (-1024 1024 -448 ) (-1920 1024 -448 ) (-1920 1024 -4096 ) 
4 286 289 (-2048 1024 -4096 ) (-2048 1024 -448 ) (-2048 2048 -448 ) (-2048 2048 -4096 ) 
4 287 289 (-2048 2048 -4096 ) (-2048 2048 1440 ) (-3072 2048 1440 ) (-3072 2048 -4096 ) 
4 287 288 (-3072 3072 1440 ) (-3072 3072 -4096 ) (-3072 2048 -4096 ) (-3072 2048 1440 ) 
4 288 290 (-3840 2048 -4096 ) (-3072 2048 -4096 ) (-3072 2048 1440 ) (-3840 2048 1440 ) 
4 289 359 (-3072 1024 -2560 ) (-3072 1024 -4096 ) (-2624 1024 -4096 ) (-2624 1024 -2560 ) 
4 289 357 (-2880 1024 -2560 ) (-2624 1024 -2560 ) (-2624 1024 256 ) (-2880 1024 256 ) 
4 289 358 (-3072 1024 256 ) (-3072 1024 -2560 ) (-2880 1024 -2560 ) (-2880 1024 256 ) 
4 289 356 (-2624 1024 -4096 ) (-2432 1024 -4096 ) (-2432 1024 -256 ) (-2624 1024 -256 ) 
4 289 354 (-2432 1024 -256 ) (-2432 1024 0 ) (-2624 1024 0 ) (-2624 1024 -256 ) 
4 289 350 (-2432 1024 0 ) (-2432 1024 256 ) (-2624 1024 256 ) (-2624 1024 0 ) 
4 289 348 (-2880 1024 256 ) (-2624 1024 256 ) (-2624 1024 512 ) (-2880 1024 512 ) 
4 289 349 (-3072 1024 512 ) (-3072 1024 256 ) (-2880 1024 256 ) (-2880 1024 512 ) 
4 289 346 (-2624 1024 256 ) (-2432 1024 256 ) (-2432 1024 512 ) (-2624 1024 512 ) 
4 289 345 (-2432 1024 1440 ) (-3072 1024 1440 ) (-3072 1024 512 ) (-2432 1024 512 ) 
4 289 344 (-2048 1024 -4096 ) (-2048 1024 -256 ) (-2432 1024 -256 ) (-2432 1024 -4096 ) 
4 289 343 (-2048 1024 -256 ) (-2048 1024 -32 ) (-2432 1024 -32 ) (-2432 1024 -256 ) 
4 289 342 (-2048 1024 -32 ) (-2048 1024 0 ) (-2432 1024 0 ) (-2432 1024 -32 ) 
4 289 341 (-2048 1024 0 ) (-2048 1024 254 ) (-2432 1024 254 ) (-2432 1024 0 ) 
4 289 340 (-2048 1024 254 ) (-2048 1024 264 ) (-2432 1024 264 ) (-2432 1024 254 ) 
4 289 339 (-2304 1024 272 ) (-2432 1024 272 ) (-2432 1024 264 ) (-2304 1024 264 ) 
4 289 338 (-2048 1024 264 ) (-2048 1024 272 ) (-2304 1024 272 ) (-2304 1024 264 ) 
4 289 335 (-2048 1024 272 ) (-2048 1024 1440 ) (-2432 1024 1440 ) (-2432 1024 272 ) 
4 289 290 (-3072 2048 1440 ) (-3072 2048 -4096 ) (-3072 1024 -4096 ) (-3072 1024 1440 ) 
4 290 422 (-3072 1024 -4096 ) (-3072 1024 1440 ) (-3840 1024 1440 ) (-3840 1024 -4096 ) 
4 291 294 (-1152 1008 976 ) (-1152 1008 1440 ) (-1152 1024 1440 ) (-1152 1024 976 ) 
4 291 293 (-1152 1008 1440 ) (-1152 1008 976 ) (-1024 1008 976 ) (-1024 1008 1440 ) 
4 292 295 (-1152 1008 512 ) (-1152 1024 512 ) (-1024 1024 512 ) (-1024 1008 512 ) 
4 292 293 (-1152 1008 960 ) (-1152 1008 512 ) (-1024 1008 512 ) (-1024 1008 960 ) 
4 292 294 (-1152 1024 512 ) (-1152 1008 512 ) (-1152 1008 960 ) (-1152 1024 960 ) 
4 293 308 (-1024 432 512 ) (-1024 432 1440 ) (-1152 432 1440 ) (-1152 432 512 ) 
4 293 301 (-1024 432 512 ) (-1152 432 512 ) (-1152 528 512 ) (-1024 528 512 ) 
4 293 296 (-1152 528 512 ) (-1152 1008 512 ) (-1024 1008 512 ) (-1024 528 512 ) 
4 293 294 (-1152 1008 512 ) (-1152 432 512 ) (-1152 432 1440 ) (-1152 1008 1440 ) 
4 294 309 (-1808 432 1440 ) (-1920 432 1440 ) (-1920 432 512 ) (-1808 432 512 ) 
4 294 308 (-1152 432 1440 ) (-1808 432 1440 ) (-1808 432 512 ) (-1152 432 512 ) 
4 294 304 (-1920 432 512 ) (-1920 432 1440 ) (-1920 464 1440 ) (-1920 464 512 ) 
4 294 303 (-1920 464 1440 ) (-1920 1024 1440 ) (-1920 1024 512 ) (-1920 464 512 ) 
4 294 301 (-1152 432 512 ) (-1792 432 512 ) (-1792 528 512 ) (-1152 528 512 ) 
4 294 298 (-1920 656 512 ) (-1920 1024 512 ) (-1808 1024 512 ) (-1808 656 512 ) 
4 294 295 (-1168 1024 512 ) (-1152 1024 512 ) (-1152 1008 512 ) (-1168 1008 512 ) 
4 294 296 (-1152 1008 512 ) (-1152 528 512 ) (-1168 528 512 ) (-1168 1008 512 ) 
4 294 297 (-1808 1024 512 ) (-1168 1024 512 ) (-1168 528 512 ) (-1808 528 512 ) 
4 295 296 (-1168 1008 512 ) (-1168 1008 -192 ) (-1024 1008 -192 ) (-1024 1008 512 ) 
4 295 297 (-1168 1008 -192 ) (-1168 1008 512 ) (-1168 1024 512 ) (-1168 1024 -192 ) 
4 296 302 (-1024 528 -448 ) (-1024 528 -256 ) (-1168 528 -256 ) (-1168 528 -448 ) 
4 296 301 (-1024 528 -256 ) (-1024 528 512 ) (-1168 528 512 ) (-1168 528 -256 ) 
4 296 300 (-1024 528 -448 ) (-1168 528 -448 ) (-1168 1008 -448 ) (-1024 1008 -448 ) 
4 296 297 (-1168 1008 -448 ) (-1168 528 -448 ) (-1168 528 512 ) (-1168 1008 512 ) 
4 297 302 (-1808 528 -256 ) (-1808 528 -448 ) (-1168 528 -448 ) (-1168 528 -256 ) 
4 297 301 (-1168 528 512 ) (-1792 528 512 ) (-1792 528 -256 ) (-1168 528 -256 ) 
4 297 300 (-1168 528 -448 ) (-1808 528 -448 ) (-1808 1024 -448 ) (-1168 1024 -448 ) 
4 297 299 (-1808 656 -448 ) (-1808 528 -448 ) (-1808 528 448 ) (-1808 656 448 ) 
4 297 298 (-1808 1024 -448 ) (-1808 656 -448 ) (-1808 656 512 ) (-1808 1024 512 ) 
4 298 307 (-1920 1024 -256 ) (-1920 1024 -448 ) (-1920 656 -448 ) (-1920 656 -256 ) 
4 298 306 (-1920 1024 -32 ) (-1920 1024 -256 ) (-1920 656 -256 ) (-1920 656 -32 ) 
4 298 305 (-1920 1024 0 ) (-1920 1024 -32 ) (-1920 656 -32 ) (-1920 656 0 ) 
4 298 303 (-1920 656 512 ) (-1920 1024 512 ) (-1920 1024 0 ) (-1920 656 0 ) 
4 298 300 (-1920 656 -448 ) (-1920 1024 -448 ) (-1808 1024 -448 ) (-1808 656 -448 ) 
4 298 299 (-1920 656 -448 ) (-1808 656 -448 ) (-1808 656 448 ) (-1920 656 448 ) 
4 299 307 (-1920 528 -448 ) (-1920 528 -256 ) (-1920 656 -256 ) (-1920 656 -448 ) 
4 299 303 (-1920 528 0 ) (-1920 528 448 ) (-1920 656 448 ) (-1920 656 0 ) 
4 299 302 (-1920 528 -256 ) (-1920 528 -448 ) (-1808 528 -448 ) (-1808 528 -256 ) 
4 299 300 (-1808 528 -448 ) (-1920 528 -448 ) (-1920 656 -448 ) (-1808 656 -448 ) 
4 300 307 (-1920 528 -4096 ) (-1920 528 -448 ) (-1920 1024 -448 ) (-1920 1024 -4096 ) 
4 300 302 (-1024 528 -4096 ) (-1024 528 -448 ) (-1920 528 -448 ) (-1920 528 -4096 ) 
4 301 308 (-1024 432 -256 ) (-1024 432 512 ) (-1792 432 512 ) (-1792 432 -256 ) 
4 301 302 (-1024 432 -256 ) (-1792 432 -256 ) (-1792 528 -256 ) (-1024 528 -256 ) 
4 302 310 (-1808 432 -256 ) (-1920 432 -256 ) (-1920 432 -4096 ) (-1808 432 -4096 ) 
4 302 308 (-1024 432 -4096 ) (-1024 432 -256 ) (-1808 432 -256 ) (-1808 432 -4096 ) 
4 302 307 (-1920 432 -4096 ) (-1920 432 -256 ) (-1920 528 -256 ) (-1920 528 -4096 ) 
4 303 341 (-2048 1024 254 ) (-2048 1024 0 ) (-2048 464 0 ) (-2048 464 254 ) 
4 303 340 (-2048 1024 264 ) (-2048 1024 254 ) (-2048 464 254 ) (-2048 464 264 ) 
4 303 338 (-2048 1024 272 ) (-2048 1024 264 ) (-2048 464 264 ) (-2048 464 272 ) 
4 303 336 (-2048 464 1440 ) (-2048 720 1440 ) (-2048 720 512 ) (-2048 464 512 ) 
4 303 337 (-2048 720 448 ) (-2048 720 272 ) (-2048 464 272 ) (-2048 464 448 ) 
4 303 335 (-2048 720 1440 ) (-2048 1024 1440 ) (-2048 1024 272 ) (-2048 720 272 ) 
4 303 305 (-1920 1024 0 ) (-1920 656 0 ) (-2048 656 0 ) (-2048 1024 0 ) 
4 303 304 (-1920 464 512 ) (-1920 464 1440 ) (-2048 464 1440 ) (-2048 464 512 ) 
4 304 360 (-2048 432 512 ) (-2048 432 1440 ) (-2048 464 1440 ) (-2048 464 512 ) 
4 304 309 (-1920 432 512 ) (-1920 432 1440 ) (-2048 432 1440 ) (-2048 432 512 ) 
4 305 342 (-2048 656 0 ) (-2048 1024 0 ) (-2048 1024 -32 ) (-2048 656 -32 ) 
4 305 306 (-2048 1024 -32 ) (-1920 1024 -32 ) (-1920 656 -32 ) (-2048 656 -32 ) 
4 306 343 (-2048 656 -32 ) (-2048 1024 -32 ) (-2048 1024 -256 ) (-2048 656 -256 ) 
4 306 307 (-1920 1024 -256 ) (-1920 656 -256 ) (-2048 656 -256 ) (-2048 1024 -256 ) 
4 307 370 (-2048 432 -4096 ) (-2048 432 -256 ) (-2048 464 -256 ) (-2048 464 -4096 ) 
4 307 344 (-2048 464 -256 ) (-2048 1024 -256 ) (-2048 1024 -4096 ) (-2048 464 -4096 ) 
4 307 310 (-1920 432 -4096 ) (-1920 432 -256 ) (-2048 432 -256 ) (-2048 432 -4096 ) 
4 308 313 (-1808 400 -4096 ) (-1600 400 -4096 ) (-1600 400 1440 ) (-1808 400 1440 ) 
4 308 312 (-1600 400 -4096 ) (-1024 400 -4096 ) (-1024 400 -512 ) (-1600 400 -512 ) 
4 308 311 (-1024 400 512 ) (-1024 400 1440 ) (-1600 400 1440 ) (-1600 400 512 ) 
4 308 310 (-1808 432 -192 ) (-1808 432 -4096 ) (-1808 400 -4096 ) (-1808 400 -192 ) 
4 308 309 (-1808 432 1440 ) (-1808 432 448 ) (-1808 400 448 ) (-1808 400 1440 ) 
4 309 373 (-2048 400 448 ) (-2048 400 1440 ) (-2048 432 1440 ) (-2048 432 448 ) 
4 309 314 (-2048 400 1440 ) (-2048 400 448 ) (-1808 400 448 ) (-1808 400 1440 ) 
4 310 382 (-2048 400 -4096 ) (-2048 400 -192 ) (-2048 432 -192 ) (-2048 432 -4096 ) 
4 310 315 (-2048 400 -192 ) (-2048 400 -4096 ) (-1808 400 -4096 ) (-1808 400 -192 ) 
4 311 316 (-1024 384 512 ) (-1024 384 1440 ) (-1600 384 1440 ) (-1600 384 512 ) 
4 311 313 (-1600 400 1440 ) (-1600 400 512 ) (-1600 384 512 ) (-1600 384 1440 ) 
4 312 316 (-1024 384 -4096 ) (-1024 384 -512 ) (-1600 384 -512 ) (-1600 384 -4096 ) 
4 312 313 (-1600 400 -512 ) (-1600 400 -4096 ) (-1600 384 -4096 ) (-1600 384 -512 ) 
4 313 316 (-1600 384 -4096 ) (-1600 384 1440 ) (-1808 384 1440 ) (-1808 384 -4096 ) 
4 313 315 (-1808 400 -192 ) (-1808 400 -4096 ) (-1808 384 -4096 ) (-1808 384 -192 ) 
4 313 314 (-1808 400 1440 ) (-1808 400 448 ) (-1808 384 448 ) (-1808 384 1440 ) 
4 314 373 (-2048 384 448 ) (-2048 384 1440 ) (-2048 400 1440 ) (-2048 400 448 ) 
4 314 317 (-2048 384 1440 ) (-2048 384 448 ) (-1808 384 448 ) (-1808 384 1440 ) 
4 315 382 (-2048 384 -4096 ) (-2048 384 -192 ) (-2048 400 -192 ) (-2048 400 -4096 ) 
4 315 318 (-2048 384 -192 ) (-2048 384 -4096 ) (-1808 384 -4096 ) (-1808 384 -192 ) 
4 316 320 (-1808 368 -2560 ) (-1808 368 -4096 ) (-1792 368 -4096 ) (-1792 368 -2560 ) 
4 316 319 (-1024 368 -4096 ) (-1024 368 1440 ) (-1792 368 1440 ) (-1792 368 -4096 ) 
4 316 318 (-1808 384 -192 ) (-1808 384 -4096 ) (-1808 368 -4096 ) (-1808 368 -192 ) 
4 316 317 (-1808 384 1440 ) (-1808 384 448 ) (-1808 368 448 ) (-1808 368 1440 ) 
4 317 373 (-2048 368 448 ) (-2048 368 1440 ) (-2048 384 1440 ) (-2048 384 448 ) 
4 318 382 (-2048 368 -4096 ) (-2048 368 -192 ) (-2048 384 -192 ) (-2048 384 -4096 ) 
4 318 320 (-2048 368 -2560 ) (-2048 368 -4096 ) (-1808 368 -4096 ) (-1808 368 -2560 ) 
4 319 334 (-1024 320 -4096 ) (-1024 320 -2560 ) (-1792 320 -2560 ) (-1792 320 -4096 ) 
4 319 330 (-1024 320 -2560 ) (-1024 320 -896 ) (-1792 320 -896 ) (-1792 320 -2560 ) 
4 319 321 (-1024 320 -896 ) (-1024 320 1440 ) (-1792 320 1440 ) (-1792 320 -896 ) 
4 319 320 (-1792 368 -2560 ) (-1792 368 -4096 ) (-1792 320 -4096 ) (-1792 320 -2560 ) 
4 320 403 (-2048 320 -4096 ) (-2048 320 -2560 ) (-2048 368 -2560 ) (-2048 368 -4096 ) 
4 320 334 (-2048 320 -2560 ) (-2048 320 -4096 ) (-1792 320 -4096 ) (-1792 320 -2560 ) 
4 321 424 (-1024 0 -896 ) (-1024 0 1440 ) (-1792 0 1440 ) (-1792 0 -896 ) 
4 321 330 (-1792 320 -896 ) (-1024 320 -896 ) (-1024 0 -896 ) (-1792 0 -896 ) 
4 322 404 (-2048 112 1440 ) (-2048 304 1440 ) (-2048 304 800 ) (-2048 112 800 ) 
4 322 386 (-2048 304 1440 ) (-2048 320 1440 ) (-2048 320 800 ) (-2048 304 800 ) 
4 322 328 (-1920 112 1440 ) (-2048 112 1440 ) (-2048 112 800 ) (-1920 112 800 ) 
4 322 327 (-1824 112 800 ) (-1824 112 1440 ) (-1920 112 1440 ) (-1920 112 800 ) 
4 322 324 (-2048 176 800 ) (-2048 320 800 ) (-1920 320 800 ) (-1920 176 800 ) 
4 322 323 (-1824 112 800 ) (-1920 112 800 ) (-1920 320 800 ) (-1824 320 800 ) 
4 323 327 (-1824 112 128 ) (-1824 112 800 ) (-1920 112 800 ) (-1920 112 128 ) 
4 323 325 (-1824 112 128 ) (-1920 112 128 ) (-1920 320 128 ) (-1824 320 128 ) 
4 323 324 (-1920 320 128 ) (-1920 176 128 ) (-1920 176 800 ) (-1920 320 800 ) 
4 324 410 (-2048 304 128 ) (-2048 176 128 ) (-2048 176 192 ) (-2048 304 192 ) 
4 324 405 (-2048 176 192 ) (-2048 176 800 ) (-2048 304 800 ) (-2048 304 192 ) 
4 324 394 (-2048 320 192 ) (-2048 320 128 ) (-2048 304 128 ) (-2048 304 192 ) 
4 324 387 (-2048 320 512 ) (-2048 320 192 ) (-2048 304 192 ) (-2048 304 512 ) 
4 324 386 (-2048 320 800 ) (-2048 320 512 ) (-2048 304 512 ) (-2048 304 800 ) 
4 324 326 (-2048 176 128 ) (-2048 320 128 ) (-1920 320 128 ) (-1920 176 128 ) 
4 325 331 (-1920 320 -896 ) (-1824 320 -896 ) (-1824 112 -896 ) (-1920 112 -896 ) 
4 325 327 (-1920 112 -896 ) (-1824 112 -896 ) (-1824 112 128 ) (-1920 112 128 ) 
4 325 326 (-1920 320 -896 ) (-1920 176 -896 ) (-1920 176 128 ) (-1920 320 128 ) 
4 326 416 (-2048 304 -896 ) (-2048 176 -896 ) (-2048 176 -144 ) (-2048 304 -144 ) 
4 326 413 (-2048 176 -144 ) (-2048 176 128 ) (-2048 304 128 ) (-2048 304 -144 ) 
4 326 398 (-2048 320 -32 ) (-2048 320 -896 ) (-2048 304 -896 ) (-2048 304 -32 ) 
4 326 394 (-2048 320 128 ) (-2048 320 -32 ) (-2048 304 -32 ) (-2048 304 128 ) 
4 326 332 (-2048 176 -896 ) (-2048 320 -896 ) (-1920 320 -896 ) (-1920 176 -896 ) 
4 327 428 (-1920 0 768 ) (-1920 0 -896 ) (-1824 0 -896 ) (-1824 0 768 ) 
4 327 427 (-1920 0 800 ) (-1920 0 768 ) (-1824 0 768 ) (-1824 0 800 ) 
4 327 426 (-1824 0 1440 ) (-1920 0 1440 ) (-1920 0 800 ) (-1824 0 800 ) 
4 327 331 (-1920 112 -896 ) (-1824 112 -896 ) (-1824 0 -896 ) (-1920 0 -896 ) 
4 327 328 (-1920 112 1440 ) (-1920 112 800 ) (-1920 0 800 ) (-1920 0 1440 ) 
4 328 426 (-1920 0 1440 ) (-2048 0 1440 ) (-2048 0 800 ) (-1920 0 800 ) 
4 328 404 (-2048 0 800 ) (-2048 0 1440 ) (-2048 112 1440 ) (-2048 112 800 ) 
4 329 429 (-2048 0 768 ) (-2048 0 -896 ) (-1984 0 -896 ) (-1984 0 768 ) 
4 329 419 (-2048 0 -896 ) (-2048 0 128 ) (-2048 112 128 ) (-2048 112 -896 ) 
4 329 412 (-2048 0 128 ) (-2048 0 192 ) (-2048 112 192 ) (-2048 112 128 ) 
4 329 409 (-2048 0 192 ) (-2048 0 768 ) (-2048 112 768 ) (-2048 112 192 ) 
4 330 424 (-1024 0 -2560 ) (-1024 0 -896 ) (-1792 0 -896 ) (-1792 0 -2560 ) 
4 330 334 (-1024 0 -2560 ) (-1792 0 -2560 ) (-1792 320 -2560 ) (-1024 320 -2560 ) 
4 331 431 (-1824 0 -896 ) (-1920 0 -896 ) (-1920 0 -1632 ) (-1824 0 -1632 ) 
4 331 333 (-1920 176 -1632 ) (-1920 0 -1632 ) (-1920 0 -928 ) (-1920 176 -928 ) 
4 331 332 (-1920 320 -1632 ) (-1920 176 -1632 ) (-1920 176 -896 ) (-1920 320 -896 ) 
4 332 416 (-2048 176 -896 ) (-2048 304 -896 ) (-2048 304 -1632 ) (-2048 176 -1632 ) 
4 332 398 (-2048 304 -896 ) (-2048 320 -896 ) (-2048 320 -1632 ) (-2048 304 -1632 ) 
4 332 333 (-2048 176 -1632 ) (-1920 176 -1632 ) (-1920 176 -928 ) (-2048 176 -928 ) 
4 333 432 (-2048 0 -928 ) (-2048 0 -1632 ) (-1920 0 -1632 ) (-1920 0 -928 ) 
4 333 420 (-2048 0 -1632 ) (-2048 0 -928 ) (-2048 176 -928 ) (-2048 176 -1632 ) 
4 334 433 (-1824 0 -2560 ) (-2048 0 -2560 ) (-2048 0 -4096 ) (-1824 0 -4096 ) 
4 334 425 (-1024 0 -4096 ) (-1024 0 -2560 ) (-1824 0 -2560 ) (-1824 0 -4096 ) 
4 334 421 (-2048 0 -4096 ) (-2048 0 -2560 ) (-2048 176 -2560 ) (-2048 176 -4096 ) 
4 334 417 (-2048 176 -2560 ) (-2048 304 -2560 ) (-2048 304 -4096 ) (-2048 176 -4096 ) 
4 334 403 (-2048 304 -2560 ) (-2048 320 -2560 ) (-2048 320 -4096 ) (-2048 304 -4096 ) 
4 335 346 (-2432 1024 512 ) (-2432 1024 272 ) (-2432 720 272 ) (-2432 720 512 ) 
4 335 345 (-2432 720 1440 ) (-2432 1024 1440 ) (-2432 1024 512 ) (-2432 720 512 ) 
4 335 339 (-2432 720 272 ) (-2432 1024 272 ) (-2304 1024 272 ) (-2304 720 272 ) 
4 335 338 (-2304 1024 272 ) (-2048 1024 272 ) (-2048 720 272 ) (-2304 720 272 ) 
4 335 336 (-2048 720 512 ) (-2048 720 1440 ) (-2432 720 1440 ) (-2432 720 512 ) 
4 335 337 (-2432 720 272 ) (-2048 720 272 ) (-2048 720 448 ) (-2432 720 448 ) 
4 336 360 (-2048 464 512 ) (-2048 464 1440 ) (-2432 464 1440 ) (-2432 464 512 ) 
4 336 345 (-2432 464 512 ) (-2432 464 1440 ) (-2432 720 1440 ) (-2432 720 512 ) 
4 337 346 (-2432 656 448 ) (-2432 720 448 ) (-2432 720 272 ) (-2432 656 272 ) 
4 337 339 (-2432 496 272 ) (-2432 720 272 ) (-2304 720 272 ) (-2304 496 272 ) 
4 337 338 (-2048 464 272 ) (-2304 464 272 ) (-2304 720 272 ) (-2048 720 272 ) 
4 338 340 (-2048 464 264 ) (-2304 464 264 ) (-2304 1024 264 ) (-2048 1024 264 ) 
4 338 339 (-2304 1024 264 ) (-2304 496 264 ) (-2304 496 272 ) (-2304 1024 272 ) 
4 339 346 (-2432 656 272 ) (-2432 1024 272 ) (-2432 1024 264 ) (-2432 656 264 ) 
4 339 340 (-2432 496 264 ) (-2432 1024 264 ) (-2304 1024 264 ) (-2304 496 264 ) 
4 340 352 (-2432 464 254 ) (-2432 464 256 ) (-2432 528 256 ) (-2432 528 254 ) 
4 340 350 (-2432 656 256 ) (-2432 1024 256 ) (-2432 1024 254 ) (-2432 656 254 ) 
4 340 346 (-2432 656 264 ) (-2432 1024 264 ) (-2432 1024 256 ) (-2432 656 256 ) 
4 340 341 (-2048 464 254 ) (-2432 464 254 ) (-2432 1024 254 ) (-2048 1024 254 ) 
4 341 363 (-2144 464 128 ) (-2336 464 128 ) (-2336 464 0 ) (-2144 464 0 ) 
4 341 352 (-2432 464 0 ) (-2432 464 254 ) (-2432 528 254 ) (-2432 528 0 ) 
4 341 350 (-2432 656 254 ) (-2432 1024 254 ) (-2432 1024 0 ) (-2432 656 0 ) 
4 341 342 (-2432 656 0 ) (-2432 1024 0 ) (-2048 1024 0 ) (-2048 656 0 ) 
4 342 354 (-2432 656 0 ) (-2432 1024 0 ) (-2432 1024 -32 ) (-2432 656 -32 ) 
4 342 343 (-2432 656 -32 ) (-2432 1024 -32 ) (-2048 1024 -32 ) (-2048 656 -32 ) 
4 343 354 (-2432 656 -32 ) (-2432 1024 -32 ) (-2432 1024 -256 ) (-2432 656 -256 ) 
4 343 344 (-2432 656 -256 ) (-2432 1024 -256 ) (-2048 1024 -256 ) (-2048 656 -256 ) 
4 344 370 (-2048 464 -4096 ) (-2048 464 -256 ) (-2432 464 -256 ) (-2432 464 -4096 ) 
4 344 356 (-2432 464 -4096 ) (-2432 464 -256 ) (-2432 1024 -256 ) (-2432 1024 -4096 ) 
4 345 422 (-3072 1024 1440 ) (-3072 1024 512 ) (-3072 464 512 ) (-3072 464 1440 ) 
4 345 360 (-3072 464 1440 ) (-3072 464 512 ) (-2432 464 512 ) (-2432 464 1440 ) 
4 345 348 (-2880 1024 512 ) (-2624 1024 512 ) (-2624 656 512 ) (-2880 656 512 ) 
4 345 349 (-3072 1024 512 ) (-2880 1024 512 ) (-2880 464 512 ) (-3072 464 512 ) 
4 345 347 (-2464 464 512 ) (-2624 464 512 ) (-2624 624 512 ) (-2464 624 512 ) 
4 345 346 (-2624 1024 512 ) (-2432 1024 512 ) (-2432 656 512 ) (-2624 656 512 ) 
4 346 350 (-2432 1024 256 ) (-2432 656 256 ) (-2624 656 256 ) (-2624 1024 256 ) 
4 346 348 (-2624 1024 256 ) (-2624 656 256 ) (-2624 656 512 ) (-2624 1024 512 ) 
4 347 361 (-2624 464 256 ) (-2464 464 256 ) (-2464 464 512 ) (-2624 464 512 ) 
4 347 353 (-2464 464 256 ) (-2624 464 256 ) (-2624 528 256 ) (-2464 528 256 ) 
4 347 351 (-2624 528 256 ) (-2624 624 256 ) (-2464 624 256 ) (-2464 528 256 ) 
4 348 357 (-2880 656 256 ) (-2880 1024 256 ) (-2624 1024 256 ) (-2624 656 256 ) 
4 348 349 (-2880 1024 256 ) (-2880 656 256 ) (-2880 656 512 ) (-2880 1024 512 ) 
4 349 422 (-3072 1024 512 ) (-3072 1024 256 ) (-3072 464 256 ) (-3072 464 512 ) 
4 349 362 (-3072 464 512 ) (-3072 464 256 ) (-2880 464 256 ) (-2880 464 512 ) 
4 349 358 (-2880 464 256 ) (-3072 464 256 ) (-3072 1024 256 ) (-2880 1024 256 ) 
4 350 357 (-2624 656 256 ) (-2624 1024 256 ) (-2624 1024 0 ) (-2624 656 0 ) 
4 350 354 (-2624 656 0 ) (-2624 1024 0 ) (-2432 1024 0 ) (-2432 656 0 ) 
4 351 355 (-2624 528 0 ) (-2624 624 0 ) (-2464 624 0 ) (-2464 528 0 ) 
4 351 353 (-2624 528 256 ) (-2624 528 0 ) (-2464 528 0 ) (-2464 528 256 ) 
4 352 366 (-2432 464 0 ) (-2432 464 128 ) (-2440 464 128 ) (-2440 464 0 ) 
4 352 361 (-2432 464 128 ) (-2432 464 256 ) (-2440 464 256 ) (-2440 464 128 ) 
4 352 355 (-2440 528 0 ) (-2432 528 0 ) (-2432 464 0 ) (-2440 464 0 ) 
4 353 366 (-2624 464 128 ) (-2624 464 0 ) (-2446 464 0 ) (-2446 464 128 ) 
4 353 361 (-2446 464 256 ) (-2624 464 256 ) (-2624 464 128 ) (-2446 464 128 ) 
4 353 355 (-2624 464 0 ) (-2624 528 0 ) (-2446 528 0 ) (-2446 464 0 ) 
4 354 357 (-2624 656 0 ) (-2624 1024 0 ) (-2624 1024 -256 ) (-2624 656 -256 ) 
4 354 356 (-2624 656 -256 ) (-2624 1024 -256 ) (-2432 1024 -256 ) (-2432 656 -256 ) 
4 355 368 (-2432 464 -32 ) (-2432 464 0 ) (-2624 464 0 ) (-2624 464 -32 ) 
4 356 370 (-2432 464 -4096 ) (-2432 464 -256 ) (-2624 464 -256 ) (-2624 464 -4096 ) 
4 356 359 (-2624 464 -4096 ) (-2624 464 -2560 ) (-2624 1024 -2560 ) (-2624 1024 -4096 ) 
4 356 357 (-2624 656 -256 ) (-2624 1024 -256 ) (-2624 1024 -2560 ) (-2624 656 -2560 ) 
4 357 359 (-2624 1024 -2560 ) (-2624 656 -2560 ) (-2880 656 -2560 ) (-2880 1024 -2560 ) 
4 357 358 (-2880 1024 -2560 ) (-2880 656 -2560 ) (-2880 656 256 ) (-2880 1024 256 ) 
4 358 422 (-3072 1024 256 ) (-3072 1024 -2560 ) (-3072 464 -2560 ) (-3072 464 256 ) 
4 358 372 (-3072 464 -32 ) (-3072 464 -2560 ) (-2880 464 -2560 ) (-2880 464 -32 ) 
4 358 369 (-3072 464 0 ) (-3072 464 -32 ) (-2880 464 -32 ) (-2880 464 0 ) 
4 358 367 (-3072 464 128 ) (-3072 464 0 ) (-2880 464 0 ) (-2880 464 128 ) 
4 358 362 (-3072 464 256 ) (-3072 464 128 ) (-2880 464 128 ) (-2880 464 256 ) 
4 358 359 (-2880 464 -2560 ) (-3072 464 -2560 ) (-3072 1024 -2560 ) (-2880 1024 -2560 ) 
4 359 422 (-3072 1024 -2560 ) (-3072 1024 -4096 ) (-3072 464 -4096 ) (-3072 464 -2560 ) 
4 359 371 (-2880 464 -4096 ) (-2624 464 -4096 ) (-2624 464 -2560 ) (-2880 464 -2560 ) 
4 359 372 (-3072 464 -2560 ) (-3072 464 -4096 ) (-2880 464 -4096 ) (-2880 464 -2560 ) 
4 360 422 (-3072 432 512 ) (-3072 432 1440 ) (-3072 464 1440 ) (-3072 464 512 ) 
4 360 374 (-2624 432 1440 ) (-2880 432 1440 ) (-2880 432 512 ) (-2624 432 512 ) 
4 360 375 (-2880 432 1440 ) (-3072 432 1440 ) (-3072 432 512 ) (-2880 432 512 ) 
4 360 373 (-2048 432 512 ) (-2048 432 1440 ) (-2624 432 1440 ) (-2624 432 512 ) 
4 360 361 (-2432 432 512 ) (-2624 432 512 ) (-2624 464 512 ) (-2432 464 512 ) 
4 360 362 (-2880 432 512 ) (-3072 432 512 ) (-3072 464 512 ) (-2880 464 512 ) 
4 361 373 (-2432 432 512 ) (-2624 432 512 ) (-2624 432 448 ) (-2432 432 448 ) 
4 361 366 (-2432 432 128 ) (-2624 432 128 ) (-2624 464 128 ) (-2432 464 128 ) 
4 362 422 (-3072 432 128 ) (-3072 432 512 ) (-3072 464 512 ) (-3072 464 128 ) 
4 362 376 (-3072 432 224 ) (-3072 432 128 ) (-2880 432 128 ) (-2880 432 224 ) 
4 362 375 (-2880 432 512 ) (-3072 432 512 ) (-3072 432 224 ) (-2880 432 224 ) 
4 362 367 (-2880 432 128 ) (-3072 432 128 ) (-3072 464 128 ) (-2880 464 128 ) 
4 363 364 (-2336 450 128 ) (-2336 450 0 ) (-2144 450 0 ) (-2144 450 128 ) 
4 364 365 (-2336 449 128 ) (-2336 449 0 ) (-2144 449 0 ) (-2144 449 128 ) 
4 365 378 (-2176 432 128 ) (-2304 432 128 ) (-2304 432 0 ) (-2176 432 0 ) 
4 366 368 (-2432 432 0 ) (-2624 432 0 ) (-2624 464 0 ) (-2432 464 0 ) 
4 367 422 (-3072 432 0 ) (-3072 432 128 ) (-3072 464 128 ) (-3072 464 0 ) 
4 367 380 (-2880 432 128 ) (-3072 432 128 ) (-3072 432 0 ) (-2880 432 0 ) 
4 367 369 (-2880 432 0 ) (-3072 432 0 ) (-3072 464 0 ) (-2880 464 0 ) 
4 369 422 (-3072 432 -32 ) (-3072 432 0 ) (-3072 464 0 ) (-3072 464 -32 ) 
4 369 381 (-2880 432 0 ) (-3072 432 0 ) (-3072 432 -32 ) (-2880 432 -32 ) 
4 369 372 (-2880 432 -32 ) (-3072 432 -32 ) (-3072 464 -32 ) (-2880 464 -32 ) 
4 370 382 (-2048 432 -4096 ) (-2048 432 -256 ) (-2624 432 -256 ) (-2624 432 -4096 ) 
4 370 371 (-2624 432 -4096 ) (-2624 432 -2560 ) (-2624 464 -2560 ) (-2624 464 -4096 ) 
4 371 383 (-2624 432 -4096 ) (-2624 432 -2560 ) (-2880 432 -2560 ) (-2880 432 -4096 ) 
4 371 372 (-2880 464 -4096 ) (-2880 432 -4096 ) (-2880 432 -2560 ) (-2880 464 -2560 ) 
4 372 422 (-3072 432 -4096 ) (-3072 432 -32 ) (-3072 464 -32 ) (-3072 464 -4096 ) 
4 372 384 (-2880 432 -32 ) (-3072 432 -32 ) (-3072 432 -4096 ) (-2880 432 -4096 ) 
4 373 374 (-2624 432 1440 ) (-2624 432 512 ) (-2624 368 512 ) (-2624 368 1440 ) 
4 374 385 (-2624 368 512 ) (-2624 368 1440 ) (-2880 368 1440 ) (-2880 368 512 ) 
4 374 375 (-2880 368 512 ) (-2880 368 1440 ) (-2880 432 1440 ) (-2880 432 512 ) 
4 375 422 (-3072 368 224 ) (-3072 368 1440 ) (-3072 432 1440 ) (-3072 432 224 ) 
4 375 402 (-3072 368 512 ) (-3072 368 224 ) (-2880 368 224 ) (-2880 368 512 ) 
4 375 385 (-3072 368 1440 ) (-3072 368 512 ) (-2880 368 512 ) (-2880 368 1440 ) 
4 375 376 (-2880 368 224 ) (-3072 368 224 ) (-3072 432 224 ) (-2880 432 224 ) 
4 376 422 (-3072 368 128 ) (-3072 368 224 ) (-3072 432 224 ) (-3072 432 128 ) 
4 376 402 (-3072 368 224 ) (-3072 368 128 ) (-2880 368 128 ) (-2880 368 224 ) 
4 376 380 (-2880 368 128 ) (-3072 368 128 ) (-3072 432 128 ) (-2880 432 128 ) 
4 377 378 (-2176 392 0 ) (-2176 376 0 ) (-2176 376 128 ) (-2176 392 128 ) 
4 378 396 (-2304 368 0 ) (-2176 368 0 ) (-2176 368 128 ) (-2304 368 128 ) 
4 378 379 (-2304 392 0 ) (-2304 376 0 ) (-2304 376 128 ) (-2304 392 128 ) 
4 380 422 (-3072 368 0 ) (-3072 368 128 ) (-3072 432 128 ) (-3072 432 0 ) 
4 380 402 (-3072 368 128 ) (-3072 368 0 ) (-2880 368 0 ) (-2880 368 128 ) 
4 380 381 (-2880 368 0 ) (-3072 368 0 ) (-3072 432 0 ) (-2880 432 0 ) 
4 381 422 (-3072 368 -32 ) (-3072 368 0 ) (-3072 432 0 ) (-3072 432 -32 ) 
4 381 402 (-3072 368 0 ) (-3072 368 -32 ) (-2880 368 -32 ) (-2880 368 0 ) 
4 381 384 (-2880 368 -32 ) (-3072 368 -32 ) (-3072 432 -32 ) (-2880 432 -32 ) 
4 382 403 (-2048 368 -4096 ) (-2048 368 -2560 ) (-2624 368 -2560 ) (-2624 368 -4096 ) 
4 382 383 (-2624 368 -4096 ) (-2624 368 -2560 ) (-2624 432 -2560 ) (-2624 432 -4096 ) 
4 383 403 (-2880 368 -4096 ) (-2624 368 -4096 ) (-2624 368 -2560 ) (-2880 368 -2560 ) 
4 383 384 (-2880 432 -4096 ) (-2880 368 -4096 ) (-2880 368 -2560 ) (-2880 432 -2560 ) 
4 384 422 (-3072 368 -4096 ) (-3072 368 -32 ) (-3072 432 -32 ) (-3072 432 -4096 ) 
4 384 403 (-3072 368 -2560 ) (-3072 368 -4096 ) (-2880 368 -4096 ) (-2880 368 -2560 ) 
4 384 402 (-3072 368 -32 ) (-3072 368 -2560 ) (-2880 368 -2560 ) (-2880 368 -32 ) 
4 385 422 (-3072 320 1440 ) (-3072 368 1440 ) (-3072 368 512 ) (-3072 320 512 ) 
4 385 402 (-3072 320 512 ) (-3072 368 512 ) (-2880 368 512 ) (-2880 320 512 ) 
4 386 406 (-2144 304 800 ) (-2560 304 800 ) (-2560 304 512 ) (-2144 304 512 ) 
4 386 405 (-2048 304 512 ) (-2048 304 800 ) (-2144 304 800 ) (-2144 304 512 ) 
4 386 404 (-2048 304 800 ) (-2048 304 1440 ) (-2560 304 1440 ) (-2560 304 800 ) 
4 386 401 (-2352 304 512 ) (-2560 304 512 ) (-2560 320 512 ) (-2352 320 512 ) 
4 386 392 (-2304 304 512 ) (-2352 304 512 ) (-2352 320 512 ) (-2304 320 512 ) 
4 386 390 (-2176 304 512 ) (-2304 304 512 ) (-2304 320 512 ) (-2176 320 512 ) 
4 386 388 (-2128 304 512 ) (-2176 304 512 ) (-2176 320 512 ) (-2128 320 512 ) 
4 386 387 (-2048 304 512 ) (-2128 304 512 ) (-2128 320 512 ) (-2048 320 512 ) 
4 387 405 (-2048 304 192 ) (-2048 304 512 ) (-2128 304 512 ) (-2128 304 192 ) 
4 387 394 (-2048 304 192 ) (-2128 304 192 ) (-2128 320 192 ) (-2048 320 192 ) 
4 387 389 (-2128 320 192 ) (-2128 304 192 ) (-2128 304 224 ) (-2128 320 224 ) 
4 387 388 (-2128 304 224 ) (-2128 304 512 ) (-2128 320 512 ) (-2128 320 224 ) 
4 388 406 (-2144 304 512 ) (-2176 304 512 ) (-2176 304 224 ) (-2144 304 224 ) 
4 388 405 (-2128 304 512 ) (-2144 304 512 ) (-2144 304 224 ) (-2128 304 224 ) 
4 388 390 (-2176 304 224 ) (-2176 304 512 ) (-2176 320 512 ) (-2176 320 224 ) 
4 388 389 (-2144 320 224 ) (-2128 320 224 ) (-2128 304 224 ) (-2144 304 224 ) 
4 389 405 (-2144 304 192 ) (-2128 304 192 ) (-2128 304 224 ) (-2144 304 224 ) 
4 390 406 (-2176 304 512 ) (-2304 304 512 ) (-2304 304 224 ) (-2176 304 224 ) 
4 390 392 (-2304 304 224 ) (-2304 304 512 ) (-2304 320 512 ) (-2304 320 224 ) 
4 391 395 (-2176 304 192 ) (-2304 304 192 ) (-2304 368 192 ) (-2176 368 192 ) 
4 392 406 (-2304 304 512 ) (-2352 304 512 ) (-2352 304 224 ) (-2304 304 224 ) 
4 392 401 (-2352 304 224 ) (-2352 304 512 ) (-2352 320 512 ) (-2352 320 224 ) 
4 392 393 (-2352 304 224 ) (-2352 320 224 ) (-2336 320 224 ) (-2336 304 224 ) 
4 393 408 (-2352 304 224 ) (-2352 304 192 ) (-2336 304 192 ) (-2336 304 224 ) 
4 393 401 (-2352 304 192 ) (-2352 304 224 ) (-2352 320 224 ) (-2352 320 192 ) 
4 394 413 (-2048 304 -32 ) (-2048 304 128 ) (-2128 304 128 ) (-2128 304 -32 ) 
4 394 410 (-2048 304 128 ) (-2048 304 192 ) (-2128 304 192 ) (-2128 304 128 ) 
4 394 398 (-2048 304 -32 ) (-2128 304 -32 ) (-2128 320 -32 ) (-2048 320 -32 ) 
4 395 396 (-2336 304 190 ) (-2336 368 190 ) (-2144 368 190 ) (-2144 304 190 ) 
4 396 414 (-2304 304 0 ) (-2176 304 0 ) (-2176 304 128 ) (-2304 304 128 ) 
4 397 415 (-2352 304 0 ) (-2352 304 -32 ) (-2336 304 -32 ) (-2336 304 0 ) 
4 397 401 (-2352 304 -32 ) (-2352 304 0 ) (-2352 320 0 ) (-2352 320 -32 ) 
4 397 400 (-2336 304 -32 ) (-2352 304 -32 ) (-2352 320 -32 ) (-2336 320 -32 ) 
4 398 416 (-2048 304 -1632 ) (-2048 304 -144 ) (-2176 304 -144 ) (-2176 304 -1632 ) 
4 398 413 (-2048 304 -144 ) (-2048 304 -32 ) (-2144 304 -32 ) (-2144 304 -144 ) 
4 398 399 (-2176 320 -128 ) (-2176 320 -1632 ) (-2176 304 -1632 ) (-2176 304 -128 ) 
4 399 416 (-2304 304 -144 ) (-2304 304 -1632 ) (-2176 304 -1632 ) (-2176 304 -144 ) 
4 399 400 (-2304 320 -128 ) (-2304 320 -1632 ) (-2304 304 -1632 ) (-2304 304 -128 ) 
4 400 416 (-2352 304 -144 ) (-2352 304 -1632 ) (-2304 304 -1632 ) (-2304 304 -144 ) 
4 400 415 (-2336 304 -32 ) (-2352 304 -32 ) (-2352 304 -144 ) (-2336 304 -144 ) 
4 400 401 (-2352 304 -1632 ) (-2352 304 -32 ) (-2352 320 -32 ) (-2352 320 -1632 ) 
4 401 416 (-2560 304 -144 ) (-2560 304 -1632 ) (-2352 304 -1632 ) (-2352 304 -144 ) 
4 401 415 (-2560 304 128 ) (-2560 304 -144 ) (-2352 304 -144 ) (-2352 304 128 ) 
4 401 411 (-2560 304 192 ) (-2560 304 128 ) (-2352 304 128 ) (-2352 304 192 ) 
4 401 408 (-2560 304 224 ) (-2560 304 192 ) (-2352 304 192 ) (-2352 304 224 ) 
4 401 406 (-2352 304 512 ) (-2560 304 512 ) (-2560 304 224 ) (-2352 304 224 ) 
4 402 422 (-3072 320 512 ) (-3072 368 512 ) (-3072 368 -2560 ) (-3072 320 -2560 ) 
4 402 403 (-3072 320 -2560 ) (-3072 368 -2560 ) (-2880 368 -2560 ) (-2880 320 -2560 ) 
4 403 423 (-3072 304 -4096 ) (-3072 304 -2560 ) (-3072 320 -2560 ) (-3072 320 -4096 ) 
4 403 422 (-3072 320 -2560 ) (-3072 368 -2560 ) (-3072 368 -4096 ) (-3072 320 -4096 ) 
4 403 417 (-2048 304 -4096 ) (-2048 304 -2560 ) (-3072 304 -2560 ) (-3072 304 -4096 ) 
4 404 455 (-2384 0 1440 ) (-2560 0 1440 ) (-2560 0 800 ) (-2384 0 800 ) 
4 404 441 (-2096 0 1440 ) (-2384 0 1440 ) (-2384 0 800 ) (-2096 0 800 ) 
4 404 437 (-2048 0 800 ) (-2048 0 1440 ) (-2096 0 1440 ) (-2096 0 800 ) 
4 404 406 (-2560 176 800 ) (-2560 304 800 ) (-2144 304 800 ) (-2144 176 800 ) 
4 404 405 (-2144 304 800 ) (-2048 304 800 ) (-2048 176 800 ) (-2144 176 800 ) 
4 405 410 (-2144 304 192 ) (-2048 304 192 ) (-2048 176 192 ) (-2144 176 192 ) 
4 405 407 (-2144 272 192 ) (-2144 176 192 ) (-2144 176 224 ) (-2144 272 224 ) 
4 405 406 (-2144 176 224 ) (-2144 176 800 ) (-2144 304 800 ) (-2144 304 224 ) 
4 406 407 (-2144 272 224 ) (-2144 176 224 ) (-2336 176 224 ) (-2336 272 224 ) 
4 406 408 (-2336 176 224 ) (-2560 176 224 ) (-2560 304 224 ) (-2336 304 224 ) 
4 407 408 (-2336 272 192 ) (-2336 176 192 ) (-2336 176 224 ) (-2336 272 224 ) 
4 408 411 (-2560 176 192 ) (-2560 304 192 ) (-2336 304 192 ) (-2336 176 192 ) 
4 409 456 (-2384 0 768 ) (-2496 0 768 ) (-2496 0 192 ) (-2384 0 192 ) 
4 409 442 (-2096 0 768 ) (-2384 0 768 ) (-2384 0 192 ) (-2096 0 192 ) 
4 409 438 (-2048 0 192 ) (-2048 0 768 ) (-2096 0 768 ) (-2096 0 192 ) 
4 409 412 (-2048 0 192 ) (-2496 0 192 ) (-2496 112 192 ) (-2048 112 192 ) 
4 410 413 (-2144 304 128 ) (-2048 304 128 ) (-2048 176 128 ) (-2144 176 128 ) 
4 411 415 (-2560 304 128 ) (-2336 304 128 ) (-2336 176 128 ) (-2560 176 128 ) 
4 412 456 (-2384 0 192 ) (-2496 0 192 ) (-2496 0 128 ) (-2384 0 128 ) 
4 412 442 (-2096 0 192 ) (-2384 0 192 ) (-2384 0 128 ) (-2096 0 128 ) 
4 412 438 (-2048 0 128 ) (-2048 0 192 ) (-2096 0 192 ) (-2096 0 128 ) 
4 412 419 (-2048 112 128 ) (-2048 0 128 ) (-2496 0 128 ) (-2496 112 128 ) 
4 413 416 (-2048 176 -144 ) (-2144 176 -144 ) (-2144 304 -144 ) (-2048 304 -144 ) 
4 414 418 (-2176 176 128 ) (-2304 176 128 ) (-2304 176 -128 ) (-2176 176 -128 ) 
4 415 416 (-2336 176 -144 ) (-2560 176 -144 ) (-2560 304 -144 ) (-2336 304 -144 ) 
4 416 420 (-2048 176 -1632 ) (-2048 176 -928 ) (-2560 176 -928 ) (-2560 176 -1632 ) 
4 417 423 (-3072 176 -4096 ) (-3072 176 -2560 ) (-3072 304 -2560 ) (-3072 304 -4096 ) 
4 417 421 (-2048 176 -4096 ) (-2048 176 -2560 ) (-3072 176 -2560 ) (-3072 176 -4096 ) 
4 418 419 (-2176 112 128 ) (-2304 112 128 ) (-2304 112 -128 ) (-2176 112 -128 ) 
4 419 456 (-2384 0 128 ) (-2496 0 128 ) (-2496 0 -896 ) (-2384 0 -896 ) 
4 419 442 (-2096 0 128 ) (-2384 0 128 ) (-2384 0 -896 ) (-2096 0 -896 ) 
4 419 438 (-2048 0 -896 ) (-2048 0 128 ) (-2096 0 128 ) (-2096 0 -896 ) 
4 420 457 (-2384 0 -928 ) (-2560 0 -928 ) (-2560 0 -1632 ) (-2384 0 -1632 ) 
4 420 443 (-2096 0 -928 ) (-2384 0 -928 ) (-2384 0 -1632 ) (-2096 0 -1632 ) 
4 420 439 (-2048 0 -1632 ) (-2048 0 -928 ) (-2096 0 -928 ) (-2096 0 -1632 ) 
4 421 459 (-2560 0 -2560 ) (-3072 0 -2560 ) (-3072 0 -4096 ) (-2560 0 -4096 ) 
4 421 458 (-2384 0 -2560 ) (-2560 0 -2560 ) (-2560 0 -4096 ) (-2384 0 -4096 ) 
4 421 444 (-2096 0 -2560 ) (-2384 0 -2560 ) (-2384 0 -4096 ) (-2096 0 -4096 ) 
4 421 440 (-2048 0 -4096 ) (-2048 0 -2560 ) (-2096 0 -2560 ) (-2096 0 -4096 ) 
4 421 423 (-3072 0 -4096 ) (-3072 0 -2560 ) (-3072 176 -2560 ) (-3072 176 -4096 ) 
4 422 423 (-3840 320 -4096 ) (-3072 320 -4096 ) (-3072 320 -2560 ) (-3840 320 -2560 ) 
4 423 465 (-3840 0 -4096 ) (-3072 0 -4096 ) (-3072 0 -2560 ) (-3840 0 -2560 ) 
4 424 434 (-1024 -1024 -2560 ) (-1024 -1024 1440 ) (-1792 -1024 1440 ) (-1792 -1024 -2560 ) 
4 424 425 (-1792 0 -2560 ) (-1024 0 -2560 ) (-1024 -1024 -2560 ) (-1792 -1024 -2560 ) 
4 425 435 (-1792 -1024 -2560 ) (-1824 -1024 -2560 ) (-1824 -1024 -4096 ) (-1792 -1024 -4096 ) 
4 425 434 (-1024 -1024 -4096 ) (-1024 -1024 -2560 ) (-1792 -1024 -2560 ) (-1792 -1024 -4096 ) 
4 425 433 (-1824 -1024 -4096 ) (-1824 -1024 -2560 ) (-1824 0 -2560 ) (-1824 0 -4096 ) 
4 426 460 (-2048 -352 800 ) (-2048 -528 800 ) (-2048 -528 1440 ) (-2048 -352 1440 ) 
4 426 437 (-2048 0 1440 ) (-2048 0 800 ) (-2048 -352 800 ) (-2048 -352 1440 ) 
4 426 430 (-1824 -464 800 ) (-1824 -528 800 ) (-1920 -528 800 ) (-1920 -464 800 ) 
4 426 427 (-1920 0 800 ) (-1824 0 800 ) (-1824 -464 800 ) (-1920 -464 800 ) 
4 427 430 (-1824 -464 768 ) (-1824 -464 800 ) (-1920 -464 800 ) (-1920 -464 768 ) 
4 427 428 (-1824 -464 768 ) (-1920 -464 768 ) (-1920 0 768 ) (-1824 0 768 ) 
4 428 431 (-1920 0 -896 ) (-1824 0 -896 ) (-1824 -464 -896 ) (-1920 -464 -896 ) 
4 428 430 (-1920 -464 -896 ) (-1824 -464 -896 ) (-1824 -464 768 ) (-1920 -464 768 ) 
4 429 461 (-2048 -352 -896 ) (-2048 -464 -896 ) (-2048 -464 768 ) (-2048 -352 768 ) 
4 429 438 (-2048 0 768 ) (-2048 0 -896 ) (-2048 -352 -896 ) (-2048 -352 768 ) 
4 430 431 (-1920 -464 -896 ) (-1824 -464 -896 ) (-1824 -528 -896 ) (-1920 -528 -896 ) 
4 431 432 (-1920 0 -1632 ) (-1920 -528 -1632 ) (-1920 -528 -928 ) (-1920 0 -928 ) 
4 432 462 (-2048 -352 -1632 ) (-2048 -528 -1632 ) (-2048 -528 -928 ) (-2048 -352 -928 ) 
4 432 439 (-2048 0 -928 ) (-2048 0 -1632 ) (-2048 -352 -1632 ) (-2048 -352 -928 ) 
4 433 463 (-2048 -352 -4096 ) (-2048 -1024 -4096 ) (-2048 -1024 -2560 ) (-2048 -352 -2560 ) 
4 433 440 (-2048 0 -2560 ) (-2048 0 -4096 ) (-2048 -352 -4096 ) (-2048 -352 -2560 ) 
4 433 436 (-1824 -1024 -4096 ) (-1824 -1024 -2560 ) (-2048 -1024 -2560 ) (-2048 -1024 -4096 ) 
4 434 435 (-1792 -1024 -4096 ) (-1792 -1152 -4096 ) (-1792 -1152 -2560 ) (-1792 -1024 -2560 ) 
4 435 436 (-1824 -1024 -4096 ) (-1824 -1152 -4096 ) (-1824 -1152 -2560 ) (-1824 -1024 -2560 ) 
4 436 466 (-2048 -1152 -2560 ) (-2048 -1024 -2560 ) (-2048 -1024 -4096 ) (-2048 -1152 -4096 ) 
4 437 460 (-2048 -352 800 ) (-2048 -352 1440 ) (-2096 -352 1440 ) (-2096 -352 800 ) 
4 437 441 (-2096 -64 1440 ) (-2096 0 1440 ) (-2096 0 800 ) (-2096 -64 800 ) 
4 438 461 (-2048 -352 -896 ) (-2048 -352 768 ) (-2096 -352 768 ) (-2096 -352 -896 ) 
4 438 445 (-2096 -352 -896 ) (-2096 -352 288 ) (-2096 -64 288 ) (-2096 -64 -896 ) 
4 438 442 (-2096 -64 768 ) (-2096 0 768 ) (-2096 0 -896 ) (-2096 -64 -896 ) 
4 439 462 (-2048 -352 -1632 ) (-2048 -352 -928 ) (-2096 -352 -928 ) (-2096 -352 -1632 ) 
4 439 446 (-2096 -352 -1632 ) (-2096 -352 -1600 ) (-2096 -64 -1600 ) (-2096 -64 -1632 ) 
4 439 443 (-2096 -64 -928 ) (-2096 0 -928 ) (-2096 0 -1632 ) (-2096 -64 -1632 ) 
4 440 463 (-2048 -352 -4096 ) (-2048 -352 -2560 ) (-2096 -352 -2560 ) (-2096 -352 -4096 ) 
4 440 447 (-2096 -352 -4096 ) (-2096 -352 -2560 ) (-2096 -64 -2560 ) (-2096 -64 -4096 ) 
4 440 444 (-2096 -64 -2560 ) (-2096 0 -2560 ) (-2096 0 -4096 ) (-2096 -64 -4096 ) 
4 441 455 (-2384 0 1440 ) (-2384 0 800 ) (-2384 -64 800 ) (-2384 -64 1440 ) 
4 442 456 (-2384 0 768 ) (-2384 0 -896 ) (-2384 -64 -896 ) (-2384 -64 768 ) 
4 442 451 (-2384 -64 288 ) (-2384 -64 -896 ) (-2368 -64 -896 ) (-2368 -64 288 ) 
4 442 448 (-2368 -64 -896 ) (-2112 -64 -896 ) (-2112 -64 288 ) (-2368 -64 288 ) 
4 442 445 (-2112 -64 -896 ) (-2096 -64 -896 ) (-2096 -64 288 ) (-2112 -64 288 ) 
4 443 457 (-2384 0 -928 ) (-2384 0 -1632 ) (-2384 -64 -1632 ) (-2384 -64 -928 ) 
4 443 453 (-2384 -64 -1600 ) (-2384 -64 -1632 ) (-2112 -64 -1632 ) (-2112 -64 -1600 ) 
4 443 446 (-2112 -64 -1632 ) (-2096 -64 -1632 ) (-2096 -64 -1600 ) (-2112 -64 -1600 ) 
4 444 458 (-2384 0 -2560 ) (-2384 0 -4096 ) (-2384 -64 -4096 ) (-2384 -64 -2560 ) 
4 444 454 (-2384 -64 -2560 ) (-2384 -64 -4096 ) (-2112 -64 -4096 ) (-2112 -64 -2560 ) 
4 444 447 (-2112 -64 -4096 ) (-2096 -64 -4096 ) (-2096 -64 -2560 ) (-2112 -64 -2560 ) 
4 445 461 (-2096 -352 -896 ) (-2096 -352 288 ) (-2112 -352 288 ) (-2112 -352 -896 ) 
4 445 450 (-2112 -336 -896 ) (-2112 -352 -896 ) (-2112 -352 288 ) (-2112 -336 288 ) 
4 445 449 (-2112 -80 -896 ) (-2112 -336 -896 ) (-2112 -336 288 ) (-2112 -80 288 ) 
4 445 448 (-2112 -64 288 ) (-2112 -64 -896 ) (-2112 -80 -896 ) (-2112 -80 288 ) 
4 446 462 (-2096 -352 -1632 ) (-2096 -352 -1600 ) (-2112 -352 -1600 ) (-2112 -352 -1632 ) 
4 446 453 (-2112 -64 -1600 ) (-2112 -64 -1632 ) (-2112 -352 -1632 ) (-2112 -352 -1600 ) 
4 447 463 (-2096 -352 -4096 ) (-2096 -352 -2560 ) (-2112 -352 -2560 ) (-2112 -352 -4096 ) 
4 447 454 (-2112 -64 -2560 ) (-2112 -64 -4096 ) (-2112 -352 -4096 ) (-2112 -352 -2560 ) 
4 448 451 (-2368 -64 288 ) (-2368 -64 -896 ) (-2368 -80 -896 ) (-2368 -80 288 ) 
4 448 449 (-2368 -80 288 ) (-2368 -80 -896 ) (-2112 -80 -896 ) (-2112 -80 288 ) 
4 449 452 (-2112 -80 -928 ) (-2112 -336 -928 ) (-2368 -336 -928 ) (-2368 -80 -928 ) 
4 449 451 (-2368 -336 -896 ) (-2368 -336 288 ) (-2368 -80 288 ) (-2368 -80 -896 ) 
4 449 450 (-2368 -336 288 ) (-2368 -336 -896 ) (-2112 -336 -896 ) (-2112 -336 288 ) 
4 450 461 (-2112 -352 -896 ) (-2112 -352 288 ) (-2368 -352 288 ) (-2368 -352 -896 ) 
4 450 451 (-2368 -352 -896 ) (-2368 -352 288 ) (-2368 -336 288 ) (-2368 -336 -896 ) 
4 451 461 (-2384 -352 288 ) (-2384 -352 -896 ) (-2368 -352 -896 ) (-2368 -352 288 ) 
4 451 456 (-2384 -352 -896 ) (-2384 -352 288 ) (-2384 -64 288 ) (-2384 -64 -896 ) 
4 453 462 (-2112 -352 -1632 ) (-2112 -352 -1600 ) (-2384 -352 -1600 ) (-2384 -352 -1632 ) 
4 453 457 (-2384 -352 -1632 ) (-2384 -352 -1600 ) (-2384 -64 -1600 ) (-2384 -64 -1632 ) 
4 454 463 (-2112 -352 -4096 ) (-2112 -352 -2560 ) (-2384 -352 -2560 ) (-2384 -352 -4096 ) 
4 454 458 (-2384 -352 -4096 ) (-2384 -352 -2560 ) (-2384 -64 -2560 ) (-2384 -64 -4096 ) 
4 455 460 (-2384 -352 800 ) (-2384 -352 1440 ) (-2560 -352 1440 ) (-2560 -352 800 ) 
4 456 461 (-2384 -352 -896 ) (-2384 -352 768 ) (-2496 -352 768 ) (-2496 -352 -896 ) 
4 457 462 (-2384 -352 -1632 ) (-2384 -352 -928 ) (-2560 -352 -928 ) (-2560 -352 -1632 ) 
4 458 463 (-2384 -352 -4096 ) (-2384 -352 -2560 ) (-2560 -352 -2560 ) (-2560 -352 -4096 ) 
4 458 459 (-2560 -352 -4096 ) (-2560 -352 -2560 ) (-2560 0 -2560 ) (-2560 0 -4096 ) 
4 459 465 (-3072 0 -2560 ) (-3072 0 -4096 ) (-3072 -352 -4096 ) (-3072 -352 -2560 ) 
4 459 464 (-2560 -352 -4096 ) (-2560 -352 -2560 ) (-3072 -352 -2560 ) (-3072 -352 -4096 ) 
4 463 466 (-2048 -1024 -4096 ) (-2048 -1024 -2560 ) (-2560 -1024 -2560 ) (-2560 -1024 -4096 ) 
4 463 464 (-2560 -1024 -4096 ) (-2560 -1024 -2560 ) (-2560 -352 -2560 ) (-2560 -352 -4096 ) 
4 464 467 (-2560 -1024 -4096 ) (-2560 -1024 -2560 ) (-3072 -1024 -2560 ) (-3072 -1024 -4096 ) 
4 464 465 (-3072 -1024 -4096 ) (-3072 -1024 -2560 ) (-3072 -352 -2560 ) (-3072 -352 -4096 ) 
4 465 468 (-3840 -1024 -4096 ) (-3072 -1024 -4096 ) (-3072 -1024 -2560 ) (-3840 -1024 -2560 ) 
4 466 467 (-2560 -1024 -4096 ) (-2560 -1152 -4096 ) (-2560 -1152 -2560 ) (-2560 -1024 -2560 ) 
4 467 468 (-3072 -1024 -2560 ) (-3072 -1024 -4096 ) (-3072 -1152 -4096 ) (-3072 -1152 -2560 ) 
4 469 470 (-1024 -3072 -224 ) (-1024 -3072 288 ) (-1376 -3072 288 ) (-1376 -3072 -224 ) 
