PRT1
386
1114
4 0 217 (0 0 544 ) (0 0 768 ) (0 192 768 ) (0 192 544 ) 
4 0 71 (32 0 768 ) (0 0 768 ) (0 0 544 ) (32 0 544 ) 
4 1 61 (34 128 512 ) (96 128 512 ) (96 64 512 ) (34 64 512 ) 
4 1 64 (32 128 512 ) (34 128 512 ) (34 64 512 ) (32 64 512 ) 
4 2 72 (384 0 528 ) (384 0 512 ) (512 0 512 ) (512 0 528 ) 
4 2 31 (512 0 512 ) (384 0 512 ) (384 64 512 ) (512 64 512 ) 
4 3 8 (224 416 480 ) (224 416 512 ) (224 448 512 ) (224 448 480 ) 
4 3 5 (224 416 512 ) (224 416 480 ) (352 416 480 ) (352 416 512 ) 
4 4 10 (352 448 384 ) (352 416 384 ) (224 416 384 ) (224 448 384 ) 
4 4 7 (224 416 448 ) (224 416 384 ) (352 416 384 ) (352 416 448 ) 
4 5 8 (224 384 462 ) (224 384 512 ) (224 416 512 ) (224 416 462 ) 
4 6 8 (224 384 448 ) (224 384 456 ) (224 416 456 ) (224 416 448 ) 
4 6 7 (224 384 448 ) (224 416 448 ) (352 416 448 ) (352 384 448 ) 
4 7 10 (352 416 384 ) (352 384 384 ) (224 384 384 ) (224 416 384 ) 
4 9 242 (0 352 512 ) (0 384 512 ) (0 384 384 ) (0 352 384 ) 
4 9 42 (158 352 512 ) (0 352 512 ) (0 352 384 ) (158 352 384 ) 
4 9 15 (160 352 512 ) (158 352 512 ) (158 352 384 ) (160 352 384 ) 
4 9 12 (160 352 384 ) (0 352 384 ) (0 512 384 ) (160 512 384 ) 
4 10 68 (224 384 256 ) (224 448 256 ) (352 448 256 ) (352 384 256 ) 
4 10 14 (224 352 256 ) (352 352 256 ) (352 352 384 ) (224 352 384 ) 
4 10 11 (224 512 384 ) (224 512 256 ) (224 384 256 ) (224 384 384 ) 
4 11 12 (160 512 384 ) (160 512 256 ) (160 384 256 ) (160 384 384 ) 
4 12 242 (0 384 256 ) (0 352 256 ) (0 352 384 ) (0 384 384 ) 
4 12 42 (0 352 256 ) (158 352 256 ) (158 352 384 ) (0 352 384 ) 
4 12 15 (158 352 256 ) (160 352 256 ) (160 352 384 ) (158 352 384 ) 
4 13 74 (528 0 512 ) (512 0 512 ) (512 0 384 ) (528 0 384 ) 
4 13 30 (512 192 384 ) (512 64 384 ) (512 64 496 ) (512 192 496 ) 
4 13 31 (512 64 384 ) (512 0 384 ) (512 0 512 ) (512 64 512 ) 
5 14 30 (162 192 256 ) (512 192 256 ) (512 192 496 ) (384 192 512 ) (162 192 512 ) 
4 14 28 (162 208 256 ) (162 192 256 ) (162 192 512 ) (162 208 512 ) 
4 14 17 (162 208 258 ) (162 208 510 ) (162 336 510 ) (162 336 258 ) 
4 14 16 (162 208 510 ) (162 208 512 ) (162 336 512 ) (162 336 510 ) 
4 14 19 (162 336 256 ) (162 208 256 ) (162 208 258 ) (162 336 258 ) 
4 14 15 (162 352 512 ) (162 352 256 ) (162 336 256 ) (162 336 512 ) 
4 15 42 (158 352 512 ) (158 352 256 ) (158 336 256 ) (158 336 512 ) 
4 15 26 (158 336 258 ) (158 336 256 ) (160 336 256 ) (160 336 258 ) 
4 15 22 (158 336 510 ) (158 336 258 ) (159 336 258 ) (159 336 510 ) 
4 15 21 (159 336 258 ) (160 336 258 ) (160 336 510 ) (159 336 510 ) 
4 15 20 (158 336 512 ) (158 336 510 ) (160 336 510 ) (160 336 512 ) 
4 15 18 (161 336 510 ) (160 336 510 ) (160 336 258 ) (161 336 258 ) 
4 15 17 (162 336 258 ) (162 336 510 ) (161 336 510 ) (161 336 258 ) 
4 15 16 (162 336 510 ) (162 336 512 ) (160 336 512 ) (160 336 510 ) 
4 15 19 (160 336 256 ) (162 336 256 ) (162 336 258 ) (160 336 258 ) 
4 16 28 (162 208 510 ) (162 208 512 ) (160 208 512 ) (160 208 510 ) 
4 16 23 (160 224 510 ) (160 208 510 ) (160 208 512 ) (160 224 512 ) 
4 16 20 (160 336 512 ) (160 336 510 ) (160 224 510 ) (160 224 512 ) 
4 16 18 (161 208 510 ) (160 208 510 ) (160 336 510 ) (161 336 510 ) 
4 16 17 (162 208 510 ) (161 208 510 ) (161 336 510 ) (162 336 510 ) 
4 17 28 (162 208 258 ) (162 208 510 ) (161 208 510 ) (161 208 258 ) 
4 17 19 (162 208 258 ) (161 208 258 ) (161 336 258 ) (162 336 258 ) 
4 17 18 (161 336 258 ) (161 208 258 ) (161 208 510 ) (161 336 510 ) 
4 18 28 (161 208 510 ) (160 208 510 ) (160 208 258 ) (161 208 258 ) 
4 18 24 (160 224 258 ) (160 208 258 ) (160 208 510 ) (160 224 510 ) 
4 18 21 (160 336 510 ) (160 336 258 ) (160 224 258 ) (160 224 510 ) 
4 18 19 (161 208 258 ) (160 208 258 ) (160 336 258 ) (161 336 258 ) 
4 19 28 (160 208 256 ) (162 208 256 ) (162 208 258 ) (160 208 258 ) 
4 19 27 (160 224 256 ) (160 208 256 ) (160 208 258 ) (160 224 258 ) 
4 19 26 (160 336 258 ) (160 336 256 ) (160 224 256 ) (160 224 258 ) 
4 20 42 (158 224 512 ) (158 336 512 ) (158 336 510 ) (158 224 510 ) 
4 20 23 (158 224 512 ) (158 224 510 ) (160 224 510 ) (160 224 512 ) 
4 20 22 (159 224 510 ) (158 224 510 ) (158 336 510 ) (159 336 510 ) 
4 20 21 (160 224 510 ) (159 224 510 ) (159 336 510 ) (160 336 510 ) 
4 21 26 (159 336 258 ) (160 336 258 ) (160 224 258 ) (159 224 258 ) 
4 21 24 (159 224 258 ) (160 224 258 ) (160 224 510 ) (159 224 510 ) 
4 21 22 (159 336 258 ) (159 224 258 ) (159 224 510 ) (159 336 510 ) 
4 22 42 (158 336 510 ) (158 336 258 ) (158 224 258 ) (158 224 510 ) 
4 22 26 (158 336 258 ) (159 336 258 ) (159 224 258 ) (158 224 258 ) 
4 22 25 (158 224 510 ) (158 224 258 ) (159 224 258 ) (159 224 510 ) 
4 23 43 (158 208 510 ) (158 208 512 ) (158 224 512 ) (158 224 510 ) 
4 23 29 (158 208 512 ) (158 208 510 ) (160 208 510 ) (160 208 512 ) 
4 23 25 (158 224 510 ) (159 224 510 ) (159 208 510 ) (158 208 510 ) 
4 23 24 (159 224 510 ) (160 224 510 ) (160 208 510 ) (159 208 510 ) 
4 24 29 (159 208 258 ) (160 208 258 ) (160 208 510 ) (159 208 510 ) 
4 24 27 (160 224 258 ) (160 208 258 ) (159 208 258 ) (159 224 258 ) 
4 24 25 (159 208 510 ) (159 224 510 ) (159 224 258 ) (159 208 258 ) 
4 25 43 (158 208 258 ) (158 208 510 ) (158 224 510 ) (158 224 258 ) 
4 25 29 (158 208 510 ) (158 208 258 ) (159 208 258 ) (159 208 510 ) 
4 25 27 (159 208 258 ) (158 208 258 ) (158 224 258 ) (159 224 258 ) 
4 26 42 (158 336 256 ) (158 224 256 ) (158 224 258 ) (158 336 258 ) 
4 26 27 (160 224 256 ) (160 224 258 ) (158 224 258 ) (158 224 256 ) 
4 27 43 (158 224 256 ) (158 208 256 ) (158 208 258 ) (158 224 258 ) 
4 27 29 (158 208 258 ) (158 208 256 ) (160 208 256 ) (160 208 258 ) 
4 28 32 (160 192 256 ) (162 192 256 ) (162 192 512 ) (160 192 512 ) 
4 28 29 (160 208 512 ) (160 208 256 ) (160 192 256 ) (160 192 512 ) 
4 29 43 (158 208 256 ) (158 192 256 ) (158 192 512 ) (158 208 512 ) 
4 29 32 (158 192 512 ) (158 192 256 ) (160 192 256 ) (160 192 512 ) 
4 30 38 (162 64 258 ) (162 64 382 ) (162 189 382 ) (162 189 258 ) 
4 30 41 (162 189 256 ) (162 64 256 ) (162 64 258 ) (162 189 258 ) 
4 30 34 (162 64 386 ) (162 64 510 ) (162 189 510 ) (162 189 386 ) 
4 30 33 (162 64 510 ) (162 64 512 ) (162 189 512 ) (162 189 510 ) 
4 30 37 (162 64 382 ) (162 64 386 ) (162 189 386 ) (162 189 382 ) 
4 30 32 (162 192 512 ) (162 192 256 ) (162 189 256 ) (162 189 512 ) 
5 30 31 (162 64 512 ) (162 64 256 ) (512 64 256 ) (512 64 496 ) (384 64 512 ) 
4 31 97 (162 0 384 ) (162 0 256 ) (384 0 256 ) (384 0 384 ) 
4 31 96 (387 0 256 ) (512 0 256 ) (512 0 384 ) (387 0 384 ) 
4 31 95 (384 0 256 ) (387 0 256 ) (387 0 384 ) (384 0 384 ) 
4 31 74 (512 0 512 ) (162 0 512 ) (162 0 384 ) (512 0 384 ) 
4 31 38 (162 0 258 ) (162 0 382 ) (162 64 382 ) (162 64 258 ) 
4 31 41 (162 64 256 ) (162 0 256 ) (162 0 258 ) (162 64 258 ) 
4 31 34 (162 0 386 ) (162 0 510 ) (162 64 510 ) (162 64 386 ) 
4 31 33 (162 0 510 ) (162 0 512 ) (162 64 512 ) (162 64 510 ) 
4 31 37 (162 0 382 ) (162 0 386 ) (162 64 386 ) (162 64 382 ) 
4 32 44 (158 192 256 ) (158 189 256 ) (158 189 512 ) (158 192 512 ) 
4 32 39 (159 189 258 ) (161 189 258 ) (161 189 382 ) (159 189 382 ) 
4 32 38 (161 189 258 ) (162 189 258 ) (162 189 382 ) (161 189 382 ) 
4 32 40 (158 189 382 ) (158 189 258 ) (159 189 258 ) (159 189 382 ) 
4 32 41 (158 189 258 ) (158 189 256 ) (162 189 256 ) (162 189 258 ) 
4 32 35 (159 189 386 ) (161 189 386 ) (161 189 510 ) (159 189 510 ) 
4 32 34 (161 189 386 ) (162 189 386 ) (162 189 510 ) (161 189 510 ) 
4 32 36 (158 189 510 ) (158 189 386 ) (159 189 386 ) (159 189 510 ) 
4 32 33 (158 189 512 ) (158 189 510 ) (162 189 510 ) (162 189 512 ) 
4 32 37 (158 189 386 ) (158 189 382 ) (162 189 382 ) (162 189 386 ) 
4 33 78 (162 0 512 ) (158 0 512 ) (158 0 510 ) (162 0 510 ) 
4 33 61 (158 0 510 ) (158 0 512 ) (158 185 512 ) (158 185 510 ) 
4 33 44 (158 185 512 ) (158 189 512 ) (158 189 510 ) (158 185 510 ) 
4 33 35 (159 189 510 ) (161 189 510 ) (161 0 510 ) (159 0 510 ) 
4 33 34 (161 189 510 ) (162 189 510 ) (162 0 510 ) (161 0 510 ) 
4 33 36 (158 0 510 ) (158 189 510 ) (159 189 510 ) (159 0 510 ) 
4 34 83 (161 0 386 ) (162 0 386 ) (162 0 510 ) (161 0 510 ) 
4 34 37 (161 189 386 ) (162 189 386 ) (162 0 386 ) (161 0 386 ) 
4 34 35 (161 189 386 ) (161 0 386 ) (161 0 510 ) (161 189 510 ) 
4 35 84 (159 0 386 ) (161 0 386 ) (161 0 510 ) (159 0 510 ) 
4 35 36 (159 189 386 ) (159 0 386 ) (159 0 510 ) (159 189 510 ) 
4 35 37 (159 189 386 ) (161 189 386 ) (161 0 386 ) (159 0 386 ) 
4 36 85 (158 0 510 ) (158 0 386 ) (159 0 386 ) (159 0 510 ) 
4 36 61 (158 0 386 ) (158 0 510 ) (158 185 510 ) (158 185 386 ) 
4 36 44 (158 185 510 ) (158 189 510 ) (158 189 386 ) (158 185 386 ) 
4 36 37 (158 0 386 ) (158 189 386 ) (159 189 386 ) (159 0 386 ) 
4 37 99 (158 0 384 ) (158 0 382 ) (162 0 382 ) (162 0 384 ) 
4 37 88 (158 0 386 ) (158 0 384 ) (162 0 384 ) (162 0 386 ) 
4 37 61 (158 0 382 ) (158 0 386 ) (158 185 386 ) (158 185 382 ) 
4 37 44 (158 185 386 ) (158 189 386 ) (158 189 382 ) (158 185 382 ) 
4 37 39 (159 189 382 ) (161 189 382 ) (161 0 382 ) (159 0 382 ) 
4 37 38 (161 189 382 ) (162 189 382 ) (162 0 382 ) (161 0 382 ) 
4 37 40 (158 0 382 ) (158 189 382 ) (159 189 382 ) (159 0 382 ) 
4 38 100 (161 0 258 ) (162 0 258 ) (162 0 382 ) (161 0 382 ) 
4 38 41 (161 189 258 ) (162 189 258 ) (162 0 258 ) (161 0 258 ) 
4 38 39 (161 189 258 ) (161 0 258 ) (161 0 382 ) (161 189 382 ) 
4 39 101 (159 0 258 ) (161 0 258 ) (161 0 382 ) (159 0 382 ) 
4 39 40 (159 189 258 ) (159 0 258 ) (159 0 382 ) (159 189 382 ) 
4 39 41 (159 189 258 ) (161 189 258 ) (161 0 258 ) (159 0 258 ) 
4 40 102 (158 0 382 ) (158 0 258 ) (159 0 258 ) (159 0 382 ) 
4 40 65 (158 0 258 ) (158 0 260 ) (158 185 260 ) (158 185 258 ) 
4 40 62 (158 0 379 ) (158 0 381 ) (158 185 381 ) (158 185 379 ) 
4 40 61 (158 0 381 ) (158 0 382 ) (158 185 382 ) (158 185 381 ) 
4 40 63 (158 0 260 ) (158 0 379 ) (158 185 379 ) (158 185 260 ) 
4 40 44 (158 185 382 ) (158 189 382 ) (158 189 258 ) (158 185 258 ) 
4 40 41 (158 0 258 ) (158 189 258 ) (159 189 258 ) (159 0 258 ) 
4 41 103 (158 0 258 ) (158 0 256 ) (162 0 256 ) (162 0 258 ) 
4 41 65 (158 185 256 ) (158 0 256 ) (158 0 258 ) (158 185 258 ) 
4 41 44 (158 189 256 ) (158 185 256 ) (158 185 258 ) (158 189 258 ) 
4 42 279 (0 288 256 ) (0 224 256 ) (0 224 384 ) (0 288 384 ) 
4 42 274 (0 320 384 ) (0 320 256 ) (0 288 256 ) (0 288 384 ) 
4 42 255 (0 224 512 ) (0 320 512 ) (0 320 384 ) (0 224 384 ) 
4 42 242 (0 320 512 ) (0 352 512 ) (0 352 256 ) (0 320 256 ) 
4 42 43 (0 224 256 ) (158 224 256 ) (158 224 512 ) (0 224 512 ) 
4 43 282 (0 224 384 ) (0 224 256 ) (0 192 256 ) (0 192 384 ) 
4 43 256 (0 192 512 ) (0 224 512 ) (0 224 384 ) (0 192 384 ) 
4 43 56 (32 192 258 ) (32 192 510 ) (0 192 510 ) (0 192 258 ) 
4 43 55 (32 192 510 ) (32 192 512 ) (0 192 512 ) (0 192 510 ) 
4 43 60 (0 192 256 ) (32 192 256 ) (32 192 258 ) (0 192 258 ) 
4 43 50 (157 192 258 ) (157 192 378 ) (34 192 378 ) (34 192 258 ) 
4 43 49 (157 192 378 ) (157 192 385 ) (34 192 385 ) (34 192 378 ) 
4 43 53 (34 192 256 ) (157 192 256 ) (157 192 258 ) (34 192 258 ) 
4 43 46 (157 192 385 ) (157 192 510 ) (34 192 510 ) (34 192 385 ) 
4 43 45 (157 192 510 ) (157 192 512 ) (34 192 512 ) (34 192 510 ) 
4 43 44 (157 192 256 ) (158 192 256 ) (158 192 512 ) (157 192 512 ) 
4 43 54 (32 192 256 ) (34 192 256 ) (34 192 512 ) (32 192 512 ) 
4 44 65 (157 185 256 ) (158 185 256 ) (158 185 260 ) (157 185 260 ) 
4 44 62 (158 185 379 ) (158 185 381 ) (157 185 381 ) (157 185 379 ) 
4 44 61 (158 185 381 ) (158 185 512 ) (157 185 512 ) (157 185 381 ) 
4 44 63 (158 185 260 ) (158 185 379 ) (157 185 379 ) (157 185 260 ) 
4 44 51 (157 189 258 ) (157 187 258 ) (157 187 378 ) (157 189 378 ) 
4 44 50 (157 192 378 ) (157 192 258 ) (157 189 258 ) (157 189 378 ) 
4 44 52 (157 187 258 ) (157 185 258 ) (157 185 378 ) (157 187 378 ) 
4 44 49 (157 192 385 ) (157 192 378 ) (157 185 378 ) (157 185 385 ) 
4 44 53 (157 192 258 ) (157 192 256 ) (157 185 256 ) (157 185 258 ) 
4 44 47 (157 189 385 ) (157 187 385 ) (157 187 510 ) (157 189 510 ) 
4 44 46 (157 192 510 ) (157 192 385 ) (157 189 385 ) (157 189 510 ) 
4 44 48 (157 187 385 ) (157 185 385 ) (157 185 510 ) (157 187 510 ) 
4 44 45 (157 192 512 ) (157 192 510 ) (157 185 510 ) (157 185 512 ) 
4 45 61 (157 185 510 ) (157 185 512 ) (34 185 512 ) (34 185 510 ) 
4 45 47 (34 187 510 ) (34 189 510 ) (157 189 510 ) (157 187 510 ) 
4 45 46 (34 189 510 ) (34 192 510 ) (157 192 510 ) (157 189 510 ) 
4 45 48 (34 185 510 ) (34 187 510 ) (157 187 510 ) (157 185 510 ) 
4 45 54 (34 192 512 ) (34 192 510 ) (34 185 510 ) (34 185 512 ) 
4 46 49 (34 189 385 ) (34 192 385 ) (157 192 385 ) (157 189 385 ) 
4 46 54 (34 192 510 ) (34 192 385 ) (34 189 385 ) (34 189 510 ) 
4 46 47 (34 189 385 ) (157 189 385 ) (157 189 510 ) (34 189 510 ) 
4 47 49 (34 187 385 ) (34 189 385 ) (157 189 385 ) (157 187 385 ) 
4 47 48 (34 187 385 ) (157 187 385 ) (157 187 510 ) (34 187 510 ) 
4 47 54 (34 189 385 ) (34 187 385 ) (34 187 510 ) (34 189 510 ) 
4 48 61 (157 185 385 ) (157 185 510 ) (34 185 510 ) (34 185 385 ) 
4 48 49 (34 185 385 ) (34 187 385 ) (157 187 385 ) (157 185 385 ) 
4 48 54 (34 187 385 ) (34 185 385 ) (34 185 510 ) (34 187 510 ) 
4 49 62 (157 185 379 ) (157 185 381 ) (34 185 381 ) (34 185 379 ) 
4 49 61 (157 185 381 ) (157 185 385 ) (34 185 385 ) (34 185 381 ) 
4 49 63 (157 185 378 ) (157 185 379 ) (34 185 379 ) (34 185 378 ) 
4 49 51 (34 187 378 ) (34 189 378 ) (157 189 378 ) (157 187 378 ) 
4 49 50 (34 189 378 ) (34 192 378 ) (157 192 378 ) (157 189 378 ) 
4 49 52 (34 185 378 ) (34 187 378 ) (157 187 378 ) (157 185 378 ) 
4 49 54 (34 192 385 ) (34 192 378 ) (34 185 378 ) (34 185 385 ) 
4 50 53 (34 189 258 ) (34 192 258 ) (157 192 258 ) (157 189 258 ) 
4 50 54 (34 192 378 ) (34 192 258 ) (34 189 258 ) (34 189 378 ) 
4 50 51 (34 189 258 ) (157 189 258 ) (157 189 378 ) (34 189 378 ) 
4 51 52 (34 187 258 ) (157 187 258 ) (157 187 378 ) (34 187 378 ) 
4 51 53 (34 187 258 ) (34 189 258 ) (157 189 258 ) (157 187 258 ) 
4 51 54 (34 189 258 ) (34 187 258 ) (34 187 378 ) (34 189 378 ) 
4 52 66 (128 185 260 ) (34 185 260 ) (34 185 258 ) (128 185 258 ) 
4 52 65 (157 185 258 ) (157 185 260 ) (128 185 260 ) (128 185 258 ) 
4 52 63 (157 185 260 ) (157 185 378 ) (34 185 378 ) (34 185 260 ) 
4 52 54 (34 187 258 ) (34 185 258 ) (34 185 378 ) (34 187 378 ) 
4 52 53 (34 185 258 ) (34 187 258 ) (157 187 258 ) (157 185 258 ) 
4 53 66 (34 185 256 ) (128 185 256 ) (128 185 258 ) (34 185 258 ) 
4 53 65 (128 185 256 ) (157 185 256 ) (157 185 258 ) (128 185 258 ) 
4 53 54 (34 192 258 ) (34 192 256 ) (34 185 256 ) (34 185 258 ) 
4 54 66 (32 185 256 ) (34 185 256 ) (34 185 260 ) (32 185 260 ) 
4 54 64 (34 185 260 ) (34 185 512 ) (32 185 512 ) (32 185 260 ) 
4 54 58 (32 189 258 ) (32 187 258 ) (32 187 384 ) (32 189 384 ) 
4 54 57 (32 187 384 ) (32 187 510 ) (32 189 510 ) (32 189 384 ) 
4 54 56 (32 192 510 ) (32 192 258 ) (32 189 258 ) (32 189 510 ) 
4 54 59 (32 187 258 ) (32 185 258 ) (32 185 510 ) (32 187 510 ) 
4 54 55 (32 192 512 ) (32 192 510 ) (32 185 510 ) (32 185 512 ) 
4 54 60 (32 192 258 ) (32 192 256 ) (32 185 256 ) (32 185 258 ) 
4 55 257 (0 185 512 ) (0 192 512 ) (0 192 510 ) (0 185 510 ) 
4 55 64 (32 185 510 ) (32 185 512 ) (0 185 512 ) (0 185 510 ) 
4 55 57 (32 189 510 ) (32 187 510 ) (0 187 510 ) (0 189 510 ) 
4 55 56 (0 192 510 ) (32 192 510 ) (32 189 510 ) (0 189 510 ) 
4 55 59 (32 187 510 ) (32 185 510 ) (0 185 510 ) (0 187 510 ) 
4 56 283 (0 192 384 ) (0 192 258 ) (0 189 258 ) (0 189 384 ) 
4 56 261 (0 192 510 ) (0 192 384 ) (0 189 384 ) (0 189 510 ) 
4 56 58 (0 189 258 ) (32 189 258 ) (32 189 384 ) (0 189 384 ) 
4 56 57 (32 189 384 ) (32 189 510 ) (0 189 510 ) (0 189 384 ) 
4 56 60 (0 192 258 ) (32 192 258 ) (32 189 258 ) (0 189 258 ) 
4 57 262 (0 187 384 ) (0 187 510 ) (0 189 510 ) (0 189 384 ) 
4 57 59 (32 187 384 ) (32 187 510 ) (0 187 510 ) (0 187 384 ) 
4 57 58 (32 187 384 ) (0 187 384 ) (0 189 384 ) (32 189 384 ) 
4 58 284 (0 189 258 ) (0 187 258 ) (0 187 384 ) (0 189 384 ) 
4 58 60 (32 189 258 ) (32 187 258 ) (0 187 258 ) (0 189 258 ) 
4 58 59 (0 187 258 ) (32 187 258 ) (32 187 384 ) (0 187 384 ) 
4 59 285 (0 187 258 ) (0 185 258 ) (0 185 384 ) (0 187 384 ) 
4 59 263 (0 185 384 ) (0 185 510 ) (0 187 510 ) (0 187 384 ) 
4 59 66 (32 185 258 ) (32 185 260 ) (0 185 260 ) (0 185 258 ) 
4 59 64 (32 185 260 ) (32 185 510 ) (0 185 510 ) (0 185 260 ) 
4 59 60 (32 187 258 ) (32 185 258 ) (0 185 258 ) (0 187 258 ) 
4 60 286 (0 192 258 ) (0 192 256 ) (0 185 256 ) (0 185 258 ) 
4 60 66 (0 185 256 ) (32 185 256 ) (32 185 258 ) (0 185 258 ) 
4 61 106 (34 0 384 ) (34 0 381 ) (158 0 381 ) (158 0 384 ) 
4 61 89 (34 0 510 ) (34 0 386 ) (158 0 386 ) (158 0 510 ) 
4 61 92 (34 0 386 ) (34 0 384 ) (158 0 384 ) (158 0 386 ) 
4 61 80 (158 0 512 ) (34 0 512 ) (34 0 510 ) (158 0 510 ) 
4 61 64 (34 185 512 ) (34 185 381 ) (34 0 381 ) (34 0 512 ) 
4 61 62 (34 0 381 ) (34 185 381 ) (158 185 381 ) (158 0 381 ) 
4 62 107 (34 0 381 ) (34 0 379 ) (158 0 379 ) (158 0 381 ) 
4 62 63 (34 0 379 ) (34 185 379 ) (158 185 379 ) (158 0 379 ) 
4 62 64 (34 185 381 ) (34 185 379 ) (34 0 379 ) (34 0 381 ) 
4 63 108 (34 0 379 ) (34 0 260 ) (158 0 260 ) (158 0 379 ) 
4 63 66 (34 185 260 ) (128 185 260 ) (128 160 260 ) (34 160 260 ) 
4 63 67 (128 32 260 ) (128 0 260 ) (34 0 260 ) (34 32 260 ) 
4 63 65 (128 185 260 ) (158 185 260 ) (158 0 260 ) (128 0 260 ) 
4 63 64 (34 185 379 ) (34 185 260 ) (34 0 260 ) (34 0 379 ) 
4 64 285 (0 0 260 ) (0 0 384 ) (0 185 384 ) (0 185 260 ) 
4 64 263 (0 0 384 ) (0 0 510 ) (0 185 510 ) (0 185 384 ) 
4 64 257 (0 0 510 ) (0 0 512 ) (0 185 512 ) (0 185 510 ) 
4 64 110 (0 0 384 ) (0 0 260 ) (34 0 260 ) (34 0 384 ) 
4 64 94 (0 0 510 ) (0 0 384 ) (34 0 384 ) (34 0 510 ) 
4 64 81 (32 0 512 ) (0 0 512 ) (0 0 510 ) (32 0 510 ) 
4 64 80 (34 0 512 ) (32 0 512 ) (32 0 510 ) (34 0 510 ) 
4 64 66 (0 160 260 ) (0 185 260 ) (34 185 260 ) (34 160 260 ) 
4 64 67 (0 0 260 ) (0 32 260 ) (34 32 260 ) (34 0 260 ) 
4 65 108 (128 0 256 ) (158 0 256 ) (158 0 260 ) (128 0 260 ) 
4 65 66 (128 160 260 ) (128 185 260 ) (128 185 256 ) (128 160 256 ) 
4 65 67 (128 0 260 ) (128 32 260 ) (128 32 256 ) (128 0 256 ) 
4 66 285 (0 160 260 ) (0 185 260 ) (0 185 258 ) (0 160 258 ) 
4 66 286 (0 185 258 ) (0 185 256 ) (0 160 256 ) (0 160 258 ) 
4 67 285 (0 0 258 ) (0 0 260 ) (0 32 260 ) (0 32 258 ) 
4 67 286 (0 0 256 ) (0 0 258 ) (0 32 258 ) (0 32 256 ) 
4 67 108 (34 0 256 ) (128 0 256 ) (128 0 260 ) (34 0 260 ) 
4 67 110 (0 0 260 ) (0 0 256 ) (34 0 256 ) (34 0 260 ) 
4 68 69 (352 384 192 ) (224 384 192 ) (224 416 192 ) (352 416 192 ) 
4 70 213 (1152 -1024 192 ) (1024 -1024 192 ) (1024 -1024 -896 ) (1152 -1024 -896 ) 
4 70 212 (1280 -1024 192 ) (1152 -1024 192 ) (1152 -1024 -896 ) (1280 -1024 -896 ) 
4 70 210 (1024 -928 -896 ) (1024 -1024 -896 ) (1024 -1024 152 ) (1024 -928 152 ) 
4 70 192 (1024 -320 -896 ) (1024 -928 -896 ) (1024 -928 152 ) (1024 -320 152 ) 
4 70 190 (1024 -1024 152 ) (1024 -1024 160 ) (1024 -800 160 ) (1024 -800 152 ) 
4 70 175 (1024 -800 160 ) (1024 -608 160 ) (1024 -608 152 ) (1024 -800 152 ) 
4 70 167 (1024 -608 160 ) (1024 -416 160 ) (1024 -416 152 ) (1024 -608 152 ) 
4 70 166 (1024 -416 160 ) (1024 -320 160 ) (1024 -320 152 ) (1024 -416 152 ) 
4 70 139 (1024 -1024 160 ) (1024 -1024 192 ) (1024 -416 192 ) (1024 -416 160 ) 
4 70 135 (1024 -416 192 ) (1024 -336 192 ) (1024 -336 160 ) (1024 -416 160 ) 
4 70 132 (1024 -336 192 ) (1024 -320 192 ) (1024 -320 160 ) (1024 -336 160 ) 
4 71 320 (0 -288 768 ) (0 0 768 ) (0 0 544 ) (0 -288 544 ) 
4 72 74 (384 0 512 ) (512 0 512 ) (512 -64 512 ) (384 -64 512 ) 
4 73 112 (256 -320 512 ) (0 -320 512 ) (0 -256 512 ) (256 -256 512 ) 
4 73 82 (0 -256 512 ) (0 -192 512 ) (32 -192 512 ) (32 -256 512 ) 
4 73 80 (32 -192 512 ) (158 -192 512 ) (158 -256 512 ) (32 -256 512 ) 
4 73 79 (162 -194 512 ) (162 -256 512 ) (158 -256 512 ) (158 -194 512 ) 
4 73 78 (158 -192 512 ) (162 -192 512 ) (162 -194 512 ) (158 -194 512 ) 
4 73 76 (162 -192 512 ) (256 -192 512 ) (256 -256 512 ) (162 -256 512 ) 
4 74 97 (162 -64 384 ) (162 0 384 ) (384 0 384 ) (384 -64 384 ) 
4 74 96 (387 0 384 ) (512 0 384 ) (512 -64 384 ) (384 -64 384 ) 
3 74 95 (384 0 384 ) (387 0 384 ) (384 -64 384 ) 
4 74 83 (162 -64 386 ) (162 -64 510 ) (162 0 510 ) (162 0 386 ) 
4 74 88 (162 0 384 ) (162 -64 384 ) (162 -64 386 ) (162 0 386 ) 
4 74 78 (162 -64 510 ) (162 -64 512 ) (162 0 512 ) (162 0 510 ) 
4 74 75 (162 -64 512 ) (162 -64 384 ) (384 -64 384 ) (384 -64 512 ) 
4 75 97 (162 -192 384 ) (162 -64 384 ) (384 -64 384 ) (378 -192 384 ) 
4 75 83 (162 -189 510 ) (162 -64 510 ) (162 -64 386 ) (162 -189 386 ) 
4 75 87 (162 -192 386 ) (162 -192 510 ) (162 -189 510 ) (162 -189 386 ) 
4 75 88 (162 -64 384 ) (162 -192 384 ) (162 -192 386 ) (162 -64 386 ) 
4 75 78 (162 -192 510 ) (162 -192 512 ) (162 -64 512 ) (162 -64 510 ) 
3 75 77 (384 -192 512 ) (368 -192 512 ) (376 -192 448 ) 
4 75 76 (162 -192 512 ) (162 -192 384 ) (384 -192 384 ) (368 -192 512 ) 
4 76 112 (368 -256 512 ) (162 -256 512 ) (162 -256 384 ) (384 -256 384 ) 
4 76 98 (384 -256 384 ) (162 -256 384 ) (162 -192 384 ) (384 -192 384 ) 
4 76 87 (162 -194 386 ) (162 -194 510 ) (162 -192 510 ) (162 -192 386 ) 
4 76 88 (162 -192 384 ) (162 -194 384 ) (162 -194 386 ) (162 -192 386 ) 
4 76 93 (162 -194 384 ) (162 -256 384 ) (162 -256 510 ) (162 -194 510 ) 
4 76 79 (162 -256 510 ) (162 -256 512 ) (162 -194 512 ) (162 -194 510 ) 
4 76 78 (162 -194 512 ) (162 -192 512 ) (162 -192 510 ) (162 -194 510 ) 
4 76 77 (376 -192 447.998108 ) (368 -192 512 ) (368 -256 512 ) (376 -256 447.998108 ) 
3 77 112 (384 -256 512 ) (368 -256 512 ) (376 -256 448 ) 
4 78 86 (159 -189 510 ) (158 -189 510 ) (158 -187 510 ) (159 -187 510 ) 
4 78 85 (158 -187 510 ) (158 0 510 ) (159 0 510 ) (159 -187 510 ) 
4 78 84 (161 -189 510 ) (159 -189 510 ) (159 0 510 ) (161 0 510 ) 
4 78 83 (162 0 510 ) (162 -189 510 ) (161 -189 510 ) (161 0 510 ) 
4 78 87 (162 -189 510 ) (162 -194 510 ) (158 -194 510 ) (158 -189 510 ) 
4 78 80 (158 0 510 ) (158 -194 510 ) (158 -194 512 ) (158 0 512 ) 
4 78 79 (158 -194 512 ) (158 -194 510 ) (162 -194 510 ) (162 -194 512 ) 
4 79 112 (162 -256 512 ) (158 -256 512 ) (158 -256 510 ) (162 -256 510 ) 
4 79 93 (162 -194 510 ) (162 -256 510 ) (158 -256 510 ) (158 -194 510 ) 
4 79 80 (158 -194 510 ) (158 -256 510 ) (158 -256 512 ) (158 -194 512 ) 
4 80 112 (158 -256 512 ) (32 -256 512 ) (32 -256 510 ) (158 -256 510 ) 
4 80 90 (34 -189 510 ) (34 -187 510 ) (158 -187 510 ) (158 -189 510 ) 
4 80 89 (34 -187 510 ) (34 0 510 ) (158 0 510 ) (158 -187 510 ) 
4 80 91 (34 -194 510 ) (34 -189 510 ) (158 -189 510 ) (158 -194 510 ) 
4 80 93 (158 -256 510 ) (34 -256 510 ) (34 -194 510 ) (158 -194 510 ) 
4 80 94 (34 -256 510 ) (32 -256 510 ) (32 0 510 ) (34 0 510 ) 
4 80 81 (32 0 510 ) (32 -64 510 ) (32 -64 512 ) (32 0 512 ) 
4 80 82 (32 -128 510 ) (32 -256 510 ) (32 -256 512 ) (32 -128 512 ) 
4 81 324 (0 -64 512 ) (0 0 512 ) (0 0 510 ) (0 -64 510 ) 
4 81 94 (0 -64 510 ) (0 0 510 ) (32 0 510 ) (32 -64 510 ) 
4 82 326 (0 -256 512 ) (0 -128 512 ) (0 -128 510 ) (0 -256 510 ) 
4 82 112 (32 -256 512 ) (0 -256 512 ) (0 -256 510 ) (32 -256 510 ) 
4 82 94 (32 -256 510 ) (0 -256 510 ) (0 -128 510 ) (32 -128 510 ) 
4 83 88 (161 0 386 ) (162 0 386 ) (162 -189 386 ) (161 -189 386 ) 
4 83 87 (161 -189 386 ) (162 -189 386 ) (162 -189 510 ) (161 -189 510 ) 
4 83 84 (161 0 386 ) (161 -189 386 ) (161 -189 510 ) (161 0 510 ) 
4 84 86 (159 -187 386 ) (159 -189 386 ) (159 -189 510 ) (159 -187 510 ) 
4 84 85 (159 0 386 ) (159 -187 386 ) (159 -187 510 ) (159 0 510 ) 
4 84 88 (159 0 386 ) (161 0 386 ) (161 -189 386 ) (159 -189 386 ) 
4 84 87 (159 -189 386 ) (161 -189 386 ) (161 -189 510 ) (159 -189 510 ) 
4 85 89 (158 -187 510 ) (158 0 510 ) (158 0 386 ) (158 -187 386 ) 
4 85 88 (158 -187 386 ) (158 0 386 ) (159 0 386 ) (159 -187 386 ) 
4 85 86 (158 -187 510 ) (158 -187 386 ) (159 -187 386 ) (159 -187 510 ) 
4 86 90 (158 -189 510 ) (158 -187 510 ) (158 -187 386 ) (158 -189 386 ) 
4 86 88 (158 -189 386 ) (158 -187 386 ) (159 -187 386 ) (159 -189 386 ) 
4 86 87 (158 -189 510 ) (158 -189 386 ) (159 -189 386 ) (159 -189 510 ) 
4 87 91 (158 -194 386 ) (158 -194 510 ) (158 -189 510 ) (158 -189 386 ) 
4 87 88 (162 -194 386 ) (158 -194 386 ) (158 -189 386 ) (162 -189 386 ) 
4 87 93 (162 -194 386 ) (162 -194 510 ) (158 -194 510 ) (158 -194 386 ) 
4 88 104 (162 -189 384 ) (162 -194 384 ) (158 -194 384 ) (158 -189 384 ) 
4 88 99 (158 0 384 ) (162 0 384 ) (162 -189 384 ) (158 -189 384 ) 
4 88 92 (158 0 384 ) (158 -194 384 ) (158 -194 386 ) (158 0 386 ) 
4 88 93 (158 -194 384 ) (162 -194 384 ) (162 -194 386 ) (158 -194 386 ) 
4 89 94 (34 -187 510 ) (34 0 510 ) (34 0 386 ) (34 -187 386 ) 
4 89 92 (158 0 386 ) (158 -187 386 ) (34 -187 386 ) (34 0 386 ) 
4 89 90 (34 -187 510 ) (34 -187 386 ) (158 -187 386 ) (158 -187 510 ) 
4 90 91 (34 -189 510 ) (34 -189 386 ) (158 -189 386 ) (158 -189 510 ) 
4 90 94 (34 -189 510 ) (34 -187 510 ) (34 -187 386 ) (34 -189 386 ) 
4 90 92 (158 -187 386 ) (158 -189 386 ) (34 -189 386 ) (34 -187 386 ) 
4 91 92 (158 -189 386 ) (158 -194 386 ) (34 -194 386 ) (34 -189 386 ) 
4 91 93 (34 -194 510 ) (34 -194 386 ) (158 -194 386 ) (158 -194 510 ) 
4 91 94 (34 -194 386 ) (34 -194 510 ) (34 -189 510 ) (34 -189 386 ) 
4 92 106 (34 -189 384 ) (34 0 384 ) (158 0 384 ) (158 -189 384 ) 
4 92 109 (34 -194 384 ) (34 -189 384 ) (158 -189 384 ) (158 -194 384 ) 
4 92 94 (34 0 384 ) (34 -194 384 ) (34 -194 386 ) (34 0 386 ) 
4 92 93 (34 -194 386 ) (34 -194 384 ) (158 -194 384 ) (158 -194 386 ) 
4 93 112 (34 -256 384 ) (162 -256 384 ) (162 -256 510 ) (34 -256 510 ) 
4 93 109 (158 -256 384 ) (34 -256 384 ) (34 -194 384 ) (158 -194 384 ) 
4 93 105 (162 -256 384 ) (158 -256 384 ) (158 -194 384 ) (162 -194 384 ) 
4 93 94 (34 -194 384 ) (34 -256 384 ) (34 -256 510 ) (34 -194 510 ) 
4 94 325 (0 -64 384 ) (0 -128 384 ) (0 -128 510 ) (0 -64 510 ) 
4 94 324 (0 0 510 ) (0 0 384 ) (0 -64 384 ) (0 -64 510 ) 
4 94 326 (0 -128 384 ) (0 -256 384 ) (0 -256 510 ) (0 -128 510 ) 
4 94 112 (0 -256 510 ) (0 -256 384 ) (34 -256 384 ) (34 -256 510 ) 
4 94 110 (34 -256 384 ) (0 -256 384 ) (0 0 384 ) (34 0 384 ) 
4 95 97 (384 0 256 ) (384 -64 256 ) (384 -64 384 ) (384 0 384 ) 
4 95 96 (384 -64.002068 384 ) (384 -64.002068 256 ) (387 0 256 ) (387 0 384 ) 
4 97 113 (382.500000 -96 256 ) (378 -192 256 ) (192 -192 256 ) (192 -96 256 ) 
4 97 104 (162 -189 256 ) (162 -192 256 ) (162 -192 384 ) (162 -189 384 ) 
4 97 100 (162 -189 258 ) (162 -189 382 ) (162 0 382 ) (162 0 258 ) 
4 97 99 (162 -189 382 ) (162 -189 384 ) (162 0 384 ) (162 0 382 ) 
4 97 103 (162 0 256 ) (162 -189 256 ) (162 -189 258 ) (162 0 258 ) 
4 97 98 (162 -192 384 ) (162 -192 256 ) (378 -192 256 ) (378 -192 384 ) 
4 98 113 (384 -192 256 ) (384 -256 256 ) (192 -256 256 ) (192 -192 256 ) 
4 98 112 (162 -256 256 ) (384 -256 256 ) (384 -256 384 ) (162 -256 384 ) 
4 98 105 (162 -194 256 ) (162 -256 256 ) (162 -256 384 ) (162 -194 384 ) 
4 98 104 (162 -192 256 ) (162 -194 256 ) (162 -194 384 ) (162 -192 384 ) 
4 99 106 (158 -189 382 ) (158 -189 384 ) (158 0 384 ) (158 0 382 ) 
4 99 104 (158 -189 384 ) (158 -189 382 ) (162 -189 382 ) (162 -189 384 ) 
4 99 101 (161 -189 382 ) (159 -189 382 ) (159 0 382 ) (161 0 382 ) 
4 99 100 (162 -189 382 ) (161 -189 382 ) (161 0 382 ) (162 0 382 ) 
4 99 102 (159 -189 382 ) (158 -189 382 ) (158 0 382 ) (159 0 382 ) 
4 100 104 (161 -189 258 ) (162 -189 258 ) (162 -189 382 ) (161 -189 382 ) 
4 100 103 (162 -189 258 ) (161 -189 258 ) (161 0 258 ) (162 0 258 ) 
4 100 101 (161 0 258 ) (161 -189 258 ) (161 -189 382 ) (161 0 382 ) 
4 101 104 (159 -189 258 ) (161 -189 258 ) (161 -189 382 ) (159 -189 382 ) 
4 101 102 (159 0 258 ) (159 -189 258 ) (159 -189 382 ) (159 0 382 ) 
4 101 103 (161 -189 258 ) (159 -189 258 ) (159 0 258 ) (161 0 258 ) 
4 102 107 (158 -189 379 ) (158 -189 381 ) (158 0 381 ) (158 0 379 ) 
4 102 106 (158 -189 381 ) (158 -189 382 ) (158 0 382 ) (158 0 381 ) 
4 102 108 (158 -189 258 ) (158 -189 379 ) (158 0 379 ) (158 0 258 ) 
4 102 104 (158 -189 382 ) (158 -189 258 ) (159 -189 258 ) (159 -189 382 ) 
4 102 103 (159 -189 258 ) (158 -189 258 ) (158 0 258 ) (159 0 258 ) 
4 103 108 (158 0 256 ) (158 -189 256 ) (158 -189 258 ) (158 0 258 ) 
4 103 104 (158 -189 258 ) (158 -189 256 ) (162 -189 256 ) (162 -189 258 ) 
4 104 109 (158 -189 256 ) (158 -194 256 ) (158 -194 384 ) (158 -189 384 ) 
4 104 105 (158 -194 384 ) (158 -194 256 ) (162 -194 256 ) (162 -194 384 ) 
4 105 112 (158 -256 256 ) (162 -256 256 ) (162 -256 384 ) (158 -256 384 ) 
4 105 109 (158 -194 256 ) (158 -256 256 ) (158 -256 384 ) (158 -194 384 ) 
4 106 110 (34 -189 381 ) (34 -189 384 ) (34 0 384 ) (34 0 381 ) 
4 106 109 (34 -189 384 ) (34 -189 381 ) (158 -189 381 ) (158 -189 384 ) 
4 106 107 (158 -189 381 ) (34 -189 381 ) (34 0 381 ) (158 0 381 ) 
4 107 108 (158 -189 379 ) (34 -189 379 ) (34 0 379 ) (158 0 379 ) 
4 107 110 (34 -189 379 ) (34 -189 381 ) (34 0 381 ) (34 0 379 ) 
4 107 109 (34 -189 381 ) (34 -189 379 ) (158 -189 379 ) (158 -189 381 ) 
4 108 109 (34 -189 379 ) (34 -189 256 ) (158 -189 256 ) (158 -189 379 ) 
4 108 110 (34 0 256 ) (34 -189 256 ) (34 -189 379 ) (34 0 379 ) 
4 109 122 (64 -256 256 ) (34 -256 256 ) (34 -192 256 ) (64 -192 256 ) 
4 109 112 (34 -256 256 ) (158 -256 256 ) (158 -256 384 ) (34 -256 384 ) 
4 109 110 (34 -189 256 ) (34 -256 256 ) (34 -256 384 ) (34 -189 384 ) 
4 110 357 (0 0 384 ) (0 0 256 ) (0 -256 256 ) (0 -256 384 ) 
4 110 122 (0 -256 256 ) (0 -192 256 ) (34 -192 256 ) (34 -256 256 ) 
4 110 112 (0 -256 256 ) (34 -256 256 ) (34 -256 384 ) (0 -256 384 ) 
4 111 133 (512 -320 416 ) (512 -320 256 ) (832 -320 256 ) (832 -320 416 ) 
4 111 117 (832 -320 256 ) (512 -320 256 ) (512 -256 256 ) (832 -256 256 ) 
4 112 357 (0 -320 256 ) (0 -320 384 ) (0 -256 384 ) (0 -256 256 ) 
4 112 326 (0 -320 384 ) (0 -320 512 ) (0 -256 512 ) (0 -256 384 ) 
4 112 134 (192 -320 512 ) (0 -320 512 ) (0 -320 384 ) (192 -320 384 ) 
4 112 121 (96 -320 256 ) (64 -320 256 ) (64 -256 256 ) (96 -256 256 ) 
4 112 122 (64 -320 256 ) (0 -320 256 ) (0 -256 256 ) (64 -256 256 ) 
4 112 119 (224 -320 256 ) (192 -320 256 ) (192 -256 256 ) (224 -256 256 ) 
4 112 118 (384 -320 256 ) (224 -320 256 ) (224 -256 256 ) (384 -256 256 ) 
4 113 119 (192 -256 256 ) (192 -256 240 ) (224 -256 240 ) (224 -256 256 ) 
4 113 118 (224 -256 240 ) (384 -256 240 ) (384 -256 256 ) (224 -256 256 ) 
4 113 115 (320 -160 240 ) (224 -160 240 ) (224 -128 240 ) (320 -128 240 ) 
4 113 114 (384 -128 240 ) (384 -160 240 ) (320 -160 240 ) (320 -128 240 ) 
4 113 116 (384 -160 240 ) (384 -256 240 ) (224 -256 240 ) (224 -160 240 ) 
4 114 124 (384 -128 224 ) (384 -160 224 ) (320 -160 224 ) (320 -128 224 ) 
4 114 115 (320 -160 225 ) (320 -160 240 ) (320 -128 240 ) (320 -128 225 ) 
4 114 116 (320 -160 224 ) (384 -160 224 ) (384 -160 240 ) (320 -160 240 ) 
4 115 116 (224 -160 240 ) (224 -160 225 ) (320 -160 225 ) (320 -160 240 ) 
4 116 125 (320 -224 224 ) (312 -224 224 ) (312 -160 224 ) (320 -160 224 ) 
4 116 126 (256 -224 224 ) (224 -224 224 ) (224 -160 224 ) (256 -160 224 ) 
4 116 124 (384 -160 224 ) (384 -192 224 ) (320 -192 224 ) (320 -160 224 ) 
4 116 118 (224 -256 224 ) (384 -256 224 ) (384 -256 240 ) (224 -256 240 ) 
4 117 133 (832 -320 256 ) (512 -320 256 ) (512 -320 224 ) (832 -320 224 ) 
4 117 123 (832 -320 224 ) (512 -320 224 ) (512 -256 224 ) (832 -256 224 ) 
4 118 130 (224 -288 224 ) (224 -256 224 ) (256 -256 224 ) (256 -288 224 ) 
4 118 119 (224 -256 256 ) (224 -256 240 ) (224 -320 240 ) (224 -320 256 ) 
4 120 121 (64 -256 254 ) (64 -256 240 ) (96 -256 240 ) (96 -256 254 ) 
4 120 122 (64 -192 254 ) (64 -192 240 ) (64 -256 240 ) (64 -256 254 ) 
4 121 122 (64 -256 240 ) (64 -320 240 ) (64 -320 256 ) (64 -256 256 ) 
4 122 374 (0 -320 240 ) (0 -320 256 ) (0 -192 256 ) (0 -192 240 ) 
4 123 133 (832 -320 160 ) (832 -320 224 ) (512 -320 224 ) (512 -320 160 ) 
4 124 129 (320 -192 223 ) (320 -96 223 ) (384 -96 223 ) (384 -192 223 ) 
4 124 125 (320 -160 223 ) (320 -192 223 ) (320 -192 224 ) (320 -160 224 ) 
4 125 129 (320 -224 223 ) (312 -224 223 ) (312 -160 223 ) (320 -160 223 ) 
4 126 129 (256 -224 223 ) (224 -224 223 ) (224 -160 223 ) (256 -160 223 ) 
4 126 128 (224 -192 223 ) (224 -224 223 ) (224 -224 224 ) (224 -192 224 ) 
4 127 129 (192 -128 223 ) (192 -96 223 ) (224 -96 223 ) (224 -128 223 ) 
4 128 129 (224 -224 223 ) (192 -224 223 ) (192 -192 223 ) (224 -192 223 ) 
4 130 131 (192 -288 223 ) (192 -256 223 ) (256 -256 223 ) (256 -288 223 ) 
4 132 166 (896 -320 160 ) (1024 -320 160 ) (1024 -336 160 ) (896 -336 160 ) 
4 132 135 (896 -336 160 ) (1024 -336 160 ) (1024 -336 192 ) (896 -336 192 ) 
4 133 136 (512 -336 160 ) (832 -336 160 ) (832 -336 416 ) (512 -336 416 ) 
4 134 332 (0 -320 512 ) (0 -320 384 ) (0 -336 384 ) (0 -336 512 ) 
4 134 138 (0 -336 512 ) (0 -336 384 ) (192 -336 384 ) (192 -336 512 ) 
4 135 166 (896 -336 160 ) (1024 -336 160 ) (1024 -416 160 ) (896 -416 160 ) 
4 135 139 (896 -416 160 ) (1024 -416 160 ) (1024 -416 192 ) (896 -416 192 ) 
4 136 137 (576 -384 160 ) (832 -384 160 ) (832 -384 288 ) (576 -384 288 ) 
4 137 144 (576 -416 160 ) (624 -416 160 ) (624 -416 288 ) (576 -416 288 ) 
4 137 143 (624 -416 160 ) (832 -416 160 ) (832 -416 196 ) (624 -416 196 ) 
4 137 141 (832 -416 196 ) (832 -416 224 ) (624 -416 224 ) (624 -416 196 ) 
4 137 140 (832 -416 224 ) (832 -416 288 ) (624 -416 288 ) (624 -416 224 ) 
4 138 334 (0 -352 384 ) (0 -416 384 ) (0 -416 512 ) (0 -352 512 ) 
4 138 332 (0 -336 512 ) (0 -336 384 ) (0 -352 384 ) (0 -352 512 ) 
4 138 323 (0 -336 544 ) (0 -336 512 ) (0 -416 512 ) (0 -416 544 ) 
4 138 321 (0 -336 576 ) (0 -336 544 ) (0 -416 544 ) (0 -416 576 ) 
4 138 146 (192 -416 384 ) (192 -416 576 ) (0 -416 576 ) (0 -416 384 ) 
4 139 214 (896 -1024 160 ) (1024 -1024 160 ) (1024 -1024 192 ) (896 -1024 192 ) 
4 139 190 (1024 -1024 160 ) (896 -1024 160 ) (896 -800 160 ) (1024 -800 160 ) 
4 139 175 (896 -800 160 ) (896 -608 160 ) (1024 -608 160 ) (1024 -800 160 ) 
4 139 167 (896 -608 160 ) (896 -416 160 ) (1024 -416 160 ) (1024 -608 160 ) 
4 139 142 (896 -416 192 ) (896 -416 160 ) (896 -800 160 ) (896 -800 192 ) 
4 140 144 (624 -416 352 ) (624 -416 224 ) (624 -608 224 ) (624 -608 352 ) 
4 140 141 (880 -800 224 ) (624 -800 224 ) (624 -416 224 ) (880 -416 224 ) 
4 141 144 (624 -608 224 ) (624 -416 224 ) (624 -416 196 ) (624 -608 196 ) 
4 141 143 (884 -800 196 ) (624 -800 196 ) (624 -416 196 ) (884 -416 196 ) 
4 142 176 (896 -608 160 ) (896 -800 160 ) (884 -800 160 ) (884 -608 160 ) 
4 142 168 (884 -416 160 ) (896 -416 160 ) (896 -608 160 ) (884 -608 160 ) 
4 142 143 (884 -800 160 ) (884 -800 196 ) (884 -416 196 ) (884 -416 160 ) 
4 143 182 (768 -800 160 ) (624 -800 160 ) (624 -608 160 ) (768 -608 160 ) 
4 143 177 (884 -608 160 ) (884 -800 160 ) (832 -800 160 ) (832 -608 160 ) 
4 143 174 (768 -480 160 ) (768 -608 160 ) (624 -608 160 ) (624 -480 160 ) 
4 143 169 (832 -416 160 ) (884 -416 160 ) (884 -608 160 ) (832 -608 160 ) 
4 143 144 (624 -608 196 ) (624 -416 196 ) (624 -416 160 ) (624 -608 160 ) 
4 144 174 (624 -480 160 ) (624 -608 160 ) (512 -608 160 ) (512 -480 160 ) 
4 144 145 (448 -608 160 ) (448 -608 352 ) (448 -480 352 ) (448 -480 160 ) 
4 145 152 (368 -608 162 ) (368 -608 222 ) (368 -480 222 ) (368 -480 162 ) 
4 145 161 (368 -480 160 ) (368 -608 160 ) (368 -608 162 ) (368 -480 162 ) 
4 145 148 (368 -608 222 ) (368 -608 224 ) (368 -544 224 ) (368 -544 222 ) 
4 145 147 (368 -544 352 ) (368 -480 352 ) (368 -480 222 ) (368 -544 222 ) 
4 146 334 (0 -416 512 ) (0 -416 384 ) (0 -464 384 ) (0 -464 512 ) 
4 146 323 (0 -416 544 ) (0 -416 512 ) (0 -464 512 ) (0 -464 544 ) 
4 146 321 (0 -416 576 ) (0 -416 544 ) (0 -464 544 ) (0 -464 576 ) 
4 147 152 (352 -544 222 ) (352 -416 222 ) (368 -416 222 ) (368 -544 222 ) 
4 147 149 (352 -544 232 ) (352 -544 352 ) (352 -416 352 ) (352 -416 232 ) 
4 147 150 (352 -416 222 ) (352 -544 222 ) (352 -544 224 ) (352 -416 224 ) 
4 147 148 (352 -544 224 ) (352 -544 222 ) (368 -544 222 ) (368 -544 224 ) 
4 148 152 (368 -672 222 ) (352 -672 222 ) (352 -544 222 ) (368 -544 222 ) 
4 148 150 (352 -544 222 ) (352 -672 222 ) (352 -672 224 ) (352 -544 224 ) 
4 149 151 (248 -672 232 ) (248 -672 352 ) (248 -416 352 ) (248 -416 232 ) 
4 150 152 (352 -672 222 ) (248 -672 222 ) (248 -416 222 ) (352 -416 222 ) 
4 150 151 (248 -416 222 ) (248 -672 222 ) (248 -672 224 ) (248 -416 224 ) 
4 151 163 (176 -608 352 ) (176 -480 352 ) (176 -480 222 ) (176 -608 222 ) 
4 151 158 (178 -478 222 ) (178 -476 222 ) (238 -476 222 ) (238 -478 222 ) 
4 151 157 (178 -476 222 ) (178 -416 222 ) (238 -416 222 ) (238 -476 222 ) 
4 151 159 (238 -672 222 ) (178 -672 222 ) (178 -478 222 ) (238 -478 222 ) 
4 151 160 (178 -672 222 ) (176 -672 222 ) (176 -416 222 ) (178 -416 222 ) 
4 151 154 (242 -606 222 ) (242 -418 222 ) (244 -418 222 ) (244 -606 222 ) 
4 151 153 (242 -418 222 ) (242 -416 222 ) (244 -416 222 ) (244 -418 222 ) 
4 151 155 (244 -672 222 ) (242 -672 222 ) (242 -606 222 ) (244 -606 222 ) 
4 151 152 (248 -672 222 ) (244 -672 222 ) (244 -416 222 ) (248 -416 222 ) 
4 151 156 (242 -672 222 ) (238 -672 222 ) (238 -416 222 ) (242 -416 222 ) 
4 152 154 (244 -418 162 ) (244 -606 162 ) (244 -606 222 ) (244 -418 222 ) 
4 152 153 (244 -416 162 ) (244 -418 162 ) (244 -418 222 ) (244 -416 222 ) 
4 152 155 (244 -606 162 ) (244 -672 162 ) (244 -672 222 ) (244 -606 222 ) 
4 152 161 (368 -672 162 ) (244 -672 162 ) (244 -416 162 ) (368 -416 162 ) 
4 153 156 (242 -416 162 ) (242 -418 162 ) (242 -418 222 ) (242 -416 222 ) 
4 153 161 (242 -418 162 ) (242 -416 162 ) (244 -416 162 ) (244 -418 162 ) 
4 153 154 (242 -418 222 ) (242 -418 162 ) (244 -418 162 ) (244 -418 222 ) 
4 154 155 (242 -606 222 ) (242 -606 162 ) (244 -606 162 ) (244 -606 222 ) 
4 154 156 (242 -418 162 ) (242 -606 162 ) (242 -606 222 ) (242 -418 222 ) 
4 154 161 (242 -606 162 ) (242 -418 162 ) (244 -418 162 ) (244 -606 162 ) 
4 155 161 (244 -672 162 ) (242 -672 162 ) (242 -606 162 ) (244 -606 162 ) 
4 155 156 (242 -606 162 ) (242 -672 162 ) (242 -672 222 ) (242 -606 222 ) 
4 156 158 (238 -476 162 ) (238 -478 162 ) (238 -478 222 ) (238 -476 222 ) 
4 156 157 (238 -416 162 ) (238 -476 162 ) (238 -476 222 ) (238 -416 222 ) 
4 156 159 (238 -478 162 ) (238 -672 162 ) (238 -672 222 ) (238 -478 222 ) 
4 156 161 (242 -672 162 ) (238 -672 162 ) (238 -416 162 ) (242 -416 162 ) 
4 157 161 (178 -476 162 ) (178 -416 162 ) (238 -416 162 ) (238 -476 162 ) 
4 157 160 (178 -416 162 ) (178 -476 162 ) (178 -476 222 ) (178 -416 222 ) 
4 157 158 (178 -476 222 ) (178 -476 162 ) (238 -476 162 ) (238 -476 222 ) 
4 158 159 (178 -478 222 ) (178 -478 162 ) (238 -478 162 ) (238 -478 222 ) 
4 158 161 (178 -478 162 ) (178 -476 162 ) (238 -476 162 ) (238 -478 162 ) 
4 158 160 (178 -476 162 ) (178 -478 162 ) (178 -478 222 ) (178 -476 222 ) 
4 159 160 (178 -478 162 ) (178 -672 162 ) (178 -672 222 ) (178 -478 222 ) 
4 159 161 (238 -672 162 ) (178 -672 162 ) (178 -478 162 ) (238 -478 162 ) 
4 160 163 (176 -608 222 ) (176 -480 222 ) (176 -480 162 ) (176 -608 162 ) 
4 160 161 (178 -672 162 ) (176 -672 162 ) (176 -416 162 ) (178 -416 162 ) 
4 161 189 (368 -670 160 ) (368 -672 160 ) (240 -672 160 ) (240 -670 160 ) 
4 161 188 (242 -670 160 ) (240 -670 160 ) (240 -610 160 ) (242 -610 160 ) 
4 161 187 (302 -670 160 ) (242 -670 160 ) (242 -610 160 ) (302 -610 160 ) 
4 161 185 (366 -670 160 ) (306 -670 160 ) (306 -610 160 ) (366 -610 160 ) 
4 161 184 (368 -610 160 ) (368 -670 160 ) (366 -670 160 ) (366 -610 160 ) 
4 161 186 (306 -670 160 ) (302 -670 160 ) (302 -610 160 ) (306 -610 160 ) 
4 161 183 (368 -608 160 ) (368 -610 160 ) (240 -610 160 ) (240 -608 160 ) 
4 161 163 (176 -608 162 ) (176 -480 162 ) (176 -480 160 ) (176 -608 160 ) 
4 162 378 (0 -416 256 ) (0 -416 160 ) (0 -480 160 ) (0 -480 256 ) 
4 162 359 (0 -416 352 ) (0 -416 256 ) (0 -480 256 ) (0 -480 352 ) 
4 162 164 (0 -480 160 ) (48 -480 160 ) (48 -480 352 ) (0 -480 352 ) 
4 162 163 (48 -480 160 ) (112 -480 160 ) (112 -480 352 ) (48 -480 352 ) 
4 163 164 (48 -480 352 ) (48 -480 160 ) (48 -544 160 ) (48 -544 352 ) 
4 164 378 (0 -480 160 ) (0 -544 160 ) (0 -544 256 ) (0 -480 256 ) 
4 164 359 (0 -544 256 ) (0 -544 352 ) (0 -480 352 ) (0 -480 256 ) 
4 165 380 (0 -1024 160 ) (0 -1024 256 ) (0 -928 256 ) (0 -928 160 ) 
4 165 361 (0 -1024 256 ) (0 -1024 384 ) (0 -928 384 ) (0 -928 256 ) 
4 165 342 (0 -1024 384 ) (0 -1024 448 ) (0 -928 448 ) (0 -928 384 ) 
4 165 337 (0 -1024 448 ) (0 -1024 1024 ) (0 -928 1024 ) (0 -928 448 ) 
4 165 215 (0 -1024 1024 ) (0 -1024 160 ) (96 -1024 160 ) (96 -1024 1024 ) 
4 165 191 (96 -1024 160 ) (0 -1024 160 ) (0 -928 160 ) (96 -928 160 ) 
4 166 192 (896 -320 152 ) (1024 -320 152 ) (1024 -416 152 ) (896 -416 152 ) 
4 166 167 (896 -416 152 ) (1024 -416 152 ) (1024 -416 160 ) (896 -416 160 ) 
4 167 192 (896 -416 152 ) (1024 -416 152 ) (1024 -608 152 ) (896 -608 152 ) 
4 167 175 (896 -608 152 ) (1024 -608 152 ) (1024 -608 160 ) (896 -608 160 ) 
4 167 172 (896 -416 156 ) (896 -416 152 ) (896 -608 152 ) (896 -608 156 ) 
4 167 170 (896 -416 158 ) (896 -416 156 ) (896 -608 156 ) (896 -608 158 ) 
4 167 168 (896 -416 160 ) (896 -416 158 ) (896 -608 158 ) (896 -608 160 ) 
4 168 176 (896 -608 158 ) (896 -608 160 ) (884 -608 160 ) (884 -608 158 ) 
4 168 170 (884 -416 158 ) (896 -416 158 ) (896 -608 158 ) (884 -608 158 ) 
4 168 169 (884 -416 160 ) (884 -416 158 ) (884 -608 158 ) (884 -608 160 ) 
4 169 177 (884 -608 160 ) (832 -608 160 ) (832 -608 158 ) (884 -608 158 ) 
4 169 171 (832 -608 158 ) (832 -416 158 ) (884 -416 158 ) (884 -608 158 ) 
4 170 178 (896 -608 156 ) (896 -608 158 ) (884 -608 158 ) (884 -608 156 ) 
4 170 172 (884 -416 156 ) (896 -416 156 ) (896 -608 156 ) (884 -608 156 ) 
4 170 171 (884 -416 156 ) (884 -608 156 ) (884 -608 158 ) (884 -416 158 ) 
4 171 179 (884 -608 158 ) (832 -608 158 ) (832 -608 156 ) (884 -608 156 ) 
4 171 173 (832 -608 156 ) (832 -416 156 ) (884 -416 156 ) (884 -608 156 ) 
4 172 193 (884 -416 152 ) (896 -416 152 ) (896 -608 152 ) (884 -608 152 ) 
4 172 180 (884 -608 152 ) (896 -608 152 ) (896 -608 156 ) (884 -608 156 ) 
4 172 173 (884 -608 152 ) (884 -608 156 ) (884 -416 156 ) (884 -416 152 ) 
4 173 194 (832 -416 152 ) (884 -416 152 ) (884 -608 152 ) (832 -608 152 ) 
4 173 181 (832 -608 152 ) (884 -608 152 ) (884 -608 156 ) (832 -608 156 ) 
4 174 182 (768 -608 156 ) (768 -608 160 ) (624 -608 160 ) (624 -608 156 ) 
4 175 192 (896 -608 152 ) (1024 -608 152 ) (1024 -800 152 ) (896 -800 152 ) 
4 175 190 (896 -800 152 ) (1024 -800 152 ) (1024 -800 160 ) (896 -800 160 ) 
4 175 180 (896 -608 156 ) (896 -608 152 ) (896 -800 152 ) (896 -800 156 ) 
4 175 178 (896 -608 158 ) (896 -608 156 ) (896 -800 156 ) (896 -800 158 ) 
4 175 176 (896 -608 160 ) (896 -608 158 ) (896 -800 158 ) (896 -800 160 ) 
4 176 178 (884 -608 158 ) (896 -608 158 ) (896 -800 158 ) (884 -800 158 ) 
4 176 177 (884 -608 160 ) (884 -608 158 ) (884 -800 158 ) (884 -800 160 ) 
4 177 179 (832 -800 158 ) (832 -608 158 ) (884 -608 158 ) (884 -800 158 ) 
4 178 180 (884 -608 156 ) (896 -608 156 ) (896 -800 156 ) (884 -800 156 ) 
4 178 179 (884 -608 156 ) (884 -800 156 ) (884 -800 158 ) (884 -608 158 ) 
4 179 181 (832 -800 156 ) (832 -608 156 ) (884 -608 156 ) (884 -800 156 ) 
4 180 193 (884 -608 152 ) (896 -608 152 ) (896 -800 152 ) (884 -800 152 ) 
4 180 181 (884 -800 152 ) (884 -800 156 ) (884 -608 156 ) (884 -608 152 ) 
4 181 194 (832 -608 152 ) (884 -608 152 ) (884 -800 152 ) (832 -800 152 ) 
4 183 197 (240 -608 152 ) (368 -608 152 ) (368 -610 152 ) (240 -610 152 ) 
4 183 188 (240 -610 160 ) (240 -610 152 ) (242 -610 152 ) (242 -610 160 ) 
4 183 187 (242 -610 152 ) (302 -610 152 ) (302 -610 160 ) (242 -610 160 ) 
4 183 185 (306 -610 152 ) (366 -610 152 ) (366 -610 160 ) (306 -610 160 ) 
4 183 184 (366 -610 152 ) (368 -610 152 ) (368 -610 160 ) (366 -610 160 ) 
4 183 186 (302 -610 152 ) (306 -610 152 ) (306 -610 160 ) (302 -610 160 ) 
4 184 197 (368 -610 152 ) (368 -670 152 ) (366 -670 152 ) (366 -610 152 ) 
4 184 189 (366 -670 152 ) (368 -670 152 ) (368 -670 160 ) (366 -670 160 ) 
4 184 185 (366 -610 160 ) (366 -610 152 ) (366 -670 152 ) (366 -670 160 ) 
4 185 197 (366 -670 152 ) (306 -670 152 ) (306 -610 152 ) (366 -610 152 ) 
4 185 189 (306 -670 152 ) (366 -670 152 ) (366 -670 160 ) (306 -670 160 ) 
4 185 186 (306 -610 160 ) (306 -610 152 ) (306 -670 152 ) (306 -670 160 ) 
4 186 197 (306 -670 152 ) (302 -670 152 ) (302 -610 152 ) (306 -610 152 ) 
4 186 189 (302 -670 152 ) (306 -670 152 ) (306 -670 160 ) (302 -670 160 ) 
4 186 187 (302 -610 160 ) (302 -610 152 ) (302 -670 152 ) (302 -670 160 ) 
4 187 197 (302 -670 152 ) (242 -670 152 ) (242 -610 152 ) (302 -610 152 ) 
4 187 189 (242 -670 152 ) (302 -670 152 ) (302 -670 160 ) (242 -670 160 ) 
4 187 188 (242 -610 160 ) (242 -610 152 ) (242 -670 152 ) (242 -670 160 ) 
4 188 197 (242 -670 152 ) (240 -670 152 ) (240 -610 152 ) (242 -610 152 ) 
4 188 189 (240 -670 160 ) (240 -670 152 ) (242 -670 152 ) (242 -670 160 ) 
4 189 197 (368 -670 152 ) (368 -672 152 ) (240 -672 152 ) (240 -670 152 ) 
4 190 214 (896 -1024 152 ) (1024 -1024 152 ) (1024 -1024 160 ) (896 -1024 160 ) 
4 190 210 (1024 -928 152 ) (1024 -1024 152 ) (896 -1024 152 ) (896 -928 152 ) 
4 190 192 (896 -800 152 ) (1024 -800 152 ) (1024 -928 152 ) (896 -928 152 ) 
4 191 380 (0 -1024 152 ) (0 -1024 160 ) (0 -928 160 ) (0 -928 152 ) 
4 191 215 (0 -1024 160 ) (0 -1024 152 ) (96 -1024 152 ) (96 -1024 160 ) 
4 191 211 (0 -1024 152 ) (0 -928 152 ) (96 -928 152 ) (96 -1024 152 ) 
4 192 210 (1024 -928 152 ) (896 -928 152 ) (896 -928 -896 ) (1024 -928 -896 ) 
4 192 193 (896 -800 152 ) (896 -416 152 ) (896 -416 96 ) (896 -800 96 ) 
4 193 194 (884 -416 152 ) (884 -416 96 ) (884 -800 96 ) (884 -800 152 ) 
4 195 200 (496 -608 -304 ) (496 -736 -304 ) (496 -736 -176 ) (496 -608 -176 ) 
4 196 198 (496 -864 80 ) (496 -736 80 ) (496 -736 -48 ) (496 -864 -48 ) 
4 197 203 (240 -736 152 ) (240 -480 152 ) (240 -480 80 ) (240 -736 80 ) 
4 197 199 (240 -736 80 ) (240 -480 80 ) (368 -480 80 ) (368 -736 80 ) 
4 197 198 (368 -480 80 ) (496 -480 80 ) (496 -736 80 ) (368 -736 80 ) 
4 198 200 (496 -480 -48 ) (496 -736 -48 ) (368 -736 -48 ) (368 -480 -48 ) 
4 198 199 (368 -480 -48 ) (368 -864 -48 ) (368 -864 80 ) (368 -480 80 ) 
4 199 204 (240 -744 80 ) (240 -480 80 ) (240 -480 -48 ) (240 -744 -48 ) 
4 199 202 (240 -736 -48 ) (240 -480 -48 ) (368 -480 -48 ) (368 -736 -48 ) 
4 200 202 (368 -736 -48 ) (368 -480 -48 ) (368 -480 -304 ) (368 -736 -304 ) 
4 200 201 (368 -736 -304 ) (368 -480 -304 ) (496 -480 -304 ) (496 -736 -304 ) 
4 201 202 (368 -480 -560 ) (368 -736 -560 ) (368 -736 -304 ) (368 -480 -304 ) 
4 202 206 (240 -480 -560 ) (240 -736 -560 ) (240 -736 -304 ) (240 -480 -304 ) 
4 202 205 (240 -736 -304 ) (240 -736 -48 ) (240 -480 -48 ) (240 -480 -304 ) 
4 203 209 (112 -736 152 ) (112 -608 152 ) (112 -608 80 ) (112 -736 80 ) 
4 203 204 (112 -736 80 ) (112 -480 80 ) (240 -480 80 ) (240 -736 80 ) 
4 204 209 (112 -736 80 ) (112 -608 80 ) (112 -608 -48 ) (112 -736 -48 ) 
4 204 205 (112 -744 -48 ) (112 -480 -48 ) (240 -480 -48 ) (240 -744 -48 ) 
4 205 209 (112 -736 -48 ) (112 -608 -48 ) (112 -608 -304 ) (112 -736 -304 ) 
4 205 208 (112 -752 -304 ) (112 -608 -304 ) (128 -608 -304 ) (128 -752 -304 ) 
4 205 206 (128 -480 -304 ) (240 -480 -304 ) (240 -752 -304 ) (128 -752 -304 ) 
4 206 207 (128 -480 -432 ) (128 -480 -560 ) (128 -608 -560 ) (128 -608 -432 ) 
4 206 208 (128 -608 -560 ) (128 -752 -560 ) (128 -752 -304 ) (128 -608 -304 ) 
4 207 208 (128 -608 -560 ) (128 -608 -432 ) (112 -608 -432 ) (112 -608 -560 ) 
4 208 209 (112 -608 -560 ) (112 -736 -560 ) (112 -736 -304 ) (112 -608 -304 ) 
4 210 214 (896 -1024 -896 ) (1024 -1024 -896 ) (1024 -1024 152 ) (896 -1024 152 ) 
4 211 381 (0 -1024 -640 ) (0 -1024 128 ) (0 -928 128 ) (0 -928 -640 ) 
4 211 380 (0 -1024 128 ) (0 -1024 152 ) (0 -928 152 ) (0 -928 128 ) 
4 211 215 (0 -1024 152 ) (0 -1024 -640 ) (96 -1024 -640 ) (96 -1024 152 ) 
4 212 213 (1152 -1024 -896 ) (1152 -1152 -896 ) (1152 -1152 192 ) (1152 -1024 192 ) 
4 213 214 (1024 -1024 192 ) (1024 -1024 -896 ) (1024 -1152 -896 ) (1024 -1152 192 ) 
4 215 384 (0 -1504 -640 ) (0 -1504 1024 ) (0 -1024 1024 ) (0 -1024 -640 ) 
4 217 320 (0 0 544 ) (0 0 768 ) (-224 0 768 ) (-224 0 544 ) 
4 217 221 (-32 0 544 ) (-160 0 544 ) (-160 64 544 ) (-32 64 544 ) 
4 218 313 (-1024 240 544 ) (-1024 128 544 ) (-1024 128 1024 ) (-1024 240 1024 ) 
4 218 312 (-1024 256 544 ) (-1024 240 544 ) (-1024 240 1024 ) (-1024 256 1024 ) 
4 218 311 (-1024 512 544 ) (-1024 256 544 ) (-1024 256 1024 ) (-1024 512 1024 ) 
4 218 310 (-1024 528 544 ) (-1024 512 544 ) (-1024 512 1024 ) (-1024 528 1024 ) 
4 218 305 (-1024 640 544 ) (-1024 528 544 ) (-1024 528 1024 ) (-1024 640 1024 ) 
4 218 220 (-768 640 544 ) (-768 128 544 ) (-1024 128 544 ) (-1024 640 544 ) 
4 219 269 (-288 256 512 ) (-320 256 512 ) (-320 320 512 ) (-288 320 512 ) 
4 219 255 (-96 256 512 ) (-288 256 512 ) (-288 320 512 ) (-96 320 512 ) 
4 219 244 (-320 320 512 ) (-320 448 512 ) (-288 448 512 ) (-288 320 512 ) 
4 219 243 (-288 448 512 ) (-128 448 512 ) (-128 320 512 ) (-288 320 512 ) 
4 219 242 (-96 384 512 ) (-96 320 512 ) (-128 320 512 ) (-128 384 512 ) 
4 220 313 (-1024 240 512 ) (-1024 128 512 ) (-1024 128 544 ) (-1024 240 544 ) 
4 220 312 (-1024 256 512 ) (-1024 240 512 ) (-1024 240 544 ) (-1024 256 544 ) 
4 220 311 (-1024 512 512 ) (-1024 256 512 ) (-1024 256 544 ) (-1024 512 544 ) 
4 220 310 (-1024 528 512 ) (-1024 512 512 ) (-1024 512 544 ) (-1024 528 544 ) 
4 220 305 (-1024 640 512 ) (-1024 528 512 ) (-1024 528 544 ) (-1024 640 544 ) 
4 220 273 (-1024 128 512 ) (-1024 288 512 ) (-768 288 512 ) (-768 128 512 ) 
4 220 272 (-1024 288 512 ) (-1024 320 512 ) (-768 320 512 ) (-768 288 512 ) 
4 220 253 (-1024 320 512 ) (-1024 448 512 ) (-768 448 512 ) (-768 320 512 ) 
4 220 236 (-1024 448 512 ) (-1024 480 512 ) (-768 480 512 ) (-768 448 512 ) 
4 220 231 (-1024 480 512 ) (-1024 512 512 ) (-768 512 512 ) (-768 480 512 ) 
4 220 224 (-1024 512 512 ) (-1024 640 512 ) (-768 640 512 ) (-768 512 512 ) 
4 221 322 (-32 0 544 ) (-160 0 544 ) (-160 0 512 ) (-32 0 512 ) 
4 221 259 (-32 0 512 ) (-160 0 512 ) (-160 64 512 ) (-32 64 512 ) 
4 222 351 (-288 0 520 ) (-288 0 512 ) (-256 0 512 ) (-256 0 520 ) 
4 222 260 (-256 0 512 ) (-286 0 512 ) (-286 64 512 ) (-256 64 512 ) 
4 222 268 (-286 0 512 ) (-288 0 512 ) (-288 64 512 ) (-286 64 512 ) 
4 223 226 (-128 512 384 ) (-128 512 512 ) (-256 512 512 ) (-256 512 384 ) 
4 224 310 (-1024 528 256 ) (-1024 512 256 ) (-1024 512 512 ) (-1024 528 512 ) 
4 224 305 (-1024 640 256 ) (-1024 528 256 ) (-1024 528 512 ) (-1024 640 512 ) 
4 224 301 (-960 512 256 ) (-1024 512 256 ) (-1024 528 256 ) (-960 528 256 ) 
4 224 298 (-1024 528 256 ) (-1024 640 256 ) (-960 640 256 ) (-960 528 256 ) 
4 224 294 (-944 512 256 ) (-960 512 256 ) (-960 528 256 ) (-944 528 256 ) 
4 224 293 (-768 528 256 ) (-768 512 256 ) (-944 512 256 ) (-944 528 256 ) 
4 224 292 (-768 640 256 ) (-768 528 256 ) (-960 528 256 ) (-960 640 256 ) 
4 224 232 (-1024 512 256 ) (-768 512 256 ) (-768 512 384 ) (-1024 512 384 ) 
4 224 231 (-768 512 384 ) (-768 512 512 ) (-1024 512 512 ) (-1024 512 384 ) 
4 225 233 (-128 480 384 ) (-128 480 512 ) (-256 480 512 ) (-256 480 384 ) 
4 225 227 (-256 480 384 ) (-256 488 384 ) (-128 512 384 ) (-128 480 384 ) 
4 225 228 (-256 488 384 ) (-256 480 384 ) (-256 480 512 ) (-256 488 512 ) 
4 225 226 (-128 512 512 ) (-128 512 384 ) (-256 488 384 ) (-256 488 512 ) 
3 226 227 (-256 488 384 ) (-256 512 384 ) (-128 512 384 ) 
4 226 228 (-256 512 512 ) (-256 512 384 ) (-256 488 384 ) (-256 488 512 ) 
4 227 237 (-256 480 256 ) (-128 480 256 ) (-128 480 384 ) (-256 480 384 ) 
4 227 228 (-256 512 384 ) (-256 512 256 ) (-256 480 256 ) (-256 480 384 ) 
4 228 237 (-288 480 256 ) (-256 480 256 ) (-256 480 384 ) (-288 480 384 ) 
4 228 233 (-256 480 384 ) (-256 480 512 ) (-288 480 512 ) (-288 480 384 ) 
4 228 229 (-288 512 512 ) (-288 512 256 ) (-288 480 256 ) (-288 480 512 ) 
4 229 238 (-320 480 256 ) (-288 480 256 ) (-288 480 384 ) (-320 480 384 ) 
4 229 234 (-288 480 384 ) (-288 480 512 ) (-320 480 512 ) (-320 480 384 ) 
4 229 230 (-320 512 512 ) (-320 512 256 ) (-320 480 256 ) (-320 480 512 ) 
4 231 311 (-1024 480 384 ) (-1024 480 512 ) (-1024 512 512 ) (-1024 512 384 ) 
4 231 236 (-768 480 512 ) (-1024 480 512 ) (-1024 480 384 ) (-768 480 384 ) 
4 231 232 (-1024 512 384 ) (-768 512 384 ) (-768 480 384 ) (-1024 480 384 ) 
4 232 311 (-1024 512 256 ) (-1024 480 256 ) (-1024 480 384 ) (-1024 512 384 ) 
4 232 302 (-960 480 256 ) (-1024 480 256 ) (-1024 512 256 ) (-960 512 256 ) 
4 232 296 (-944 480 256 ) (-960 480 256 ) (-960 512 256 ) (-944 512 256 ) 
4 232 295 (-768 480 256 ) (-944 480 256 ) (-944 512 256 ) (-768 512 256 ) 
4 232 241 (-1024 480 256 ) (-768 480 256 ) (-768 480 384 ) (-1024 480 384 ) 
4 233 243 (-128 448 512 ) (-288 448 512 ) (-288 448 384 ) (-128 448 384 ) 
4 233 237 (-128 448 384 ) (-288 448 384 ) (-288 480 384 ) (-128 480 384 ) 
4 233 234 (-288 480 512 ) (-288 480 384 ) (-288 448 384 ) (-288 448 512 ) 
4 234 244 (-288 448 512 ) (-320 448 512 ) (-320 448 384 ) (-288 448 384 ) 
4 234 238 (-288 448 384 ) (-320 448 384 ) (-320 480 384 ) (-288 480 384 ) 
4 235 252 (-576 448 446 ) (-576 448 384 ) (-512 448 384 ) (-512 448 446 ) 
4 235 251 (-576 448 448 ) (-576 448 446 ) (-512 448 446 ) (-512 448 448 ) 
4 235 240 (-512 448 384 ) (-576 448 384 ) (-576 480 384 ) (-512 480 384 ) 
4 236 311 (-1024 448 384 ) (-1024 448 512 ) (-1024 480 512 ) (-1024 480 384 ) 
4 236 253 (-768 448 512 ) (-1024 448 512 ) (-1024 448 384 ) (-768 448 384 ) 
4 236 241 (-768 448 384 ) (-1024 448 384 ) (-1024 480 384 ) (-768 480 384 ) 
4 237 243 (-288 448 256 ) (-128 448 256 ) (-128 448 384 ) (-288 448 384 ) 
4 237 238 (-288 448 256 ) (-288 448 384 ) (-288 480 384 ) (-288 480 256 ) 
4 238 244 (-320 448 256 ) (-288 448 256 ) (-288 448 384 ) (-320 448 384 ) 
4 239 250 (-504 448 256 ) (-488 448 256 ) (-488 448 384 ) (-504 448 384 ) 
4 240 252 (-576 448 256 ) (-512 448 256 ) (-512 448 384 ) (-576 448 384 ) 
4 241 311 (-1024 480 256 ) (-1024 448 256 ) (-1024 448 384 ) (-1024 480 384 ) 
4 241 302 (-960 448 256 ) (-1024 448 256 ) (-1024 480 256 ) (-960 480 256 ) 
4 241 296 (-944 448 256 ) (-960 448 256 ) (-960 480 256 ) (-944 480 256 ) 
4 241 295 (-768 448 256 ) (-944 448 256 ) (-944 480 256 ) (-768 480 256 ) 
4 241 254 (-1024 448 256 ) (-768 448 256 ) (-768 448 384 ) (-1024 448 384 ) 
4 242 274 (-128 320 256 ) (0 320 256 ) (0 320 384 ) (-128 320 384 ) 
4 242 255 (0 320 384 ) (0 320 512 ) (-128 320 512 ) (-128 320 384 ) 
4 242 243 (-128 384 256 ) (-128 320 256 ) (-128 320 512 ) (-128 384 512 ) 
4 243 274 (-288 320 256 ) (-128 320 256 ) (-128 320 384 ) (-288 320 384 ) 
4 243 255 (-128 320 384 ) (-128 320 512 ) (-288 320 512 ) (-288 320 384 ) 
4 243 244 (-288 448 512 ) (-288 448 256 ) (-288 320 256 ) (-288 320 512 ) 
4 244 275 (-320 320 256 ) (-288 320 256 ) (-288 320 384 ) (-320 320 384 ) 
4 244 269 (-288 320 384 ) (-288 320 512 ) (-320 320 512 ) (-320 320 384 ) 
4 244 245 (-320 448 384 ) (-320 448 256 ) (-320 320 256 ) (-320 320 384 ) 
4 245 247 (-352 448 382 ) (-352 448 256 ) (-352 320 256 ) (-352 320 382 ) 
4 245 246 (-352 448 384 ) (-352 448 382 ) (-352 320 382 ) (-352 320 384 ) 
4 246 248 (-416 448 384 ) (-416 448 382 ) (-416 320 382 ) (-416 320 384 ) 
4 246 247 (-416 320 382 ) (-416 448 382 ) (-352 448 382 ) (-352 320 382 ) 
4 247 248 (-416 448 382 ) (-416 448 256 ) (-416 320 256 ) (-416 320 382 ) 
4 248 249 (-430 320 256 ) (-430 320 384 ) (-430 448 384 ) (-430 448 256 ) 
4 249 250 (-431 320 256 ) (-431 320 384 ) (-431 448 384 ) (-431 448 256 ) 
4 250 276 (-504 320 256 ) (-488 320 256 ) (-488 320 384 ) (-504 320 384 ) 
4 250 252 (-512 448 384 ) (-512 448 256 ) (-512 320 256 ) (-512 320 384 ) 
4 251 271 (-512 320 446 ) (-512 320 448 ) (-576 320 448 ) (-576 320 446 ) 
4 251 252 (-576 320 446 ) (-576 448 446 ) (-512 448 446 ) (-512 320 446 ) 
4 252 277 (-576 320 256 ) (-512 320 256 ) (-512 320 384 ) (-576 320 384 ) 
4 252 271 (-512 320 384 ) (-512 320 446 ) (-576 320 446 ) (-576 320 384 ) 
4 252 254 (-576 448 384 ) (-576 448 256 ) (-576 320 256 ) (-576 320 384 ) 
4 253 311 (-1024 320 384 ) (-1024 320 512 ) (-1024 448 512 ) (-1024 448 384 ) 
4 253 272 (-768 320 512 ) (-1024 320 512 ) (-1024 320 384 ) (-768 320 384 ) 
4 253 254 (-1024 448 384 ) (-768 448 384 ) (-768 320 384 ) (-1024 320 384 ) 
4 254 311 (-1024 448 256 ) (-1024 320 256 ) (-1024 320 384 ) (-1024 448 384 ) 
4 254 302 (-960 320 256 ) (-1024 320 256 ) (-1024 448 256 ) (-960 448 256 ) 
4 254 296 (-944 320 256 ) (-960 320 256 ) (-960 448 256 ) (-944 448 256 ) 
4 254 295 (-768 320 256 ) (-944 320 256 ) (-944 448 256 ) (-768 448 256 ) 
4 254 290 (-576 320 256 ) (-768 320 256 ) (-768 448 256 ) (-576 448 256 ) 
4 254 278 (-1024 320 256 ) (-768 320 256 ) (-768 320 384 ) (-1024 320 384 ) 
4 255 279 (-288 224 384 ) (-288 288 384 ) (0 288 384 ) (0 224 384 ) 
4 255 274 (-288 288 384 ) (-288 320 384 ) (0 320 384 ) (0 288 384 ) 
4 255 269 (-288 320 512 ) (-288 320 384 ) (-288 224 384 ) (-288 224 512 ) 
4 255 256 (-288 224 512 ) (-288 224 384 ) (0 224 384 ) (0 224 512 ) 
4 256 282 (-288 192 384 ) (-288 224 384 ) (0 224 384 ) (0 192 384 ) 
4 256 270 (-288 224 384 ) (-288 192 384 ) (-288 192 512 ) (-288 224 512 ) 
4 256 261 (-286 192 384 ) (0 192 384 ) (0 192 510 ) (-286 192 510 ) 
4 256 258 (-32 192 512 ) (-160 192 512 ) (-160 192 510 ) (-32 192 510 ) 
4 256 257 (0 192 510 ) (0 192 512 ) (-32 192 512 ) (-32 192 510 ) 
4 256 260 (-160 192 512 ) (-286 192 512 ) (-286 192 510 ) (-160 192 510 ) 
4 256 268 (-288 192 512 ) (-288 192 384 ) (-286 192 384 ) (-286 192 512 ) 
4 257 324 (0 0 510 ) (0 0 512 ) (-32 0 512 ) (-32 0 510 ) 
4 257 263 (0 187 510 ) (0 0 510 ) (-32 0 510 ) (-32 187 510 ) 
4 257 262 (0 189 510 ) (0 187 510 ) (-32 187 510 ) (-32 189 510 ) 
4 257 261 (-32 192 510 ) (0 192 510 ) (0 189 510 ) (-32 189 510 ) 
4 257 259 (-32 64 510 ) (-32 0 510 ) (-32 0 512 ) (-32 64 512 ) 
4 257 258 (-32 192 512 ) (-32 192 510 ) (-32 64 510 ) (-32 64 512 ) 
4 258 264 (-32 187 510 ) (-32 64 510 ) (-160 64 510 ) (-160 187 510 ) 
4 258 262 (-32 189 510 ) (-32 187 510 ) (-160 187 510 ) (-160 189 510 ) 
4 258 261 (-160 192 510 ) (-32 192 510 ) (-32 189 510 ) (-160 189 510 ) 
4 258 260 (-160 192 512 ) (-160 192 510 ) (-160 64 510 ) (-160 64 512 ) 
4 258 259 (-160 64 512 ) (-160 64 510 ) (-32 64 510 ) (-32 64 512 ) 
4 259 328 (-32 0 512 ) (-160 0 512 ) (-160 0 510 ) (-32 0 510 ) 
4 259 266 (-32 64 510 ) (-32 0 510 ) (-160 0 510 ) (-160 64 510 ) 
4 259 260 (-160 64 510 ) (-160 0 510 ) (-160 0 512 ) (-160 64 512 ) 
4 260 354 (-256 0 512 ) (-286 0 512 ) (-286 0 510 ) (-256 0 510 ) 
4 260 343 (-224 0 512 ) (-256 0 512 ) (-256 0 510 ) (-224 0 510 ) 
4 260 329 (-160 0 512 ) (-224 0 512 ) (-224 0 510 ) (-160 0 510 ) 
4 260 267 (-286 0 510 ) (-286 187 510 ) (-160 187 510 ) (-160 0 510 ) 
4 260 262 (-286 187 510 ) (-286 189 510 ) (-160 189 510 ) (-160 187 510 ) 
4 260 261 (-286 189 510 ) (-286 192 510 ) (-160 192 510 ) (-160 189 510 ) 
4 260 268 (-286 192 512 ) (-286 192 510 ) (-286 0 510 ) (-286 0 512 ) 
4 261 283 (-286 189 384 ) (-286 192 384 ) (0 192 384 ) (0 189 384 ) 
4 261 268 (-286 192 510 ) (-286 192 384 ) (-286 189 384 ) (-286 189 510 ) 
4 261 262 (0 189 510 ) (-286 189 510 ) (-286 189 384 ) (0 189 384 ) 
4 262 284 (-286 187 384 ) (-286 189 384 ) (0 189 384 ) (0 187 384 ) 
4 262 264 (-32 187 510 ) (-160 187 510 ) (-160 187 384 ) (-32 187 384 ) 
4 262 263 (0 187 510 ) (-32 187 510 ) (-32 187 384 ) (0 187 384 ) 
4 262 267 (-160 187 510 ) (-286 187 510 ) (-286 187 384 ) (-160 187 384 ) 
4 262 268 (-286 189 384 ) (-286 187 384 ) (-286 187 510 ) (-286 189 510 ) 
4 263 324 (0 0 384 ) (0 0 510 ) (-32 0 510 ) (-32 0 384 ) 
4 263 285 (0 0 384 ) (-32 0 384 ) (-32 187 384 ) (0 187 384 ) 
4 263 266 (-32 0 506 ) (-32 0 510 ) (-32 64 510 ) (-32 64 504 ) 
4 263 265 (-32 64 384 ) (-32 0 384 ) (-32 0 506 ) (-32 64 504 ) 
4 263 264 (-32 187 510 ) (-32 187 384 ) (-32 64 384 ) (-32 64 510 ) 
4 264 285 (-160 64 384 ) (-160 187 384 ) (-32 187 384 ) (-32 64 384 ) 
4 264 266 (-160 64 510 ) (-160 64 504 ) (-32 64 504 ) (-32 64 510 ) 
4 264 265 (-160 64 504 ) (-160 64 384 ) (-32 64 384 ) (-32 64 504 ) 
4 264 267 (-160 187 510 ) (-160 187 384 ) (-160 64 384 ) (-160 64 510 ) 
4 265 327 (-160 0 506 ) (-160 0 384 ) (-32 0 384 ) (-32 0 506 ) 
4 265 285 (-32 0 384 ) (-160 0 384 ) (-160 64 384 ) (-32 64 384 ) 
4 265 267 (-160 64 384 ) (-160 0 384 ) (-160 0 506 ) (-160 64 504 ) 
4 265 266 (-32 64 504 ) (-160 64 504 ) (-160 0 506 ) (-32 0 506 ) 
4 266 328 (-32 0 510 ) (-160 0 510 ) (-160 0 506 ) (-32 0 506 ) 
4 266 267 (-160 0 506 ) (-160 0 510 ) (-160 64 510 ) (-160 64 504 ) 
4 267 354 (-256 0 510 ) (-286 0 510 ) (-286 0 384 ) (-256 0 384 ) 
4 267 346 (-256 0 447 ) (-256 0 384 ) (-224 0 384 ) (-224 0 447 ) 
4 267 345 (-256 0 448 ) (-256 0 447 ) (-224 0 447 ) (-224 0 448 ) 
4 267 343 (-224 0 510 ) (-256 0 510 ) (-256 0 448 ) (-224 0 448 ) 
4 267 329 (-160 0 510 ) (-224 0 510 ) (-224 0 384 ) (-160 0 384 ) 
4 267 285 (-160 0 384 ) (-286 0 384 ) (-286 187 384 ) (-160 187 384 ) 
4 267 268 (-286 187 384 ) (-286 0 384 ) (-286 0 510 ) (-286 187 510 ) 
4 268 354 (-286 0 512 ) (-288 0 512 ) (-288 0 384 ) (-286 0 384 ) 
4 268 287 (-286 0 384 ) (-288 0 384 ) (-288 192 384 ) (-286 192 384 ) 
4 269 280 (-288 288 384 ) (-288 224 384 ) (-320 224 384 ) (-320 288 384 ) 
4 269 275 (-320 320 384 ) (-288 320 384 ) (-288 288 384 ) (-320 288 384 ) 
4 269 270 (-320 224 384 ) (-288 224 384 ) (-288 224 512 ) (-320 224 512 ) 
4 270 288 (-320 224 384 ) (-288 224 384 ) (-288 192 384 ) (-320 192 384 ) 
4 271 277 (-576 320 384 ) (-512 320 384 ) (-512 288 384 ) (-576 288 384 ) 
4 272 311 (-1024 288 512 ) (-1024 320 512 ) (-1024 320 384 ) (-1024 288 384 ) 
4 272 278 (-1024 288 384 ) (-1024 320 384 ) (-768 320 384 ) (-768 288 384 ) 
4 272 273 (-1024 288 384 ) (-768 288 384 ) (-768 288 512 ) (-1024 288 512 ) 
4 273 313 (-1024 128 512 ) (-1024 240 512 ) (-1024 240 384 ) (-1024 128 384 ) 
4 273 312 (-1024 240 512 ) (-1024 256 512 ) (-1024 256 384 ) (-1024 240 384 ) 
4 273 311 (-1024 256 512 ) (-1024 288 512 ) (-1024 288 384 ) (-1024 256 384 ) 
4 273 289 (-1024 128 384 ) (-1024 288 384 ) (-768 288 384 ) (-768 128 384 ) 
4 274 279 (-288 288 256 ) (0 288 256 ) (0 288 384 ) (-288 288 384 ) 
4 274 275 (-288 288 256 ) (-288 288 384 ) (-288 320 384 ) (-288 320 256 ) 
4 275 280 (-320 288 256 ) (-288 288 256 ) (-288 288 384 ) (-320 288 384 ) 
4 278 311 (-1024 320 256 ) (-1024 288 256 ) (-1024 288 384 ) (-1024 320 384 ) 
4 278 302 (-960 288 256 ) (-1024 288 256 ) (-1024 320 256 ) (-960 320 256 ) 
4 278 296 (-944 288 256 ) (-960 288 256 ) (-960 320 256 ) (-944 320 256 ) 
4 278 295 (-768 288 256 ) (-944 288 256 ) (-944 320 256 ) (-768 320 256 ) 
4 278 289 (-1024 288 256 ) (-768 288 256 ) (-768 288 384 ) (-1024 288 384 ) 
4 279 282 (-288 224 256 ) (0 224 256 ) (0 224 384 ) (-288 224 384 ) 
4 279 280 (-288 288 384 ) (-288 288 256 ) (-288 224 256 ) (-288 224 384 ) 
4 280 288 (-320 224 256 ) (-288 224 256 ) (-288 224 384 ) (-320 224 384 ) 
4 280 281 (-320 288 320 ) (-320 288 256 ) (-320 224 256 ) (-320 224 320 ) 
4 282 288 (-288 224 384 ) (-288 224 256 ) (-288 192 256 ) (-288 192 384 ) 
4 282 283 (0 192 258 ) (0 192 384 ) (-286 192 384 ) (-286 192 258 ) 
4 282 286 (-286 192 256 ) (0 192 256 ) (0 192 258 ) (-286 192 258 ) 
4 282 287 (-288 192 384 ) (-288 192 256 ) (-286 192 256 ) (-286 192 384 ) 
4 283 287 (-286 192 384 ) (-286 192 258 ) (-286 189 258 ) (-286 189 384 ) 
4 283 286 (-286 189 258 ) (-286 192 258 ) (0 192 258 ) (0 189 258 ) 
4 283 284 (-286 189 384 ) (-286 189 258 ) (0 189 258 ) (0 189 384 ) 
4 284 285 (-286 187 384 ) (-286 187 258 ) (0 187 258 ) (0 187 384 ) 
4 284 287 (-286 189 258 ) (-286 187 258 ) (-286 187 384 ) (-286 189 384 ) 
4 284 286 (-286 187 258 ) (-286 189 258 ) (0 189 258 ) (0 187 258 ) 
4 285 369 (-224 0 384 ) (-286 0 384 ) (-286 0 258 ) (-224 0 258 ) 
4 285 366 (-96 0 384 ) (-224 0 384 ) (-224 0 258 ) (-96 0 258 ) 
4 285 362 (-80 0 384 ) (-96 0 384 ) (-96 0 258 ) (-80 0 258 ) 
4 285 358 (-64 0 384 ) (-80 0 384 ) (-80 0 258 ) (-64 0 258 ) 
4 285 357 (0 0 258 ) (0 0 384 ) (-64 0 384 ) (-64 0 258 ) 
4 285 286 (-286 0 258 ) (-286 187 258 ) (0 187 258 ) (0 0 258 ) 
4 285 287 (-286 187 258 ) (-286 0 258 ) (-286 0 384 ) (-286 187 384 ) 
4 286 369 (-224 0 258 ) (-286 0 258 ) (-286 0 256 ) (-224 0 256 ) 
4 286 366 (-96 0 258 ) (-224 0 258 ) (-224 0 256 ) (-96 0 256 ) 
4 286 362 (-80 0 258 ) (-96 0 258 ) (-96 0 256 ) (-80 0 256 ) 
4 286 358 (-64 0 258 ) (-80 0 258 ) (-80 0 256 ) (-64 0 256 ) 
4 286 357 (0 0 256 ) (0 0 258 ) (-64 0 258 ) (-64 0 256 ) 
4 286 291 (-160 32 256 ) (-160 160 256 ) (-32 160 256 ) (-32 32 256 ) 
4 286 287 (-286 192 258 ) (-286 192 256 ) (-286 0 256 ) (-286 0 258 ) 
4 287 369 (-286 0 384 ) (-288 0 384 ) (-288 0 256 ) (-286 0 256 ) 
4 289 313 (-1024 240 256 ) (-1024 128 256 ) (-1024 128 384 ) (-1024 240 384 ) 
4 289 312 (-1024 256 256 ) (-1024 240 256 ) (-1024 240 384 ) (-1024 256 384 ) 
4 289 311 (-1024 288 256 ) (-1024 256 256 ) (-1024 256 384 ) (-1024 288 384 ) 
4 289 304 (-1024 128 256 ) (-1024 240 256 ) (-960 240 256 ) (-960 128 256 ) 
4 289 303 (-1024 240 256 ) (-1024 256 256 ) (-960 256 256 ) (-960 240 256 ) 
4 289 302 (-1024 256 256 ) (-1024 288 256 ) (-960 288 256 ) (-960 256 256 ) 
4 289 297 (-944 240 256 ) (-944 128 256 ) (-960 128 256 ) (-960 240 256 ) 
4 289 296 (-960 288 256 ) (-944 288 256 ) (-944 240 256 ) (-960 240 256 ) 
4 289 295 (-944 288 256 ) (-768 288 256 ) (-768 128 256 ) (-944 128 256 ) 
4 290 295 (-768 320 256 ) (-768 448 256 ) (-768 448 128 ) (-768 320 128 ) 
4 292 300 (-960 528 -640 ) (-960 528 0 ) (-960 640 0 ) (-960 640 -640 ) 
4 292 299 (-960 528 0 ) (-960 528 128 ) (-960 640 128 ) (-960 640 0 ) 
4 292 298 (-960 528 128 ) (-960 528 256 ) (-960 640 256 ) (-960 640 128 ) 
4 292 294 (-960 528 256 ) (-960 528 -48 ) (-944 528 -48 ) (-944 528 256 ) 
4 292 293 (-944 528 -640 ) (-768 528 -640 ) (-768 528 256 ) (-944 528 256 ) 
4 293 295 (-768 512 -640 ) (-768 512 256 ) (-944 512 256 ) (-944 512 -640 ) 
4 293 294 (-944 528 256 ) (-944 528 -48 ) (-944 512 -48 ) (-944 512 256 ) 
4 294 301 (-960 512 -48 ) (-960 512 256 ) (-960 528 256 ) (-960 528 -48 ) 
4 294 296 (-960 512 256 ) (-960 512 -48 ) (-944 512 -48 ) (-944 512 256 ) 
4 295 297 (-944 240 -640 ) (-944 128 -640 ) (-944 128 256 ) (-944 240 256 ) 
4 295 296 (-944 512 256 ) (-944 512 -48 ) (-944 240 -48 ) (-944 240 256 ) 
4 296 303 (-960 240 -48 ) (-960 240 256 ) (-960 256 256 ) (-960 256 -48 ) 
4 296 302 (-960 256 256 ) (-960 512 256 ) (-960 512 -48 ) (-960 256 -48 ) 
4 296 297 (-960 240 256 ) (-960 240 -48 ) (-944 240 -48 ) (-944 240 256 ) 
4 297 304 (-960 128 -640 ) (-960 128 256 ) (-960 240 256 ) (-960 240 -640 ) 
4 298 305 (-1024 640 128 ) (-1024 528 128 ) (-1024 528 256 ) (-1024 640 256 ) 
4 298 301 (-960 528 128 ) (-960 528 256 ) (-1024 528 256 ) (-1024 528 128 ) 
4 298 299 (-960 528 128 ) (-1024 528 128 ) (-1024 640 128 ) (-960 640 128 ) 
4 299 307 (-1024 640 0 ) (-1024 528 0 ) (-1024 528 128 ) (-1024 640 128 ) 
4 299 301 (-960 528 0 ) (-960 528 128 ) (-1024 528 128 ) (-1024 528 0 ) 
4 299 300 (-960 528 0 ) (-1024 528 0 ) (-1024 640 0 ) (-960 640 0 ) 
4 300 309 (-1024 640 -640 ) (-1024 528 -640 ) (-1024 528 0 ) (-1024 640 0 ) 
4 300 301 (-960 528 -48 ) (-960 528 0 ) (-1024 528 0 ) (-1024 528 -48 ) 
4 301 310 (-1024 512 -48 ) (-1024 512 256 ) (-1024 528 256 ) (-1024 528 -48 ) 
4 301 302 (-960 512 -48 ) (-960 512 256 ) (-1024 512 256 ) (-1024 512 -48 ) 
4 302 311 (-1024 256 -4320 ) (-1024 256 256 ) (-1024 512 256 ) (-1024 512 -4320 ) 
4 302 303 (-960 256 -48 ) (-960 256 256 ) (-1024 256 256 ) (-1024 256 -48 ) 
4 303 312 (-1024 240 -48 ) (-1024 240 256 ) (-1024 256 256 ) (-1024 256 -48 ) 
4 303 304 (-960 240 -48 ) (-960 240 256 ) (-1024 240 256 ) (-1024 240 -48 ) 
4 304 313 (-1024 128 256 ) (-1024 240 256 ) (-1024 240 -640 ) (-1024 128 -640 ) 
4 305 314 (-1216 528 128 ) (-1216 528 1024 ) (-1216 640 1024 ) (-1216 640 128 ) 
4 305 310 (-1216 528 1024 ) (-1216 528 128 ) (-1024 528 128 ) (-1024 528 1024 ) 
4 305 308 (-1152 528 128 ) (-1216 528 128 ) (-1216 640 128 ) (-1152 640 128 ) 
4 305 307 (-1024 528 128 ) (-1152 528 128 ) (-1152 640 128 ) (-1024 640 128 ) 
4 307 310 (-1152 528 0 ) (-1024 528 0 ) (-1024 528 128 ) (-1152 528 128 ) 
4 307 309 (-1024 528 0 ) (-1152 528 0 ) (-1152 640 0 ) (-1024 640 0 ) 
4 307 308 (-1152 640 0 ) (-1152 528 0 ) (-1152 528 128 ) (-1152 640 128 ) 
4 308 314 (-1216 528 0 ) (-1216 528 128 ) (-1216 640 128 ) (-1216 640 0 ) 
4 308 310 (-1216 528 128 ) (-1216 528 0 ) (-1152 528 0 ) (-1152 528 128 ) 
4 308 309 (-1152 528 0 ) (-1216 528 0 ) (-1216 640 0 ) (-1152 640 0 ) 
4 309 314 (-1216 528 -640 ) (-1216 528 0 ) (-1216 640 0 ) (-1216 640 -640 ) 
4 309 310 (-1216 528 0 ) (-1216 528 -48 ) (-1024 528 -48 ) (-1024 528 0 ) 
4 310 315 (-1216 512 -48 ) (-1216 512 1024 ) (-1216 528 1024 ) (-1216 528 -48 ) 
4 310 311 (-1216 512 1024 ) (-1216 512 -48 ) (-1024 512 -48 ) (-1024 512 1024 ) 
4 311 316 (-1216 256 -48 ) (-1216 256 1024 ) (-1216 512 1024 ) (-1216 512 -48 ) 
4 311 312 (-1216 256 1024 ) (-1216 256 -48 ) (-1024 256 -48 ) (-1024 256 1024 ) 
4 312 316 (-1216 240 -48 ) (-1216 240 1024 ) (-1216 256 1024 ) (-1216 256 -48 ) 
4 312 313 (-1216 240 1024 ) (-1216 240 -48 ) (-1024 240 -48 ) (-1024 240 1024 ) 
4 313 317 (-1216 128 -640 ) (-1216 128 1024 ) (-1216 240 1024 ) (-1216 240 -640 ) 
4 314 319 (-1232 528 -640 ) (-1232 528 1024 ) (-1232 640 1024 ) (-1232 640 -640 ) 
4 314 315 (-1232 528 1024 ) (-1232 528 -48 ) (-1216 528 -48 ) (-1216 528 1024 ) 
4 315 319 (-1232 512 -48 ) (-1232 512 1024 ) (-1232 528 1024 ) (-1232 528 -48 ) 
4 315 316 (-1232 512 1024 ) (-1232 512 -48 ) (-1216 512 -48 ) (-1216 512 1024 ) 
4 316 319 (-1232 240 -48 ) (-1232 240 1024 ) (-1232 512 1024 ) (-1232 512 -48 ) 
4 316 317 (-1232 240 1024 ) (-1232 240 -48 ) (-1216 240 -48 ) (-1216 240 1024 ) 
4 317 319 (-1232 128 -640 ) (-1232 128 1024 ) (-1232 240 1024 ) (-1232 240 -640 ) 
4 320 322 (-160 0 544 ) (-32 0 544 ) (-32 -192 544 ) (-160 -192 544 ) 
4 321 323 (-64 -336 544 ) (0 -336 544 ) (0 -464 544 ) (-64 -464 544 ) 
4 322 328 (-160 0 512 ) (-32 0 512 ) (-32 -192 512 ) (-160 -192 512 ) 
4 323 334 (-64 -464 512 ) (-64 -352 512 ) (0 -352 512 ) (0 -464 512 ) 
4 323 332 (-64 -352 512 ) (-64 -336 512 ) (0 -336 512 ) (0 -352 512 ) 
4 324 357 (-32 0 384 ) (0 0 384 ) (0 -64 384 ) (-32 -64 384 ) 
4 324 328 (-32 -64 508 ) (-32 -64 512 ) (-32 0 512 ) (-32 0 506 ) 
4 324 327 (-32 0 384 ) (-32 -64 384 ) (-32 -64 508 ) (-32 0 506 ) 
4 324 325 (-32 -64 510 ) (-32 -64 384 ) (0 -64 384 ) (0 -64 510 ) 
4 325 357 (0 -64 384 ) (0 -128 384 ) (-32 -128 384 ) (-32 -64 384 ) 
3 325 328 (-32 -128 510 ) (-32 -64 510 ) (-32 -64 508 ) 
4 325 327 (-32 -64 384 ) (-32 -128 384 ) (-32 -128 510 ) (-32 -64 508 ) 
4 325 326 (-32 -128 510 ) (-32 -128 384 ) (0 -128 384 ) (0 -128 510 ) 
4 326 357 (0 -128 384 ) (0 -320 384 ) (-32 -320 384 ) (-32 -128 384 ) 
4 326 332 (0 -320 512 ) (-32 -320 512 ) (-32 -320 384 ) (0 -320 384 ) 
4 326 330 (-32 -192 384 ) (-32 -320 384 ) (-32 -320 512 ) (-32 -192 504 ) 
3 326 328 (-32 -192 512 ) (-32 -128 512 ) (-32 -128 510 ) 
4 326 327 (-32 -128 384 ) (-32 -192 384 ) (-32 -192 512 ) (-32 -128 510 ) 
4 327 366 (-160 0 384 ) (-96 0 384 ) (-96 -192 384 ) (-160 -192 384 ) 
4 327 362 (-96 0 384 ) (-80 0 384 ) (-80 -192 384 ) (-96 -192 384 ) 
4 327 358 (-80 0 384 ) (-64 0 384 ) (-64 -192 384 ) (-80 -192 384 ) 
4 327 357 (-64 0 384 ) (-32 0 384 ) (-32 -192 384 ) (-64 -192 384 ) 
4 327 330 (-32 -192 384 ) (-32 -192 504 ) (-160 -192 504 ) (-160 -192 384 ) 
4 327 329 (-160 0 384 ) (-160 -192 384 ) (-160 -192 512 ) (-160 0 506 ) 
4 327 328 (-160 0 506 ) (-160 -192 512 ) (-32 -192 512 ) (-32 0 506 ) 
3 328 329 (-160 -192 512 ) (-160 0 512 ) (-160 0 506 ) 
4 329 366 (-224 -192 384 ) (-224 0 384 ) (-160 0 384 ) (-160 -192 384 ) 
4 329 346 (-224 0 447 ) (-224 0 384 ) (-224 -192 384 ) (-224 -192 447 ) 
4 329 345 (-224 0 448 ) (-224 0 447 ) (-224 -192 447 ) (-224 -192 448 ) 
4 329 343 (-224 0 512 ) (-224 0 448 ) (-224 -192 448 ) (-224 -192 512 ) 
4 329 331 (-160 -192 512 ) (-224 -192 512 ) (-224 -192 384 ) (-160 -192 384 ) 
4 330 366 (-160 -192 384 ) (-96 -192 384 ) (-96 -320 384 ) (-160 -320 384 ) 
4 330 362 (-96 -192 384 ) (-80 -192 384 ) (-80 -320 384 ) (-96 -320 384 ) 
4 330 358 (-80 -192 384 ) (-64 -192 384 ) (-64 -320 384 ) (-80 -320 384 ) 
4 330 357 (-64 -192 384 ) (-32 -192 384 ) (-32 -320 384 ) (-64 -320 384 ) 
4 330 333 (-160 -320 448 ) (-160 -320 384 ) (-96 -320 384 ) (-96 -320 448 ) 
4 330 332 (-32 -320 512 ) (-64 -320 512 ) (-64 -320 384 ) (-32 -320 384 ) 
4 330 331 (-160 -192 504 ) (-160 -192 384 ) (-160 -320 384 ) (-160 -320 512 ) 
4 331 366 (-224 -320 384 ) (-224 -192 384 ) (-160 -192 384 ) (-160 -320 384 ) 
4 331 346 (-224 -192 384 ) (-224 -320 384 ) (-224 -320 447 ) (-224 -192 447 ) 
4 331 345 (-224 -320 447 ) (-224 -320 448 ) (-224 -192 448 ) (-224 -192 447 ) 
4 331 343 (-224 -320 448 ) (-224 -320 512 ) (-224 -192 512 ) (-224 -192 448 ) 
4 331 333 (-224 -320 448 ) (-224 -320 384 ) (-160 -320 384 ) (-160 -320 448 ) 
4 332 334 (0 -352 512 ) (-64 -352 512 ) (-64 -352 384 ) (0 -352 384 ) 
4 333 366 (-224 -352 384 ) (-224 -320 384 ) (-96 -320 384 ) (-96 -352 384 ) 
4 333 336 (-224 -352 448 ) (-224 -352 384 ) (-96 -352 384 ) (-96 -352 448 ) 
4 335 336 (-192 -352 448 ) (-128 -352 448 ) (-128 -480 448 ) (-192 -480 448 ) 
4 336 366 (-224 -480 384 ) (-224 -352 384 ) (-96 -352 384 ) (-96 -480 384 ) 
4 336 347 (-224 -449 384 ) (-224 -480 384 ) (-224 -480 447 ) (-224 -449 447 ) 
4 336 340 (-224 -480 448 ) (-224 -480 384 ) (-96 -480 384 ) (-96 -480 448 ) 
4 337 384 (0 -1024 448 ) (0 -1024 1024 ) (-96 -1024 1024 ) (-96 -1024 448 ) 
4 337 342 (0 -928 448 ) (0 -1024 448 ) (-96 -1024 448 ) (-96 -928 448 ) 
4 337 339 (-96 -928 448 ) (-96 -1024 448 ) (-96 -1024 1024 ) (-96 -928 1024 ) 
4 338 341 (-224 -736 448 ) (-224 -672 448 ) (-96 -672 448 ) (-96 -736 448 ) 
4 339 384 (-224 -1024 1024 ) (-224 -1024 448 ) (-96 -1024 448 ) (-96 -1024 1024 ) 
4 339 344 (-224 -1024 448 ) (-224 -1024 1024 ) (-224 -928 1024 ) (-224 -928 448 ) 
4 339 342 (-224 -1024 448 ) (-224 -928 448 ) (-96 -928 448 ) (-96 -1024 448 ) 
4 340 366 (-224 -592 384 ) (-224 -480 384 ) (-96 -480 384 ) (-96 -592 384 ) 
4 340 347 (-224 -480 384 ) (-224 -543 384 ) (-224 -543 447 ) (-224 -480 447 ) 
4 341 368 (-224 -736 384 ) (-224 -672 384 ) (-96 -672 384 ) (-96 -736 384 ) 
4 341 364 (-96 -672 384 ) (-80 -672 384 ) (-80 -736 384 ) (-96 -736 384 ) 
4 341 360 (-80 -672 384 ) (-64 -672 384 ) (-64 -736 384 ) (-80 -736 384 ) 
4 341 349 (-224 -672 384 ) (-224 -736 384 ) (-224 -736 447 ) (-224 -672 447 ) 
4 341 348 (-224 -736 447 ) (-224 -736 448 ) (-224 -672 448 ) (-224 -672 447 ) 
4 342 384 (0 -1024 384 ) (0 -1024 448 ) (-224 -1024 448 ) (-224 -1024 384 ) 
4 342 368 (-96 -1024 384 ) (-224 -1024 384 ) (-224 -928 384 ) (-96 -928 384 ) 
4 342 365 (-80 -1024 384 ) (-96 -1024 384 ) (-96 -928 384 ) (-80 -928 384 ) 
4 342 361 (0 -1024 384 ) (-80 -1024 384 ) (-80 -928 384 ) (0 -928 384 ) 
4 342 350 (-224 -928 384 ) (-224 -1024 384 ) (-224 -1024 448 ) (-224 -928 448 ) 
4 343 354 (-256 0 512 ) (-256 0 448 ) (-256 -320 448 ) (-256 -320 512 ) 
4 343 345 (-256 -320 448 ) (-256 0 448 ) (-224 0 448 ) (-224 -320 448 ) 
4 344 384 (-256 -1024 1024 ) (-256 -1024 448 ) (-224 -1024 448 ) (-224 -1024 1024 ) 
4 344 356 (-256 -1024 448 ) (-256 -1024 512 ) (-256 -928 512 ) (-256 -928 448 ) 
4 344 352 (-256 -1024 512 ) (-256 -1024 1024 ) (-256 -928 1024 ) (-256 -928 512 ) 
4 344 350 (-256 -1024 448 ) (-256 -928 448 ) (-224 -928 448 ) (-224 -1024 448 ) 
4 345 354 (-256 -320 448 ) (-256 0 448 ) (-256 0 447 ) (-256 -320 447 ) 
4 345 346 (-256 -320 447 ) (-256 0 447 ) (-224 0 447 ) (-224 -320 447 ) 
4 346 370 (-256 -320 384 ) (-256 -256 384 ) (-224 -256 384 ) (-224 -320 384 ) 
4 346 369 (-256 -256 384 ) (-256 0 384 ) (-224 0 384 ) (-224 -256 384 ) 
4 346 354 (-256 0 384 ) (-256 -320 384 ) (-256 -320 447 ) (-256 0 447 ) 
4 347 371 (-226 -449 384 ) (-224 -449 384 ) (-224 -543 384 ) (-226 -543 384 ) 
4 348 349 (-224 -736 447 ) (-256 -736 447 ) (-256 -672 447 ) (-224 -672 447 ) 
4 349 372 (-256 -736 384 ) (-256 -672 384 ) (-224 -672 384 ) (-224 -736 384 ) 
4 350 384 (-256 -1024 448 ) (-256 -1024 384 ) (-224 -1024 384 ) (-224 -1024 448 ) 
4 350 373 (-224 -1024 384 ) (-256 -1024 384 ) (-256 -928 384 ) (-224 -928 384 ) 
4 350 356 (-256 -928 384 ) (-256 -1024 384 ) (-256 -1024 448 ) (-256 -928 448 ) 
4 351 354 (-288 0 512 ) (-256 0 512 ) (-256 -320 512 ) (-288 -320 512 ) 
4 352 384 (-288 -1024 1024 ) (-288 -1024 512 ) (-256 -1024 512 ) (-256 -1024 1024 ) 
4 352 356 (-256 -928 512 ) (-256 -1024 512 ) (-288 -1024 512 ) (-288 -928 512 ) 
4 352 353 (-288 -928 512 ) (-288 -1024 512 ) (-288 -1024 1024 ) (-288 -928 1024 ) 
4 353 384 (-416 -1024 512 ) (-288 -1024 512 ) (-288 -1024 1024 ) (-416 -1024 1024 ) 
4 353 356 (-416 -928 512 ) (-288 -928 512 ) (-288 -1024 512 ) (-416 -1024 512 ) 
4 354 370 (-256 -256 384 ) (-256 -320 384 ) (-288 -320 384 ) (-288 -256 384 ) 
4 354 369 (-288 0 384 ) (-256 0 384 ) (-256 -256 384 ) (-288 -256 384 ) 
4 355 369 (-448 0 384 ) (-320 0 384 ) (-320 -256 384 ) (-448 -256 384 ) 
4 356 384 (-416 -1024 384 ) (-256 -1024 384 ) (-256 -1024 512 ) (-416 -1024 512 ) 
4 356 373 (-256 -1024 384 ) (-416 -1024 384 ) (-416 -928 384 ) (-256 -928 384 ) 
4 357 376 (-32 -320 256 ) (-64 -320 256 ) (-64 -256 256 ) (-32 -256 256 ) 
4 357 374 (0 -192 256 ) (0 -320 256 ) (-32 -320 256 ) (-32 -192 256 ) 
4 357 358 (-64 0 256 ) (-64 -320 256 ) (-64 -320 384 ) (-64 0 384 ) 
4 358 376 (-64 -256 256 ) (-64 -320 256 ) (-80 -320 256 ) (-80 -256 256 ) 
4 358 362 (-80 0 256 ) (-80 -320 256 ) (-80 -320 384 ) (-80 0 384 ) 
4 359 378 (0 -416 256 ) (0 -544 256 ) (-80 -544 256 ) (-80 -416 256 ) 
4 359 363 (-80 -416 256 ) (-80 -480 256 ) (-80 -480 320 ) (-80 -416 320 ) 
4 360 364 (-80 -672 256 ) (-80 -736 256 ) (-80 -736 384 ) (-80 -672 384 ) 
4 361 384 (0 -1024 256 ) (0 -1024 384 ) (-80 -1024 384 ) (-80 -1024 256 ) 
4 361 380 (0 -928 256 ) (0 -1024 256 ) (-80 -1024 256 ) (-80 -928 256 ) 
4 361 365 (-80 -928 256 ) (-80 -1024 256 ) (-80 -1024 384 ) (-80 -928 384 ) 
4 362 376 (-80 -256 256 ) (-80 -320 256 ) (-96 -320 256 ) (-96 -256 256 ) 
4 362 366 (-96 0 256 ) (-96 -320 256 ) (-96 -320 384 ) (-96 0 384 ) 
4 363 366 (-96 -416 256 ) (-96 -480 256 ) (-96 -480 320 ) (-96 -416 320 ) 
4 364 368 (-96 -672 256 ) (-96 -736 256 ) (-96 -736 384 ) (-96 -672 384 ) 
4 365 384 (-80 -1024 384 ) (-96 -1024 384 ) (-96 -1024 256 ) (-80 -1024 256 ) 
4 365 380 (-80 -928 256 ) (-80 -1024 256 ) (-96 -1024 256 ) (-96 -928 256 ) 
4 365 368 (-96 -928 256 ) (-96 -1024 256 ) (-96 -1024 384 ) (-96 -928 384 ) 
4 366 377 (-96 -192 256 ) (-96 -320 256 ) (-160 -320 256 ) (-160 -192 256 ) 
4 366 371 (-224 -543 384 ) (-224 -449 384 ) (-224 -449 257 ) (-224 -543 257 ) 
4 366 370 (-224 -256 256 ) (-224 -320 256 ) (-224 -320 384 ) (-224 -256 384 ) 
4 366 369 (-224 0 256 ) (-224 -256 256 ) (-224 -256 384 ) (-224 0 384 ) 
4 366 367 (-224 -610 384 ) (-224 -610 256 ) (-96 -610 256 ) (-96 -610 384 ) 
4 367 368 (-224 -611 384 ) (-224 -611 256 ) (-96 -611 256 ) (-96 -611 384 ) 
4 368 384 (-96 -1024 384 ) (-224 -1024 384 ) (-224 -1024 256 ) (-96 -1024 256 ) 
4 368 380 (-96 -928 256 ) (-96 -1024 256 ) (-224 -1024 256 ) (-224 -928 256 ) 
4 368 379 (-96 -736 256 ) (-96 -928 256 ) (-224 -928 256 ) (-224 -736 256 ) 
4 368 373 (-224 -928 256 ) (-224 -1024 256 ) (-224 -1024 384 ) (-224 -928 384 ) 
4 368 372 (-224 -672 256 ) (-224 -736 256 ) (-224 -736 384 ) (-224 -672 384 ) 
4 369 370 (-288 -256 256 ) (-224 -256 256 ) (-224 -256 384 ) (-288 -256 384 ) 
4 373 384 (-224 -1024 384 ) (-416 -1024 384 ) (-416 -1024 256 ) (-224 -1024 256 ) 
4 373 380 (-416 -928 256 ) (-224 -928 256 ) (-224 -1024 256 ) (-416 -1024 256 ) 
4 374 375 (-32 -192 254 ) (-32 -192 240 ) (-32 -256 240 ) (-32 -256 254 ) 
4 374 376 (-32 -256 240 ) (-32 -320 240 ) (-32 -320 256 ) (-32 -256 256 ) 
4 375 376 (-96 -256 254 ) (-96 -256 240 ) (-32 -256 240 ) (-32 -256 254 ) 
4 375 377 (-96 -192 254 ) (-96 -192 240 ) (-96 -256 240 ) (-96 -256 254 ) 
4 376 377 (-96 -256 240 ) (-96 -320 240 ) (-96 -320 256 ) (-96 -256 256 ) 
4 379 380 (-224 -928 128 ) (-96 -928 128 ) (-96 -928 256 ) (-224 -928 256 ) 
4 380 384 (0 -1024 128 ) (0 -1024 256 ) (-416 -1024 256 ) (-416 -1024 128 ) 
4 380 381 (0 -1024 128 ) (-416 -1024 128 ) (-416 -928 128 ) (0 -928 128 ) 
4 381 384 (0 -1024 -640 ) (0 -1024 128 ) (-416 -1024 128 ) (-416 -1024 -640 ) 
4 383 385 (-2048 -864 48 ) (-2048 -864 176 ) (-2048 -608 176 ) (-2048 -608 48 ) 
