PRT1
389
1084
4 0 2 (1744 -768 64 ) (1744 -768 128 ) (1744 -640 128 ) (1744 -640 64 ) 
4 0 1 (1768 -768 64 ) (1744 -768 64 ) (1744 -640 64 ) (1768 -640 64 ) 
4 1 81 (1746 -768 -64 ) (1744 -768 -64 ) (1744 -640 -64 ) (1746 -640 -64 ) 
4 1 80 (1776 -768 -64 ) (1768 -768 -64 ) (1768 -640 -64 ) (1776 -640 -64 ) 
4 1 2 (1744 -640 -64 ) (1744 -768 -64 ) (1744 -768 64 ) (1744 -640 64 ) 
4 2 81 (1744 -640 -64 ) (1744 -768 -64 ) (1680 -768 -64 ) (1680 -640 -64 ) 
4 2 16 (1680 -798 -64 ) (1680 -800 -64 ) (1680 -800 -8 ) (1680 -798 -8 ) 
3 2 12 (1680 -798 -13 ) (1680 -798 -8 ) (1680 -794 -8 ) 
5 2 11 (1680 -608 -8 ) (1680 -608 -64 ) (1680 -798 -64 ) (1680 -798 -13 ) (1680 -794 -8 ) 
4 2 4 (1680 -760 -8 ) (1680 -800 -8 ) (1680 -800 128 ) (1680 -760 128 ) 
4 2 3 (1680 -608 128 ) (1680 -608 -8 ) (1680 -760 -8 ) (1680 -760 128 ) 
4 3 76 (1360 -640 64 ) (1360 -640 -8 ) (1360 -760 -8 ) (1360 -760 64 ) 
4 3 73 (1416 -608 -8 ) (1420 -608 -8 ) (1420 -760 -8 ) (1416 -760 -8 ) 
4 3 72 (1360 -760 -8 ) (1360 -608 -8 ) (1416 -608 -8 ) (1416 -760 -8 ) 
4 3 48 (1420 -608 -8 ) (1426 -608 -8 ) (1426 -760 -8 ) (1420 -760 -8 ) 
4 3 11 (1426 -608 -8 ) (1680 -608 -8 ) (1680 -760 -8 ) (1426 -760 -8 ) 
4 3 8 (1382 -760 -8 ) (1464 -760 -8 ) (1464 -760 128 ) (1382 -760 128 ) 
4 3 7 (1464 -760 -8 ) (1473 -760 -8 ) (1473 -760 128 ) (1464 -760 128 ) 
4 3 10 (1360 -760 128 ) (1360 -760 -8 ) (1382 -760 -8 ) (1382 -760 128 ) 
4 3 5 (1473 -760 -8 ) (1561 -760 -8 ) (1561 -760 128 ) (1473 -760 128 ) 
4 3 4 (1561 -760 -8 ) (1680 -760 -8 ) (1680 -760 128 ) (1561 -760 128 ) 
4 4 46 (1561 -808.002014 -8 ) (1561 -804 -8 ) (1680 -804 -8 ) (1680 -808.002014 -8 ) 
4 4 43 (1680 -864 -8 ) (1561 -864 -8 ) (1561 -808.002014 -8 ) (1680 -808.002014 -8 ) 
4 4 16 (1561 -804 -8 ) (1561 -798 -8 ) (1680 -798 -8 ) (1680 -804 -8 ) 
4 4 12 (1561 -798 -8 ) (1561 -794 -8 ) (1680 -794 -8 ) (1680 -798 -8 ) 
4 4 11 (1561 -794 -8 ) (1561 -760 -8 ) (1680 -760 -8 ) (1680 -794 -8 ) 
4 4 6 (1561 -842 -8 ) (1561 -864 -8 ) (1561 -864 128 ) (1561 -842 128 ) 
4 4 5 (1561 -760 128 ) (1561 -760 -8 ) (1561 -842 -8 ) (1561 -842 128 ) 
4 5 47 (1513 -804 -8 ) (1527 -804 -8 ) (1527 -808.002014 -8 ) (1513 -808.002014 -8 ) 
4 5 46 (1527 -804 -8 ) (1561 -804 -8 ) (1561 -808.002014 -8 ) (1527 -808.002014 -8 ) 
4 5 44 (1473 -808.002014 -8 ) (1473 -804 -8 ) (1513 -804 -8 ) (1513 -808.002014 -8 ) 
4 5 43 (1473 -842 -8 ) (1473 -808.002014 -8 ) (1561 -808.002014 -8 ) (1561 -842 -8 ) 
4 5 37 (1478 -798 -8 ) (1483 -798 -8 ) (1483 -804 -8 ) (1478 -804 -8 ) 
4 5 29 (1483 -798 -8 ) (1513 -798 -8 ) (1513 -804 -8 ) (1483 -804 -8 ) 
4 5 26 (1473 -804 -8 ) (1473 -798 -8 ) (1478 -798 -8 ) (1478 -804 -8 ) 
4 5 41 (1513 -798 -8 ) (1517 -798 -8 ) (1517 -804 -8 ) (1513 -804 -8 ) 
4 5 18 (1517 -798 -8 ) (1523 -798 -8 ) (1523 -804 -8 ) (1517 -804 -8 ) 
4 5 17 (1523 -798 -8 ) (1527 -798 -8 ) (1527 -804 -8 ) (1523 -804 -8 ) 
4 5 16 (1527 -798 -8 ) (1561 -798 -8 ) (1561 -804 -8 ) (1527 -804 -8 ) 
4 5 14 (1513 -794 -8 ) (1527 -794 -8 ) (1527 -798 -8 ) (1513 -798 -8 ) 
4 5 13 (1473 -798 -8 ) (1473 -794 -8 ) (1513 -794 -8 ) (1513 -798 -8 ) 
4 5 12 (1527 -794 -8 ) (1561 -794 -8 ) (1561 -798 -8 ) (1527 -798 -8 ) 
4 5 11 (1473 -794 -8 ) (1473 -760 -8 ) (1561 -760 -8 ) (1561 -794 -8 ) 
4 5 7 (1473 -760 128 ) (1473 -760 -8 ) (1473 -842 -8 ) (1473 -842 128 ) 
4 5 6 (1473 -842 128 ) (1473 -842 -8 ) (1561 -842 -8 ) (1561 -842 128 ) 
4 6 43 (1561 -864 -8 ) (1473 -864 -8 ) (1473 -842 -8 ) (1561 -842 -8 ) 
4 6 7 (1473 -842 -8 ) (1473 -864 -8 ) (1473 -864 128 ) (1473 -842 128 ) 
4 7 44 (1464 -808.002014 -8 ) (1464 -804 -8 ) (1473 -804 -8 ) (1473 -808.002014 -8 ) 
4 7 43 (1473 -864 -8 ) (1464 -864 -8 ) (1464 -808.002014 -8 ) (1473 -808.002014 -8 ) 
4 7 26 (1466.610840 -798 -8 ) (1473 -798 -8 ) (1473 -804 -8 ) (1466.610840 -804 -8 ) 
4 7 24 (1464 -804 -8 ) (1464 -798 -8 ) (1466.610840 -798 -8 ) (1466.610840 -804 -8 ) 
4 7 13 (1464 -798 -8 ) (1464 -794 -8 ) (1473 -794 -8 ) (1473 -798 -8 ) 
4 7 11 (1464 -794 -8 ) (1464 -760 -8 ) (1473 -760 -8 ) (1473 -794 -8 ) 
4 7 9 (1464 -848 -8 ) (1464 -864 -8 ) (1464 -864 128 ) (1464 -848 128 ) 
4 7 8 (1464 -760 128 ) (1464 -760 -8 ) (1464 -848 -8 ) (1464 -848 128 ) 
4 8 75 (1420 -794 -8 ) (1420 -808.002014 -8 ) (1416 -808.002014 -8 ) (1416 -794 -8 ) 
4 8 74 (1420 -808.002014 -8 ) (1420 -848 -8 ) (1416 -848 -8 ) (1416 -808.002014 -8 ) 
4 8 73 (1416 -760 -8 ) (1420 -760 -8 ) (1420 -794 -8 ) (1416 -794 -8 ) 
4 8 72 (1382 -848 -8 ) (1382 -760 -8 ) (1416 -760 -8 ) (1416 -848 -8 ) 
4 8 59 (1426 -838.003906 -8 ) (1426 -843 -8 ) (1420 -843 -8 ) (1420 -838.004089 -8 ) 
4 8 58 (1426 -808.002014 -8 ) (1426 -838.003906 -8 ) (1420 -838.004089 -8 ) (1420 -808.002014 -8 ) 
4 8 57 (1426 -843 -8 ) (1426 -848 -8 ) (1420 -848 -8 ) (1420 -843 -8 ) 
4 8 70 (1426 -804 -8 ) (1426 -808.002014 -8 ) (1420 -808.002014 -8 ) (1420 -804 -8 ) 
4 8 52 (1426 -798 -8 ) (1426 -804 -8 ) (1420 -804 -8 ) (1420 -798 -8 ) 
4 8 49 (1426 -794 -8 ) (1426 -798 -8 ) (1420 -798 -8 ) (1420 -794 -8 ) 
4 8 48 (1420 -760 -8 ) (1426 -760 -8 ) (1426 -794 -8 ) (1420 -794 -8 ) 
4 8 45 (1430 -808.002014 -8 ) (1426 -808.002014 -8 ) (1426 -804 -8 ) (1430 -804 -8 ) 
4 8 44 (1464 -804 -8 ) (1464 -808.002014 -8 ) (1430 -808.002014 -8 ) (1430 -804 -8 ) 
4 8 43 (1464 -808.002014 -8 ) (1464 -848 -8 ) (1426 -848 -8 ) (1426 -808.002014 -8 ) 
4 8 25 (1430 -804 -8 ) (1426 -804 -8 ) (1426 -798 -8 ) (1430 -798 -8 ) 
4 8 24 (1464 -798 -8 ) (1464 -804 -8 ) (1430 -804 -8 ) (1430 -798 -8 ) 
4 8 13 (1464 -794 -8 ) (1464 -798 -8 ) (1430 -798 -8 ) (1430 -794 -8 ) 
4 8 15 (1430 -798 -8 ) (1426 -798 -8 ) (1426 -794 -8 ) (1430 -794 -8 ) 
4 8 11 (1426 -760 -8 ) (1464 -760 -8 ) (1464 -794 -8 ) (1426 -794 -8 ) 
4 8 10 (1382 -760 128 ) (1382 -760 -8 ) (1382 -848 -8 ) (1382 -848 128 ) 
4 8 9 (1382 -848 128 ) (1382 -848 -8 ) (1464 -848 -8 ) (1464 -848 128 ) 
4 9 74 (1420 -864 -8 ) (1416 -864 -8 ) (1416 -848 -8 ) (1420 -848 -8 ) 
4 9 72 (1416 -864 -8 ) (1382 -864 -8 ) (1382 -848 -8 ) (1416 -848 -8 ) 
4 9 57 (1426 -864 -8 ) (1420 -864 -8 ) (1420 -848 -8 ) (1426 -848 -8 ) 
4 9 43 (1464 -864 -8 ) (1426 -864 -8 ) (1426 -848 -8 ) (1464 -848 -8 ) 
4 9 10 (1382 -848 -8 ) (1382 -864 -8 ) (1382 -864 128 ) (1382 -848 128 ) 
4 10 76 (1360 -760 64 ) (1360 -760 -8 ) (1360 -768 -8 ) (1360 -768 64 ) 
4 10 72 (1382 -864 -8 ) (1360 -864 -8 ) (1360 -760 -8 ) (1382 -760 -8 ) 
4 11 81 (1680 -640 -64 ) (1680 -768 -64 ) (1426 -768 -64 ) (1426 -640 -64 ) 
5 11 48 (1426 -794 -8 ) (1426 -608 -8 ) (1426 -608 -64 ) (1426 -798 -64 ) (1426 -798 -13 ) 
3 11 39 (1479.167236 -798 -17.334631 ) (1481 -798 -32.001045 ) (1486 -798 -31 ) 
5 11 38 (1481 -798 -32.001045 ) (1483.994629 -798 -36.994942 ) (1484 -798 -36.998657 ) (1486.370483 -798 -33.839561 ) (1486 -798 -31 ) 
3 11 40 (1484 -798 -36.998657 ) (1487.011597 -798 -38.755302 ) (1486.370483 -798 -33.839561 ) 
4 11 37 (1483.652222 -798 -13 ) (1478.625366 -798 -13 ) (1479.167236 -798 -17.334631 ) (1486 -798 -31 ) 
3 11 36 (1486.200073 -798 -32.533279 ) (1486.370361 -798 -33.838867 ) (1487 -798 -33 ) 
4 11 35 (1486.370361 -798 -33.838867 ) (1487.011597 -798 -38.755302 ) (1491.058228 -798 -41.116463 ) (1487 -798 -33 ) 
3 11 34 (1486 -798 -31 ) (1486.200073 -798 -32.533279 ) (1487 -798 -33 ) 
3 11 33 (1502 -798 -44 ) (1503.702637 -798 -42.744827 ) (1499 -798 -40 ) 
4 11 32 (1496 -798 -44 ) (1502 -798 -44 ) (1499 -798 -40 ) (1494.595947 -798 -43.180759 ) 
4 11 31 (1503.702637 -798 -42.744827 ) (1517 -798 -32.945950 ) (1517 -798 -27 ) (1499 -798 -40 ) 
4 11 30 (1487 -798 -33 ) (1491.058228 -798 -41.116463 ) (1494.595947 -798 -43.180759 ) (1499 -798 -40 ) 
6 11 29 (1517 -798 -27 ) (1517 -798 -13 ) (1483.652222 -798 -13 ) (1486 -798 -31 ) (1487 -798 -33 ) (1499 -798 -40 ) 
3 11 28 (1488.194458 -798 -44 ) (1496 -798 -44 ) (1483.994629 -798 -36.994942 ) 
3 11 27 (1502 -798 -44 ) (1517 -798 -44 ) (1517 -798 -32.945950 ) 
3 11 26 (1478.625366 -798 -13 ) (1469.608643 -798 -13 ) (1481 -798 -32.001045 ) 
4 11 24 (1426 -798 -13 ) (1426 -798 -44 ) (1488.194458 -798 -44 ) (1469.608643 -798 -13 ) 
4 11 23 (1523 -798 -27 ) (1517 -798 -27 ) (1517 -798 -32.945938 ) (1521.002075 -798 -29.996811 ) 
3 11 22 (1523 -798 -27 ) (1523 -798 -22.666725 ) (1517 -798 -27 ) 
3 11 21 (1523 -798 -28.524586 ) (1523 -798 -27 ) (1521.002075 -798 -29.996811 ) 
4 11 20 (1517 -798 -44 ) (1523 -798 -44 ) (1523 -798 -28.524586 ) (1517 -798 -32.945938 ) 
4 11 19 (1523 -798 -22.666725 ) (1523 -798 -13 ) (1517 -798 -13 ) (1517 -798 -27 ) 
4 11 42 (1426 -798 -44 ) (1426 -798 -64 ) (1523 -798 -64 ) (1523 -798 -44 ) 
4 11 16 (1523 -798 -64 ) (1680 -798 -64 ) (1680 -798 -13 ) (1523 -798 -13 ) 
4 11 14 (1517.001343 -798 -13.001907 ) (1522.998535 -798 -13.001907 ) (1527 -794 -8 ) (1513 -794 -8 ) 
5 11 13 (1426 -797.998596 -13 ) (1426 -798 -13.001910 ) (1517.001343 -798 -13.001907 ) (1513 -794 -8 ) (1430 -794 -8 ) 
4 11 12 (1522.998535 -798 -13.001907 ) (1680 -798 -13.001903 ) (1680 -794 -8 ) (1527 -794 -8 ) 
3 11 15 (1426 -794 -8 ) (1426 -797.998596 -13 ) (1430 -794 -8 ) 
4 12 16 (1523 -798 -13 ) (1680 -798 -13 ) (1680 -798 -8 ) (1527 -798 -8 ) 
3 12 14 (1527 -794 -8 ) (1523 -798 -13 ) (1527 -798 -8 ) 
4 13 37 (1478.625366 -798 -13 ) (1483.652222 -798 -13 ) (1483 -798 -8 ) (1478 -798 -8 ) 
4 13 29 (1483.652222 -798 -13 ) (1517 -798 -13 ) (1513 -798 -8 ) (1483 -798 -8 ) 
4 13 26 (1469.608643 -798 -13 ) (1478.625366 -798 -13 ) (1478 -798 -8 ) (1466.610840 -798 -8 ) 
4 13 24 (1426 -798 -13 ) (1469.608643 -798 -13 ) (1466.610840 -798 -8 ) (1430 -798 -8 ) 
3 13 15 (1430 -794.003906 -8 ) (1426.003906 -798 -12.996094 ) (1430 -798 -8 ) 
3 13 14 (1516.998169 -798 -12.998145 ) (1513 -794.001343 -8 ) (1513 -798 -8 ) 
3 14 41 (1517 -798 -13 ) (1517 -798 -8 ) (1513 -798 -8 ) 
4 14 18 (1517 -798 -13 ) (1523 -798 -13 ) (1523 -798 -8 ) (1517 -798 -8 ) 
3 14 17 (1523 -798 -13 ) (1527 -798 -8 ) (1523 -798 -8 ) 
3 15 49 (1426 -798 -8 ) (1426 -794 -8 ) (1426 -798 -13 ) 
3 15 25 (1426 -798 -8 ) (1426 -798 -13 ) (1430 -798 -8 ) 
5 16 46 (1680 -804 -13.002541 ) (1680 -804 -8 ) (1527 -804 -8 ) (1523 -804 -13 ) (1523 -804 -13.002540 ) 
4 16 43 (1523 -804 -64 ) (1680 -804 -64 ) (1680 -804 -13.002541 ) (1523 -804 -13.002540 ) 
4 16 22 (1523 -798 -22.666740 ) (1523 -798 -27 ) (1523 -804 -27 ) (1523 -804 -22.666740 ) 
4 16 21 (1523 -798 -27 ) (1523 -798 -28.524597 ) (1523 -804 -28.525051 ) (1523 -804 -27 ) 
4 16 20 (1523 -798 -28.524597 ) (1523 -798 -44 ) (1523 -804 -44 ) (1523 -804 -28.525051 ) 
4 16 19 (1523 -798 -13 ) (1523 -798 -22.666740 ) (1523 -804 -22.666740 ) (1523 -804 -13 ) 
4 16 42 (1523 -798 -44 ) (1523 -798 -64 ) (1523 -804 -64 ) (1523 -804 -44 ) 
4 16 17 (1527 -798 -8 ) (1523 -798 -13 ) (1523 -804 -13 ) (1527 -804 -8 ) 
3 17 47 (1527 -804 -8 ) (1523 -804 -8 ) (1523 -804 -13 ) 
4 17 18 (1523 -798 -8 ) (1523 -798 -13 ) (1523 -804 -13 ) (1523 -804 -8 ) 
4 18 47 (1523 -804 -13 ) (1523 -804 -8 ) (1517 -804 -8 ) (1517 -804 -13 ) 
4 18 41 (1517 -798 -8 ) (1517 -798 -13 ) (1517 -804 -13 ) (1517 -804 -8 ) 
4 18 19 (1517 -804 -13 ) (1517 -798 -13 ) (1523 -798 -13 ) (1523 -804 -13 ) 
4 19 43 (1523 -804 -22.666733 ) (1523 -804 -13 ) (1517 -804 -13 ) (1517 -804 -27 ) 
4 19 29 (1517 -798 -13 ) (1517 -798 -27 ) (1517 -804 -27 ) (1517 -804 -13 ) 
4 19 22 (1517 -804 -27 ) (1517 -798 -27 ) (1523 -798 -22.667326 ) (1523 -804 -22.667326 ) 
4 20 43 (1517 -804 -44 ) (1523 -804 -44 ) (1523 -804 -28.525045 ) (1517 -804 -32.946400 ) 
4 20 27 (1517 -798 -32.945942 ) (1517 -798 -44 ) (1517 -804 -44 ) (1517 -804 -32.946396 ) 
4 20 23 (1517 -798 -32.946224 ) (1517 -804 -32.946724 ) (1521.001221 -804 -29.998199 ) (1521.001831 -798 -29.997274 ) 
4 20 21 (1521.001221 -804 -29.998199 ) (1523 -804 -28.525318 ) (1523 -798 -28.524818 ) (1521.001831 -798 -29.997274 ) 
4 20 42 (1517 -798 -44 ) (1523 -798 -44 ) (1523 -804 -44 ) (1517 -804 -44 ) 
3 21 43 (1523 -804 -28.525045 ) (1523 -804 -27 ) (1521.001587 -804 -29.997696 ) 
4 21 23 (1521.002808 -798 -29.997849 ) (1521.002197 -804 -29.998831 ) (1523 -804 -27.001987 ) (1523 -798 -27.001987 ) 
3 22 43 (1523 -804 -27 ) (1523 -804 -22.666733 ) (1517 -804 -27 ) 
4 22 23 (1517 -804 -27 ) (1517 -798 -27 ) (1523 -798 -27 ) (1523 -804 -27 ) 
4 23 43 (1523 -804 -27 ) (1517 -804 -27 ) (1517 -804 -32.946400 ) (1521.001587 -804 -29.997696 ) 
4 23 31 (1517 -798 -27 ) (1517 -798 -32.945942 ) (1517 -804 -32.946396 ) (1517 -804 -27 ) 
5 24 54 (1426 -798 -27 ) (1426 -798 -27.003038 ) (1426 -799.998962 -30.001356 ) (1426 -804 -32.949867 ) (1426 -804 -27 ) 
4 24 53 (1426 -798 -13 ) (1426 -798 -27 ) (1426 -804 -27 ) (1426 -804 -13 ) 
3 24 51 (1426 -798 -27.003038 ) (1426 -798 -28.528271 ) (1426 -799.998962 -30.001356 ) 
4 24 50 (1426 -798 -28.528271 ) (1426 -798 -44 ) (1426 -804 -44 ) (1426 -804 -32.949867 ) 
5 24 44 (1426 -804 -13 ) (1426 -804 -13.002540 ) (1469.610107 -804 -13.002541 ) (1466.610840 -804 -8 ) (1430 -804 -8 ) 
4 24 43 (1426 -804 -13.002540 ) (1426 -804 -44 ) (1488.194458 -804 -44 ) (1469.610107 -804 -13.002541 ) 
4 24 38 (1481 -804 -32.007862 ) (1483.989014 -804 -36.991615 ) (1483.988892 -798 -36.991577 ) (1481.001587 -798 -32.008987 ) 
4 24 28 (1483.989014 -804 -36.991615 ) (1488.190796 -804 -44 ) (1488.190796 -798 -44 ) (1483.988892 -798 -36.991577 ) 
4 24 26 (1466.607300 -804 -8 ) (1481 -804 -32.007862 ) (1481.001587 -798 -32.008987 ) (1466.607178 -798 -8 ) 
4 24 42 (1426 -798 -44 ) (1488.194458 -798 -44 ) (1488.194458 -804 -44 ) (1426 -804 -44 ) 
4 24 25 (1426 -804 -13.004824 ) (1430.003906 -804 -8 ) (1430.003906 -798 -8 ) (1426 -798 -13.004843 ) 
4 25 52 (1426 -804 -8 ) (1426 -798 -8 ) (1426 -798 -13 ) (1426 -804 -13 ) 
3 25 45 (1426 -804 -8 ) (1426 -804 -13 ) (1430 -804 -8 ) 
4 26 44 (1478 -804 -8 ) (1466.610840 -804 -8 ) (1469.610107 -804 -13.002535 ) (1478.625366 -804 -13.002537 ) 
3 26 43 (1469.610107 -804 -13.002535 ) (1481 -804 -32 ) (1478.625366 -804 -13.002537 ) 
4 26 39 (1481 -804 -32 ) (1481.001099 -798 -32.001968 ) (1479.167847 -798 -17.335474 ) (1479.167236 -804 -17.334499 ) 
4 26 37 (1479.167847 -798 -17.335474 ) (1478 -798 -8 ) (1478 -804 -8 ) (1479.167236 -804 -17.334499 ) 
3 27 43 (1502 -804 -44 ) (1517 -804 -44 ) (1517 -804 -32.946411 ) 
4 27 33 (1501.997925 -798 -44 ) (1501.998657 -804 -44 ) (1503.701660 -804 -42.745029 ) (1503.701904 -798 -42.744400 ) 
4 27 31 (1503.701660 -804 -42.745029 ) (1517 -804 -32.945652 ) (1517 -798 -32.945152 ) (1503.701904 -798 -42.744400 ) 
4 27 42 (1502 -798 -44 ) (1517 -798 -44 ) (1517 -804 -44 ) (1502 -804 -44 ) 
3 28 43 (1488.194458 -804 -44 ) (1496 -804 -44 ) (1483.994507 -804 -36.994873 ) 
4 28 40 (1483.995361 -798 -36.996250 ) (1483.995483 -804 -36.996304 ) (1487.012207 -804 -38.756557 ) (1487.011597 -798 -38.756264 ) 
4 28 35 (1487.012207 -804 -38.756557 ) (1491.058838 -804 -41.117809 ) (1491.058838 -798 -41.117836 ) (1487.011597 -798 -38.756264 ) 
4 28 32 (1494.595215 -804 -43.181309 ) (1495.998291 -804 -44 ) (1495.998291 -798 -44 ) (1494.595215 -798 -43.181316 ) 
4 28 30 (1491.058838 -804 -41.117809 ) (1494.595215 -804 -43.181309 ) (1494.595215 -798 -43.181316 ) (1491.058838 -798 -41.117836 ) 
4 28 42 (1488.194458 -798 -44 ) (1496 -798 -44 ) (1496 -804 -44 ) (1488.194458 -804 -44 ) 
5 29 44 (1517 -804 -13.002540 ) (1517 -804 -13 ) (1513 -804 -8 ) (1483 -804 -8 ) (1483.652954 -804 -13.002535 ) 
6 29 43 (1517 -804 -27 ) (1517 -804 -13.002540 ) (1483.652954 -804 -13.002535 ) (1486 -804 -31.001440 ) (1487 -804 -33 ) (1498.998657 -804 -40.001049 ) 
4 29 37 (1486 -804 -31.001225 ) (1483 -804 -8 ) (1483 -798 -8 ) (1486 -798 -31 ) 
4 29 34 (1487 -804 -33.001019 ) (1486.001465 -804 -31.002789 ) (1486 -798 -31.001411 ) (1487 -798 -33 ) 
4 29 31 (1498.998657 -798 -40 ) (1517 -798 -27 ) (1517 -804 -27 ) (1498.998047 -804 -40 ) 
4 29 41 (1517 -804 -12.998525 ) (1517 -798 -12.998525 ) (1513.001221 -798 -8 ) (1513.001221 -804 -8 ) 
4 29 30 (1487 -804 -33.001228 ) (1487 -798 -33 ) (1499.002686 -798 -40.003792 ) (1499.002197 -804 -40.004181 ) 
4 30 43 (1487 -804 -33 ) (1491.058105 -804 -41.116451 ) (1494.595947 -804 -43.180779 ) (1498.998657 -804 -40.001049 ) 
4 30 35 (1491.058228 -798 -41.116550 ) (1491.058228 -804 -41.116550 ) (1487 -804 -33.001019 ) (1487 -798 -33 ) 
4 30 32 (1494.596191 -804 -43.179878 ) (1494.596191 -798 -43.179878 ) (1498.998657 -798 -40 ) (1498.998047 -804 -40 ) 
4 31 43 (1503.702393 -804 -42.745422 ) (1517 -804 -32.946411 ) (1517 -804 -27 ) (1498.998657 -804 -40.001049 ) 
4 31 33 (1499.002197 -804 -40.004181 ) (1499.002686 -798 -40.003792 ) (1503.701538 -798 -42.745056 ) (1503.701416 -804 -42.745670 ) 
6 32 43 (1496 -804 -44 ) (1502 -804 -44 ) (1502 -804 -44 ) (1499.004883 -804 -40.004688 ) (1498.998657 -804 -40.001049 ) (1494.595947 -804 -43.180779 ) 
4 32 42 (1496 -798 -44 ) (1502 -798 -44 ) (1502 -804 -44 ) (1496 -804 -44 ) 
4 32 33 (1499.004517 -798 -40 ) (1499.007813 -804 -40.003494 ) (1502.003296 -804 -43.997509 ) (1502.002197 -798 -43.997829 ) 
3 33 43 (1502 -804 -44 ) (1503.702393 -804 -42.745422 ) (1499.004883 -804 -40.004688 ) 
3 34 43 (1486 -804 -31.001440 ) (1486.200684 -804 -32.534317 ) (1487 -804 -33 ) 
4 34 38 (1486.200562 -804 -32.534275 ) (1486 -804 -31.001225 ) (1486 -798 -31 ) (1486.199829 -798 -32.533150 ) 
4 34 36 (1487 -798 -33 ) (1487 -804 -33 ) (1486.200439 -804 -32.533989 ) (1486.199829 -798 -32.532909 ) 
4 35 43 (1486.370850 -804 -33.839069 ) (1487.012085 -804 -38.755619 ) (1491.058105 -804 -41.116451 ) (1487 -804 -33 ) 
4 35 40 (1487.011230 -798 -38.753658 ) (1487.011841 -804 -38.753979 ) (1486.370728 -804 -33.839054 ) (1486.370117 -798 -33.838955 ) 
4 35 36 (1486.370117 -798 -33.837933 ) (1486.370605 -804 -33.837952 ) (1486.998047 -804 -33.002266 ) (1486.998047 -798 -33.001564 ) 
3 36 43 (1486.200684 -804 -32.534317 ) (1486.370850 -804 -33.839069 ) (1487 -804 -33 ) 
4 36 38 (1486.370728 -804 -33.839054 ) (1486.200562 -804 -32.534275 ) (1486.199829 -798 -32.533150 ) (1486.370117 -798 -33.838955 ) 
4 37 44 (1483 -804 -8 ) (1478 -804 -8 ) (1478.625244 -804 -13.002556 ) (1483.652954 -804 -13.002535 ) 
4 37 43 (1478.625244 -804 -13.002556 ) (1479.166626 -804 -17.333298 ) (1486 -804 -31.001440 ) (1483.652954 -804 -13.002535 ) 
4 37 39 (1486 -798 -31.001411 ) (1486.001465 -804 -31.002789 ) (1479.166626 -804 -17.333225 ) (1479.167236 -798 -17.334524 ) 
6 38 43 (1481 -804 -32 ) (1483.994507 -804 -36.994873 ) (1484.001099 -804 -36.998714 ) (1486.370850 -804 -33.839024 ) (1486 -804 -31.001440 ) (1486 -804 -31 ) 
4 38 40 (1484 -804 -36.998306 ) (1484 -798 -36.998306 ) (1486.370117 -798 -33.838936 ) (1486.370605 -804 -33.838360 ) 
4 38 39 (1486 -804 -31 ) (1486 -798 -31 ) (1481 -798 -32 ) (1481 -804 -32 ) 
3 39 43 (1479.166626 -804 -17.333298 ) (1481 -804 -32 ) (1486 -804 -31 ) 
3 40 43 (1484.001099 -804 -36.998714 ) (1487.012085 -804 -38.755619 ) (1486.370850 -804 -33.839024 ) 
3 41 47 (1517 -804 -13 ) (1517 -804 -8 ) (1513 -804 -8 ) 
4 42 71 (1426 -798 -44 ) (1426 -798 -64 ) (1426 -804 -64 ) (1426 -804 -44 ) 
4 42 43 (1426 -804 -44 ) (1426 -804 -64 ) (1523 -804 -64 ) (1523 -804 -44 ) 
6 43 67 (1426 -834.001648 -32.998646 ) (1426 -822.001404 -39.998032 ) (1426 -819 -44 ) (1426 -825 -44 ) (1426 -837 -37 ) (1426 -837 -36.997612 ) 
4 43 66 (1426 -836.808289 -31.361618 ) (1426 -834.001648 -32.998646 ) (1426 -837 -36.997612 ) (1426 -840 -32 ) 
3 43 68 (1426 -840.337036 -29.303425 ) (1426 -836.808289 -31.361618 ) (1426 -840 -32 ) 
4 43 69 (1426 -822.001404 -39.998032 ) (1426 -817.291809 -42.745014 ) (1426 -818.994812 -44 ) (1426 -819 -44 ) 
3 43 65 (1426 -842.308167 -28.153734 ) (1426 -840.337036 -29.303425 ) (1426 -840 -32 ) 
4 43 64 (1426 -864 -21.249998 ) (1426 -864 -15.501556 ) (1426 -842.308167 -28.153734 ) (1426 -837 -37 ) 
3 43 62 (1426 -834.804443 -32.530441 ) (1426 -836.807983 -31.361853 ) (1426 -835.003906 -31.001091 ) 
5 43 61 (1426 -836.807983 -31.361853 ) (1426 -840.337036 -29.303444 ) (1426 -841.834351 -17.324921 ) (1426 -835.006226 -30.983181 ) (1426 -835.003906 -31.001091 ) 
3 43 60 (1426 -833.997375 -33.001160 ) (1426 -834.804443 -32.530441 ) (1426 -835.006226 -30.983181 ) 
4 43 59 (1426 -843 -8 ) (1426 -838.003967 -8 ) (1426 -835.006226 -30.983181 ) (1426 -841.834351 -17.324921 ) 
7 43 58 (1426 -838.003967 -8 ) (1426 -808.002014 -8 ) (1426 -804 -13.002541 ) (1426 -804 -26.997063 ) (1426 -822.001160 -39.998192 ) (1426 -833.997375 -33.001160 ) (1426 -835.006226 -30.983181 ) 
4 43 57 (1426 -864 -15.501556 ) (1426 -864 -8 ) (1426 -843 -8 ) (1426 -840.337036 -29.303444 ) 
4 43 63 (1426 -804 -26.997063 ) (1426 -804 -32.949871 ) (1426 -817.291809 -42.745014 ) (1426 -822.001160 -39.998192 ) 
3 43 56 (1426 -804 -32.949871 ) (1426 -804 -44 ) (1426 -818.994812 -44 ) 
3 43 55 (1426 -864 -44 ) (1426 -864 -21.249998 ) (1426 -825 -44 ) 
4 43 71 (1426 -864 -64 ) (1426 -864 -44 ) (1426 -804 -44 ) (1426 -804 -64 ) 
4 43 47 (1522.996826 -804 -13.003906 ) (1517.003174 -804 -13.003906 ) (1513 -808.003113 -8 ) (1527 -808.003113 -8 ) 
4 43 46 (1680 -804 -13.003906 ) (1522.996826 -804 -13.003906 ) (1527 -808.003113 -8 ) (1680 -808.003113 -8 ) 
3 43 45 (1426 -804.003113 -13 ) (1426 -808.003113 -8 ) (1430 -808.003113 -8 ) 
5 43 44 (1517.003174 -804 -13.003906 ) (1426 -804 -13.003906 ) (1426 -804.003113 -13 ) (1430 -808.003113 -8 ) (1513 -808.003113 -8 ) 
3 44 47 (1512.997559 -808.006287 -8 ) (1517.003906 -804 -13.007813 ) (1512.997681 -804 -8 ) 
3 44 45 (1426 -804 -13.003906 ) (1430.003174 -808.003113 -8 ) (1430.003174 -804 -8 ) 
3 45 70 (1426 -808.002014 -8 ) (1426 -804 -8 ) (1426 -804 -13.002541 ) 
3 46 47 (1527.003906 -804 -8 ) (1522.998047 -804 -13.001978 ) (1527 -808.001587 -8 ) 
4 48 81 (1426 -640 -64 ) (1426 -768 -64 ) (1422 -768 -64 ) (1422 -640 -64 ) 
4 48 73 (1420 -794 -8 ) (1420 -608 -8 ) (1420 -608 -13 ) (1420 -798 -13 ) 
4 48 72 (1420 -608 -13 ) (1420 -608 -64 ) (1420 -798 -64 ) (1420 -798 -13 ) 
4 48 53 (1420 -798 -13 ) (1420 -798 -27 ) (1426 -798 -27.003046 ) (1426 -798 -13 ) 
4 48 51 (1420 -798 -27 ) (1420 -798 -28.528431 ) (1426 -798 -28.528278 ) (1426 -798 -27.003046 ) 
4 48 50 (1420 -798 -28.528431 ) (1420 -798 -44 ) (1426 -798 -44 ) (1426 -798 -28.528278 ) 
4 48 71 (1420 -798 -44 ) (1420 -798 -64 ) (1426 -798 -64 ) (1426 -798 -44 ) 
4 48 49 (1420 -794 -8 ) (1420 -798 -13.001911 ) (1426 -798 -13.001911 ) (1426 -793.998474 -8 ) 
3 49 75 (1420 -798 -8 ) (1420 -794 -8 ) (1420 -798 -13 ) 
4 49 52 (1420 -798 -8 ) (1420 -798 -13 ) (1426 -798 -13 ) (1426 -798 -8 ) 
4 50 72 (1420 -798 -28.528418 ) (1420 -798 -44 ) (1420 -804 -44 ) (1420 -804 -32.950012 ) 
4 50 56 (1420 -804 -32.950012 ) (1420 -804 -44 ) (1426 -804 -44 ) (1426 -804 -32.949860 ) 
4 50 54 (1420 -800.005066 -30.007544 ) (1420 -804 -32.951607 ) (1426 -804 -32.951485 ) (1426 -800 -30.004341 ) 
4 50 51 (1426 -798 -28.529758 ) (1420 -798 -28.529881 ) (1420 -800.005066 -30.007544 ) (1426 -800 -30.004341 ) 
4 50 71 (1420 -804 -44 ) (1420 -798 -44 ) (1426 -798 -44 ) (1426 -804 -44 ) 
3 51 72 (1420 -798 -27 ) (1420 -798 -28.528418 ) (1420 -800.003113 -30.004585 ) 
4 51 54 (1420 -799.996399 -29.997644 ) (1426 -799.992126 -29.994390 ) (1426 -798 -27.006201 ) (1420 -798 -27.003080 ) 
4 52 75 (1420 -804 -8 ) (1420 -798 -8 ) (1420 -798 -13 ) (1420 -804 -13 ) 
4 52 70 (1420 -804 -8 ) (1420 -804 -13 ) (1426 -804 -13 ) (1426 -804 -8 ) 
4 52 53 (1426 -804 -13 ) (1420 -804 -13 ) (1420 -798 -13 ) (1426 -798 -13 ) 
4 53 72 (1420 -798 -13 ) (1420 -798 -27 ) (1420 -804 -27 ) (1420 -804 -13 ) 
4 53 58 (1420 -804 -13 ) (1420 -804 -27 ) (1426 -804 -27 ) (1426 -804 -13 ) 
5 53 54 (1426 -804 -27 ) (1420 -804 -27 ) (1420 -798.001831 -27 ) (1425.246094 -798 -27 ) (1426 -798 -27 ) 
4 54 72 (1420 -798 -27 ) (1420 -800.003113 -30.004585 ) (1420 -804 -32.950012 ) (1420 -804 -27 ) 
4 54 63 (1420 -804 -27 ) (1420 -804 -32.950012 ) (1426 -804 -32.949860 ) (1426 -804 -27 ) 
3 55 72 (1420 -864 -44 ) (1420 -864 -21.249998 ) (1420 -825 -44 ) 
4 55 67 (1426 -824.997803 -44 ) (1420 -824.997803 -44 ) (1420 -836.998596 -37 ) (1426 -837 -36.998322 ) 
4 55 64 (1420 -836.998596 -37 ) (1420 -864 -21.248722 ) (1426 -864 -21.248295 ) (1426 -837 -36.998322 ) 
4 55 71 (1420 -864 -44 ) (1420 -825 -44 ) (1426 -825 -44 ) (1426 -864 -44 ) 
3 56 72 (1420 -804 -32.950020 ) (1420 -804 -44 ) (1420 -818.994568 -44 ) 
4 56 69 (1420 -817.292725 -42.746826 ) (1420 -818.993286 -44 ) (1426 -818.993469 -44 ) (1426 -817.291077 -42.745449 ) 
4 56 63 (1426 -804 -32.950897 ) (1420 -804 -32.951019 ) (1420 -817.292725 -42.746826 ) (1426 -817.291077 -42.745449 ) 
4 56 71 (1420 -818.994568 -44 ) (1420 -804 -44 ) (1426 -804 -44 ) (1426 -818.994812 -44 ) 
4 57 74 (1420 -864 -13 ) (1420 -864 -8 ) (1420 -843 -8 ) (1420 -842.375000 -13 ) 
4 57 72 (1420 -864 -15.503923 ) (1420 -864 -13 ) (1420 -842.375000 -13 ) (1420 -840.336731 -29.305958 ) 
4 57 65 (1420 -842.303284 -28.160011 ) (1420 -840.336609 -29.307096 ) (1426 -840.336914 -29.304546 ) (1426 -842.307190 -28.155342 ) 
4 57 64 (1420 -864 -15.505014 ) (1420 -842.303284 -28.160011 ) (1426 -842.307190 -28.155342 ) (1426 -864 -15.502607 ) 
4 57 61 (1426 -840.336792 -29.303965 ) (1420 -840.336487 -29.306499 ) (1420 -841.834106 -17.325813 ) (1426 -841.834106 -17.325455 ) 
4 57 59 (1420 -841.834106 -17.325813 ) (1420 -843 -8 ) (1426 -843 -8 ) (1426 -841.834106 -17.325455 ) 
4 58 74 (1420 -838.004089 -8 ) (1420 -808.002014 -8 ) (1420 -804.002014 -13 ) (1420 -837.351929 -13 ) 
7 58 72 (1420 -804.002014 -13 ) (1420 -804 -13.002541 ) (1420 -804 -26.995783 ) (1420 -822.003906 -39.998928 ) (1420 -833.995972 -33.004333 ) (1420 -835.006348 -30.983335 ) (1420 -837.351929 -13 ) 
4 58 67 (1420 -833.995178 -33.005848 ) (1420 -822.004700 -40 ) (1426 -822.001892 -39.998772 ) (1426 -833.996704 -33.002571 ) 
4 58 60 (1420 -833.998108 -33.003105 ) (1426 -834 -33 ) (1426 -835.005676 -30.987484 ) (1420 -835.005798 -30.987518 ) 
4 58 63 (1426 -821.998657 -39.996372 ) (1420 -822.001465 -39.997093 ) (1420 -804 -26.995720 ) (1426 -804 -26.997013 ) 
4 58 70 (1426 -808.003906 -8 ) (1426 -804 -13.003906 ) (1420 -804 -13.003906 ) (1420 -808.003113 -8 ) 
4 58 59 (1420 -835.006409 -30.983170 ) (1426 -835.006287 -30.983082 ) (1426 -838.003967 -8 ) (1420 -838.004089 -8 ) 
4 59 74 (1420 -843 -8 ) (1420 -838.004089 -8 ) (1420 -837.351929 -13 ) (1420 -842.375000 -13 ) 
4 59 72 (1420 -837.351929 -13 ) (1420 -835.006348 -30.983335 ) (1420 -841.834351 -17.325268 ) (1420 -842.375000 -13 ) 
4 59 61 (1426 -835.005676 -30.987484 ) (1426 -841.833191 -17.330757 ) (1420 -841.833130 -17.331158 ) (1420 -835.005798 -30.987518 ) 
3 60 72 (1420 -833.995972 -33.004333 ) (1420 -834.804199 -32.532913 ) (1420 -835.006348 -30.983334 ) 
4 60 66 (1420 -834.804077 -32.534042 ) (1420 -833.995178 -33.005848 ) (1426 -833.996704 -33.002571 ) (1426 -834.804260 -32.531548 ) 
4 60 62 (1420 -834.804260 -32.532883 ) (1426 -834.804443 -32.530415 ) (1426 -835.006287 -30.983082 ) (1420 -835.006409 -30.983170 ) 
5 61 72 (1420 -836.811157 -31.362303 ) (1420 -840.336731 -29.305958 ) (1420 -841.834351 -17.325268 ) (1420 -835.006348 -30.983334 ) (1420 -835.004028 -31 ) 
4 61 68 (1420 -840.336609 -29.307096 ) (1420 -836.812500 -31.362577 ) (1426 -836.809265 -31.362116 ) (1426 -840.336914 -29.304546 ) 
4 61 62 (1420 -835.004028 -31 ) (1426 -835.003906 -31 ) (1426 -836.808228 -31.361717 ) (1420 -836.811462 -31.362167 ) 
3 62 72 (1420 -834.804199 -32.532913 ) (1420 -836.811157 -31.362303 ) (1420 -835.004028 -31 ) 
4 62 66 (1420 -836.812500 -31.362577 ) (1420 -834.804077 -32.534042 ) (1426 -834.804260 -32.531548 ) (1426 -836.809265 -31.362116 ) 
4 63 72 (1420 -804 -26.995783 ) (1420 -804 -32.950020 ) (1420 -817.293457 -42.746391 ) (1420 -822.003906 -39.998928 ) 
4 63 69 (1420 -822.004700 -40 ) (1420 -817.294006 -42.747112 ) (1426 -817.292297 -42.745747 ) (1426 -822.001892 -39.998772 ) 
4 64 72 (1420 -864 -21.249998 ) (1420 -864 -15.503923 ) (1420 -842.304260 -28.158386 ) (1420 -836.997375 -37.001514 ) 
4 64 66 (1426 -836.995544 -37.002583 ) (1420 -836.993774 -37.003620 ) (1420 -840 -31.992559 ) (1426 -840 -31.995096 ) 
4 64 65 (1420 -840 -31.992559 ) (1420 -842.301819 -28.158363 ) (1426 -842.305786 -28.153709 ) (1426 -840 -31.995096 ) 
3 65 72 (1420 -842.304260 -28.158386 ) (1420 -840.336731 -29.305986 ) (1420 -840 -31.997623 ) 
4 65 68 (1426 -840 -31.994627 ) (1420 -840 -31.992193 ) (1420 -840.336548 -29.305984 ) (1426 -840.336853 -29.303450 ) 
4 66 72 (1420 -836.810364 -31.362810 ) (1420 -834.001099 -33.001354 ) (1420 -837 -36.998634 ) (1420 -839.998596 -32 ) 
4 66 68 (1426 -836.809265 -31.361116 ) (1420 -836.811218 -31.362312 ) (1420 -839.998901 -32 ) (1426 -840 -32 ) 
4 66 67 (1426 -837.001587 -36.996475 ) (1420 -837 -36.997555 ) (1420 -834.002197 -33 ) (1426 -834.002808 -32.997997 ) 
6 67 72 (1420 -834.001099 -33.001354 ) (1420 -821.998291 -40.002213 ) (1420 -819 -44 ) (1420 -825 -44 ) (1420 -836.997375 -37.001514 ) (1420 -837 -36.998634 ) 
4 67 71 (1420 -825 -44 ) (1420 -818.994568 -44 ) (1426 -818.994812 -44 ) (1426 -825 -44 ) 
4 67 69 (1426 -819.001587 -44 ) (1420 -819.001587 -44 ) (1420 -822.001038 -40 ) (1426 -822.004150 -39.996517 ) 
4 68 72 (1420 -840.336731 -29.305986 ) (1420 -836.810364 -31.362810 ) (1420 -839.998596 -32 ) (1420 -840 -31.997623 ) 
4 69 72 (1420 -821.998291 -40.002213 ) (1420 -817.293457 -42.746391 ) (1420 -818.994568 -44 ) (1420 -819 -44 ) 
3 70 75 (1420 -808.002014 -8 ) (1420 -804 -8 ) (1420 -804 -13.002541 ) 
4 71 72 (1420 -864 -64 ) (1420 -864 -44 ) (1420 -798 -44 ) (1420 -798 -64 ) 
4 72 76 (1360 -640 -64 ) (1360 -768 -64 ) (1360 -768 -8 ) (1360 -640 -8 ) 
4 72 75 (1420 -804.002075 -13 ) (1420 -798 -13 ) (1416 -794 -8 ) (1416 -808.002075 -8 ) 
4 72 74 (1420 -864 -13 ) (1420 -804.002075 -13 ) (1416 -808.002075 -8 ) (1416 -864 -8 ) 
4 72 73 (1420 -798 -13 ) (1420 -608 -13 ) (1416 -608 -8 ) (1416 -794 -8 ) 
3 73 75 (1416 -793.996094 -8 ) (1420 -797.996094 -13 ) (1420 -793.996094 -8 ) 
3 74 75 (1420 -808 -8 ) (1420 -804 -13.001911 ) (1415.998413 -808.001587 -8 ) 
4 76 82 (1360 -640 -64 ) (1360 -768 -64 ) (1344 -768 -64 ) (1344 -640 -64 ) 
4 76 77 (1344 -640 -64 ) (1344 -768 -64 ) (1344 -768 64 ) (1344 -640 64 ) 
4 77 78 (1280 -608 -64 ) (1280 -800 -64 ) (1280 -800 64 ) (1280 -608 64 ) 
4 78 83 (1218 -746 -64 ) (1216 -746 -64 ) (1216 -662 -64 ) (1218 -662 -64 ) 
4 78 79 (1216 -640 -64 ) (1216 -768 -64 ) (1216 -768 64 ) (1216 -640 64 ) 
4 79 137 (1024 -640 -2 ) (1024 -640 -64 ) (1024 -768 -64 ) (1024 -768 -2 ) 
4 79 99 (1024 -640 0 ) (1024 -640 -2 ) (1024 -768 -2 ) (1024 -768 0 ) 
4 79 95 (1024 -768 64 ) (1024 -640 64 ) (1024 -640 0 ) (1024 -768 0 ) 
4 79 84 (1024 -768 -64 ) (1024 -640 -64 ) (1216 -640 -64 ) (1216 -768 -64 ) 
4 83 84 (1216 -746 -68 ) (1216 -746 -64 ) (1216 -662 -64 ) (1216 -662 -68 ) 
4 84 137 (1024 -768 -64 ) (1024 -640 -64 ) (1024 -640 -192 ) (1024 -768 -192 ) 
4 85 86 (128 -288 288 ) (128 -176 288 ) (384 -176 288 ) (384 -288 288 ) 
4 86 92 (128 -176 256 ) (384 -176 256 ) (384 -288 256 ) (128 -288 256 ) 
4 87 94 (448 -448 256 ) (192 -448 256 ) (192 -320 256 ) (448 -320 256 ) 
4 88 94 (320 -576 256 ) (320 -960 256 ) (192 -960 256 ) (192 -576 256 ) 
4 88 91 (192 -960 256 ) (320 -960 256 ) (320 -960 272 ) (192 -960 272 ) 
4 88 90 (192 -960 256 ) (192 -960 272 ) (192 -704 272 ) (192 -704 256 ) 
4 89 162 (0 -448 272 ) (0 -448 256 ) (0 -576 256 ) (0 -576 272 ) 
4 89 94 (0 -576 256 ) (0 -448 256 ) (192 -448 256 ) (192 -576 256 ) 
4 90 163 (0 -704 256 ) (0 -960 256 ) (0 -960 272 ) (0 -704 272 ) 
4 90 94 (0 -960 256 ) (0 -704 256 ) (192 -704 256 ) (192 -960 256 ) 
4 91 307 (192 -1024 272 ) (192 -1024 256 ) (320 -1024 256 ) (320 -1024 272 ) 
4 91 94 (320 -1024 256 ) (192 -1024 256 ) (192 -960 256 ) (320 -960 256 ) 
4 92 94 (128 -320 128 ) (384 -320 128 ) (384 -320 256 ) (128 -320 256 ) 
4 93 94 (448 -320 256 ) (448 -320 128 ) (448 -704 128 ) (448 -704 256 ) 
4 94 308 (448 -1024 256 ) (0 -1024 256 ) (0 -1024 128 ) (448 -1024 128 ) 
4 94 174 (0 -1024 128 ) (0 -1024 256 ) (0 -704 256 ) (0 -704 128 ) 
4 94 173 (0 -704 256 ) (0 -640 256 ) (0 -640 128 ) (0 -704 128 ) 
4 94 172 (0 -640 256 ) (0 -576 256 ) (0 -576 128 ) (0 -640 128 ) 
4 94 171 (0 -576 256 ) (0 -448 256 ) (0 -448 128 ) (0 -576 128 ) 
4 94 170 (0 -448 256 ) (0 -320 256 ) (0 -320 128 ) (0 -448 128 ) 
4 94 96 (448 -1024 128 ) (0 -1024 128 ) (0 -320 128 ) (448 -320 128 ) 
4 95 99 (960 -768 0 ) (960 -640 0 ) (1024 -640 0 ) (1024 -768 0 ) 
4 96 308 (448 -1024 128 ) (0 -1024 128 ) (0 -1024 0 ) (448 -1024 0 ) 
4 96 188 (0 -1024 0 ) (0 -1024 128 ) (0 -320 128 ) (0 -320 0 ) 
4 96 135 (64 -1024 0 ) (0 -1024 0 ) (0 -768 0 ) (64 -768 0 ) 
4 96 133 (0 -640 0 ) (0 -512 0 ) (64 -512 0 ) (64 -640 0 ) 
4 96 131 (128 -1024 0 ) (64 -1024 0 ) (64 -960 0 ) (128 -960 0 ) 
4 96 129 (64 -832 0 ) (64 -768 0 ) (128 -768 0 ) (128 -832 0 ) 
4 96 127 (64 -512 0 ) (64 -384 0 ) (128 -384 0 ) (128 -512 0 ) 
4 96 125 (192 -1024 0 ) (128 -1024 0 ) (128 -960 0 ) (192 -960 0 ) 
4 96 123 (128 -832 0 ) (128 -768 0 ) (192 -768 0 ) (192 -832 0 ) 
4 96 121 (256 -1024 0 ) (192 -1024 0 ) (192 -960 0 ) (256 -960 0 ) 
4 96 119 (192 -896 0 ) (192 -832 0 ) (256 -832 0 ) (256 -896 0 ) 
4 96 117 (192 -640 0 ) (192 -576 0 ) (256 -576 0 ) (256 -640 0 ) 
4 96 115 (192 -512 0 ) (192 -448 0 ) (256 -448 0 ) (256 -512 0 ) 
4 96 113 (320 -1024 0 ) (256 -1024 0 ) (256 -896 0 ) (320 -896 0 ) 
4 96 111 (256 -640 0 ) (256 -384 0 ) (320 -384 0 ) (320 -640 0 ) 
4 96 109 (320 -896 0 ) (320 -768 0 ) (384 -768 0 ) (384 -896 0 ) 
4 96 107 (320 -640 0 ) (320 -576 0 ) (384 -576 0 ) (384 -640 0 ) 
4 96 105 (320 -448 0 ) (320 -384 0 ) (384 -384 0 ) (384 -448 0 ) 
4 97 139 (960 -640 -2 ) (768 -640 -2 ) (768 -608 -2 ) (960 -608 -2 ) 
4 97 99 (768 -640 -2 ) (960 -640 -2 ) (960 -640 0 ) (768 -640 0 ) 
4 98 141 (576 -640 -2 ) (544 -640 -2 ) (544 -608 -2 ) (576 -608 -2 ) 
4 98 99 (544 -640 0 ) (544 -640 -2 ) (576 -640 -2 ) (576 -640 0 ) 
4 99 147 (960 -768 -2 ) (544 -768 -2 ) (544 -736 -2 ) (960 -736 -2 ) 
4 99 144 (544 -736 -2 ) (544 -672 -2 ) (960 -672 -2 ) (960 -736 -2 ) 
4 99 142 (544 -672 -2 ) (544 -660 -2 ) (960 -660 -2 ) (960 -672 -2 ) 
4 99 141 (544 -660 -2 ) (544 -640 -2 ) (576 -640 -2 ) (576 -660 -2 ) 
4 99 140 (576 -640 -2 ) (768 -640 -2 ) (768 -660 -2 ) (576 -660 -2 ) 
4 99 139 (768 -640 -2 ) (960 -640 -2 ) (960 -660 -2 ) (768 -660 -2 ) 
4 99 137 (1024 -640 -2 ) (1024 -768 -2 ) (960 -768 -2 ) (960 -640 -2 ) 
4 99 104 (544 -736 -2 ) (544 -748 -2 ) (544 -748 0 ) (544 -736 0 ) 
4 99 103 (544 -672 -2 ) (544 -736 -2 ) (544 -736 0 ) (544 -672 0 ) 
4 99 102 (544 -660 -2 ) (544 -672 -2 ) (544 -672 0 ) (544 -660 0 ) 
4 99 100 (952 -768 -2 ) (960 -768 -2 ) (960 -768 0 ) (952 -768 0 ) 
4 99 101 (576 -768 -2 ) (760 -768 -2 ) (760 -768 0 ) (576 -768 0 ) 
4 100 148 (960 -800 -2 ) (952 -800 -2 ) (952 -768 -2 ) (960 -768 -2 ) 
4 101 149 (760 -800 -2 ) (576 -800 -2 ) (576 -768 -2 ) (760 -768 -2 ) 
4 102 142 (544 -660 -2 ) (544 -672 -2 ) (520 -672 -2 ) (520 -660 -2 ) 
4 102 103 (520 -672 -2 ) (544 -672 -2 ) (544 -672 0 ) (520 -672 0 ) 
4 103 144 (544 -672 -2 ) (544 -736 -2 ) (520 -736 -2 ) (520 -672 -2 ) 
4 103 104 (520 -736 -2 ) (544 -736 -2 ) (544 -736 0 ) (520 -736 0 ) 
4 104 150 (544 -736 -2 ) (544 -748 -2 ) (520 -748 -2 ) (520 -736 -2 ) 
4 105 111 (320 -448 -1 ) (320 -448 0 ) (320 -384 0 ) (320 -384 -1 ) 
4 105 106 (384 -448 -1 ) (320 -448 -1 ) (320 -384 -1 ) (384 -384 -1 ) 
4 106 156 (384 -384 -2 ) (384 -448 -2 ) (320 -448 -2 ) (320 -384 -2 ) 
4 106 112 (320 -384 -2 ) (320 -448 -2 ) (320 -448 -1 ) (320 -384 -1 ) 
4 107 111 (320 -640 -1 ) (320 -640 0 ) (320 -576 0 ) (320 -576 -1 ) 
4 107 108 (384 -640 -1 ) (320 -640 -1 ) (320 -576 -1 ) (384 -576 -1 ) 
4 108 156 (384 -576 -2 ) (384 -640 -2 ) (320 -640 -2 ) (320 -576 -2 ) 
4 108 112 (320 -576 -2 ) (320 -640 -2 ) (320 -640 -1 ) (320 -576 -1 ) 
4 109 110 (384 -896 -1 ) (320 -896 -1 ) (320 -768 -1 ) (384 -768 -1 ) 
4 110 156 (384 -768 -2 ) (384 -896 -2 ) (320 -896 -2 ) (320 -768 -2 ) 
4 111 117 (256 -640 -1 ) (256 -640 0 ) (256 -576 0 ) (256 -576 -1 ) 
4 111 115 (256 -512 0 ) (256 -448 0 ) (256 -448 -1 ) (256 -512 -1 ) 
4 111 112 (320 -640 -1 ) (256 -640 -1 ) (256 -384 -1 ) (320 -384 -1 ) 
4 112 156 (320 -384 -2 ) (320 -640 -2 ) (256 -640 -2 ) (256 -384 -2 ) 
4 112 118 (256 -576 -2 ) (256 -640 -2 ) (256 -640 -1 ) (256 -576 -1 ) 
4 112 116 (256 -448 -2 ) (256 -512 -2 ) (256 -512 -1 ) (256 -448 -1 ) 
4 113 121 (256 -1024 -1 ) (256 -1024 0 ) (256 -960 0 ) (256 -960 -1 ) 
4 113 114 (256 -1024 -1 ) (256 -896 -1 ) (320 -896 -1 ) (320 -1024 -1 ) 
4 114 156 (320 -896 -2 ) (320 -1024 -2 ) (256 -1024 -2 ) (256 -896 -2 ) 
4 114 122 (256 -960 -2 ) (256 -1024 -2 ) (256 -1024 -1 ) (256 -960 -1 ) 
4 115 116 (256 -512 -1 ) (192 -512 -1 ) (192 -448 -1 ) (256 -448 -1 ) 
4 116 158 (252 -512 -2 ) (192 -512 -2 ) (192 -448 -2 ) (252 -448 -2 ) 
4 116 156 (256 -448 -2 ) (256 -512 -2 ) (252 -512 -2 ) (252 -448 -2 ) 
4 117 118 (256 -640 -1 ) (192 -640 -1 ) (192 -576 -1 ) (256 -576 -1 ) 
4 118 158 (252 -640 -2 ) (192 -640 -2 ) (192 -576 -2 ) (252 -576 -2 ) 
4 118 156 (256 -576 -2 ) (256 -640 -2 ) (252 -640 -2 ) (252 -576 -2 ) 
4 119 120 (256 -896 -1 ) (192 -896 -1 ) (192 -832 -1 ) (256 -832 -1 ) 
4 120 158 (252 -896 -2 ) (192 -896 -2 ) (192 -832 -2 ) (252 -832 -2 ) 
4 120 156 (256 -832 -2 ) (256 -896 -2 ) (252 -896 -2 ) (252 -832 -2 ) 
4 121 125 (192 -1024 -1 ) (192 -1024 0 ) (192 -960 0 ) (192 -960 -1 ) 
4 121 122 (192 -1024 -1 ) (192 -960 -1 ) (256 -960 -1 ) (256 -1024 -1 ) 
4 122 158 (252 -1024 -2 ) (192 -1024 -2 ) (192 -960 -2 ) (252 -960 -2 ) 
4 122 156 (256 -960 -2 ) (256 -1024 -2 ) (252 -1024 -2 ) (252 -960 -2 ) 
4 122 126 (192 -960 -2 ) (192 -1024 -2 ) (192 -1024 -1 ) (192 -960 -1 ) 
4 123 129 (128 -832 -1 ) (128 -832 0 ) (128 -768 0 ) (128 -768 -1 ) 
4 123 124 (192 -832 -1 ) (128 -832 -1 ) (128 -768 -1 ) (192 -768 -1 ) 
4 124 158 (192 -768 -2 ) (192 -832 -2 ) (128 -832 -2 ) (128 -768 -2 ) 
4 124 130 (128 -768 -2 ) (128 -832 -2 ) (128 -832 -1 ) (128 -768 -1 ) 
4 125 131 (128 -1024 -1 ) (128 -1024 0 ) (128 -960 0 ) (128 -960 -1 ) 
4 125 126 (128 -1024 -1 ) (128 -960 -1 ) (192 -960 -1 ) (192 -1024 -1 ) 
4 126 158 (192 -960 -2 ) (192 -1024 -2 ) (128 -1024 -2 ) (128 -960 -2 ) 
4 126 132 (128 -960 -2 ) (128 -1024 -2 ) (128 -1024 -1 ) (128 -960 -1 ) 
4 127 128 (128 -512 -1 ) (64 -512 -1 ) (64 -384 -1 ) (128 -384 -1 ) 
4 128 158 (128 -384 -2 ) (128 -512 -2 ) (64 -512 -2 ) (64 -384 -2 ) 
4 129 135 (64 -832 -1 ) (64 -832 0 ) (64 -768 0 ) (64 -768 -1 ) 
4 129 130 (128 -832 -1 ) (64 -832 -1 ) (64 -768 -1 ) (128 -768 -1 ) 
4 130 158 (128 -768 -2 ) (128 -832 -2 ) (64 -832 -2 ) (64 -768 -2 ) 
4 130 136 (64 -768 -2 ) (64 -832 -2 ) (64 -832 -1 ) (64 -768 -1 ) 
4 131 135 (64 -1024 -1 ) (64 -1024 0 ) (64 -960 0 ) (64 -960 -1 ) 
4 131 132 (64 -1024 -1 ) (64 -960 -1 ) (128 -960 -1 ) (128 -1024 -1 ) 
4 132 158 (128 -960 -2 ) (128 -1024 -2 ) (64 -1024 -2 ) (64 -960 -2 ) 
4 132 136 (64 -960 -2 ) (64 -1024 -2 ) (64 -1024 -1 ) (64 -960 -1 ) 
4 133 192 (0 -640 0 ) (0 -576 0 ) (0 -576 -1 ) (0 -640 -1 ) 
4 133 134 (64 -640 -1 ) (0 -640 -1 ) (0 -512 -1 ) (64 -512 -1 ) 
4 134 193 (0 -576 -2 ) (0 -640 -2 ) (0 -640 -1 ) (0 -576 -1 ) 
4 134 158 (64 -512 -2 ) (64 -640 -2 ) (0 -640 -2 ) (0 -512 -2 ) 
4 135 196 (0 -1024 -1 ) (0 -1024 0 ) (0 -960 0 ) (0 -960 -1 ) 
4 135 194 (0 -896 0 ) (0 -832 0 ) (0 -832 -1 ) (0 -896 -1 ) 
4 135 136 (0 -768 -1 ) (64 -768 -1 ) (64 -1024 -1 ) (0 -1024 -1 ) 
4 136 197 (0 -1024 -2 ) (0 -1024 -1 ) (0 -960 -1 ) (0 -960 -2 ) 
4 136 195 (0 -896 -1 ) (0 -832 -1 ) (0 -832 -2 ) (0 -896 -2 ) 
4 136 158 (64 -768 -2 ) (64 -1024 -2 ) (0 -1024 -2 ) (0 -768 -2 ) 
4 137 147 (960 -768 -2 ) (960 -736 -2 ) (960 -736 -192 ) (960 -768 -192 ) 
4 137 144 (960 -736 -2 ) (960 -672 -2 ) (960 -672 -192 ) (960 -736 -192 ) 
4 137 142 (960 -672 -2 ) (960 -660 -2 ) (960 -660 -192 ) (960 -672 -192 ) 
4 137 139 (960 -660 -2 ) (960 -640 -2 ) (960 -640 -192 ) (960 -660 -192 ) 
4 137 138 (960 -748 -192 ) (960 -664 -192 ) (1008 -664 -192 ) (1008 -748 -192 ) 
4 138 147 (960 -748 -192 ) (960 -736 -192 ) (960 -736 -224 ) (960 -748 -224 ) 
4 138 146 (960 -672 -196 ) (960 -672 -224 ) (960 -736 -224 ) (960 -736 -196 ) 
4 138 144 (960 -736 -192 ) (960 -672 -192 ) (960 -672 -196 ) (960 -736 -196 ) 
4 138 143 (960 -664 -196 ) (960 -664 -224 ) (960 -672 -224 ) (960 -672 -196 ) 
4 138 142 (960 -672 -192 ) (960 -664 -192 ) (960 -664 -196 ) (960 -672 -196 ) 
4 139 143 (768 -660 -448 ) (960 -660 -448 ) (960 -660 -196 ) (768 -660 -196 ) 
4 139 142 (960 -660 -196 ) (960 -660 -2 ) (768 -660 -2 ) (768 -660 -196 ) 
4 139 140 (768 -640 -448 ) (768 -660 -448 ) (768 -660 -2 ) (768 -640 -2 ) 
4 140 143 (576 -660 -448 ) (768 -660 -448 ) (768 -660 -196 ) (576 -660 -196 ) 
4 140 142 (768 -660 -196 ) (768 -660 -2 ) (576 -660 -2 ) (576 -660 -196 ) 
4 140 141 (576 -640 -448 ) (576 -660 -448 ) (576 -660 -2 ) (576 -640 -2 ) 
4 141 143 (544 -660 -448 ) (576 -660 -448 ) (576 -660 -196 ) (544 -660 -196 ) 
4 141 142 (576 -660 -196 ) (576 -660 -2 ) (544 -660 -2 ) (544 -660 -196 ) 
4 142 144 (520 -672 -196 ) (960 -672 -196 ) (960 -672 -2 ) (520 -672 -2 ) 
4 142 143 (960 -672 -196 ) (544 -672 -196 ) (544 -660 -196 ) (960 -660 -196 ) 
4 143 146 (544 -672 -448 ) (960 -672 -448 ) (960 -672 -196 ) (544 -672 -196 ) 
4 144 150 (520 -736 -196 ) (544 -736 -196 ) (544 -736 -2 ) (520 -736 -2 ) 
4 144 147 (544 -736 -196 ) (960 -736 -196 ) (960 -736 -2 ) (544 -736 -2 ) 
4 144 146 (960 -736 -196 ) (544 -736 -196 ) (544 -672 -196 ) (960 -672 -196 ) 
4 144 145 (520 -672 -64 ) (520 -672 -192 ) (520 -736 -192 ) (520 -736 -64 ) 
4 145 151 (512 -672 -64 ) (512 -672 -192 ) (512 -736 -192 ) (512 -736 -64 ) 
4 146 147 (544 -736 -448 ) (960 -736 -448 ) (960 -736 -196 ) (544 -736 -196 ) 
4 147 150 (544 -736 -2 ) (544 -736 -196 ) (544 -748 -196 ) (544 -748 -2 ) 
4 147 148 (952 -768 -448 ) (960 -768 -448 ) (960 -768 -2 ) (952 -768 -2 ) 
4 147 149 (576 -768 -448 ) (760 -768 -448 ) (760 -768 -2 ) (576 -768 -2 ) 
4 151 309 (512 -1024 -8 ) (512 -1024 -2 ) (464 -1024 -2 ) (464 -1024 -8 ) 
4 151 311 (512 -1024 -318.878998 ) (512 -1024 -8 ) (464 -1024 -8 ) (464 -1024 -318.878998 ) 
4 151 154 (512 -368 -318.878998 ) (512 -1024 -318.878998 ) (464 -1024 -318.878998 ) (464 -368 -318.878998 ) 
4 151 152 (464 -368 -318.878998 ) (464 -1024 -318.878998 ) (464 -1024 -2 ) (464 -368 -2 ) 
4 152 309 (464 -1024 -2 ) (456 -1024 -2 ) (456 -1024 -8 ) (464 -1024 -8 ) 
4 152 311 (456 -1024 -8 ) (456 -1024 -318.878998 ) (464 -1024 -318.878998 ) (464 -1024 -8 ) 
4 152 155 (456 -320 -2 ) (456 -320 -8 ) (456 -1024 -8 ) (456 -1024 -2 ) 
4 152 157 (456 -320 -8 ) (456 -320 -318.878998 ) (456 -1024 -318.878998 ) (456 -1024 -8 ) 
4 152 153 (456 -352 -318.878998 ) (456 -320 -318.878998 ) (464 -320 -318.878998 ) (464 -352 -318.878998 ) 
4 152 154 (456 -1024 -318.878998 ) (456 -352 -318.878998 ) (464 -352 -318.878998 ) (464 -1024 -318.878998 ) 
4 153 157 (456 -320 -318.878998 ) (456 -320 -406.878021 ) (456 -352 -406.878021 ) (456 -352 -318.878998 ) 
4 153 154 (512 -352 -406.878021 ) (512 -352 -318.878998 ) (456 -352 -318.878998 ) (456 -352 -406.878021 ) 
4 154 311 (512 -1024 -1600 ) (512 -1024 -318.878998 ) (456 -1024 -318.878998 ) (456 -1024 -1600 ) 
4 154 157 (456 -352 -1600 ) (456 -1024 -1600 ) (456 -1024 -318.878998 ) (456 -352 -318.878998 ) 
4 155 309 (456 -1024 -8 ) (456 -1024 -2 ) (448 -1024 -2 ) (448 -1024 -8 ) 
4 155 157 (448 -320 -8 ) (456 -320 -8 ) (456 -1024 -8 ) (448 -1024 -8 ) 
4 155 156 (448 -320 -2 ) (448 -320 -8 ) (448 -1024 -8 ) (448 -1024 -2 ) 
4 156 310 (448 -1024 -2 ) (252 -1024 -2 ) (252 -1024 -8 ) (448 -1024 -8 ) 
4 156 158 (252 -320 -2 ) (252 -320 -8 ) (252 -1024 -8 ) (252 -1024 -2 ) 
4 156 157 (252 -1024 -8 ) (252 -320 -8 ) (448 -320 -8 ) (448 -1024 -8 ) 
4 157 311 (456 -1024 -1600 ) (456 -1024 -8 ) (252 -1024 -8 ) (252 -1024 -1600 ) 
4 157 161 (252 -320 -319.825012 ) (252 -320 -1600 ) (252 -1024 -1600 ) (252 -1024 -319.825012 ) 
4 157 160 (252 -328 -319.825012 ) (252 -1024 -319.825012 ) (252 -1024 -127.823997 ) (252 -328 -127.823997 ) 
4 157 159 (252 -320 -8 ) (252 -320 -127.823997 ) (252 -1024 -127.823997 ) (252 -1024 -8 ) 
4 158 310 (252 -1024 -8 ) (252 -1024 -2 ) (0 -1024 -2 ) (0 -1024 -8 ) 
4 158 249 (0 -1024 -8 ) (0 -1024 -2 ) (0 -320 -2 ) (0 -320 -8 ) 
4 158 159 (0 -1024 -8 ) (0 -320 -8 ) (252 -320 -8 ) (252 -1024 -8 ) 
4 159 311 (252 -1024 -127.823997 ) (252 -1024 -8 ) (0 -1024 -8 ) (0 -1024 -127.823997 ) 
4 159 250 (0 -1024 -127.823997 ) (0 -1024 -8 ) (0 -320 -8 ) (0 -320 -127.823997 ) 
4 159 160 (252 -328 -127.823997 ) (252 -1024 -127.823997 ) (0 -1024 -127.823997 ) (0 -328 -127.823997 ) 
4 160 311 (252 -1024 -319.825012 ) (252 -1024 -127.823997 ) (0 -1024 -127.823997 ) (0 -1024 -319.825012 ) 
4 160 250 (0 -1024 -319.825012 ) (0 -1024 -127.823997 ) (0 -328 -127.823997 ) (0 -328 -319.825012 ) 
4 160 161 (0 -1024 -319.825012 ) (0 -328 -319.825012 ) (252 -328 -319.825012 ) (252 -1024 -319.825012 ) 
4 161 311 (252 -1024 -1600 ) (252 -1024 -319.825012 ) (0 -1024 -319.825012 ) (0 -1024 -1600 ) 
4 161 250 (0 -1024 -1600 ) (0 -1024 -319.825012 ) (0 -320 -319.825012 ) (0 -320 -1600 ) 
4 162 171 (-64 -448 256 ) (0 -448 256 ) (0 -576 256 ) (-64 -576 256 ) 
4 162 164 (-64 -576 272 ) (-64 -448 272 ) (-64 -448 256 ) (-64 -576 256 ) 
4 163 174 (0 -704 256 ) (0 -960 256 ) (-64 -960 256 ) (-64 -704 256 ) 
4 163 164 (-64 -960 256 ) (-64 -960 272 ) (-64 -704 272 ) (-64 -704 256 ) 
4 164 174 (-576 -960 256 ) (-576 -704 256 ) (-64 -704 256 ) (-64 -960 256 ) 
4 164 173 (-576 -704 256 ) (-576 -640 256 ) (-64 -640 256 ) (-64 -704 256 ) 
4 164 172 (-576 -640 256 ) (-576 -576 256 ) (-64 -576 256 ) (-64 -640 256 ) 
4 164 171 (-576 -576 256 ) (-576 -448 256 ) (-64 -448 256 ) (-64 -576 256 ) 
4 165 170 (-160 -320 128 ) (-32 -320 128 ) (-32 -320 256 ) (-160 -320 256 ) 
4 165 166 (-160 -304 128 ) (-160 -320 128 ) (-160 -320 192 ) (-160 -304 192 ) 
4 166 185 (-160 -288 128 ) (-160 -320 128 ) (-352 -320 128 ) (-352 -288 128 ) 
4 166 179 (-160 -160 128 ) (-160 -288 128 ) (-352 -288 128 ) (-352 -160 128 ) 
4 166 170 (-352 -320 128 ) (-160 -320 128 ) (-160 -320 192 ) (-352 -320 192 ) 
4 166 167 (-352 -193 128 ) (-352 -287 128 ) (-352 -287 191 ) (-352 -193 191 ) 
4 167 181 (-352 -256 128 ) (-352 -287 128 ) (-354 -287 128 ) (-354 -256 128 ) 
4 167 180 (-352 -193 128 ) (-352 -256 128 ) (-354 -256 128 ) (-354 -193 128 ) 
4 168 170 (-640 -320 128 ) (-512 -320 128 ) (-512 -320 256 ) (-640 -320 256 ) 
4 169 304 (-1024 -256 128 ) (-1024 -320 128 ) (-1024 -320 192 ) (-1024 -256 192 ) 
4 169 187 (-768 -288 128 ) (-768 -320 128 ) (-1024 -320 128 ) (-1024 -288 128 ) 
4 169 183 (-768 -287 128 ) (-768 -288 128 ) (-1024 -288 128 ) (-1024 -287 128 ) 
4 169 182 (-768 -256 128 ) (-768 -287 128 ) (-1024 -287 128 ) (-1024 -256 128 ) 
4 169 176 (-1024 -320 128 ) (-768 -320 128 ) (-768 -320 192 ) (-1024 -320 192 ) 
5 170 188 (0 -320 128 ) (0 -448 128 ) (-696 -448 128 ) (-704 -384 128 ) (-704 -320 128 ) 
4 170 171 (-696 -448 128 ) (0 -448 128 ) (0 -448 256 ) (-696 -448 256 ) 
4 171 188 (0 -448 128 ) (0 -576 128 ) (-704 -576 128 ) (-704 -448 128 ) 
4 171 172 (-704 -576 128 ) (0 -576 128 ) (0 -576 256 ) (-692 -576 256 ) 
4 172 188 (0 -576 128 ) (0 -640 128 ) (-704 -640 128 ) (-704 -576 128 ) 
5 172 173 (-700 -640 128 ) (0 -640 128 ) (0 -640 256 ) (-692 -640 256 ) (-700 -640 170.666016 ) 
4 173 188 (0 -640 128 ) (0 -704 128 ) (-704 -704 128 ) (-700 -640 128 ) 
4 173 174 (-704 -704 128 ) (0 -704 128 ) (0 -704 256 ) (-704 -704 256 ) 
4 174 320 (0 -1024 128 ) (0 -1024 256 ) (-704 -1024 256 ) (-704 -1024 128 ) 
4 174 188 (0 -704 128 ) (0 -1024 128 ) (-704 -1024 128 ) (-704 -704 128 ) 
4 174 175 (-704 -704 256 ) (-704 -704 128 ) (-704 -960 128 ) (-704 -960 256 ) 
4 176 321 (-1024 -1024 192 ) (-1024 -1024 128 ) (-768 -1024 128 ) (-768 -1024 192 ) 
4 176 304 (-1024 -1024 128 ) (-1024 -1024 192 ) (-1024 -320 192 ) (-1024 -320 128 ) 
4 176 189 (-768 -1024 128 ) (-1024 -1024 128 ) (-1024 -320 128 ) (-768 -320 128 ) 
4 177 178 (-352 -142 128 ) (-352 -142 0 ) (-160 -142 0 ) (-160 -142 128 ) 
4 178 179 (-352 -143 128 ) (-352 -143 0 ) (-160 -143 0 ) (-160 -143 128 ) 
4 179 185 (-352 -288 0 ) (-160 -288 0 ) (-160 -288 128 ) (-352 -288 128 ) 
4 179 181 (-352 -287 128 ) (-352 -256 128 ) (-352 -256 1 ) (-352 -287 1 ) 
4 179 180 (-352 -256 1 ) (-352 -256 128 ) (-352 -193 128 ) (-352 -193 1 ) 
4 180 181 (-352 -256 1 ) (-352 -256 128 ) (-354 -256 128 ) (-354 -256 1 ) 
4 182 304 (-1024 -287 128 ) (-1024 -256 128 ) (-1024 -256 1 ) (-1024 -287 1 ) 
4 182 184 (-1024 -256 1 ) (-768 -256 1 ) (-768 -287 1 ) (-1024 -287 1 ) 
4 182 183 (-1024 -287 1 ) (-768 -287 1 ) (-768 -287 128 ) (-1024 -287 128 ) 
4 183 304 (-1024 -288 128 ) (-1024 -287 128 ) (-1024 -287 1 ) (-1024 -288 1 ) 
4 183 187 (-768 -288 128 ) (-1024 -288 128 ) (-1024 -288 1 ) (-768 -288 1 ) 
4 183 184 (-768 -288 1 ) (-1024 -288 1 ) (-1024 -287 1 ) (-768 -287 1 ) 
4 184 304 (-1024 -256 1 ) (-1024 -256 0 ) (-1024 -288 0 ) (-1024 -288 1 ) 
4 184 248 (-768 -288 0 ) (-1024 -288 0 ) (-1024 -256 0 ) (-768 -256 0 ) 
4 184 187 (-1024 -288 0 ) (-768 -288 0 ) (-768 -288 1 ) (-1024 -288 1 ) 
4 185 188 (-352 -320 0 ) (-160 -320 0 ) (-160 -320 128 ) (-352 -320 128 ) 
4 186 188 (-576 -320 0 ) (-512 -320 0 ) (-512 -320 64 ) (-576 -320 64 ) 
4 187 304 (-1024 -320 128 ) (-1024 -288 128 ) (-1024 -288 0 ) (-1024 -320 0 ) 
4 187 248 (-768 -320 0 ) (-1024 -320 0 ) (-1024 -288 0 ) (-768 -288 0 ) 
4 187 189 (-1024 -320 0 ) (-768 -320 0 ) (-768 -320 128 ) (-1024 -320 128 ) 
4 188 334 (-416 -1024 128 ) (-704 -1024 128 ) (-704 -1024 0 ) (-416 -1024 0 ) 
4 188 331 (-224 -1024 128 ) (-416 -1024 128 ) (-416 -1024 0 ) (-224 -1024 0 ) 
4 188 330 (-224 -1024 32 ) (-224 -1024 0 ) (-192 -1024 0 ) (-192 -1024 32 ) 
4 188 329 (-192 -1024 128 ) (-224 -1024 128 ) (-224 -1024 32 ) (-192 -1024 32 ) 
4 188 328 (0 -1024 0 ) (0 -1024 128 ) (-192 -1024 128 ) (-192 -1024 0 ) 
4 188 245 (-576 -1024 0 ) (-640 -1024 0 ) (-640 -960 0 ) (-576 -960 0 ) 
4 188 243 (-640 -832 0 ) (-640 -768 0 ) (-576 -768 0 ) (-576 -832 0 ) 
4 188 240 (-512 -1024 0 ) (-576 -1024 0 ) (-576 -960 0 ) (-512 -960 0 ) 
4 188 238 (-576 -896 0 ) (-576 -832 0 ) (-512 -832 0 ) (-512 -896 0 ) 
4 188 236 (-576 -640 0 ) (-576 -576 0 ) (-512 -576 0 ) (-512 -640 0 ) 
4 188 234 (-576 -512 0 ) (-576 -448 0 ) (-512 -448 0 ) (-512 -512 0 ) 
4 188 231 (-448 -1024 0 ) (-512 -1024 0 ) (-512 -896 0 ) (-448 -896 0 ) 
4 188 229 (-512 -768 0 ) (-512 -384 0 ) (-448 -384 0 ) (-448 -768 0 ) 
4 188 226 (-448 -896 0 ) (-448 -576 0 ) (-384 -576 0 ) (-384 -896 0 ) 
4 188 224 (-448 -448 0 ) (-448 -384 0 ) (-384 -384 0 ) (-384 -448 0 ) 
4 188 222 (-320 -1024 0 ) (-384 -1024 0 ) (-384 -960 0 ) (-320 -960 0 ) 
4 188 220 (-384 -832 0 ) (-384 -768 0 ) (-320 -768 0 ) (-320 -832 0 ) 
4 188 218 (-256 -1024 0 ) (-320 -1024 0 ) (-320 -960 0 ) (-256 -960 0 ) 
4 188 216 (-320 -896 0 ) (-320 -832 0 ) (-256 -832 0 ) (-256 -896 0 ) 
4 188 214 (-320 -640 0 ) (-320 -576 0 ) (-256 -576 0 ) (-256 -640 0 ) 
4 188 212 (-320 -512 0 ) (-320 -448 0 ) (-256 -448 0 ) (-256 -512 0 ) 
4 188 210 (-192 -1024 0 ) (-256 -1024 0 ) (-256 -896 0 ) (-192 -896 0 ) 
4 188 208 (-256 -640 0 ) (-256 -384 0 ) (-192 -384 0 ) (-192 -640 0 ) 
4 188 206 (-192 -896 0 ) (-192 -768 0 ) (-128 -768 0 ) (-128 -896 0 ) 
4 188 204 (-192 -640 0 ) (-192 -576 0 ) (-128 -576 0 ) (-128 -640 0 ) 
4 188 202 (-192 -448 0 ) (-192 -384 0 ) (-128 -384 0 ) (-128 -448 0 ) 
4 188 200 (-128 -640 0 ) (-128 -576 0 ) (-64 -576 0 ) (-64 -640 0 ) 
4 188 198 (-128 -448 0 ) (-128 -384 0 ) (-64 -384 0 ) (-64 -448 0 ) 
4 188 196 (0 -960 0 ) (0 -1024 0 ) (-64 -1024 0 ) (-64 -960 0 ) 
4 188 194 (0 -832 0 ) (0 -896 0 ) (-64 -896 0 ) (-64 -832 0 ) 
4 188 192 (0 -576 0 ) (0 -640 0 ) (-64 -640 0 ) (-64 -576 0 ) 
4 188 190 (0 -448 0 ) (0 -512 0 ) (-64 -512 0 ) (-64 -448 0 ) 
4 189 335 (-768 -1024 128 ) (-1024 -1024 128 ) (-1024 -1024 0 ) (-768 -1024 0 ) 
4 189 304 (-1024 -1024 0 ) (-1024 -1024 128 ) (-1024 -320 128 ) (-1024 -320 0 ) 
4 189 248 (-768 -1024 0 ) (-1024 -1024 0 ) (-1024 -320 0 ) (-768 -320 0 ) 
4 190 191 (0 -512 -1 ) (-64 -512 -1 ) (-64 -448 -1 ) (0 -448 -1 ) 
4 191 249 (-64 -512 -2 ) (-64 -448 -2 ) (0 -448 -2 ) (0 -512 -2 ) 
4 192 200 (-64 -640 -1 ) (-64 -640 0 ) (-64 -576 0 ) (-64 -576 -1 ) 
4 192 193 (0 -640 -1 ) (-64 -640 -1 ) (-64 -576 -1 ) (0 -576 -1 ) 
4 193 249 (-64 -640 -2 ) (-64 -576 -2 ) (0 -576 -2 ) (0 -640 -2 ) 
4 193 201 (-64 -576 -2 ) (-64 -640 -2 ) (-64 -640 -1 ) (-64 -576 -1 ) 
4 194 195 (0 -896 -1 ) (-64 -896 -1 ) (-64 -832 -1 ) (0 -832 -1 ) 
4 195 249 (-64 -896 -2 ) (-64 -832 -2 ) (0 -832 -2 ) (0 -896 -2 ) 
4 196 197 (0 -1024 -1 ) (-64 -1024 -1 ) (-64 -960 -1 ) (0 -960 -1 ) 
4 197 249 (0 -1024 -2 ) (-64 -1024 -2 ) (-64 -960 -2 ) (0 -960 -2 ) 
4 198 202 (-128 -448 -1 ) (-128 -448 0 ) (-128 -384 0 ) (-128 -384 -1 ) 
4 198 199 (-64 -448 -1 ) (-128 -448 -1 ) (-128 -384 -1 ) (-64 -384 -1 ) 
4 199 249 (-128 -448 -2 ) (-128 -384 -2 ) (-64 -384 -2 ) (-64 -448 -2 ) 
4 199 203 (-128 -384 -2 ) (-128 -448 -2 ) (-128 -448 -1 ) (-128 -384 -1 ) 
4 200 204 (-128 -640 -1 ) (-128 -640 0 ) (-128 -576 0 ) (-128 -576 -1 ) 
4 200 201 (-64 -640 -1 ) (-128 -640 -1 ) (-128 -576 -1 ) (-64 -576 -1 ) 
4 201 249 (-128 -640 -2 ) (-128 -576 -2 ) (-64 -576 -2 ) (-64 -640 -2 ) 
4 201 205 (-128 -576 -2 ) (-128 -640 -2 ) (-128 -640 -1 ) (-128 -576 -1 ) 
4 202 208 (-192 -448 -1 ) (-192 -448 0 ) (-192 -384 0 ) (-192 -384 -1 ) 
4 202 203 (-128 -448 -1 ) (-192 -448 -1 ) (-192 -384 -1 ) (-128 -384 -1 ) 
4 203 249 (-192 -448 -2 ) (-192 -384 -2 ) (-128 -384 -2 ) (-128 -448 -2 ) 
4 203 209 (-192 -384 -2 ) (-192 -448 -2 ) (-192 -448 -1 ) (-192 -384 -1 ) 
4 204 208 (-192 -640 -1 ) (-192 -640 0 ) (-192 -576 0 ) (-192 -576 -1 ) 
4 204 205 (-128 -640 -1 ) (-192 -640 -1 ) (-192 -576 -1 ) (-128 -576 -1 ) 
4 205 249 (-192 -640 -2 ) (-192 -576 -2 ) (-128 -576 -2 ) (-128 -640 -2 ) 
4 205 209 (-192 -576 -2 ) (-192 -640 -2 ) (-192 -640 -1 ) (-192 -576 -1 ) 
4 206 207 (-128 -896 -1 ) (-192 -896 -1 ) (-192 -768 -1 ) (-128 -768 -1 ) 
4 207 249 (-192 -896 -2 ) (-192 -768 -2 ) (-128 -768 -2 ) (-128 -896 -2 ) 
4 208 214 (-256 -640 -1 ) (-256 -640 0 ) (-256 -576 0 ) (-256 -576 -1 ) 
4 208 212 (-256 -512 0 ) (-256 -448 0 ) (-256 -448 -1 ) (-256 -512 -1 ) 
4 208 209 (-192 -640 -1 ) (-256 -640 -1 ) (-256 -384 -1 ) (-192 -384 -1 ) 
4 209 249 (-256 -640 -2 ) (-256 -384 -2 ) (-192 -384 -2 ) (-192 -640 -2 ) 
4 209 215 (-256 -576 -2 ) (-256 -640 -2 ) (-256 -640 -1 ) (-256 -576 -1 ) 
4 209 213 (-256 -448 -2 ) (-256 -512 -2 ) (-256 -512 -1 ) (-256 -448 -1 ) 
4 210 218 (-256 -1024 -1 ) (-256 -1024 0 ) (-256 -960 0 ) (-256 -960 -1 ) 
4 210 211 (-256 -1024 -1 ) (-256 -896 -1 ) (-192 -896 -1 ) (-192 -1024 -1 ) 
4 211 249 (-192 -1024 -2 ) (-256 -1024 -2 ) (-256 -896 -2 ) (-192 -896 -2 ) 
4 211 219 (-256 -960 -2 ) (-256 -1024 -2 ) (-256 -1024 -1 ) (-256 -960 -1 ) 
4 212 213 (-256 -512 -1 ) (-320 -512 -1 ) (-320 -448 -1 ) (-256 -448 -1 ) 
4 213 253 (-320 -512 -2 ) (-320 -448 -2 ) (-312 -448 -2 ) (-312 -512 -2 ) 
4 213 249 (-312 -448 -2 ) (-256 -448 -2 ) (-256 -512 -2 ) (-312 -512 -2 ) 
4 214 215 (-256 -640 -1 ) (-320 -640 -1 ) (-320 -576 -1 ) (-256 -576 -1 ) 
4 215 253 (-320 -640 -2 ) (-320 -576 -2 ) (-312 -576 -2 ) (-312 -640 -2 ) 
4 215 249 (-312 -576 -2 ) (-256 -576 -2 ) (-256 -640 -2 ) (-312 -640 -2 ) 
4 216 217 (-256 -896 -1 ) (-320 -896 -1 ) (-320 -832 -1 ) (-256 -832 -1 ) 
4 217 253 (-320 -896 -2 ) (-320 -832 -2 ) (-312 -832 -2 ) (-312 -896 -2 ) 
4 217 249 (-312 -832 -2 ) (-256 -832 -2 ) (-256 -896 -2 ) (-312 -896 -2 ) 
4 218 222 (-320 -1024 -1 ) (-320 -1024 0 ) (-320 -960 0 ) (-320 -960 -1 ) 
4 218 219 (-320 -1024 -1 ) (-320 -960 -1 ) (-256 -960 -1 ) (-256 -1024 -1 ) 
4 219 253 (-312 -1024 -2 ) (-320 -1024 -2 ) (-320 -960 -2 ) (-312 -960 -2 ) 
4 219 249 (-256 -1024 -2 ) (-312 -1024 -2 ) (-312 -960 -2 ) (-256 -960 -2 ) 
4 219 223 (-320 -960 -2 ) (-320 -1024 -2 ) (-320 -1024 -1 ) (-320 -960 -1 ) 
4 220 226 (-384 -832 -1 ) (-384 -832 0 ) (-384 -768 0 ) (-384 -768 -1 ) 
4 220 221 (-320 -832 -1 ) (-384 -832 -1 ) (-384 -768 -1 ) (-320 -768 -1 ) 
4 221 272 (-384 -832 -2 ) (-384 -768 -2 ) (-321 -768 -2 ) (-321 -832 -2 ) 
4 221 259 (-321 -768 -2 ) (-320 -768 -2 ) (-320 -832 -2 ) (-321 -832 -2 ) 
4 221 227 (-384 -768 -2 ) (-384 -832 -2 ) (-384 -832 -1 ) (-384 -768 -1 ) 
4 222 223 (-384 -1024 -1 ) (-384 -960 -1 ) (-320 -960 -1 ) (-320 -1024 -1 ) 
4 223 272 (-321 -1024 -2 ) (-384 -1024 -2 ) (-384 -960 -2 ) (-321 -960 -2 ) 
4 223 259 (-320 -1024 -2 ) (-321 -1024 -2 ) (-321 -960 -2 ) (-320 -960 -2 ) 
4 224 229 (-448 -448 -1 ) (-448 -448 0 ) (-448 -384 0 ) (-448 -384 -1 ) 
4 224 225 (-384 -448 -1 ) (-448 -448 -1 ) (-448 -384 -1 ) (-384 -384 -1 ) 
4 225 280 (-448 -448 -2 ) (-448 -384 -2 ) (-384 -384 -2 ) (-384 -448 -2 ) 
4 225 230 (-448 -384 -2 ) (-448 -448 -2 ) (-448 -448 -1 ) (-448 -384 -1 ) 
4 226 229 (-448 -768 0 ) (-448 -576 0 ) (-448 -576 -1 ) (-448 -768 -1 ) 
4 226 227 (-384 -896 -1 ) (-448 -896 -1 ) (-448 -576 -1 ) (-384 -576 -1 ) 
4 227 280 (-448 -896 -2 ) (-448 -576 -2 ) (-384 -576 -2 ) (-384 -896 -2 ) 
4 227 230 (-448 -576 -2 ) (-448 -768 -2 ) (-448 -768 -1 ) (-448 -576 -1 ) 
4 228 282 (-512 -256 -2 ) (-512 -128 -2 ) (-448 -128 -2 ) (-448 -256 -2 ) 
4 228 233 (-512 -128 -2 ) (-512 -256 -2 ) (-512 -256 0 ) (-512 -128 0 ) 
4 229 236 (-512 -640 0 ) (-512 -576 0 ) (-512 -576 -1 ) (-512 -640 -1 ) 
4 229 234 (-512 -512 0 ) (-512 -448 0 ) (-512 -448 -1 ) (-512 -512 -1 ) 
4 229 230 (-448 -768 -1 ) (-512 -768 -1 ) (-512 -384 -1 ) (-448 -384 -1 ) 
4 230 283 (-512 -768 -2 ) (-512 -384 -2 ) (-448 -384 -2 ) (-448 -768 -2 ) 
4 230 237 (-512 -576 -2 ) (-512 -640 -2 ) (-512 -640 -1 ) (-512 -576 -1 ) 
4 230 235 (-512 -448 -2 ) (-512 -512 -2 ) (-512 -512 -1 ) (-512 -448 -1 ) 
4 231 240 (-512 -1024 -1 ) (-512 -1024 0 ) (-512 -960 0 ) (-512 -960 -1 ) 
4 231 232 (-512 -1024 -1 ) (-512 -896 -1 ) (-448 -896 -1 ) (-448 -1024 -1 ) 
4 232 283 (-448 -1024 -2 ) (-512 -1024 -2 ) (-512 -896 -2 ) (-448 -896 -2 ) 
4 232 241 (-512 -960 -2 ) (-512 -1024 -2 ) (-512 -1024 -1 ) (-512 -960 -1 ) 
4 233 282 (-576 -256 -2 ) (-576 -128 -2 ) (-512 -128 -2 ) (-512 -256 -2 ) 
4 233 242 (-576 -128 -2 ) (-576 -256 -2 ) (-576 -256 0 ) (-576 -128 0 ) 
4 234 235 (-512 -512 -1 ) (-576 -512 -1 ) (-576 -448 -1 ) (-512 -448 -1 ) 
4 235 283 (-576 -512 -2 ) (-576 -448 -2 ) (-512 -448 -2 ) (-512 -512 -2 ) 
4 236 237 (-512 -640 -1 ) (-576 -640 -1 ) (-576 -576 -1 ) (-512 -576 -1 ) 
4 237 283 (-576 -640 -2 ) (-576 -576 -2 ) (-512 -576 -2 ) (-512 -640 -2 ) 
4 238 239 (-512 -896 -1 ) (-576 -896 -1 ) (-576 -832 -1 ) (-512 -832 -1 ) 
4 239 283 (-576 -896 -2 ) (-576 -832 -2 ) (-512 -832 -2 ) (-512 -896 -2 ) 
4 240 245 (-576 -1024 -1 ) (-576 -1024 0 ) (-576 -960 0 ) (-576 -960 -1 ) 
4 240 241 (-576 -1024 -1 ) (-576 -960 -1 ) (-512 -960 -1 ) (-512 -1024 -1 ) 
4 241 283 (-512 -1024 -2 ) (-576 -1024 -2 ) (-576 -960 -2 ) (-512 -960 -2 ) 
4 241 246 (-576 -960 -2 ) (-576 -1024 -2 ) (-576 -1024 -1 ) (-576 -960 -1 ) 
4 242 282 (-640 -256 -2 ) (-640 -128 -2 ) (-576 -128 -2 ) (-576 -256 -2 ) 
4 242 247 (-640 -128 -2 ) (-640 -256 -2 ) (-640 -256 0 ) (-640 -128 0 ) 
4 243 244 (-576 -832 -1 ) (-640 -832 -1 ) (-640 -768 -1 ) (-576 -768 -1 ) 
4 244 283 (-640 -832 -2 ) (-640 -768 -2 ) (-576 -768 -2 ) (-576 -832 -2 ) 
4 245 246 (-640 -1024 -1 ) (-640 -960 -1 ) (-576 -960 -1 ) (-576 -1024 -1 ) 
4 246 283 (-576 -1024 -2 ) (-640 -1024 -2 ) (-640 -960 -2 ) (-576 -960 -2 ) 
4 247 303 (-1024 -256 0 ) (-1024 -128 0 ) (-1024 -128 -2 ) (-1024 -256 -2 ) 
4 247 289 (-752 -128 -2 ) (-688 -128 -2 ) (-688 -256 -2 ) (-752 -256 -2 ) 
4 247 290 (-760 -128 -2 ) (-752 -128 -2 ) (-752 -256 -2 ) (-760 -256 -2 ) 
4 247 293 (-1024 -256 -2 ) (-1024 -128 -2 ) (-760 -128 -2 ) (-760 -256 -2 ) 
4 247 282 (-688 -128 -2 ) (-640 -128 -2 ) (-640 -256 -2 ) (-688 -256 -2 ) 
4 247 248 (-1024 -256 -2 ) (-768 -256 -2 ) (-768 -256 0 ) (-1024 -256 0 ) 
4 248 338 (-768 -1024 0 ) (-1024 -1024 0 ) (-1024 -1024 -2 ) (-768 -1024 -2 ) 
4 248 304 (-1024 -1024 -2 ) (-1024 -1024 0 ) (-1024 -256 0 ) (-1024 -256 -2 ) 
4 248 299 (-768 -1024 -2 ) (-1024 -1024 -2 ) (-1024 -352 -2 ) (-768 -352 -2 ) 
4 248 293 (-1024 -352 -2 ) (-1024 -256 -2 ) (-768 -256 -2 ) (-768 -352 -2 ) 
4 249 339 (0 -1024 -8 ) (0 -1024 -2 ) (-312 -1024 -2 ) (-312 -1024 -8 ) 
4 249 253 (-312 -352 -8 ) (-312 -1024 -8 ) (-312 -1024 -2 ) (-312 -352 -2 ) 
4 249 251 (-312 -320 -2 ) (-312 -320 -8 ) (-312 -352 -8 ) (-312 -352 -2 ) 
4 249 250 (-312 -1024 -8 ) (-312 -320 -8 ) (0 -320 -8 ) (0 -1024 -8 ) 
4 250 344 (0 -1024 -1600 ) (0 -1024 -32 ) (-312 -1024 -32 ) (-312 -1024 -1600 ) 
4 250 341 (0 -1024 -32 ) (0 -1024 -8 ) (-312 -1024 -8 ) (-312 -1024 -32 ) 
4 250 254 (-312 -352 -1600 ) (-312 -1024 -1600 ) (-312 -1024 -8 ) (-312 -352 -8 ) 
4 250 252 (-312 -320 -8 ) (-312 -320 -406.878021 ) (-312 -352 -406.878021 ) (-312 -352 -8 ) 
4 251 257 (-320 -352 -2 ) (-320 -320 -2 ) (-320 -320 -8 ) (-320 -352 -8 ) 
4 251 253 (-320 -352 -2 ) (-320 -352 -8 ) (-312 -352 -8 ) (-312 -352 -2 ) 
4 251 252 (-312 -352 -8 ) (-320 -352 -8 ) (-320 -320 -8 ) (-312 -320 -8 ) 
4 252 258 (-320 -320 -8 ) (-320 -320 -406.878021 ) (-320 -352 -406.878021 ) (-320 -352 -8 ) 
4 252 254 (-320 -352 -8 ) (-320 -352 -406.878021 ) (-312 -352 -406.878021 ) (-312 -352 -8 ) 
4 253 339 (-312 -1024 -8 ) (-312 -1024 -2 ) (-320 -1024 -2 ) (-320 -1024 -8 ) 
4 253 259 (-320 -1024 -8 ) (-320 -1024 -2 ) (-320 -352 -2 ) (-320 -352 -8 ) 
4 253 254 (-320 -1024 -8 ) (-320 -352 -8 ) (-312 -352 -8 ) (-312 -1024 -8 ) 
4 254 344 (-312 -1024 -1600 ) (-312 -1024 -32 ) (-320 -1024 -32 ) (-320 -1024 -1600 ) 
4 254 341 (-312 -1024 -32 ) (-312 -1024 -8 ) (-320 -1024 -8 ) (-320 -1024 -32 ) 
4 254 260 (-320 -1024 -1600 ) (-320 -1024 -8 ) (-320 -352 -8 ) (-320 -352 -1600 ) 
4 255 262 (-321 -304 -2 ) (-321 -288 -2 ) (-321 -288 -64 ) (-321 -304 -64 ) 
4 255 258 (-321 -320 -8 ) (-321 -320 -64 ) (-320 -320 -64 ) (-320 -320 -8 ) 
4 255 257 (-321 -320 -2 ) (-321 -320 -8 ) (-320 -320 -8 ) (-320 -320 -2 ) 
4 255 256 (-320 -320 -64 ) (-321 -320 -64 ) (-321 -288 -64 ) (-320 -288 -64 ) 
4 256 263 (-321 -304 -1600 ) (-321 -320 -1600 ) (-321 -320 -318.878998 ) (-321 -304 -318.878998 ) 
4 256 261 (-321 -128 -64 ) (-321 -128 -1600 ) (-321 -288 -1600 ) (-321 -288 -64 ) 
4 256 262 (-321 -288 -1600 ) (-321 -304 -1600 ) (-321 -304 -64 ) (-321 -288 -64 ) 
4 256 258 (-321 -320 -64 ) (-321 -320 -406.878021 ) (-320 -320 -406.878021 ) (-320 -320 -64 ) 
4 257 259 (-321 -352 -2 ) (-321 -352 -8 ) (-320 -352 -8 ) (-320 -352 -2 ) 
4 257 258 (-320 -352 -8 ) (-321 -352 -8 ) (-321 -320 -8 ) (-320 -320 -8 ) 
4 258 264 (-321 -320 -318.878998 ) (-321 -320 -406.878021 ) (-321 -352 -406.878021 ) (-321 -352 -318.878998 ) 
4 258 260 (-321 -352 -8 ) (-321 -352 -406.878021 ) (-320 -352 -406.878021 ) (-320 -352 -8 ) 
4 259 339 (-320 -1024 -8 ) (-320 -1024 -2 ) (-321 -1024 -2 ) (-321 -1024 -8 ) 
4 259 272 (-321 -1024 -8 ) (-321 -1024 -2 ) (-321 -744 -2 ) (-321 -744 -8 ) 
4 259 268 (-321 -744 -2 ) (-321 -664 -2 ) (-321 -664 -8 ) (-321 -744 -8 ) 
4 259 266 (-321 -664 -2 ) (-321 -368 -2 ) (-321 -368 -8 ) (-321 -664 -8 ) 
4 259 260 (-321 -1024 -8 ) (-321 -352 -8 ) (-320 -352 -8 ) (-320 -1024 -8 ) 
4 260 344 (-320 -1024 -1600 ) (-320 -1024 -32 ) (-321 -1024 -32 ) (-321 -1024 -1600 ) 
4 260 341 (-320 -1024 -32 ) (-320 -1024 -8 ) (-321 -1024 -8 ) (-321 -1024 -32 ) 
4 260 273 (-321 -1024 -1600 ) (-321 -1024 -8 ) (-321 -744 -8 ) (-321 -744 -1600 ) 
4 260 269 (-321 -744 -8 ) (-321 -664 -8 ) (-321 -664 -128 ) (-321 -744 -128 ) 
4 260 271 (-321 -664 -128 ) (-321 -664 -1600 ) (-321 -744 -1600 ) (-321 -744 -128 ) 
4 260 267 (-321 -664 -8 ) (-321 -368 -8 ) (-321 -368 -1600 ) (-321 -664 -1600 ) 
4 260 265 (-321 -352 -318.878998 ) (-321 -352 -1600 ) (-321 -368 -1600 ) (-321 -368 -318.878998 ) 
4 261 274 (-384 -128 -64 ) (-384 -128 -1600 ) (-384 -288 -1600 ) (-384 -288 -64 ) 
4 261 262 (-384 -288 -64 ) (-384 -288 -1600 ) (-321 -288 -1600 ) (-321 -288 -64 ) 
4 262 275 (-384 -304 -2 ) (-384 -288 -2 ) (-384 -288 -1600 ) (-384 -304 -1600 ) 
4 262 263 (-384 -304 -318.878998 ) (-384 -304 -1600 ) (-321 -304 -1600 ) (-321 -304 -318.878998 ) 
4 263 275 (-384 -304 -318.878998 ) (-384 -304 -1600 ) (-384 -320 -1600 ) (-384 -320 -318.878998 ) 
4 263 264 (-384 -320 -318.878998 ) (-384 -320 -406.878021 ) (-321 -320 -406.878021 ) (-321 -320 -318.878998 ) 
4 264 277 (-384 -320 -318.878998 ) (-384 -320 -406.878021 ) (-384 -352 -406.878021 ) (-384 -352 -318.878998 ) 
4 264 265 (-384 -352 -318.878998 ) (-384 -352 -406.878021 ) (-321 -352 -406.878021 ) (-321 -352 -318.878998 ) 
4 265 281 (-384 -368 -1600 ) (-384 -368 -318.878998 ) (-384 -352 -318.878998 ) (-384 -352 -1600 ) 
4 265 267 (-384 -368 -318.878998 ) (-384 -368 -1600 ) (-321 -368 -1600 ) (-321 -368 -318.878998 ) 
4 266 280 (-384 -664 -2 ) (-384 -368 -2 ) (-384 -368 -8 ) (-384 -664 -8 ) 
4 266 268 (-384 -664 -2 ) (-384 -664 -8 ) (-321 -664 -8 ) (-321 -664 -2 ) 
4 266 267 (-321 -664 -8 ) (-384 -664 -8 ) (-384 -368 -8 ) (-321 -368 -8 ) 
4 267 281 (-384 -368 -8 ) (-384 -368 -1600 ) (-384 -664 -1600 ) (-384 -664 -8 ) 
5 267 269 (-384 -664 -8 ) (-384 -664 -112 ) (-368 -664 -128 ) (-321 -664 -128 ) (-321 -664 -8 ) 
3 267 270 (-384 -664 -112 ) (-384 -664 -128 ) (-368 -664 -128 ) 
4 267 271 (-384 -664 -128 ) (-384 -664 -1600 ) (-321 -664 -1600 ) (-321 -664 -128 ) 
4 268 280 (-384 -744 -2 ) (-384 -664 -2 ) (-384 -664 -8 ) (-384 -744 -8 ) 
4 268 272 (-384 -744 -2 ) (-384 -744 -8 ) (-321 -744 -8 ) (-321 -744 -2 ) 
4 268 269 (-321 -744 -8 ) (-384 -744 -8 ) (-384 -664 -8 ) (-321 -664 -8 ) 
4 269 281 (-384 -664 -8 ) (-384 -664 -112 ) (-384 -744 -112 ) (-384 -744 -8 ) 
5 269 273 (-384 -744 -8 ) (-384 -744 -112 ) (-368 -744 -128 ) (-321 -744 -128 ) (-321 -744 -8 ) 
4 269 270 (-384 -664 -112 ) (-368 -664 -128 ) (-368 -744 -128 ) (-384 -744 -112 ) 
4 269 271 (-321 -744 -128 ) (-368 -744 -128 ) (-368 -664 -128 ) (-321 -664 -128 ) 
4 270 281 (-384 -664 -112 ) (-384 -664 -128 ) (-384 -744 -128 ) (-384 -744 -112 ) 
3 270 273 (-384 -744 -112 ) (-384 -744 -128 ) (-368 -744 -128 ) 
4 270 271 (-368 -744 -128 ) (-384 -744 -128 ) (-384 -664 -128 ) (-368 -664 -128 ) 
4 271 281 (-384 -664 -128 ) (-384 -664 -1600 ) (-384 -744 -1600 ) (-384 -744 -128 ) 
4 271 273 (-384 -744 -128 ) (-384 -744 -1600 ) (-321 -744 -1600 ) (-321 -744 -128 ) 
4 272 339 (-321 -1024 -8 ) (-321 -1024 -2 ) (-384 -1024 -2 ) (-384 -1024 -8 ) 
4 272 280 (-384 -1024 -8 ) (-384 -1024 -2 ) (-384 -744 -2 ) (-384 -744 -8 ) 
4 272 273 (-384 -1024 -8 ) (-384 -744 -8 ) (-321 -744 -8 ) (-321 -1024 -8 ) 
4 273 344 (-321 -1024 -1600 ) (-321 -1024 -32 ) (-384 -1024 -32 ) (-384 -1024 -1600 ) 
4 273 341 (-321 -1024 -32 ) (-321 -1024 -8 ) (-384 -1024 -8 ) (-384 -1024 -32 ) 
4 273 281 (-384 -1024 -1600 ) (-384 -1024 -8 ) (-384 -744 -8 ) (-384 -744 -1600 ) 
4 274 282 (-448 -128 -64 ) (-448 -128 -1600 ) (-448 -288 -1600 ) (-448 -288 -64 ) 
4 274 275 (-448 -288 -64 ) (-448 -288 -1600 ) (-384 -288 -1600 ) (-384 -288 -64 ) 
4 275 282 (-448 -320 -1600 ) (-448 -320 -2 ) (-448 -288 -2 ) (-448 -288 -1600 ) 
4 275 279 (-448 -320 -8 ) (-448 -320 -1600 ) (-392 -320 -1600 ) (-392 -320 -8 ) 
4 275 278 (-448 -320 -2 ) (-448 -320 -8 ) (-392 -320 -8 ) (-392 -320 -2 ) 
4 275 277 (-384 -320 -406.878021 ) (-384 -320 -8 ) (-392 -320 -8 ) (-392 -320 -406.878021 ) 
4 275 276 (-384 -320 -8 ) (-384 -320 -2 ) (-392 -320 -2 ) (-392 -320 -8 ) 
4 276 280 (-384 -352 -8 ) (-384 -352 -2 ) (-392 -352 -2 ) (-392 -352 -8 ) 
4 276 278 (-392 -320 -2 ) (-392 -320 -8 ) (-392 -352 -8 ) (-392 -352 -2 ) 
4 276 277 (-384 -352 -8 ) (-392 -352 -8 ) (-392 -320 -8 ) (-384 -320 -8 ) 
4 277 281 (-384 -352 -406.878021 ) (-384 -352 -8 ) (-392 -352 -8 ) (-392 -352 -406.878021 ) 
4 277 279 (-392 -320 -8 ) (-392 -320 -406.878021 ) (-392 -352 -406.878021 ) (-392 -352 -8 ) 
4 278 283 (-448 -352 -8 ) (-448 -352 -2 ) (-448 -320 -2 ) (-448 -320 -8 ) 
4 278 280 (-448 -352 -2 ) (-448 -352 -8 ) (-392 -352 -8 ) (-392 -352 -2 ) 
4 278 279 (-448 -320 -8 ) (-392 -320 -8 ) (-392 -352 -8 ) (-448 -352 -8 ) 
4 279 284 (-448 -352 -1600 ) (-448 -352 -8 ) (-448 -320 -8 ) (-448 -320 -1600 ) 
4 279 281 (-448 -352 -8 ) (-448 -352 -1600 ) (-392 -352 -1600 ) (-392 -352 -8 ) 
4 280 339 (-384 -1024 -8 ) (-384 -1024 -2 ) (-448 -1024 -2 ) (-448 -1024 -8 ) 
4 280 283 (-448 -1024 -8 ) (-448 -1024 -2 ) (-448 -352 -2 ) (-448 -352 -8 ) 
4 280 281 (-448 -1024 -8 ) (-448 -352 -8 ) (-384 -352 -8 ) (-384 -1024 -8 ) 
4 281 344 (-384 -1024 -1600 ) (-384 -1024 -32 ) (-448 -1024 -32 ) (-448 -1024 -1600 ) 
4 281 341 (-384 -1024 -32 ) (-384 -1024 -8 ) (-448 -1024 -8 ) (-448 -1024 -32 ) 
4 281 284 (-448 -1024 -1600 ) (-448 -1024 -8 ) (-448 -352 -8 ) (-448 -352 -1600 ) 
4 282 291 (-688 -128 -318.878998 ) (-688 -128 -1600 ) (-688 -320 -1600 ) (-688 -320 -318.878998 ) 
4 282 289 (-688 -304 -2 ) (-688 -128 -2 ) (-688 -128 -318.878998 ) (-688 -304 -318.878998 ) 
4 282 286 (-688 -320 -8 ) (-688 -320 -406.878021 ) (-680 -320 -406.878021 ) (-680 -320 -8 ) 
4 282 285 (-688 -320 -2 ) (-688 -320 -8 ) (-680 -320 -8 ) (-680 -320 -2 ) 
4 282 284 (-680 -320 -1600 ) (-448 -320 -1600 ) (-448 -320 -8 ) (-680 -320 -8 ) 
4 282 283 (-448 -320 -8 ) (-448 -320 -2 ) (-680 -320 -2 ) (-680 -320 -8 ) 
4 283 339 (-448 -1024 -8 ) (-448 -1024 -2 ) (-680 -1024 -2 ) (-680 -1024 -8 ) 
4 283 287 (-680 -352 -8 ) (-680 -1024 -8 ) (-680 -1024 -2 ) (-680 -352 -2 ) 
4 283 285 (-680 -320 -2 ) (-680 -320 -8 ) (-680 -352 -8 ) (-680 -352 -2 ) 
4 283 284 (-680 -1024 -8 ) (-680 -320 -8 ) (-448 -320 -8 ) (-448 -1024 -8 ) 
4 284 344 (-448 -1024 -1600 ) (-448 -1024 -32 ) (-680 -1024 -32 ) (-680 -1024 -1600 ) 
4 284 341 (-448 -1024 -32 ) (-448 -1024 -8 ) (-680 -1024 -8 ) (-680 -1024 -32 ) 
4 284 288 (-680 -352 -1600 ) (-680 -1024 -1600 ) (-680 -1024 -8 ) (-680 -352 -8 ) 
4 284 286 (-680 -320 -8 ) (-680 -320 -406.878021 ) (-680 -352 -406.878021 ) (-680 -352 -8 ) 
4 285 287 (-688 -352 -2 ) (-688 -352 -8 ) (-680 -352 -8 ) (-680 -352 -2 ) 
4 285 286 (-680 -352 -8 ) (-688 -352 -8 ) (-688 -320 -8 ) (-680 -320 -8 ) 
4 286 292 (-688 -320 -318.878998 ) (-688 -320 -406.878021 ) (-688 -352 -406.878021 ) (-688 -352 -318.878998 ) 
4 286 288 (-688 -352 -8 ) (-688 -352 -406.878021 ) (-680 -352 -406.878021 ) (-680 -352 -8 ) 
4 287 339 (-680 -1024 -8 ) (-680 -1024 -2 ) (-688 -1024 -2 ) (-688 -1024 -8 ) 
4 287 294 (-688 -1024 -8 ) (-688 -1024 -2 ) (-688 -368 -2 ) (-688 -368 -8 ) 
4 287 288 (-688 -1024 -8 ) (-688 -352 -8 ) (-680 -352 -8 ) (-680 -1024 -8 ) 
4 288 344 (-680 -1024 -1600 ) (-680 -1024 -32 ) (-688 -1024 -32 ) (-688 -1024 -1600 ) 
4 288 341 (-680 -1024 -32 ) (-680 -1024 -8 ) (-688 -1024 -8 ) (-688 -1024 -32 ) 
4 288 295 (-688 -1024 -318.878998 ) (-688 -1024 -8 ) (-688 -368 -8 ) (-688 -368 -318.878998 ) 
4 288 298 (-688 -1024 -1600 ) (-688 -1024 -318.878998 ) (-688 -352 -318.878998 ) (-688 -352 -1600 ) 
4 289 291 (-752 -304 -318.878998 ) (-752 -128 -318.878998 ) (-688 -128 -318.878998 ) (-688 -304 -318.878998 ) 
4 289 290 (-752 -128 -2 ) (-752 -128 -318.878998 ) (-752 -304 -318.878998 ) (-752 -304 -2 ) 
4 290 299 (-752 -352 -2 ) (-760 -352 -2 ) (-760 -352 -318.878998 ) (-752 -352 -318.878998 ) 
4 290 292 (-752 -352 -318.878998 ) (-760 -352 -318.878998 ) (-760 -320 -318.878998 ) (-752 -320 -318.878998 ) 
4 290 291 (-760 -320 -318.878998 ) (-760 -128 -318.878998 ) (-752 -128 -318.878998 ) (-752 -320 -318.878998 ) 
4 290 293 (-760 -128 -2 ) (-760 -128 -318.878998 ) (-760 -352 -318.878998 ) (-760 -352 -2 ) 
4 291 292 (-688 -320 -318.878998 ) (-760 -320 -318.878998 ) (-760 -320 -406.878021 ) (-688 -320 -406.878021 ) 
4 291 293 (-760 -128 -318.878998 ) (-760 -128 -1600 ) (-760 -320 -1600 ) (-760 -320 -318.878998 ) 
4 292 298 (-688 -352 -406.878021 ) (-688 -352 -318.878998 ) (-752 -352 -318.878998 ) (-752 -352 -406.878021 ) 
4 292 299 (-752 -352 -318.878998 ) (-760 -352 -318.878998 ) (-760 -352 -406.878021 ) (-752 -352 -406.878021 ) 
4 292 293 (-760 -352 -406.878021 ) (-760 -352 -318.878998 ) (-760 -320 -318.878998 ) (-760 -320 -406.878021 ) 
4 293 304 (-1024 -352 -1600 ) (-1024 -352 -2 ) (-1024 -256 -2 ) (-1024 -256 -1600 ) 
4 293 303 (-1024 -256 -2 ) (-1024 -128 -2 ) (-1024 -128 -1600 ) (-1024 -256 -1600 ) 
4 293 299 (-760 -352 -2 ) (-1024 -352 -2 ) (-1024 -352 -1600 ) (-760 -352 -1600 ) 
4 294 339 (-688 -1024 -8 ) (-688 -1024 -2 ) (-704 -1024 -2 ) (-704 -1024 -8 ) 
4 294 296 (-704 -368 -2 ) (-704 -368 -8 ) (-704 -1024 -8 ) (-704 -1024 -2 ) 
4 294 295 (-704 -1024 -8 ) (-704 -368 -8 ) (-688 -368 -8 ) (-688 -1024 -8 ) 
4 295 344 (-688 -1024 -318.878998 ) (-688 -1024 -32 ) (-704 -1024 -32 ) (-704 -1024 -318.878998 ) 
4 295 341 (-688 -1024 -32 ) (-688 -1024 -8 ) (-704 -1024 -8 ) (-704 -1024 -32 ) 
4 295 296 (-704 -368 -8 ) (-704 -368 -318.878998 ) (-704 -1024 -318.878998 ) (-704 -1024 -8 ) 
4 295 298 (-688 -368 -318.878998 ) (-688 -1024 -318.878998 ) (-704 -1024 -318.878998 ) (-704 -368 -318.878998 ) 
4 296 344 (-720 -1024 -32 ) (-720 -1024 -318.878998 ) (-704 -1024 -318.878998 ) (-704 -1024 -32 ) 
4 296 340 (-704 -1024 -2 ) (-720 -1024 -2 ) (-720 -1024 -8 ) (-704 -1024 -8 ) 
4 296 341 (-720 -1024 -8 ) (-720 -1024 -32 ) (-704 -1024 -32 ) (-704 -1024 -8 ) 
4 296 297 (-720 -368 -318.878998 ) (-720 -1024 -318.878998 ) (-720 -1024 -32 ) (-720 -368 -32 ) 
4 296 298 (-704 -1024 -318.878998 ) (-720 -1024 -318.878998 ) (-720 -368 -318.878998 ) (-704 -368 -318.878998 ) 
4 297 344 (-752 -1024 -32 ) (-752 -1024 -318.878998 ) (-720 -1024 -318.878998 ) (-720 -1024 -32 ) 
4 297 298 (-752 -1024 -318.878998 ) (-752 -368 -318.878998 ) (-720 -368 -318.878998 ) (-720 -1024 -318.878998 ) 
4 297 299 (-752 -368 -318.878998 ) (-752 -1024 -318.878998 ) (-752 -1024 -32 ) (-752 -368 -32 ) 
4 298 344 (-688 -1024 -1600 ) (-688 -1024 -318.878998 ) (-752 -1024 -318.878998 ) (-752 -1024 -1600 ) 
4 298 299 (-752 -352 -318.878998 ) (-752 -352 -1600 ) (-752 -1024 -1600 ) (-752 -1024 -318.878998 ) 
4 299 344 (-1024 -1024 -32 ) (-1024 -1024 -1600 ) (-752 -1024 -1600 ) (-752 -1024 -32 ) 
4 299 343 (-752 -1024 -2 ) (-1024 -1024 -2 ) (-1024 -1024 -32 ) (-752 -1024 -32 ) 
4 299 304 (-1024 -1024 -1600 ) (-1024 -1024 -2 ) (-1024 -352 -2 ) (-1024 -352 -1600 ) 
4 300 305 (-1536 0 112 ) (-1792 0 112 ) (-1792 0 -16 ) (-1536 0 -16 ) 
4 303 304 (-1504 -256 0 ) (-1504 -256 -1600 ) (-1024 -256 -1600 ) (-1024 -256 0 ) 
4 304 387 (-1024 -1024 -1600 ) (-1024 -1024 192 ) (-1504 -1024 192 ) (-1504 -1024 -1600 ) 
4 307 308 (320 -1088 256 ) (192 -1088 256 ) (192 -1024 256 ) (320 -1024 256 ) 
4 308 328 (0 -1024 128 ) (0 -1024 0 ) (0 -1088 0 ) (0 -1088 128 ) 
4 308 320 (0 -1024 256 ) (0 -1024 128 ) (0 -1088 128 ) (0 -1088 256 ) 
4 308 312 (192 -1088 128 ) (320 -1088 128 ) (320 -1088 256 ) (192 -1088 256 ) 
4 309 313 (464 -1088 -8 ) (512 -1088 -8 ) (512 -1088 -2 ) (464 -1088 -2 ) 
4 309 315 (448 -1088 -8 ) (464 -1088 -8 ) (464 -1088 -2 ) (448 -1088 -2 ) 
4 309 311 (512 -1024 -8 ) (512 -1088 -8 ) (448 -1088 -8 ) (448 -1024 -8 ) 
4 309 310 (448 -1024 -8 ) (448 -1088 -8 ) (448 -1088 -2 ) (448 -1024 -2 ) 
4 310 339 (0 -1024 -2 ) (0 -1024 -8 ) (0 -1088 -8 ) (0 -1088 -2 ) 
4 310 315 (0 -1088 -2 ) (0 -1088 -8 ) (448 -1088 -8 ) (448 -1088 -2 ) 
4 310 311 (448 -1088 -8 ) (0 -1088 -8 ) (0 -1024 -8 ) (448 -1024 -8 ) 
4 311 344 (0 -1024 -32 ) (0 -1024 -1600 ) (0 -1088 -1600 ) (0 -1088 -32 ) 
4 311 341 (0 -1024 -8 ) (0 -1024 -32 ) (0 -1088 -32 ) (0 -1088 -8 ) 
4 311 313 (464 -1088 -1600 ) (512 -1088 -1600 ) (512 -1088 -8 ) (464 -1088 -8 ) 
4 311 315 (0 -1088 -8 ) (0 -1088 -1600 ) (464 -1088 -1600 ) (464 -1088 -8 ) 
4 313 314 (464 -1104 -318.878998 ) (464 -1104 -1600 ) (512 -1104 -1600 ) (512 -1104 -318.878998 ) 
4 313 315 (464 -1088 -1600 ) (464 -1104 -1600 ) (464 -1104 -2 ) (464 -1088 -2 ) 
4 314 317 (512 -1120 -406.878021 ) (512 -1120 -318.878998 ) (464 -1120 -318.878998 ) (464 -1120 -406.878021 ) 
4 314 315 (464 -1104 -1600 ) (464 -1120 -1600 ) (464 -1120 -318.878998 ) (464 -1104 -318.878998 ) 
4 315 352 (0 -1120 -1600 ) (0 -1120 -318.878998 ) (0 -1104 -318.878998 ) (0 -1104 -1600 ) 
4 315 345 (0 -1120 -318.878998 ) (0 -1120 -2 ) (0 -1104 -2 ) (0 -1104 -318.878998 ) 
4 315 344 (0 -1088 -32 ) (0 -1088 -1600 ) (0 -1104 -1600 ) (0 -1104 -32 ) 
4 315 342 (0 -1104 -2 ) (0 -1088 -2 ) (0 -1088 -32 ) (0 -1104 -32 ) 
4 315 318 (0 -1120 -64 ) (0 -1120 -1600 ) (456 -1120 -1600 ) (456 -1120 -64 ) 
4 315 316 (464 -1120 -318.878998 ) (464 -1120 -64 ) (456 -1120 -64 ) (456 -1120 -318.878998 ) 
4 315 317 (464 -1120 -406.878021 ) (464 -1120 -318.878998 ) (456 -1120 -318.878998 ) (456 -1120 -406.878021 ) 
4 316 318 (456 -1152 -318.878998 ) (456 -1152 -64 ) (456 -1120 -64 ) (456 -1120 -318.878998 ) 
4 316 317 (456 -1152 -318.878998 ) (456 -1120 -318.878998 ) (464 -1120 -318.878998 ) (464 -1152 -318.878998 ) 
4 317 318 (456 -1152 -406.878021 ) (456 -1152 -318.878998 ) (456 -1120 -318.878998 ) (456 -1120 -406.878021 ) 
4 318 353 (0 -1152 -1600 ) (0 -1152 -318.878998 ) (0 -1120 -318.878998 ) (0 -1120 -1600 ) 
4 318 346 (0 -1152 -318.878998 ) (0 -1152 -64 ) (0 -1120 -64 ) (0 -1120 -318.878998 ) 
4 318 319 (1 -1152 -319.825012 ) (256 -1152 -319.825012 ) (256 -1152 -127.823997 ) (1 -1152 -127.823997 ) 
4 320 334 (-704 -1024 128 ) (-416 -1024 128 ) (-416 -1088 128 ) (-704 -1088 128 ) 
4 320 331 (-416 -1024 128 ) (-224 -1024 128 ) (-224 -1088 128 ) (-416 -1088 128 ) 
4 320 329 (-224 -1024 128 ) (-192 -1024 128 ) (-192 -1088 128 ) (-224 -1088 128 ) 
4 320 328 (-192 -1024 128 ) (0 -1024 128 ) (0 -1088 128 ) (-192 -1088 128 ) 
4 321 387 (-1024 -1024 192 ) (-1024 -1024 128 ) (-1024 -1088 128 ) (-1024 -1088 192 ) 
4 321 335 (-1024 -1088 128 ) (-1024 -1024 128 ) (-768 -1024 128 ) (-768 -1088 128 ) 
4 321 322 (-1024 -1088 128 ) (-768 -1088 128 ) (-768 -1088 192 ) (-1024 -1088 192 ) 
4 322 387 (-1024 -1088 128 ) (-1024 -1152 128 ) (-1024 -1152 192 ) (-1024 -1088 192 ) 
4 322 337 (-1024 -1152 128 ) (-1024 -1120 128 ) (-768 -1120 128 ) (-768 -1152 128 ) 
4 322 335 (-1024 -1120 128 ) (-1024 -1088 128 ) (-768 -1088 128 ) (-768 -1120 128 ) 
4 323 359 (-256 -1216 128 ) (-224 -1216 128 ) (-224 -1280 128 ) (-256 -1280 128 ) 
4 323 325 (-256 -1216 190 ) (-256 -1216 128 ) (-256 -1280 128 ) (-256 -1280 190 ) 
4 323 324 (-256 -1216 192 ) (-256 -1216 190 ) (-256 -1280 190 ) (-256 -1280 192 ) 
4 324 326 (-384 -1216 192 ) (-384 -1216 190 ) (-384 -1280 190 ) (-384 -1280 192 ) 
4 324 325 (-384 -1280 190 ) (-384 -1216 190 ) (-256 -1216 190 ) (-256 -1280 190 ) 
4 325 360 (-384 -1216 128 ) (-256 -1216 128 ) (-256 -1280 128 ) (-384 -1280 128 ) 
4 325 326 (-384 -1216 190 ) (-384 -1216 128 ) (-384 -1280 128 ) (-384 -1280 190 ) 
4 326 363 (-416 -1216 128 ) (-384 -1216 128 ) (-384 -1280 128 ) (-416 -1280 128 ) 
4 327 388 (-64 -2048 768 ) (-640 -2048 768 ) (-640 -2048 128 ) (-64 -2048 128 ) 
4 327 379 (-64 -2048 128 ) (-640 -2048 128 ) (-640 -1936 128 ) (-64 -1936 128 ) 
4 327 378 (-640 -1936 128 ) (-640 -1920 128 ) (-464 -1920 128 ) (-464 -1936 128 ) 
4 327 377 (-464 -1920 128 ) (-448 -1920 128 ) (-448 -1936 128 ) (-464 -1936 128 ) 
4 327 376 (-448 -1920 128 ) (-176 -1920 128 ) (-176 -1936 128 ) (-448 -1936 128 ) 
4 327 375 (-176 -1920 128 ) (-64 -1920 128 ) (-64 -1936 128 ) (-176 -1936 128 ) 
4 327 374 (-640 -1920 128 ) (-640 -1664 128 ) (-464 -1664 128 ) (-464 -1920 128 ) 
4 327 373 (-464 -1664 128 ) (-448 -1664 128 ) (-448 -1920 128 ) (-464 -1920 128 ) 
4 327 372 (-448 -1664 128 ) (-192 -1664 128 ) (-192 -1920 128 ) (-448 -1920 128 ) 
4 327 371 (-192 -1664 128 ) (-176 -1664 128 ) (-176 -1920 128 ) (-192 -1920 128 ) 
4 327 370 (-176 -1664 128 ) (-64 -1664 128 ) (-64 -1920 128 ) (-176 -1920 128 ) 
4 327 369 (-640 -1664 128 ) (-640 -1472 128 ) (-464 -1472 128 ) (-464 -1664 128 ) 
4 327 368 (-448 -1648 128 ) (-448 -1664 128 ) (-464 -1664 128 ) (-464 -1648 128 ) 
4 327 367 (-464 -1472 128 ) (-448 -1472 128 ) (-448 -1648 128 ) (-464 -1648 128 ) 
4 327 366 (-176 -1664 128 ) (-448 -1664 128 ) (-448 -1648 128 ) (-176 -1648 128 ) 
4 327 365 (-64 -1648 128 ) (-64 -1664 128 ) (-176 -1664 128 ) (-176 -1648 128 ) 
4 327 364 (-448 -1472 128 ) (-64 -1472 128 ) (-64 -1648 128 ) (-448 -1648 128 ) 
4 328 330 (-192 -1024 0 ) (-192 -1088 0 ) (-192 -1088 32 ) (-192 -1024 32 ) 
4 328 329 (-192 -1088 32 ) (-192 -1088 128 ) (-192 -1024 128 ) (-192 -1024 32 ) 
4 329 331 (-224 -1090 128 ) (-224 -1024 128 ) (-224 -1024 32 ) (-224 -1090 32 ) 
4 329 330 (-224 -1088 32 ) (-224 -1024 32 ) (-192 -1024 32 ) (-192 -1088 32 ) 
4 330 331 (-224 -1024 0 ) (-224 -1088 0 ) (-224 -1088 32 ) (-224 -1024 32 ) 
4 331 334 (-416 -1024 0 ) (-416 -1088 0 ) (-416 -1088 128 ) (-416 -1024 128 ) 
4 331 332 (-416 -1102 128 ) (-416 -1102 0 ) (-224 -1102 0 ) (-224 -1102 128 ) 
4 332 333 (-416 -1103 128 ) (-416 -1103 0 ) (-224 -1103 0 ) (-224 -1103 128 ) 
4 333 336 (-384 -1120 0 ) (-256 -1120 0 ) (-256 -1120 128 ) (-384 -1120 128 ) 
4 335 387 (-1024 -1024 128 ) (-1024 -1024 0 ) (-1024 -1120 0 ) (-1024 -1120 128 ) 
4 335 338 (-1024 -1120 0 ) (-1024 -1024 0 ) (-768 -1024 0 ) (-768 -1120 0 ) 
4 335 337 (-1024 -1120 0 ) (-768 -1120 0 ) (-768 -1120 128 ) (-1024 -1120 128 ) 
4 336 360 (-256 -1152 128 ) (-384 -1152 128 ) (-384 -1152 0 ) (-256 -1152 0 ) 
4 337 387 (-1024 -1120 0 ) (-1024 -1152 0 ) (-1024 -1152 128 ) (-1024 -1120 128 ) 
4 337 338 (-768 -1152 0 ) (-1024 -1152 0 ) (-1024 -1120 0 ) (-768 -1120 0 ) 
4 338 387 (-1024 -1024 0 ) (-1024 -1024 -2 ) (-1024 -1152 -2 ) (-1024 -1152 0 ) 
4 338 351 (-768 -1152 -2 ) (-1024 -1152 -2 ) (-1024 -1104 -2 ) (-768 -1104 -2 ) 
4 338 343 (-1024 -1104 -2 ) (-1024 -1024 -2 ) (-768 -1024 -2 ) (-768 -1104 -2 ) 
4 339 341 (0 -1088 -8 ) (-704 -1088 -8 ) (-704 -1024 -8 ) (0 -1024 -8 ) 
4 339 342 (-704 -1088 -8 ) (0 -1088 -8 ) (0 -1088 -2 ) (-704 -1088 -2 ) 
4 339 340 (-704 -1024 -8 ) (-704 -1088 -8 ) (-704 -1088 -2 ) (-704 -1024 -2 ) 
4 340 341 (-704 -1088 -8 ) (-720 -1088 -8 ) (-720 -1024 -8 ) (-704 -1024 -8 ) 
4 340 342 (-720 -1088 -2 ) (-720 -1088 -8 ) (-704 -1088 -8 ) (-704 -1088 -2 ) 
4 341 344 (-720 -1088 -32 ) (-720 -1024 -32 ) (0 -1024 -32 ) (0 -1088 -32 ) 
4 341 342 (-720 -1088 -8 ) (-720 -1088 -32 ) (0 -1088 -32 ) (0 -1088 -8 ) 
4 342 347 (-368 -1104 -2 ) (-688 -1104 -2 ) (-688 -1104 -32 ) (-368 -1104 -32 ) 
4 342 345 (0 -1104 -2 ) (-304 -1104 -2 ) (-304 -1104 -32 ) (0 -1104 -32 ) 
4 342 344 (0 -1104 -32 ) (-720 -1104 -32 ) (-720 -1088 -32 ) (0 -1088 -32 ) 
4 343 387 (-1024 -1024 -2 ) (-1024 -1024 -32 ) (-1024 -1104 -32 ) (-1024 -1104 -2 ) 
4 343 349 (-752 -1104 -2 ) (-768 -1104 -2 ) (-768 -1104 -32 ) (-752 -1104 -32 ) 
4 343 351 (-768 -1104 -2 ) (-1024 -1104 -2 ) (-1024 -1104 -32 ) (-768 -1104 -32 ) 
4 343 344 (-752 -1104 -32 ) (-1024 -1104 -32 ) (-1024 -1024 -32 ) (-752 -1024 -32 ) 
4 344 387 (-1024 -1024 -32 ) (-1024 -1024 -1600 ) (-1024 -1104 -1600 ) (-1024 -1104 -32 ) 
4 344 352 (-1024 -1104 -318.878998 ) (-1024 -1104 -1600 ) (0 -1104 -1600 ) (0 -1104 -318.878998 ) 
4 344 349 (-768 -1104 -318.878998 ) (-752 -1104 -318.878998 ) (-752 -1104 -32 ) (-768 -1104 -32 ) 
4 344 347 (-688 -1104 -318.878998 ) (-368 -1104 -318.878998 ) (-368 -1104 -32 ) (-688 -1104 -32 ) 
4 344 345 (-304 -1104 -318.878998 ) (0 -1104 -318.878998 ) (0 -1104 -32 ) (-304 -1104 -32 ) 
4 344 351 (-1024 -1104 -32 ) (-1024 -1104 -318.878998 ) (-768 -1104 -318.878998 ) (-768 -1104 -32 ) 
4 345 352 (-304 -1104 -318.878998 ) (0 -1104 -318.878998 ) (0 -1120 -318.878998 ) (-304 -1120 -318.878998 ) 
4 345 346 (-304 -1120 -318.878998 ) (0 -1120 -318.878998 ) (0 -1120 -64 ) (-304 -1120 -64 ) 
4 346 354 (-296 -1152 -318.878998 ) (-304 -1152 -318.878998 ) (-304 -1120 -318.878998 ) (-296 -1120 -318.878998 ) 
4 346 353 (0 -1152 -318.878998 ) (-296 -1152 -318.878998 ) (-296 -1120 -318.878998 ) (0 -1120 -318.878998 ) 
4 347 352 (-688 -1120 -318.878998 ) (-688 -1104 -318.878998 ) (-368 -1104 -318.878998 ) (-368 -1120 -318.878998 ) 
4 347 348 (-688 -1120 -64 ) (-688 -1120 -318.878998 ) (-368 -1120 -318.878998 ) (-368 -1120 -64 ) 
4 348 356 (-680 -1152 -318.878998 ) (-688 -1152 -318.878998 ) (-688 -1120 -318.878998 ) (-680 -1120 -318.878998 ) 
4 348 354 (-368 -1152 -318.878998 ) (-376 -1152 -318.878998 ) (-376 -1120 -318.878998 ) (-368 -1120 -318.878998 ) 
4 348 355 (-376 -1152 -318.878998 ) (-680 -1152 -318.878998 ) (-680 -1120 -318.878998 ) (-376 -1120 -318.878998 ) 
4 349 352 (-768 -1120 -318.878998 ) (-768 -1104 -318.878998 ) (-752 -1104 -318.878998 ) (-752 -1120 -318.878998 ) 
4 349 350 (-768 -1120 -64 ) (-768 -1120 -318.878998 ) (-752 -1120 -318.878998 ) (-752 -1120 -64 ) 
4 349 351 (-768 -1104 -2 ) (-768 -1104 -318.878998 ) (-768 -1120 -318.878998 ) (-768 -1120 -2 ) 
4 350 356 (-752 -1152 -318.878998 ) (-760 -1152 -318.878998 ) (-760 -1120 -318.878998 ) (-752 -1120 -318.878998 ) 
4 350 357 (-760 -1152 -318.878998 ) (-768 -1152 -318.878998 ) (-768 -1120 -318.878998 ) (-760 -1120 -318.878998 ) 
4 350 351 (-768 -1120 -318.878998 ) (-768 -1152 -318.878998 ) (-768 -1152 -64 ) (-768 -1120 -64 ) 
4 351 387 (-1024 -1152 -318.878998 ) (-1024 -1152 -2 ) (-1024 -1104 -2 ) (-1024 -1104 -318.878998 ) 
4 351 357 (-768 -1152 -318.878998 ) (-1024 -1152 -318.878998 ) (-1024 -1120 -318.878998 ) (-768 -1120 -318.878998 ) 
4 351 352 (-1024 -1120 -318.878998 ) (-1024 -1104 -318.878998 ) (-768 -1104 -318.878998 ) (-768 -1120 -318.878998 ) 
4 352 387 (-1024 -1120 -318.878998 ) (-1024 -1104 -318.878998 ) (-1024 -1104 -1600 ) (-1024 -1120 -1600 ) 
4 352 356 (-680 -1120 -406.878021 ) (-680 -1120 -318.878998 ) (-760 -1120 -318.878998 ) (-760 -1120 -406.878021 ) 
4 352 357 (-1024 -1120 -1600 ) (-760 -1120 -1600 ) (-760 -1120 -318.878998 ) (-1024 -1120 -318.878998 ) 
4 352 354 (-296 -1120 -406.878021 ) (-296 -1120 -318.878998 ) (-376 -1120 -318.878998 ) (-376 -1120 -406.878021 ) 
4 352 353 (-296 -1120 -1600 ) (0 -1120 -1600 ) (0 -1120 -318.878998 ) (-296 -1120 -318.878998 ) 
4 352 355 (-680 -1120 -1600 ) (-376 -1120 -1600 ) (-376 -1120 -318.878998 ) (-680 -1120 -318.878998 ) 
4 353 354 (-296 -1120 -318.878998 ) (-296 -1120 -406.878021 ) (-296 -1152 -406.878021 ) (-296 -1152 -318.878998 ) 
4 354 355 (-376 -1120 -318.878998 ) (-376 -1120 -406.878021 ) (-376 -1152 -406.878021 ) (-376 -1152 -318.878998 ) 
4 355 356 (-680 -1120 -318.878998 ) (-680 -1120 -406.878021 ) (-680 -1152 -406.878021 ) (-680 -1152 -318.878998 ) 
4 356 357 (-760 -1120 -318.878998 ) (-760 -1120 -406.878021 ) (-760 -1152 -406.878021 ) (-760 -1152 -318.878998 ) 
4 357 387 (-1024 -1152 -1600 ) (-1024 -1152 -318.878998 ) (-1024 -1120 -318.878998 ) (-1024 -1120 -1600 ) 
4 358 360 (-256 -1192 0 ) (-256 -1208 0 ) (-256 -1208 128 ) (-256 -1192 128 ) 
4 359 360 (-256 -1216 0 ) (-256 -1280 0 ) (-256 -1280 128 ) (-256 -1216 128 ) 
4 360 363 (-384 -1216 0 ) (-384 -1280 0 ) (-384 -1280 128 ) (-384 -1216 128 ) 
4 360 362 (-384 -1192 0 ) (-384 -1208 0 ) (-384 -1208 128 ) (-384 -1192 128 ) 
4 360 361 (-384 -1280 128 ) (-384 -1280 0 ) (-256 -1280 0 ) (-256 -1280 128 ) 
4 361 364 (-256 -1472 -128 ) (-256 -1472 128 ) (-384 -1472 128 ) (-384 -1472 -128 ) 
4 364 367 (-448 -1472 128 ) (-448 -1472 -896 ) (-448 -1648 -896 ) (-448 -1648 128 ) 
4 364 366 (-448 -1648 128 ) (-448 -1648 -304 ) (-176 -1648 -304 ) (-176 -1648 128 ) 
4 364 365 (-176 -1648 -896 ) (-64 -1648 -896 ) (-64 -1648 128 ) (-176 -1648 128 ) 
4 365 370 (-64 -1664 -896 ) (-64 -1664 128 ) (-176 -1664 128 ) (-176 -1664 -896 ) 
4 365 366 (-176 -1648 128 ) (-176 -1648 -304 ) (-176 -1664 -304 ) (-176 -1664 128 ) 
4 366 372 (-192 -1664 128 ) (-448 -1664 128 ) (-448 -1664 -304 ) (-192 -1664 -304 ) 
4 366 371 (-176 -1664 -304 ) (-176 -1664 128 ) (-192 -1664 128 ) (-192 -1664 -304 ) 
4 366 368 (-448 -1664 -304 ) (-448 -1664 128 ) (-448 -1648 128 ) (-448 -1648 -304 ) 
4 367 369 (-464 -1472 128 ) (-464 -1472 -896 ) (-464 -1648 -896 ) (-464 -1648 128 ) 
4 367 368 (-464 -1648 128 ) (-464 -1648 -304 ) (-448 -1648 -304 ) (-448 -1648 128 ) 
4 368 373 (-448 -1664 -304 ) (-448 -1664 128 ) (-464 -1664 128 ) (-464 -1664 -304 ) 
4 368 369 (-464 -1664 -304 ) (-464 -1664 128 ) (-464 -1648 128 ) (-464 -1648 -304 ) 
4 369 374 (-464 -1664 -896 ) (-464 -1664 128 ) (-640 -1664 128 ) (-640 -1664 -896 ) 
4 370 375 (-64 -1920 128 ) (-176 -1920 128 ) (-176 -1920 -896 ) (-64 -1920 -896 ) 
4 370 371 (-176 -1664 128 ) (-176 -1664 -304 ) (-176 -1920 -304 ) (-176 -1920 128 ) 
4 371 376 (-176 -1920 128 ) (-192 -1920 128 ) (-192 -1920 -304 ) (-176 -1920 -304 ) 
4 371 372 (-192 -1664 128 ) (-192 -1664 -304 ) (-192 -1920 -304 ) (-192 -1920 128 ) 
4 372 376 (-192 -1920 128 ) (-448 -1920 128 ) (-448 -1920 -304 ) (-192 -1920 -304 ) 
4 372 373 (-448 -1664 128 ) (-448 -1664 -304 ) (-448 -1920 -304 ) (-448 -1920 128 ) 
4 373 377 (-448 -1920 128 ) (-464 -1920 128 ) (-464 -1920 -304 ) (-448 -1920 -304 ) 
4 373 374 (-464 -1664 128 ) (-464 -1664 -304 ) (-464 -1920 -304 ) (-464 -1920 128 ) 
4 374 378 (-464 -1920 128 ) (-640 -1920 128 ) (-640 -1920 -896 ) (-464 -1920 -896 ) 
4 375 383 (-176 -1936 0 ) (-176 -1936 -128 ) (-132.593842 -1936 -128 ) (-132.578827 -1936 0 ) 
4 375 381 (-132.593842 -1936 -128 ) (-64 -1936 -128 ) (-64 -1936 0 ) (-132.578827 -1936 0 ) 
4 375 379 (-64 -1936 128 ) (-176 -1936 128 ) (-176 -1936 0 ) (-64 -1936 0 ) 
4 375 386 (-176 -1936 -128 ) (-176 -1936 -896 ) (-64 -1936 -896 ) (-64 -1936 -128 ) 
4 375 376 (-176 -1920 128 ) (-176 -1920 -304 ) (-176 -1936 -304 ) (-176 -1936 128 ) 
4 376 383 (-176 -1936 -128 ) (-176 -1936 0 ) (-259.174866 -1936 0 ) (-259.170898 -1936 -128 ) 
4 376 380 (-259.174866 -1936 0 ) (-448 -1936 0 ) (-448 -1936 -128 ) (-259.170898 -1936 -128 ) 
4 376 379 (-176 -1936 0 ) (-176 -1936 128 ) (-448 -1936 128 ) (-448 -1936 0 ) 
4 376 386 (-176 -1936 -304 ) (-176 -1936 -128 ) (-448 -1936 -128 ) (-448 -1936 -304 ) 
4 376 377 (-448 -1920 128 ) (-448 -1920 -304 ) (-448 -1936 -304 ) (-448 -1936 128 ) 
4 377 380 (-448 -1936 -128 ) (-448 -1936 0 ) (-464 -1936 0 ) (-464 -1936 -128 ) 
4 377 379 (-448 -1936 0 ) (-448 -1936 128 ) (-464 -1936 128 ) (-464 -1936 0 ) 
4 377 386 (-448 -1936 -304 ) (-448 -1936 -128 ) (-464 -1936 -128 ) (-464 -1936 -304 ) 
4 377 378 (-464 -1920 128 ) (-464 -1920 -304 ) (-464 -1936 -304 ) (-464 -1936 128 ) 
4 378 380 (-464 -1936 -128 ) (-464 -1936 0 ) (-640 -1936 0 ) (-640 -1936 -128 ) 
4 378 379 (-464 -1936 0 ) (-464 -1936 128 ) (-640 -1936 128 ) (-640 -1936 0 ) 
4 378 386 (-464 -1936 -896 ) (-464 -1936 -128 ) (-640 -1936 -128 ) (-640 -1936 -896 ) 
4 379 388 (-64 -2048 128 ) (-640 -2048 128 ) (-640 -2048 0 ) (-64 -2048 0 ) 
4 379 385 (-214.164551 -2048 0 ) (-214.374969 -2048 0 ) (-221.227127 -2030.869629 0 ) (-162.773026 -1996.603027 0 ) 
5 379 384 (-115.227783 -1949.350952 0 ) (-64 -1988.768799 0 ) (-64 -2048 0 ) (-214.164551 -2048 0 ) (-115.959534 -1949.784668 0 ) 
5 379 383 (-259.174896 -1936 0 ) (-132.578796 -1936 0 ) (-128.491211 -1939.145264 0 ) (-172.847687 -1983.499756 0 ) (-227.272888 -2015.755127 0 ) 
3 379 382 (-115.396271 -1949.221313 0 ) (-115.227783 -1949.350952 0 ) (-115.959541 -1949.784668 0 ) 
3 379 381 (-132.578796 -1936 0 ) (-64 -1936 0 ) (-64 -1988.768799 0 ) 
4 379 380 (-640 -2048 0 ) (-640 -1936 0 ) (-259.174896 -1936 0 ) (-214.374969 -2048 0 ) 
4 380 388 (-640 -2048 0 ) (-640 -2048 -128 ) (-214.370972 -2048 -128 ) (-214.374969 -2048 0 ) 
4 380 385 (-214.370316 -2048 -128 ) (-221.222992 -2030.868286 -128 ) (-221.226395 -2030.869263 0 ) (-214.374084 -2048 0 ) 
4 380 383 (-227.270844 -2015.748657 -128 ) (-259.170319 -1936 -128 ) (-259.174011 -1936 0 ) (-227.272171 -2015.754761 0 ) 
4 380 386 (-640 -2048 -128 ) (-640 -1936 -128 ) (-259.170929 -1936 -128 ) (-214.370972 -2048 -128 ) 
4 381 384 (-115.239616 -1949.352661 -128 ) (-64 -1988.779663 -128 ) (-64 -1988.769531 0 ) (-115.228096 -1949.351196 0 ) 
4 381 383 (-132.592911 -1936 -128 ) (-128.499573 -1939.149658 -128 ) (-128.491486 -1939.145386 0 ) (-132.579254 -1936 0 ) 
4 381 382 (-115.400787 -1949.228638 -128 ) (-115.239616 -1949.352661 -128 ) (-115.228096 -1949.351196 0 ) (-115.396484 -1949.221680 0 ) 
3 381 386 (-132.593811 -1936 -128 ) (-64 -1936 -128 ) (-64 -1988.780396 -128 ) 
4 382 384 (-115.934128 -1949.762207 -128 ) (-115.244751 -1949.353638 -128 ) (-115.232414 -1949.351563 0 ) (-115.954002 -1949.779175 0 ) 
3 382 386 (-115.401184 -1949.229126 -128 ) (-115.240112 -1949.353027 -128 ) (-115.939667 -1949.767578 -128 ) 
5 383 386 (-259.170929 -1936 -128 ) (-132.593811 -1936 -128 ) (-128.499969 -1939.150024 -128 ) (-172.844604 -1983.492676 -128 ) (-227.271362 -2015.749023 -128 ) 
4 384 388 (-214.161575 -2048 -128 ) (-64 -2048 -128 ) (-64 -2048 0 ) (-214.164551 -2048 0 ) 
4 384 385 (-162.776154 -1996.605957 -128 ) (-214.165146 -2048 -128 ) (-214.168137 -2048 0 ) (-162.780609 -1996.607422 0 ) 
5 384 386 (-115.240112 -1949.353027 -128 ) (-64 -1988.780396 -128 ) (-64 -2048 -128 ) (-214.161575 -2048 -128 ) (-115.939659 -1949.767578 -128 ) 
4 385 388 (-214.370972 -2048 -128 ) (-214.161575 -2048 -128 ) (-214.164551 -2048 0 ) (-214.374969 -2048 0 ) 
4 385 386 (-214.161575 -2048 -128 ) (-214.370972 -2048 -128 ) (-221.223511 -2030.868652 -128 ) (-162.768616 -1996.601563 -128 ) 
4 386 388 (-640 -2048 -128 ) (-640 -2048 -896 ) (-64 -2048 -896 ) (-64 -2048 -128 ) 
