PRT1
73
110
4 0 3 (3584 1024 6144 ) (3072 1024 6144 ) (3072 1024 -4096 ) (3584 1024 -4096 ) 
4 0 1 (3072 1024 -4096 ) (3072 1024 6144 ) (3072 1536 6144 ) (3072 1536 -4096 ) 
4 1 6 (3072 1024 -4096 ) (3072 1024 6144 ) (2048 1024 6144 ) (2048 1024 -4096 ) 
4 1 2 (2048 1024 -4096 ) (2048 1024 6144 ) (2048 1536 6144 ) (2048 1536 -4096 ) 
4 2 12 (1024 1024 -4096 ) (1024 1024 6144 ) (1024 1536 6144 ) (1024 1536 -4096 ) 
4 2 7 (2048 1024 -4096 ) (2048 1024 6144 ) (1024 1024 6144 ) (1024 1024 -4096 ) 
4 3 6 (3072 1024 6144 ) (3072 1024 -4096 ) (3072 0 -4096 ) (3072 0 6144 ) 
4 3 4 (3584 0 6144 ) (3072 0 6144 ) (3072 0 -4096 ) (3584 0 -4096 ) 
4 4 8 (3072 -1024 -4096 ) (3072 -1024 6144 ) (3072 0 6144 ) (3072 0 -4096 ) 
4 4 5 (3072 -1024 6144 ) (3072 -1024 -4096 ) (3584 -1024 -4096 ) (3584 -1024 6144 ) 
4 5 10 (3072 -1536 6144 ) (3072 -1024 6144 ) (3072 -1024 -4096 ) (3072 -1536 -4096 ) 
4 6 8 (3072 0 -4096 ) (3072 0 6144 ) (2048 0 6144 ) (2048 0 -4096 ) 
4 6 7 (2048 1024 6144 ) (2048 1024 -4096 ) (2048 0 -4096 ) (2048 0 6144 ) 
4 7 16 (1024 0 -4096 ) (1024 0 6144 ) (1024 1024 6144 ) (1024 1024 -4096 ) 
4 7 9 (2048 0 -4096 ) (2048 0 6144 ) (1024 0 6144 ) (1024 0 -4096 ) 
4 8 10 (3072 -1024 -4096 ) (3072 -1024 6144 ) (2048 -1024 6144 ) (2048 -1024 -4096 ) 
4 8 9 (2048 -1024 -4096 ) (2048 -1024 6144 ) (2048 0 6144 ) (2048 0 -4096 ) 
4 9 18 (1024 -1024 -4096 ) (1024 -1024 6144 ) (1024 0 6144 ) (1024 0 -4096 ) 
4 9 11 (1024 -1024 6144 ) (1024 -1024 -4096 ) (2048 -1024 -4096 ) (2048 -1024 6144 ) 
4 10 11 (2048 -1024 6144 ) (2048 -1024 -4096 ) (2048 -1536 -4096 ) (2048 -1536 6144 ) 
4 11 20 (1024 -1536 6144 ) (1024 -1024 6144 ) (1024 -1024 -4096 ) (1024 -1536 -4096 ) 
4 12 16 (1024 1024 -4096 ) (1024 1024 6144 ) (0 1024 6144 ) (0 1024 -4096 ) 
4 12 13 (0 1024 -4096 ) (0 1024 6144 ) (0 1536 6144 ) (0 1536 -4096 ) 
4 13 17 (0 1024 -4096 ) (0 1024 6144 ) (-1024 1024 6144 ) (-1024 1024 -4096 ) 
4 13 14 (-1024 1024 -4096 ) (-1024 1024 6144 ) (-1024 1536 6144 ) (-1024 1536 -4096 ) 
4 14 22 (-1024 1024 -4096 ) (-1024 1024 6144 ) (-2048 1024 6144 ) (-2048 1024 -4096 ) 
4 14 15 (-2048 1024 -4096 ) (-2048 1024 6144 ) (-2048 1536 6144 ) (-2048 1536 -4096 ) 
4 15 49 (-3072 1024 -4096 ) (-3072 1024 6144 ) (-3072 1536 6144 ) (-3072 1536 -4096 ) 
4 15 23 (-2048 1024 -4096 ) (-2048 1024 6144 ) (-3072 1024 6144 ) (-3072 1024 -4096 ) 
4 16 18 (1024 0 -4096 ) (1024 0 6144 ) (0 0 6144 ) (0 0 -4096 ) 
4 16 17 (0 1024 6144 ) (0 1024 -4096 ) (0 0 -4096 ) (0 0 6144 ) 
4 17 22 (-1024 1024 6144 ) (-1024 1024 -4096 ) (-1024 0 -4096 ) (-1024 0 6144 ) 
4 17 19 (0 0 -4096 ) (0 0 6144 ) (-1024 0 6144 ) (-1024 0 -4096 ) 
4 18 20 (1024 -1024 -4096 ) (1024 -1024 6144 ) (0 -1024 6144 ) (0 -1024 -4096 ) 
4 18 19 (0 -1024 -4096 ) (0 -1024 6144 ) (0 0 6144 ) (0 0 -4096 ) 
4 19 24 (-1024 -1024 -4096 ) (-1024 -1024 6144 ) (-1024 0 6144 ) (-1024 0 -4096 ) 
4 19 21 (-1024 -1024 6144 ) (-1024 -1024 -4096 ) (0 -1024 -4096 ) (0 -1024 6144 ) 
4 20 21 (0 -1024 6144 ) (0 -1024 -4096 ) (0 -1536 -4096 ) (0 -1536 6144 ) 
4 21 26 (-1024 -1536 6144 ) (-1024 -1024 6144 ) (-1024 -1024 -4096 ) (-1024 -1536 -4096 ) 
4 22 24 (-1024 0 -4096 ) (-1024 0 6144 ) (-2048 0 6144 ) (-2048 0 -4096 ) 
4 22 23 (-2048 1024 6144 ) (-2048 1024 -4096 ) (-2048 0 -4096 ) (-2048 0 6144 ) 
4 23 53 (-3072 0 -4096 ) (-3072 0 6144 ) (-3072 1024 6144 ) (-3072 1024 -4096 ) 
4 23 25 (-2048 0 -4096 ) (-2048 0 6144 ) (-3072 0 6144 ) (-3072 0 -4096 ) 
4 24 26 (-1024 -1024 -4096 ) (-1024 -1024 6144 ) (-2048 -1024 6144 ) (-2048 -1024 -4096 ) 
4 24 25 (-2048 -1024 -4096 ) (-2048 -1024 6144 ) (-2048 0 6144 ) (-2048 0 -4096 ) 
4 25 55 (-3072 -1024 -4096 ) (-3072 -1024 6144 ) (-3072 0 6144 ) (-3072 0 -4096 ) 
4 25 27 (-3072 -1024 6144 ) (-3072 -1024 -4096 ) (-2048 -1024 -4096 ) (-2048 -1024 6144 ) 
4 26 27 (-2048 -1024 6144 ) (-2048 -1024 -4096 ) (-2048 -1536 -4096 ) (-2048 -1536 6144 ) 
4 27 57 (-3072 -1536 6144 ) (-3072 -1024 6144 ) (-3072 -1024 -4096 ) (-3072 -1536 -4096 ) 
4 28 30 (1024 -3072 -12288 ) (1024 -3072 12288 ) (0 -3072 12288 ) (0 -3072 -12288 ) 
4 28 29 (0 -2560 -12288 ) (0 -3072 -12288 ) (0 -3072 12288 ) (0 -2560 12288 ) 
4 29 31 (0 -3072 -12288 ) (0 -3072 12288 ) (-1024 -3072 12288 ) (-1024 -3072 -12288 ) 
4 30 37 (1024 -4096 -12288 ) (1024 -4096 12288 ) (0 -4096 12288 ) (0 -4096 -12288 ) 
4 30 31 (0 -3072 12288 ) (0 -3072 -12288 ) (0 -4096 -12288 ) (0 -4096 12288 ) 
4 31 38 (0 -4096 -12288 ) (0 -4096 12288 ) (-1024 -4096 12288 ) (-1024 -4096 -12288 ) 
4 32 34 (-2048 -3712 128 ) (-2048 -3456 128 ) (-2048 -3456 0 ) (-2048 -3712 0 ) 
4 33 42 (-1984 -4096 128 ) (-2048 -4096 128 ) (-2048 -4096 0 ) (-1984 -4096 0 ) 
4 33 41 (-1888 -4096 128 ) (-1984 -4096 128 ) (-1984 -4096 0 ) (-1888 -4096 0 ) 
4 33 35 (-2048 -4096 0 ) (-2048 -4096 128 ) (-2048 -3968 128 ) (-2048 -3968 0 ) 
4 35 48 (-2112 -4096 128 ) (-2176 -4096 128 ) (-2176 -4096 0 ) (-2112 -4096 0 ) 
4 35 45 (-2048 -4096 0 ) (-2048 -4096 128 ) (-2112 -4096 128 ) (-2112 -4096 0 ) 
4 35 36 (-2176 -3968 0 ) (-2176 -4096 0 ) (-2176 -4096 128 ) (-2176 -3968 128 ) 
4 36 48 (-2176 -4096 128 ) (-2304 -4096 128 ) (-2304 -4096 0 ) (-2176 -4096 0 ) 
4 37 39 (1024 -5120 -12288 ) (1024 -5120 12288 ) (0 -5120 12288 ) (0 -5120 -12288 ) 
4 37 38 (0 -4096 12288 ) (0 -4096 -12288 ) (0 -5120 -12288 ) (0 -5120 12288 ) 
4 38 40 (0 -5120 -12288 ) (0 -5120 12288 ) (-1024 -5120 12288 ) (-1024 -5120 -12288 ) 
4 39 40 (0 -5632 12288 ) (0 -5120 12288 ) (0 -5120 -12288 ) (0 -5632 -12288 ) 
4 41 42 (-1984 -4096 0 ) (-1984 -4224 0 ) (-1984 -4224 128 ) (-1984 -4096 128 ) 
4 42 45 (-2048 -4096 128 ) (-2048 -4096 0 ) (-2048 -4224 0 ) (-2048 -4224 128 ) 
4 43 46 (-2048 -4368 0 ) (-2048 -4400 0 ) (-2048 -4400 128 ) (-2048 -4368 128 ) 
4 44 47 (-2048 -4544 0 ) (-2048 -4672 0 ) (-2048 -4672 128 ) (-2048 -4544 128 ) 
4 45 48 (-2112 -4096 0 ) (-2112 -4224 0 ) (-2112 -4224 128 ) (-2112 -4096 128 ) 
4 49 53 (-3072 1024 -4096 ) (-3072 1024 6144 ) (-4096 1024 6144 ) (-4096 1024 -4096 ) 
4 49 50 (-4096 1024 -4096 ) (-4096 1024 6144 ) (-4096 1536 6144 ) (-4096 1536 -4096 ) 
4 50 54 (-4096 1024 -4096 ) (-4096 1024 6144 ) (-5120 1024 6144 ) (-5120 1024 -4096 ) 
4 50 51 (-5120 1024 -4096 ) (-5120 1024 6144 ) (-5120 1536 6144 ) (-5120 1536 -4096 ) 
4 51 59 (-5120 1024 -4096 ) (-5120 1024 6144 ) (-6144 1024 6144 ) (-6144 1024 -4096 ) 
4 51 52 (-6144 1024 -4096 ) (-6144 1024 6144 ) (-6144 1536 6144 ) (-6144 1536 -4096 ) 
4 52 65 (-7168 1024 -4096 ) (-7168 1024 6144 ) (-7168 1536 6144 ) (-7168 1536 -4096 ) 
4 52 60 (-6144 1024 -4096 ) (-6144 1024 6144 ) (-7168 1024 6144 ) (-7168 1024 -4096 ) 
4 53 55 (-3072 0 -4096 ) (-3072 0 6144 ) (-4096 0 6144 ) (-4096 0 -4096 ) 
4 53 54 (-4096 1024 6144 ) (-4096 1024 -4096 ) (-4096 0 -4096 ) (-4096 0 6144 ) 
4 54 59 (-5120 1024 6144 ) (-5120 1024 -4096 ) (-5120 0 -4096 ) (-5120 0 6144 ) 
4 54 56 (-4096 0 -4096 ) (-4096 0 6144 ) (-5120 0 6144 ) (-5120 0 -4096 ) 
4 55 57 (-3072 -1024 -4096 ) (-3072 -1024 6144 ) (-4096 -1024 6144 ) (-4096 -1024 -4096 ) 
4 55 56 (-4096 -1024 -4096 ) (-4096 -1024 6144 ) (-4096 0 6144 ) (-4096 0 -4096 ) 
4 56 61 (-5120 -1024 -4096 ) (-5120 -1024 6144 ) (-5120 0 6144 ) (-5120 0 -4096 ) 
4 56 58 (-5120 -1024 6144 ) (-5120 -1024 -4096 ) (-4096 -1024 -4096 ) (-4096 -1024 6144 ) 
4 57 58 (-4096 -1024 6144 ) (-4096 -1024 -4096 ) (-4096 -1536 -4096 ) (-4096 -1536 6144 ) 
4 58 63 (-5120 -1536 6144 ) (-5120 -1024 6144 ) (-5120 -1024 -4096 ) (-5120 -1536 -4096 ) 
4 59 61 (-5120 0 -4096 ) (-5120 0 6144 ) (-6144 0 6144 ) (-6144 0 -4096 ) 
4 59 60 (-6144 1024 6144 ) (-6144 1024 -4096 ) (-6144 0 -4096 ) (-6144 0 6144 ) 
4 60 67 (-7168 0 -4096 ) (-7168 0 6144 ) (-7168 1024 6144 ) (-7168 1024 -4096 ) 
4 60 62 (-6144 0 -4096 ) (-6144 0 6144 ) (-7168 0 6144 ) (-7168 0 -4096 ) 
4 61 63 (-5120 -1024 -4096 ) (-5120 -1024 6144 ) (-6144 -1024 6144 ) (-6144 -1024 -4096 ) 
4 61 62 (-6144 -1024 -4096 ) (-6144 -1024 6144 ) (-6144 0 6144 ) (-6144 0 -4096 ) 
4 62 69 (-7168 -1024 -4096 ) (-7168 -1024 6144 ) (-7168 0 6144 ) (-7168 0 -4096 ) 
4 62 64 (-7168 -1024 6144 ) (-7168 -1024 -4096 ) (-6144 -1024 -4096 ) (-6144 -1024 6144 ) 
4 63 64 (-6144 -1024 6144 ) (-6144 -1024 -4096 ) (-6144 -1536 -4096 ) (-6144 -1536 6144 ) 
4 64 71 (-7168 -1536 6144 ) (-7168 -1024 6144 ) (-7168 -1024 -4096 ) (-7168 -1536 -4096 ) 
4 65 67 (-7168 1024 -4096 ) (-7168 1024 6144 ) (-8192 1024 6144 ) (-8192 1024 -4096 ) 
4 65 66 (-8192 1024 -4096 ) (-8192 1024 6144 ) (-8192 1536 6144 ) (-8192 1536 -4096 ) 
4 66 68 (-8192 1024 -4096 ) (-8192 1024 6144 ) (-9216 1024 6144 ) (-9216 1024 -4096 ) 
4 67 69 (-7168 0 -4096 ) (-7168 0 6144 ) (-8192 0 6144 ) (-8192 0 -4096 ) 
4 67 68 (-8192 1024 6144 ) (-8192 1024 -4096 ) (-8192 0 -4096 ) (-8192 0 6144 ) 
4 68 70 (-8192 0 -4096 ) (-8192 0 6144 ) (-9216 0 6144 ) (-9216 0 -4096 ) 
4 69 71 (-7168 -1024 -4096 ) (-7168 -1024 6144 ) (-8192 -1024 6144 ) (-8192 -1024 -4096 ) 
4 69 70 (-8192 -1024 -4096 ) (-8192 -1024 6144 ) (-8192 0 6144 ) (-8192 0 -4096 ) 
4 70 72 (-9216 -1024 6144 ) (-9216 -1024 -4096 ) (-8192 -1024 -4096 ) (-8192 -1024 6144 ) 
4 71 72 (-8192 -1024 6144 ) (-8192 -1024 -4096 ) (-8192 -1536 -4096 ) (-8192 -1536 6144 ) 
