PRT1
251
567
4 1 126 (3072 -320 70.313004 ) (3072 -352 70.313004 ) (3072 -352 198.313019 ) (3072 -320 198.313019 ) 
4 2 127 (3072 -432 70.313004 ) (3072 -560 70.313004 ) (3072 -560 198.313019 ) (3072 -432 198.313019 ) 
4 3 5 (3136 -624 288 ) (3392 -624 288 ) (3392 -752 288 ) (3136 -752 288 ) 
4 4 11 (3520 -768 288 ) (3392 -768 288 ) (3392 -768 276 ) (3520 -768 284 ) 
4 4 10 (3392 -768 276 ) (3392 -768 160 ) (3520 -768 160 ) (3520 -768 284 ) 
4 5 11 (3392 -768 288 ) (3136 -768 288 ) (3136 -768 260 ) (3392 -768 276 ) 
4 5 10 (3136 -768 260 ) (3136 -768 160 ) (3392 -768 160 ) (3392 -768 276 ) 
4 6 128 (3072 -752 160 ) (3072 -768 160 ) (3072 -768 198.313019 ) (3072 -752 198.313019 ) 
4 6 121 (3072 -768 198.313019 ) (3072 -768 288 ) (3072 -752 288 ) (3072 -752 198.313019 ) 
4 6 11 (3136 -768 288 ) (3072 -768 288 ) (3072 -768 256 ) (3136 -768 260 ) 
4 6 10 (3072 -768 256 ) (3072 -768 160 ) (3136 -768 160 ) (3136 -768 260 ) 
4 7 10 (3456 -768 96 ) (3456 -768 32 ) (3520 -768 32 ) (3520 -768 96 ) 
4 8 122 (3072 -768 768 ) (3072 -768 288 ) (3072 -864 288 ) (3072 -864 768 ) 
4 8 9 (3072 -864 288 ) (3072 -768 288 ) (3584 -768 320 ) (3584 -864 320 ) 
4 9 11 (3584 -864 288 ) (3072 -864 288 ) (3072 -768 288 ) (3584 -768 288 ) 
4 10 132 (3072 -768 70.313004 ) (3072 -768 32 ) (3072 -864 32 ) (3072 -864 70.313004 ) 
4 10 129 (3072 -768 198.313019 ) (3072 -768 70.313004 ) (3072 -864 70.313004 ) (3072 -864 198.313019 ) 
4 10 124 (3072 -768 256 ) (3072 -768 198.313019 ) (3072 -864 198.313019 ) (3072 -864 256 ) 
4 10 14 (3584 -864 32 ) (3584 -864 256 ) (3072 -864 256 ) (3072 -864 32 ) 
3 10 13 (3584 -864 256 ) (3584 -864 288 ) (3072 -864 256 ) 
4 10 12 (3584 -864 32 ) (3072 -864 32 ) (3072 -768 32 ) (3584 -768 32 ) 
4 10 11 (3072 -864 256 ) (3583.998047 -864 288 ) (3583.998047 -768 288 ) (3072 -768 256 ) 
4 11 125 (3072 -768 288 ) (3072 -768 256 ) (3072 -864 256 ) (3072 -864 288 ) 
4 12 133 (3072 -768 32 ) (3072 -768 -96 ) (3072 -864 -96 ) (3072 -864 32 ) 
4 12 16 (3072 -864 -96 ) (3072 -768 -96 ) (3584 -768 -96 ) (3584 -864 -96 ) 
4 12 15 (3072 -864 -96 ) (3584 -864 -96 ) (3584 -864 32 ) (3072 -864 32 ) 
3 13 42 (3072 -1024 256 ) (3584 -1024 256 ) (3584 -1024 288 ) 
4 13 14 (3072 -1024 256 ) (3072 -864 256 ) (3584 -864 256 ) (3584 -1024 256 ) 
4 14 132 (3072 -1024 32 ) (3072 -1024 70.313004 ) (3072 -864 70.313004 ) (3072 -864 32 ) 
4 14 129 (3072 -1024 70.313004 ) (3072 -1024 198.313019 ) (3072 -864 198.313019 ) (3072 -864 70.313004 ) 
4 14 124 (3072 -1024 198.313019 ) (3072 -1024 256 ) (3072 -864 256 ) (3072 -864 198.313019 ) 
4 14 50 (3072 -1024 160 ) (3072 -1024 32 ) (3584 -1024 32 ) (3584 -1024 160 ) 
4 14 43 (3072 -1024 256 ) (3072 -1024 160 ) (3584 -1024 160 ) (3584 -1024 256 ) 
4 14 15 (3072 -1024 32 ) (3072 -864 32 ) (3584 -864 32 ) (3584 -1024 32 ) 
4 15 133 (3072 -1024 -96 ) (3072 -1024 32 ) (3072 -864 32 ) (3072 -864 -96 ) 
4 15 68 (3072 -1024 32 ) (3072 -1024 -96 ) (3584 -1024 -96 ) (3584 -1024 32 ) 
4 15 16 (3584 -1024 -96 ) (3072 -1024 -96 ) (3072 -864 -96 ) (3584 -864 -96 ) 
4 16 134 (3072 -1024 -224 ) (3072 -1024 -96 ) (3072 -768 -96 ) (3072 -768 -224 ) 
4 16 76 (3072 -1024 -96 ) (3072 -1024 -224 ) (3392 -1024 -224 ) (3392 -1024 -96 ) 
4 16 75 (3392 -1024 -224 ) (3584 -1024 -224 ) (3584 -1024 -160 ) (3392 -1024 -160 ) 
4 16 73 (3584 -1024 -160 ) (3584 -1024 -96 ) (3392 -1024 -96 ) (3392 -1024 -160 ) 
4 17 18 (4137.135742 -1856 395.957031 ) (4137.135742 -1984 395.957031 ) (4254.610840 -1984 1135.369629 ) (4254.610840 -1856 1135.369629 ) 
3 17 19 (4137.135254 -1984 395.960510 ) (4336.203125 -1984 1138.875000 ) (4256.407715 -1984 1146.684082 ) 
4 18 41 (4096 -1856 288 ) (4096 -1856 242.437927 ) (4096 -1984 242.437637 ) (4096 -1984 288 ) 
4 18 32 (4096 -1856 1160.487549 ) (4096 -1856 382.915955 ) (4096 -1984 382.916016 ) (4096 -1984 1160.487549 ) 
4 18 31 (4096 -1856 382.915955 ) (4096 -1856 288 ) (4096 -1984 288 ) (4096 -1984 382.916016 ) 
4 18 21 (4096 -1856 242.440430 ) (4132 -1856 376.789185 ) (4132 -1984 376.789185 ) (4096 -1984 242.440231 ) 
4 18 19 (4096 -1984 242.445313 ) (4137.135254 -1984 395.960510 ) (4254.610352 -1984 1135.369629 ) (4096 -1984 1160.487549 ) 
4 19 92 (4336.202148 -2048 1138.867310 ) (4096 -2048 1162.374268 ) (4096 -2048 386.435425 ) (4132 -2048 376.789063 ) 
3 19 77 (4096 -2048 386.435425 ) (4096 -2048 242.437927 ) (4132 -2048 376.789063 ) 
4 19 41 (4096 -2048 242.437500 ) (4096 -2048 288 ) (4096 -1984 288 ) (4096 -1984 242.437637 ) 
4 19 36 (4096 -2048 1160.499146 ) (4096 -2048 1162.374512 ) (4096 -1984 1162.374390 ) (4096 -1984 1160.498779 ) 
4 19 35 (4096 -2048 382.915985 ) (4096 -2048 1160.499146 ) (4096 -1984 1160.498779 ) (4096 -1984 382.916016 ) 
4 19 31 (4096 -2048 288 ) (4096 -2048 382.915985 ) (4096 -1984 382.916016 ) (4096 -1984 288 ) 
4 19 21 (4132 -2048 376.789185 ) (4096 -2048 242.440125 ) (4096 -1984 242.440231 ) (4132 -1984 376.789246 ) 
4 20 91 (4197.680176 -2048 366.812988 ) (4195.670410 -2048 367.131287 ) (4193.819824 -2048 360.224060 ) (4196.521973 -2048 359.500000 ) 
4 20 77 (4193.819824 -2048 360.224060 ) (4129.047363 -2048 118.493103 ) (4157.640137 -2048 113.964455 ) (4196.521973 -2048 359.500000 ) 
4 20 21 (4193.819824 -1856 360.223907 ) (4129.047852 -1856 118.493469 ) (4129.047852 -2048 118.493004 ) (4193.820313 -2048 360.223907 ) 
5 21 77 (4132 -2048 376.789063 ) (4096 -2048 242.437927 ) (4096 -2048 123.727280 ) (4129.047363 -2048 118.493088 ) (4193.819824 -2048 360.224060 ) 
4 21 62 (4096 -2048 123.727325 ) (4096 -2048 160 ) (4096 -1856 160 ) (4096 -1856 123.727776 ) 
4 21 41 (4096 -2048 160 ) (4096 -2048 242.437500 ) (4096 -1856 242.437927 ) (4096 -1856 160 ) 
4 22 204 (3072 -1216 288 ) (3072 -1344 288 ) (3072 -1344 352 ) (3072 -1216 352 ) 
4 22 44 (3072 -1344 288 ) (3072 -1216 288 ) (3584 -1216 288 ) (3584 -1344 288 ) 
4 22 38 (3600 -1232 288 ) (3600 -1328 288 ) (3584 -1328 288 ) (3584 -1232 288 ) 
4 22 37 (3600 -1216 288 ) (3808 -1216 288 ) (3808 -1344 288 ) (3600 -1344 288 ) 
4 23 39 (3872 -1600 288 ) (3872 -1728 288 ) (3744 -1728 288 ) (3744 -1600 288 ) 
4 24 27 (3704 -1728 1024 ) (3072 -1728 1024 ) (3072 -1728 448 ) (3704 -1728 448 ) 
4 24 25 (3072 -1472 448 ) (3584 -1472 448 ) (3584 -1728 448 ) (3072 -1728 448 ) 
4 25 29 (3584 -1728 304 ) (3584 -1728 416 ) (3072 -1728 416 ) (3072 -1728 304 ) 
4 25 28 (3584 -1728 416 ) (3584 -1728 448 ) (3072 -1728 448 ) (3072 -1728 416 ) 
4 25 26 (3584 -1536 304 ) (3584 -1728 304 ) (3072 -1728 304 ) (3072 -1536 304 ) 
4 26 44 (3072 -1728 288 ) (3072 -1536 288 ) (3584 -1536 288 ) (3584 -1728 288 ) 
4 26 29 (3072 -1728 288 ) (3584 -1728 288 ) (3584 -1728 304 ) (3072 -1728 304 ) 
4 27 28 (3584 -1792 448 ) (3072 -1792 448 ) (3072 -1728 448 ) (3584 -1728 448 ) 
4 28 29 (3584 -1792 416 ) (3072 -1792 416 ) (3072 -1728 416 ) (3584 -1728 416 ) 
4 29 44 (3072 -1792 288 ) (3072 -1728 288 ) (3584 -1728 288 ) (3584 -1792 288 ) 
4 30 40 (3936 -1792 288 ) (4064 -1792 288 ) (4064 -1856 288 ) (3936 -1856 288 ) 
4 30 32 (4064 -1856 387.984528 ) (4064 -1856 416 ) (3936 -1856 416 ) (3936 -1856 408.258698 ) 
4 30 31 (3936 -1856 288 ) (4064 -1856 288 ) (4064 -1856 387.984528 ) (3936 -1856 408.258698 ) 
4 31 98 (4096 -2048 288 ) (4096 -2048 382.915985 ) (3913.171387 -2048 411.874573 ) (3893.578857 -2048 288 ) 
4 31 97 (3913.171387 -2048 411.874573 ) (3818.404785 -2048 426.884857 ) (3796.411621 -2048 288 ) (3893.578857 -2048 288 ) 
4 31 41 (3796.416992 -1856 288 ) (4096 -1856 288 ) (4096 -2048 288 ) (3796.411621 -2048 288 ) 
4 31 35 (3881.626221 -2048 416.870789 ) (4096 -2048 382.915710 ) (4096 -1984 382.915741 ) (3881.626465 -1984 416.870789 ) 
4 31 32 (4096 -1856 382.915802 ) (3881.620117 -1856 416.871887 ) (3881.619873 -1984 416.871796 ) (4096 -1984 382.915741 ) 
5 32 35 (3881.619629 -1984 416.871155 ) (4096 -1984 382.915039 ) (4096 -1984 1160.496094 ) (4064.973145 -1984 1165.410645 ) (4001.501465 -1984 1171.622192 ) 
4 32 34 (4064.922119 -1856 1165.415527 ) (4001.501709 -1856 1171.622070 ) (4001.501465 -1984 1171.622192 ) (4064.973145 -1984 1165.410645 ) 
4 32 33 (3883.717529 -1984 430.073700 ) (4001.501221 -1984 1171.620483 ) (4001.501465 -1856 1171.620483 ) (3883.717773 -1856 430.073730 ) 
3 33 35 (3884.059082 -1984 432.229462 ) (4001.501465 -1984 1171.622192 ) (4001.173340 -1984 1171.654297 ) 
4 33 34 (4001.501709 -1856 1171.622070 ) (4001.173828 -1856 1171.654175 ) (4001.173340 -1984 1171.654297 ) (4001.501465 -1984 1171.622192 ) 
3 34 35 (4001.173340 -1984 1171.654297 ) (4064.987793 -1984 1165.409180 ) (4001.769531 -1984 1175.418945 ) 
3 35 108 (4064.991455 -2048 1165.408813 ) (4001.769531 -2048 1175.419312 ) (4001.173096 -2048 1171.654297 ) 
5 35 107 (4096 -2048 382.915985 ) (4096 -2048 1160.499023 ) (4064.991455 -2048 1165.408813 ) (4001.173096 -2048 1171.654297 ) (3881.626221 -2048 416.871063 ) 
4 35 36 (4096 -1984 1160.498535 ) (4064.982666 -1984 1165.409668 ) (4064.988770 -2048 1165.409180 ) (4096 -2048 1160.498901 ) 
3 36 107 (4096 -2048 1160.499023 ) (4096 -2048 1162.374268 ) (4064.991455 -2048 1165.408813 ) 
4 37 38 (3600 -1328 288 ) (3600 -1232 288 ) (3600 -1232 224 ) (3600 -1328 224 ) 
4 38 44 (3584 -1328 208 ) (3584 -1328 288 ) (3584 -1232 288 ) (3584 -1232 208 ) 
4 39 51 (3744 -1600 160 ) (3872 -1600 160 ) (3872 -1728 160 ) (3744 -1728 160 ) 
4 39 40 (3936 -1728 160 ) (4064 -1728 160 ) (4064 -1728 288 ) (3936 -1728 288 ) 
4 40 41 (3936 -1856 160 ) (4064 -1856 160 ) (4064 -1856 288 ) (3936 -1856 288 ) 
4 41 98 (4096 -2048 160 ) (4096 -2048 288 ) (3893.578857 -2048 288 ) (3873.334229 -2048 160 ) 
5 41 97 (3893.578857 -2048 288 ) (3796.411621 -2048 288 ) (3778.364502 -2048 174.034317 ) (3866.979492 -2048 160 ) (3873.334229 -2048 160 ) 
4 41 62 (4096 -2048 160 ) (4067.725830 -2048 160 ) (4067.725830 -1856 160 ) (4096 -1856 160 ) 
4 41 60 (3873.334229 -2048 160 ) (3866.979492 -2048 160 ) (3866.979492 -1856 160 ) (3873.334229 -1856 160 ) 
4 41 61 (4067.725830 -2048 160 ) (3873.334229 -2048 160 ) (3873.334229 -1856 160 ) (4067.725830 -1856 160 ) 
3 42 44 (3584 -1216 256 ) (3584 -1216 288 ) (3072 -1216 256 ) 
4 42 43 (3584 -1216 256 ) (3072 -1216 256 ) (3072 -1024 256 ) (3584 -1024 256 ) 
4 43 208 (3072 -1152 160 ) (3072 -1216 160 ) (3072 -1216 256 ) (3072 -1152 256 ) 
4 43 183 (3072 -1024 256 ) (3072 -1024 160 ) (3072 -1152 160 ) (3072 -1152 256 ) 
4 43 50 (3072 -1216 160 ) (3072 -1024 160 ) (3584 -1024 160 ) (3584 -1216 160 ) 
4 43 44 (3072 -1216 160 ) (3584 -1216 160 ) (3584 -1216 256 ) (3072 -1216 256 ) 
4 44 208 (3072 -1792 288 ) (3072 -1216 288 ) (3072 -1216 160 ) (3072 -1792 160 ) 
4 44 55 (3072 -1792 160 ) (3072 -1728 160 ) (3584 -1728 160 ) (3584 -1792 160 ) 
4 44 54 (3072 -1728 160 ) (3072 -1600 160 ) (3584 -1600 160 ) (3584 -1728 160 ) 
4 44 50 (3072 -1600 160 ) (3072 -1216 160 ) (3584 -1216 160 ) (3584 -1600 160 ) 
4 44 45 (3392 -1792 160 ) (3584 -1792 160 ) (3584 -1792 288 ) (3392 -1792 288 ) 
4 44 46 (3072 -1792 160 ) (3264 -1792 160 ) (3264 -1792 288 ) (3072 -1792 288 ) 
4 45 56 (3392 -1792 160 ) (3584 -1792 160 ) (3584 -1808 160 ) (3392 -1808 160 ) 
4 45 47 (3392 -1808 160 ) (3584 -1808 160 ) (3584 -1808 288 ) (3392 -1808 288 ) 
4 46 211 (3072 -1808 288 ) (3072 -1792 288 ) (3072 -1792 160 ) (3072 -1808 160 ) 
4 46 58 (3072 -1808 160 ) (3072 -1792 160 ) (3136 -1792 160 ) (3136 -1808 160 ) 
4 46 57 (3136 -1792 160 ) (3264 -1792 160 ) (3264 -1808 160 ) (3136 -1808 160 ) 
4 47 63 (3392 -1984 160 ) (3392 -1856 160 ) (3584 -1856 160 ) (3584 -1984 160 ) 
4 47 56 (3392 -1856 160 ) (3392 -1808 160 ) (3584 -1808 160 ) (3584 -1856 160 ) 
4 48 65 (3648 -1408 32 ) (3696 -1408 32 ) (3696 -1584 32 ) (3648 -1584 32 ) 
4 48 49 (3616 -1584 64 ) (3616 -1584 32 ) (3632 -1584 32 ) (3632 -1584 64 ) 
4 50 209 (3072 -1152 96 ) (3072 -1152 32 ) (3072 -1600 32 ) (3072 -1600 96 ) 
4 50 208 (3072 -1600 160 ) (3072 -1152 160 ) (3072 -1152 96 ) (3072 -1600 96 ) 
4 50 194 (3072 -1152 160 ) (3072 -1120 160 ) (3072 -1120 32 ) (3072 -1152 32 ) 
4 50 190 (3072 -1120 160 ) (3072 -1024 160 ) (3072 -1024 32 ) (3072 -1120 32 ) 
4 50 68 (3072 -1600 32 ) (3072 -1024 32 ) (3584 -1024 32 ) (3584 -1600 32 ) 
4 50 54 (3072 -1600 32 ) (3584 -1600 32 ) (3584 -1600 160 ) (3072 -1600 160 ) 
4 51 52 (3602 -1600 160 ) (3602 -1600 32 ) (3602 -1728 32 ) (3602 -1728 160 ) 
4 52 53 (3601 -1600 160 ) (3601 -1600 32 ) (3601 -1728 32 ) (3601 -1728 160 ) 
4 53 54 (3584 -1600 160 ) (3584 -1600 32 ) (3584 -1728 32 ) (3584 -1728 160 ) 
4 54 209 (3072 -1600 96 ) (3072 -1600 32 ) (3072 -1728 32 ) (3072 -1728 96 ) 
4 54 208 (3072 -1728 160 ) (3072 -1600 160 ) (3072 -1600 96 ) (3072 -1728 96 ) 
4 54 68 (3072 -1728 32 ) (3072 -1600 32 ) (3584 -1600 32 ) (3584 -1728 32 ) 
4 54 55 (3072 -1728 32 ) (3584 -1728 32 ) (3584 -1728 160 ) (3072 -1728 160 ) 
4 55 209 (3072 -1728 96 ) (3072 -1728 32 ) (3072 -1792 32 ) (3072 -1792 96 ) 
4 55 208 (3072 -1792 160 ) (3072 -1728 160 ) (3072 -1728 96 ) (3072 -1792 96 ) 
4 55 68 (3072 -1792 32 ) (3072 -1728 32 ) (3584 -1728 32 ) (3584 -1792 32 ) 
4 55 58 (3072 -1792 32 ) (3136 -1792 32 ) (3136 -1792 160 ) (3072 -1792 160 ) 
4 55 56 (3328 -1792 32 ) (3584 -1792 32 ) (3584 -1792 160 ) (3328 -1792 160 ) 
4 55 57 (3136 -1792 32 ) (3264 -1792 32 ) (3264 -1792 160 ) (3136 -1792 160 ) 
4 56 69 (3392 -1792 32 ) (3584 -1792 32 ) (3584 -1824 32 ) (3392 -1824 32 ) 
4 56 64 (3328 -1856 32 ) (3384 -1856 32 ) (3384 -1856 160 ) (3328 -1856 160 ) 
4 56 63 (3392 -1856 32 ) (3584 -1856 32 ) (3584 -1856 160 ) (3392 -1856 160 ) 
4 57 59 (3136 -1824 32 ) (3136 -1856 32 ) (3136 -1856 160 ) (3136 -1824 160 ) 
4 57 58 (3136 -1792 160 ) (3136 -1792 32 ) (3136 -1808 32 ) (3136 -1808 160 ) 
4 58 211 (3072 -1808 160 ) (3072 -1792 160 ) (3072 -1792 32 ) (3072 -1808 32 ) 
4 59 212 (3072 -1856 160 ) (3072 -1824 160 ) (3072 -1824 32 ) (3072 -1856 32 ) 
3 60 97 (3873.334229 -2048 160 ) (3866.979492 -2048 160 ) (3873.178955 -2048 159.018188 ) 
4 60 61 (3873.178467 -1856 159.018250 ) (3873.333740 -1856 160 ) (3873.333740 -2048 160 ) (3873.178467 -2048 159.018250 ) 
4 61 99 (3873.178955 -2048 159.018616 ) (3870.679443 -2048 143.215088 ) (4060.320801 -2048 113.178909 ) (4062.820313 -2048 128.982437 ) 
4 61 98 (4067.725830 -2048 160 ) (3873.334229 -2048 160 ) (3873.178955 -2048 159.018616 ) (4062.820313 -2048 128.982437 ) 
4 61 62 (4062.819580 -1856 128.983063 ) (4067.725098 -1856 160 ) (4067.725098 -2048 160 ) (4062.819580 -2048 128.982574 ) 
4 62 98 (4096 -2048 123.727318 ) (4096 -2048 160 ) (4067.725830 -2048 160 ) (4062.820313 -2048 128.982422 ) 
4 65 66 (3648 -1408 30 ) (3696 -1408 30 ) (3696 -1592 30 ) (3648 -1592 30 ) 
4 66 71 (3696 -1592 -96 ) (3600 -1592 -96 ) (3600 -1408 -96 ) (3696 -1408 -96 ) 
4 66 67 (3600 -1408 -96 ) (3600 -1592 -96 ) (3600 -1592 30 ) (3600 -1408 30 ) 
4 67 72 (3600 -1408 -96 ) (3600 -1600 -96 ) (3584 -1600 -96 ) (3584 -1408 -96 ) 
4 67 68 (3584 -1408 -96 ) (3584 -1600 -96 ) (3584 -1600 30 ) (3584 -1408 30 ) 
4 68 227 (3072 -1792 32 ) (3072 -1024 32 ) (3072 -1024 -96 ) (3072 -1792 -96 ) 
4 68 76 (3072 -1792 -96 ) (3072 -1024 -96 ) (3392 -1024 -96 ) (3392 -1792 -96 ) 
4 68 73 (3392 -1024 -96 ) (3584 -1024 -96 ) (3584 -1792 -96 ) (3392 -1792 -96 ) 
4 68 70 (3392 -1792 -96 ) (3584 -1792 -96 ) (3584 -1792 -16 ) (3392 -1792 -16 ) 
4 68 69 (3584 -1792 -16 ) (3584 -1792 32 ) (3392 -1792 32 ) (3392 -1792 -16 ) 
4 69 70 (3584 -1824 -16 ) (3392 -1824 -16 ) (3392 -1792 -16 ) (3584 -1792 -16 ) 
4 70 74 (3392 -1792 -96 ) (3584 -1792 -96 ) (3584 -1824 -96 ) (3392 -1824 -96 ) 
4 71 72 (3600 -1592 -96 ) (3600 -1408 -96 ) (3600 -1408 -160 ) (3600 -1592 -160 ) 
4 72 73 (3584 -1600 -96 ) (3584 -1408 -96 ) (3584 -1408 -160 ) (3584 -1600 -160 ) 
4 73 76 (3392 -1792 -96 ) (3392 -1024 -96 ) (3392 -1024 -160 ) (3392 -1792 -160 ) 
4 73 75 (3392 -1792 -160 ) (3392 -1024 -160 ) (3584 -1024 -160 ) (3584 -1792 -160 ) 
4 73 74 (3392 -1792 -96 ) (3392 -1792 -160 ) (3584 -1792 -160 ) (3584 -1792 -96 ) 
4 75 76 (3392 -1792 -160 ) (3392 -1024 -160 ) (3392 -1024 -224 ) (3392 -1792 -224 ) 
4 76 235 (3072 -1792 -96 ) (3072 -1024 -96 ) (3072 -1024 -224 ) (3072 -1792 -224 ) 
4 77 107 (4096 -2048 386.435486 ) (4096 -2048 382.915955 ) (4096 -2112 382.915985 ) (4096 -2112 386.435516 ) 
4 77 98 (4096 -2048 382.915955 ) (4096 -2048 123.727295 ) (4096 -2112 123.727142 ) (4096 -2112 382.915985 ) 
4 77 92 (4132 -2048 376.787323 ) (4096 -2048 386.433594 ) (4096 -2112 386.433594 ) (4132 -2112 376.787323 ) 
4 77 91 (4196.521973 -2048 359.498138 ) (4193.819336 -2048 360.222351 ) (4193.819336 -2112 360.222351 ) (4196.521973 -2112 359.498138 ) 
5 77 86 (4096 -2112 287.324951 ) (4096 -2112 123.727142 ) (4157.640137 -2112 113.964386 ) (4192.517090 -2112 334.209961 ) (4105.609863 -2112 347.983551 ) 
5 77 85 (4196.521484 -2112 359.496674 ) (4128.030273 -2112 377.849365 ) (4110.770508 -2112 380.578979 ) (4105.603027 -2112 347.984589 ) (4192.517090 -2112 334.209961 ) 
3 77 80 (4096 -2112 349.506561 ) (4096 -2112 338.501587 ) (4097.700195 -2112 349.237091 ) 
4 77 79 (4102.869629 -2112 381.828491 ) (4096 -2112 382.914856 ) (4096 -2112 349.506561 ) (4097.702637 -2112 349.236725 ) 
3 77 78 (4128.030273 -2112 377.849365 ) (4096 -2112 386.432037 ) (4096 -2112 382.914856 ) 
4 78 109 (4096 -2240 382.915039 ) (4096 -2240 386.435547 ) (4096 -2176 386.435547 ) (4096 -2176 382.914978 ) 
4 78 107 (4096 -2176 386.435547 ) (4096 -2112 386.435516 ) (4096 -2112 382.914886 ) (4096 -2176 382.914978 ) 
4 78 93 (4096 -2176 386.433594 ) (4096 -2240 386.433594 ) (4128.043945 -2240 377.847290 ) (4128.043945 -2176 377.847290 ) 
4 78 92 (4096 -2112 386.433594 ) (4096 -2176 386.433594 ) (4128.043945 -2176 377.847290 ) (4128.043945 -2112 377.847290 ) 
4 78 89 (4128.062500 -2207 377.844727 ) (4128.062500 -2240 377.844727 ) (4110.573730 -2240 380.610535 ) (4110.573730 -2207 380.610443 ) 
4 78 87 (4128.062500 -2113 377.844727 ) (4128.062500 -2207 377.844727 ) (4110.769531 -2207 380.579529 ) (4110.770508 -2113 380.579285 ) 
4 78 85 (4110.770508 -2112 380.579285 ) (4128.062500 -2112 377.844727 ) (4128.062500 -2113 377.844727 ) (4110.770508 -2113 380.579285 ) 
4 78 83 (4102.939453 -2240 381.817871 ) (4096 -2240 382.915344 ) (4096 -2207 382.915253 ) (4102.939453 -2207 381.817810 ) 
4 78 81 (4102.870117 -2207 381.828766 ) (4096 -2207 382.915253 ) (4096 -2113 382.915039 ) (4102.869629 -2113 381.828705 ) 
4 78 79 (4096 -2112 382.915039 ) (4102.869629 -2112 381.828705 ) (4102.869629 -2113 381.828705 ) (4096 -2113 382.915039 ) 
4 79 101 (4096 -2113 382.914886 ) (4096 -2112 382.914886 ) (4096 -2112 349.506561 ) (4096 -2113 349.506592 ) 
4 79 81 (4102.869141 -2113 381.828186 ) (4096 -2113 382.914551 ) (4096 -2113 349.506561 ) (4097.702637 -2113 349.236694 ) 
4 79 80 (4097.702637 -2113 349.236816 ) (4096 -2113 349.506653 ) (4096 -2112 349.507813 ) (4097.702637 -2112 349.237396 ) 
4 80 101 (4096 -2112 349.506561 ) (4096 -2112 338.501587 ) (4096 -2113 338.498444 ) (4096 -2113 349.506592 ) 
3 80 82 (4097.700684 -2113 349.237000 ) (4096 -2113 349.506561 ) (4096 -2113 338.498383 ) 
4 81 103 (4096 -2207 382.915009 ) (4096 -2113 382.914886 ) (4096 -2113 349.506592 ) (4096 -2207 349.506592 ) 
4 81 83 (4102.870117 -2207 381.828064 ) (4096 -2207 382.914551 ) (4096 -2207 349.506561 ) (4097.703613 -2207 349.236572 ) 
4 81 82 (4097.703613 -2207 349.236694 ) (4096 -2207 349.506653 ) (4096 -2113 349.508789 ) (4097.703125 -2113 349.238373 ) 
4 82 103 (4096 -2113 349.506592 ) (4096 -2113 325.687622 ) (4096 -2207 325.684265 ) (4096 -2207 349.506592 ) 
3 82 84 (4097.700195 -2207 349.237091 ) (4096 -2207 349.506561 ) (4096 -2207 338.501495 ) 
4 83 105 (4096 -2240 349.506561 ) (4096 -2240 382.915039 ) (4096 -2207 382.915009 ) (4096 -2207 349.506592 ) 
4 83 84 (4096 -2207 349.508789 ) (4097.700684 -2207 349.238678 ) (4097.701172 -2240 349.238007 ) (4096 -2240 349.507599 ) 
4 84 105 (4096 -2240 338.715820 ) (4096 -2240 349.506561 ) (4096 -2207 349.506592 ) (4096 -2207 338.720184 ) 
4 85 92 (4132 -2112 376.787415 ) (4128.043945 -2112 377.847290 ) (4128.043945 -2113 377.847290 ) (4132 -2113 376.787415 ) 
4 85 91 (4196.521973 -2112 359.498199 ) (4193.819336 -2112 360.222412 ) (4193.819336 -2113 360.222382 ) (4196.521973 -2113 359.498169 ) 
5 85 87 (4105.603027 -2113 347.984619 ) (4192.517090 -2113 334.209961 ) (4196.521973 -2113 359.498840 ) (4128.027344 -2113 377.852539 ) (4110.770996 -2113 380.582275 ) 
4 85 86 (4192.517090 -2112 334.209930 ) (4192.517090 -2113 334.209930 ) (4105.603027 -2113 347.984589 ) (4105.603027 -2112 347.984589 ) 
4 86 100 (4096 -2113 123.727142 ) (4096 -2113 287.387329 ) (4096 -2112 287.324951 ) (4096 -2112 123.727112 ) 
5 86 88 (4096 -2113 287.387360 ) (4096 -2113 123.727127 ) (4157.640137 -2113 113.964294 ) (4192.517090 -2113 334.209961 ) (4105.600098 -2113 347.985046 ) 
4 87 93 (4128.043945 -2176 377.847290 ) (4128.043945 -2207 377.847290 ) (4132 -2207 376.787415 ) (4132 -2176 376.787415 ) 
4 87 92 (4132 -2113 376.787415 ) (4128.043945 -2113 377.847290 ) (4128.043945 -2176 377.847290 ) (4132 -2176 376.787415 ) 
4 87 91 (4196.521973 -2113 359.498199 ) (4193.819336 -2113 360.222412 ) (4193.819336 -2207 360.222351 ) (4196.521973 -2207 359.498138 ) 
5 87 89 (4105.602051 -2207 347.984772 ) (4192.517578 -2207 334.209839 ) (4196.522461 -2207 359.498871 ) (4128.027344 -2207 377.852539 ) (4110.770020 -2207 380.582428 ) 
4 87 88 (4105.603027 -2113 347.984467 ) (4192.517090 -2113 334.209930 ) (4192.517090 -2207 334.209900 ) (4105.602051 -2207 347.984741 ) 
4 88 100 (4096 -2207 123.726898 ) (4096 -2207 287.333008 ) (4096 -2113 287.325134 ) (4096 -2113 123.727127 ) 
5 88 90 (4096 -2207 287.333191 ) (4096 -2207 123.726868 ) (4157.640625 -2207 113.963959 ) (4192.517578 -2207 334.209839 ) (4105.608887 -2207 347.983734 ) 
4 89 93 (4128.043945 -2240 377.847290 ) (4132 -2240 376.787415 ) (4132 -2207 376.787415 ) (4128.043945 -2207 377.847290 ) 
4 89 91 (4193.819336 -2240 360.222351 ) (4196.521973 -2240 359.498138 ) (4196.521973 -2207 359.498138 ) (4193.819336 -2207 360.222351 ) 
4 89 90 (4105.608887 -2207 347.983795 ) (4192.517090 -2207 334.209900 ) (4192.517090 -2240 334.209900 ) (4105.608398 -2240 347.983795 ) 
4 90 100 (4096 -2240 123.727051 ) (4096 -2240 287.330811 ) (4096 -2207 287.324677 ) (4096 -2207 123.726913 ) 
4 92 107 (4096 -2048 1162.374268 ) (4096 -2048 386.435486 ) (4096 -2176 386.435516 ) (4096 -2176 1162.374268 ) 
4 92 94 (4336.201660 -2176 1138.866821 ) (4256.406250 -2176 1146.675903 ) (4254.609863 -2176 1135.369873 ) (4331.981445 -2176 1123.117188 ) 
4 92 93 (4096 -2176 1160.487549 ) (4096 -2176 386.438110 ) (4132 -2176 376.791504 ) (4331.981445 -2176 1123.117188 ) 
4 93 109 (4096 -2176 386.435516 ) (4096 -2240 386.435547 ) (4096 -2240 1160.487549 ) (4096 -2176 1160.487549 ) 
4 93 94 (4331.982422 -2240 1123.117188 ) (4331.982422 -2176 1123.117188 ) (4254.609863 -2176 1135.369995 ) (4254.609863 -2240 1135.369995 ) 
4 95 112 (4096 -2368 160 ) (4096 -2368 288 ) (4096 -2256 288 ) (4096 -2256 160 ) 
4 96 119 (4512 -3072 -736 ) (4512 -3072 928 ) (4096 -3072 928 ) (4096 -3072 -736 ) 
4 96 118 (4096 -3072 -736 ) (4096 -3072 928 ) (4096 -2688 928 ) (4096 -2688 -736 ) 
4 97 109 (3881.625977 -2240 416.871185 ) (3913.171387 -2240 411.874634 ) (3913.171387 -2176 411.874634 ) (3881.625977 -2176 416.871155 ) 
4 97 107 (3913.171387 -2176 411.874634 ) (3913.171387 -2048 411.874603 ) (3881.626221 -2048 416.871094 ) (3881.625977 -2176 416.871155 ) 
4 97 105 (3913.171387 -2207 411.875000 ) (3913.171387 -2240 411.875000 ) (3873.178711 -2240 159.018219 ) (3873.178711 -2207 159.018219 ) 
4 97 104 (3878.336914 -2207 191.631195 ) (3873.178711 -2207 159.018219 ) (3873.178711 -2113 159.018234 ) (3878.336914 -2113 191.632111 ) 
4 97 103 (3913.171387 -2113 411.875000 ) (3913.171387 -2207 411.875000 ) (3878.336914 -2207 191.631195 ) (3878.336914 -2113 191.632111 ) 
4 97 102 (3878.336914 -2113 191.632111 ) (3873.178711 -2113 159.018234 ) (3873.178711 -2112 159.018234 ) (3878.336914 -2112 191.632111 ) 
4 97 101 (3913.171387 -2112 411.875000 ) (3913.171387 -2113 411.875000 ) (3878.336914 -2113 191.632111 ) (3878.336914 -2112 191.632111 ) 
4 97 98 (3873.178711 -2048 159.018234 ) (3913.171387 -2048 411.875000 ) (3913.171387 -2112 411.875000 ) (3873.178711 -2112 159.018234 ) 
4 98 107 (4096 -2112 382.916016 ) (4096 -2048 382.916016 ) (3913.171387 -2048 411.874603 ) (3913.171387 -2112 411.874603 ) 
4 98 102 (3878.336426 -2112 191.632263 ) (3873.178223 -2112 159.018616 ) (4062.819092 -2112 128.982437 ) (4067.975586 -2112 161.577682 ) 
5 98 101 (3913.169922 -2112 411.871094 ) (3878.336426 -2112 191.632263 ) (4067.979980 -2112 161.576996 ) (4096 -2112 338.501801 ) (4096 -2112 382.913086 ) 
3 98 100 (4070.720215 -2112 127.731041 ) (4096 -2112 123.727104 ) (4096 -2112 287.210693 ) 
4 98 99 (4062.820068 -2112 128.981766 ) (3873.175781 -2112 159.018555 ) (3873.175781 -2048 159.018723 ) (4062.820068 -2048 128.982056 ) 
4 99 106 (3873.178223 -2112 159.018616 ) (3870.678711 -2112 143.215179 ) (4060.320801 -2112 113.178879 ) (4062.820068 -2112 128.982285 ) 
4 101 107 (4096 -2113 382.916016 ) (4096 -2112 382.916016 ) (3913.171387 -2112 411.874603 ) (3913.171387 -2113 411.874603 ) 
5 101 103 (3913.171875 -2113 411.875000 ) (3878.338623 -2113 191.631927 ) (4067.980469 -2113 161.576965 ) (4096 -2113 338.497864 ) (4096 -2113 382.915985 ) 
4 101 102 (4067.980469 -2113 161.577225 ) (3878.337158 -2113 191.632446 ) (3878.339844 -2112 191.632813 ) (4067.979980 -2112 161.577332 ) 
4 102 106 (3873.183594 -2113 159.017578 ) (3873.183594 -2112 159.017578 ) (4062.819092 -2112 128.982300 ) (4062.819092 -2113 128.982315 ) 
4 102 104 (3878.338623 -2113 191.631927 ) (3873.179688 -2113 159.013672 ) (4062.818359 -2113 128.977554 ) (4067.975830 -2113 161.577698 ) 
4 103 109 (4096 -2207 382.916016 ) (4096 -2176 382.916016 ) (3913.171387 -2176 411.874634 ) (3913.171387 -2207 411.874634 ) 
4 103 107 (4096 -2176 382.916016 ) (4096 -2113 382.916016 ) (3913.171387 -2113 411.874603 ) (3913.171387 -2176 411.874634 ) 
5 103 105 (3913.171875 -2207 411.875000 ) (3878.338379 -2207 191.630966 ) (4067.976318 -2207 161.576584 ) (4096 -2207 338.719330 ) (4096 -2207 382.915985 ) 
4 103 104 (3878.332031 -2113 191.632813 ) (4067.979248 -2113 161.577484 ) (4067.979736 -2207 161.576447 ) (3878.337158 -2207 191.631561 ) 
4 104 106 (3873.183594 -2207 159.017334 ) (3873.183594 -2113 159.017578 ) (4062.727295 -2113 128.996872 ) (4062.728027 -2207 128.997070 ) 
4 104 105 (3878.338379 -2207 191.630966 ) (3873.179688 -2207 159.013672 ) (4062.727295 -2207 128.991989 ) (4067.979736 -2207 161.576050 ) 
4 105 111 (3893.175049 -2240 285.446045 ) (3873.334229 -2240 160 ) (4067.727295 -2240 160 ) (4082.820801 -2240 255.409546 ) 
4 105 109 (3913.171387 -2240 411.874634 ) (4096 -2240 382.916016 ) (4096 -2207 382.916016 ) (3913.171387 -2207 411.874634 ) 
4 105 106 (4062.820557 -2240 128.982513 ) (3873.183594 -2240 159.017258 ) (3873.183594 -2207 159.017334 ) (4062.819824 -2207 128.982529 ) 
5 107 109 (3881.625977 -2176 416.871033 ) (4096 -2176 382.915894 ) (4096 -2176 1160.487549 ) (4064.813232 -2176 1165.426270 ) (4001.173096 -2176 1171.654297 ) 
4 107 108 (4064.988281 -2048 1165.409424 ) (4001.174316 -2048 1171.654419 ) (4001.174072 -2176 1171.654419 ) (4065 -2176 1165.408325 ) 
3 108 110 (4001.769531 -2176 1175.419922 ) (4001.173096 -2176 1171.654297 ) (4065.002686 -2176 1165.407715 ) 
4 109 110 (4064.817383 -2176 1165.425659 ) (4001.172607 -2176 1171.654175 ) (4001.172852 -2240 1171.654053 ) (4064.817383 -2240 1165.425659 ) 
4 111 112 (3904 -2256 160 ) (4067.731934 -2256 160 ) (4082.839844 -2256 255.406525 ) (3904 -2256 283.731598 ) 
4 112 113 (4064 -2368 288 ) (3936 -2368 288 ) (3936 -2368 160 ) (4064 -2368 160 ) 
4 113 115 (3936 -2432 160 ) (4064 -2432 160 ) (4064 -2432 288 ) (3936 -2432 288 ) 
4 114 115 (4064 -2432 320 ) (4064 -2432 160 ) (4064 -2496 160 ) (4064 -2496 320 ) 
4 115 117 (4064 -2496 160 ) (4064 -2496 288 ) (3936 -2496 288 ) (3936 -2496 160 ) 
4 115 116 (3936 -2432 320 ) (3936 -2432 160 ) (3936 -2496 160 ) (3936 -2496 320 ) 
4 117 118 (4064 -2688 288 ) (3936 -2688 288 ) (3936 -2688 32 ) (4064 -2688 32 ) 
4 118 120 (4096 -3072 -736 ) (4096 -3072 928 ) (3744 -3072 928 ) (3744 -3072 -736 ) 
4 119 120 (4096 -3072 928 ) (4096 -3072 -736 ) (4096 -3264 -736 ) (4096 -3264 928 ) 
4 121 130 (2880 -768 198.313019 ) (2880 -752 198.313019 ) (3024 -752 198.313019 ) (3024 -768 198.313019 ) 
4 121 128 (3024 -752 198.313019 ) (3072 -752 198.313019 ) (3072 -768 198.313019 ) (3024 -768 198.313019 ) 
3 121 125 (3072 -768 256 ) (3072 -768 288 ) (2880 -768 288 ) 
4 121 124 (2880 -768 198.313019 ) (3072 -768 198.313019 ) (3072 -768 256 ) (2880 -768 288 ) 
3 122 180 (3072 -1024 288 ) (3072 -1024 304 ) (2976 -1024 304 ) 
5 122 175 (3072 -1024 304 ) (3072 -1024 1024 ) (2880 -1024 1024 ) (2880 -1024 320 ) (2976 -1024 304 ) 
4 122 141 (2880 -1024 320 ) (2880 -1024 1024 ) (2880 -896 1024 ) (2880 -896 320 ) 
4 122 140 (2880 -896 1024 ) (2880 -864 1024 ) (2880 -864 320 ) (2880 -896 320 ) 
4 122 123 (2880 -1024 320 ) (2880 -768 320 ) (3072.005859 -768 288 ) (3072.005859 -1024 288 ) 
4 123 181 (3072 -1024 288 ) (2976 -1024 304 ) (2880 -1024 304 ) (2880 -1024 288 ) 
3 123 176 (2976 -1024 304 ) (2880 -1024 320 ) (2880 -1024 304 ) 
4 123 144 (2880 -1024 288 ) (2880 -1024 304 ) (2880 -896 304 ) (2880 -896 288 ) 
4 123 142 (2880 -1024 304 ) (2880 -1024 320 ) (2880 -896 320 ) (2880 -896 304 ) 
4 123 140 (2880 -896 320 ) (2880 -864 320 ) (2880 -864 304 ) (2880 -896 304 ) 
4 123 125 (2880 -1024 288 ) (2880 -768 288 ) (3072 -768 288 ) (3072 -1024 288 ) 
4 124 183 (3072 -1024 198.313019 ) (3072 -1024 256 ) (2880 -1024 288 ) (2880 -1024 198.313019 ) 
4 124 145 (2880 -1024 198.313019 ) (2880 -1024 288 ) (2880 -864 288 ) (2880 -864 198.313019 ) 
4 124 130 (3024 -1024 198.313019 ) (2880 -1024 198.313019 ) (2880 -768 198.313019 ) (3024 -768 198.313019 ) 
4 124 129 (3072 -1024 198.313019 ) (3024 -1024 198.313019 ) (3024 -768 198.313019 ) (3072 -768 198.313019 ) 
4 124 125 (3072 -768 256 ) (2880 -768 288 ) (2880 -1024 288 ) (3072 -1024 256 ) 
3 125 184 (3072 -1024 256 ) (3072 -1024 288 ) (2880 -1024 288 ) 
4 128 130 (3024 -768 160 ) (3024 -768 198.313019 ) (3024 -752 198.313019 ) (3024 -752 160 ) 
4 128 129 (3024 -768 198.313019 ) (3024 -768 160 ) (3072 -768 160 ) (3072 -768 198.313019 ) 
4 129 190 (3072 -1024 70.313004 ) (3072 -1024 160 ) (3024 -1024 160 ) (3024 -1024 70.313004 ) 
4 129 183 (3072 -1024 160 ) (3072 -1024 198.313019 ) (3024 -1024 198.313019 ) (3024 -1024 160 ) 
4 129 132 (3072 -768 70.313004 ) (3072 -1024 70.313004 ) (3024 -1024 70.313004 ) (3024 -768 70.313004 ) 
4 129 131 (3024 -768 70.313004 ) (3024 -1024 70.313004 ) (3024 -1024 160 ) (3024 -768 160 ) 
4 129 130 (3024 -1024 160 ) (3024 -1024 198.313019 ) (3024 -768 198.313019 ) (3024 -768 160 ) 
4 130 183 (3024 -1024 198.313019 ) (2880 -1024 198.313019 ) (2880 -1024 160 ) (3024 -1024 160 ) 
4 130 145 (2880 -1024 160 ) (2880 -1024 198.313019 ) (2880 -864 198.313019 ) (2880 -864 160 ) 
4 130 131 (2880 -1024 160 ) (2880 -768 160 ) (3024 -768 160 ) (3024 -1024 160 ) 
4 131 190 (2880 -1024 160 ) (2880 -1024 70.313004 ) (3024 -1024 70.313004 ) (3024 -1024 160 ) 
4 131 145 (2880 -1024 70.313004 ) (2880 -1024 160 ) (2880 -864 160 ) (2880 -864 70.313004 ) 
4 131 132 (2880 -1024 70.313004 ) (2880 -768 70.313004 ) (3024 -768 70.313004 ) (3024 -1024 70.313004 ) 
4 132 190 (3072 -1024 32 ) (3072 -1024 70.313004 ) (2880 -1024 70.313004 ) (2880 -1024 32 ) 
4 132 145 (2880 -1024 32 ) (2880 -1024 70.313004 ) (2880 -864 70.313004 ) (2880 -864 32 ) 
4 132 133 (3072 -1024 32 ) (2880 -1024 32 ) (2880 -768 32 ) (3072 -768 32 ) 
4 133 227 (3072 -1024 -96 ) (3072 -1024 32 ) (2880 -1024 32 ) (2880 -1024 -96 ) 
4 133 147 (2880 -1024 -96 ) (2880 -1024 -32 ) (2880 -864 -32 ) (2880 -864 -96 ) 
4 133 135 (2880 -768 -32 ) (2880 -768 -96 ) (2880 -864 -96 ) (2880 -864 -32 ) 
4 133 134 (2880 -1024 -96 ) (2880 -768 -96 ) (3072 -768 -96 ) (3072 -1024 -96 ) 
4 134 235 (3072 -1024 -224 ) (3072 -1024 -96 ) (2880 -1024 -96 ) (2880 -1024 -224 ) 
4 135 147 (2880 -864 -96 ) (2880 -864 -32 ) (2864 -864 -32 ) (2864 -864 -96 ) 
4 135 138 (2864 -864 -96 ) (2864 -864 -32 ) (2864 -832 -32 ) (2864 -832 -96 ) 
4 135 137 (2864 -832 -32 ) (2864 -768 -32 ) (2864 -768 -96 ) (2864 -832 -96 ) 
4 136 139 (2752 -832 256 ) (2752 -832 128 ) (2816 -832 128 ) (2816 -832 256 ) 
4 137 138 (2864 -832 -96 ) (2864 -832 -32 ) (2856 -832 -32 ) (2856 -832 -96 ) 
4 138 147 (2864 -864 -96 ) (2864 -864 -32 ) (2856 -864 -32 ) (2856 -864 -96 ) 
4 139 145 (2816 -864 128 ) (2816 -864 256 ) (2752 -864 256 ) (2752 -864 128 ) 
4 140 143 (2688 -896 304 ) (2816 -896 304 ) (2816 -896 320 ) (2688 -896 320 ) 
4 140 142 (2816 -896 304 ) (2880 -896 304 ) (2880 -896 320 ) (2816 -896 320 ) 
4 140 141 (2880 -896 320 ) (2880 -896 1024 ) (2688 -896 1024 ) (2688 -896 320 ) 
4 141 177 (2880 -1024 320 ) (2880 -1024 1024 ) (2688 -1024 1024 ) (2688 -1024 320 ) 
4 141 143 (2688 -1024 320 ) (2688 -896 320 ) (2816 -896 320 ) (2816 -1024 320 ) 
4 141 142 (2816 -896 320 ) (2880 -896 320 ) (2880 -1024 320 ) (2816 -1024 320 ) 
4 142 178 (2880 -1024 304 ) (2880 -1024 320 ) (2816 -1024 320 ) (2816 -1024 304 ) 
4 142 144 (2816 -896 304 ) (2880 -896 304 ) (2880 -1024 304 ) (2816 -1024 304 ) 
4 142 143 (2816 -1024 320 ) (2816 -896 320 ) (2816 -896 304 ) (2816 -1024 304 ) 
4 143 179 (2816 -1024 320 ) (2688 -1024 320 ) (2688 -1024 304 ) (2816 -1024 304 ) 
4 144 182 (2880 -1024 288 ) (2880 -1024 304 ) (2816 -1024 304 ) (2816 -1024 288 ) 
4 144 145 (2816 -896 288 ) (2880 -896 288 ) (2880 -1024 288 ) (2816 -1024 288 ) 
4 145 191 (2880 -1024 32 ) (2880 -1024 160 ) (2688 -1024 160 ) (2688 -1024 32 ) 
4 145 185 (2880 -1024 160 ) (2880 -1024 288 ) (2688 -1024 288 ) (2688 -1024 160 ) 
4 145 153 (2688 -960 32 ) (2688 -1024 32 ) (2688 -1024 128 ) (2688 -960 128 ) 
4 145 150 (2688 -960 128 ) (2688 -1024 128 ) (2688 -1024 160 ) (2688 -960 160 ) 
4 145 149 (2688 -928 128 ) (2688 -960 128 ) (2688 -960 160 ) (2688 -928 160 ) 
4 145 148 (2688 -960 160 ) (2688 -1024 160 ) (2688 -1024 192 ) (2688 -960 192 ) 
4 145 146 (2688 -992 32 ) (2688 -864 32 ) (2816 -864 32 ) (2816 -992 32 ) 
4 147 228 (2880 -1024 -96 ) (2880 -1024 -32 ) (2856 -1024 -32 ) (2856 -1024 -96 ) 
4 148 150 (2684 -960 160 ) (2688 -960 160 ) (2688 -1024 160 ) (2684 -1024 160 ) 
4 149 150 (2684 -960 128 ) (2688 -960 128 ) (2688 -960 160 ) (2684 -960 160 ) 
4 150 191 (2688 -1024 128 ) (2688 -1024 160 ) (2674 -1024 160 ) (2674 -1024 128 ) 
4 150 153 (2674 -960 128 ) (2688 -960 128 ) (2688 -1024 128 ) (2674 -1024 128 ) 
4 150 151 (2674 -960 160 ) (2674 -960 128 ) (2674 -1024 128 ) (2674 -1024 160 ) 
4 151 192 (2674 -1024 160 ) (2673 -1024 160 ) (2673 -1024 128 ) (2674 -1024 128 ) 
4 151 154 (2673 -960 128 ) (2674 -960 128 ) (2674 -1024 128 ) (2673 -1024 128 ) 
4 151 152 (2673 -960 160 ) (2673 -960 128 ) (2673 -1024 128 ) (2673 -1024 160 ) 
4 152 193 (2673 -1024 160 ) (2656 -1024 160 ) (2656 -1024 128 ) (2673 -1024 128 ) 
4 152 157 (2656 -1024 128 ) (2656 -1024 160 ) (2656 -992 160 ) (2656 -992 128 ) 
4 152 155 (2656 -1024 128 ) (2656 -960 128 ) (2673 -960 128 ) (2673 -1024 128 ) 
4 153 191 (2688 -1024 32 ) (2688 -1024 128 ) (2674 -1024 128 ) (2674 -1024 32 ) 
4 153 154 (2674 -960 128 ) (2674 -960 32 ) (2674 -1024 32 ) (2674 -1024 128 ) 
4 154 192 (2674 -1024 128 ) (2673 -1024 128 ) (2673 -1024 32 ) (2674 -1024 32 ) 
4 154 155 (2673 -960 128 ) (2673 -960 32 ) (2673 -1024 32 ) (2673 -1024 128 ) 
4 155 193 (2673 -1024 128 ) (2656 -1024 128 ) (2656 -1024 32 ) (2673 -1024 32 ) 
4 155 157 (2656 -1024 32 ) (2656 -1024 128 ) (2656 -992 128 ) (2656 -992 32 ) 
4 156 157 (2600 -992 32 ) (2616 -992 32 ) (2616 -992 160 ) (2600 -992 160 ) 
4 157 193 (2656 -1024 32 ) (2656 -1024 160 ) (2592 -1024 160 ) (2592 -1024 32 ) 
4 157 160 (2592 -992 32 ) (2592 -1024 32 ) (2592 -1024 160 ) (2592 -992 160 ) 
4 158 160 (2528 -992 222 ) (2528 -992 32 ) (2592 -992 32 ) (2592 -992 222 ) 
4 158 159 (2528 -992 224 ) (2528 -992 222 ) (2592 -992 222 ) (2592 -992 224 ) 
4 159 186 (2592 -1024 222 ) (2592 -1024 232 ) (2528 -1024 232 ) (2528 -1024 222 ) 
4 159 160 (2528 -1024 222 ) (2528 -992 222 ) (2592 -992 222 ) (2592 -1024 222 ) 
4 160 193 (2592 -1024 32 ) (2592 -1024 160 ) (2528 -1024 160 ) (2528 -1024 32 ) 
4 160 187 (2592 -1024 160 ) (2592 -1024 222 ) (2528 -1024 222 ) (2528 -1024 160 ) 
4 160 161 (2528 -1024 32 ) (2528 -1024 160 ) (2528 -992 160 ) (2528 -992 32 ) 
4 161 229 (2528 -1024 -96 ) (2528 -1024 32 ) (2336 -1024 32 ) (2336 -1024 -96 ) 
4 161 193 (2528 -1024 32 ) (2528 -1024 160 ) (2336 -1024 160 ) (2336 -1024 32 ) 
4 161 162 (2336 -1024 -96 ) (2336 -1024 160 ) (2336 -992 160 ) (2336 -992 -96 ) 
4 162 236 (2336 -1024 -864 ) (2336 -1024 -96 ) (2160 -1024 -96 ) (2160 -1024 -864 ) 
4 162 229 (2336 -1024 -96 ) (2336 -1024 32 ) (2160 -1024 32 ) (2160 -1024 -96 ) 
4 162 193 (2336 -1024 32 ) (2336 -1024 160 ) (2160 -1024 160 ) (2160 -1024 32 ) 
4 162 189 (2336 -1024 160 ) (2336 -1024 800 ) (2160 -1024 800 ) (2160 -1024 160 ) 
4 162 166 (2160 -1024 -272 ) (2160 -1024 800 ) (2160 -928 800 ) (2160 -928 -272 ) 
4 162 164 (2160 -928 -272 ) (2160 -928 800 ) (2160 -912 800 ) (2160 -912 -272 ) 
4 162 163 (2160 -672 -864 ) (2160 -912 -864 ) (2160 -912 800 ) (2160 -672 800 ) 
4 163 168 (2048 -912 -864 ) (2048 -912 800 ) (2048 -672 800 ) (2048 -672 -864 ) 
4 163 165 (2048 -912 800 ) (2048 -912 -272 ) (2144 -912 -272 ) (2144 -912 800 ) 
4 163 164 (2160 -912 -272 ) (2160 -912 800 ) (2144 -912 800 ) (2144 -912 -272 ) 
4 164 166 (2160 -928 -272 ) (2160 -928 800 ) (2144 -928 800 ) (2144 -928 -272 ) 
4 164 165 (2144 -912 800 ) (2144 -912 -272 ) (2144 -928 -272 ) (2144 -928 800 ) 
4 165 169 (2048 -928 -272 ) (2048 -928 800 ) (2048 -912 800 ) (2048 -912 -272 ) 
4 165 167 (2144 -928 -272 ) (2144 -928 800 ) (2048 -928 800 ) (2048 -928 -272 ) 
4 166 237 (2160 -1024 -272 ) (2160 -1024 -96 ) (2144 -1024 -96 ) (2144 -1024 -272 ) 
4 166 229 (2160 -1024 -96 ) (2160 -1024 32 ) (2144 -1024 32 ) (2144 -1024 -96 ) 
4 166 193 (2160 -1024 32 ) (2160 -1024 160 ) (2144 -1024 160 ) (2144 -1024 32 ) 
4 166 189 (2160 -1024 160 ) (2160 -1024 800 ) (2144 -1024 800 ) (2144 -1024 160 ) 
4 166 167 (2144 -928 800 ) (2144 -928 -272 ) (2144 -1024 -272 ) (2144 -1024 800 ) 
4 167 239 (2144 -1024 -4544 ) (2144 -1024 -96 ) (2048 -1024 -96 ) (2048 -1024 -4544 ) 
4 167 229 (2144 -1024 -96 ) (2144 -1024 32 ) (2048 -1024 32 ) (2048 -1024 -96 ) 
4 167 193 (2144 -1024 32 ) (2144 -1024 160 ) (2048 -1024 160 ) (2048 -1024 32 ) 
4 167 189 (2144 -1024 160 ) (2144 -1024 800 ) (2048 -1024 800 ) (2048 -1024 160 ) 
4 167 172 (2048 -1024 -4544 ) (2048 -1024 800 ) (2048 -928 800 ) (2048 -928 -4544 ) 
4 168 171 (1872 -912 800 ) (1632 -912 800 ) (1632 -912 -864 ) (1872 -912 -864 ) 
4 168 170 (1888 -912 800 ) (1872 -912 800 ) (1872 -912 -272 ) (1888 -912 -272 ) 
4 168 169 (2048 -912 -272 ) (2048 -912 800 ) (1888 -912 800 ) (1888 -912 -272 ) 
4 169 172 (2048 -928 -272 ) (2048 -928 800 ) (1888 -928 800 ) (1888 -928 -272 ) 
4 169 170 (1888 -912 800 ) (1888 -912 -272 ) (1888 -928 -272 ) (1888 -928 800 ) 
4 170 173 (1888 -928 -272 ) (1888 -928 800 ) (1872 -928 800 ) (1872 -928 -272 ) 
4 170 171 (1872 -912 800 ) (1872 -912 -272 ) (1872 -928 -272 ) (1872 -928 800 ) 
4 171 174 (1872 -928 -864 ) (1872 -928 800 ) (1632 -928 800 ) (1632 -928 -864 ) 
4 172 242 (2048 -1024 -4544 ) (2048 -1024 800 ) (1888 -1024 800 ) (1888 -1024 -4544 ) 
4 172 173 (1888 -928 800 ) (1888 -928 -272 ) (1888 -1024 -272 ) (1888 -1024 800 ) 
4 173 245 (1888 -1024 -272 ) (1888 -1024 800 ) (1872 -1024 800 ) (1872 -1024 -272 ) 
4 173 174 (1872 -928 800 ) (1872 -928 -272 ) (1872 -1024 -272 ) (1872 -1024 800 ) 
4 174 247 (1872 -1024 -864 ) (1872 -1024 800 ) (1632 -1024 800 ) (1632 -1024 -864 ) 
4 175 180 (3072 -1152 304 ) (2976 -1152 304 ) (2976 -1024 304 ) (3072 -1024 304 ) 
4 175 177 (2880 -1152 320 ) (2880 -1152 1024 ) (2880 -1024 1024 ) (2880 -1024 320 ) 
4 175 176 (2880 -1152 320 ) (2880 -1024 320 ) (2976.006836 -1024 304 ) (2976.006836 -1152 304 ) 
4 176 181 (2976 -1152 304 ) (2880 -1152 304 ) (2880 -1024 304 ) (2976 -1024 304 ) 
4 176 178 (2880 -1024 304 ) (2880 -1152 304 ) (2880 -1152 320 ) (2880 -1024 320 ) 
4 177 179 (2688 -1152 320 ) (2688 -1024 320 ) (2816 -1024 320 ) (2816 -1152 320 ) 
4 177 178 (2816 -1024 320 ) (2880 -1024 320 ) (2880 -1152 320 ) (2816 -1152 320 ) 
4 178 182 (2880 -1152 304 ) (2816 -1152 304 ) (2816 -1024 304 ) (2880 -1024 304 ) 
4 178 179 (2816 -1024 304 ) (2816 -1152 304 ) (2816 -1152 320 ) (2816 -1024 320 ) 
4 180 181 (2976.006836 -1152 304 ) (2976.006836 -1024 304 ) (3072.006836 -1024 288 ) (3072.006836 -1152 288 ) 
4 181 184 (3072 -1152 288 ) (2880 -1152 288 ) (2880 -1024 288 ) (3072 -1024 288 ) 
4 181 182 (2880 -1024 288 ) (2880 -1152 288 ) (2880 -1152 304 ) (2880 -1024 304 ) 
4 182 185 (2880 -1152 288 ) (2816 -1152 288 ) (2816 -1024 288 ) (2880 -1024 288 ) 
4 183 208 (3072 -1152 160 ) (3072 -1152 256 ) (2880 -1152 288 ) (2880 -1152 160 ) 
4 183 194 (3072 -1152 160 ) (2880 -1152 160 ) (2880 -1120 160 ) (3072 -1120 160 ) 
4 183 190 (2880 -1120 160 ) (2880 -1024 160 ) (3072 -1024 160 ) (3072 -1120 160 ) 
4 183 185 (2880 -1024 160 ) (2880 -1152 160 ) (2880 -1152 288 ) (2880 -1024 288 ) 
4 183 184 (2880 -1024 288 ) (2880 -1152 288 ) (3072 -1152 256 ) (3072 -1024 256 ) 
3 184 208 (3072 -1152 256 ) (3072 -1152 288 ) (2880 -1152 288 ) 
4 185 195 (2880 -1152 160 ) (2688 -1152 160 ) (2688 -1120 160 ) (2880 -1120 160 ) 
4 185 191 (2688 -1120 160 ) (2688 -1024 160 ) (2880 -1024 160 ) (2880 -1120 160 ) 
4 186 188 (2528 -1120 224 ) (2528 -1120 222 ) (2592 -1120 222 ) (2592 -1120 224 ) 
4 186 187 (2592 -1120 222 ) (2528 -1120 222 ) (2528 -1024 222 ) (2592 -1024 222 ) 
4 187 193 (2528 -1120 160 ) (2528 -1024 160 ) (2592 -1024 160 ) (2592 -1120 160 ) 
4 187 188 (2528 -1120 222 ) (2528 -1120 160 ) (2592 -1120 160 ) (2592 -1120 222 ) 
4 188 199 (2592 -1152 160 ) (2528 -1152 160 ) (2528 -1120 160 ) (2592 -1120 160 ) 
4 189 242 (2048 -1024 800 ) (2048 -1024 160 ) (2048 -1152 160 ) (2048 -1152 800 ) 
4 189 213 (2048 -1152 288 ) (2048 -1152 160 ) (2336 -1152 160 ) (2336 -1152 288 ) 
4 189 207 (2048 -1152 352 ) (2048 -1152 288 ) (2336 -1152 288 ) (2336 -1152 352 ) 
4 189 201 (2048 -1152 800 ) (2048 -1152 352 ) (2336 -1152 352 ) (2336 -1152 800 ) 
4 189 200 (2336 -1152 160 ) (2048 -1152 160 ) (2048 -1120 160 ) (2336 -1120 160 ) 
4 189 193 (2048 -1120 160 ) (2048 -1024 160 ) (2336 -1024 160 ) (2336 -1120 160 ) 
4 190 227 (2880 -1024 32 ) (3072 -1024 32 ) (3072 -1120 32 ) (2880 -1120 32 ) 
4 190 194 (2880 -1120 32 ) (3072 -1120 32 ) (3072 -1120 160 ) (2880 -1120 160 ) 
4 190 191 (2880 -1024 32 ) (2880 -1120 32 ) (2880 -1120 160 ) (2880 -1024 160 ) 
4 191 195 (2674 -1120 32 ) (2880 -1120 32 ) (2880 -1120 160 ) (2674 -1120 160 ) 
4 191 192 (2674 -1024 32 ) (2674 -1120 32 ) (2674 -1120 160 ) (2674 -1024 160 ) 
4 192 196 (2673 -1120 32 ) (2674 -1120 32 ) (2674 -1120 160 ) (2673 -1120 160 ) 
4 192 193 (2673 -1024 32 ) (2673 -1120 32 ) (2673 -1120 160 ) (2673 -1024 160 ) 
4 193 242 (2048 -1024 160 ) (2048 -1024 32 ) (2048 -1120 32 ) (2048 -1120 160 ) 
4 193 229 (2048 -1120 32 ) (2048 -1024 32 ) (2528 -1024 32 ) (2528 -1120 32 ) 
4 193 199 (2528 -1120 32 ) (2592 -1120 32 ) (2592 -1120 160 ) (2528 -1120 160 ) 
4 193 200 (2048 -1120 32 ) (2336 -1120 32 ) (2336 -1120 160 ) (2048 -1120 160 ) 
4 193 198 (2600 -1120 32 ) (2616 -1120 32 ) (2616 -1120 160 ) (2600 -1120 160 ) 
4 193 197 (2656 -1120 32 ) (2673 -1120 32 ) (2673 -1120 160 ) (2656 -1120 160 ) 
4 194 227 (2880 -1120 32 ) (3072 -1120 32 ) (3072 -1152 32 ) (2880 -1152 32 ) 
4 194 210 (2880 -1152 32 ) (2888 -1152 32 ) (2888 -1152 96 ) (2880 -1152 96 ) 
4 194 209 (2888 -1152 32 ) (3072 -1152 32 ) (3072 -1152 96 ) (2888 -1152 96 ) 
4 194 208 (3072 -1152 96 ) (3072 -1152 160 ) (2880 -1152 160 ) (2880 -1152 96 ) 
4 194 195 (2880 -1120 160 ) (2880 -1120 32 ) (2880 -1152 32 ) (2880 -1152 160 ) 
4 195 224 (2752 -1152 32 ) (2848 -1152 32 ) (2848 -1152 96 ) (2752 -1152 96 ) 
4 195 220 (2848 -1152 32 ) (2880 -1152 32 ) (2880 -1152 96 ) (2848 -1152 96 ) 
4 195 196 (2674 -1120 160 ) (2674 -1120 32 ) (2674 -1152 32 ) (2674 -1152 160 ) 
4 196 197 (2673 -1120 160 ) (2673 -1120 32 ) (2673 -1152 32 ) (2673 -1152 160 ) 
4 200 242 (2048 -1120 32 ) (2048 -1152 32 ) (2048 -1152 160 ) (2048 -1120 160 ) 
4 200 230 (2048 -1152 32 ) (2048 -1120 32 ) (2336 -1120 32 ) (2336 -1152 32 ) 
4 200 226 (2048 -1152 32 ) (2336 -1152 32 ) (2336 -1152 160 ) (2048 -1152 160 ) 
4 201 244 (2048 -1200 352 ) (2048 -1440 352 ) (2048 -1440 800 ) (2048 -1200 800 ) 
4 201 243 (2048 -1184 352 ) (2048 -1200 352 ) (2048 -1200 800 ) (2048 -1184 800 ) 
4 201 242 (2048 -1152 800 ) (2048 -1152 352 ) (2048 -1184 352 ) (2048 -1184 800 ) 
4 201 207 (2048 -1152 352 ) (2336 -1152 352 ) (2336 -1440 352 ) (2048 -1440 352 ) 
4 202 203 (2832 -1744 368 ) (2736 -1744 368 ) (2736 -1648 368 ) (2832 -1648 368 ) 
4 203 206 (2848 -1760 352 ) (2720 -1760 352 ) (2720 -1632 352 ) (2848 -1632 352 ) 
4 204 208 (3072 -1216 288 ) (3072 -1344 288 ) (2880 -1344 288 ) (2880 -1216 288 ) 
4 204 205 (2880 -1216 288 ) (2880 -1344 288 ) (2880 -1344 352 ) (2880 -1216 352 ) 
4 205 214 (2880 -1216 288 ) (2880 -1344 288 ) (2608 -1344 288 ) (2608 -1216 288 ) 
4 206 216 (2880 -1600 288 ) (2880 -1792 288 ) (2688 -1792 288 ) (2688 -1600 288 ) 
4 207 244 (2048 -1440 352 ) (2048 -1200 352 ) (2048 -1200 288 ) (2048 -1440 288 ) 
4 207 243 (2048 -1200 352 ) (2048 -1184 352 ) (2048 -1184 288 ) (2048 -1200 288 ) 
4 207 242 (2048 -1184 352 ) (2048 -1152 352 ) (2048 -1152 288 ) (2048 -1184 288 ) 
4 207 219 (2048 -1440 288 ) (2048 -1344 288 ) (2336 -1344 288 ) (2336 -1440 288 ) 
4 207 215 (2048 -1344 288 ) (2048 -1216 288 ) (2336 -1216 288 ) (2336 -1344 288 ) 
4 207 213 (2048 -1216 288 ) (2048 -1152 288 ) (2336 -1152 288 ) (2336 -1216 288 ) 
4 208 223 (2880 -1600 96 ) (2880 -1792 96 ) (2880 -1792 160 ) (2880 -1600 160 ) 
4 208 222 (2880 -1408 96 ) (2880 -1536 96 ) (2880 -1536 160 ) (2880 -1408 160 ) 
4 208 218 (2880 -1600 160 ) (2880 -1792 160 ) (2880 -1792 224 ) (2880 -1600 224 ) 
4 208 217 (2880 -1408 160 ) (2880 -1536 160 ) (2880 -1536 224 ) (2880 -1408 224 ) 
4 208 216 (2880 -1792 288 ) (2880 -1600 288 ) (2880 -1600 224 ) (2880 -1792 224 ) 
4 208 214 (2880 -1344 288 ) (2880 -1216 288 ) (2880 -1216 224 ) (2880 -1344 224 ) 
4 208 211 (3008 -1792 96 ) (3072 -1792 96 ) (3072 -1792 288 ) (3008 -1792 288 ) 
3 208 210 (2880 -1216 96 ) (2880 -1152 96 ) (2888 -1152 96 ) 
5 208 209 (3072 -1792 96 ) (2880 -1792 96 ) (2880 -1216 96 ) (2888 -1152 96 ) (3072 -1152 96 ) 
5 209 227 (2880 -1792 32 ) (2880 -1216 32 ) (2888 -1152 32 ) (3072 -1152 32 ) (3072 -1792 32 ) 
4 209 223 (2880 -1600 32 ) (2880 -1792 32 ) (2880 -1792 96 ) (2880 -1600 96 ) 
4 209 221 (2880 -1280 32 ) (2880 -1344 32 ) (2880 -1344 96 ) (2880 -1280 96 ) 
4 209 211 (3008 -1792 32 ) (3072 -1792 32 ) (3072 -1792 96 ) (3008 -1792 96 ) 
4 209 210 (2880 -1215.996094 32 ) (2880 -1215.996094 96 ) (2888 -1152 96 ) (2888 -1152 32 ) 
3 210 227 (2880 -1216 32 ) (2880 -1152 32 ) (2888 -1152 32 ) 
4 210 220 (2880 -1152 96 ) (2880 -1152 32 ) (2880 -1216 32 ) (2880 -1216 96 ) 
4 213 244 (2048 -1216 288 ) (2048 -1200 288 ) (2048 -1200 160 ) (2048 -1216 160 ) 
4 213 243 (2048 -1200 288 ) (2048 -1184 288 ) (2048 -1184 160 ) (2048 -1200 160 ) 
4 213 242 (2048 -1184 288 ) (2048 -1152 288 ) (2048 -1152 160 ) (2048 -1184 160 ) 
4 213 226 (2048 -1216 160 ) (2048 -1152 160 ) (2336 -1152 160 ) (2336 -1216 160 ) 
4 213 215 (2048 -1216 160 ) (2336 -1216 160 ) (2336 -1216 288 ) (2048 -1216 288 ) 
4 215 244 (2048 -1344 288 ) (2048 -1216 288 ) (2048 -1216 160 ) (2048 -1344 160 ) 
4 215 226 (2048 -1344 160 ) (2048 -1216 160 ) (2336 -1216 160 ) (2336 -1344 160 ) 
4 215 219 (2048 -1344 160 ) (2336 -1344 160 ) (2336 -1344 288 ) (2048 -1344 288 ) 
4 216 218 (2688 -1792 224 ) (2688 -1600 224 ) (2880 -1600 224 ) (2880 -1792 224 ) 
4 217 222 (2880 -1408 160 ) (2880 -1536 160 ) (2848 -1536 160 ) (2848 -1408 160 ) 
4 218 225 (2848 -1792 160 ) (2688 -1792 160 ) (2688 -1600 160 ) (2848 -1600 160 ) 
4 218 223 (2880 -1600 160 ) (2880 -1792 160 ) (2848 -1792 160 ) (2848 -1600 160 ) 
4 219 244 (2048 -1440 288 ) (2048 -1344 288 ) (2048 -1344 160 ) (2048 -1440 160 ) 
4 219 226 (2048 -1440 160 ) (2048 -1344 160 ) (2336 -1344 160 ) (2336 -1440 160 ) 
4 220 224 (2848 -1152 96 ) (2848 -1152 32 ) (2848 -1216 32 ) (2848 -1216 96 ) 
4 223 225 (2848 -1792 160 ) (2848 -1600 160 ) (2848 -1600 32 ) (2848 -1792 32 ) 
4 226 244 (2048 -1200 32 ) (2048 -1440 32 ) (2048 -1440 160 ) (2048 -1200 160 ) 
4 226 243 (2048 -1184 32 ) (2048 -1200 32 ) (2048 -1200 160 ) (2048 -1184 160 ) 
4 226 242 (2048 -1152 32 ) (2048 -1184 32 ) (2048 -1184 160 ) (2048 -1152 160 ) 
4 226 231 (2048 -1440 32 ) (2048 -1216 32 ) (2336 -1216 32 ) (2336 -1440 32 ) 
4 226 230 (2048 -1216 32 ) (2048 -1152 32 ) (2336 -1152 32 ) (2336 -1216 32 ) 
4 227 235 (2880 -1024 -96 ) (3072 -1024 -96 ) (3072 -1792 -96 ) (2880 -1792 -96 ) 
4 227 232 (2880 -1216 -96 ) (2880 -1792 -96 ) (2880 -1792 -32 ) (2880 -1216 -32 ) 
4 227 228 (2880 -1024 -96 ) (2880 -1216 -96 ) (2880 -1216 -32 ) (2880 -1024 -32 ) 
4 228 232 (2856 -1216 -96 ) (2880 -1216 -96 ) (2880 -1216 -32 ) (2856 -1216 -32 ) 
4 229 242 (2048 -1024 32 ) (2048 -1024 -96 ) (2048 -1120 -96 ) (2048 -1120 32 ) 
4 229 239 (2048 -1024 -96 ) (2144 -1024 -96 ) (2144 -1120 -96 ) (2048 -1120 -96 ) 
4 229 237 (2144 -1024 -96 ) (2160 -1024 -96 ) (2160 -1120 -96 ) (2144 -1120 -96 ) 
4 229 236 (2160 -1024 -96 ) (2336 -1024 -96 ) (2336 -1120 -96 ) (2160 -1120 -96 ) 
4 229 230 (2048 -1120 -96 ) (2336 -1120 -96 ) (2336 -1120 32 ) (2048 -1120 32 ) 
4 230 244 (2048 -1200 -96 ) (2048 -1216 -96 ) (2048 -1216 32 ) (2048 -1200 32 ) 
4 230 243 (2048 -1184 -96 ) (2048 -1200 -96 ) (2048 -1200 32 ) (2048 -1184 32 ) 
4 230 242 (2048 -1120 -96 ) (2048 -1184 -96 ) (2048 -1184 32 ) (2048 -1120 32 ) 
4 230 241 (2144 -1216 -96 ) (2048 -1216 -96 ) (2048 -1200 -96 ) (2144 -1200 -96 ) 
4 230 240 (2048 -1200 -96 ) (2048 -1184 -96 ) (2144 -1184 -96 ) (2144 -1200 -96 ) 
4 230 239 (2048 -1184 -96 ) (2048 -1120 -96 ) (2144 -1120 -96 ) (2144 -1184 -96 ) 
4 230 238 (2160 -1216 -96 ) (2144 -1216 -96 ) (2144 -1200 -96 ) (2160 -1200 -96 ) 
4 230 237 (2144 -1200 -96 ) (2144 -1120 -96 ) (2160 -1120 -96 ) (2160 -1200 -96 ) 
4 230 236 (2336 -1216 -96 ) (2160 -1216 -96 ) (2160 -1120 -96 ) (2336 -1120 -96 ) 
4 230 234 (2048 -1216 -96 ) (2336 -1216 -96 ) (2336 -1216 -32 ) (2048 -1216 -32 ) 
4 230 231 (2336 -1216 -32 ) (2336 -1216 32 ) (2048 -1216 32 ) (2048 -1216 -32 ) 
4 231 244 (2048 -1440 32 ) (2048 -1216 32 ) (2048 -1216 -32 ) (2048 -1440 -32 ) 
4 231 234 (2048 -1216 -32 ) (2336 -1216 -32 ) (2336 -1440 -32 ) (2048 -1440 -32 ) 
4 232 233 (2856 -1792 -32 ) (2856 -1792 -96 ) (2880 -1792 -96 ) (2880 -1792 -32 ) 
4 234 244 (2048 -1216 -96 ) (2048 -1440 -96 ) (2048 -1440 -32 ) (2048 -1216 -32 ) 
4 234 241 (2048 -1440 -96 ) (2048 -1216 -96 ) (2144 -1216 -96 ) (2144 -1440 -96 ) 
4 234 238 (2144 -1216 -96 ) (2160 -1216 -96 ) (2160 -1440 -96 ) (2144 -1440 -96 ) 
4 234 236 (2160 -1216 -96 ) (2336 -1216 -96 ) (2336 -1440 -96 ) (2160 -1440 -96 ) 
4 236 238 (2160 -1440 -96 ) (2160 -1200 -96 ) (2160 -1200 -864 ) (2160 -1440 -864 ) 
4 236 237 (2160 -1200 -96 ) (2160 -1024 -96 ) (2160 -1024 -272 ) (2160 -1200 -272 ) 
4 237 240 (2144 -1200 -96 ) (2144 -1184 -96 ) (2144 -1184 -272 ) (2144 -1200 -272 ) 
4 237 239 (2144 -1184 -96 ) (2144 -1024 -96 ) (2144 -1024 -272 ) (2144 -1184 -272 ) 
4 237 238 (2144 -1200 -96 ) (2144 -1200 -272 ) (2160 -1200 -272 ) (2160 -1200 -96 ) 
4 238 241 (2144 -1440 -96 ) (2144 -1200 -96 ) (2144 -1200 -864 ) (2144 -1440 -864 ) 
4 239 242 (2048 -1024 -96 ) (2048 -1024 -4544 ) (2048 -1184 -4544 ) (2048 -1184 -96 ) 
4 239 240 (2144 -1184 -272 ) (2144 -1184 -96 ) (2048 -1184 -96 ) (2048 -1184 -272 ) 
4 240 243 (2048 -1200 -272 ) (2048 -1200 -96 ) (2048 -1184 -96 ) (2048 -1184 -272 ) 
4 240 241 (2144 -1200 -272 ) (2144 -1200 -96 ) (2048 -1200 -96 ) (2048 -1200 -272 ) 
4 241 244 (2048 -1440 -96 ) (2048 -1200 -96 ) (2048 -1200 -864 ) (2048 -1440 -864 ) 
4 242 245 (1888 -1184 -272 ) (1888 -1184 800 ) (1888 -1024 800 ) (1888 -1024 -272 ) 
4 242 243 (1888 -1184 800 ) (1888 -1184 -272 ) (2048 -1184 -272 ) (2048 -1184 800 ) 
4 243 245 (1888 -1200 -272 ) (1888 -1200 800 ) (1888 -1184 800 ) (1888 -1184 -272 ) 
4 243 244 (1888 -1200 800 ) (1888 -1200 -272 ) (2048 -1200 -272 ) (2048 -1200 800 ) 
4 244 246 (1888 -1440 -864 ) (1888 -1440 800 ) (1888 -1200 800 ) (1888 -1200 -864 ) 
4 245 247 (1872 -1024 800 ) (1872 -1024 -272 ) (1872 -1200 -272 ) (1872 -1200 800 ) 
4 245 246 (1872 -1200 800 ) (1872 -1200 -272 ) (1888 -1200 -272 ) (1888 -1200 800 ) 
4 246 247 (1872 -1440 -864 ) (1872 -1440 800 ) (1872 -1200 800 ) (1872 -1200 -864 ) 
4 249 250 (800 -3072 112 ) (384 -3072 112 ) (384 -3072 -16 ) (800 -3072 -16 ) 
