


materialPath: D:\SteamLibrary\steamapps\common\Portal 2\portal2\materials
Loading d:\steamlibrary\steamapps\common\portal 2\portal2_dlc3\maps\sp_a2_laser_intro.vmf
ConVarRef gpu_level doesn't point to an existing ConVar
Material not found!: PLASTER/PLASTERWALL044C
Patching WVT material: maps/sp_a2_laser_intro/nature/blendwhitefloor_dirt02_wvt_patch
fixing up env_cubemap materials on brush sides...
0...1...2...3...4...5...6...7...8...9...100...1...2...3...4...5...6...7...8...9...10Processing areas...done (0)
Building Faces...done (0)
Chop Details...done (0)
Find Visible Detail Sides...
Merged 374 detail faces...done (0)
Merging details...done (0)
FixTjuncs...
PruneNodes...
WriteBSP...
done (0)
writing d:\steamlibrary\steamapps\common\portal 2\portal2_dlc3\maps\sp_a2_laser_intro.prt...Building visibility clusters...
done (0)
Finding displacement neighbors...
Finding lightmap sample positions...
Displacement Alpha : 0...1...2...3...4...5...6...7...8...9...10
Building Physics collision data...
done (0) (421152 bytes)
Encountered obsolete static prop option to do its fade in screen space @ -784.00 0.00 64.00
Encountered obsolete static prop option to do its fade in screen space @ -752.00 0.00 64.00
Encountered obsolete static prop option to do its fade in screen space @ 672.00 0.00 144.00
Encountered obsolete static prop option to do its fade in screen space @ 704.00 0.00 144.00
Placing detail props : 0...1...2...3...4...5...6...7...8...9...10
Compacting texture/material tables...
Reduced 1788 texinfos to 892
Reduced 75 texdatas to 70 (2233 bytes to 2037)
Writing d:\steamlibrary\steamapps\common\portal 2\portal2_dlc3\maps\sp_a2_laser_intro.bsp

nummapplanes:     (  8254 / 65536 )
nummapbrushes:    (  1087 /  8192 )
nummapbrushsides: ( 10009 / 65536 )
num_map_overlays: (    29 /   512 )
nummodels:        (    57 /  1024 )
num_entities:     (   372 / 16384 )

1 second elapsed



12 threads
reading d:\steamlibrary\steamapps\common\portal 2\portal2_dlc3\maps\sp_a2_laser_intro.bsp
reading d:\steamlibrary\steamapps\common\portal 2\portal2_dlc3\maps\sp_a2_laser_intro.prt
 462 portalclusters
1531 numportals
0...1...2...3...4...5...6...7...8...9...100...1...2...3...4...5...6...7...8...9...10Optimized: 565 visible clusters (0.00%)
Total clusters visible: 132050
Average clusters visible: 285
Building PAS...
Average clusters audible: 443
visdatasize:55365  compressed from 59136
writing d:\steamlibrary\steamapps\common\portal 2\portal2_dlc3\maps\sp_a2_laser_intro.bsp
14 seconds elapsed



[Reading texlights from 'lights.rad']
[59 texlights parsed from 'lights.rad']

Loading d:\steamlibrary\steamapps\common\portal 2\portal2_dlc3\maps\sp_a2_laser_intro.bsp
Loaded alpha texture materials\Metal\metalgrate018.vtf
Loaded alpha texture materials\Metal\metalgrate018b.vtf
Loaded alpha texture materials\Tools\toolsinvisible.vtf
2488 faces
259710 square feet [37398284.00 square inches]
5 Displacements
1540 Square Feet [221879.67 Square Inches]
2488 patches before subdivision
17510 patches after subdivision
30 direct lights
0...1...2...3...4...5...6...7...8...9...100...1...2...3...4...5...6...7...8...9...10transfers 1262528, max 434
transfer lists:   9.6 megs
0...1...2...3...4...5...6...7...8...9...10	Bounce #1 added RGB(8142, 6889, 4987)
0...1...2...3...4...5...6...7...8...9...10	Bounce #2 added RGB(1999, 1715, 1246)
0...1...2...3...4...5...6...7...8...9...10	Bounce #3 added RGB(612, 534, 386)
0...1...2...3...4...5...6...7...8...9...10	Bounce #4 added RGB(216, 192, 139)
0...1...2...3...4...5...6...7...8...9...10	Bounce #5 added RGB(85, 77, 56)
0...1...2...3...4...5...6...7...8...9...10	Bounce #6 added RGB(35, 32, 23)
0...1...2...3...4...5...6...7...8...9...10	Bounce #7 added RGB(15, 14, 10)
0...1...2...3...4...5...6...7...8...9...10	Bounce #8 added RGB(7, 6, 4)
0...1...2...3...4...5...6...7...8...9...10	Bounce #9 added RGB(3, 3, 2)
0...1...2...3...4...5...6...7...8...9...10	Bounce #10 added RGB(1, 1, 1)
0...1...2...3...4...5...6...7...8...9...10	Bounce #11 added RGB(1, 1, 0)
Build Patch/Sample Hash Table(s).....Done<0.0040 sec>
0...1...2...3...4...5...6...7...8...9...10FinalLightFace Done
8 of 8 (100% of) surface lights went in leaf ambient cubes.
0...1...2...3...4...5...6...7...8...9...10Writing leaf ambient...done
Computing static prop lighting : 00...1...2...3...4...5...6...7...8...9...10
Ready to Finish

Object names       Objects/Maxobjs  Memory / Maxmem  Fullness 
------------       ---------------  ---------------  -------- 
models                  57/1024         2736/49152    ( 5.6%) 
brushes               1087/8192        13044/98304    (13.3%) 
brushsides           10101/65536       80808/524288   (15.4%) 
planes                8254/65536      165080/1310720  (12.6%) 
vertexes              4771/65536       57252/786432   ( 7.3%) 
nodes                 1575/65536       50400/2097152  ( 2.4%) 
texinfos               892/12288       64224/884736   ( 7.3%) 
texdata                 70/2048         2240/65536    ( 3.4%) 
dispinfos                5/0             880/0        ( 0.0%) 
disp_verts             405/0            8100/0        ( 0.0%) 
disp_tris              640/0            1280/0        ( 0.0%) 
disp_multiblend          0/0               0/0        ( 0.0%) 
disp_lmsamples       15420/0           15420/0        ( 0.0%) 
faces                 2488/65536      139328/3670016  ( 3.8%) 
hdr faces                0/65536           0/3670016  ( 0.0%) 
origfaces             1900/65536      106400/3670016  ( 2.9%) 
facebrushes            204/0             408/0        ( 0.0%) 
facebrushlists        2488/0            9952/0        ( 0.0%) 
leaves                1633/65536       52256/2097152  ( 2.5%) 
leaffaces             3378/65536        6756/131072   ( 5.2%) 
leafbrushes           2636/65536        5272/131072   ( 4.0%) 
areas                    9/256            72/2048     ( 3.5%) 
surfedges            19122/512000      76488/2048000  ( 3.7%) 
edges                11704/256000      46816/1024000  ( 4.6%) 
LDR worldlights         30/8192         3000/819200   ( 0.4%) 
HDR worldlights          0/8192            0/819200   ( 0.0%) 
leafwaterdata            1/32768          12/393216   ( 0.0%) 
waterstrips            295/32768        2950/327680   ( 0.9%) 
waterverts               0/65536           0/786432   ( 0.0%) 
waterindices          4788/65536        9576/131072   ( 7.3%) 
cubemapsamples          12/1024          192/16384    ( 1.2%) 
overlays                29/512         10208/180224   ( 5.7%) 
LDR lightdata         [variable]     1403668/0        ( 0.0%) 
HDR lightdata         [variable]           0/0        ( 0.0%) 
visdata               [variable]       55365/16777216 ( 0.3%) 
entdata               [variable]      133651/393216   (34.0%) 
LDR ambient table     1633/65536        6532/262144   ( 2.5%) 
HDR ambient table     1633/65536        6532/262144   ( 2.5%) 
LDR leaf ambient      6540/65536      183120/1835008  (10.0%) 
HDR leaf ambient      1633/65536       45724/1835008  ( 2.5%) 
occluders                0/0               0/0        ( 0.0%) 
occluder polygons        0/0               0/0        ( 0.0%) 
occluder vert ind        0/0               0/0        ( 0.0%) 
detail props          [variable]           1/12       ( 8.3%) 
static props          [variable]           1/27942    ( 0.0%) 
pakfile               [variable]     2648121/0        ( 0.0%) 
physics               [variable]      421152/4194304  (10.0%) 
physics terrain       [variable]        1401/1048576  ( 0.1%) 

Level flags = 1

Total triangle count: 6567
Writing d:\steamlibrary\steamapps\common\portal 2\portal2_dlc3\maps\sp_a2_laser_intro.bsp
1 minute, 15 seconds elapsed



[Reading texlights from 'lights.rad']
[59 texlights parsed from 'lights.rad']

Loading d:\steamlibrary\steamapps\common\portal 2\portal2_dlc3\maps\sp_a2_laser_intro.bsp
Loaded alpha texture materials\Metal\metalgrate018.vtf
Loaded alpha texture materials\Metal\metalgrate018b.vtf
Loaded alpha texture materials\Tools\toolsinvisible.vtf
2488 faces
259710 square feet [37398284.00 square inches]
5 Displacements
1540 Square Feet [221879.67 Square Inches]
2488 patches before subdivision
17510 patches after subdivision
30 direct lights
0...1...2...3...4...5...6...7...8...9...100...1...2...3...4...5...6...7...8...9...10transfers 1262528, max 434
transfer lists:   9.6 megs
0...1...2...3...4...5...6...7...8...9...10	Bounce #1 added RGB(8141, 6889, 4987)
0...1...2...3...4...5...6...7...8...9...10	Bounce #2 added RGB(1999, 1715, 1246)
0...1...2...3...4...5...6...7...8...9...10	Bounce #3 added RGB(612, 534, 386)
0...1...2...3...4...5...6...7...8...9...10	Bounce #4 added RGB(216, 192, 139)
0...1...2...3...4...5...6...7...8...9...10	Bounce #5 added RGB(85, 77, 56)
0...1...2...3...4...5...6...7...8...9...10	Bounce #6 added RGB(35, 32, 23)
0...1...2...3...4...5...6...7...8...9...10	Bounce #7 added RGB(15, 14, 10)
0...1...2...3...4...5...6...7...8...9...10	Bounce #8 added RGB(7, 6, 4)
0...1...2...3...4...5...6...7...8...9...10	Bounce #9 added RGB(3, 3, 2)
0...1...2...3...4...5...6...7...8...9...10	Bounce #10 added RGB(1, 1, 1)
0...1...2...3...4...5...6...7...8...9...10	Bounce #11 added RGB(1, 1, 0)
Build Patch/Sample Hash Table(s).....Done<0.0039 sec>
0...1...2...3...4...5...6...7...8...9...10FinalLightFace Done
8 of 8 (100% of) surface lights went in leaf ambient cubes.
0...1...2...3...4...5...6...7...8...9...10Writing leaf ambient...done
Computing static prop lighting : 00...1...2...3...4...5...6...7...8...9...10
Ready to Finish

Object names       Objects/Maxobjs  Memory / Maxmem  Fullness 
------------       ---------------  ---------------  -------- 
models                  57/1024         2736/49152    ( 5.6%) 
brushes               1087/8192        13044/98304    (13.3%) 
brushsides           10101/65536       80808/524288   (15.4%) 
planes                8254/65536      165080/1310720  (12.6%) 
vertexes              4771/65536       57252/786432   ( 7.3%) 
nodes                 1575/65536       50400/2097152  ( 2.4%) 
texinfos               892/12288       64224/884736   ( 7.3%) 
texdata                 70/2048         2240/65536    ( 3.4%) 
dispinfos                5/0             880/0        ( 0.0%) 
disp_verts             405/0            8100/0        ( 0.0%) 
disp_tris              640/0            1280/0        ( 0.0%) 
disp_multiblend          0/0               0/0        ( 0.0%) 
disp_lmsamples       15420/0           15420/0        ( 0.0%) 
faces                 2488/65536      139328/3670016  ( 3.8%) 
hdr faces             2488/65536      139328/3670016  ( 3.8%) 
origfaces             1900/65536      106400/3670016  ( 2.9%) 
facebrushes            204/0             408/0        ( 0.0%) 
facebrushlists        2488/0            9952/0        ( 0.0%) 
leaves                1633/65536       52256/2097152  ( 2.5%) 
leaffaces             3378/65536        6756/131072   ( 5.2%) 
leafbrushes           2636/65536        5272/131072   ( 4.0%) 
areas                    9/256            72/2048     ( 3.5%) 
surfedges            19122/512000      76488/2048000  ( 3.7%) 
edges                11704/256000      46816/1024000  ( 4.6%) 
LDR worldlights         30/8192         3000/819200   ( 0.4%) 
HDR worldlights         30/8192         3000/819200   ( 0.4%) 
leafwaterdata            1/32768          12/393216   ( 0.0%) 
waterstrips            295/32768        2950/327680   ( 0.9%) 
waterverts               0/65536           0/786432   ( 0.0%) 
waterindices          4788/65536        9576/131072   ( 7.3%) 
cubemapsamples          12/1024          192/16384    ( 1.2%) 
overlays                29/512         10208/180224   ( 5.7%) 
LDR lightdata         [variable]     1403668/0        ( 0.0%) 
HDR lightdata         [variable]     1403668/0        ( 0.0%) 
visdata               [variable]       55365/16777216 ( 0.3%) 
entdata               [variable]      133651/393216   (34.0%) 
LDR ambient table     1633/65536        6532/262144   ( 2.5%) 
HDR ambient table     1633/65536        6532/262144   ( 2.5%) 
LDR leaf ambient      6540/65536      183120/1835008  (10.0%) 
HDR leaf ambient      6540/65536      183120/1835008  (10.0%) 
occluders                0/0               0/0        ( 0.0%) 
occluder polygons        0/0               0/0        ( 0.0%) 
occluder vert ind        0/0               0/0        ( 0.0%) 
detail props          [variable]           1/12       ( 8.3%) 
static props          [variable]           1/27942    ( 0.0%) 
pakfile               [variable]     4328653/0        ( 0.0%) 
physics               [variable]      421152/4194304  (10.0%) 
physics terrain       [variable]        1401/1048576  ( 0.1%) 

Level flags = 3

Total triangle count: 6567
Writing d:\steamlibrary\steamapps\common\portal 2\portal2_dlc3\maps\sp_a2_laser_intro.bsp
1 minute, 15 seconds elapsed
