PRT1
320
835
5 3 138 (-512 1024 -896 ) (-512 1024 -128 ) (-712.717407 1024 -128 ) (-752 1024 -389.122925 ) (-752 1024 -896 ) 
4 3 136 (-512 1024 -128 ) (-512 1024 0 ) (-693.461487 1024 0 ) (-712.717407 1024 -128 ) 
4 3 108 (-544 1024 128 ) (-674.205566 1024 128 ) (-693.461487 1024 0 ) (-544 1024 0 ) 
4 3 106 (-512 1024 0 ) (-512 1024 128 ) (-544 1024 128 ) (-544 1024 0 ) 
4 3 90 (-512 1024 128 ) (-512 1024 192 ) (-664.577576 1024 192 ) (-674.205566 1024 128 ) 
4 3 84 (-512 1024 192 ) (-512 1024 384 ) (-635.693665 1024 384 ) (-664.577576 1024 192 ) 
4 3 72 (-512 1024 384 ) (-512 1024 640 ) (-597.181763 1024 640 ) (-635.693665 1024 384 ) 
4 3 70 (-512 1024 640 ) (-512 1024 768 ) (-577.925842 1024 768 ) (-597.181763 1024 640 ) 
4 3 13 (-752 1024 -896 ) (-752 1024 -389.122894 ) (-752 1072 -453.146484 ) (-752 1072 -896 ) 
3 3 9 (-752 1360 -837.287964 ) (-752 1404.017822 -896 ) (-752 1360 -896 ) 
4 3 8 (-665.239380 1178.430176 -18.390455 ) (-606.277954 1472 -18.026550 ) (-625.328003 1472 -144.657776 ) (-683.520752 1182.259766 -145.020340 ) 
4 3 7 (-715.306396 1024 -145.218384 ) (-696.255554 1024 -18.581886 ) (-678.583130 1111.991333 -18.472813 ) (-696.863037 1115.829102 -145.103470 ) 
5 3 6 (-696.255554 1024 -18.581886 ) (-577.924255 1024 768 ) (-512 1352.542969 768 ) (-512 1472 608.665588 ) (-606.277954 1472 -18.026550 ) 
5 3 5 (-738.357910 1472 -896 ) (-752 1404.012695 -896 ) (-752 1024 -389.131165 ) (-715.306396 1024 -145.218384 ) (-625.328003 1472 -144.657776 ) 
3 4 138 (-752 1024 -128 ) (-752 1024 -282.035522 ) (-728.841675 1024 -128 ) 
4 4 136 (-752 1024 0 ) (-752 1024 -128 ) (-728.841675 1024 -128 ) (-709.597595 1024 0 ) 
4 4 108 (-752 1024 128 ) (-752 1024 0 ) (-709.597595 1024 0 ) (-690.353577 1024 128 ) 
4 4 90 (-752 1024 192 ) (-752 1024 128 ) (-690.353577 1024 128 ) (-680.731567 1024 192 ) 
4 4 84 (-752 1024 384 ) (-752 1024 192 ) (-680.731567 1024 192 ) (-651.865479 1024 384 ) 
4 4 72 (-752 1024 640 ) (-752 1024 384 ) (-651.865479 1024 384 ) (-613.377380 1024 640 ) 
4 4 70 (-594.133301 1024 768 ) (-752 1024 768 ) (-752 1024 640 ) (-613.377380 1024 640 ) 
4 4 13 (-752 1024 -282.035431 ) (-752 1024 768 ) (-752 1072 768 ) (-752 1072 -344.535095 ) 
4 4 12 (-752 1072 768 ) (-752 1088 768 ) (-752 1088 -304 ) (-752 1072 -304 ) 
4 4 11 (-752 1088 768 ) (-752 1344 768 ) (-752 1344 -304 ) (-752 1088 -304 ) 
4 4 10 (-752 1344 768 ) (-752 1360 768 ) (-752 1360 -304 ) (-752 1344 -304 ) 
4 4 9 (-752 1360 768 ) (-752 1472 768 ) (-752 1472 -865.365601 ) (-752 1360 -719.533081 ) 
4 4 8 (-643.256348 1472 -142.069153 ) (-624.217773 1472 -15.434944 ) (-681.544800 1179.589844 -16 ) (-699.832947 1183.420044 -142.629913 ) 
4 4 7 (-693.715576 1117.509766 -16.119816 ) (-712.048157 1024 -16.300476 ) (-731.087463 1024 -142.939697 ) (-712.001892 1121.349854 -142.750534 ) 
5 4 6 (-624.217773 1472 -15.434944 ) (-512 1472 730.977051 ) (-512 1443.566406 768 ) (-594.134033 1024 768 ) (-712.048157 1024 -16.300476 ) 
4 4 5 (-752 1472 -865.372620 ) (-643.256348 1472 -142.069153 ) (-731.087463 1024 -142.939697 ) (-752 1024 -282.038452 ) 
4 5 138 (-731.087769 1024 -142.939636 ) (-752 1024 -282.035522 ) (-752 1024 -389.122925 ) (-715.307678 1024 -145.218201 ) 
4 5 13 (-752 1024 -389.122894 ) (-752 1024 -282.035431 ) (-752 1072 -344.535095 ) (-752 1072 -453.146484 ) 
5 5 9 (-752 1360 -719.533081 ) (-752 1472 -865.365601 ) (-752 1472 -896 ) (-752 1404.017822 -896 ) (-752 1360 -837.287964 ) 
4 5 8 (-643.255188 1472 -142.069077 ) (-699.831787 1183.419922 -142.629883 ) (-683.522034 1182.259888 -145.020050 ) (-625.329224 1472 -144.657501 ) 
4 5 7 (-712 1121.349487 -142.750504 ) (-731.086426 1024 -142.939682 ) (-715.307678 1024 -145.218063 ) (-696.864197 1115.829590 -145.103165 ) 
4 6 136 (-709.597656 1024 0 ) (-712.048340 1024 -16.300476 ) (-696.256836 1024 -18.581688 ) (-693.461487 1024 0 ) 
4 6 108 (-690.353577 1024 128 ) (-709.597656 1024 0 ) (-693.461487 1024 0 ) (-674.205505 1024 128 ) 
4 6 90 (-680.731567 1024 192 ) (-690.353577 1024 128 ) (-674.205505 1024 128 ) (-664.577515 1024 192 ) 
4 6 84 (-651.865479 1024 384 ) (-680.731567 1024 192 ) (-664.577515 1024 192 ) (-635.693604 1024 384 ) 
4 6 72 (-613.377380 1024 640 ) (-651.865479 1024 384 ) (-635.693604 1024 384 ) (-597.181763 1024 640 ) 
4 6 70 (-577.925842 1024 768 ) (-594.133301 1024 768 ) (-613.377380 1024 640 ) (-597.181763 1024 640 ) 
4 6 8 (-681.544678 1179.589966 -16 ) (-624.217651 1472 -15.435465 ) (-606.278625 1472 -18.026905 ) (-665.240112 1178.430176 -18.390823 ) 
4 6 7 (-712.048096 1024 -16.301008 ) (-693.715515 1117.509766 -16.120346 ) (-678.583862 1111.991699 -18.473183 ) (-696.256348 1024 -18.582260 ) 
4 7 138 (-728.841675 1024 -128 ) (-731.087769 1024 -142.939636 ) (-715.307678 1024 -145.218201 ) (-712.717407 1024 -128 ) 
4 7 136 (-712.048340 1024 -16.300476 ) (-728.841675 1024 -128 ) (-712.717407 1024 -128 ) (-696.256836 1024 -18.581688 ) 
4 9 14 (-768 1360 -896 ) (-768 1360 768 ) (-768 1472 768 ) (-768 1472 -896 ) 
4 9 10 (-768 1360 768 ) (-768 1360 -304 ) (-752 1360 -304 ) (-752 1360 768 ) 
4 10 15 (-768 1344 -304 ) (-768 1344 768 ) (-768 1360 768 ) (-768 1360 -304 ) 
4 10 11 (-768 1344 768 ) (-768 1344 -304 ) (-752 1344 -304 ) (-752 1344 768 ) 
4 11 16 (-768 1088 -304 ) (-768 1088 768 ) (-768 1344 768 ) (-768 1344 -304 ) 
4 11 12 (-768 1088 768 ) (-768 1088 -304 ) (-752 1088 -304 ) (-752 1088 768 ) 
4 12 17 (-768 1072 -304 ) (-768 1072 768 ) (-768 1088 768 ) (-768 1088 -304 ) 
4 12 13 (-768 1072 768 ) (-768 1072 -304 ) (-752 1072 -304 ) (-752 1072 768 ) 
4 13 138 (-752 1024 -896 ) (-752 1024 -128 ) (-768 1024 -128 ) (-768 1024 -896 ) 
4 13 136 (-752 1024 -128 ) (-752 1024 0 ) (-768 1024 0 ) (-768 1024 -128 ) 
4 13 108 (-752 1024 0 ) (-752 1024 128 ) (-768 1024 128 ) (-768 1024 0 ) 
4 13 90 (-752 1024 128 ) (-752 1024 192 ) (-768 1024 192 ) (-768 1024 128 ) 
4 13 84 (-752 1024 192 ) (-752 1024 384 ) (-768 1024 384 ) (-768 1024 192 ) 
4 13 72 (-752 1024 384 ) (-752 1024 640 ) (-768 1024 640 ) (-768 1024 384 ) 
4 13 70 (-752 1024 640 ) (-752 1024 768 ) (-768 1024 768 ) (-768 1024 640 ) 
4 13 18 (-768 1024 -896 ) (-768 1024 768 ) (-768 1072 768 ) (-768 1072 -896 ) 
4 14 140 (-1024 1360 -896 ) (-1024 1360 768 ) (-1024 1472 768 ) (-1024 1472 -896 ) 
4 14 15 (-768 1360 -304 ) (-768 1360 768 ) (-1024 1360 768 ) (-1024 1360 -304 ) 
4 15 141 (-1024 1344 -304 ) (-1024 1344 768 ) (-1024 1360 768 ) (-1024 1360 -304 ) 
4 15 16 (-1024 1344 768 ) (-1024 1344 -304 ) (-768 1344 -304 ) (-768 1344 768 ) 
4 16 142 (-1024 1088 -304 ) (-1024 1088 768 ) (-1024 1344 768 ) (-1024 1344 -304 ) 
4 16 17 (-768 1088 -304 ) (-768 1088 768 ) (-1024 1088 768 ) (-1024 1088 -304 ) 
4 17 143 (-1024 1072 -304 ) (-1024 1072 768 ) (-1024 1088 768 ) (-1024 1088 -304 ) 
4 17 18 (-1024 1072 768 ) (-1024 1072 -304 ) (-768 1072 -304 ) (-768 1072 768 ) 
4 18 144 (-1024 1024 -896 ) (-1024 1024 768 ) (-1024 1072 768 ) (-1024 1072 -896 ) 
4 18 138 (-768 1024 -896 ) (-768 1024 -128 ) (-1024 1024 -128 ) (-1024 1024 -896 ) 
4 18 136 (-768 1024 -128 ) (-768 1024 0 ) (-1024 1024 0 ) (-1024 1024 -128 ) 
4 18 135 (-992 1024 128 ) (-1024 1024 128 ) (-1024 1024 0 ) (-992 1024 0 ) 
4 18 129 (-960 1024 128 ) (-992 1024 128 ) (-992 1024 0 ) (-960 1024 0 ) 
4 18 126 (-960 1024 126 ) (-960 1024 0 ) (-832 1024 0 ) (-832 1024 126 ) 
4 18 123 (-832 1024 128 ) (-960 1024 128 ) (-960 1024 126 ) (-832 1024 126 ) 
4 18 114 (-800 1024 128 ) (-832 1024 128 ) (-832 1024 0 ) (-800 1024 0 ) 
4 18 108 (-768 1024 0 ) (-768 1024 128 ) (-800 1024 128 ) (-800 1024 0 ) 
4 18 95 (-992 1024 192 ) (-1024 1024 192 ) (-1024 1024 128 ) (-992 1024 128 ) 
4 18 91 (-800 1024 192 ) (-992 1024 192 ) (-992 1024 128 ) (-800 1024 128 ) 
4 18 90 (-768 1024 128 ) (-768 1024 192 ) (-800 1024 192 ) (-800 1024 128 ) 
4 18 87 (-960 1024 384 ) (-1024 1024 384 ) (-1024 1024 192 ) (-960 1024 192 ) 
4 18 85 (-832 1024 384 ) (-960 1024 384 ) (-960 1024 192 ) (-832 1024 192 ) 
4 18 84 (-768 1024 192 ) (-768 1024 384 ) (-832 1024 384 ) (-832 1024 192 ) 
4 18 72 (-768 1024 384 ) (-768 1024 640 ) (-1024 1024 640 ) (-1024 1024 384 ) 
4 18 70 (-768 1024 640 ) (-768 1024 768 ) (-1024 1024 768 ) (-1024 1024 640 ) 
4 19 20 (320 384 384 ) (320 512 384 ) (576 512 384 ) (576 384 384 ) 
4 20 41 (448 256 384 ) (383.859009 256 384 ) (383.859009 256 128 ) (448 256 128 ) 
4 20 42 (383.859009 256 384 ) (320 256 384 ) (320 256 128 ) (383.859009 256 128 ) 
4 20 39 (464 256 384 ) (448 256 384 ) (448 256 128 ) (464 256 128 ) 
4 20 36 (544 256 384 ) (464 256 384 ) (464 256 128 ) (544 256 128 ) 
4 20 35 (576 256 384 ) (544 256 384 ) (544 256 128 ) (576 256 128 ) 
4 21 88 (0 528 128 ) (0 416 128 ) (0 416 192 ) (0 528 192 ) 
4 21 77 (0 416 192 ) (0 416 320 ) (0 528 320 ) (0 528 192 ) 
4 21 23 (76 416 128 ) (80 416 128 ) (80 416 256 ) (76 416 256 ) 
4 21 22 (80 416 128 ) (128 416 128 ) (128 416 256 ) (80 416 256 ) 
4 21 25 (0 416 128 ) (76 416 128 ) (76 416 256 ) (0 416 256 ) 
4 22 26 (80 384 128 ) (128 384 128 ) (128 384 256 ) (80 384 256 ) 
4 22 23 (80 400 256 ) (80 416 256 ) (80 416 128 ) (80 400 128 ) 
4 22 24 (80 384 128 ) (80 384 256 ) (80 396 256 ) (80 396 128 ) 
4 23 25 (76 400 256 ) (76 416 256 ) (76 416 128 ) (76 400 128 ) 
4 24 26 (76 384 128 ) (80 384 128 ) (80 384 256 ) (76 384 256 ) 
4 24 25 (76 384 128 ) (76 384 256 ) (76 396 256 ) (76 396 128 ) 
4 25 88 (0 416 128 ) (0 384 128 ) (0 384 192 ) (0 416 192 ) 
4 25 78 (0 384 192 ) (0 384 256 ) (0 416 256 ) (0 416 192 ) 
4 25 26 (0 384 128 ) (76 384 128 ) (76 384 256 ) (0 384 256 ) 
4 26 88 (0 384 128 ) (0 256 128 ) (0 256 192 ) (0 384 192 ) 
4 26 79 (0 256 192 ) (0 256 384 ) (0 384 384 ) (0 384 192 ) 
4 26 65 (112 256 384 ) (0 256 384 ) (0 256 128 ) (112 256 128 ) 
4 26 62 (128 256 384 ) (112 256 384 ) (112 256 128 ) (128 256 128 ) 
4 26 56 (256 256 384 ) (128 256 384 ) (128 256 128 ) (256 256 128 ) 
4 26 28 (256 256 128 ) (0 256 128 ) (0 384 128 ) (256 384 128 ) 
4 27 41 (383.859009 256 0 ) (448 256 0 ) (448 256 64 ) (383.859009 256 64 ) 
4 27 42 (320 256 64 ) (320 256 0 ) (383.859009 256 0 ) (383.859009 256 64 ) 
4 28 139 (0 256 -256 ) (0 256 0 ) (0 384 0 ) (0 384 -256 ) 
4 28 104 (0 256 0 ) (0 256 128 ) (0 384 128 ) (0 384 0 ) 
4 28 65 (112 256 128 ) (0 256 128 ) (0 256 -256 ) (112 256 -256 ) 
4 28 62 (128 256 128 ) (112 256 128 ) (112 256 -256 ) (128 256 -256 ) 
4 28 56 (256 256 128 ) (128 256 128 ) (128 256 -256 ) (256 256 -256 ) 
4 29 57 (256 256 -272 ) (192 256 -272 ) (192 256 -768 ) (256 256 -768 ) 
4 29 52 (416 256 -768 ) (416 256 -704 ) (256 256 -704 ) (256 256 -768 ) 
4 29 50 (384 256 -640 ) (256 256 -640 ) (256 256 -704 ) (384 256 -704 ) 
4 29 49 (416 256 -704 ) (416 256 -640 ) (384 256 -640 ) (384 256 -704 ) 
4 29 46 (416 256 -640 ) (416 256 -576 ) (256 256 -576 ) (256 256 -640 ) 
4 29 44 (416 256 -576 ) (416 256 -288 ) (256 256 -288 ) (256 256 -576 ) 
4 30 149 (800 0 0 ) (736 0 0 ) (736 0 -128 ) (800 0 -128 ) 
4 30 32 (736 256 -128 ) (800 256 -128 ) (800 0 -128 ) (736 0 -128 ) 
4 30 31 (736 64 -128 ) (736 0 -128 ) (736 0 0 ) (736 64 0 ) 
4 31 149 (736 0 0 ) (704 0 0 ) (704 0 -128 ) (736 0 -128 ) 
4 32 150 (800 0 -256 ) (800 0 -128 ) (736 0 -128 ) (736 0 -256 ) 
4 33 35 (672 256 -128 ) (672 256 -256 ) (672 128 -256 ) (672 128 -128 ) 
4 33 34 (672 128 -128 ) (672 128 -256 ) (704 128 -256 ) (704 128 -128 ) 
4 34 154 (704 0 -256 ) (704 0 -128 ) (672 0 -128 ) (672 0 -256 ) 
4 34 35 (672 0 -256 ) (672 0 -128 ) (672 128 -128 ) (672 128 -256 ) 
4 35 162 (568.495972 0 -217 ) (544 0 -241.493805 ) (544 0 -252.834625 ) (574.159973 0 -222.671982 ) 
3 35 161 (659 0 -126.503998 ) (544 0 -11.829056 ) (544 0 -241.493805 ) 
5 35 160 (672 0 -256 ) (672 0 -139.467224 ) (664.668030 0 -132.155991 ) (544 0 -252.834625 ) (544 0 -256 ) 
4 35 159 (672 0 -139.467224 ) (672 0 128 ) (544 0 128 ) (544 0 -11.829056 ) 
4 35 158 (640 0 256 ) (544 0 256 ) (544 0 128 ) (640 0 128 ) 
4 35 157 (672 0 128 ) (672 0 256 ) (640 0 256 ) (640 0 128 ) 
4 35 155 (672 0 256 ) (672 0 640 ) (544 0 640 ) (544 0 256 ) 
4 35 36 (544 256 -256 ) (544 0 -256 ) (544 0 384 ) (544 256 384 ) 
4 36 162 (529.492432 0 -256 ) (540.834900 0 -256 ) (544 0 -252.834625 ) (544 0 -241.493805 ) 
5 36 161 (464 0 67.944862 ) (464 0 -256 ) (529.492432 0 -256 ) (544 0 -241.493805 ) (544 0 -11.829041 ) 
3 36 160 (540.834900 0 -256 ) (544 0 -256 ) (544 0 -252.834625 ) 
4 36 159 (464 0 128 ) (464 0 67.944862 ) (544 0 -11.829041 ) (544 0 128 ) 
4 36 158 (464 0 256 ) (464 0 128 ) (544 0 128 ) (544 0 256 ) 
4 36 156 (464 0 384 ) (464 0 256 ) (544 0 256 ) (544 0 384 ) 
4 36 39 (464 256 384 ) (464 256 -256 ) (464 0 -256 ) (464 0 384 ) 
4 37 170 (672 0 -768 ) (672 0 -480 ) (608 0 -480 ) (608 0 -768 ) 
4 37 38 (608 0 -480 ) (608 32 -480 ) (608 32 -768 ) (608 0 -768 ) 
4 38 170 (608 0 -768 ) (608 0 -480 ) (464 0 -480 ) (464 0 -768 ) 
4 38 40 (464 0 -768 ) (464 0 -544 ) (464 32 -544 ) (464 32 -768 ) 
4 39 161 (464 0 -256 ) (464 0 67.944855 ) (448 0 83.899612 ) (448 0 -256 ) 
4 39 159 (464 0 67.944855 ) (464 0 128 ) (448 0 128 ) (448 0 83.899612 ) 
4 39 158 (464 0 128 ) (464 0 256 ) (448 0 256 ) (448 0 128 ) 
4 39 156 (464 0 256 ) (464 0 384 ) (448 0 384 ) (448 0 256 ) 
4 39 41 (448 256 384 ) (448 256 -256 ) (448 0 -256 ) (448 0 384 ) 
4 40 174 (464 0 -768 ) (464 0 -544 ) (448 0 -544 ) (448 0 -768 ) 
4 40 53 (448 0 -768 ) (448 0 -704 ) (448 32 -704 ) (448 32 -768 ) 
4 40 51 (448 0 -704 ) (448 0 -576 ) (448 32 -576 ) (448 32 -704 ) 
4 40 45 (448 0 -576 ) (448 0 -544 ) (448 32 -544 ) (448 32 -576 ) 
4 41 185 (448 0 -256 ) (448 0 256 ) (383.859009 0 256 ) (383.859009 0 -256 ) 
4 41 183 (448 0 256 ) (448 0 384 ) (383.859009 0 384 ) (383.859009 0 256 ) 
4 41 43 (448 96 -256 ) (448 0 -256 ) (383.859009 0 -256 ) (383.859009 96 -256 ) 
4 41 42 (383.859009 256 -256 ) (383.859009 0 -256 ) (383.859009 0 384 ) (383.859009 256 384 ) 
4 42 185 (256 0 256 ) (256 0 -256 ) (383.859009 0 -256 ) (383.859009 0 256 ) 
4 42 183 (256 0 384 ) (256 0 256 ) (383.859009 0 256 ) (383.859009 0 384 ) 
4 42 181 (383.859009 0 640 ) (256 0 640 ) (256 0 384 ) (383.859009 0 384 ) 
4 42 61 (256 0 640 ) (256 96 640 ) (256 96 -256 ) (256 0 -256 ) 
4 42 58 (256 96 640 ) (256 140 640 ) (256 140 -256 ) (256 96 -256 ) 
4 42 56 (256 140 640 ) (256 256 640 ) (256 256 -256 ) (256 140 -256 ) 
4 42 43 (256 0 -256 ) (256 96 -256 ) (383.859009 96 -256 ) (383.859009 0 -256 ) 
4 43 185 (448 0 -288 ) (448 0 -256 ) (256 0 -256 ) (256 0 -288 ) 
4 43 61 (256 96 -288 ) (256 0 -288 ) (256 0 -256 ) (256 96 -256 ) 
4 43 45 (256 0 -288 ) (256 96 -288 ) (448 96 -288 ) (448 0 -288 ) 
4 44 57 (256 256 -288 ) (256 256 -576 ) (256 160 -576 ) (256 160 -288 ) 
4 44 46 (256 128 -576 ) (256 256 -576 ) (416 256 -576 ) (416 128 -576 ) 
4 45 185 (448 0 -576 ) (448 0 -288 ) (256 0 -288 ) (256 0 -576 ) 
4 45 61 (256 96 -576 ) (256 0 -576 ) (256 0 -288 ) (256 96 -288 ) 
4 45 51 (256 0 -576 ) (256 96 -576 ) (448 96 -576 ) (448 0 -576 ) 
4 46 57 (256 256 -576 ) (256 256 -640 ) (256 160 -640 ) (256 160 -576 ) 
4 46 50 (256 128 -640 ) (256 256 -640 ) (384 256 -640 ) (384 128 -640 ) 
4 46 49 (384 256 -640 ) (416 256 -640 ) (416 128 -640 ) (384 128 -640 ) 
4 46 48 (256 128 -640 ) (320 128 -640 ) (320 128 -576 ) (256 128 -576 ) 
4 46 47 (320 128 -640 ) (384 128 -640 ) (384 128 -576 ) (320 128 -576 ) 
4 47 50 (320 98 -640 ) (320 128 -640 ) (384 128 -640 ) (384 98 -640 ) 
4 47 48 (320 128 -576 ) (320 128 -640 ) (320 98 -640 ) (320 98 -576 ) 
4 47 51 (384 96 -576 ) (320 96 -576 ) (320 96 -640 ) (384 96 -640 ) 
4 48 50 (256 98 -640 ) (256 128 -640 ) (320 128 -640 ) (320 98 -640 ) 
4 49 52 (384 256 -704 ) (416 256 -704 ) (416 128 -704 ) (384 128 -704 ) 
4 49 50 (384 256 -704 ) (384 128 -704 ) (384 128 -640 ) (384 256 -640 ) 
4 50 57 (256 256 -640 ) (256 256 -704 ) (256 160 -704 ) (256 160 -640 ) 
4 50 52 (256 128 -704 ) (256 256 -704 ) (384 256 -704 ) (384 128 -704 ) 
4 51 185 (448 0 -704 ) (448 0 -576 ) (256 0 -576 ) (256 0 -704 ) 
4 51 61 (256 96 -704 ) (256 0 -704 ) (256 0 -576 ) (256 96 -576 ) 
4 51 53 (256 0 -704 ) (256 96 -704 ) (448 96 -704 ) (448 0 -704 ) 
4 52 57 (256 256 -704 ) (256 256 -768 ) (256 160 -768 ) (256 160 -704 ) 
4 53 185 (448 0 -768 ) (448 0 -704 ) (256 0 -704 ) (256 0 -768 ) 
4 53 61 (256 96 -768 ) (256 0 -768 ) (256 0 -704 ) (256 96 -704 ) 
4 53 54 (256 0 -768 ) (256 96 -768 ) (448 96 -768 ) (448 0 -768 ) 
4 54 195 (288 0 -768 ) (256 0 -768 ) (256 0 -784 ) (288 0 -784 ) 
4 54 194 (448 0 -784 ) (448 0 -768 ) (288 0 -768 ) (288 0 -784 ) 
4 54 61 (256 96 -784 ) (256 0 -784 ) (256 0 -768 ) (256 96 -768 ) 
4 54 55 (288 96 -784 ) (448 96 -784 ) (448 0 -784 ) (288 0 -784 ) 
4 55 199 (448 0 -1072 ) (448 0 -784 ) (288 0 -784 ) (288 0 -1072 ) 
4 56 62 (128 140 640 ) (128 256 640 ) (128 256 -256 ) (128 140 -256 ) 
4 56 58 (128 140 640 ) (128 140 -256 ) (256 140 -256 ) (256 140 640 ) 
4 58 62 (128 96 640 ) (128 140 640 ) (128 140 -256 ) (128 96 -256 ) 
4 58 61 (128 96 640 ) (128 96 -256 ) (256 96 -256 ) (256 96 640 ) 
4 59 60 (160 112 -320 ) (160 112 -896 ) (224 112 -896 ) (224 112 -320 ) 
4 60 61 (224 96 -896 ) (224 96 -320 ) (160 96 -320 ) (160 96 -896 ) 
4 61 200 (256 0 -952 ) (256 0 -784 ) (128 0 -784 ) (128 0 -952 ) 
4 61 195 (256 0 -784 ) (256 0 -768 ) (224 0 -768 ) (224 0 -784 ) 
4 61 196 (224 0 -768 ) (128 0 -768 ) (128 0 -784 ) (224 0 -784 ) 
4 61 185 (256 0 -768 ) (256 0 256 ) (128 0 256 ) (128 0 -768 ) 
4 61 184 (256 0 256 ) (256 0 384 ) (128 0 384 ) (128 0 256 ) 
4 61 181 (256 0 384 ) (256 0 640 ) (191.858994 0 640 ) (191.858994 0 384 ) 
4 61 64 (128 0 640 ) (128 32 640 ) (128 32 -384 ) (128 0 -384 ) 
4 61 63 (128 32 640 ) (128 96 640 ) (128 96 -256 ) (128 32 -256 ) 
4 62 65 (112 96 640 ) (112 256 640 ) (112 256 -256 ) (112 96 -256 ) 
4 62 63 (112 96 640 ) (112 96 -256 ) (128 96 -256 ) (128 96 640 ) 
4 63 66 (112 32 640 ) (112 96 640 ) (112 96 -256 ) (112 32 -256 ) 
4 63 64 (112 32 640 ) (112 32 -256 ) (128 32 -256 ) (128 32 640 ) 
4 64 186 (128 0 -384 ) (128 0 256 ) (112 0 256 ) (112 0 -384 ) 
4 64 184 (128 0 256 ) (128 0 384 ) (112 0 384 ) (112 0 256 ) 
4 64 69 (112 0 -384 ) (112 0 -272 ) (112 32 -272 ) (112 32 -384 ) 
4 64 67 (112 0 -272 ) (112 0 640 ) (112 32 640 ) (112 32 -272 ) 
4 65 139 (0 96 -256 ) (0 96 0 ) (0 256 0 ) (0 256 -256 ) 
4 65 104 (0 96 0 ) (0 96 128 ) (0 256 128 ) (0 256 0 ) 
4 65 101 (0 96 128 ) (0 96 192 ) (0 128 192 ) (0 128 128 ) 
4 65 99 (0 128 192 ) (0 192 192 ) (0 192 128 ) (0 128 128 ) 
4 65 96 (0 192 192 ) (0 256 192 ) (0 256 128 ) (0 192 128 ) 
4 65 79 (0 96 192 ) (0 96 384 ) (0 256 384 ) (0 256 192 ) 
4 65 71 (0 96 384 ) (0 96 640 ) (0 256 640 ) (0 256 384 ) 
4 65 66 (112 96 -256 ) (112 96 640 ) (0 96 640 ) (0 96 -256 ) 
4 66 139 (0 96 0 ) (0 96 -256 ) (0 32 -256 ) (0 32 0 ) 
4 66 104 (0 96 128 ) (0 96 0 ) (0 32 0 ) (0 32 128 ) 
4 66 103 (0 64 128 ) (0 32 128 ) (0 32 192 ) (0 64 192 ) 
4 66 101 (0 96 192 ) (0 96 128 ) (0 64 128 ) (0 64 192 ) 
4 66 79 (0 96 384 ) (0 96 192 ) (0 32 192 ) (0 32 384 ) 
4 66 74 (0 64 448 ) (0 64 384 ) (0 32 384 ) (0 32 448 ) 
4 66 73 (0 32 640 ) (0 64 640 ) (0 64 448 ) (0 32 448 ) 
4 66 71 (0 64 640 ) (0 96 640 ) (0 96 384 ) (0 64 384 ) 
4 66 68 (64 32 640 ) (0 32 640 ) (0 32 -256 ) (64 32 -256 ) 
4 66 67 (112 32 -256 ) (112 32 640 ) (64 32 640 ) (64 32 -256 ) 
4 67 187 (112 0 -272 ) (112 0 256 ) (64 0 256 ) (64 0 -272 ) 
4 67 184 (112 0 256 ) (112 0 384 ) (64 0 384 ) (64 0 256 ) 
4 67 69 (112 32 -272 ) (112 0 -272 ) (64 0 -272 ) (64 32 -272 ) 
4 67 68 (64 32 640 ) (64 32 -256 ) (64 0 -256 ) (64 0 640 ) 
4 68 188 (0 0 256 ) (0 0 -256 ) (64 0 -256 ) (64 0 256 ) 
4 68 184 (0 0 384 ) (0 0 256 ) (64 0 256 ) (64 0 384 ) 
4 68 139 (0 0 -256 ) (0 0 0 ) (0 32 0 ) (0 32 -256 ) 
4 68 104 (0 0 0 ) (0 0 128 ) (0 32 128 ) (0 32 0 ) 
4 68 103 (0 0 128 ) (0 0 192 ) (0 32 192 ) (0 32 128 ) 
4 68 79 (0 0 192 ) (0 0 384 ) (0 32 384 ) (0 32 192 ) 
4 68 74 (0 0 384 ) (0 0 448 ) (0 32 448 ) (0 32 384 ) 
4 68 73 (0 0 448 ) (0 0 640 ) (0 32 640 ) (0 32 448 ) 
4 69 189 (112 0 -688 ) (112 0 -272 ) (0 0 -272 ) (0 0 -688 ) 
4 70 146 (-1024 1024 768 ) (-1024 1024 640 ) (-1024 896 640 ) (-1024 896 768 ) 
4 70 72 (-1024 896 640 ) (-1024 1024 640 ) (-512 1024 640 ) (-512 896 640 ) 
4 71 79 (0 256 384 ) (0 64 384 ) (-128.141022 64 384 ) (-128.141022 256 384 ) 
4 71 74 (-128.141022 64 384 ) (0 64 384 ) (0 64 448 ) (-128.141022 64 448 ) 
4 71 73 (0 64 448 ) (0 64 640 ) (-128.141022 64 640 ) (-128.141022 64 448 ) 
4 72 146 (-1024 896 640 ) (-1024 1024 640 ) (-1024 1024 384 ) (-1024 896 384 ) 
4 72 87 (-1024 896 384 ) (-1024 1024 384 ) (-960 1024 384 ) (-960 896 384 ) 
4 72 85 (-960 1024 384 ) (-832 1024 384 ) (-832 896 384 ) (-960 896 384 ) 
4 72 84 (-832 1024 384 ) (-512 1024 384 ) (-512 896 384 ) (-832 896 384 ) 
4 73 74 (0 0 448 ) (-128.141022 0 448 ) (-128.141022 64 448 ) (0 64 448 ) 
4 74 79 (0 64 384 ) (0 0 384 ) (-128.141022 0 384 ) (-128.141022 64 384 ) 
4 75 222 (-256.140991 0 416 ) (-256.140991 0 384 ) (-192.141022 0 384 ) (-192.141022 0 416 ) 
4 75 82 (-192.141022 0 384 ) (-256.140991 0 384 ) (-256.140991 32 384 ) (-192.141022 32 384 ) 
4 75 76 (-256.140991 32 416 ) (-256.140991 32 384 ) (-256.140991 0 384 ) (-256.140991 0 416 ) 
4 76 223 (-256.140991 0 448 ) (-352.140991 0 448 ) (-352.140991 0 384 ) (-256.140991 0 384 ) 
4 76 82 (-256.140991 0 384 ) (-320 0 384 ) (-320 32 384 ) (-256.140991 32 384 ) 
4 76 80 (-320 64 384 ) (-256.140991 64 384 ) (-256.140991 32 384 ) (-320 32 384 ) 
4 77 88 (-128 416 192 ) (-128 528 192 ) (0 528 192 ) (0 416 192 ) 
4 77 78 (-128 416 256 ) (-128 416 192 ) (0 416 192 ) (0 416 256 ) 
4 78 88 (-128 384 192 ) (-128 416 192 ) (0 416 192 ) (0 384 192 ) 
4 78 79 (-128 384 256 ) (-128 384 192 ) (0 384 192 ) (0 384 256 ) 
4 79 231 (0 0 192 ) (0 0 256 ) (-128 0 256 ) (-128 0 192 ) 
4 79 226 (0 0 256 ) (0 0 384 ) (-128 0 384 ) (-128 0 256 ) 
4 79 103 (0 0 192 ) (-128 0 192 ) (-128 64 192 ) (0 64 192 ) 
4 79 101 (-128 64 192 ) (-128 128 192 ) (0 128 192 ) (0 64 192 ) 
4 79 99 (-128 128 192 ) (-128 192 192 ) (0 192 192 ) (0 128 192 ) 
4 79 96 (-128 192 192 ) (-128 256 192 ) (0 256 192 ) (0 192 192 ) 
4 79 88 (-128 256 192 ) (-128 384 192 ) (0 384 192 ) (0 256 192 ) 
4 79 82 (-128 32 192 ) (-128 0 192 ) (-128 0 384 ) (-128 32 384 ) 
4 79 80 (-128 384 192 ) (-128 32 192 ) (-128 32 384 ) (-128 384 384 ) 
4 80 103 (-128 64 192 ) (-128 32 192 ) (-320 32 192 ) (-320 64 192 ) 
4 80 101 (-128 128 192 ) (-128 64 192 ) (-320 64 192 ) (-320 128 192 ) 
4 80 99 (-128 192 192 ) (-128 128 192 ) (-320 128 192 ) (-320 192 192 ) 
4 80 96 (-128 256 192 ) (-128 192 192 ) (-320 192 192 ) (-320 256 192 ) 
4 80 89 (-320 384 192 ) (-128 384 192 ) (-128 256 192 ) (-320 256 192 ) 
4 80 82 (-320 32 192 ) (-128 32 192 ) (-128 32 384 ) (-320 32 384 ) 
4 80 81 (-320 384 384 ) (-320 384 192 ) (-320 64 192 ) (-320 64 384 ) 
4 81 101 (-384 64 192 ) (-384 128 192 ) (-320 128 192 ) (-320 64 192 ) 
4 81 99 (-384 128 192 ) (-384 192 192 ) (-320 192 192 ) (-320 128 192 ) 
4 81 96 (-384 192 192 ) (-384 256 192 ) (-320 256 192 ) (-320 192 192 ) 
4 81 89 (-384 256 192 ) (-384 384 192 ) (-320 384 192 ) (-320 256 192 ) 
4 82 231 (-320 0 256 ) (-320 0 192 ) (-128 0 192 ) (-128 0 256 ) 
4 82 227 (-192 0 384 ) (-320 0 384 ) (-320 0 256 ) (-192 0 256 ) 
4 82 226 (-128 0 384 ) (-192 0 384 ) (-192 0 256 ) (-128 0 256 ) 
4 82 103 (-128 0 192 ) (-320 0 192 ) (-320 32 192 ) (-128 32 192 ) 
4 83 233 (-384 0 200 ) (-384 0 192 ) (-352 0 192 ) (-352 0 200 ) 
4 83 103 (-352 0 192 ) (-384 0 192 ) (-384 32 192 ) (-352 32 192 ) 
4 84 91 (-832 896 192 ) (-832 1024 192 ) (-800 1024 192 ) (-800 896 192 ) 
4 84 90 (-800 1024 192 ) (-512 1024 192 ) (-512 896 192 ) (-800 896 192 ) 
4 84 85 (-832 1024 192 ) (-832 896 192 ) (-832 896 384 ) (-832 1024 384 ) 
4 85 91 (-960 896 192 ) (-960 1024 192 ) (-832 1024 192 ) (-832 896 192 ) 
4 85 87 (-960 1024 192 ) (-960 896 192 ) (-960 896 384 ) (-960 1024 384 ) 
4 86 92 (-960 640 192 ) (-960 704 192 ) (-832 704 192 ) (-832 640 192 ) 
4 87 146 (-1024 896 384 ) (-1024 1024 384 ) (-1024 1024 192 ) (-1024 896 192 ) 
4 87 95 (-1024 896 192 ) (-1024 1024 192 ) (-992 1024 192 ) (-992 896 192 ) 
4 87 91 (-992 1024 192 ) (-960 1024 192 ) (-960 896 192 ) (-992 896 192 ) 
4 88 104 (0 384 128 ) (0 256 128 ) (-128 256 128 ) (-128 384 128 ) 
4 88 96 (-128 256 128 ) (0 256 128 ) (0 256 192 ) (-128 256 192 ) 
4 88 89 (-128 384 128 ) (-128 256 128 ) (-128 256 192 ) (-128 384 192 ) 
4 89 105 (-128 256 128 ) (-384 256 128 ) (-384 384 128 ) (-128 384 128 ) 
4 89 96 (-384 256 128 ) (-128 256 128 ) (-128 256 192 ) (-384 256 192 ) 
4 90 108 (-800 896 128 ) (-800 1024 128 ) (-544 1024 128 ) (-544 896 128 ) 
4 90 106 (-544 1024 128 ) (-512 1024 128 ) (-512 896 128 ) (-544 896 128 ) 
4 90 91 (-800 1024 128 ) (-800 896 128 ) (-800 896 192 ) (-800 1024 192 ) 
4 91 129 (-992 896 128 ) (-992 1024 128 ) (-960 1024 128 ) (-960 896 128 ) 
4 91 123 (-960 1024 128 ) (-832 1024 128 ) (-832 896 128 ) (-960 896 128 ) 
4 91 114 (-832 1024 128 ) (-800 1024 128 ) (-800 896 128 ) (-832 896 128 ) 
4 91 95 (-992 1024 128 ) (-992 896 128 ) (-992 896 192 ) (-992 1024 192 ) 
4 92 93 (-800 640 190 ) (-992 640 190 ) (-992 704 190 ) (-800 704 190 ) 
4 93 130 (-992 640 128 ) (-992 704 128 ) (-960 704 128 ) (-960 640 128 ) 
4 93 123 (-960 704 128 ) (-832 704 128 ) (-832 640 128 ) (-960 640 128 ) 
4 93 115 (-832 704 128 ) (-800 704 128 ) (-800 640 128 ) (-832 640 128 ) 
4 94 125 (-928 256 128 ) (-960 256 128 ) (-960 384 128 ) (-928 384 128 ) 
4 95 146 (-1024 896 192 ) (-1024 1024 192 ) (-1024 1024 128 ) (-1024 896 128 ) 
4 95 135 (-1024 896 128 ) (-1024 1024 128 ) (-992 1024 128 ) (-992 896 128 ) 
4 96 105 (-128 192 128 ) (-384 192 128 ) (-384 256 128 ) (-128 256 128 ) 
4 96 104 (0 256 128 ) (0 192 128 ) (-128 192 128 ) (-128 256 128 ) 
4 96 99 (-416 192 128 ) (0 192 128 ) (0 192 192 ) (-416 192 192 ) 
4 96 97 (-416 256 192 ) (-416 256 144 ) (-416 192 144 ) (-416 192 192 ) 
4 97 100 (-416 192 144 ) (-416 192 192 ) (-496 192 192 ) (-496 192 144 ) 
4 98 119 (-800 192 128 ) (-832 192 128 ) (-832 224 128 ) (-800 224 128 ) 
4 98 109 (-704 192 128 ) (-800 192 128 ) (-800 224 128 ) (-704 224 128 ) 
4 99 105 (-128 128 128 ) (-384 128 128 ) (-384 192 128 ) (-128 192 128 ) 
4 99 104 (0 192 128 ) (0 128 128 ) (-128 128 128 ) (-128 192 128 ) 
4 99 101 (-384 128 128 ) (0 128 128 ) (0 128 192 ) (-384 128 192 ) 
4 99 100 (-416 192 192 ) (-416 192 144 ) (-416 128 144 ) (-416 128 192 ) 
4 101 105 (-128 64 128 ) (-384 64 128 ) (-384 128 128 ) (-128 128 128 ) 
4 101 104 (0 128 128 ) (0 64 128 ) (-128 64 128 ) (-128 128 128 ) 
4 101 103 (-384 64 128 ) (0 64 128 ) (0 64 192 ) (-384 64 192 ) 
4 102 111 (-544 64 128 ) (-576 64 128 ) (-576 192 128 ) (-544 192 128 ) 
4 103 234 (-352 0 192 ) (-384 0 192 ) (-384 0 128 ) (-352 0 128 ) 
4 103 232 (-320 0 192 ) (-352 0 192 ) (-352 0 128 ) (-320 0 128 ) 
4 103 231 (0 0 128 ) (0 0 192 ) (-320 0 192 ) (-320 0 128 ) 
4 103 105 (-128 0 128 ) (-384 0 128 ) (-384 64 128 ) (-128 64 128 ) 
4 103 104 (0 64 128 ) (0 0 128 ) (-128 0 128 ) (-128 64 128 ) 
4 104 231 (0 0 0 ) (0 0 128 ) (-128 0 128 ) (-128 0 0 ) 
4 104 139 (0 0 0 ) (-128 0 0 ) (-128 384 0 ) (0 384 0 ) 
4 104 105 (-128 384 0 ) (-128 0 0 ) (-128 0 128 ) (-128 384 128 ) 
4 105 234 (-352 0 128 ) (-384 0 128 ) (-384 0 0 ) (-352 0 0 ) 
4 105 232 (-320 0 128 ) (-352 0 128 ) (-352 0 0 ) (-320 0 0 ) 
4 105 231 (-128 0 128 ) (-320 0 128 ) (-320 0 0 ) (-128 0 0 ) 
4 105 139 (-128 0 0 ) (-384 0 0 ) (-384 384 0 ) (-128 384 0 ) 
4 106 136 (-544 896 0 ) (-544 1024 0 ) (-512 1024 0 ) (-512 896 0 ) 
4 106 108 (-544 1024 0 ) (-544 896 0 ) (-544 896 128 ) (-544 1024 128 ) 
4 107 112 (-544 56 0 ) (-544 40 0 ) (-544 40 126 ) (-544 56 126 ) 
4 107 111 (-544 40 126 ) (-544 40 128 ) (-544 56 128 ) (-544 56 126 ) 
4 108 136 (-800 896 0 ) (-800 1024 0 ) (-544 1024 0 ) (-544 896 0 ) 
4 108 114 (-800 1024 0 ) (-800 896 0 ) (-800 896 128 ) (-800 1024 128 ) 
4 109 119 (-800 192 126 ) (-800 192 128 ) (-800 320 128 ) (-800 320 126 ) 
4 109 111 (-672 192 126 ) (-544 192 126 ) (-544 192 128 ) (-672 192 128 ) 
4 109 110 (-544 192 126 ) (-800 192 126 ) (-800 320 126 ) (-544 320 126 ) 
4 110 122 (-800 320 0 ) (-800 192 0 ) (-800 192 126 ) (-800 320 126 ) 
4 110 112 (-672 192 0 ) (-544 192 0 ) (-544 192 126 ) (-672 192 126 ) 
4 111 250 (-544 0 128 ) (-672 0 128 ) (-672 0 126 ) (-544 0 126 ) 
4 111 113 (-672 56 126 ) (-672 40 126 ) (-672 40 128 ) (-672 56 128 ) 
4 111 112 (-672 0 126 ) (-672 192 126 ) (-544 192 126 ) (-544 0 126 ) 
4 112 251 (-672 0 126 ) (-672 0 0 ) (-544 0 0 ) (-544 0 126 ) 
4 112 113 (-672 56 0 ) (-672 40 0 ) (-672 40 126 ) (-672 56 126 ) 
4 114 136 (-832 896 0 ) (-832 1024 0 ) (-800 1024 0 ) (-800 896 0 ) 
4 114 126 (-832 1024 0 ) (-832 896 0 ) (-832 896 126 ) (-832 1024 126 ) 
4 114 123 (-832 896 126 ) (-832 896 128 ) (-832 1024 128 ) (-832 1024 126 ) 
4 115 126 (-832 704 0 ) (-832 640 0 ) (-832 640 126 ) (-832 704 126 ) 
4 115 123 (-832 640 126 ) (-832 640 128 ) (-832 704 128 ) (-832 704 126 ) 
4 116 126 (-832 632 0 ) (-832 616 0 ) (-832 616 126 ) (-832 632 126 ) 
4 116 123 (-832 616 126 ) (-832 616 128 ) (-832 632 128 ) (-832 632 126 ) 
4 117 123 (-832 463 128 ) (-832 480 128 ) (-832 480 126 ) (-832 463 126 ) 
4 117 120 (-832 463 126 ) (-832 480 126 ) (-800 480 126 ) (-800 463 126 ) 
4 117 118 (-832 463 128 ) (-832 463 126 ) (-800 463 126 ) (-800 463 128 ) 
4 118 124 (-832 462 128 ) (-832 463 128 ) (-832 463 126 ) (-832 462 126 ) 
4 118 121 (-832 462 126 ) (-832 463 126 ) (-800 463 126 ) (-800 462 126 ) 
4 118 119 (-832 462 128 ) (-832 462 126 ) (-800 462 126 ) (-800 462 128 ) 
4 119 125 (-832 192 126 ) (-832 192 128 ) (-832 462 128 ) (-832 462 126 ) 
4 119 122 (-800 192 126 ) (-832 192 126 ) (-832 462 126 ) (-800 462 126 ) 
4 120 126 (-832 480 0 ) (-832 463 0 ) (-832 463 126 ) (-832 480 126 ) 
4 120 121 (-800 463 0 ) (-800 463 126 ) (-832 463 126 ) (-832 463 0 ) 
4 121 127 (-832 463 0 ) (-832 462 0 ) (-832 462 126 ) (-832 463 126 ) 
4 121 122 (-800 462 0 ) (-800 462 126 ) (-832 462 126 ) (-832 462 0 ) 
4 122 128 (-832 462 0 ) (-832 192 0 ) (-832 192 126 ) (-832 462 126 ) 
4 123 132 (-960 463 128 ) (-960 480 128 ) (-960 480 126 ) (-960 463 126 ) 
4 123 131 (-960 616 128 ) (-960 632 128 ) (-960 632 126 ) (-960 616 126 ) 
4 123 130 (-960 640 128 ) (-960 704 128 ) (-960 704 126 ) (-960 640 126 ) 
4 123 129 (-960 896 128 ) (-960 1024 128 ) (-960 1024 126 ) (-960 896 126 ) 
4 123 126 (-960 463 126 ) (-960 1024 126 ) (-832 1024 126 ) (-832 463 126 ) 
4 123 124 (-960 463 128 ) (-960 463 126 ) (-832 463 126 ) (-832 463 128 ) 
4 124 133 (-960 462 128 ) (-960 463 128 ) (-960 463 126 ) (-960 462 126 ) 
4 124 127 (-960 462 126 ) (-960 463 126 ) (-832 463 126 ) (-832 462 126 ) 
4 124 125 (-960 462 128 ) (-960 462 126 ) (-832 462 126 ) (-832 462 128 ) 
4 125 134 (-960 192 126 ) (-960 192 128 ) (-960 462 128 ) (-960 462 126 ) 
4 125 128 (-832 192 126 ) (-960 192 126 ) (-960 462 126 ) (-832 462 126 ) 
4 126 137 (-960 704 0 ) (-960 896 0 ) (-832 896 0 ) (-832 704 0 ) 
4 126 136 (-960 896 0 ) (-960 1024 0 ) (-832 1024 0 ) (-832 896 0 ) 
4 126 132 (-960 480 0 ) (-960 463 0 ) (-960 463 126 ) (-960 480 126 ) 
4 126 131 (-960 632 0 ) (-960 616 0 ) (-960 616 126 ) (-960 632 126 ) 
4 126 130 (-960 704 0 ) (-960 640 0 ) (-960 640 126 ) (-960 704 126 ) 
4 126 129 (-960 1024 0 ) (-960 896 0 ) (-960 896 126 ) (-960 1024 126 ) 
4 126 127 (-832 463 0 ) (-832 463 126 ) (-960 463 126 ) (-960 463 0 ) 
4 127 133 (-960 463 0 ) (-960 462 0 ) (-960 462 126 ) (-960 463 126 ) 
4 127 128 (-832 462 0 ) (-832 462 126 ) (-960 462 126 ) (-960 462 0 ) 
4 128 134 (-960 462 0 ) (-960 192 0 ) (-960 192 126 ) (-960 462 126 ) 
4 129 136 (-992 896 0 ) (-992 1024 0 ) (-960 1024 0 ) (-960 896 0 ) 
4 129 135 (-992 1024 0 ) (-992 896 0 ) (-992 896 128 ) (-992 1024 128 ) 
4 132 133 (-992 463 128 ) (-992 463 0 ) (-960 463 0 ) (-960 463 128 ) 
4 133 134 (-992 462 128 ) (-992 462 0 ) (-960 462 0 ) (-960 462 128 ) 
4 135 146 (-1024 896 128 ) (-1024 1024 128 ) (-1024 1024 0 ) (-1024 896 0 ) 
4 135 136 (-1024 896 0 ) (-1024 1024 0 ) (-992 1024 0 ) (-992 896 0 ) 
4 136 146 (-1024 896 0 ) (-1024 1024 0 ) (-1024 1024 -128 ) (-1024 896 -128 ) 
4 136 138 (-1024 896 -128 ) (-1024 1024 -128 ) (-512 1024 -128 ) (-512 896 -128 ) 
4 136 137 (-960 896 -128 ) (-832 896 -128 ) (-832 896 0 ) (-960 896 0 ) 
4 138 146 (-1024 896 -896 ) (-1024 896 -128 ) (-1024 1024 -128 ) (-1024 1024 -896 ) 
4 139 234 (-352 0 0 ) (-384 0 0 ) (-384 0 -256 ) (-352 0 -256 ) 
4 139 232 (-320 0 0 ) (-352 0 0 ) (-352 0 -256 ) (-320 0 -256 ) 
4 139 231 (0 0 -256 ) (0 0 0 ) (-320 0 0 ) (-320 0 -256 ) 
4 140 145 (-1040 1360 -896 ) (-1040 1360 768 ) (-1040 1472 768 ) (-1040 1472 -896 ) 
4 140 141 (-1040 1360 768 ) (-1040 1360 -304 ) (-1024 1360 -304 ) (-1024 1360 768 ) 
4 141 145 (-1040 1344 -304 ) (-1040 1344 768 ) (-1040 1360 768 ) (-1040 1360 -304 ) 
4 141 142 (-1040 1344 768 ) (-1040 1344 -304 ) (-1024 1344 -304 ) (-1024 1344 768 ) 
4 142 145 (-1040 1088 -304 ) (-1040 1088 768 ) (-1040 1344 768 ) (-1040 1344 -304 ) 
4 142 143 (-1040 1088 768 ) (-1040 1088 -304 ) (-1024 1088 -304 ) (-1024 1088 768 ) 
4 143 145 (-1040 1072 -304 ) (-1040 1072 768 ) (-1040 1088 768 ) (-1040 1088 -304 ) 
4 143 144 (-1040 1072 768 ) (-1040 1072 -304 ) (-1024 1072 -304 ) (-1024 1072 768 ) 
4 144 146 (-1024 1024 -896 ) (-1024 1024 768 ) (-1040 1024 768 ) (-1040 1024 -896 ) 
4 144 145 (-1040 1024 -896 ) (-1040 1024 768 ) (-1040 1072 768 ) (-1040 1072 -896 ) 
4 145 146 (-1040 1024 -896 ) (-1040 1024 768 ) (-1152 1024 768 ) (-1152 1024 -896 ) 
4 149 152 (704 -128 -128 ) (704 0 -128 ) (736 0 -128 ) (736 -128 -128 ) 
4 149 153 (704 -576 -128 ) (704 -448 -128 ) (736 -448 -128 ) (736 -576 -128 ) 
4 149 150 (800 0 -128 ) (800 -224 -128 ) (736 -224 -128 ) (736 0 -128 ) 
4 149 151 (800 -256 -128 ) (800 -640 -128 ) (736 -640 -128 ) (736 -256 -128 ) 
4 150 152 (736 0 -256 ) (736 -128 -256 ) (736 -128 -128 ) (736 0 -128 ) 
4 151 153 (736 -448 -256 ) (736 -576 -256 ) (736 -576 -128 ) (736 -448 -128 ) 
4 152 154 (704 0 -128 ) (704 0 -256 ) (704 -128 -256 ) (704 -128 -128 ) 
4 153 154 (704 -448 -256 ) (704 -576 -256 ) (704 -576 -128 ) (704 -448 -128 ) 
4 154 165 (672 -448 -139.480499 ) (672 -448 -256 ) (672 -576 -256 ) (672 -576 -139.476440 ) 
4 154 164 (672 -576 -128 ) (672 -448 -128 ) (672 -448 -139.480499 ) (672 -576 -139.476440 ) 
4 154 163 (672 -448 -128 ) (672 -128 -128 ) (672 -128 -256 ) (672 -448 -256 ) 
4 154 168 (672 -640 -256 ) (672 -640 -128 ) (672 -576 -128 ) (672 -576 -256 ) 
4 154 160 (672 0 -139.467194 ) (672 0 -256 ) (672 -128 -256 ) (672 -128 -139.467194 ) 
4 154 159 (672 -128 -128 ) (672 0 -128 ) (672 0 -139.467194 ) (672 -128 -139.467194 ) 
4 155 158 (544 0 256 ) (640 0 256 ) (640 -128 256 ) (544 -128 256 ) 
4 155 157 (640 0 256 ) (672 0 256 ) (672 -128 256 ) (640 -128 256 ) 
4 155 156 (544 0 256 ) (544 -128 256 ) (544 -128 384 ) (544 0 384 ) 
4 156 183 (448 0 384 ) (448 0 256 ) (448 -128 256 ) (448 -128 384 ) 
4 156 158 (448 -128 256 ) (448 0 256 ) (544 0 256 ) (544 -128 256 ) 
4 157 164 (640 -512 128 ) (640 -448 128 ) (672 -448 128 ) (672 -512 128 ) 
4 157 163 (640 -448 128 ) (640 -128 128 ) (672 -128 128 ) (672 -448 128 ) 
4 157 159 (640 -128 128 ) (640 0 128 ) (672 0 128 ) (672 -128 128 ) 
4 157 158 (640 0 128 ) (640 -512 128 ) (640 -512 256 ) (640 0 256 ) 
4 158 202 (448 -512 128 ) (448 -576 128 ) (448 -576 256 ) (448 -512 256 ) 
4 158 190 (448 -16 128 ) (448 -32 128 ) (448 -32 256 ) (448 -16 256 ) 
4 158 193 (448 -32 128 ) (448 -512 128 ) (448 -512 256 ) (448 -32 256 ) 
4 158 185 (448 0 256 ) (448 0 128 ) (448 -16 128 ) (448 -16 256 ) 
4 158 164 (448 -576 128 ) (448 -448 128 ) (640 -448 128 ) (640 -576 128 ) 
4 158 163 (448 -448 128 ) (448 -128 128 ) (640 -128 128 ) (640 -448 128 ) 
4 158 159 (448 -128 128 ) (448 0 128 ) (640 0 128 ) (640 -128 128 ) 
4 159 190 (448 -16 83.899612 ) (448 -32 83.899612 ) (448 -32 128 ) (448 -16 128 ) 
4 159 193 (448 -32 83.899612 ) (448 -128 83.899628 ) (448 -128 128 ) (448 -32 128 ) 
4 159 185 (448 0 128 ) (448 0 83.899612 ) (448 -16 83.899612 ) (448 -16 128 ) 
4 159 163 (672 -128 -139.467224 ) (672 -128 128 ) (448 -128 128 ) (448 -128 83.899612 ) 
4 159 161 (659.002136 -128 -126.505875 ) (448 -128 83.899780 ) (448 0 83.899780 ) (659 0 -126.503937 ) 
4 159 160 (672 -128 -139.467041 ) (664.668152 -128 -132.155884 ) (664.668091 0 -132.155884 ) (672 0 -139.467041 ) 
4 160 163 (540.834961 -128 -256 ) (672 -128 -256 ) (672 -128 -139.467224 ) (664.668030 -128 -132.155991 ) 
4 160 162 (540.835938 0 -256 ) (540.835938 -128 -256 ) (574.160400 -128 -222.672394 ) (574.160400 0 -222.672394 ) 
4 161 190 (448 -16 -256 ) (448 -32 -256 ) (448 -32 83.899612 ) (448 -16 83.899612 ) 
4 161 193 (448 -32 -256 ) (448 -128 -256 ) (448 -128 83.899628 ) (448 -32 83.899612 ) 
4 161 185 (448 0 83.899612 ) (448 0 -256 ) (448 -16 -256 ) (448 -16 83.899612 ) 
4 161 163 (448 -128 -256 ) (529.496521 -128 -256 ) (659.002014 -128 -126.505981 ) (448 -128 83.899612 ) 
4 161 162 (568.497925 -128 -217.001953 ) (529.496460 -128 -256 ) (529.492432 0 -256 ) (568.495911 0 -217 ) 
4 162 163 (529.496521 -128 -256 ) (540.834961 -128 -256 ) (574.160034 -128 -222.672012 ) (568.497986 -128 -217.001984 ) 
4 163 193 (448 -128 -256 ) (448 -448 -256 ) (448 -448 128 ) (448 -128 128 ) 
4 163 167 (529.492432 -448 -256 ) (540.834961 -448 -256 ) (574.160034 -448 -222.672012 ) (568.495972 -448 -217 ) 
4 163 166 (448 -448 -256 ) (529.492432 -448 -256 ) (658.997925 -448 -126.505997 ) (448 -448 84.044357 ) 
4 163 165 (540.834961 -448 -256 ) (672 -448 -256 ) (672 -448 -139.480499 ) (664.664001 -448 -132.160034 ) 
4 163 164 (672 -448 -139.480499 ) (672 -448 128 ) (448 -448 128 ) (448 -448 84.044357 ) 
4 164 203 (448 -576 84.048401 ) (448 -576 128 ) (448 -512 128 ) (448 -512 84.046379 ) 
4 164 193 (448 -512 128 ) (448 -448 128 ) (448 -448 84.044357 ) (448 -512 84.046379 ) 
4 164 166 (659 -576 -126.504868 ) (448 -576 84.046631 ) (448 -448 84.042679 ) (658.997131 -448 -126.506805 ) 
4 164 165 (672 -576 -139.478165 ) (664.665161 -576 -132.158905 ) (664.663208 -448 -132.160843 ) (672 -448 -139.482086 ) 
4 164 168 (672 -576 -139.476456 ) (672 -576 128 ) (448 -576 128 ) (448 -576 84.048401 ) 
4 165 167 (540.835938 -576 -256 ) (574.160400 -576 -222.672394 ) (574.160095 -448 -222.672089 ) (540.835083 -448 -256 ) 
4 165 168 (540.834961 -576 -256 ) (672 -576 -256 ) (672 -576 -139.476456 ) (664.666016 -576 -132.158020 ) 
4 166 203 (448 -512 -256 ) (448 -576 -256 ) (448 -576 84.048401 ) (448 -512 84.046379 ) 
4 166 193 (448 -448 -256 ) (448 -512 -256 ) (448 -512 84.046379 ) (448 -448 84.044357 ) 
4 166 167 (529.492188 -448 -256 ) (568.495850 -448 -217 ) (568.495911 -576 -217 ) (529.492432 -576 -256 ) 
4 166 168 (448 -576 -256 ) (529.492432 -576 -256 ) (659 -576 -126.503983 ) (448 -576 84.048401 ) 
4 167 168 (529.492432 -576 -256 ) (540.834961 -576 -256 ) (574.160034 -576 -222.672012 ) (568.495911 -576 -217 ) 
4 168 203 (448 -576 -256 ) (448 -640 -256 ) (448 -640 128 ) (448 -576 128 ) 
4 168 169 (448 -640 -256 ) (640 -640 -256 ) (640 -640 128 ) (448 -640 128 ) 
4 169 203 (448 -640 -256 ) (448 -672 -256 ) (448 -672 128 ) (448 -640 128 ) 
4 170 174 (464 -32 -768 ) (464 -32 -544 ) (464 0 -544 ) (464 0 -768 ) 
4 171 177 (464 -288 -288 ) (464 -288 -480 ) (464 -480 -480 ) (464 -480 -288 ) 
4 172 178 (464 -384 -576 ) (464 -288 -576 ) (464 -288 -640 ) (464 -384 -640 ) 
4 172 176 (464 -288 -576 ) (464 -256 -576 ) (464 -256 -640 ) (464 -288 -640 ) 
4 173 179 (464 -320.140991 -704 ) (464 -320.140991 -768 ) (464 -384 -768 ) (464 -384 -704 ) 
4 174 190 (448 -32 -768 ) (448 -32 -544 ) (448 -16 -544 ) (448 -16 -768 ) 
4 174 185 (448 -16 -544 ) (448 0 -544 ) (448 0 -768 ) (448 -16 -768 ) 
4 174 175 (464 -32 -704 ) (464 -32 -576 ) (448 -32 -576 ) (448 -32 -704 ) 
4 175 193 (448 -224 -704 ) (448 -224 -576 ) (448 -32 -576 ) (448 -32 -704 ) 
4 176 193 (448 -256 -576 ) (448 -256 -640 ) (448 -288 -640 ) (448 -288 -576 ) 
4 176 178 (448 -288 -640 ) (464 -288 -640 ) (464 -288 -576 ) (448 -288 -576 ) 
4 177 193 (448 -288 -288 ) (448 -288 -480 ) (448 -480 -480 ) (448 -480 -288 ) 
4 178 193 (448 -288 -576 ) (448 -288 -640 ) (448 -384 -640 ) (448 -384 -576 ) 
4 179 193 (448 -320.140991 -704 ) (448 -320.140991 -768 ) (448 -384 -768 ) (448 -384 -704 ) 
4 180 182 (48 -176 640 ) (48 -80 640 ) (144 -80 640 ) (144 -176 640 ) 
4 181 183 (256 0 384 ) (383.859009 0 384 ) (383.859009 -64 384 ) (256 -64 384 ) 
4 181 184 (191.858994 -64 384 ) (191.858994 0 384 ) (256 0 384 ) (256 -64 384 ) 
4 182 184 (48 -176 384 ) (48 -80 384 ) (144 -80 384 ) (144 -176 384 ) 
4 183 190 (448 -16 256 ) (448 -32 256 ) (256 -32 256 ) (256 -16 256 ) 
4 183 193 (448 -32 256 ) (448 -128 256 ) (256 -128 256 ) (256 -32 256 ) 
4 183 185 (256 0 256 ) (448 0 256 ) (448 -16 256 ) (256 -16 256 ) 
4 183 184 (256 0 256 ) (256 -128 256 ) (256 -128 384 ) (256 0 384 ) 
4 184 226 (0 0 384 ) (0 0 256 ) (0 -256 256 ) (0 -256 384 ) 
4 184 192 (0 -32 256 ) (0 -16 256 ) (64 -16 256 ) (64 -32 256 ) 
4 184 191 (64 -16 256 ) (128 -16 256 ) (128 -32 256 ) (64 -32 256 ) 
4 184 190 (128 -16 256 ) (256 -16 256 ) (256 -32 256 ) (128 -32 256 ) 
4 184 193 (0 -256 256 ) (0 -32 256 ) (256 -32 256 ) (256 -256 256 ) 
4 184 188 (0 -16 256 ) (0 0 256 ) (64 0 256 ) (64 -16 256 ) 
4 184 187 (64 0 256 ) (112 0 256 ) (112 -16 256 ) (64 -16 256 ) 
4 184 186 (112 0 256 ) (128 0 256 ) (128 -16 256 ) (112 -16 256 ) 
4 184 185 (128 0 256 ) (256 0 256 ) (256 -16 256 ) (128 -16 256 ) 
4 185 195 (224 0 -768 ) (288 0 -768 ) (288 -16 -768 ) (224 -16 -768 ) 
4 185 196 (128 0 -768 ) (224 0 -768 ) (224 -16 -768 ) (128 -16 -768 ) 
4 185 194 (288 0 -768 ) (448 0 -768 ) (448 -16 -768 ) (288 -16 -768 ) 
4 185 190 (128 -16 -768 ) (448 -16 -768 ) (448 -16 256 ) (128 -16 256 ) 
4 185 186 (128 -16 -384 ) (128 -16 256 ) (128 0 256 ) (128 0 -384 ) 
4 186 191 (128 -16 -384 ) (128 -16 256 ) (112 -16 256 ) (112 -16 -384 ) 
4 186 189 (112 -16 -384 ) (112 -16 -272 ) (112 0 -272 ) (112 0 -384 ) 
4 186 187 (112 -16 -272 ) (112 -16 256 ) (112 0 256 ) (112 0 -272 ) 
4 187 191 (112 -16 -272 ) (112 -16 256 ) (64 -16 256 ) (64 -16 -272 ) 
4 187 189 (64 0 -272 ) (112 0 -272 ) (112 -16 -272 ) (64 -16 -272 ) 
4 187 188 (64 -16 -256 ) (64 -16 256 ) (64 0 256 ) (64 0 -256 ) 
4 188 231 (0 0 256 ) (0 0 -256 ) (0 -16 -256 ) (0 -16 256 ) 
4 188 192 (64 -16 256 ) (0 -16 256 ) (0 -16 -256 ) (64 -16 -256 ) 
4 189 191 (112 -16 -384 ) (112 -16 -272 ) (64 -16 -272 ) (64 -16 -384 ) 
4 190 195 (224 -16 -768 ) (288 -16 -768 ) (288 -32 -768 ) (224 -32 -768 ) 
4 190 196 (128 -16 -768 ) (224 -16 -768 ) (224 -32 -768 ) (128 -32 -768 ) 
4 190 194 (288 -16 -768 ) (448 -16 -768 ) (448 -32 -768 ) (288 -32 -768 ) 
4 190 191 (128 -16 256 ) (128 -16 -384 ) (128 -32 -384 ) (128 -32 256 ) 
4 190 193 (128 -32 -768 ) (448 -32 -768 ) (448 -32 256 ) (128 -32 256 ) 
4 191 192 (64 -16 256 ) (64 -16 -256 ) (64 -32 -256 ) (64 -32 256 ) 
4 191 193 (128 -32 -384 ) (128 -32 256 ) (64 -32 256 ) (64 -32 -384 ) 
4 192 231 (0 -32 -256 ) (0 -32 256 ) (0 -16 256 ) (0 -16 -256 ) 
4 192 193 (64 -32 -256 ) (64 -32 256 ) (0 -32 256 ) (0 -32 -256 ) 
4 193 270 (0 -256 -768 ) (0 -512 -768 ) (0 -512 -640 ) (0 -256 -640 ) 
4 193 269 (0 -224 -640 ) (0 -96 -640 ) (0 -96 -704 ) (0 -224 -704 ) 
4 193 264 (0 -512 -640 ) (0 -512 -512 ) (0 -256 -512 ) (0 -256 -640 ) 
4 193 260 (0 -512 -512 ) (0 -512 -256 ) (0 -256 -256 ) (0 -256 -512 ) 
4 193 238 (0 -512 -256 ) (0 -512 128 ) (0 -224 128 ) (0 -224 -256 ) 
4 193 235 (0 -512 128 ) (0 -512 256 ) (0 -224 256 ) (0 -224 128 ) 
4 193 231 (0 -224 256 ) (0 -32 256 ) (0 -32 -256 ) (0 -224 -256 ) 
4 193 209 (0 -512 -640 ) (0 -512 -768 ) (128 -512 -768 ) (128 -512 -640 ) 
4 193 206 (256 -512 -448 ) (192 -512 -448 ) (192 -512 -576 ) (256 -512 -576 ) 
4 193 202 (0 -512 256 ) (0 -512 128 ) (448 -512 128 ) (448 -512 256 ) 
4 193 203 (0 -512 128 ) (0 -512 -256 ) (448 -512 -256 ) (448 -512 128 ) 
4 193 198 (128 -224 -768 ) (128 -192 -768 ) (160 -192 -768 ) (160 -224 -768 ) 
4 193 197 (128 -192 -768 ) (128 -160 -768 ) (192 -160 -768 ) (192 -192 -768 ) 
4 193 195 (224 -32 -768 ) (288 -32 -768 ) (288 -128 -768 ) (224 -128 -768 ) 
4 193 196 (128 -160 -768 ) (128 -32 -768 ) (224 -32 -768 ) (224 -160 -768 ) 
4 193 194 (288 -96 -768 ) (288 -32 -768 ) (448 -32 -768 ) (448 -96 -768 ) 
4 194 199 (288 -96 -784 ) (288 0 -784 ) (448 0 -784 ) (448 -96 -784 ) 
4 194 195 (288 0 -784 ) (288 -96 -784 ) (288 -96 -768 ) (288 0 -768 ) 
4 195 201 (288 -112 -784 ) (288 -128 -784 ) (224 -128 -784 ) (224 -112 -784 ) 
4 195 200 (224 0 -784 ) (256 0 -784 ) (256 -112 -784 ) (224 -112 -784 ) 
4 195 196 (224 0 -784 ) (224 -128 -784 ) (224 -128 -768 ) (224 0 -768 ) 
4 196 201 (128 -160 -784 ) (128 -112 -784 ) (224 -112 -784 ) (224 -160 -784 ) 
4 196 200 (128 -112 -784 ) (128 0 -784 ) (224 0 -784 ) (224 -112 -784 ) 
4 196 197 (128 -160 -768 ) (128 -160 -784 ) (192 -160 -784 ) (192 -160 -768 ) 
4 197 201 (128 -192 -784 ) (128 -160 -784 ) (192 -160 -784 ) (192 -192 -784 ) 
4 197 198 (128 -192 -768 ) (128 -192 -784 ) (160 -192 -784 ) (160 -192 -768 ) 
4 198 201 (128 -224 -784 ) (128 -192 -784 ) (160 -192 -784 ) (160 -224 -784 ) 
4 200 201 (256 -112 -784 ) (128 -112 -784 ) (128 -112 -952 ) (256 -112 -952 ) 
4 202 235 (0 -576 256 ) (0 -512 256 ) (0 -512 128 ) (0 -576 128 ) 
4 202 203 (0 -576 128 ) (0 -512 128 ) (448 -512 128 ) (448 -576 128 ) 
4 203 241 (0 -672 -256 ) (0 -672 128 ) (0 -640 128 ) (0 -640 -256 ) 
4 203 238 (0 -640 128 ) (0 -512 128 ) (0 -512 -256 ) (0 -640 -256 ) 
4 203 210 (128 -672 0 ) (128 -672 -128 ) (256 -672 -128 ) (256 -672 0 ) 
4 204 207 (256 -672 -448 ) (192 -672 -448 ) (192 -576 -448 ) (256 -576 -448 ) 
4 204 205 (384 -672 -448 ) (256 -672 -448 ) (256 -576 -448 ) (384 -576 -448 ) 
4 205 207 (256 -576 -576 ) (256 -672 -576 ) (256 -672 -448 ) (256 -576 -448 ) 
4 206 207 (192 -528 -448 ) (192 -528 -576 ) (256 -528 -576 ) (256 -528 -448 ) 
4 208 209 (0 -560 -640 ) (0 -528 -640 ) (128 -528 -640 ) (128 -560 -640 ) 
4 209 215 (128 -672 -640 ) (0 -672 -640 ) (0 -672 -768 ) (128 -672 -768 ) 
4 211 263 (0 -928 -512 ) (0 -992 -512 ) (0 -992 -256 ) (0 -928 -256 ) 
4 211 262 (0 -832 -512 ) (0 -928 -512 ) (0 -928 -256 ) (0 -832 -256 ) 
4 211 261 (0 -736 -256 ) (0 -736 -512 ) (0 -832 -512 ) (0 -832 -256 ) 
4 211 245 (0 -736 -30.894958 ) (0 -736 -256 ) (0 -992 -256 ) (0 -992 -30.882355 ) 
4 211 214 (128 -736 -512 ) (214.886520 -736 -512 ) (214.886520 -992 -512 ) (128 -992 -512 ) 
4 211 215 (0 -992 -512 ) (0 -736 -512 ) (128 -736 -512 ) (128 -992 -512 ) 
4 212 219 (192.488968 -864 -768 ) (192.488968 -736 -768 ) (208.549774 -736 -768 ) (208.549805 -864 -768 ) 
4 212 213 (202.671204 -864 -651.638428 ) (192.490723 -864 -768 ) (208.551712 -864 -768 ) (218.610474 -864 -653.032166 ) 
4 212 214 (213.824448 -736 -524.136047 ) (192.488770 -736 -768 ) (192.488708 -864 -768 ) (213.824417 -864 -524.136230 ) 
4 213 219 (208.549850 -992 -768 ) (192.488968 -992 -768 ) (192.488968 -864 -768 ) (208.549805 -864 -768 ) 
4 213 214 (192.488708 -864 -768 ) (192.488647 -992 -768 ) (202.669281 -992 -651.637207 ) (202.669235 -864 -651.638184 ) 
4 214 221 (160 -992 -768 ) (128 -992 -768 ) (128 -736 -768 ) (160 -736 -768 ) 
4 214 218 (192.488968 -992 -768 ) (160 -992 -768 ) (160 -736 -768 ) (192.488968 -736 -768 ) 
4 214 216 (128 -992 -768 ) (160.367004 -992 -768 ) (170.790710 -992 -648.855286 ) (128 -992 -645.111877 ) 
4 214 215 (128 -736 -768 ) (128 -992 -768 ) (128 -992 -512 ) (128 -736 -512 ) 
4 215 293 (0 -992 -512 ) (0 -928 -512 ) (0 -928 -768 ) (0 -992 -768 ) 
4 215 280 (0 -927 -732.661133 ) (0 -928 -732.661133 ) (0 -928 -540.014404 ) (0 -927 -540.014404 ) 
4 215 278 (0 -833 -732.661133 ) (0 -927 -732.661133 ) (0 -927 -540.014404 ) (0 -833 -540.014343 ) 
4 215 277 (0 -832 -540.014343 ) (0 -832 -732.661133 ) (0 -833 -732.661133 ) (0 -833 -540.014343 ) 
4 215 276 (0 -832 -539.007813 ) (0 -832 -540.014343 ) (0 -928 -540.014404 ) (0 -928 -539.008057 ) 
4 215 275 (0 -928 -512 ) (0 -832 -512 ) (0 -832 -539.007813 ) (0 -928 -539.008057 ) 
4 215 274 (0 -832 -732.661133 ) (0 -832 -768 ) (0 -928 -768 ) (0 -928 -732.661133 ) 
4 215 272 (0 -832 -512 ) (0 -736 -512 ) (0 -736 -768 ) (0 -832 -768 ) 
4 215 221 (128 -736 -768 ) (128 -992 -768 ) (0 -992 -768 ) (0 -736 -768 ) 
4 215 216 (0 -992 -768 ) (128 -992 -768 ) (128 -992 -645.111877 ) (0 -992 -633.914246 ) 
4 216 294 (0 -992 -633.914246 ) (0 -992 -768 ) (0 -1008 -768 ) (0 -1008 -633.914429 ) 
5 216 217 (0 -1008 -768 ) (160.367004 -1008 -768 ) (170.790695 -1008 -648.855469 ) (69.564026 -1008 -640 ) (0 -1008 -640 ) 
4 217 303 (160 -1024 -640 ) (0 -1024 -640 ) (0 -1024 -768 ) (160 -1024 -768 ) 
4 217 302 (176 -1024 -640 ) (160 -1024 -640 ) (160 -1024 -768 ) (176 -1024 -768 ) 
4 217 295 (0 -1024 -768 ) (0 -1024 -640 ) (0 -1008 -640 ) (0 -1008 -768 ) 
4 218 221 (160 -736 -768 ) (160 -736 -792.460022 ) (160 -992 -792.459717 ) (160 -992 -768 ) 
3 218 220 (160.367004 -992 -768 ) (160 -992 -768 ) (160 -992 -772.194885 ) 
5 218 219 (192.490570 -991.996094 -768 ) (192.490234 -992 -768.003906 ) (191.514297 -992 -779.151489 ) (191.514206 -736 -779.152527 ) (192.490555 -736 -768 ) 
4 221 296 (0 -992 -778.461670 ) (0 -992 -768 ) (0 -736 -768 ) (0 -736 -778.461914 ) 
4 222 227 (-256.140991 0 384 ) (-192.141022 0 384 ) (-192.141022 -32 384 ) (-256.140991 -32 384 ) 
4 222 223 (-256.140991 0 384 ) (-256.140991 -32 384 ) (-256.140991 -32 416 ) (-256.140991 0 416 ) 
4 223 227 (-320 0 384 ) (-256.140991 0 384 ) (-256.140991 -32 384 ) (-320 -32 384 ) 
4 223 224 (-352.140991 -32 384 ) (-256.140991 -32 384 ) (-256.140991 -32 448 ) (-352.140991 -32 448 ) 
4 224 227 (-320 -32 384 ) (-256.140991 -32 384 ) (-256.140991 -64 384 ) (-320 -64 384 ) 
4 225 229 (-384 -448 384 ) (-384 -320 384 ) (-256 -320 384 ) (-256 -448 384 ) 
4 226 235 (-192 -256 256 ) (-192 -224 256 ) (0 -224 256 ) (0 -256 256 ) 
4 226 231 (-192 -224 256 ) (-192 0 256 ) (0 0 256 ) (0 -224 256 ) 
4 226 228 (-192 -224 256 ) (-192 -256 256 ) (-192 -256 384 ) (-192 -224 384 ) 
4 226 227 (-192 0 256 ) (-192 -224 256 ) (-192 -224 384 ) (-192 0 384 ) 
4 227 231 (-320 0 256 ) (-192 0 256 ) (-192 -224 256 ) (-320 -224 256 ) 
4 227 228 (-320 -224 256 ) (-192 -224 256 ) (-192 -224 384 ) (-320 -224 384 ) 
4 228 235 (-320 -224 256 ) (-192 -224 256 ) (-192 -256 256 ) (-320 -256 256 ) 
4 229 237 (-384 -448 256 ) (-384 -320 256 ) (-320 -320 256 ) (-320 -448 256 ) 
4 229 235 (-320 -320 256 ) (-256 -320 256 ) (-256 -448 256 ) (-320 -448 256 ) 
4 230 235 (-256 -448 256 ) (-192 -448 256 ) (-192 -512 256 ) (-256 -512 256 ) 
4 231 239 (-320 -224 128 ) (-320 -224 -256 ) (-288 -224 -256 ) (-288 -224 128 ) 
4 231 238 (-288 -224 -256 ) (0 -224 -256 ) (0 -224 128 ) (-288 -224 128 ) 
4 231 235 (0 -224 256 ) (-320 -224 256 ) (-320 -224 128 ) (0 -224 128 ) 
4 231 232 (-320 0 -256 ) (-320 -224 -256 ) (-320 -224 192 ) (-320 0 192 ) 
4 232 239 (-352 -224 128 ) (-352 -224 -256 ) (-320 -224 -256 ) (-320 -224 128 ) 
4 232 236 (-352 -224 192 ) (-352 -224 128 ) (-320 -224 128 ) (-320 -224 192 ) 
4 232 234 (-352 0 -256 ) (-352 -224 -256 ) (-352 -224 192 ) (-352 0 192 ) 
4 233 234 (-352 0 192 ) (-352 -224 192 ) (-384 -224 192 ) (-384 0 192 ) 
4 234 255 (-384 0 -48 ) (-384 0 -192 ) (-384 -192 -192 ) (-384 -192 -48 ) 
4 234 254 (-384 0 0 ) (-384 0 -48 ) (-384 -192 -48 ) (-384 -192 0 ) 
4 234 251 (-384 0 126 ) (-384 0 0 ) (-384 -224 0 ) (-384 -224 126 ) 
4 234 250 (-384 0 128 ) (-384 0 126 ) (-384 -224 126 ) (-384 -224 128 ) 
4 234 246 (-384 -64 128 ) (-384 -128 128 ) (-384 -128 160 ) (-384 -64 160 ) 
4 234 239 (-384 -224 128 ) (-384 -224 -256 ) (-352 -224 -256 ) (-352 -224 128 ) 
4 234 236 (-384 -224 192 ) (-384 -224 128 ) (-352 -224 128 ) (-352 -224 192 ) 
4 235 240 (-288 -256 128 ) (-288 -576 128 ) (-320 -576 128 ) (-320 -256 128 ) 
4 235 239 (-320 -224 128 ) (-288 -224 128 ) (-288 -256 128 ) (-320 -256 128 ) 
4 235 238 (-288 -224 128 ) (0 -224 128 ) (0 -576 128 ) (-288 -576 128 ) 
4 235 236 (-320 -224 192 ) (-320 -224 128 ) (-320 -256 128 ) (-320 -256 192 ) 
4 235 237 (-320 -256 128 ) (-320 -576 128 ) (-320 -576 256 ) (-320 -256 256 ) 
4 236 239 (-384 -256 128 ) (-384 -224 128 ) (-320 -224 128 ) (-320 -256 128 ) 
4 236 237 (-384 -256 128 ) (-320 -256 128 ) (-320 -256 192 ) (-384 -256 192 ) 
4 237 240 (-384 -576 128 ) (-384 -256 128 ) (-320 -256 128 ) (-320 -576 128 ) 
4 238 260 (0 -256 -256 ) (0 -512 -256 ) (-192 -512 -256 ) (-192 -256 -256 ) 
4 238 243 (-288 -640 -256 ) (-192 -640 -256 ) (-192 -640 128 ) (-288 -640 128 ) 
4 238 241 (-192 -640 -256 ) (0 -640 -256 ) (0 -640 128 ) (-192 -640 128 ) 
4 238 240 (-288 -640 -128 ) (-288 -640 128 ) (-288 -256 128 ) (-288 -256 -128 ) 
4 238 239 (-288 -256 128 ) (-288 -224 128 ) (-288 -224 -256 ) (-288 -256 -256 ) 
4 239 251 (-384 -256 0 ) (-384 -256 126 ) (-384 -224 126 ) (-384 -224 0 ) 
4 239 250 (-384 -256 126 ) (-384 -256 128 ) (-384 -224 128 ) (-384 -224 126 ) 
4 239 240 (-288 -256 -128 ) (-288 -256 128 ) (-384 -256 128 ) (-384 -256 -128 ) 
4 240 257 (-384 -480 0 ) (-384 -352 0 ) (-384 -352 -126 ) (-384 -480 -126 ) 
4 240 256 (-384 -352 0 ) (-384 -256 0 ) (-384 -256 -128 ) (-384 -352 -128 ) 
4 240 258 (-384 -640 -128 ) (-384 -640 0 ) (-384 -480 0 ) (-384 -480 -128 ) 
4 240 252 (-384 -640 0 ) (-384 -640 128 ) (-384 -384 128 ) (-384 -384 0 ) 
4 240 251 (-384 -256 126 ) (-384 -256 0 ) (-384 -384 0 ) (-384 -384 126 ) 
4 240 250 (-384 -384 128 ) (-384 -256 128 ) (-384 -256 126 ) (-384 -384 126 ) 
4 240 244 (-384 -640 128 ) (-384 -640 -128 ) (-288 -640 -128 ) (-288 -640 128 ) 
4 241 243 (-192 -640 128 ) (-192 -640 -256 ) (-192 -672 -256 ) (-192 -672 128 ) 
4 242 247 (-384 -672 128 ) (-384 -672 136 ) (-384 -640 136 ) (-384 -640 128 ) 
4 242 244 (-384 -640 128 ) (-288 -640 128 ) (-288 -672 128 ) (-384 -672 128 ) 
4 242 243 (-288 -640 128 ) (-192 -640 128 ) (-192 -672 128 ) (-288 -672 128 ) 
4 243 244 (-288 -672 -128 ) (-288 -672 128 ) (-288 -640 128 ) (-288 -640 -128 ) 
4 244 259 (-384 -672 -128 ) (-384 -672 0 ) (-384 -640 0 ) (-384 -640 -128 ) 
4 244 253 (-384 -672 0 ) (-384 -672 128 ) (-384 -640 128 ) (-384 -640 0 ) 
4 245 263 (0 -928 -256 ) (0 -992 -256 ) (-19.695278 -992 -256 ) (-19.695004 -928 -256 ) 
4 245 262 (0 -832 -256 ) (0 -928 -256 ) (-19.695004 -928 -256 ) (-19.694593 -832 -256 ) 
4 245 261 (0 -736 -256 ) (0 -832 -256 ) (-19.694593 -832 -256 ) (-19.694183 -736 -256 ) 
4 246 250 (-384 -64 128 ) (-384 -128 128 ) (-388 -128 128 ) (-388 -64 128 ) 
4 247 253 (-384 -640 128 ) (-384 -672 128 ) (-416 -672 128 ) (-416 -640 128 ) 
4 247 248 (-416 -640 128 ) (-416 -672 128 ) (-416 -672 136 ) (-416 -640 136 ) 
4 248 253 (-416 -640 128 ) (-416 -672 128 ) (-448 -672 128 ) (-448 -640 128 ) 
4 248 252 (-416 -384 128 ) (-416 -640 128 ) (-448 -640 128 ) (-448 -384 128 ) 
4 249 250 (-672 0 128 ) (-544 0 128 ) (-544 -32 128 ) (-672 -32 128 ) 
4 250 252 (-384 -384 126 ) (-384 -384 128 ) (-512 -384 128 ) (-512 -384 126 ) 
4 250 251 (-384 -384 126 ) (-704 -384 126 ) (-704 0 126 ) (-384 0 126 ) 
4 251 257 (-384 -352 0 ) (-384 -384 0 ) (-512 -384 0 ) (-512 -352 0 ) 
4 251 256 (-384 -256 0 ) (-384 -352 0 ) (-512 -352 0 ) (-512 -256 0 ) 
4 251 254 (-392 0 0 ) (-384 0 0 ) (-384 -192 0 ) (-392 -192 0 ) 
4 251 252 (-512 -384 0 ) (-384 -384 0 ) (-384 -384 126 ) (-512 -384 126 ) 
4 252 257 (-512 -384 0 ) (-384 -384 0 ) (-384 -480 0 ) (-512 -480 0 ) 
4 252 258 (-384 -480 0 ) (-384 -640 0 ) (-512 -640 0 ) (-512 -480 0 ) 
4 252 253 (-448 -640 0 ) (-384 -640 0 ) (-384 -640 128 ) (-448 -640 128 ) 
4 253 259 (-448 -640 0 ) (-384 -640 0 ) (-384 -672 0 ) (-448 -672 0 ) 
4 254 255 (-392 0 -48 ) (-384 0 -48 ) (-384 -192 -48 ) (-392 -192 -48 ) 
4 256 257 (-512 -352 0 ) (-512 -352 -126 ) (-384 -352 -126 ) (-384 -352 0 ) 
4 257 258 (-512 -480 0 ) (-512 -480 -126 ) (-384 -480 -126 ) (-384 -480 0 ) 
4 258 259 (-384 -640 -128 ) (-384 -640 0 ) (-448 -640 0 ) (-448 -640 -128 ) 
4 260 265 (-192 -512 -512 ) (-192 -256 -512 ) (-16 -256 -512 ) (-16 -512 -512 ) 
4 260 264 (-16 -256 -512 ) (0 -256 -512 ) (0 -512 -512 ) (-16 -512 -512 ) 
4 261 272 (-42.091309 -736 -512 ) (0 -736 -512 ) (0 -832 -512 ) (-42.091728 -832 -512 ) 
4 261 262 (-42.091721 -832 -512 ) (0 -832 -512 ) (0 -832 -256 ) (-19.694588 -832 -256 ) 
4 262 285 (-30.892202 -833 -512 ) (-30.892439 -928 -512 ) (-42.095448 -928 -512 ) (-42.095444 -833 -512 ) 
4 262 283 (-36.950039 -832 -512 ) (-30.892200 -832 -512 ) (-30.892202 -833 -512 ) (-36.950039 -833 -512 ) 
4 262 281 (-42.095444 -832 -512 ) (-36.950039 -832 -512 ) (-36.950039 -833 -512 ) (-42.095444 -833 -512 ) 
4 262 275 (-30.892200 -832 -512 ) (0 -832 -512 ) (0 -928 -512 ) (-30.892439 -928 -512 ) 
4 262 263 (-42.095444 -928 -512 ) (0 -928 -512 ) (0 -928 -256 ) (-19.620028 -928 -256 ) 
4 263 293 (-42.092148 -928 -512 ) (0 -928 -512 ) (0 -992 -512 ) (-42.092411 -992 -512 ) 
4 264 270 (-16 -512 -640 ) (-16 -256 -640 ) (0 -256 -640 ) (0 -512 -640 ) 
4 264 267 (-16 -256 -640 ) (-16 -512 -640 ) (-16 -512 -624 ) (-16 -256 -624 ) 
4 264 265 (-16 -512 -624 ) (-16 -512 -512 ) (-16 -256 -512 ) (-16 -256 -624 ) 
4 265 268 (-144 -512 -624 ) (-192 -512 -624 ) (-192 -256 -624 ) (-144 -256 -624 ) 
4 265 267 (-16 -512 -624 ) (-144 -512 -624 ) (-144 -256 -624 ) (-16 -256 -624 ) 
4 266 269 (-16 -96 -640 ) (-16 -224 -640 ) (-144 -224 -640 ) (-144 -96 -640 ) 
4 267 270 (-16 -256 -640 ) (-16 -512 -640 ) (-144 -512 -640 ) (-144 -256 -640 ) 
4 267 268 (-144 -256 -640 ) (-144 -512 -640 ) (-144 -512 -624 ) (-144 -256 -624 ) 
4 268 270 (-192 -512 -640 ) (-192 -256 -640 ) (-144 -256 -640 ) (-144 -512 -640 ) 
4 270 271 (-192 -320.140991 -768 ) (-192 -384.140991 -768 ) (-192 -384.140991 -704 ) (-192 -320.140991 -704 ) 
4 272 296 (0 -736 -768 ) (0 -832 -768 ) (-64.488861 -832 -768 ) (-64.488464 -736 -768 ) 
3 272 284 (-44.035675 -832 -534.219360 ) (-52.243450 -832 -628.034363 ) (-39.984447 -832 -534.752502 ) 
4 272 283 (-30.892200 -832 -512 ) (-36.950039 -832 -512 ) (-39.810738 -832 -533.767822 ) (-33.861073 -832 -534.550842 ) 
4 272 281 (-36.950039 -832 -512 ) (-42.091724 -832 -512 ) (-44.035675 -832 -534.219360 ) (-39.940903 -832 -534.758240 ) 
4 272 277 (0 -832 -732.661194 ) (0 -832 -540.014404 ) (-32.008938 -832 -535.802124 ) (-56.939770 -832 -725.168762 ) 
4 272 276 (0 -832 -540.014404 ) (0 -832 -539.007813 ) (-31.879238 -832 -534.811707 ) (-32.009682 -832 -535.802002 ) 
4 272 275 (0 -832 -539.007813 ) (0 -832 -512 ) (-30.892200 -832 -512 ) (-33.861073 -832 -534.550842 ) 
5 272 274 (-64.488892 -832 -768 ) (0 -832 -768 ) (0 -832 -732.661194 ) (-54.031567 -832 -725.551392 ) (-60.723892 -832 -724.966003 ) 
3 272 273 (-54.031567 -832 -725.551392 ) (-60.698357 -832 -724.674133 ) (-60.723892 -832 -724.966003 ) 
3 273 293 (-54.025681 -928 -725.552124 ) (-60.699230 -928 -724.674011 ) (-60.724785 -928 -724.966125 ) 
4 273 291 (-68.640518 -927 -723.628784 ) (-68.640518 -928 -723.628784 ) (-64.871536 -928 -724.124756 ) (-64.871536 -927 -724.124756 ) 
4 273 289 (-68.640526 -833 -723.628845 ) (-68.640518 -927 -723.628784 ) (-64.871536 -927 -724.124756 ) (-64.871544 -833 -724.124817 ) 
4 273 284 (-64.871544 -832 -724.124756 ) (-68.640526 -832 -723.628845 ) (-68.640526 -833 -723.628845 ) (-64.871544 -833 -724.124817 ) 
4 273 280 (-56.939922 -928 -725.168396 ) (-54.019043 -928 -725.552734 ) (-54.019115 -927 -725.552734 ) (-56.939922 -927 -725.168396 ) 
4 273 278 (-56.939922 -927 -725.168396 ) (-54.019115 -927 -725.552734 ) (-54.025921 -833 -725.551880 ) (-56.939930 -833 -725.168457 ) 
4 273 277 (-54.025993 -832 -725.551880 ) (-56.939735 -832 -725.168457 ) (-56.940468 -833 -725.168396 ) (-54.025921 -833 -725.551880 ) 
4 273 274 (-60.725502 -832 -724.965637 ) (-54.026245 -832 -725.551697 ) (-54.019806 -928 -725.552490 ) (-60.725521 -928 -724.965881 ) 
4 274 296 (0 -832 -768 ) (0 -928 -768 ) (-64.488770 -928 -768 ) (-64.488770 -832 -768 ) 
5 274 293 (-64.488770 -928 -768 ) (0 -928 -768 ) (0 -928 -732.661133 ) (-54.025681 -928 -725.552124 ) (-60.725540 -928 -724.966064 ) 
4 274 280 (-54.019115 -927 -725.552734 ) (-54.019043 -928 -725.552734 ) (0 -928 -732.660828 ) (0 -927 -732.660828 ) 
4 274 278 (-54.025921 -833 -725.551880 ) (-54.019115 -927 -725.552734 ) (0 -927 -732.660828 ) (0 -833 -732.660889 ) 
4 274 277 (0 -832 -732.660889 ) (-54.025993 -832 -725.551880 ) (-54.025921 -833 -725.551880 ) (0 -833 -732.660889 ) 
4 275 293 (0 -928 -539.008057 ) (0 -928 -512 ) (-30.892441 -928 -512 ) (-33.861351 -928 -534.551086 ) 
4 275 285 (-33.861370 -833 -534.550781 ) (-33.861023 -928 -534.551147 ) (-30.892113 -928 -512 ) (-30.892572 -833 -512 ) 
4 275 283 (-30.892578 -832 -512 ) (-33.861374 -832 -534.550781 ) (-33.861370 -833 -534.550781 ) (-30.892572 -833 -512 ) 
4 275 276 (-31.879240 -832 -534.811707 ) (0 -832 -539.007813 ) (0 -928 -539.008118 ) (-31.879007 -928 -534.812012 ) 
4 276 293 (0 -928 -540.014404 ) (0 -928 -539.008057 ) (-31.879004 -928 -534.812012 ) (-32.009407 -928 -535.802002 ) 
4 276 280 (0 -928 -540.014526 ) (-32.009430 -928 -535.802185 ) (-32.009434 -927 -535.802185 ) (0 -927 -540.014526 ) 
4 276 278 (-32.009434 -927 -535.802185 ) (-32.009701 -833 -535.802185 ) (0 -833 -540.014526 ) (0 -927 -540.014526 ) 
4 276 277 (-32.009701 -833 -535.802185 ) (-32.009705 -832 -535.802185 ) (0 -832 -540.014526 ) (0 -833 -540.014526 ) 
4 277 278 (0 -833 -540.015198 ) (-32.009781 -833 -535.802795 ) (-56.940506 -833 -725.168701 ) (0 -833 -732.661194 ) 
4 278 280 (0 -927 -540.015198 ) (-32.070000 -927 -535.794922 ) (-56.939960 -927 -725.168701 ) (0 -927 -732.661133 ) 
4 278 279 (-32.069336 -833 -535.792969 ) (-56.809464 -833 -724.178101 ) (-56.809460 -927 -724.178101 ) (-32.069336 -927 -535.792969 ) 
4 280 293 (0 -928 -732.661133 ) (0 -928 -540.014404 ) (-32.069889 -928 -535.794067 ) (-56.939957 -928 -725.168701 ) 
4 281 286 (-44.046074 -833 -534.218079 ) (-39.940907 -833 -534.758301 ) (-39.810734 -833 -533.767761 ) (-43.958603 -833 -533.221741 ) 
4 281 285 (-39.810734 -833 -533.767761 ) (-36.950039 -833 -512 ) (-42.095448 -833 -512 ) (-43.958603 -833 -533.221741 ) 
4 281 284 (-39.940891 -833 -534.758179 ) (-44.046066 -833 -534.217957 ) (-44.046066 -832 -534.217957 ) (-39.940895 -832 -534.758179 ) 
4 281 283 (-36.951172 -833 -512 ) (-39.811100 -833 -533.767700 ) (-39.811066 -832 -533.767700 ) (-36.950375 -832 -512 ) 
4 281 282 (-44 -832 -533.697021 ) (-44.045879 -832 -534.218445 ) (-44.045879 -833 -534.218445 ) (-44 -833 -533.697021 ) 
4 282 290 (-51.962269 -833 -533 ) (-51.977535 -833 -533.174255 ) (-44.046074 -833 -534.218079 ) (-44 -833 -533.697021 ) 
4 282 284 (-44.046066 -833 -534.217957 ) (-51.974625 -833 -533.174561 ) (-51.974625 -832 -533.174561 ) (-44.046066 -832 -534.217957 ) 
4 283 285 (-33.865398 -833 -534.550293 ) (-30.896599 -833 -512 ) (-36.950039 -833 -512 ) (-39.810734 -833 -533.767822 ) 
5 284 290 (-51.977535 -833 -533.174255 ) (-68.553062 -833 -722.630981 ) (-64.741226 -833 -723.133179 ) (-52.361515 -833 -628.932739 ) (-44.046070 -833 -534.218079 ) 
4 284 289 (-68.553062 -833 -722.630981 ) (-68.640625 -833 -723.631836 ) (-64.871941 -833 -724.127808 ) (-64.741226 -833 -723.133179 ) 
3 284 286 (-52.361515 -833 -628.932739 ) (-39.984455 -833 -534.752563 ) (-44.046070 -833 -534.218079 ) 
4 285 293 (-30.892441 -928 -512 ) (-42.095448 -928 -512 ) (-43.958626 -928 -533.222046 ) (-33.861351 -928 -534.551086 ) 
4 285 287 (-43.961159 -928 -533.221252 ) (-43.961159 -927 -533.221252 ) (-39.810707 -927 -533.767578 ) (-39.810707 -928 -533.767578 ) 
4 285 286 (-43.961159 -927 -533.221252 ) (-43.961136 -833 -533.221008 ) (-39.810471 -833 -533.767334 ) (-39.810020 -927 -533.767639 ) 
4 286 290 (-44 -833 -533.697021 ) (-52.405411 -833 -629.434509 ) (-52.406597 -927 -629.447266 ) (-44 -927 -533.697144 ) 
3 286 288 (-44.048386 -927 -534.217773 ) (-52.413887 -927 -629.502625 ) (-39.940445 -927 -534.758362 ) 
4 286 287 (-39.810040 -927 -533.767822 ) (-43.960938 -927 -533.221680 ) (-44.048386 -927 -534.217773 ) (-39.940445 -927 -534.758362 ) 
4 287 293 (-43.958626 -928 -533.222046 ) (-44.046070 -928 -534.218079 ) (-39.940907 -928 -534.758301 ) (-39.810760 -928 -533.768005 ) 
4 287 292 (-44.045986 -928 -534.218018 ) (-44 -928 -533.697144 ) (-44 -927 -533.697144 ) (-44.045986 -927 -534.218079 ) 
4 287 288 (-44.046875 -928 -534.218262 ) (-44.046875 -927 -534.218262 ) (-39.940945 -927 -534.758606 ) (-39.940945 -928 -534.758606 ) 
3 288 293 (-52.291359 -928 -628.572021 ) (-39.940445 -928 -534.758362 ) (-44.036533 -928 -534.219360 ) 
4 288 292 (-52.406601 -928 -629.447266 ) (-44.045986 -928 -534.218018 ) (-44.045986 -927 -534.218079 ) (-52.405045 -927 -629.429626 ) 
4 289 291 (-64.741226 -927 -723.133179 ) (-68.549408 -927 -722.631531 ) (-68.636719 -927 -723.629517 ) (-64.871567 -927 -724.124939 ) 
4 289 290 (-68.549805 -927 -722.631531 ) (-64.741241 -927 -723.133240 ) (-64.741241 -833 -723.133301 ) (-68.550049 -833 -722.631531 ) 
5 290 292 (-52.382950 -927 -629.267639 ) (-43.992188 -927 -533.696289 ) (-51.959225 -927 -532.998596 ) (-68.549408 -927 -722.631531 ) (-64.740707 -927 -723.133240 ) 
4 291 292 (-64.741379 -927 -723.134338 ) (-68.550140 -927 -722.632568 ) (-68.550140 -928 -722.632568 ) (-64.741379 -928 -723.134338 ) 
4 293 296 (0 -928 -768 ) (0 -992 -768 ) (-64.489029 -992 -768 ) (-64.489807 -928 -768 ) 
4 293 294 (-32.367325 -992 -768 ) (0 -992 -768 ) (0 -992 -633.914307 ) (-20.485130 -992 -632.122253 ) 
5 294 295 (-32 -1008 -768 ) (0 -1008 -768 ) (0 -1008 -640 ) (-21.174019 -1008 -640 ) (-32 -1008 -763.799683 ) 
4 295 313 (0 -1024 -768 ) (0 -1024 -640 ) (-32 -1024 -640 ) (-32 -1024 -768 ) 
4 297 309 (320 -2048 -640 ) (160 -2048 -640 ) (160 -1472 -640 ) (320 -1472 -640 ) 
4 297 301 (160 -1472 -640 ) (160 -2048 -640 ) (160 -2048 -608 ) (160 -1472 -608 ) 
4 297 299 (160 -2048 -608 ) (160 -2048 0 ) (160 -1472 0 ) (160 -1472 -608 ) 
4 298 300 (128 -1280 -608 ) (0 -1280 -608 ) (0 -1216 -608 ) (128 -1216 -608 ) 
4 299 310 (0 -1472 -608 ) (0 -2048 -608 ) (0 -2048 0 ) (0 -1472 0 ) 
4 299 301 (160 -1472 -608 ) (160 -2048 -608 ) (0 -2048 -608 ) (0 -1472 -608 ) 
4 300 311 (0 -1216 -640 ) (0 -1280 -640 ) (0 -1280 -608 ) (0 -1216 -608 ) 
4 300 306 (128 -1216 -640 ) (160 -1216 -640 ) (160 -1280 -640 ) (128 -1280 -640 ) 
4 300 307 (0 -1280 -640 ) (0 -1216 -640 ) (128 -1216 -640 ) (128 -1280 -640 ) 
4 301 312 (0 -1472 -640 ) (0 -2048 -640 ) (0 -2048 -608 ) (0 -1472 -608 ) 
4 301 309 (160 -2048 -640 ) (0 -2048 -640 ) (0 -1472 -640 ) (160 -1472 -640 ) 
4 302 303 (160 -1120 -768 ) (160 -1120 -640 ) (160 -1024 -640 ) (160 -1024 -768 ) 
4 303 313 (0 -1024 -640 ) (0 -1024 -768 ) (0 -1137 -768 ) (0 -1137 -640 ) 
4 303 304 (0 -1137 -768 ) (160 -1137 -768 ) (160 -1137 -640 ) (0 -1137 -640 ) 
4 304 314 (0 -1137 -768 ) (0 -1138 -768 ) (0 -1138 -640 ) (0 -1137 -640 ) 
4 304 305 (0 -1138 -768 ) (160 -1138 -768 ) (160 -1138 -640 ) (0 -1138 -640 ) 
4 305 315 (0 -1138 -768 ) (0 -1152 -768 ) (0 -1152 -640 ) (0 -1138 -640 ) 
4 305 307 (0 -1152 -768 ) (128 -1152 -768 ) (128 -1152 -640 ) (0 -1152 -640 ) 
4 306 307 (128 -1216 -768 ) (128 -1280 -768 ) (128 -1280 -640 ) (128 -1216 -640 ) 
4 307 316 (0 -1216 -768 ) (0 -1280 -768 ) (0 -1280 -640 ) (0 -1216 -640 ) 
4 307 308 (128 -1280 -640 ) (0 -1280 -640 ) (0 -1280 -768 ) (128 -1280 -768 ) 
4 308 309 (128 -1472 -640 ) (0 -1472 -640 ) (0 -1472 -896 ) (128 -1472 -896 ) 
4 309 318 (0 -2048 -1664 ) (0 -2048 -896 ) (0 -1472 -896 ) (0 -1472 -1664 ) 
4 309 317 (0 -2048 -896 ) (0 -2048 -640 ) (0 -1472 -640 ) (0 -1472 -896 ) 
4 310 319 (-32 -2048 -608 ) (-32 -2048 0 ) (-32 -1472 0 ) (-32 -1472 -608 ) 
4 310 312 (-32 -2048 -608 ) (-32 -1472 -608 ) (0 -1472 -608 ) (0 -2048 -608 ) 
4 311 316 (-32 -1280 -640 ) (-32 -1216 -640 ) (0 -1216 -640 ) (0 -1280 -640 ) 
4 312 319 (-32 -2048 -640 ) (-32 -2048 -608 ) (-32 -1472 -608 ) (-32 -1472 -640 ) 
4 312 317 (0 -2048 -640 ) (-32 -2048 -640 ) (-32 -1472 -640 ) (0 -1472 -640 ) 
4 313 314 (-32 -1137 -768 ) (0 -1137 -768 ) (0 -1137 -640 ) (-32 -1137 -640 ) 
4 314 315 (-32 -1138 -768 ) (0 -1138 -768 ) (0 -1138 -640 ) (-32 -1138 -640 ) 
4 317 319 (-32 -2048 -896 ) (-32 -2048 -640 ) (-32 -1472 -640 ) (-32 -1472 -896 ) 
4 317 318 (-32 -2048 -896 ) (-32 -1472 -896 ) (0 -1472 -896 ) (0 -2048 -896 ) 
4 318 319 (-32 -2048 -1664 ) (-32 -2048 -896 ) (-32 -1472 -896 ) (-32 -1472 -1664 ) 
