


materialPath: D:\SteamLibrary\steamapps\common\Portal 2\portal2\materials
Loading d:\steamlibrary\steamapps\common\portal 2\portal2_dlc3\maps\sp_a4_tb_wall_button.vmf
ConVarRef gpu_level doesn't point to an existing ConVar
Material not found!: TILE/WHITE_WALL_TILE003J
fixing up env_cubemap materials on brush sides...
0...1...2...3...4...5...6...7...8...9...100...1...2...3...4...5...6...7...8...9...10Processing areas...done (0)
Building Faces...done (0)
Chop Details...done (0)
Find Visible Detail Sides...
Merged 406 detail faces...done (0)
Merging details...done (0)
FixTjuncs...
PruneNodes...
WriteBSP...
done (0)
writing d:\steamlibrary\steamapps\common\portal 2\portal2_dlc3\maps\sp_a4_tb_wall_button.prt...Building visibility clusters...
done (0)
Finding displacement neighbors...
Finding lightmap sample positions...
Displacement Alpha : 0...1...2...3...4...5...6...7...8...9...10
Building Physics collision data...
done (1) (590677 bytes)
Encountered obsolete static prop option to do its fade in screen space @ 480.00 1536.00 432.00
Encountered obsolete static prop option to do its fade in screen space @ 352.00 1536.00 464.00
Encountered obsolete static prop option to do its fade in screen space @ 592.00 1056.00 320.00
Encountered obsolete static prop option to do its fade in screen space @ 592.00 864.00 320.00
Encountered obsolete static prop option to do its fade in screen space @ 96.00 1536.00 464.00
Encountered obsolete static prop option to do its fade in screen space @ -64.00 1584.00 64.00
Encountered obsolete static prop option to do its fade in screen space @ 128.00 1584.00 192.00
Encountered obsolete static prop option to do its fade in screen space @ 224.00 1536.00 464.00
Encountered obsolete static prop option to do its fade in screen space @ 480.00 1536.00 464.00
Encountered obsolete static prop option to do its fade in screen space @ 352.00 1536.00 432.00
Encountered obsolete static prop option to do its fade in screen space @ -64.00 1584.00 192.00
Encountered obsolete static prop option to do its fade in screen space @ 592.00 1056.00 192.00
Encountered obsolete static prop option to do its fade in screen space @ 128.00 1584.00 64.00
Encountered obsolete static prop option to do its fade in screen space @ 592.00 864.00 192.00
Encountered obsolete static prop option to do its fade in screen space @ 32.00 1584.00 256.00
Encountered obsolete static prop option to do its fade in screen space @ 368.00 2112.00 192.00
Encountered obsolete static prop option to do its fade in screen space @ 400.00 2112.00 192.00
Encountered obsolete static prop option to do its fade in screen space @ 752.00 960.00 320.00
Encountered obsolete static prop option to do its fade in screen space @ 720.00 960.00 320.00
Placing detail props : 0...1...2...3...4...5...6...7...8...9...10
Compacting texture/material tables...
Reduced 2096 texinfos to 1030
Reduced 77 texdatas to 75 (2409 bytes to 2369)
Writing d:\steamlibrary\steamapps\common\portal 2\portal2_dlc3\maps\sp_a4_tb_wall_button.bsp

nummapplanes:     (  7956 / 65536 )
nummapbrushes:    (  1577 /  8192 )
nummapbrushsides: ( 12820 / 65536 )
num_map_overlays: (     6 /   512 )
nummodels:        (   119 /  1024 )
num_entities:     (   646 / 16384 )

3 seconds elapsed



12 threads
reading d:\steamlibrary\steamapps\common\portal 2\portal2_dlc3\maps\sp_a4_tb_wall_button.bsp
reading d:\steamlibrary\steamapps\common\portal 2\portal2_dlc3\maps\sp_a4_tb_wall_button.prt
 312 portalclusters
 683 numportals
0...1...2...3...4...5...6...7...8...9...10Optimized: 1841 visible clusters (0.00%)
Total clusters visible: 56509
Average clusters visible: 181
Building PAS...
Average clusters audible: 275
visdatasize:24702  compressed from 24960
writing d:\steamlibrary\steamapps\common\portal 2\portal2_dlc3\maps\sp_a4_tb_wall_button.bsp
0 seconds elapsed



[Reading texlights from 'lights.rad']
[59 texlights parsed from 'lights.rad']

Loading d:\steamlibrary\steamapps\common\portal 2\portal2_dlc3\maps\sp_a4_tb_wall_button.bsp
Loaded alpha texture materials\Tools\toolsinvisible.vtf
Loaded alpha texture materials\Metal\metalgrate018.vtf
3024 faces
4 degenerate faces
1336411 square feet [192443184.00 square inches]
0 Displacements
0 Square Feet [0.00 Square Inches]
3020 patches before subdivision
32910 patches after subdivision
105 direct lights
0...1...2...3...4...5...6...7...8...9...100...1...2...3...4...5...6...7...8...9...10transfers 3605134, max 548
transfer lists:  27.5 megs
0...1...2...3...4...5...6...7...8...9...10	Bounce #1 added RGB(10202, 11549, 11939)
0...1...2...3...4...5...6...7...8...9...10	Bounce #2 added RGB(4096, 4592, 4706)
0...1...2...3...4...5...6...7...8...9...10	Bounce #3 added RGB(2095, 2343, 2395)
0...1...2...3...4...5...6...7...8...9...10	Bounce #4 added RGB(1174, 1310, 1335)
0...1...2...3...4...5...6...7...8...9...10	Bounce #5 added RGB(677, 754, 767)
0...1...2...3...4...5...6...7...8...9...10	Bounce #6 added RGB(396, 441, 447)
0...1...2...3...4...5...6...7...8...9...10	Bounce #7 added RGB(234, 260, 262)
0...1...2...3...4...5...6...7...8...9...10	Bounce #8 added RGB(139, 154, 155)
0...1...2...3...4...5...6...7...8...9...10	Bounce #9 added RGB(83, 92, 92)
0...1...2...3...4...5...6...7...8...9...10	Bounce #10 added RGB(50, 55, 54)
0...1...2...3...4...5...6...7...8...9...10	Bounce #11 added RGB(30, 33, 32)
0...1...2...3...4...5...6...7...8...9...10	Bounce #12 added RGB(18, 20, 19)
0...1...2...3...4...5...6...7...8...9...10	Bounce #13 added RGB(11, 12, 11)
0...1...2...3...4...5...6...7...8...9...10	Bounce #14 added RGB(6, 7, 7)
0...1...2...3...4...5...6...7...8...9...10	Bounce #15 added RGB(4, 4, 4)
0...1...2...3...4...5...6...7...8...9...10	Bounce #16 added RGB(2, 3, 2)
0...1...2...3...4...5...6...7...8...9...10	Bounce #17 added RGB(1, 2, 1)
0...1...2...3...4...5...6...7...8...9...10	Bounce #18 added RGB(1, 1, 1)
Build Patch/Sample Hash Table(s).....Done<0.0068 sec>
0...1...2...3...4...5...6...7...8...9...10FinalLightFace Done
62 of 62 (100% of) surface lights went in leaf ambient cubes.
0...1...2...3...4...5...6...7...8...9...10Writing leaf ambient...done
Computing static prop lighting : 00...1...2...3...4...5...6...7...8...9...10
Ready to Finish

Object names       Objects/Maxobjs  Memory / Maxmem  Fullness 
------------       ---------------  ---------------  -------- 
models                 119/1024         5712/49152    (11.6%) 
brushes               1577/8192        18924/98304    (19.3%) 
brushsides           12933/65536      103464/524288   (19.7%) 
planes                7956/65536      159120/1310720  (12.1%) 
vertexes              6359/65536       76308/786432   ( 9.7%) 
nodes                 2385/65536       76320/2097152  ( 3.6%) 
texinfos              1030/12288       74160/884736   ( 8.4%) 
texdata                 75/2048         2400/65536    ( 3.7%) 
dispinfos                0/0               0/0        ( 0.0%) 
disp_verts               0/0               0/0        ( 0.0%) 
disp_tris                0/0               0/0        ( 0.0%) 
disp_multiblend          0/0               0/0        ( 0.0%) 
disp_lmsamples           0/0               0/0        ( 0.0%) 
faces                 3024/65536      169344/3670016  ( 4.6%) 
hdr faces                0/65536           0/3670016  ( 0.0%) 
origfaces             2387/65536      133672/3670016  ( 3.6%) 
facebrushes            425/0             850/0        ( 0.0%) 
facebrushlists        3024/0           12096/0        ( 0.0%) 
leaves                2505/65536       80160/2097152  ( 3.8%) 
leaffaces             3730/65536        7460/131072   ( 5.7%) 
leafbrushes           3133/65536        6266/131072   ( 4.8%) 
areas                   13/256           104/2048     ( 5.1%) 
surfedges            23235/512000      92940/2048000  ( 4.5%) 
edges                14380/256000      57520/1024000  ( 5.6%) 
LDR worldlights        105/8192        10500/819200   ( 1.3%) 
HDR worldlights          0/8192            0/819200   ( 0.0%) 
leafwaterdata            0/32768           0/393216   ( 0.0%) 
waterstrips            250/32768        2500/327680   ( 0.8%) 
waterverts               0/65536           0/786432   ( 0.0%) 
waterindices          4311/65536        8622/131072   ( 6.6%) 
cubemapsamples          12/1024          192/16384    ( 1.2%) 
overlays                 6/512          2112/180224   ( 1.2%) 
LDR lightdata         [variable]     3752204/0        ( 0.0%) 
HDR lightdata         [variable]           0/0        ( 0.0%) 
visdata               [variable]       24702/16777216 ( 0.1%) 
entdata               [variable]      229856/393216   (58.5%) 
LDR ambient table     2505/65536       10020/262144   ( 3.8%) 
HDR ambient table     2505/65536       10020/262144   ( 3.8%) 
LDR leaf ambient      7648/65536      214144/1835008  (11.7%) 
HDR leaf ambient      2505/65536       70140/1835008  ( 3.8%) 
occluders                0/0               0/0        ( 0.0%) 
occluder polygons        0/0               0/0        ( 0.0%) 
occluder vert ind        0/0               0/0        ( 0.0%) 
detail props          [variable]           1/12       ( 8.3%) 
static props          [variable]           1/31432    ( 0.0%) 
pakfile               [variable]     3273850/0        ( 0.0%) 
physics               [variable]      590677/4194304  (14.1%) 
physics terrain       [variable]           2/1048576  ( 0.0%) 

Level flags = 1

Total triangle count: 7680
Writing d:\steamlibrary\steamapps\common\portal 2\portal2_dlc3\maps\sp_a4_tb_wall_button.bsp
1 minute, 4 seconds elapsed



[Reading texlights from 'lights.rad']
[59 texlights parsed from 'lights.rad']

Loading d:\steamlibrary\steamapps\common\portal 2\portal2_dlc3\maps\sp_a4_tb_wall_button.bsp
Loaded alpha texture materials\Tools\toolsinvisible.vtf
Loaded alpha texture materials\Metal\metalgrate018.vtf
3024 faces
4 degenerate faces
1336411 square feet [192443184.00 square inches]
0 Displacements
0 Square Feet [0.00 Square Inches]
3020 patches before subdivision
32910 patches after subdivision
105 direct lights
0...1...2...3...4...5...6...7...8...9...100...1...2...3...4...5...6...7...8...9...10transfers 3605134, max 548
transfer lists:  27.5 megs
0...1...2...3...4...5...6...7...8...9...10	Bounce #1 added RGB(10202, 11549, 11938)
0...1...2...3...4...5...6...7...8...9...10	Bounce #2 added RGB(4096, 4592, 4706)
0...1...2...3...4...5...6...7...8...9...10	Bounce #3 added RGB(2095, 2343, 2395)
0...1...2...3...4...5...6...7...8...9...10	Bounce #4 added RGB(1174, 1310, 1335)
0...1...2...3...4...5...6...7...8...9...10	Bounce #5 added RGB(677, 754, 767)
0...1...2...3...4...5...6...7...8...9...10	Bounce #6 added RGB(396, 441, 447)
0...1...2...3...4...5...6...7...8...9...10	Bounce #7 added RGB(234, 260, 262)
0...1...2...3...4...5...6...7...8...9...10	Bounce #8 added RGB(139, 154, 155)
0...1...2...3...4...5...6...7...8...9...10	Bounce #9 added RGB(83, 92, 92)
0...1...2...3...4...5...6...7...8...9...10	Bounce #10 added RGB(50, 55, 54)
0...1...2...3...4...5...6...7...8...9...10	Bounce #11 added RGB(30, 33, 32)
0...1...2...3...4...5...6...7...8...9...10	Bounce #12 added RGB(18, 20, 19)
0...1...2...3...4...5...6...7...8...9...10	Bounce #13 added RGB(11, 12, 11)
0...1...2...3...4...5...6...7...8...9...10	Bounce #14 added RGB(6, 7, 7)
0...1...2...3...4...5...6...7...8...9...10	Bounce #15 added RGB(4, 4, 4)
0...1...2...3...4...5...6...7...8...9...10	Bounce #16 added RGB(2, 3, 2)
0...1...2...3...4...5...6...7...8...9...10	Bounce #17 added RGB(1, 2, 1)
0...1...2...3...4...5...6...7...8...9...10	Bounce #18 added RGB(1, 1, 1)
Build Patch/Sample Hash Table(s).....Done<0.0076 sec>
0...1...2...3...4...5...6...7...8...9...10FinalLightFace Done
62 of 62 (100% of) surface lights went in leaf ambient cubes.
0...1...2...3...4...5...6...7...8...9...10Writing leaf ambient...done
Computing static prop lighting : 00...1...2...3...4...5...6...7...8...9...10
Ready to Finish

Object names       Objects/Maxobjs  Memory / Maxmem  Fullness 
------------       ---------------  ---------------  -------- 
models                 119/1024         5712/49152    (11.6%) 
brushes               1577/8192        18924/98304    (19.3%) 
brushsides           12933/65536      103464/524288   (19.7%) 
planes                7956/65536      159120/1310720  (12.1%) 
vertexes              6359/65536       76308/786432   ( 9.7%) 
nodes                 2385/65536       76320/2097152  ( 3.6%) 
texinfos              1030/12288       74160/884736   ( 8.4%) 
texdata                 75/2048         2400/65536    ( 3.7%) 
dispinfos                0/0               0/0        ( 0.0%) 
disp_verts               0/0               0/0        ( 0.0%) 
disp_tris                0/0               0/0        ( 0.0%) 
disp_multiblend          0/0               0/0        ( 0.0%) 
disp_lmsamples           0/0               0/0        ( 0.0%) 
faces                 3024/65536      169344/3670016  ( 4.6%) 
hdr faces             3024/65536      169344/3670016  ( 4.6%) 
origfaces             2387/65536      133672/3670016  ( 3.6%) 
facebrushes            425/0             850/0        ( 0.0%) 
facebrushlists        3024/0           12096/0        ( 0.0%) 
leaves                2505/65536       80160/2097152  ( 3.8%) 
leaffaces             3730/65536        7460/131072   ( 5.7%) 
leafbrushes           3133/65536        6266/131072   ( 4.8%) 
areas                   13/256           104/2048     ( 5.1%) 
surfedges            23235/512000      92940/2048000  ( 4.5%) 
edges                14380/256000      57520/1024000  ( 5.6%) 
LDR worldlights        105/8192        10500/819200   ( 1.3%) 
HDR worldlights        105/8192        10500/819200   ( 1.3%) 
leafwaterdata            0/32768           0/393216   ( 0.0%) 
waterstrips            250/32768        2500/327680   ( 0.8%) 
waterverts               0/65536           0/786432   ( 0.0%) 
waterindices          4311/65536        8622/131072   ( 6.6%) 
cubemapsamples          12/1024          192/16384    ( 1.2%) 
overlays                 6/512          2112/180224   ( 1.2%) 
LDR lightdata         [variable]     3752204/0        ( 0.0%) 
HDR lightdata         [variable]     3752204/0        ( 0.0%) 
visdata               [variable]       24702/16777216 ( 0.1%) 
entdata               [variable]      229856/393216   (58.5%) 
LDR ambient table     2505/65536       10020/262144   ( 3.8%) 
HDR ambient table     2505/65536       10020/262144   ( 3.8%) 
LDR leaf ambient      7648/65536      214144/1835008  (11.7%) 
HDR leaf ambient      7649/65536      214172/1835008  (11.7%) 
occluders                0/0               0/0        ( 0.0%) 
occluder polygons        0/0               0/0        ( 0.0%) 
occluder vert ind        0/0               0/0        ( 0.0%) 
detail props          [variable]           1/12       ( 8.3%) 
static props          [variable]           1/31432    ( 0.0%) 
pakfile               [variable]     5580614/0        ( 0.0%) 
physics               [variable]      590677/4194304  (14.1%) 
physics terrain       [variable]           2/1048576  ( 0.0%) 

Level flags = 3

Total triangle count: 7680
Writing d:\steamlibrary\steamapps\common\portal 2\portal2_dlc3\maps\sp_a4_tb_wall_button.bsp
1 minute, 4 seconds elapsed



materialPath: D:\SteamLibrary\steamapps\common\Portal 2\portal2\materials
Loading d:\steamlibrary\steamapps\common\portal 2\portal2_dlc3\maps\sp_a4_tb_wall_button.vmf
ConVarRef gpu_level doesn't point to an existing ConVar
Material not found!: TILE/WHITE_WALL_TILE003J
fixing up env_cubemap materials on brush sides...
0...1...2...3...4...5...6...7...8...9...100...1...2...3...4...5...6...7...8...9...10Processing areas...done (0)
Building Faces...done (0)
Chop Details...done (0)
Find Visible Detail Sides...
Merged 406 detail faces...done (0)
Merging details...done (0)
FixTjuncs...
PruneNodes...
WriteBSP...
done (0)
writing d:\steamlibrary\steamapps\common\portal 2\portal2_dlc3\maps\sp_a4_tb_wall_button.prt...Building visibility clusters...
done (0)
Finding displacement neighbors...
Finding lightmap sample positions...
Displacement Alpha : 0...1...2...3...4...5...6...7...8...9...10
Building Physics collision data...
done (1) (590677 bytes)
Encountered obsolete static prop option to do its fade in screen space @ 480.00 1536.00 432.00
Encountered obsolete static prop option to do its fade in screen space @ 352.00 1536.00 464.00
Encountered obsolete static prop option to do its fade in screen space @ 592.00 1056.00 320.00
Encountered obsolete static prop option to do its fade in screen space @ 592.00 864.00 320.00
Encountered obsolete static prop option to do its fade in screen space @ 96.00 1536.00 464.00
Encountered obsolete static prop option to do its fade in screen space @ -64.00 1584.00 64.00
Encountered obsolete static prop option to do its fade in screen space @ 128.00 1584.00 192.00
Encountered obsolete static prop option to do its fade in screen space @ 224.00 1536.00 464.00
Encountered obsolete static prop option to do its fade in screen space @ 480.00 1536.00 464.00
Encountered obsolete static prop option to do its fade in screen space @ 352.00 1536.00 432.00
Encountered obsolete static prop option to do its fade in screen space @ -64.00 1584.00 192.00
Encountered obsolete static prop option to do its fade in screen space @ 592.00 1056.00 192.00
Encountered obsolete static prop option to do its fade in screen space @ 128.00 1584.00 64.00
Encountered obsolete static prop option to do its fade in screen space @ 592.00 864.00 192.00
Encountered obsolete static prop option to do its fade in screen space @ 32.00 1584.00 256.00
Encountered obsolete static prop option to do its fade in screen space @ 368.00 2112.00 192.00
Encountered obsolete static prop option to do its fade in screen space @ 400.00 2112.00 192.00
Encountered obsolete static prop option to do its fade in screen space @ 752.00 960.00 320.00
Encountered obsolete static prop option to do its fade in screen space @ 720.00 960.00 320.00
Placing detail props : 0...1...2...3...4...5...6...7...8...9...10
Compacting texture/material tables...
Reduced 2096 texinfos to 1030
Reduced 77 texdatas to 75 (2409 bytes to 2369)
Writing d:\steamlibrary\steamapps\common\portal 2\portal2_dlc3\maps\sp_a4_tb_wall_button.bsp

nummapplanes:     (  7956 / 65536 )
nummapbrushes:    (  1577 /  8192 )
nummapbrushsides: ( 12820 / 65536 )
num_map_overlays: (     6 /   512 )
nummodels:        (   119 /  1024 )
num_entities:     (   647 / 16384 )

4 seconds elapsed



12 threads
reading d:\steamlibrary\steamapps\common\portal 2\portal2_dlc3\maps\sp_a4_tb_wall_button.bsp
reading d:\steamlibrary\steamapps\common\portal 2\portal2_dlc3\maps\sp_a4_tb_wall_button.prt
 312 portalclusters
 683 numportals
0...1...2...3...4...5...6...7...8...9...10Optimized: 1841 visible clusters (0.00%)
Total clusters visible: 56509
Average clusters visible: 181
Building PAS...
Average clusters audible: 275
visdatasize:24702  compressed from 24960
writing d:\steamlibrary\steamapps\common\portal 2\portal2_dlc3\maps\sp_a4_tb_wall_button.bsp
0 seconds elapsed



[Reading texlights from 'lights.rad']
[59 texlights parsed from 'lights.rad']

Loading d:\steamlibrary\steamapps\common\portal 2\portal2_dlc3\maps\sp_a4_tb_wall_button.bsp
Loaded alpha texture materials\Tools\toolsinvisible.vtf
Loaded alpha texture materials\Metal\metalgrate018.vtf
3024 faces
4 degenerate faces
1336411 square feet [192443184.00 square inches]
0 Displacements
0 Square Feet [0.00 Square Inches]
3020 patches before subdivision
32910 patches after subdivision
105 direct lights
0...1...2...3...4...5...6...7...8...9...100...1...2...3...4...5...6...7...8...9...10transfers 3605134, max 548
transfer lists:  27.5 megs
0...1...2...3...4...5...6...7...8...9...10	Bounce #1 added RGB(10203, 11549, 11939)
0...1...2...3...4...5...6...7...8...9...10	Bounce #2 added RGB(4096, 4592, 4706)
0...1...2...3...4...5...6...7...8...9...10	Bounce #3 added RGB(2095, 2343, 2395)
0...1...2...3...4...5...6...7...8...9...10	Bounce #4 added RGB(1174, 1310, 1335)
0...1...2...3...4...5...6...7...8...9...10	Bounce #5 added RGB(677, 754, 767)
0...1...2...3...4...5...6...7...8...9...10	Bounce #6 added RGB(396, 441, 447)
0...1...2...3...4...5...6...7...8...9...10	Bounce #7 added RGB(234, 260, 262)
0...1...2...3...4...5...6...7...8...9...10	Bounce #8 added RGB(139, 154, 155)
0...1...2...3...4...5...6...7...8...9...10	Bounce #9 added RGB(83, 92, 92)
0...1...2...3...4...5...6...7...8...9...10	Bounce #10 added RGB(50, 55, 54)
0...1...2...3...4...5...6...7...8...9...10	Bounce #11 added RGB(30, 33, 32)
0...1...2...3...4...5...6...7...8...9...10	Bounce #12 added RGB(18, 20, 19)
0...1...2...3...4...5...6...7...8...9...10	Bounce #13 added RGB(11, 12, 11)
0...1...2...3...4...5...6...7...8...9...10	Bounce #14 added RGB(6, 7, 7)
0...1...2...3...4...5...6...7...8...9...10	Bounce #15 added RGB(4, 4, 4)
0...1...2...3...4...5...6...7...8...9...10	Bounce #16 added RGB(2, 3, 2)
0...1...2...3...4...5...6...7...8...9...10	Bounce #17 added RGB(1, 2, 1)
0...1...2...3...4...5...6...7...8...9...10	Bounce #18 added RGB(1, 1, 1)
Build Patch/Sample Hash Table(s).....Done<0.0073 sec>
0...1...2...3...4...5...6...7...8...9...10FinalLightFace Done
62 of 62 (100% of) surface lights went in leaf ambient cubes.
0...1...2...3...4...5...6...7...8...9...10Writing leaf ambient...done
Computing static prop lighting : 00...1...2...3...4...5...6...7...8...9...10
Ready to Finish

Object names       Objects/Maxobjs  Memory / Maxmem  Fullness 
------------       ---------------  ---------------  -------- 
models                 119/1024         5712/49152    (11.6%) 
brushes               1577/8192        18924/98304    (19.3%) 
brushsides           12933/65536      103464/524288   (19.7%) 
planes                7956/65536      159120/1310720  (12.1%) 
vertexes              6359/65536       76308/786432   ( 9.7%) 
nodes                 2385/65536       76320/2097152  ( 3.6%) 
texinfos              1030/12288       74160/884736   ( 8.4%) 
texdata                 75/2048         2400/65536    ( 3.7%) 
dispinfos                0/0               0/0        ( 0.0%) 
disp_verts               0/0               0/0        ( 0.0%) 
disp_tris                0/0               0/0        ( 0.0%) 
disp_multiblend          0/0               0/0        ( 0.0%) 
disp_lmsamples           0/0               0/0        ( 0.0%) 
faces                 3024/65536      169344/3670016  ( 4.6%) 
hdr faces                0/65536           0/3670016  ( 0.0%) 
origfaces             2387/65536      133672/3670016  ( 3.6%) 
facebrushes            425/0             850/0        ( 0.0%) 
facebrushlists        3024/0           12096/0        ( 0.0%) 
leaves                2505/65536       80160/2097152  ( 3.8%) 
leaffaces             3730/65536        7460/131072   ( 5.7%) 
leafbrushes           3133/65536        6266/131072   ( 4.8%) 
areas                   13/256           104/2048     ( 5.1%) 
surfedges            23235/512000      92940/2048000  ( 4.5%) 
edges                14380/256000      57520/1024000  ( 5.6%) 
LDR worldlights        105/8192        10500/819200   ( 1.3%) 
HDR worldlights          0/8192            0/819200   ( 0.0%) 
leafwaterdata            0/32768           0/393216   ( 0.0%) 
waterstrips            250/32768        2500/327680   ( 0.8%) 
waterverts               0/65536           0/786432   ( 0.0%) 
waterindices          4311/65536        8622/131072   ( 6.6%) 
cubemapsamples          12/1024          192/16384    ( 1.2%) 
overlays                 6/512          2112/180224   ( 1.2%) 
LDR lightdata         [variable]     3752204/0        ( 0.0%) 
HDR lightdata         [variable]           0/0        ( 0.0%) 
visdata               [variable]       24702/16777216 ( 0.1%) 
entdata               [variable]      229439/393216   (58.3%) 
LDR ambient table     2505/65536       10020/262144   ( 3.8%) 
HDR ambient table     2505/65536       10020/262144   ( 3.8%) 
LDR leaf ambient      7648/65536      214144/1835008  (11.7%) 
HDR leaf ambient      2505/65536       70140/1835008  ( 3.8%) 
occluders                0/0               0/0        ( 0.0%) 
occluder polygons        0/0               0/0        ( 0.0%) 
occluder vert ind        0/0               0/0        ( 0.0%) 
detail props          [variable]           1/12       ( 8.3%) 
static props          [variable]           1/31432    ( 0.0%) 
pakfile               [variable]     3273850/0        ( 0.0%) 
physics               [variable]      590677/4194304  (14.1%) 
physics terrain       [variable]           2/1048576  ( 0.0%) 

Level flags = 1

Total triangle count: 7680
Writing d:\steamlibrary\steamapps\common\portal 2\portal2_dlc3\maps\sp_a4_tb_wall_button.bsp
1 minute, 5 seconds elapsed



[Reading texlights from 'lights.rad']
[59 texlights parsed from 'lights.rad']

Loading d:\steamlibrary\steamapps\common\portal 2\portal2_dlc3\maps\sp_a4_tb_wall_button.bsp
Loaded alpha texture materials\Tools\toolsinvisible.vtf
Loaded alpha texture materials\Metal\metalgrate018.vtf
3024 faces
4 degenerate faces
1336411 square feet [192443184.00 square inches]
0 Displacements
0 Square Feet [0.00 Square Inches]
3020 patches before subdivision
32910 patches after subdivision
105 direct lights
0...1...2...3...4...5...6...7...8...9...100...1...2...3...4...5...6...7...8...9...10transfers 3605134, max 548
transfer lists:  27.5 megs
0...1...2...3...4...5...6...7...8...9...10	Bounce #1 added RGB(10203, 11549, 11939)
0...1...2...3...4...5...6...7...8...9...10	Bounce #2 added RGB(4096, 4592, 4706)
0...1...2...3...4...5...6...7...8...9...10	Bounce #3 added RGB(2095, 2343, 2395)
0...1...2...3...4...5...6...7...8...9...10	Bounce #4 added RGB(1174, 1310, 1335)
0...1...2...3...4...5...6...7...8...9...10	Bounce #5 added RGB(677, 754, 767)
0...1...2...3...4...5...6...7...8...9...10	Bounce #6 added RGB(396, 441, 447)
0...1...2...3...4...5...6...7...8...9...10	Bounce #7 added RGB(234, 260, 262)
0...1...2...3...4...5...6...7...8...9...10	Bounce #8 added RGB(139, 154, 155)
0...1...2...3...4...5...6...7...8...9...10	Bounce #9 added RGB(83, 92, 92)
0...1...2...3...4...5...6...7...8...9...10	Bounce #10 added RGB(50, 55, 54)
0...1...2...3...4...5...6...7...8...9...10	Bounce #11 added RGB(30, 33, 32)
0...1...2...3...4...5...6...7...8...9...10	Bounce #12 added RGB(18, 20, 19)
0...1...2...3...4...5...6...7...8...9...10	Bounce #13 added RGB(11, 12, 11)
0...1...2...3...4...5...6...7...8...9...10	Bounce #14 added RGB(6, 7, 7)
0...1...2...3...4...5...6...7...8...9...10	Bounce #15 added RGB(4, 4, 4)
0...1...2...3...4...5...6...7...8...9...10	Bounce #16 added RGB(2, 3, 2)
0...1...2...3...4...5...6...7...8...9...10	Bounce #17 added RGB(1, 2, 1)
0...1...2...3...4...5...6...7...8...9...10	Bounce #18 added RGB(1, 1, 1)
Build Patch/Sample Hash Table(s).....Done<0.0085 sec>
0...1...2...3...4...5...6...7...8...9...10FinalLightFace Done
62 of 62 (100% of) surface lights went in leaf ambient cubes.
0...1...2...3...4...5...6...7...8...9...10Writing leaf ambient...done
Computing static prop lighting : 00...1...2...3...4...5...6...7...8...9...10
Ready to Finish

Object names       Objects/Maxobjs  Memory / Maxmem  Fullness 
------------       ---------------  ---------------  -------- 
models                 119/1024         5712/49152    (11.6%) 
brushes               1577/8192        18924/98304    (19.3%) 
brushsides           12933/65536      103464/524288   (19.7%) 
planes                7956/65536      159120/1310720  (12.1%) 
vertexes              6359/65536       76308/786432   ( 9.7%) 
nodes                 2385/65536       76320/2097152  ( 3.6%) 
texinfos              1030/12288       74160/884736   ( 8.4%) 
texdata                 75/2048         2400/65536    ( 3.7%) 
dispinfos                0/0               0/0        ( 0.0%) 
disp_verts               0/0               0/0        ( 0.0%) 
disp_tris                0/0               0/0        ( 0.0%) 
disp_multiblend          0/0               0/0        ( 0.0%) 
disp_lmsamples           0/0               0/0        ( 0.0%) 
faces                 3024/65536      169344/3670016  ( 4.6%) 
hdr faces             3024/65536      169344/3670016  ( 4.6%) 
origfaces             2387/65536      133672/3670016  ( 3.6%) 
facebrushes            425/0             850/0        ( 0.0%) 
facebrushlists        3024/0           12096/0        ( 0.0%) 
leaves                2505/65536       80160/2097152  ( 3.8%) 
leaffaces             3730/65536        7460/131072   ( 5.7%) 
leafbrushes           3133/65536        6266/131072   ( 4.8%) 
areas                   13/256           104/2048     ( 5.1%) 
surfedges            23235/512000      92940/2048000  ( 4.5%) 
edges                14380/256000      57520/1024000  ( 5.6%) 
LDR worldlights        105/8192        10500/819200   ( 1.3%) 
HDR worldlights        105/8192        10500/819200   ( 1.3%) 
leafwaterdata            0/32768           0/393216   ( 0.0%) 
waterstrips            250/32768        2500/327680   ( 0.8%) 
waterverts               0/65536           0/786432   ( 0.0%) 
waterindices          4311/65536        8622/131072   ( 6.6%) 
cubemapsamples          12/1024          192/16384    ( 1.2%) 
overlays                 6/512          2112/180224   ( 1.2%) 
LDR lightdata         [variable]     3752204/0        ( 0.0%) 
HDR lightdata         [variable]     3752204/0        ( 0.0%) 
visdata               [variable]       24702/16777216 ( 0.1%) 
entdata               [variable]      229439/393216   (58.3%) 
LDR ambient table     2505/65536       10020/262144   ( 3.8%) 
HDR ambient table     2505/65536       10020/262144   ( 3.8%) 
LDR leaf ambient      7648/65536      214144/1835008  (11.7%) 
HDR leaf ambient      7648/65536      214144/1835008  (11.7%) 
occluders                0/0               0/0        ( 0.0%) 
occluder polygons        0/0               0/0        ( 0.0%) 
occluder vert ind        0/0               0/0        ( 0.0%) 
detail props          [variable]           1/12       ( 8.3%) 
static props          [variable]           1/31432    ( 0.0%) 
pakfile               [variable]     5580614/0        ( 0.0%) 
physics               [variable]      590677/4194304  (14.1%) 
physics terrain       [variable]           2/1048576  ( 0.0%) 

Level flags = 3

Total triangle count: 7680
Writing d:\steamlibrary\steamapps\common\portal 2\portal2_dlc3\maps\sp_a4_tb_wall_button.bsp
1 minute, 4 seconds elapsed



materialPath: D:\SteamLibrary\steamapps\common\Portal 2\portal2\materials
Loading d:\steamlibrary\steamapps\common\portal 2\portal2_dlc3\maps\sp_a4_tb_wall_button.vmf
ConVarRef gpu_level doesn't point to an existing ConVar
Material not found!: TILE/WHITE_WALL_TILE003J
fixing up env_cubemap materials on brush sides...
0...1...2...3...4...5...6...7...8...9...100...1...2...3...4...5...6...7...8...9...10Processing areas...done (0)
Building Faces...done (0)
Chop Details...done (0)
Find Visible Detail Sides...
Merged 406 detail faces...done (0)
Merging details...done (0)
FixTjuncs...
PruneNodes...
WriteBSP...
done (0)
writing d:\steamlibrary\steamapps\common\portal 2\portal2_dlc3\maps\sp_a4_tb_wall_button.prt...Building visibility clusters...
done (0)
Finding displacement neighbors...
Finding lightmap sample positions...
Displacement Alpha : 0...1...2...3...4...5...6...7...8...9...10
Building Physics collision data...
done (1) (590119 bytes)
Encountered obsolete static prop option to do its fade in screen space @ 480.00 1536.00 432.00
Encountered obsolete static prop option to do its fade in screen space @ 352.00 1536.00 464.00
Encountered obsolete static prop option to do its fade in screen space @ 592.00 1056.00 320.00
Encountered obsolete static prop option to do its fade in screen space @ 592.00 864.00 320.00
Encountered obsolete static prop option to do its fade in screen space @ 96.00 1536.00 464.00
Encountered obsolete static prop option to do its fade in screen space @ -64.00 1584.00 64.00
Encountered obsolete static prop option to do its fade in screen space @ 128.00 1584.00 192.00
Encountered obsolete static prop option to do its fade in screen space @ 224.00 1536.00 464.00
Encountered obsolete static prop option to do its fade in screen space @ 480.00 1536.00 464.00
Encountered obsolete static prop option to do its fade in screen space @ 352.00 1536.00 432.00
Encountered obsolete static prop option to do its fade in screen space @ -64.00 1584.00 192.00
Encountered obsolete static prop option to do its fade in screen space @ 592.00 1056.00 192.00
Encountered obsolete static prop option to do its fade in screen space @ 128.00 1584.00 64.00
Encountered obsolete static prop option to do its fade in screen space @ 592.00 864.00 192.00
Encountered obsolete static prop option to do its fade in screen space @ 32.00 1584.00 256.00
Encountered obsolete static prop option to do its fade in screen space @ 368.00 2112.00 192.00
Encountered obsolete static prop option to do its fade in screen space @ 400.00 2112.00 192.00
Encountered obsolete static prop option to do its fade in screen space @ 752.00 960.00 320.00
Encountered obsolete static prop option to do its fade in screen space @ 720.00 960.00 320.00
Placing detail props : 0...1...2...3...4...5...6...7...8...9...10
Compacting texture/material tables...
Reduced 2090 texinfos to 1024
Reduced 77 texdatas to 75 (2409 bytes to 2369)
Writing d:\steamlibrary\steamapps\common\portal 2\portal2_dlc3\maps\sp_a4_tb_wall_button.bsp

nummapplanes:     (  7950 / 65536 )
nummapbrushes:    (  1576 /  8192 )
nummapbrushsides: ( 12814 / 65536 )
num_map_overlays: (     6 /   512 )
nummodels:        (   118 /  1024 )
num_entities:     (   646 / 16384 )

4 seconds elapsed



12 threads
reading d:\steamlibrary\steamapps\common\portal 2\portal2_dlc3\maps\sp_a4_tb_wall_button.bsp
reading d:\steamlibrary\steamapps\common\portal 2\portal2_dlc3\maps\sp_a4_tb_wall_button.prt
 312 portalclusters
 683 numportals
0...1...2...3...4...5...6...7...8...9...10Optimized: 1841 visible clusters (0.00%)
Total clusters visible: 56509
Average clusters visible: 181
Building PAS...
Average clusters audible: 275
visdatasize:24702  compressed from 24960
writing d:\steamlibrary\steamapps\common\portal 2\portal2_dlc3\maps\sp_a4_tb_wall_button.bsp
0 seconds elapsed



[Reading texlights from 'lights.rad']
[59 texlights parsed from 'lights.rad']

Loading d:\steamlibrary\steamapps\common\portal 2\portal2_dlc3\maps\sp_a4_tb_wall_button.bsp
Loaded alpha texture materials\Tools\toolsinvisible.vtf
Loaded alpha texture materials\Metal\metalgrate018.vtf
3018 faces
4 degenerate faces
1249371 square feet [179909424.00 square inches]
0 Displacements
0 Square Feet [0.00 Square Inches]
3014 patches before subdivision
32904 patches after subdivision
105 direct lights
0...1...2...3...4...5...6...7...8...9...100...1...2...3...4...5...6...7...8...9...10transfers 3604840, max 548
transfer lists:  27.5 megs
0...1...2...3...4...5...6...7...8...9...10	Bounce #1 added RGB(10202, 11549, 11938)
0...1...2...3...4...5...6...7...8...9...10	Bounce #2 added RGB(4096, 4592, 4706)
0...1...2...3...4...5...6...7...8...9...10	Bounce #3 added RGB(2095, 2343, 2395)
0...1...2...3...4...5...6...7...8...9...10	Bounce #4 added RGB(1174, 1310, 1335)
0...1...2...3...4...5...6...7...8...9...10	Bounce #5 added RGB(677, 754, 767)
0...1...2...3...4...5...6...7...8...9...10	Bounce #6 added RGB(396, 441, 447)
0...1...2...3...4...5...6...7...8...9...10	Bounce #7 added RGB(234, 260, 262)
0...1...2...3...4...5...6...7...8...9...10	Bounce #8 added RGB(139, 154, 155)
0...1...2...3...4...5...6...7...8...9...10	Bounce #9 added RGB(83, 92, 92)
0...1...2...3...4...5...6...7...8...9...10	Bounce #10 added RGB(50, 55, 54)
0...1...2...3...4...5...6...7...8...9...10	Bounce #11 added RGB(30, 33, 32)
0...1...2...3...4...5...6...7...8...9...10	Bounce #12 added RGB(18, 20, 19)
0...1...2...3...4...5...6...7...8...9...10	Bounce #13 added RGB(11, 12, 11)
0...1...2...3...4...5...6...7...8...9...10	Bounce #14 added RGB(6, 7, 7)
0...1...2...3...4...5...6...7...8...9...10	Bounce #15 added RGB(4, 4, 4)
0...1...2...3...4...5...6...7...8...9...10	Bounce #16 added RGB(2, 3, 2)
0...1...2...3...4...5...6...7...8...9...10	Bounce #17 added RGB(1, 2, 1)
0...1...2...3...4...5...6...7...8...9...10	Bounce #18 added RGB(1, 1, 1)
Build Patch/Sample Hash Table(s).....Done<0.0073 sec>
0...1...2...3...4...5...6...7...8...9...10FinalLightFace Done
62 of 62 (100% of) surface lights went in leaf ambient cubes.
0...1...2...3...4...5...6...7...8...9...10Writing leaf ambient...done
Computing static prop lighting : 00...1...2...3...4...5...6...7...8...9...10
Ready to Finish

Object names       Objects/Maxobjs  Memory / Maxmem  Fullness 
------------       ---------------  ---------------  -------- 
models                 118/1024         5664/49152    (11.5%) 
brushes               1576/8192        18912/98304    (19.2%) 
brushsides           12927/65536      103416/524288   (19.7%) 
planes                7950/65536      159000/1310720  (12.1%) 
vertexes              6351/65536       76212/786432   ( 9.7%) 
nodes                 2379/65536       76128/2097152  ( 3.6%) 
texinfos              1024/12288       73728/884736   ( 8.3%) 
texdata                 75/2048         2400/65536    ( 3.7%) 
dispinfos                0/0               0/0        ( 0.0%) 
disp_verts               0/0               0/0        ( 0.0%) 
disp_tris                0/0               0/0        ( 0.0%) 
disp_multiblend          0/0               0/0        ( 0.0%) 
disp_lmsamples           0/0               0/0        ( 0.0%) 
faces                 3018/65536      169008/3670016  ( 4.6%) 
hdr faces                0/65536           0/3670016  ( 0.0%) 
origfaces             2381/65536      133336/3670016  ( 3.6%) 
facebrushes            425/0             850/0        ( 0.0%) 
facebrushlists        3018/0           12072/0        ( 0.0%) 
leaves                2498/65536       79936/2097152  ( 3.8%) 
leaffaces             3724/65536        7448/131072   ( 5.7%) 
leafbrushes           3132/65536        6264/131072   ( 4.8%) 
areas                   13/256           104/2048     ( 5.1%) 
surfedges            23187/512000      92748/2048000  ( 4.5%) 
edges                14356/256000      57424/1024000  ( 5.6%) 
LDR worldlights        105/8192        10500/819200   ( 1.3%) 
HDR worldlights          0/8192            0/819200   ( 0.0%) 
leafwaterdata            0/32768           0/393216   ( 0.0%) 
waterstrips            250/32768        2500/327680   ( 0.8%) 
waterverts               0/65536           0/786432   ( 0.0%) 
waterindices          4311/65536        8622/131072   ( 6.6%) 
cubemapsamples          12/1024          192/16384    ( 1.2%) 
overlays                 6/512          2112/180224   ( 1.2%) 
LDR lightdata         [variable]     3752204/0        ( 0.0%) 
HDR lightdata         [variable]           0/0        ( 0.0%) 
visdata               [variable]       24702/16777216 ( 0.1%) 
entdata               [variable]      229210/393216   (58.3%) 
LDR ambient table     2498/65536        9992/262144   ( 3.8%) 
HDR ambient table     2498/65536        9992/262144   ( 3.8%) 
LDR leaf ambient      7592/65536      212576/1835008  (11.6%) 
HDR leaf ambient      2498/65536       69944/1835008  ( 3.8%) 
occluders                0/0               0/0        ( 0.0%) 
occluder polygons        0/0               0/0        ( 0.0%) 
occluder vert ind        0/0               0/0        ( 0.0%) 
detail props          [variable]           1/12       ( 8.3%) 
static props          [variable]           1/31432    ( 0.0%) 
pakfile               [variable]     3273850/0        ( 0.0%) 
physics               [variable]      590119/4194304  (14.1%) 
physics terrain       [variable]           2/1048576  ( 0.0%) 

Level flags = 1

Total triangle count: 7668
Writing d:\steamlibrary\steamapps\common\portal 2\portal2_dlc3\maps\sp_a4_tb_wall_button.bsp
1 minute, 4 seconds elapsed



[Reading texlights from 'lights.rad']
[59 texlights parsed from 'lights.rad']

Loading d:\steamlibrary\steamapps\common\portal 2\portal2_dlc3\maps\sp_a4_tb_wall_button.bsp
Loaded alpha texture materials\Tools\toolsinvisible.vtf
Loaded alpha texture materials\Metal\metalgrate018.vtf
3018 faces
4 degenerate faces
1249371 square feet [179909424.00 square inches]
0 Displacements
0 Square Feet [0.00 Square Inches]
3014 patches before subdivision
32904 patches after subdivision
105 direct lights
0...1...2...3...4...5...6...7...8...9...100...1...2...3...4...5...6...7...8...9...10transfers 3604840, max 548
transfer lists:  27.5 megs
0...1...2...3...4...5...6...7...8...9...10	Bounce #1 added RGB(10202, 11549, 11938)
0...1...2...3...4...5...6...7...8...9...10	Bounce #2 added RGB(4096, 4592, 4706)
0...1...2...3...4...5...6...7...8...9...10	Bounce #3 added RGB(2095, 2343, 2395)
0...1...2...3...4...5...6...7...8...9...10	Bounce #4 added RGB(1174, 1310, 1335)
0...1...2...3...4...5...6...7...8...9...10	Bounce #5 added RGB(677, 754, 767)
0...1...2...3...4...5...6...7...8...9...10	Bounce #6 added RGB(396, 441, 447)
0...1...2...3...4...5...6...7...8...9...10	Bounce #7 added RGB(234, 260, 262)
0...1...2...3...4...5...6...7...8...9...10	Bounce #8 added RGB(139, 154, 155)
0...1...2...3...4...5...6...7...8...9...10	Bounce #9 added RGB(83, 92, 92)
0...1...2...3...4...5...6...7...8...9...10	Bounce #10 added RGB(50, 55, 54)
0...1...2...3...4...5...6...7...8...9...10	Bounce #11 added RGB(30, 33, 32)
0...1...2...3...4...5...6...7...8...9...10	Bounce #12 added RGB(18, 20, 19)
0...1...2...3...4...5...6...7...8...9...10	Bounce #13 added RGB(11, 12, 11)
0...1...2...3...4...5...6...7...8...9...10	Bounce #14 added RGB(6, 7, 7)
0...1...2...3...4...5...6...7...8...9...10	Bounce #15 added RGB(4, 4, 4)
0...1...2...3...4...5...6...7...8...9...10	Bounce #16 added RGB(2, 3, 2)
0...1...2...3...4...5...6...7...8...9...10	Bounce #17 added RGB(1, 2, 1)
0...1...2...3...4...5...6...7...8...9...10	Bounce #18 added RGB(1, 1, 1)
Build Patch/Sample Hash Table(s).....Done<0.0083 sec>
0...1...2...3...4...5...6...7...8...9...10FinalLightFace Done
62 of 62 (100% of) surface lights went in leaf ambient cubes.
0...1...2...3...4...5...6...7...8...9...10Writing leaf ambient...done
Computing static prop lighting : 00...1...2...3...4...5...6...7...8...9...10
Ready to Finish

Object names       Objects/Maxobjs  Memory / Maxmem  Fullness 
------------       ---------------  ---------------  -------- 
models                 118/1024         5664/49152    (11.5%) 
brushes               1576/8192        18912/98304    (19.2%) 
brushsides           12927/65536      103416/524288   (19.7%) 
planes                7950/65536      159000/1310720  (12.1%) 
vertexes              6351/65536       76212/786432   ( 9.7%) 
nodes                 2379/65536       76128/2097152  ( 3.6%) 
texinfos              1024/12288       73728/884736   ( 8.3%) 
texdata                 75/2048         2400/65536    ( 3.7%) 
dispinfos                0/0               0/0        ( 0.0%) 
disp_verts               0/0               0/0        ( 0.0%) 
disp_tris                0/0               0/0        ( 0.0%) 
disp_multiblend          0/0               0/0        ( 0.0%) 
disp_lmsamples           0/0               0/0        ( 0.0%) 
faces                 3018/65536      169008/3670016  ( 4.6%) 
hdr faces             3018/65536      169008/3670016  ( 4.6%) 
origfaces             2381/65536      133336/3670016  ( 3.6%) 
facebrushes            425/0             850/0        ( 0.0%) 
facebrushlists        3018/0           12072/0        ( 0.0%) 
leaves                2498/65536       79936/2097152  ( 3.8%) 
leaffaces             3724/65536        7448/131072   ( 5.7%) 
leafbrushes           3132/65536        6264/131072   ( 4.8%) 
areas                   13/256           104/2048     ( 5.1%) 
surfedges            23187/512000      92748/2048000  ( 4.5%) 
edges                14356/256000      57424/1024000  ( 5.6%) 
LDR worldlights        105/8192        10500/819200   ( 1.3%) 
HDR worldlights        105/8192        10500/819200   ( 1.3%) 
leafwaterdata            0/32768           0/393216   ( 0.0%) 
waterstrips            250/32768        2500/327680   ( 0.8%) 
waterverts               0/65536           0/786432   ( 0.0%) 
waterindices          4311/65536        8622/131072   ( 6.6%) 
cubemapsamples          12/1024          192/16384    ( 1.2%) 
overlays                 6/512          2112/180224   ( 1.2%) 
LDR lightdata         [variable]     3752204/0        ( 0.0%) 
HDR lightdata         [variable]     3752204/0        ( 0.0%) 
visdata               [variable]       24702/16777216 ( 0.1%) 
entdata               [variable]      229210/393216   (58.3%) 
LDR ambient table     2498/65536        9992/262144   ( 3.8%) 
HDR ambient table     2498/65536        9992/262144   ( 3.8%) 
LDR leaf ambient      7592/65536      212576/1835008  (11.6%) 
HDR leaf ambient      7592/65536      212576/1835008  (11.6%) 
occluders                0/0               0/0        ( 0.0%) 
occluder polygons        0/0               0/0        ( 0.0%) 
occluder vert ind        0/0               0/0        ( 0.0%) 
detail props          [variable]           1/12       ( 8.3%) 
static props          [variable]           1/31432    ( 0.0%) 
pakfile               [variable]     5580614/0        ( 0.0%) 
physics               [variable]      590119/4194304  (14.1%) 
physics terrain       [variable]           2/1048576  ( 0.0%) 

Level flags = 3

Total triangle count: 7668
Writing d:\steamlibrary\steamapps\common\portal 2\portal2_dlc3\maps\sp_a4_tb_wall_button.bsp
1 minute, 4 seconds elapsed
