


materialPath: D:\SteamLibrary\steamapps\common\Portal 2\portal2\materials
Loading d:\steamlibrary\steamapps\common\portal 2\portal2_dlc3\maps\sp_a4_tb_catch.vmf
ConVarRef gpu_level doesn't point to an existing ConVar
fixing up env_cubemap materials on brush sides...
0...1...2...3...4...5...6...7...8...9...100...1...2...3...4...5...6...7...8...9...10Processing areas...done (0)
Building Faces...done (0)
Chop Details...done (0)
Find Visible Detail Sides...
Merged 338 detail faces...done (0)
Merging details...done (1)
FixTjuncs...
PruneNodes...
WriteBSP...
done (0)
writing d:\steamlibrary\steamapps\common\portal 2\portal2_dlc3\maps\sp_a4_tb_catch.prt...Building visibility clusters...
done (0)
Finding displacement neighbors...
Finding lightmap sample positions...
Displacement Alpha : 0...1...2...3...4...5...6...7...8...9...10
Error! Variable "%keywords" is multiply defined in material "signage/signage_overlay_catapult2"!
Error! Variable "%keywords" is multiply defined in material "signage/signage_overlay_catapult1"!
Building Physics collision data...
done (0) (639422 bytes)
Encountered obsolete static prop option to do its fade in screen space @ -80.00 -1440.00 -96.00
Encountered obsolete static prop option to do its fade in screen space @ -48.00 -1504.00 -32.00
Encountered obsolete static prop option to do its fade in screen space @ -48.00 -1504.00 96.00
Encountered obsolete static prop option to do its fade in screen space @ 0.00 -16.00 -144.00
Encountered obsolete static prop option to do its fade in screen space @ -80.00 -1504.00 -32.00
Encountered obsolete static prop option to do its fade in screen space @ -80.00 -1504.00 96.00
Encountered obsolete static prop option to do its fade in screen space @ 512.00 -912.00 224.00
Encountered obsolete static prop option to do its fade in screen space @ 512.00 -912.00 96.00
Encountered obsolete static prop option to do its fade in screen space @ 512.00 -944.00 160.00
Encountered obsolete static prop option to do its fade in screen space @ 512.00 -944.00 288.00
Encountered obsolete static prop option to do its fade in screen space @ 0.00 144.00 -144.00
Encountered obsolete static prop option to do its fade in screen space @ 752.00 960.00 288.00
Encountered obsolete static prop option to do its fade in screen space @ 752.00 832.00 288.00
Encountered obsolete static prop option to do its fade in screen space @ 0.00 -1232.00 -96.00
Encountered obsolete static prop option to do its fade in screen space @ 512.00 -912.00 352.00
Encountered obsolete static prop option to do its fade in screen space @ 368.00 -1408.00 96.00
Encountered obsolete static prop option to do its fade in screen space @ 400.00 -1408.00 96.00
Encountered obsolete static prop option to do its fade in screen space @ 912.00 896.00 480.00
Encountered obsolete static prop option to do its fade in screen space @ 880.00 896.00 480.00
Placing detail props : 0...1...2...3...4...5...6...7...8...9...10
Compacting texture/material tables...
Reduced 1977 texinfos to 1131
Reduced 92 texdatas to 84 (3138 bytes to 2829)
Writing d:\steamlibrary\steamapps\common\portal 2\portal2_dlc3\maps\sp_a4_tb_catch.bsp

nummapplanes:     (  7662 / 65536 )
nummapbrushes:    (  1767 /  8192 )
nummapbrushsides: ( 13862 / 65536 )
num_map_overlays: (    56 /   512 )
nummodels:        (    88 /  1024 )
num_entities:     (   638 / 16384 )

7 seconds elapsed



12 threads
reading d:\steamlibrary\steamapps\common\portal 2\portal2_dlc3\maps\sp_a4_tb_catch.bsp
reading d:\steamlibrary\steamapps\common\portal 2\portal2_dlc3\maps\sp_a4_tb_catch.prt
 372 portalclusters
 881 numportals
0...1...2...3...4...5...6...7...8...9...10Optimized: 5781 visible clusters (0.00%)
Total clusters visible: 84257
Average clusters visible: 226
Building PAS...
Average clusters audible: 331
visdatasize:36045  compressed from 35712
writing d:\steamlibrary\steamapps\common\portal 2\portal2_dlc3\maps\sp_a4_tb_catch.bsp
0 seconds elapsed



[Reading texlights from 'lights.rad']
[59 texlights parsed from 'lights.rad']

Loading d:\steamlibrary\steamapps\common\portal 2\portal2_dlc3\maps\sp_a4_tb_catch.bsp
Loaded alpha texture materials\Metal\metalgrate018.vtf
Loaded alpha texture materials\Tools\toolsinvisible.vtf
3199 faces
3 degenerate faces
3002205 square feet [432317504.00 square inches]
0 Displacements
0 Square Feet [0.00 Square Inches]
3196 patches before subdivision
36946 patches after subdivision
134 direct lights
0...1...2...3...4...5...6...7...8...9...100...1...2...3...4...5...6...7...8...9...10transfers 6532749, max 831
transfer lists:  49.8 megs
0...1...2...3...4...5...6...7...8...9...10	Bounce #1 added RGB(25714, 30465, 34213)
0...1...2...3...4...5...6...7...8...9...10	Bounce #2 added RGB(11012, 13051, 14539)
0...1...2...3...4...5...6...7...8...9...10	Bounce #3 added RGB(5134, 6074, 6669)
0...1...2...3...4...5...6...7...8...9...10	Bounce #4 added RGB(2447, 2890, 3122)
0...1...2...3...4...5...6...7...8...9...10	Bounce #5 added RGB(1182, 1395, 1483)
0...1...2...3...4...5...6...7...8...9...10	Bounce #6 added RGB(574, 678, 709)
0...1...2...3...4...5...6...7...8...9...10	Bounce #7 added RGB(280, 331, 341)
0...1...2...3...4...5...6...7...8...9...10	Bounce #8 added RGB(137, 162, 164)
0...1...2...3...4...5...6...7...8...9...10	Bounce #9 added RGB(67, 80, 80)
0...1...2...3...4...5...6...7...8...9...10	Bounce #10 added RGB(33, 39, 39)
0...1...2...3...4...5...6...7...8...9...10	Bounce #11 added RGB(16, 19, 19)
0...1...2...3...4...5...6...7...8...9...10	Bounce #12 added RGB(8, 10, 9)
0...1...2...3...4...5...6...7...8...9...10	Bounce #13 added RGB(4, 5, 5)
0...1...2...3...4...5...6...7...8...9...10	Bounce #14 added RGB(2, 2, 2)
0...1...2...3...4...5...6...7...8...9...10	Bounce #15 added RGB(1, 1, 1)
0...1...2...3...4...5...6...7...8...9...10	Bounce #16 added RGB(0, 1, 1)
Build Patch/Sample Hash Table(s).....Done<0.0101 sec>
0...1...2...3...4...5...6...7...8...9...10FinalLightFace Done
42 of 42 (100% of) surface lights went in leaf ambient cubes.
0...1...2...3...4...5...6...7...8...9...10Writing leaf ambient...done
Computing static prop lighting : 00...1...2...3...4...5...6...7...8...9...10
Ready to Finish

Object names       Objects/Maxobjs  Memory / Maxmem  Fullness 
------------       ---------------  ---------------  -------- 
models                  88/1024         4224/49152    ( 8.6%) 
brushes               1767/8192        21204/98304    (21.6%) 
brushsides           13944/65536      111552/524288   (21.3%) 
planes                7662/65536      153240/1310720  (11.7%) 
vertexes              6531/65536       78372/786432   (10.0%) 
nodes                 1822/65536       58304/2097152  ( 2.8%) 
texinfos              1131/12288       81432/884736   ( 9.2%) 
texdata                 84/2048         2688/65536    ( 4.1%) 
dispinfos                0/0               0/0        ( 0.0%) 
disp_verts               0/0               0/0        ( 0.0%) 
disp_tris                0/0               0/0        ( 0.0%) 
disp_multiblend          0/0               0/0        ( 0.0%) 
disp_lmsamples           0/0               0/0        ( 0.0%) 
faces                 3199/65536      179144/3670016  ( 4.9%) 
hdr faces                0/65536           0/3670016  ( 0.0%) 
origfaces             2596/65536      145376/3670016  ( 4.0%) 
facebrushes            650/0            1300/0        ( 0.0%) 
facebrushlists        3199/0           12796/0        ( 0.0%) 
leaves                1911/65536       61152/2097152  ( 2.9%) 
leaffaces             3981/65536        7962/131072   ( 6.1%) 
leafbrushes           3373/65536        6746/131072   ( 5.1%) 
areas                   13/256           104/2048     ( 5.1%) 
surfedges            25530/512000     102120/2048000  ( 5.0%) 
edges                15627/256000      62508/1024000  ( 6.1%) 
LDR worldlights        134/8192        13400/819200   ( 1.6%) 
HDR worldlights          0/8192            0/819200   ( 0.0%) 
leafwaterdata            0/32768           0/393216   ( 0.0%) 
waterstrips            397/32768        3970/327680   ( 1.2%) 
waterverts               0/65536           0/786432   ( 0.0%) 
waterindices          6927/65536       13854/131072   (10.6%) 
cubemapsamples          19/1024          304/16384    ( 1.9%) 
overlays                56/512         19712/180224   (10.9%) 
LDR lightdata         [variable]     1822828/0        ( 0.0%) 
HDR lightdata         [variable]           0/0        ( 0.0%) 
visdata               [variable]       36045/16777216 ( 0.2%) 
entdata               [variable]      217065/393216   (55.2%) 
LDR ambient table     1911/65536        7644/262144   ( 2.9%) 
HDR ambient table     1911/65536        7644/262144   ( 2.9%) 
LDR leaf ambient      6042/65536      169176/1835008  ( 9.2%) 
HDR leaf ambient      1911/65536       53508/1835008  ( 2.9%) 
occluders                0/0               0/0        ( 0.0%) 
occluder polygons        0/0               0/0        ( 0.0%) 
occluder vert ind        0/0               0/0        ( 0.0%) 
detail props          [variable]           1/12       ( 8.3%) 
static props          [variable]           1/68438    ( 0.0%) 
pakfile               [variable]     5094878/0        ( 0.0%) 
physics               [variable]      639422/4194304  (15.2%) 
physics terrain       [variable]           2/1048576  ( 0.0%) 

Level flags = 1

Total triangle count: 8764
Writing d:\steamlibrary\steamapps\common\portal 2\portal2_dlc3\maps\sp_a4_tb_catch.bsp
2 minutes, 3 seconds elapsed



[Reading texlights from 'lights.rad']
[59 texlights parsed from 'lights.rad']

Loading d:\steamlibrary\steamapps\common\portal 2\portal2_dlc3\maps\sp_a4_tb_catch.bsp
Loaded alpha texture materials\Metal\metalgrate018.vtf
Loaded alpha texture materials\Tools\toolsinvisible.vtf
3199 faces
3 degenerate faces
3002205 square feet [432317504.00 square inches]
0 Displacements
0 Square Feet [0.00 Square Inches]
3196 patches before subdivision
36946 patches after subdivision
134 direct lights
0...1...2...3...4...5...6...7...8...9...100...1...2...3...4...5...6...7...8...9...10transfers 6532749, max 831
transfer lists:  49.8 megs
0...1...2...3...4...5...6...7...8...9...10	Bounce #1 added RGB(24206, 28551, 32010)
0...1...2...3...4...5...6...7...8...9...10	Bounce #2 added RGB(10363, 12228, 13595)
0...1...2...3...4...5...6...7...8...9...10	Bounce #3 added RGB(4833, 5693, 6233)
0...1...2...3...4...5...6...7...8...9...10	Bounce #4 added RGB(2307, 2714, 2921)
0...1...2...3...4...5...6...7...8...9...10	Bounce #5 added RGB(1117, 1312, 1389)
0...1...2...3...4...5...6...7...8...9...10	Bounce #6 added RGB(543, 638, 665)
0...1...2...3...4...5...6...7...8...9...10	Bounce #7 added RGB(265, 312, 320)
0...1...2...3...4...5...6...7...8...9...10	Bounce #8 added RGB(130, 153, 154)
0...1...2...3...4...5...6...7...8...9...10	Bounce #9 added RGB(64, 75, 75)
0...1...2...3...4...5...6...7...8...9...10	Bounce #10 added RGB(31, 37, 36)
0...1...2...3...4...5...6...7...8...9...10	Bounce #11 added RGB(16, 18, 18)
0...1...2...3...4...5...6...7...8...9...10	Bounce #12 added RGB(8, 9, 9)
0...1...2...3...4...5...6...7...8...9...10	Bounce #13 added RGB(4, 5, 4)
0...1...2...3...4...5...6...7...8...9...10	Bounce #14 added RGB(2, 2, 2)
0...1...2...3...4...5...6...7...8...9...10	Bounce #15 added RGB(1, 1, 1)
0...1...2...3...4...5...6...7...8...9...10	Bounce #16 added RGB(0, 1, 1)
Build Patch/Sample Hash Table(s).....Done<0.0113 sec>
0...1...2...3...4...5...6...7...8...9...10FinalLightFace Done
42 of 42 (100% of) surface lights went in leaf ambient cubes.
0...1...2...3...4...5...6...7...8...9...10Writing leaf ambient...done
Computing static prop lighting : 00...1...2...3...4...5...6...7...8...9...10
Ready to Finish

Object names       Objects/Maxobjs  Memory / Maxmem  Fullness 
------------       ---------------  ---------------  -------- 
models                  88/1024         4224/49152    ( 8.6%) 
brushes               1767/8192        21204/98304    (21.6%) 
brushsides           13944/65536      111552/524288   (21.3%) 
planes                7662/65536      153240/1310720  (11.7%) 
vertexes              6531/65536       78372/786432   (10.0%) 
nodes                 1822/65536       58304/2097152  ( 2.8%) 
texinfos              1131/12288       81432/884736   ( 9.2%) 
texdata                 84/2048         2688/65536    ( 4.1%) 
dispinfos                0/0               0/0        ( 0.0%) 
disp_verts               0/0               0/0        ( 0.0%) 
disp_tris                0/0               0/0        ( 0.0%) 
disp_multiblend          0/0               0/0        ( 0.0%) 
disp_lmsamples           0/0               0/0        ( 0.0%) 
faces                 3199/65536      179144/3670016  ( 4.9%) 
hdr faces             3199/65536      179144/3670016  ( 4.9%) 
origfaces             2596/65536      145376/3670016  ( 4.0%) 
facebrushes            650/0            1300/0        ( 0.0%) 
facebrushlists        3199/0           12796/0        ( 0.0%) 
leaves                1911/65536       61152/2097152  ( 2.9%) 
leaffaces             3981/65536        7962/131072   ( 6.1%) 
leafbrushes           3373/65536        6746/131072   ( 5.1%) 
areas                   13/256           104/2048     ( 5.1%) 
surfedges            25530/512000     102120/2048000  ( 5.0%) 
edges                15627/256000      62508/1024000  ( 6.1%) 
LDR worldlights        134/8192        13400/819200   ( 1.6%) 
HDR worldlights        134/8192        13400/819200   ( 1.6%) 
leafwaterdata            0/32768           0/393216   ( 0.0%) 
waterstrips            397/32768        3970/327680   ( 1.2%) 
waterverts               0/65536           0/786432   ( 0.0%) 
waterindices          6927/65536       13854/131072   (10.6%) 
cubemapsamples          19/1024          304/16384    ( 1.9%) 
overlays                56/512         19712/180224   (10.9%) 
LDR lightdata         [variable]     1822828/0        ( 0.0%) 
HDR lightdata         [variable]     1822828/0        ( 0.0%) 
visdata               [variable]       36045/16777216 ( 0.2%) 
entdata               [variable]      217065/393216   (55.2%) 
LDR ambient table     1911/65536        7644/262144   ( 2.9%) 
HDR ambient table     1911/65536        7644/262144   ( 2.9%) 
LDR leaf ambient      6042/65536      169176/1835008  ( 9.2%) 
HDR leaf ambient      6031/65536      168868/1835008  ( 9.2%) 
occluders                0/0               0/0        ( 0.0%) 
occluder polygons        0/0               0/0        ( 0.0%) 
occluder vert ind        0/0               0/0        ( 0.0%) 
detail props          [variable]           1/12       ( 8.3%) 
static props          [variable]           1/68438    ( 0.0%) 
pakfile               [variable]     8701010/0        ( 0.0%) 
physics               [variable]      639422/4194304  (15.2%) 
physics terrain       [variable]           2/1048576  ( 0.0%) 

Level flags = 3

Total triangle count: 8764
Writing d:\steamlibrary\steamapps\common\portal 2\portal2_dlc3\maps\sp_a4_tb_catch.bsp
2 minutes, 2 seconds elapsed



materialPath: D:\SteamLibrary\steamapps\common\Portal 2\portal2\materials
Loading d:\steamlibrary\steamapps\common\portal 2\portal2_dlc3\maps\sp_a4_tb_catch.vmf
ConVarRef gpu_level doesn't point to an existing ConVar
fixing up env_cubemap materials on brush sides...
0...1...2...3...4...5...6...7...8...9...100...1...2...3...4...5...6...7...8...9...10Processing areas...done (0)
Building Faces...done (0)
Chop Details...done (0)
Find Visible Detail Sides...
Merged 338 detail faces...done (0)
Merging details...done (0)
FixTjuncs...
PruneNodes...
WriteBSP...
done (1)
writing d:\steamlibrary\steamapps\common\portal 2\portal2_dlc3\maps\sp_a4_tb_catch.prt...Building visibility clusters...
done (0)
Finding displacement neighbors...
Finding lightmap sample positions...
Displacement Alpha : 0...1...2...3...4...5...6...7...8...9...10
Error! Variable "%keywords" is multiply defined in material "signage/signage_overlay_catapult2"!
Error! Variable "%keywords" is multiply defined in material "signage/signage_overlay_catapult1"!
Building Physics collision data...
done (0) (639422 bytes)
Encountered obsolete static prop option to do its fade in screen space @ -80.00 -1440.00 -96.00
Encountered obsolete static prop option to do its fade in screen space @ -48.00 -1504.00 -32.00
Encountered obsolete static prop option to do its fade in screen space @ -48.00 -1504.00 96.00
Encountered obsolete static prop option to do its fade in screen space @ 0.00 -16.00 -144.00
Encountered obsolete static prop option to do its fade in screen space @ -80.00 -1504.00 -32.00
Encountered obsolete static prop option to do its fade in screen space @ -80.00 -1504.00 96.00
Encountered obsolete static prop option to do its fade in screen space @ 512.00 -912.00 224.00
Encountered obsolete static prop option to do its fade in screen space @ 512.00 -912.00 96.00
Encountered obsolete static prop option to do its fade in screen space @ 512.00 -944.00 160.00
Encountered obsolete static prop option to do its fade in screen space @ 512.00 -944.00 288.00
Encountered obsolete static prop option to do its fade in screen space @ 0.00 144.00 -144.00
Encountered obsolete static prop option to do its fade in screen space @ 752.00 960.00 288.00
Encountered obsolete static prop option to do its fade in screen space @ 752.00 832.00 288.00
Encountered obsolete static prop option to do its fade in screen space @ 0.00 -1232.00 -96.00
Encountered obsolete static prop option to do its fade in screen space @ 512.00 -912.00 352.00
Encountered obsolete static prop option to do its fade in screen space @ 368.00 -1408.00 96.00
Encountered obsolete static prop option to do its fade in screen space @ 400.00 -1408.00 96.00
Encountered obsolete static prop option to do its fade in screen space @ 912.00 896.00 480.00
Encountered obsolete static prop option to do its fade in screen space @ 880.00 896.00 480.00
Placing detail props : 0...1...2...3...4...5...6...7...8...9...10
Compacting texture/material tables...
Reduced 1977 texinfos to 1131
Reduced 92 texdatas to 84 (3138 bytes to 2829)
Writing d:\steamlibrary\steamapps\common\portal 2\portal2_dlc3\maps\sp_a4_tb_catch.bsp

nummapplanes:     (  7662 / 65536 )
nummapbrushes:    (  1767 /  8192 )
nummapbrushsides: ( 13862 / 65536 )
num_map_overlays: (    56 /   512 )
nummodels:        (    88 /  1024 )
num_entities:     (   639 / 16384 )

6 seconds elapsed



12 threads
reading d:\steamlibrary\steamapps\common\portal 2\portal2_dlc3\maps\sp_a4_tb_catch.bsp
reading d:\steamlibrary\steamapps\common\portal 2\portal2_dlc3\maps\sp_a4_tb_catch.prt
 372 portalclusters
 881 numportals
0...1...2...3...4...5...6...7...8...9...10Optimized: 5781 visible clusters (0.00%)
Total clusters visible: 84257
Average clusters visible: 226
Building PAS...
Average clusters audible: 331
visdatasize:36045  compressed from 35712
writing d:\steamlibrary\steamapps\common\portal 2\portal2_dlc3\maps\sp_a4_tb_catch.bsp
0 seconds elapsed



[Reading texlights from 'lights.rad']
[59 texlights parsed from 'lights.rad']

Loading d:\steamlibrary\steamapps\common\portal 2\portal2_dlc3\maps\sp_a4_tb_catch.bsp
Loaded alpha texture materials\Metal\metalgrate018.vtf
Loaded alpha texture materials\Tools\toolsinvisible.vtf
3199 faces
3 degenerate faces
3002205 square feet [432317504.00 square inches]
0 Displacements
0 Square Feet [0.00 Square Inches]
3196 patches before subdivision
36946 patches after subdivision
134 direct lights
0...1...2...3...4...5...6...7...8...9...100...1...2...3...4...5...6...7...8...9...10transfers 6532749, max 831
transfer lists:  49.8 megs
0...1...2...3...4...5...6...7...8...9...10	Bounce #1 added RGB(25713, 30464, 34213)
0...1...2...3...4...5...6...7...8...9...10	Bounce #2 added RGB(11012, 13051, 14538)
0...1...2...3...4...5...6...7...8...9...10	Bounce #3 added RGB(5134, 6074, 6668)
0...1...2...3...4...5...6...7...8...9...10	Bounce #4 added RGB(2447, 2890, 3122)
0...1...2...3...4...5...6...7...8...9...10	Bounce #5 added RGB(1182, 1395, 1483)
0...1...2...3...4...5...6...7...8...9...10	Bounce #6 added RGB(574, 678, 709)
0...1...2...3...4...5...6...7...8...9...10	Bounce #7 added RGB(280, 331, 341)
0...1...2...3...4...5...6...7...8...9...10	Bounce #8 added RGB(137, 162, 164)
0...1...2...3...4...5...6...7...8...9...10	Bounce #9 added RGB(67, 80, 80)
0...1...2...3...4...5...6...7...8...9...10	Bounce #10 added RGB(33, 39, 39)
0...1...2...3...4...5...6...7...8...9...10	Bounce #11 added RGB(16, 19, 19)
0...1...2...3...4...5...6...7...8...9...10	Bounce #12 added RGB(8, 10, 9)
0...1...2...3...4...5...6...7...8...9...10	Bounce #13 added RGB(4, 5, 5)
0...1...2...3...4...5...6...7...8...9...10	Bounce #14 added RGB(2, 2, 2)
0...1...2...3...4...5...6...7...8...9...10	Bounce #15 added RGB(1, 1, 1)
0...1...2...3...4...5...6...7...8...9...10	Bounce #16 added RGB(0, 1, 1)
Build Patch/Sample Hash Table(s).....Done<0.0106 sec>
0...1...2...3...4...5...6...7...8...9...10FinalLightFace Done
42 of 42 (100% of) surface lights went in leaf ambient cubes.
0...1...2...3...4...5...6...7...8...9...10Writing leaf ambient...done
Computing static prop lighting : 00...1...2...3...4...5...6...7...8...9...10
Ready to Finish

Object names       Objects/Maxobjs  Memory / Maxmem  Fullness 
------------       ---------------  ---------------  -------- 
models                  88/1024         4224/49152    ( 8.6%) 
brushes               1767/8192        21204/98304    (21.6%) 
brushsides           13944/65536      111552/524288   (21.3%) 
planes                7662/65536      153240/1310720  (11.7%) 
vertexes              6531/65536       78372/786432   (10.0%) 
nodes                 1822/65536       58304/2097152  ( 2.8%) 
texinfos              1131/12288       81432/884736   ( 9.2%) 
texdata                 84/2048         2688/65536    ( 4.1%) 
dispinfos                0/0               0/0        ( 0.0%) 
disp_verts               0/0               0/0        ( 0.0%) 
disp_tris                0/0               0/0        ( 0.0%) 
disp_multiblend          0/0               0/0        ( 0.0%) 
disp_lmsamples           0/0               0/0        ( 0.0%) 
faces                 3199/65536      179144/3670016  ( 4.9%) 
hdr faces                0/65536           0/3670016  ( 0.0%) 
origfaces             2596/65536      145376/3670016  ( 4.0%) 
facebrushes            650/0            1300/0        ( 0.0%) 
facebrushlists        3199/0           12796/0        ( 0.0%) 
leaves                1911/65536       61152/2097152  ( 2.9%) 
leaffaces             3981/65536        7962/131072   ( 6.1%) 
leafbrushes           3373/65536        6746/131072   ( 5.1%) 
areas                   13/256           104/2048     ( 5.1%) 
surfedges            25530/512000     102120/2048000  ( 5.0%) 
edges                15627/256000      62508/1024000  ( 6.1%) 
LDR worldlights        134/8192        13400/819200   ( 1.6%) 
HDR worldlights          0/8192            0/819200   ( 0.0%) 
leafwaterdata            0/32768           0/393216   ( 0.0%) 
waterstrips            397/32768        3970/327680   ( 1.2%) 
waterverts               0/65536           0/786432   ( 0.0%) 
waterindices          6927/65536       13854/131072   (10.6%) 
cubemapsamples          19/1024          304/16384    ( 1.9%) 
overlays                56/512         19712/180224   (10.9%) 
LDR lightdata         [variable]     1822828/0        ( 0.0%) 
HDR lightdata         [variable]           0/0        ( 0.0%) 
visdata               [variable]       36045/16777216 ( 0.2%) 
entdata               [variable]      216646/393216   (55.1%) 
LDR ambient table     1911/65536        7644/262144   ( 2.9%) 
HDR ambient table     1911/65536        7644/262144   ( 2.9%) 
LDR leaf ambient      6041/65536      169148/1835008  ( 9.2%) 
HDR leaf ambient      1911/65536       53508/1835008  ( 2.9%) 
occluders                0/0               0/0        ( 0.0%) 
occluder polygons        0/0               0/0        ( 0.0%) 
occluder vert ind        0/0               0/0        ( 0.0%) 
detail props          [variable]           1/12       ( 8.3%) 
static props          [variable]           1/68438    ( 0.0%) 
pakfile               [variable]     5094878/0        ( 0.0%) 
physics               [variable]      639422/4194304  (15.2%) 
physics terrain       [variable]           2/1048576  ( 0.0%) 

Level flags = 1

Total triangle count: 8764
Writing d:\steamlibrary\steamapps\common\portal 2\portal2_dlc3\maps\sp_a4_tb_catch.bsp
2 minutes, 3 seconds elapsed



[Reading texlights from 'lights.rad']
[59 texlights parsed from 'lights.rad']

Loading d:\steamlibrary\steamapps\common\portal 2\portal2_dlc3\maps\sp_a4_tb_catch.bsp
Loaded alpha texture materials\Metal\metalgrate018.vtf
Loaded alpha texture materials\Tools\toolsinvisible.vtf
3199 faces
3 degenerate faces
3002205 square feet [432317504.00 square inches]
0 Displacements
0 Square Feet [0.00 Square Inches]
3196 patches before subdivision
36946 patches after subdivision
134 direct lights
0...1...2...3...4...5...6...7...8...9...100...1...2...3...4...5...6...7...8...9...10transfers 6532749, max 831
transfer lists:  49.8 megs
0...1...2...3...4...5...6...7...8...9...10	Bounce #1 added RGB(24205, 28550, 32010)
0...1...2...3...4...5...6...7...8...9...10	Bounce #2 added RGB(10363, 12228, 13595)
0...1...2...3...4...5...6...7...8...9...10	Bounce #3 added RGB(4833, 5693, 6233)
0...1...2...3...4...5...6...7...8...9...10	Bounce #4 added RGB(2307, 2714, 2921)
0...1...2...3...4...5...6...7...8...9...10	Bounce #5 added RGB(1117, 1312, 1389)
0...1...2...3...4...5...6...7...8...9...10	Bounce #6 added RGB(543, 638, 665)
0...1...2...3...4...5...6...7...8...9...10	Bounce #7 added RGB(265, 312, 320)
0...1...2...3...4...5...6...7...8...9...10	Bounce #8 added RGB(130, 153, 154)
0...1...2...3...4...5...6...7...8...9...10	Bounce #9 added RGB(64, 75, 75)
0...1...2...3...4...5...6...7...8...9...10	Bounce #10 added RGB(31, 37, 36)
0...1...2...3...4...5...6...7...8...9...10	Bounce #11 added RGB(16, 18, 18)
0...1...2...3...4...5...6...7...8...9...10	Bounce #12 added RGB(8, 9, 9)
0...1...2...3...4...5...6...7...8...9...10	Bounce #13 added RGB(4, 5, 4)
0...1...2...3...4...5...6...7...8...9...10	Bounce #14 added RGB(2, 2, 2)
0...1...2...3...4...5...6...7...8...9...10	Bounce #15 added RGB(1, 1, 1)
0...1...2...3...4...5...6...7...8...9...10	Bounce #16 added RGB(0, 1, 1)
Build Patch/Sample Hash Table(s).....Done<0.0091 sec>
0...1...2...3...4...5...6...7...8...9...10FinalLightFace Done
42 of 42 (100% of) surface lights went in leaf ambient cubes.
0...1...2...3...4...5...6...7...8...9...10Writing leaf ambient...done
Computing static prop lighting : 00...1...2...3...4...5...6...7...8...9...10
Ready to Finish

Object names       Objects/Maxobjs  Memory / Maxmem  Fullness 
------------       ---------------  ---------------  -------- 
models                  88/1024         4224/49152    ( 8.6%) 
brushes               1767/8192        21204/98304    (21.6%) 
brushsides           13944/65536      111552/524288   (21.3%) 
planes                7662/65536      153240/1310720  (11.7%) 
vertexes              6531/65536       78372/786432   (10.0%) 
nodes                 1822/65536       58304/2097152  ( 2.8%) 
texinfos              1131/12288       81432/884736   ( 9.2%) 
texdata                 84/2048         2688/65536    ( 4.1%) 
dispinfos                0/0               0/0        ( 0.0%) 
disp_verts               0/0               0/0        ( 0.0%) 
disp_tris                0/0               0/0        ( 0.0%) 
disp_multiblend          0/0               0/0        ( 0.0%) 
disp_lmsamples           0/0               0/0        ( 0.0%) 
faces                 3199/65536      179144/3670016  ( 4.9%) 
hdr faces             3199/65536      179144/3670016  ( 4.9%) 
origfaces             2596/65536      145376/3670016  ( 4.0%) 
facebrushes            650/0            1300/0        ( 0.0%) 
facebrushlists        3199/0           12796/0        ( 0.0%) 
leaves                1911/65536       61152/2097152  ( 2.9%) 
leaffaces             3981/65536        7962/131072   ( 6.1%) 
leafbrushes           3373/65536        6746/131072   ( 5.1%) 
areas                   13/256           104/2048     ( 5.1%) 
surfedges            25530/512000     102120/2048000  ( 5.0%) 
edges                15627/256000      62508/1024000  ( 6.1%) 
LDR worldlights        134/8192        13400/819200   ( 1.6%) 
HDR worldlights        134/8192        13400/819200   ( 1.6%) 
leafwaterdata            0/32768           0/393216   ( 0.0%) 
waterstrips            397/32768        3970/327680   ( 1.2%) 
waterverts               0/65536           0/786432   ( 0.0%) 
waterindices          6927/65536       13854/131072   (10.6%) 
cubemapsamples          19/1024          304/16384    ( 1.9%) 
overlays                56/512         19712/180224   (10.9%) 
LDR lightdata         [variable]     1822828/0        ( 0.0%) 
HDR lightdata         [variable]     1822828/0        ( 0.0%) 
visdata               [variable]       36045/16777216 ( 0.2%) 
entdata               [variable]      216646/393216   (55.1%) 
LDR ambient table     1911/65536        7644/262144   ( 2.9%) 
HDR ambient table     1911/65536        7644/262144   ( 2.9%) 
LDR leaf ambient      6041/65536      169148/1835008  ( 9.2%) 
HDR leaf ambient      6031/65536      168868/1835008  ( 9.2%) 
occluders                0/0               0/0        ( 0.0%) 
occluder polygons        0/0               0/0        ( 0.0%) 
occluder vert ind        0/0               0/0        ( 0.0%) 
detail props          [variable]           1/12       ( 8.3%) 
static props          [variable]           1/68438    ( 0.0%) 
pakfile               [variable]     8701010/0        ( 0.0%) 
physics               [variable]      639422/4194304  (15.2%) 
physics terrain       [variable]           2/1048576  ( 0.0%) 

Level flags = 3

Total triangle count: 8764
Writing d:\steamlibrary\steamapps\common\portal 2\portal2_dlc3\maps\sp_a4_tb_catch.bsp
2 minutes, 5 seconds elapsed
