PRT1
315
783
4 3 5 (3632 -1024 655.270996 ) (3632 -1024 1167.270020 ) (3072 -1024 1167.270020 ) (3072 -1024 655.270996 ) 
4 3 4 (3072 -1024 655.270996 ) (3072 -1024 1167.270020 ) (3072 -32 1167.270020 ) (3072 -32 655.270996 ) 
4 4 6 (3072 -1024 655.270996 ) (3072 -1024 1167.270020 ) (2928 -1024 1167.270020 ) (2928 -1024 655.270996 ) 
4 5 6 (3072 -1024 1167.270020 ) (3072 -1024 655.270996 ) (3072 -1312 655.270996 ) (3072 -1312 1167.270020 ) 
4 9 45 (32 1024 640 ) (64 1024 640 ) (64 1024 863 ) (32 1024 863 ) 
4 9 43 (64 1024 863 ) (64 1024 896 ) (32 1024 896 ) (32 1024 863 ) 
4 10 17 (784 32 480 ) (784 32 512 ) (784 512 512 ) (784 512 480 ) 
4 10 16 (784 32 512 ) (784 32 768 ) (784 512 768 ) (784 512 512 ) 
4 10 11 (832 32 640 ) (896 32 640 ) (896 32 768 ) (832 32 768 ) 
4 11 12 (896 16 768 ) (832 16 768 ) (832 16 640 ) (896 16 640 ) 
4 12 245 (896 0 640 ) (896 0 768 ) (832 0 768 ) (832 0 640 ) 
4 13 23 (768 576 512 ) (768 576 1120 ) (768 608 1120 ) (768 608 512 ) 
4 13 20 (768 576 1120 ) (768 576 1152 ) (768 608 1152 ) (768 608 1120 ) 
4 14 23 (768 480 1024 ) (768 480 896 ) (768 352 896 ) (768 352 1024 ) 
4 14 15 (768 352 896 ) (784 352 896 ) (784 352 1024 ) (768 352 1024 ) 
4 15 23 (768 352 1120 ) (768 352 896 ) (768 224 896 ) (768 224 1120 ) 
4 15 20 (768 224 1152 ) (768 352 1152 ) (768 352 1120 ) (768 224 1120 ) 
4 16 23 (768 32 512 ) (768 32 768 ) (768 512 768 ) (768 512 512 ) 
4 16 17 (784 32 512 ) (768 32 512 ) (768 512 512 ) (784 512 512 ) 
4 17 23 (768 32 480 ) (768 32 512 ) (768 512 512 ) (768 512 480 ) 
4 18 31 (576 608 1376 ) (576 608 1664 ) (576 640 1664 ) (576 640 1376 ) 
4 18 29 (576 640 1664 ) (576 672 1664 ) (576 672 1376 ) (576 640 1376 ) 
4 18 28 (576 672 1664 ) (576 960 1664 ) (576 960 1376 ) (576 672 1376 ) 
4 18 19 (576 608 1664 ) (576 608 1376 ) (592 608 1376 ) (592 608 1664 ) 
4 19 173 (592 0 1664 ) (576 0 1664 ) (576 0 1376 ) (592 0 1376 ) 
4 19 39 (576 0 1376 ) (576 0 1664 ) (576 32 1664 ) (576 32 1376 ) 
4 19 31 (576 32 1664 ) (576 608 1664 ) (576 608 1376 ) (576 32 1376 ) 
4 20 24 (640 608 1120 ) (704 608 1120 ) (704 32 1120 ) (640 32 1120 ) 
4 20 23 (704 608 1120 ) (768 608 1120 ) (768 32 1120 ) (704 32 1120 ) 
4 20 22 (640 608 1120 ) (640 32 1120 ) (640 32 1152 ) (640 608 1152 ) 
4 20 21 (640 32 1152 ) (640 32 1120 ) (768 32 1120 ) (768 32 1152 ) 
4 22 36 (576 32 1152 ) (576 64 1152 ) (576 64 1120 ) (576 32 1120 ) 
4 22 32 (576 576 1152 ) (576 608 1152 ) (576 608 1120 ) (576 576 1120 ) 
4 22 35 (576 64 1152 ) (576 576 1152 ) (576 576 1120 ) (576 64 1120 ) 
4 22 24 (576 32 1120 ) (576 608 1120 ) (640 608 1120 ) (640 32 1120 ) 
4 23 26 (704 384 482 ) (704 384 1024 ) (704 512 1024 ) (704 512 482 ) 
4 23 27 (704 384 480 ) (704 32 480 ) (704 32 1024 ) (704 384 1024 ) 
4 23 25 (704 608 480 ) (704 512 480 ) (704 512 1024 ) (704 608 1024 ) 
4 23 24 (704 32 1024 ) (704 32 1120 ) (704 608 1120 ) (704 608 1024 ) 
4 24 36 (576 32 1120 ) (576 64 1120 ) (576 64 1024 ) (576 32 1024 ) 
4 24 32 (576 576 1120 ) (576 608 1120 ) (576 608 1024 ) (576 576 1024 ) 
4 24 35 (576 64 1120 ) (576 576 1120 ) (576 576 1024 ) (576 64 1024 ) 
4 24 26 (576 384 1024 ) (576 512 1024 ) (704 512 1024 ) (704 384 1024 ) 
4 24 27 (576 32 1024 ) (576 384 1024 ) (704 384 1024 ) (704 32 1024 ) 
4 24 25 (576 512 1024 ) (576 608 1024 ) (704 608 1024 ) (704 512 1024 ) 
4 25 32 (576 576 1024 ) (576 608 1024 ) (576 608 480 ) (576 576 480 ) 
4 25 35 (576 512 1024 ) (576 576 1024 ) (576 576 480 ) (576 512 480 ) 
4 25 26 (704 512 482 ) (704 512 1024 ) (576 512 1024 ) (576 512 482 ) 
4 26 35 (576 384 1024 ) (576 512 1024 ) (576 512 482 ) (576 384 482 ) 
4 26 27 (704 384 482 ) (704 384 1024 ) (576 384 1024 ) (576 384 482 ) 
4 27 254 (576 0 640 ) (576 0 480 ) (704 0 480 ) (704 0 640 ) 
4 27 246 (576 0 768 ) (576 0 640 ) (704 0 640 ) (704 0 768 ) 
4 27 236 (576 0 896 ) (576 0 768 ) (704 0 768 ) (704 0 896 ) 
4 27 214 (576 0 1024 ) (576 0 896 ) (704 0 896 ) (704 0 1024 ) 
4 27 36 (576 32 1024 ) (576 64 1024 ) (576 64 480 ) (576 32 480 ) 
4 27 35 (576 64 1024 ) (576 384 1024 ) (576 384 480 ) (576 64 480 ) 
4 28 61 (512 672 1376 ) (512 672 1664 ) (512 736 1664 ) (512 736 1376 ) 
4 28 52 (512 736 1664 ) (512 768 1664 ) (512 768 1376 ) (512 736 1376 ) 
4 28 48 (512 768 1664 ) (512 784 1664 ) (512 784 1376 ) (512 768 1376 ) 
4 28 46 (512 784 1664 ) (512 896 1664 ) (512 896 1376 ) (512 784 1376 ) 
4 28 40 (512 896 1664 ) (512 960 1664 ) (512 960 1376 ) (512 896 1376 ) 
4 28 29 (512 672 1664 ) (512 672 1376 ) (576 672 1376 ) (576 672 1664 ) 
4 29 61 (512 640 1376 ) (512 640 1664 ) (512 672 1664 ) (512 672 1376 ) 
4 29 31 (512 640 1664 ) (512 640 1376 ) (576 640 1376 ) (576 640 1664 ) 
4 30 63 (512 640 640 ) (512 640 1152 ) (512 672 1152 ) (512 672 640 ) 
4 31 69 (512 416 1376 ) (512 32 1376 ) (512 32 1664 ) (512 416 1664 ) 
4 31 61 (512 640 1664 ) (512 640 1376 ) (512 416 1376 ) (512 416 1664 ) 
4 31 39 (512 32 1664 ) (512 32 1376 ) (576 32 1376 ) (576 32 1664 ) 
4 32 35 (564 576 480 ) (576 576 480 ) (576 576 1152 ) (564 576 1152 ) 
4 32 33 (564 608 1152 ) (564 608 480 ) (564 576 480 ) (564 576 1152 ) 
4 33 34 (532 608 1152 ) (532 608 480 ) (532 576 480 ) (532 576 1152 ) 
4 33 35 (532 576 480 ) (564 576 480 ) (564 576 1152 ) (532 576 1152 ) 
4 34 78 (512 608 480 ) (512 576 480 ) (512 576 608 ) (512 608 608 ) 
4 34 76 (512 576 608 ) (512 576 640 ) (512 608 640 ) (512 608 608 ) 
4 34 63 (512 576 640 ) (512 576 1152 ) (512 608 1152 ) (512 608 640 ) 
4 34 35 (512 576 480 ) (532 576 480 ) (532 576 1152 ) (512 576 1152 ) 
4 35 78 (512 576 480 ) (512 64 480 ) (512 64 608 ) (512 576 608 ) 
4 35 76 (512 64 608 ) (512 64 640 ) (512 576 640 ) (512 576 608 ) 
4 35 70 (512 64 640 ) (512 64 1152 ) (512 416 1152 ) (512 416 640 ) 
4 35 63 (512 416 1152 ) (512 576 1152 ) (512 576 640 ) (512 416 640 ) 
4 35 38 (512 64 480 ) (528 64 480 ) (528 64 1152 ) (512 64 1152 ) 
4 35 37 (528 64 480 ) (560 64 480 ) (560 64 1152 ) (528 64 1152 ) 
4 35 36 (560 64 480 ) (576 64 480 ) (576 64 1152 ) (560 64 1152 ) 
4 36 37 (560 64 1152 ) (560 64 480 ) (560 32 480 ) (560 32 1152 ) 
4 37 38 (528 64 1152 ) (528 64 480 ) (528 32 480 ) (528 32 1152 ) 
4 38 78 (512 64 480 ) (512 32 480 ) (512 32 608 ) (512 64 608 ) 
4 38 76 (512 32 608 ) (512 32 640 ) (512 64 640 ) (512 64 608 ) 
4 38 70 (512 32 640 ) (512 32 1152 ) (512 64 1152 ) (512 64 640 ) 
4 39 173 (576 0 1376 ) (576 0 1664 ) (512 0 1664 ) (512 0 1376 ) 
4 39 69 (512 0 1376 ) (512 0 1664 ) (512 32 1664 ) (512 32 1376 ) 
4 40 46 (512 896 1376 ) (512 896 1664 ) (64 896 1664 ) (64 896 1376 ) 
4 40 41 (64 896 1664 ) (64 960 1664 ) (64 960 1376 ) (64 896 1376 ) 
4 41 90 (0 896 1376 ) (0 896 1664 ) (0 960 1664 ) (0 960 1376 ) 
4 41 46 (0 896 1664 ) (0 896 1376 ) (64 896 1376 ) (64 896 1664 ) 
4 42 43 (64 896 896 ) (32 896 896 ) (32 1024 896 ) (64 1024 896 ) 
4 43 115 (0 896 863 ) (0 896 896 ) (0 1024 896 ) (0 1024 863 ) 
4 43 47 (0 896 896 ) (0 896 863 ) (64 896 863 ) (64 896 896 ) 
4 43 45 (64 896 863 ) (0 896 863 ) (0 1024 863 ) (64 1024 863 ) 
4 44 45 (64 897 863 ) (64 991 863 ) (64 991 673 ) (64 897 673 ) 
4 45 129 (0 896 640 ) (0 896 768 ) (0 1024 768 ) (0 1024 640 ) 
4 45 118 (0 896 768 ) (0 896 832 ) (0 1024 832 ) (0 1024 768 ) 
4 45 115 (0 896 832 ) (0 896 863 ) (0 1024 863 ) (0 1024 832 ) 
4 45 47 (0 896 863 ) (0 896 640 ) (64 896 640 ) (64 896 863 ) 
4 46 90 (0 784 1376 ) (0 784 1664 ) (0 896 1664 ) (0 896 1376 ) 
4 46 50 (128 784 1664 ) (0 784 1664 ) (0 784 1376 ) (128 784 1376 ) 
4 46 48 (512 784 1376 ) (512 784 1664 ) (128 784 1664 ) (128 784 1376 ) 
4 47 132 (0 784 640 ) (0 784 768 ) (0 832 768 ) (0 832 640 ) 
4 47 129 (0 832 768 ) (0 896 768 ) (0 896 640 ) (0 832 640 ) 
4 47 121 (0 784 768 ) (0 784 896 ) (0 832 896 ) (0 832 768 ) 
4 47 118 (0 896 832 ) (0 896 768 ) (0 832 768 ) (0 832 832 ) 
4 47 115 (0 832 896 ) (0 896 896 ) (0 896 832 ) (0 832 832 ) 
4 47 51 (64 784 640 ) (64 784 896 ) (0 784 896 ) (0 784 640 ) 
4 48 54 (384 768 1664 ) (128 768 1664 ) (128 768 1376 ) (384 768 1376 ) 
4 48 52 (512 768 1376 ) (512 768 1664 ) (384 768 1664 ) (384 768 1376 ) 
4 48 50 (128 784 1664 ) (128 784 1376 ) (128 768 1376 ) (128 768 1664 ) 
4 49 57 (128 768 704 ) (128 768 640 ) (256 768 640 ) (256 768 704 ) 
4 50 90 (0 768 1376 ) (0 768 1664 ) (0 784 1664 ) (0 784 1376 ) 
4 50 58 (128 768 1376 ) (128 768 1664 ) (0 768 1664 ) (0 768 1376 ) 
4 51 132 (0 768 640 ) (0 768 768 ) (0 784 768 ) (0 784 640 ) 
4 51 121 (0 768 768 ) (0 768 896 ) (0 784 896 ) (0 784 768 ) 
4 51 60 (64 768 640 ) (64 768 896 ) (0 768 896 ) (0 768 640 ) 
4 52 61 (512 736 1376 ) (512 736 1664 ) (384 736 1664 ) (384 736 1376 ) 
4 52 54 (384 768 1664 ) (384 768 1376 ) (384 736 1376 ) (384 736 1664 ) 
4 53 57 (384 768 1152 ) (384 768 640 ) (384 736 640 ) (384 736 1152 ) 
4 54 61 (384 736 1376 ) (384 736 1664 ) (128 736 1664 ) (128 736 1376 ) 
4 54 58 (128 768 1664 ) (128 768 1376 ) (128 736 1376 ) (128 736 1664 ) 
4 55 56 (129 768 1154 ) (384 768 1154 ) (384 736 1154 ) (129 736 1154 ) 
4 56 60 (128 768 1154 ) (128 768 1152 ) (128 736 1152 ) (128 736 1154 ) 
4 56 57 (128 736 1152 ) (128 768 1152 ) (384 768 1152 ) (384 736 1152 ) 
4 57 65 (128 736 640 ) (256 736 640 ) (256 736 1152 ) (128 736 1152 ) 
4 57 64 (256 736 640 ) (384 736 640 ) (384 736 1152 ) (256 736 1152 ) 
4 57 60 (128 768 1152 ) (128 768 640 ) (128 736 640 ) (128 736 1152 ) 
4 58 90 (0 768 1664 ) (0 768 1376 ) (0 736 1376 ) (0 736 1664 ) 
4 58 61 (128 736 1376 ) (128 736 1664 ) (0 736 1664 ) (0 736 1376 ) 
4 59 60 (0 768 1344 ) (128 768 1344 ) (128 736 1344 ) (0 736 1344 ) 
4 60 133 (0 768 768 ) (0 768 640 ) (0 736 640 ) (0 736 768 ) 
4 60 121 (0 768 896 ) (0 768 768 ) (0 736 768 ) (0 736 896 ) 
4 60 68 (0 736 640 ) (128 736 640 ) (128 736 1152 ) (0 736 1152 ) 
4 60 62 (128 736 1152 ) (128 736 1344 ) (0 736 1344 ) (0 736 1152 ) 
4 61 90 (0 736 1664 ) (0 736 1376 ) (0 416 1376 ) (0 416 1664 ) 
4 61 71 (0 416 1664 ) (0 416 1376 ) (288 416 1376 ) (288 416 1664 ) 
4 61 69 (288 416 1376 ) (512 416 1376 ) (512 416 1664 ) (288 416 1664 ) 
4 62 103 (0 704 1152 ) (0 416 1152 ) (0 416 1280 ) (0 704 1280 ) 
4 62 96 (0 704 1280 ) (0 416 1280 ) (0 416 1344 ) (0 704 1344 ) 
4 62 75 (0 416 1344 ) (0 416 1152 ) (128 416 1152 ) (128 416 1344 ) 
4 62 68 (128 416 1152 ) (0 416 1152 ) (0 736 1152 ) (128 736 1152 ) 
4 63 76 (512 608 640 ) (512 416 640 ) (384 416 640 ) (384 608 640 ) 
4 63 70 (384 416 640 ) (512 416 640 ) (512 416 1152 ) (384 416 1152 ) 
4 63 64 (384 416 640 ) (384 416 1152 ) (384 672 1152 ) (384 672 640 ) 
4 64 76 (384 608 640 ) (384 416 640 ) (256 416 640 ) (256 608 640 ) 
4 64 74 (256 416 640 ) (288 416 640 ) (288 416 1152 ) (256 416 1152 ) 
4 64 70 (288 416 640 ) (384 416 640 ) (384 416 1152 ) (288 416 1152 ) 
4 64 66 (256 607.660034 1152 ) (256 671.660034 1152 ) (256 671.660034 648 ) (256 607.660034 648 ) 
4 64 65 (256 671.660034 1152 ) (256 736 1152 ) (256 736 640 ) (256 671.660034 640 ) 
4 64 67 (256 416 640 ) (256 416 1152 ) (256 607.660034 1152 ) (256 607.660034 640 ) 
4 65 66 (128 671.660034 1152 ) (128 671.660034 648 ) (256 671.660034 648 ) (256 671.660034 1152 ) 
4 65 68 (128 671.660034 1152 ) (128 736 1152 ) (128 736 640 ) (128 671.660034 640 ) 
4 66 68 (128 607.660034 1152 ) (128 671.660034 1152 ) (128 671.660034 648 ) (128 607.660034 648 ) 
4 66 67 (128 607.660034 1152 ) (128 607.660034 648 ) (256 607.660034 648 ) (256 607.660034 1152 ) 
4 67 76 (256 607.660034 640 ) (256 416 640 ) (224 416 640 ) (224 607.660034 640 ) 
4 67 75 (128 416 640 ) (256 416 640 ) (256 416 1152 ) (128 416 1152 ) 
4 67 68 (128 416 640 ) (128 416 1152 ) (128 607.660034 1152 ) (128 607.660034 640 ) 
4 68 134 (0 704 640 ) (0 416 640 ) (0 416 768 ) (0 704 768 ) 
4 68 133 (0 736 768 ) (0 736 640 ) (0 704 640 ) (0 704 768 ) 
4 68 126 (0 448 768 ) (0 416 768 ) (0 416 896 ) (0 448 896 ) 
4 68 124 (0 704 768 ) (0 448 768 ) (0 448 896 ) (0 704 896 ) 
4 68 121 (0 736 896 ) (0 736 768 ) (0 704 768 ) (0 704 896 ) 
4 68 111 (0 448 896 ) (0 416 896 ) (0 416 1152 ) (0 448 1152 ) 
4 68 109 (0 704 896 ) (0 448 896 ) (0 448 1152 ) (0 704 1152 ) 
4 68 75 (0 416 1152 ) (0 416 640 ) (128 416 640 ) (128 416 1152 ) 
4 69 173 (512 0 1376 ) (512 0 1664 ) (288 0 1664 ) (288 0 1376 ) 
4 69 71 (288 416 1664 ) (288 416 1376 ) (288 320 1376 ) (288 320 1664 ) 
4 69 72 (288 320 1376 ) (288 0 1376 ) (288 0 1664 ) (288 320 1664 ) 
4 70 251 (320 0 768 ) (288 0 768 ) (288 0 640 ) (320 0 640 ) 
4 70 250 (384 0 768 ) (320 0 768 ) (320 0 640 ) (384 0 640 ) 
4 70 249 (512 0 640 ) (512 0 768 ) (384 0 768 ) (384 0 640 ) 
4 70 237 (512 0 768 ) (512 0 896 ) (288 0 896 ) (288 0 768 ) 
4 70 216 (512 0 896 ) (512 0 1024 ) (320 0 1024 ) (320 0 896 ) 
4 70 219 (320 0 1024 ) (288 0 1024 ) (288 0 896 ) (320 0 896 ) 
4 70 174 (512 0 1024 ) (512 0 1152 ) (288 0 1152 ) (288 0 1024 ) 
4 70 76 (288 416 640 ) (512 416 640 ) (512 32 640 ) (288 32 640 ) 
4 70 74 (288 416 1152 ) (288 416 640 ) (288 0 640 ) (288 0 1152 ) 
4 71 90 (0 320 1664 ) (0 416 1664 ) (0 416 1376 ) (0 320 1376 ) 
4 71 72 (288 320 1376 ) (288 320 1664 ) (0 320 1664 ) (0 320 1376 ) 
4 72 205 (0 0 1664 ) (0 0 1360 ) (256 0 1360 ) (256 0 1664 ) 
4 72 203 (256 0 1360 ) (288 0 1360 ) (288 0 1376 ) (256 0 1376 ) 
4 72 202 (288 0 1376 ) (288 0 1664 ) (256 0 1664 ) (256 0 1376 ) 
4 72 91 (0 0 1360 ) (0 0 1376 ) (0 320 1376 ) (0 320 1360 ) 
4 72 90 (0 0 1376 ) (0 0 1664 ) (0 320 1664 ) (0 320 1376 ) 
4 72 73 (256 0 1360 ) (0 0 1360 ) (0 256 1360 ) (256 256 1360 ) 
4 73 207 (0 0 1360 ) (0 0 1344 ) (256 0 1344 ) (256 0 1360 ) 
4 73 94 (0 0 1344 ) (0 0 1360 ) (0 128 1360 ) (0 128 1344 ) 
4 73 93 (0 128 1360 ) (0 256 1360 ) (0 256 1344 ) (0 128 1344 ) 
4 73 75 (0 0 1344 ) (0 256 1344 ) (256 256 1344 ) (256 0 1344 ) 
4 74 251 (256 0 640 ) (288 0 640 ) (288 0 768 ) (256 0 768 ) 
4 74 237 (288 0 768 ) (288 0 896 ) (256 0 896 ) (256 0 768 ) 
4 74 219 (288 0 896 ) (288 0 1024 ) (256 0 1024 ) (256 0 896 ) 
4 74 204 (288 0 1024 ) (288 0 1152 ) (256 0 1152 ) (256 0 1024 ) 
4 74 76 (256 416 640 ) (288 416 640 ) (288 32 640 ) (256 32 640 ) 
4 74 75 (256 416 1152 ) (256 416 640 ) (256 0 640 ) (256 0 1152 ) 
4 75 253 (0 0 768 ) (0 0 640 ) (64 0 640 ) (64 0 768 ) 
4 75 252 (64 0 640 ) (256 0 640 ) (256 0 768 ) (64 0 768 ) 
4 75 237 (0 0 896 ) (0 0 768 ) (256 0 768 ) (256 0 896 ) 
4 75 219 (0 0 1024 ) (0 0 896 ) (256 0 896 ) (256 0 1024 ) 
4 75 208 (0 0 1344 ) (0 0 1024 ) (256 0 1024 ) (256 0 1344 ) 
4 75 138 (0 384 656 ) (0 384 640 ) (0 224 640 ) (0 224 656 ) 
4 75 137 (0 224 768 ) (0 384 768 ) (0 384 656 ) (0 224 656 ) 
4 75 140 (0 0 640 ) (0 0 768 ) (0 224 768 ) (0 224 640 ) 
4 75 134 (0 384 768 ) (0 416 768 ) (0 416 640 ) (0 384 640 ) 
4 75 127 (0 0 768 ) (0 0 896 ) (0 192 896 ) (0 192 768 ) 
4 75 126 (0 192 896 ) (0 416 896 ) (0 416 768 ) (0 192 768 ) 
4 75 112 (0 0 896 ) (0 0 1152 ) (0 192 1152 ) (0 192 896 ) 
4 75 111 (0 192 1152 ) (0 416 1152 ) (0 416 896 ) (0 192 896 ) 
4 75 103 (0 0 1152 ) (0 0 1280 ) (0 416 1280 ) (0 416 1152 ) 
4 75 96 (0 0 1280 ) (0 0 1344 ) (0 416 1344 ) (0 416 1280 ) 
4 75 77 (0 256 640 ) (0 384 640 ) (192 384 640 ) (192 256 640 ) 
4 75 76 (224 416 640 ) (256 416 640 ) (256 32 640 ) (224 32 640 ) 
4 76 78 (512 608 608 ) (512 32 608 ) (224 32 608 ) (224 608 608 ) 
4 77 157 (0 256 640 ) (0 384 640 ) (0 384 608 ) (0 256 608 ) 
4 77 83 (128 256 608 ) (0 256 608 ) (0 384 608 ) (128 384 608 ) 
4 77 81 (192 256 608 ) (128 256 608 ) (128 384 608 ) (192 384 608 ) 
4 78 79 (224 480 480 ) (224 160 480 ) (224 160 608 ) (224 480 608 ) 
4 79 80 (212 480 608 ) (212 480 480 ) (212 160 480 ) (212 160 608 ) 
4 80 81 (208 480 480 ) (208 160 480 ) (208 160 608 ) (208 480 608 ) 
4 81 85 (128 480 480 ) (128 160 480 ) (128 160 576 ) (128 480 576 ) 
4 81 83 (128 160 576 ) (128 160 608 ) (128 480 608 ) (128 480 576 ) 
4 82 158 (0 488 480 ) (0 480 480 ) (0 480 512 ) (0 488 512 ) 
4 82 85 (0 480 480 ) (128 480 480 ) (128 480 512 ) (0 480 512 ) 
4 83 159 (0 160 608 ) (0 480 608 ) (0 480 576 ) (0 160 576 ) 
4 83 85 (0 480 576 ) (128 480 576 ) (128 160 576 ) (0 160 576 ) 
4 83 84 (0 160 576 ) (128 160 576 ) (128 160 608 ) (0 160 608 ) 
4 84 160 (0 152 608 ) (0 160 608 ) (0 160 576 ) (0 152 576 ) 
4 85 161 (0 160 576 ) (0 480 576 ) (0 480 480 ) (0 160 480 ) 
4 86 167 (-1024 1024 768 ) (-1024 1024 1408 ) (-1024 1184 1408 ) (-1024 1184 768 ) 
4 86 120 (-1024 1024 832 ) (-1024 1024 768 ) (-608 1024 768 ) (-608 1024 832 ) 
4 86 117 (-1024 1024 896 ) (-1024 1024 832 ) (-608 1024 832 ) (-608 1024 896 ) 
4 86 108 (-1024 1024 1152 ) (-1024 1024 896 ) (-608 1024 896 ) (-608 1024 1152 ) 
4 86 106 (-1024 1024 1408 ) (-1024 1024 1152 ) (-608 1024 1152 ) (-608 1024 1408 ) 
4 86 88 (-1024 1024 768 ) (-1024 1184 768 ) (-608 1184 768 ) (-608 1024 768 ) 
4 87 129 (-192 1024 768 ) (-256 1024 768 ) (-256 1024 640 ) (-192 1024 640 ) 
4 88 167 (-1024 1024 640 ) (-1024 1024 768 ) (-1024 1184 768 ) (-1024 1184 640 ) 
4 88 153 (-608 1024 768 ) (-1024 1024 768 ) (-1024 1024 640 ) (-608 1024 640 ) 
4 88 89 (-608 1024 640 ) (-1024 1024 640 ) (-1024 1184 640 ) (-608 1184 640 ) 
4 89 167 (-1024 1024 -256 ) (-1024 1024 640 ) (-1024 1184 640 ) (-1024 1184 -256 ) 
4 89 166 (-608 1024 -256 ) (-608 1024 512 ) (-1024 1024 512 ) (-1024 1024 -256 ) 
4 89 163 (-608 1024 512 ) (-608 1024 640 ) (-1024 1024 640 ) (-1024 1024 512 ) 
4 90 269 (0 0 1376 ) (0 0 1664 ) (-432 0 1664 ) (-432 0 1376 ) 
4 90 91 (0 0 1376 ) (-432 0 1376 ) (-432 320 1376 ) (0 320 1376 ) 
4 91 269 (0 0 1360 ) (0 0 1376 ) (-432 0 1376 ) (-432 0 1360 ) 
4 91 94 (0 128 1360 ) (0 0 1360 ) (-192 0 1360 ) (-192 128 1360 ) 
4 91 93 (0 256 1360 ) (0 128 1360 ) (-256 128 1360 ) (-256 256 1360 ) 
4 92 99 (-512 672 1344 ) (-512 704 1344 ) (-32 704 1344 ) (-32 672 1344 ) 
4 92 96 (-32 704 1344 ) (0 704 1344 ) (0 672 1344 ) (-32 672 1344 ) 
4 93 99 (-256 256 1344 ) (-32 256 1344 ) (-32 128 1344 ) (-256 128 1344 ) 
4 93 96 (-32 256 1344 ) (0 256 1344 ) (0 128 1344 ) (-32 128 1344 ) 
4 93 94 (-192 128 1344 ) (0 128 1344 ) (0 128 1360 ) (-192 128 1360 ) 
4 94 271 (0 0 1344 ) (0 0 1360 ) (-64 0 1360 ) (-64 0 1344 ) 
4 94 99 (-32 0 1344 ) (-192 0 1344 ) (-192 128 1344 ) (-32 128 1344 ) 
4 94 96 (0 0 1344 ) (-32 0 1344 ) (-32 128 1344 ) (0 128 1344 ) 
4 95 272 (-512 0 1352 ) (-512 0 1344 ) (-480 0 1344 ) (-480 0 1352 ) 
4 95 99 (-480 0 1344 ) (-512 0 1344 ) (-512 192 1344 ) (-480 192 1344 ) 
4 96 273 (0 0 1280 ) (0 0 1344 ) (-32 0 1344 ) (-32 0 1280 ) 
4 96 103 (0 704 1280 ) (0 0 1280 ) (-32 0 1280 ) (-32 704 1280 ) 
4 96 99 (-32 704 1280 ) (-32 0 1280 ) (-32 0 1344 ) (-32 704 1344 ) 
4 97 104 (-32 768 1280 ) (-32 736 1280 ) (-288 736 1280 ) (-288 768 1280 ) 
4 97 101 (-32 784 1280 ) (-32 768 1280 ) (-128 768 1280 ) (-128 784 1280 ) 
4 97 100 (-128 848 1280 ) (-32 848 1280 ) (-32 784 1280 ) (-128 784 1280 ) 
4 97 102 (-288 848 1280 ) (-128 848 1280 ) (-128 768 1280 ) (-288 768 1280 ) 
4 97 98 (-288 736 1280 ) (-32 736 1280 ) (-32 736 1296 ) (-288 736 1296 ) 
4 98 104 (-288 736 1280 ) (-32 736 1280 ) (-32 720 1280 ) (-288 720 1280 ) 
4 99 279 (-160 0 1344 ) (-512 0 1344 ) (-512 0 1280 ) (-160 0 1280 ) 
4 99 273 (-32 0 1344 ) (-64 0 1344 ) (-64 0 1280 ) (-32 0 1280 ) 
4 99 276 (-64 0 1344 ) (-160 0 1344 ) (-160 0 1280 ) (-64 0 1280 ) 
4 99 105 (-512 0 1280 ) (-512 704 1280 ) (-288 704 1280 ) (-288 0 1280 ) 
4 99 104 (-288 704 1280 ) (-32 704 1280 ) (-32 0 1280 ) (-288 0 1280 ) 
4 100 101 (-128 784 1280 ) (-128 784 1168 ) (-32 784 1168 ) (-32 784 1280 ) 
4 100 102 (-128 848 1280 ) (-128 848 1152 ) (-128 784 1152 ) (-128 784 1280 ) 
4 101 104 (-32 768 1168 ) (-32 768 1280 ) (-128 768 1280 ) (-128 768 1168 ) 
4 101 102 (-128 768 1168 ) (-128 768 1280 ) (-128 784 1280 ) (-128 784 1168 ) 
4 102 104 (-288 768 1280 ) (-288 768 1152 ) (-128 768 1152 ) (-128 768 1280 ) 
4 103 273 (0 0 1152 ) (0 0 1280 ) (-32 0 1280 ) (-32 0 1152 ) 
4 103 112 (0 0 1152 ) (-32 0 1152 ) (-32 192 1152 ) (0 192 1152 ) 
4 103 111 (-32 192 1152 ) (-32 448 1152 ) (0 448 1152 ) (0 192 1152 ) 
4 103 109 (-32 448 1152 ) (-32 704 1152 ) (0 704 1152 ) (0 448 1152 ) 
4 103 104 (-32 704 1152 ) (-32 0 1152 ) (-32 0 1280 ) (-32 704 1280 ) 
4 104 279 (-160 0 1280 ) (-288 0 1280 ) (-288 0 1152 ) (-160 0 1152 ) 
4 104 273 (-32 0 1280 ) (-64 0 1280 ) (-64 0 1152 ) (-32 0 1152 ) 
4 104 276 (-64 0 1280 ) (-160 0 1280 ) (-160 0 1152 ) (-64 0 1152 ) 
4 104 112 (-32 0 1152 ) (-288 0 1152 ) (-288 192 1152 ) (-32 192 1152 ) 
4 104 111 (-288 192 1152 ) (-288 448 1152 ) (-32 448 1152 ) (-32 192 1152 ) 
4 104 109 (-288 448 1152 ) (-288 704 1152 ) (-32 704 1152 ) (-32 448 1152 ) 
4 104 105 (-288 704 1152 ) (-288 0 1152 ) (-288 0 1280 ) (-288 704 1280 ) 
4 105 279 (-288 0 1280 ) (-512 0 1280 ) (-512 0 1152 ) (-288 0 1152 ) 
4 105 112 (-288 0 1152 ) (-512 0 1152 ) (-512 192 1152 ) (-288 192 1152 ) 
4 105 111 (-512 192 1152 ) (-512 448 1152 ) (-288 448 1152 ) (-288 192 1152 ) 
4 105 109 (-512 448 1152 ) (-512 704 1152 ) (-288 704 1152 ) (-288 448 1152 ) 
4 106 168 (-1024 1024 1408 ) (-1024 1024 1152 ) (-1024 672 1152 ) (-1024 672 1408 ) 
4 106 110 (-1024 672 1152 ) (-1024 704 1152 ) (-608 704 1152 ) (-608 672 1152 ) 
4 106 108 (-1024 704 1152 ) (-1024 1024 1152 ) (-608 1024 1152 ) (-608 704 1152 ) 
4 107 111 (-784 272 1152 ) (-784 368 1152 ) (-688 368 1152 ) (-688 272 1152 ) 
4 108 168 (-1024 704 1152 ) (-1024 1024 1152 ) (-1024 1024 896 ) (-1024 704 896 ) 
4 108 123 (-1024 704 896 ) (-1024 832 896 ) (-608 832 896 ) (-608 704 896 ) 
4 108 117 (-1024 832 896 ) (-1024 1024 896 ) (-608 1024 896 ) (-608 832 896 ) 
4 108 110 (-1024 704 896 ) (-608 704 896 ) (-608 704 1152 ) (-1024 704 1152 ) 
4 109 124 (-512 704 896 ) (0 704 896 ) (0 448 896 ) (-512 448 896 ) 
4 109 111 (-512 448 896 ) (0 448 896 ) (0 448 1152 ) (-512 448 1152 ) 
4 110 168 (-1024 672 1152 ) (-1024 704 1152 ) (-1024 704 896 ) (-1024 672 896 ) 
4 110 125 (-1024 672 896 ) (-1024 704 896 ) (-608 704 896 ) (-608 672 896 ) 
4 111 126 (-832 192 896 ) (-832 448 896 ) (0 448 896 ) (0 192 896 ) 
4 111 114 (-832 448 1152 ) (-832 448 896 ) (-832 416 896 ) (-832 416 1152 ) 
4 111 113 (-832 192 1152 ) (-832 192 1120 ) (-576 192 1120 ) (-576 192 1152 ) 
4 111 112 (-512 192 896 ) (0 192 896 ) (0 192 1152 ) (-512 192 1152 ) 
4 112 279 (-160 0 1152 ) (-512 0 1152 ) (-512 0 896 ) (-160 0 896 ) 
4 112 273 (0 0 896 ) (0 0 1152 ) (-64 0 1152 ) (-64 0 896 ) 
4 112 276 (-64 0 1152 ) (-160 0 1152 ) (-160 0 896 ) (-64 0 896 ) 
4 112 127 (0 0 896 ) (-512 0 896 ) (-512 192 896 ) (0 192 896 ) 
4 114 128 (-840 448 896 ) (-832 448 896 ) (-832 416 896 ) (-840 416 896 ) 
4 115 121 (0 832 832 ) (0 832 896 ) (-128 832 896 ) (-128 832 832 ) 
4 115 118 (0 832 832 ) (-256 832 832 ) (-256 1024 832 ) (0 1024 832 ) 
4 116 119 (-416 864 832 ) (-416 992 832 ) (-352 992 832 ) (-352 864 832 ) 
4 117 168 (-1024 832 896 ) (-1024 1024 896 ) (-1024 1024 832 ) (-1024 832 832 ) 
4 117 123 (-608 832 896 ) (-1024 832 896 ) (-1024 832 832 ) (-608 832 832 ) 
4 117 120 (-608 832 832 ) (-1024 832 832 ) (-1024 1024 832 ) (-608 1024 832 ) 
4 118 129 (0 1024 768 ) (0 832 768 ) (-256 832 768 ) (-256 1024 768 ) 
4 118 121 (-128 832 768 ) (0 832 768 ) (0 832 832 ) (-128 832 832 ) 
4 119 151 (-384 832 768 ) (-416 832 768 ) (-416 864 768 ) (-384 864 768 ) 
4 119 150 (-416 864 768 ) (-416 992 768 ) (-384 992 768 ) (-384 864 768 ) 
4 119 149 (-416 992 768 ) (-416 1024 768 ) (-384 1024 768 ) (-384 992 768 ) 
4 119 146 (-352 832 768 ) (-384 832 768 ) (-384 1024 768 ) (-352 1024 768 ) 
4 120 168 (-1024 1024 832 ) (-1024 1024 768 ) (-1024 832 768 ) (-1024 832 832 ) 
4 120 153 (-608 832 768 ) (-1024 832 768 ) (-1024 1024 768 ) (-608 1024 768 ) 
4 120 123 (-1024 832 768 ) (-608 832 768 ) (-608 832 832 ) (-1024 832 832 ) 
4 121 133 (0 768 768 ) (0 704 768 ) (-128 704 768 ) (-128 768 768 ) 
4 121 132 (0 832 768 ) (0 768 768 ) (-128 768 768 ) (-128 832 768 ) 
4 121 124 (-128 704 768 ) (0 704 768 ) (0 704 896 ) (-128 704 896 ) 
4 121 122 (-128 768 768 ) (-128 704 768 ) (-128 704 896 ) (-128 768 896 ) 
4 122 133 (-128 704 768 ) (-192 704 768 ) (-192 768 768 ) (-128 768 768 ) 
4 122 124 (-192 704 768 ) (-128 704 768 ) (-128 704 896 ) (-192 704 896 ) 
4 123 168 (-1024 704 896 ) (-1024 832 896 ) (-1024 832 768 ) (-1024 704 768 ) 
4 123 153 (-608 704 768 ) (-1024 704 768 ) (-1024 832 768 ) (-608 832 768 ) 
4 123 125 (-1024 704 768 ) (-608 704 768 ) (-608 704 896 ) (-1024 704 896 ) 
4 124 152 (-384 448 768 ) (-512 448 768 ) (-512 704 768 ) (-384 704 768 ) 
4 124 148 (-352 448 768 ) (-384 448 768 ) (-384 704 768 ) (-352 704 768 ) 
4 124 145 (-320 448 768 ) (-352 448 768 ) (-352 704 768 ) (-320 704 768 ) 
4 124 142 (-288 448 768 ) (-320 448 768 ) (-320 704 768 ) (-288 704 768 ) 
4 124 135 (-160 448 768 ) (-288 448 768 ) (-288 704 768 ) (-160 704 768 ) 
4 124 134 (0 704 768 ) (0 448 768 ) (-160 448 768 ) (-160 704 768 ) 
4 124 126 (-512 448 768 ) (0 448 768 ) (0 448 896 ) (-512 448 896 ) 
4 125 168 (-1024 672 896 ) (-1024 704 896 ) (-1024 704 768 ) (-1024 672 768 ) 
4 125 153 (-1024 672 768 ) (-1024 704 768 ) (-608 704 768 ) (-608 672 768 ) 
4 126 155 (-832 288 768 ) (-832 352 768 ) (-704 352 768 ) (-704 288 768 ) 
4 126 154 (-352 192 768 ) (-672 192 768 ) (-672 448 768 ) (-352 448 768 ) 
4 126 145 (-320 192 768 ) (-352 192 768 ) (-352 448 768 ) (-320 448 768 ) 
4 126 142 (-288 192 768 ) (-320 192 768 ) (-320 448 768 ) (-288 448 768 ) 
4 126 137 (0 384 768 ) (0 224 768 ) (-288 224 768 ) (-288 384 768 ) 
4 126 140 (0 224 768 ) (0 192 768 ) (-288 192 768 ) (-288 224 768 ) 
4 126 136 (-160 384 768 ) (-288 384 768 ) (-288 416 768 ) (-160 416 768 ) 
4 126 135 (-288 416 768 ) (-288 448 768 ) (-160 448 768 ) (-160 416 768 ) 
4 126 134 (0 448 768 ) (0 384 768 ) (-160 384 768 ) (-160 448 768 ) 
4 126 128 (-832 448 896 ) (-832 448 768 ) (-832 416 768 ) (-832 416 896 ) 
4 126 127 (-512 192 768 ) (0 192 768 ) (0 192 896 ) (-512 192 896 ) 
4 127 279 (-160 0 896 ) (-512 0 896 ) (-512 0 768 ) (-160 0 768 ) 
4 127 273 (0 0 768 ) (0 0 896 ) (-64 0 896 ) (-64 0 768 ) 
4 127 276 (-64 0 896 ) (-160 0 896 ) (-160 0 768 ) (-64 0 768 ) 
4 127 156 (-352 0 768 ) (-512 0 768 ) (-512 192 768 ) (-352 192 768 ) 
4 127 145 (-320 0 768 ) (-352 0 768 ) (-352 192 768 ) (-320 192 768 ) 
4 127 142 (-288 0 768 ) (-320 0 768 ) (-320 192 768 ) (-288 192 768 ) 
4 127 140 (0 192 768 ) (0 0 768 ) (-288 0 768 ) (-288 192 768 ) 
4 129 132 (-128 832 640 ) (0 832 640 ) (0 832 768 ) (-128 832 768 ) 
4 129 130 (-273 1024 640 ) (-273 832 640 ) (-273 832 768 ) (-273 1024 768 ) 
4 130 131 (-274 1024 640 ) (-274 832 640 ) (-274 832 768 ) (-274 1024 768 ) 
4 131 141 (-288 992 640 ) (-288 864 640 ) (-288 864 768 ) (-288 992 768 ) 
4 132 133 (-128 768 640 ) (0 768 640 ) (0 768 768 ) (-128 768 768 ) 
4 133 135 (-192 704 640 ) (-160 704 640 ) (-160 704 768 ) (-192 704 768 ) 
4 133 134 (-160 704 640 ) (0 704 640 ) (0 704 768 ) (-160 704 768 ) 
4 134 138 (-160 384 640 ) (0 384 640 ) (0 384 656 ) (-160 384 656 ) 
4 134 137 (0 384 656 ) (0 384 768 ) (-160 384 768 ) (-160 384 656 ) 
4 134 136 (-160 384 656 ) (-160 384 768 ) (-160 416 768 ) (-160 416 656 ) 
4 134 135 (-160 704 768 ) (-160 704 640 ) (-160 416 640 ) (-160 416 768 ) 
4 135 142 (-288 704 640 ) (-288 416 640 ) (-288 416 768 ) (-288 704 768 ) 
4 135 136 (-288 416 768 ) (-288 416 656 ) (-160 416 656 ) (-160 416 768 ) 
4 136 142 (-288 384 656 ) (-288 384 768 ) (-288 416 768 ) (-288 416 656 ) 
4 136 137 (-288 384 768 ) (-288 384 656 ) (-160 384 656 ) (-160 384 768 ) 
4 137 142 (-288 224 656 ) (-288 224 768 ) (-288 384 768 ) (-288 384 656 ) 
4 137 139 (-192 224 656 ) (-256 224 656 ) (-256 384 656 ) (-192 384 656 ) 
4 137 138 (0 224 656 ) (-160 224 656 ) (-160 384 656 ) (0 384 656 ) 
4 137 140 (-288 224 768 ) (-288 224 656 ) (0 224 656 ) (0 224 768 ) 
4 138 157 (-128 384 640 ) (0 384 640 ) (0 256 640 ) (-128 256 640 ) 
4 138 140 (-160 224 640 ) (0 224 640 ) (0 224 656 ) (-160 224 656 ) 
4 139 140 (-256 224 640 ) (-192 224 640 ) (-192 224 656 ) (-256 224 656 ) 
4 140 279 (-160 0 768 ) (-288 0 768 ) (-288 0 640 ) (-160 0 640 ) 
4 140 273 (0 0 640 ) (0 0 768 ) (-64 0 768 ) (-64 0 640 ) 
4 140 276 (-64 0 768 ) (-160 0 768 ) (-160 0 640 ) (-64 0 640 ) 
4 140 142 (-288 224 640 ) (-288 0 640 ) (-288 0 768 ) (-288 224 768 ) 
4 141 143 (-320 992 640 ) (-320 864 640 ) (-320 864 768 ) (-320 992 768 ) 
4 142 279 (-288 0 768 ) (-320 0 768 ) (-320 0 640 ) (-288 0 640 ) 
4 142 145 (-320 704 640 ) (-320 0 640 ) (-320 0 768 ) (-320 704 768 ) 
4 143 146 (-352 992 640 ) (-352 864 640 ) (-352 864 768 ) (-352 992 768 ) 
4 144 147 (-352 712 640 ) (-352 704 640 ) (-352 704 768 ) (-352 712 768 ) 
4 144 145 (-352 704 768 ) (-352 704 640 ) (-320 704 640 ) (-320 704 768 ) 
4 145 279 (-320 0 768 ) (-352 0 768 ) (-352 0 640 ) (-320 0 640 ) 
4 145 156 (-352 192 640 ) (-352 0 640 ) (-352 0 768 ) (-352 192 768 ) 
4 145 154 (-352 448 640 ) (-352 192 640 ) (-352 192 768 ) (-352 448 768 ) 
4 145 148 (-352 704 640 ) (-352 448 640 ) (-352 448 768 ) (-352 704 768 ) 
4 146 151 (-384 864 640 ) (-384 832 640 ) (-384 832 768 ) (-384 864 768 ) 
4 146 150 (-384 992 640 ) (-384 864 640 ) (-384 864 768 ) (-384 992 768 ) 
4 146 149 (-384 1024 640 ) (-384 992 640 ) (-384 992 768 ) (-384 1024 768 ) 
4 147 148 (-384 704 768 ) (-384 704 640 ) (-352 704 640 ) (-352 704 768 ) 
4 148 154 (-384 448 640 ) (-352 448 640 ) (-352 448 768 ) (-384 448 768 ) 
4 148 152 (-384 704 640 ) (-384 448 640 ) (-384 448 768 ) (-384 704 768 ) 
4 149 150 (-416 992 640 ) (-384 992 640 ) (-384 992 768 ) (-416 992 768 ) 
4 150 162 (-416 864 640 ) (-608 864 640 ) (-608 992 640 ) (-416 992 640 ) 
4 150 153 (-608 992 640 ) (-608 864 640 ) (-608 864 768 ) (-608 992 768 ) 
4 150 151 (-416 864 640 ) (-384 864 640 ) (-384 864 768 ) (-416 864 768 ) 
4 152 154 (-512 448 640 ) (-384 448 640 ) (-384 448 768 ) (-512 448 768 ) 
4 153 168 (-1024 672 768 ) (-1024 1024 768 ) (-1024 1024 640 ) (-1024 672 640 ) 
4 153 164 (-1024 672 640 ) (-1024 832 640 ) (-608 832 640 ) (-608 672 640 ) 
4 153 163 (-1024 832 640 ) (-1024 1024 640 ) (-608 1024 640 ) (-608 832 640 ) 
4 154 156 (-512 192 640 ) (-352 192 640 ) (-352 192 768 ) (-512 192 768 ) 
4 156 279 (-352 0 768 ) (-512 0 768 ) (-512 0 640 ) (-352 0 640 ) 
4 157 159 (-128 256 608 ) (-128 384 608 ) (0 384 608 ) (0 256 608 ) 
4 158 161 (-128 480 480 ) (0 480 480 ) (0 480 512 ) (-128 480 512 ) 
4 159 161 (-128 160 576 ) (-128 480 576 ) (0 480 576 ) (0 160 576 ) 
4 159 160 (-128 160 576 ) (0 160 576 ) (0 160 608 ) (-128 160 608 ) 
4 161 165 (-128 480 512 ) (-128 480 480 ) (-128 224 480 ) (-128 224 512 ) 
4 162 163 (-608 992 512 ) (-608 864 512 ) (-608 864 640 ) (-608 992 640 ) 
4 163 168 (-1024 832 640 ) (-1024 1024 640 ) (-1024 1024 512 ) (-1024 832 512 ) 
4 163 166 (-1024 832 512 ) (-1024 1024 512 ) (-608 1024 512 ) (-608 832 512 ) 
4 163 164 (-1024 832 512 ) (-608 832 512 ) (-608 832 640 ) (-1024 832 640 ) 
4 164 168 (-1024 672 640 ) (-1024 832 640 ) (-1024 832 512 ) (-1024 672 512 ) 
4 164 166 (-1024 672 512 ) (-1024 832 512 ) (-608 832 512 ) (-608 672 512 ) 
4 166 168 (-1024 672 -256 ) (-1024 672 512 ) (-1024 1024 512 ) (-1024 1024 -256 ) 
4 167 168 (-1024 1024 -256 ) (-1024 1024 1408 ) (-1184 1024 1408 ) (-1184 1024 -256 ) 
4 169 256 (1024 -656 0 ) (1024 -656 640 ) (1024 -544 640 ) (1024 -544 0 ) 
4 169 248 (1024 -656 640 ) (1024 -656 768 ) (1024 -544 768 ) (1024 -544 640 ) 
4 169 242 (1024 -656 768 ) (1024 -656 896 ) (1024 -544 896 ) (1024 -544 768 ) 
4 169 224 (1024 -656 896 ) (1024 -656 1024 ) (1024 -544 1024 ) (1024 -544 896 ) 
4 169 180 (1024 -656 1024 ) (1024 -656 1664 ) (1024 -544 1664 ) (1024 -544 1024 ) 
4 169 171 (1024 -656 1184 ) (1024 -656 0 ) (1040 -656 0 ) (1040 -656 1184 ) 
4 169 170 (1152 -656 1664 ) (1040 -656 1664 ) (1040 -656 0 ) (1152 -656 0 ) 
4 170 172 (1040 -944 0 ) (1152 -944 0 ) (1152 -944 1664 ) (1040 -944 1664 ) 
4 170 171 (1040 -656 1184 ) (1040 -656 0 ) (1040 -944 0 ) (1040 -944 1184 ) 
4 171 256 (1024 -944 0 ) (1024 -944 640 ) (1024 -656 640 ) (1024 -656 0 ) 
4 171 248 (1024 -944 640 ) (1024 -944 768 ) (1024 -656 768 ) (1024 -656 640 ) 
4 171 242 (1024 -944 768 ) (1024 -944 896 ) (1024 -656 896 ) (1024 -656 768 ) 
4 171 234 (1024 -944 896 ) (1024 -944 1024 ) (1024 -896 1024 ) (1024 -896 896 ) 
4 171 231 (1024 -896 1024 ) (1024 -864 1024 ) (1024 -864 896 ) (1024 -896 896 ) 
4 171 229 (1024 -864 1024 ) (1024 -736 1024 ) (1024 -736 896 ) (1024 -864 896 ) 
4 171 225 (1024 -736 1024 ) (1024 -704 1024 ) (1024 -704 896 ) (1024 -736 896 ) 
4 171 224 (1024 -704 1024 ) (1024 -656 1024 ) (1024 -656 896 ) (1024 -704 896 ) 
4 171 189 (1024 -944 1024 ) (1024 -944 1184 ) (1024 -928 1184 ) (1024 -928 1024 ) 
4 171 187 (1024 -928 1184 ) (1024 -672 1184 ) (1024 -672 1024 ) (1024 -928 1024 ) 
4 171 186 (1024 -672 1184 ) (1024 -656 1184 ) (1024 -656 1024 ) (1024 -672 1024 ) 
4 171 172 (1024 -944 1184 ) (1024 -944 0 ) (1040 -944 0 ) (1040 -944 1184 ) 
4 172 261 (1152 -1024 1664 ) (1024 -1024 1664 ) (1024 -1024 0 ) (1152 -1024 0 ) 
4 172 256 (1024 -1024 0 ) (1024 -1024 640 ) (1024 -944 640 ) (1024 -944 0 ) 
4 172 248 (1024 -1024 640 ) (1024 -1024 768 ) (1024 -944 768 ) (1024 -944 640 ) 
4 172 242 (1024 -1024 768 ) (1024 -1024 896 ) (1024 -944 896 ) (1024 -944 768 ) 
4 172 234 (1024 -1024 896 ) (1024 -1024 1024 ) (1024 -944 1024 ) (1024 -944 896 ) 
4 172 190 (1024 -1024 1024 ) (1024 -1024 1664 ) (1024 -944 1664 ) (1024 -944 1024 ) 
4 173 202 (288 -288 1376 ) (288 -288 1664 ) (288 0 1664 ) (288 0 1376 ) 
4 173 179 (288 -288 1664 ) (288 -288 1376 ) (320 -288 1376 ) (320 -288 1664 ) 
4 173 176 (320 -288 1376 ) (592 -288 1376 ) (592 -288 1664 ) (320 -288 1664 ) 
4 174 216 (320 0 1024 ) (512 0 1024 ) (512 -96 1024 ) (320 -96 1024 ) 
4 174 219 (288 -96 1024 ) (288 0 1024 ) (320 0 1024 ) (320 -96 1024 ) 
4 174 204 (288 0 1024 ) (288 -96 1024 ) (288 -96 1152 ) (288 0 1152 ) 
4 175 214 (704 -288 1024 ) (672 -288 1024 ) (672 -160 1024 ) (704 -160 1024 ) 
4 176 179 (320 -288 1664 ) (320 -288 1376 ) (320 -416 1376 ) (320 -416 1664 ) 
4 176 177 (320 -416 1664 ) (320 -416 1376 ) (592 -416 1376 ) (592 -416 1664 ) 
4 177 182 (592 -448 1664 ) (320 -448 1664 ) (320 -448 1376 ) (592 -448 1376 ) 
4 177 179 (320 -448 1376 ) (320 -448 1664 ) (320 -416 1664 ) (320 -416 1376 ) 
4 178 217 (512 -448 1024 ) (320 -448 1024 ) (320 -416 1024 ) (512 -416 1024 ) 
4 178 215 (576 -448 1024 ) (512 -448 1024 ) (512 -416 1024 ) (576 -416 1024 ) 
4 178 214 (704 -448 1024 ) (576 -448 1024 ) (576 -416 1024 ) (704 -416 1024 ) 
4 179 202 (288 -448 1376 ) (288 -448 1664 ) (288 -288 1664 ) (288 -288 1376 ) 
4 179 182 (288 -448 1664 ) (288 -448 1376 ) (320 -448 1376 ) (320 -448 1664 ) 
4 180 224 (1024 -544 1024 ) (1024 -656 1024 ) (608 -656 1024 ) (608 -544 1024 ) 
4 180 199 (608 -656 1024 ) (752 -656 1024 ) (752 -656 1088 ) (608 -656 1088 ) 
4 180 191 (752 -656 1088 ) (752 -656 1664 ) (608 -656 1664 ) (608 -656 1088 ) 
4 180 186 (752 -656 1024 ) (1024 -656 1024 ) (1024 -656 1184 ) (752 -656 1184 ) 
4 180 181 (608 -544 1024 ) (608 -656 1024 ) (608 -656 1360 ) (608 -544 1360 ) 
4 181 224 (608 -656 1024 ) (592 -656 1024 ) (592 -544 1024 ) (608 -544 1024 ) 
4 181 199 (592 -656 1024 ) (608 -656 1024 ) (608 -656 1088 ) (592 -656 1088 ) 
4 181 192 (608 -656 1088 ) (608 -656 1360 ) (592 -656 1360 ) (592 -656 1088 ) 
4 181 185 (592 -656 1024 ) (592 -656 1360 ) (592 -544 1360 ) (592 -544 1024 ) 
4 182 202 (288 -480 1376 ) (288 -480 1664 ) (288 -448 1664 ) (288 -448 1376 ) 
4 182 183 (512 -480 1664 ) (288 -480 1664 ) (288 -480 1376 ) (512 -480 1376 ) 
4 183 202 (288 -544 1376 ) (288 -544 1664 ) (288 -480 1664 ) (288 -480 1376 ) 
4 183 184 (512 -544 1664 ) (288 -544 1664 ) (288 -544 1376 ) (512 -544 1376 ) 
4 184 202 (288 -656 1376 ) (288 -656 1664 ) (288 -544 1664 ) (288 -544 1376 ) 
4 184 195 (288 -656 1664 ) (288 -656 1376 ) (384 -656 1376 ) (384 -656 1664 ) 
4 184 193 (384 -656 1376 ) (512 -656 1376 ) (512 -656 1664 ) (384 -656 1664 ) 
4 185 224 (592 -656 1024 ) (576 -656 1024 ) (576 -544 1024 ) (592 -544 1024 ) 
4 185 199 (576 -656 1024 ) (592 -656 1024 ) (592 -656 1088 ) (576 -656 1088 ) 
4 185 194 (592 -656 1088 ) (592 -656 1360 ) (576 -656 1360 ) (576 -656 1088 ) 
4 186 224 (1024 -656 1024 ) (1024 -672 1024 ) (752 -672 1024 ) (752 -656 1024 ) 
4 186 199 (752 -656 1088 ) (752 -656 1024 ) (752 -672 1024 ) (752 -672 1088 ) 
4 186 191 (752 -656 1184 ) (752 -656 1088 ) (752 -672 1088 ) (752 -672 1184 ) 
4 186 188 (752 -672 1184 ) (752 -672 1024 ) (768 -672 1024 ) (768 -672 1184 ) 
4 186 187 (768 -672 1024 ) (1024 -672 1024 ) (1024 -672 1184 ) (768 -672 1184 ) 
4 187 234 (1024 -896 1024 ) (1024 -928 1024 ) (768 -928 1024 ) (768 -896 1024 ) 
4 187 231 (1024 -864 1024 ) (1024 -896 1024 ) (768 -896 1024 ) (768 -864 1024 ) 
4 187 229 (1024 -736 1024 ) (1024 -864 1024 ) (768 -864 1024 ) (768 -736 1024 ) 
4 187 225 (1024 -704 1024 ) (1024 -736 1024 ) (768 -736 1024 ) (768 -704 1024 ) 
4 187 224 (1024 -672 1024 ) (1024 -704 1024 ) (768 -704 1024 ) (768 -672 1024 ) 
4 187 189 (768 -928 1024 ) (1024 -928 1024 ) (1024 -928 1184 ) (768 -928 1184 ) 
4 187 188 (768 -672 1184 ) (768 -672 1024 ) (768 -928 1024 ) (768 -928 1184 ) 
4 188 234 (768 -928 1024 ) (752 -928 1024 ) (752 -896 1024 ) (768 -896 1024 ) 
4 188 231 (752 -896 1024 ) (752 -864 1024 ) (768 -864 1024 ) (768 -896 1024 ) 
4 188 229 (752 -864 1024 ) (752 -736 1024 ) (768 -736 1024 ) (768 -864 1024 ) 
4 188 225 (752 -736 1024 ) (752 -704 1024 ) (768 -704 1024 ) (768 -736 1024 ) 
4 188 224 (752 -704 1024 ) (752 -672 1024 ) (768 -672 1024 ) (768 -704 1024 ) 
4 188 199 (752 -672 1024 ) (752 -928 1024 ) (752 -928 1088 ) (752 -672 1088 ) 
4 188 191 (752 -928 1088 ) (752 -928 1184 ) (752 -672 1184 ) (752 -672 1088 ) 
4 188 189 (752 -928 1184 ) (752 -928 1024 ) (768 -928 1024 ) (768 -928 1184 ) 
4 189 234 (1024 -928 1024 ) (1024 -944 1024 ) (752 -944 1024 ) (752 -928 1024 ) 
4 189 199 (752 -928 1024 ) (752 -944 1024 ) (752 -944 1088 ) (752 -928 1088 ) 
4 189 191 (752 -944 1088 ) (752 -944 1184 ) (752 -928 1184 ) (752 -928 1088 ) 
4 189 190 (752 -944 1184 ) (752 -944 1024 ) (1024 -944 1024 ) (1024 -944 1184 ) 
4 190 262 (752 -1024 1024 ) (1024 -1024 1024 ) (1024 -1024 1664 ) (752 -1024 1664 ) 
4 190 234 (1024 -944 1024 ) (1024 -1024 1024 ) (752 -1024 1024 ) (752 -944 1024 ) 
4 190 199 (752 -944 1024 ) (752 -1024 1024 ) (752 -1024 1088 ) (752 -944 1088 ) 
4 190 191 (752 -1024 1088 ) (752 -1024 1664 ) (752 -944 1664 ) (752 -944 1088 ) 
4 191 262 (752 -1024 1088 ) (752 -1024 1664 ) (608 -1024 1664 ) (608 -1024 1088 ) 
4 191 199 (608 -656 1088 ) (752 -656 1088 ) (752 -1024 1088 ) (608 -1024 1088 ) 
4 191 192 (608 -656 1088 ) (608 -1024 1088 ) (608 -1024 1360 ) (608 -656 1360 ) 
4 192 263 (592 -1024 1360 ) (592 -1024 1088 ) (608 -1024 1088 ) (608 -1024 1360 ) 
4 192 199 (592 -656 1088 ) (608 -656 1088 ) (608 -1024 1088 ) (592 -1024 1088 ) 
4 192 194 (592 -656 1088 ) (592 -1024 1088 ) (592 -1024 1360 ) (592 -656 1360 ) 
4 193 267 (512 -1024 1664 ) (384 -1024 1664 ) (384 -1024 1376 ) (512 -1024 1376 ) 
4 193 198 (384 -1024 1376 ) (384 -1024 1664 ) (384 -864 1664 ) (384 -864 1376 ) 
4 193 196 (384 -864 1664 ) (384 -736 1664 ) (384 -736 1376 ) (384 -864 1376 ) 
4 193 195 (384 -736 1664 ) (384 -656 1664 ) (384 -656 1376 ) (384 -736 1376 ) 
4 194 264 (576 -1024 1088 ) (592 -1024 1088 ) (592 -1024 1360 ) (576 -1024 1360 ) 
4 194 199 (576 -656 1088 ) (592 -656 1088 ) (592 -1024 1088 ) (576 -1024 1088 ) 
4 195 202 (288 -736 1664 ) (288 -656 1664 ) (288 -656 1376 ) (288 -736 1376 ) 
4 195 196 (384 -736 1376 ) (384 -736 1664 ) (288 -736 1664 ) (288 -736 1376 ) 
4 196 202 (288 -864 1664 ) (288 -736 1664 ) (288 -736 1376 ) (288 -864 1376 ) 
4 196 198 (384 -864 1376 ) (384 -864 1664 ) (288 -864 1664 ) (288 -864 1376 ) 
4 197 200 (320 -736 1088 ) (384 -736 1088 ) (384 -864 1088 ) (320 -864 1088 ) 
4 198 267 (384 -1024 1664 ) (288 -1024 1664 ) (288 -1024 1376 ) (384 -1024 1376 ) 
4 198 202 (288 -1024 1376 ) (288 -1024 1664 ) (288 -864 1664 ) (288 -864 1376 ) 
4 199 264 (576 -1024 1024 ) (592 -1024 1024 ) (592 -1024 1088 ) (576 -1024 1088 ) 
4 199 263 (592 -1024 1024 ) (608 -1024 1024 ) (608 -1024 1088 ) (592 -1024 1088 ) 
4 199 262 (608 -1024 1024 ) (752 -1024 1024 ) (752 -1024 1088 ) (608 -1024 1088 ) 
4 199 234 (752 -1024 1024 ) (576 -1024 1024 ) (576 -896 1024 ) (752 -896 1024 ) 
4 199 231 (576 -896 1024 ) (576 -864 1024 ) (752 -864 1024 ) (752 -896 1024 ) 
4 199 229 (576 -864 1024 ) (576 -736 1024 ) (752 -736 1024 ) (752 -864 1024 ) 
4 199 225 (576 -736 1024 ) (576 -704 1024 ) (752 -704 1024 ) (752 -736 1024 ) 
4 199 224 (576 -704 1024 ) (576 -656 1024 ) (752 -656 1024 ) (752 -704 1024 ) 
4 200 201 (384 -896 1086 ) (320 -896 1086 ) (320 -704 1086 ) (384 -704 1086 ) 
4 201 232 (320 -896 1024 ) (320 -864 1024 ) (384 -864 1024 ) (384 -896 1024 ) 
4 201 229 (320 -864 1024 ) (320 -736 1024 ) (384 -736 1024 ) (384 -864 1024 ) 
4 201 226 (320 -736 1024 ) (320 -704 1024 ) (384 -704 1024 ) (384 -736 1024 ) 
4 202 267 (288 -1024 1376 ) (288 -1024 1664 ) (256 -1024 1664 ) (256 -1024 1376 ) 
4 202 213 (256 -448 1376 ) (256 -1024 1376 ) (256 -1024 1664 ) (256 -448 1664 ) 
4 202 206 (256 -96 1376 ) (256 -448 1376 ) (256 -448 1664 ) (256 -96 1664 ) 
4 202 205 (256 0 1664 ) (256 0 1376 ) (256 -96 1376 ) (256 -96 1664 ) 
4 202 203 (256 -96 1376 ) (256 0 1376 ) (288 0 1376 ) (288 -96 1376 ) 
4 203 205 (256 0 1376 ) (256 0 1360 ) (256 -96 1360 ) (256 -96 1376 ) 
4 204 219 (256 -96 1024 ) (256 0 1024 ) (288 0 1024 ) (288 -96 1024 ) 
4 204 208 (256 0 1152 ) (256 0 1024 ) (256 -96 1024 ) (256 -96 1152 ) 
4 205 269 (0 0 1664 ) (0 0 1360 ) (0 -96 1360 ) (0 -96 1664 ) 
4 205 207 (0 -64 1360 ) (0 0 1360 ) (256 0 1360 ) (256 -64 1360 ) 
4 205 206 (256 -96 1376 ) (256 -96 1664 ) (0 -96 1664 ) (0 -96 1376 ) 
4 206 270 (0 -448 1376 ) (0 -448 1664 ) (0 -96 1664 ) (0 -96 1376 ) 
4 206 213 (256 -448 1376 ) (256 -448 1664 ) (0 -448 1664 ) (0 -448 1376 ) 
4 207 271 (0 0 1360 ) (0 0 1344 ) (0 -64 1344 ) (0 -64 1360 ) 
4 207 208 (0 -64 1344 ) (0 0 1344 ) (256 0 1344 ) (256 -64 1344 ) 
4 208 273 (0 0 1344 ) (0 0 1024 ) (0 -192 1024 ) (0 -192 1344 ) 
4 208 219 (0 -192 1024 ) (0 0 1024 ) (256 0 1024 ) (256 -192 1024 ) 
4 208 209 (0 -192 1024 ) (256 -192 1024 ) (256 -192 1280 ) (0 -192 1280 ) 
4 209 274 (0 -192 1024 ) (0 -320 1024 ) (0 -320 1280 ) (0 -192 1280 ) 
4 209 219 (0 -320 1024 ) (0 -192 1024 ) (256 -192 1024 ) (256 -320 1024 ) 
4 209 211 (0 -320 1024 ) (256 -320 1024 ) (256 -320 1280 ) (0 -320 1280 ) 
4 210 211 (256 -384 1280 ) (0 -384 1280 ) (0 -320 1280 ) (256 -320 1280 ) 
4 211 275 (0 -320 1024 ) (0 -384 1024 ) (0 -384 1280 ) (0 -320 1280 ) 
4 211 219 (0 -384 1024 ) (0 -320 1024 ) (256 -320 1024 ) (256 -384 1024 ) 
4 211 212 (0 -384 1024 ) (256 -384 1024 ) (256 -384 1216 ) (0 -384 1216 ) 
4 212 275 (0 -384 1024 ) (0 -448 1024 ) (0 -448 1216 ) (0 -384 1216 ) 
4 212 219 (0 -448 1024 ) (0 -384 1024 ) (256 -384 1024 ) (256 -448 1024 ) 
4 213 312 (0 -1024 1376 ) (0 -1024 1664 ) (0 -832 1664 ) (0 -832 1376 ) 
4 213 294 (0 -832 1664 ) (0 -516 1664 ) (0 -516 1376 ) (0 -832 1376 ) 
4 213 283 (0 -516 1664 ) (0 -512 1664 ) (0 -512 1376 ) (0 -516 1376 ) 
4 213 270 (0 -512 1664 ) (0 -448 1664 ) (0 -448 1376 ) (0 -512 1376 ) 
4 213 267 (0 -1024 1664 ) (0 -1024 1376 ) (256 -1024 1376 ) (256 -1024 1664 ) 
4 214 238 (704 -96 896 ) (704 -288 896 ) (576 -288 896 ) (576 -96 896 ) 
4 214 236 (576 0 896 ) (704 0 896 ) (704 -96 896 ) (576 -96 896 ) 
4 214 215 (576 -160 896 ) (576 -448 896 ) (576 -448 1024 ) (576 -160 1024 ) 
4 215 239 (576 -160 896 ) (576 -288 896 ) (512 -288 896 ) (512 -160 896 ) 
4 215 218 (512 -160 896 ) (512 -448 896 ) (512 -448 1022 ) (512 -160 1022 ) 
4 215 217 (512 -448 1022 ) (512 -448 1024 ) (512 -160 1024 ) (512 -160 1022 ) 
4 216 237 (320 0 896 ) (512 0 896 ) (512 -96 896 ) (320 -96 896 ) 
4 216 219 (320 0 896 ) (320 -96 896 ) (320 -96 1024 ) (320 0 1024 ) 
4 217 219 (320 -448 1022 ) (320 -448 1024 ) (320 -160 1024 ) (320 -160 1022 ) 
4 217 218 (320 -448 1022 ) (320 -160 1022 ) (512 -160 1022 ) (512 -448 1022 ) 
4 218 239 (512 -160 896 ) (512 -288 896 ) (320 -288 896 ) (320 -160 896 ) 
4 218 219 (320 -160 896 ) (320 -448 896 ) (320 -448 1022 ) (320 -160 1022 ) 
4 219 275 (0 -320 896 ) (0 -448 896 ) (0 -448 1024 ) (0 -320 1024 ) 
4 219 274 (0 -192 896 ) (0 -320 896 ) (0 -320 1024 ) (0 -192 1024 ) 
4 219 273 (0 0 1024 ) (0 0 896 ) (0 -192 896 ) (0 -192 1024 ) 
4 219 241 (0 -448 896 ) (0 -288 896 ) (64 -288 896 ) (64 -448 896 ) 
4 219 240 (0 -288 896 ) (0 -96 896 ) (320 -96 896 ) (320 -288 896 ) 
4 219 237 (0 -96 896 ) (0 0 896 ) (320 0 896 ) (320 -96 896 ) 
4 219 221 (64 -448 896 ) (256 -448 896 ) (256 -448 1024 ) (64 -448 1024 ) 
4 219 220 (288 -448 992 ) (256 -448 992 ) (256 -448 960 ) (288 -448 960 ) 
4 220 221 (256 -448 992 ) (256 -448 960 ) (256 -456 960 ) (256 -456 992 ) 
4 221 222 (64 -462 1024 ) (64 -462 896 ) (256 -462 896 ) (256 -462 1024 ) 
4 222 223 (64 -463 1024 ) (64 -463 896 ) (256 -463 896 ) (256 -463 1024 ) 
4 223 228 (96 -480 896 ) (224 -480 896 ) (224 -480 1024 ) (96 -480 1024 ) 
4 224 242 (1024 -544 896 ) (1024 -704 896 ) (576 -704 896 ) (576 -544 896 ) 
4 224 225 (576 -704 896 ) (1024 -704 896 ) (1024 -704 1024 ) (576 -704 1024 ) 
4 225 242 (1024 -704 896 ) (1024 -736 896 ) (576 -736 896 ) (576 -704 896 ) 
4 225 229 (576 -736 896 ) (1024 -736 896 ) (1024 -736 1024 ) (576 -736 1024 ) 
4 226 229 (320 -736 896 ) (384 -736 896 ) (384 -736 1024 ) (320 -736 1024 ) 
4 227 229 (296 -736 896 ) (312 -736 896 ) (312 -736 1024 ) (296 -736 1024 ) 
4 228 230 (96 -736 896 ) (98 -736 896 ) (98 -736 1024 ) (96 -736 1024 ) 
4 228 229 (98 -736 896 ) (224 -736 896 ) (224 -736 1024 ) (98 -736 1024 ) 
4 229 243 (384 -736 896 ) (576 -736 896 ) (576 -864 896 ) (384 -864 896 ) 
4 229 242 (576 -736 896 ) (1024 -736 896 ) (1024 -864 896 ) (576 -864 896 ) 
4 229 233 (296 -864 896 ) (312 -864 896 ) (312 -864 1024 ) (296 -864 1024 ) 
4 229 232 (320 -864 896 ) (384 -864 896 ) (384 -864 1024 ) (320 -864 1024 ) 
4 229 231 (576 -864 896 ) (1024 -864 896 ) (1024 -864 1024 ) (576 -864 1024 ) 
4 229 230 (98 -736 1024 ) (98 -736 896 ) (98 -864 896 ) (98 -864 1024 ) 
4 231 242 (576 -864 896 ) (1024 -864 896 ) (1024 -896 896 ) (576 -896 896 ) 
4 231 234 (576 -896 896 ) (1024 -896 896 ) (1024 -896 1024 ) (576 -896 1024 ) 
4 234 266 (576 -1024 896 ) (1024 -1024 896 ) (1024 -1024 1024 ) (576 -1024 1024 ) 
4 234 242 (1024 -1024 896 ) (576 -1024 896 ) (576 -896 896 ) (1024 -896 896 ) 
4 235 247 (1024 -128 768 ) (1024 -224 768 ) (832 -224 768 ) (832 -128 768 ) 
4 235 245 (896 -128 768 ) (832 -128 768 ) (832 -32 768 ) (896 -32 768 ) 
4 235 244 (1024 -32 768 ) (1024 -128 768 ) (896 -128 768 ) (896 -32 768 ) 
4 236 246 (576 0 768 ) (704 0 768 ) (704 -96 768 ) (576 -96 768 ) 
4 236 238 (576 -96 768 ) (704 -96 768 ) (704 -96 896 ) (576 -96 896 ) 
4 237 273 (0 0 896 ) (0 0 768 ) (0 -96 768 ) (0 -96 896 ) 
4 237 253 (0 -96 768 ) (0 0 768 ) (64 0 768 ) (64 -96 768 ) 
4 237 252 (64 0 768 ) (256 0 768 ) (256 -96 768 ) (64 -96 768 ) 
4 237 251 (256 0 768 ) (320 0 768 ) (320 -96 768 ) (256 -96 768 ) 
4 237 250 (320 0 768 ) (384 0 768 ) (384 -96 768 ) (320 -96 768 ) 
4 237 249 (384 0 768 ) (512 0 768 ) (512 -96 768 ) (384 -96 768 ) 
4 237 240 (0 -96 768 ) (320 -96 768 ) (320 -96 896 ) (0 -96 896 ) 
4 238 246 (576 -96 768 ) (704 -96 768 ) (704 -128 768 ) (576 -128 768 ) 
4 238 239 (576 -160 768 ) (576 -288 768 ) (576 -288 896 ) (576 -160 896 ) 
4 239 240 (320 -160 768 ) (320 -288 768 ) (320 -288 896 ) (320 -160 896 ) 
4 240 274 (0 -192 768 ) (0 -288 768 ) (0 -288 896 ) (0 -192 896 ) 
4 240 273 (0 -96 768 ) (0 -192 768 ) (0 -192 896 ) (0 -96 896 ) 
4 240 253 (0 -288 768 ) (0 -96 768 ) (64 -96 768 ) (64 -288 768 ) 
4 240 252 (64 -96 768 ) (256 -96 768 ) (256 -288 768 ) (64 -288 768 ) 
4 240 251 (256 -96 768 ) (320 -96 768 ) (320 -160 768 ) (256 -160 768 ) 
4 240 241 (0 -288 768 ) (64 -288 768 ) (64 -288 896 ) (0 -288 896 ) 
4 241 275 (0 -320 768 ) (0 -448 768 ) (0 -448 896 ) (0 -320 896 ) 
4 241 274 (0 -288 768 ) (0 -320 768 ) (0 -320 896 ) (0 -288 896 ) 
4 241 253 (0 -448 768 ) (0 -288 768 ) (64 -288 768 ) (64 -448 768 ) 
4 242 266 (576 -1024 768 ) (1024 -1024 768 ) (1024 -1024 896 ) (576 -1024 896 ) 
4 242 248 (1024 -1024 768 ) (576 -1024 768 ) (576 -544 768 ) (1024 -544 768 ) 
4 242 243 (576 -736 768 ) (576 -864 768 ) (576 -864 896 ) (576 -736 896 ) 
4 244 247 (896 -128 640 ) (1024 -128 640 ) (1024 -128 768 ) (896 -128 768 ) 
4 244 245 (896 -32 640 ) (896 -128 640 ) (896 -128 768 ) (896 -32 768 ) 
4 245 247 (832 -128 640 ) (896 -128 640 ) (896 -128 768 ) (832 -128 768 ) 
4 246 255 (704 -128 640 ) (576 -128 640 ) (576 -96 640 ) (704 -96 640 ) 
4 246 254 (576 -96 640 ) (576 0 640 ) (704 0 640 ) (704 -96 640 ) 
4 248 266 (576 -1024 640 ) (1024 -1024 640 ) (1024 -1024 768 ) (576 -1024 768 ) 
4 248 256 (1024 -544 640 ) (1024 -1024 640 ) (576 -1024 640 ) (576 -544 640 ) 
4 249 250 (384 0 640 ) (384 -96 640 ) (384 -96 768 ) (384 0 768 ) 
4 250 251 (320 0 640 ) (320 -96 640 ) (320 -96 768 ) (320 0 768 ) 
4 251 257 (256 -160 640 ) (256 -96 640 ) (320 -96 640 ) (320 -160 640 ) 
4 251 252 (256 0 640 ) (256 -160 640 ) (256 -160 768 ) (256 0 768 ) 
4 252 258 (64 -288 640 ) (64 -96 640 ) (256 -96 640 ) (256 -288 640 ) 
4 252 253 (64 0 640 ) (64 -288 640 ) (64 -288 768 ) (64 0 768 ) 
4 253 275 (0 -320 640 ) (0 -448 640 ) (0 -448 768 ) (0 -320 768 ) 
4 253 274 (0 -192 640 ) (0 -320 640 ) (0 -320 768 ) (0 -192 768 ) 
4 253 273 (0 0 768 ) (0 0 640 ) (0 -192 640 ) (0 -192 768 ) 
4 253 259 (0 -448 640 ) (0 -288 640 ) (64 -288 640 ) (64 -448 640 ) 
4 253 258 (0 -288 640 ) (0 -96 640 ) (64 -96 640 ) (64 -288 640 ) 
4 254 255 (704 -96 640 ) (576 -96 640 ) (576 -96 480 ) (704 -96 480 ) 
4 256 266 (576 -1024 0 ) (1024 -1024 0 ) (1024 -1024 640 ) (576 -1024 640 ) 
4 256 260 (1024 -672 0 ) (1024 -928 0 ) (768 -928 0 ) (768 -672 0 ) 
4 257 258 (256 -96 640 ) (256 -96 632 ) (256 -160 632 ) (256 -160 640 ) 
4 258 277 (0 -288 640 ) (0 -96 640 ) (0 -96 632 ) (0 -288 632 ) 
4 258 259 (64 -288 640 ) (0 -288 640 ) (0 -288 632 ) (64 -288 632 ) 
4 259 277 (0 -448 640 ) (0 -288 640 ) (0 -288 632 ) (0 -448 632 ) 
4 261 266 (1024 -1024 1024 ) (1024 -1024 0 ) (1024 -1056 0 ) (1024 -1056 1024 ) 
4 261 262 (1024 -1024 1664 ) (1024 -1024 1024 ) (1024 -1056 1024 ) (1024 -1056 1664 ) 
4 262 266 (608 -1024 1024 ) (1024 -1024 1024 ) (1024 -1056 1024 ) (608 -1056 1024 ) 
4 262 263 (608 -1024 1024 ) (608 -1056 1024 ) (608 -1056 1360 ) (608 -1024 1360 ) 
4 263 266 (592 -1056 1024 ) (592 -1024 1024 ) (608 -1024 1024 ) (608 -1056 1024 ) 
4 263 264 (592 -1024 1024 ) (592 -1056 1024 ) (592 -1056 1360 ) (592 -1024 1360 ) 
4 264 266 (576 -1024 1024 ) (592 -1024 1024 ) (592 -1056 1024 ) (576 -1056 1024 ) 
4 265 268 (592 -2048 1664 ) (512 -2048 1664 ) (512 -2048 1376 ) (592 -2048 1376 ) 
4 265 267 (512 -2048 1376 ) (512 -2048 1664 ) (512 -1120 1664 ) (512 -1120 1376 ) 
4 267 313 (0 -2048 1376 ) (0 -2048 1664 ) (0 -1024 1664 ) (0 -1024 1376 ) 
4 267 268 (512 -2048 1664 ) (0 -2048 1664 ) (0 -2048 1376 ) (512 -2048 1376 ) 
4 268 314 (0 -2656 1376 ) (0 -2656 1664 ) (0 -2048 1664 ) (0 -2048 1376 ) 
4 269 271 (-64 0 1360 ) (0 0 1360 ) (0 -64 1360 ) (-64 -64 1360 ) 
4 269 270 (0 -96 1376 ) (0 -96 1664 ) (-432 -96 1664 ) (-432 -96 1376 ) 
4 270 292 (-416 -512 1664 ) (-432 -512 1664 ) (-432 -512 1376 ) (-416 -512 1376 ) 
4 270 288 (-288 -512 1664 ) (-416 -512 1664 ) (-416 -512 1376 ) (-288 -512 1376 ) 
4 270 284 (-64 -512 1664 ) (-288 -512 1664 ) (-288 -512 1376 ) (-64 -512 1376 ) 
4 270 283 (0 -512 1376 ) (0 -512 1664 ) (-64 -512 1664 ) (-64 -512 1376 ) 
4 271 273 (-64 -64 1344 ) (-64 0 1344 ) (0 0 1344 ) (0 -64 1344 ) 
4 272 280 (-512 -320 1344 ) (-512 -128 1344 ) (-480 -128 1344 ) (-480 -320 1344 ) 
4 272 279 (-512 -128 1344 ) (-512 0 1344 ) (-480 0 1344 ) (-480 -128 1344 ) 
4 273 277 (-64 -192 640 ) (-64 -96 640 ) (0 -96 640 ) (0 -192 640 ) 
4 273 274 (-64 -192 1280 ) (-64 -192 640 ) (0 -192 640 ) (0 -192 1280 ) 
4 273 276 (-64 0 640 ) (-64 -192 640 ) (-64 -192 1344 ) (-64 0 1344 ) 
4 274 277 (-64 -320 640 ) (-64 -192 640 ) (0 -192 640 ) (0 -320 640 ) 
4 274 275 (-64 -320 1280 ) (-64 -320 640 ) (0 -320 640 ) (0 -320 1280 ) 
4 274 276 (-64 -192 640 ) (-64 -320 640 ) (-64 -320 1280 ) (-64 -192 1280 ) 
4 275 277 (-64 -448 640 ) (-64 -320 640 ) (0 -320 640 ) (0 -448 640 ) 
4 275 276 (-64 -320 640 ) (-64 -448 640 ) (-64 -448 1280 ) (-64 -320 1280 ) 
4 276 280 (-160 -512 640 ) (-160 -512 1344 ) (-160 -128 1344 ) (-160 -128 640 ) 
4 276 279 (-160 -128 1344 ) (-160 0 1344 ) (-160 0 640 ) (-160 -128 640 ) 
4 276 278 (-64 -512 640 ) (-160 -512 640 ) (-160 -448 640 ) (-64 -448 640 ) 
4 276 277 (-160 -448 640 ) (-160 -96 640 ) (-64 -96 640 ) (-64 -448 640 ) 
4 277 280 (-160 -448 640 ) (-160 -128 640 ) (-160 -128 632 ) (-160 -448 632 ) 
4 277 278 (-160 -448 632 ) (-64 -448 632 ) (-64 -448 640 ) (-160 -448 640 ) 
4 278 280 (-160 -512 632 ) (-160 -512 640 ) (-160 -448 640 ) (-160 -448 632 ) 
4 279 280 (-160 -128 640 ) (-160 -128 1344 ) (-512 -128 1344 ) (-512 -128 640 ) 
4 280 293 (-448 -512 864 ) (-448 -512 736 ) (-416 -512 736 ) (-416 -512 864 ) 
4 280 291 (-416 -512 864 ) (-416 -512 768 ) (-384 -512 768 ) (-384 -512 864 ) 
4 280 290 (-352 -512 736 ) (-352 -512 800 ) (-384 -512 800 ) (-384 -512 736 ) 
4 280 289 (-416 -512 1152 ) (-416 -512 960 ) (-352 -512 960 ) (-352 -512 1152 ) 
4 280 287 (-224 -512 832 ) (-288 -512 832 ) (-288 -512 768 ) (-224 -512 768 ) 
4 280 286 (-160 -512 704 ) (-160 -512 832 ) (-224 -512 832 ) (-224 -512 704 ) 
4 280 285 (-160 -512 960 ) (-160 -512 1216 ) (-288 -512 1216 ) (-288 -512 960 ) 
4 280 282 (-512 -128 768 ) (-512 -128 640 ) (-512 -320 640 ) (-512 -320 768 ) 
4 280 281 (-512 -192 768 ) (-512 -320 768 ) (-512 -320 896 ) (-512 -192 896 ) 
4 281 282 (-512 -320 768 ) (-528 -320 768 ) (-528 -192 768 ) (-512 -192 768 ) 
4 283 294 (0 -516 1376 ) (0 -516 1664 ) (-64 -516 1664 ) (-64 -516 1376 ) 
4 283 284 (-64 -512 1664 ) (-64 -512 1376 ) (-64 -516 1376 ) (-64 -516 1664 ) 
4 284 295 (-64 -516 1376 ) (-64 -516 1664 ) (-288 -516 1664 ) (-288 -516 1376 ) 
4 284 288 (-288 -512 1664 ) (-288 -512 1376 ) (-288 -516 1376 ) (-288 -516 1664 ) 
4 285 303 (-288 -516 1216 ) (-288 -516 960 ) (-160 -516 960 ) (-160 -516 1216 ) 
4 286 309 (-160 -516 832 ) (-224 -516 832 ) (-224 -516 704 ) (-160 -516 704 ) 
4 286 287 (-224 -516 768 ) (-224 -516 832 ) (-224 -512 832 ) (-224 -512 768 ) 
4 287 309 (-224 -516 832 ) (-288 -516 832 ) (-288 -516 768 ) (-224 -516 768 ) 
4 288 295 (-288 -516 1376 ) (-288 -516 1664 ) (-416 -516 1664 ) (-416 -516 1376 ) 
4 288 292 (-416 -512 1664 ) (-416 -512 1376 ) (-416 -516 1376 ) (-416 -516 1664 ) 
4 289 305 (-352 -516 1152 ) (-416 -516 1152 ) (-416 -516 960 ) (-352 -516 960 ) 
4 290 311 (-352 -516 736 ) (-352 -516 800 ) (-384 -516 800 ) (-384 -516 736 ) 
4 290 291 (-384 -516 768 ) (-384 -516 800 ) (-384 -512 800 ) (-384 -512 768 ) 
4 291 311 (-384 -516 768 ) (-384 -516 864 ) (-416 -516 864 ) (-416 -516 768 ) 
4 291 293 (-416 -512 864 ) (-416 -512 768 ) (-416 -516 768 ) (-416 -516 864 ) 
4 292 295 (-416 -516 1376 ) (-416 -516 1664 ) (-432 -516 1664 ) (-432 -516 1376 ) 
4 293 311 (-416 -516 736 ) (-416 -516 864 ) (-448 -516 864 ) (-448 -516 736 ) 
4 294 312 (0 -832 1376 ) (0 -832 1664 ) (-64 -832 1664 ) (-64 -832 1376 ) 
4 294 295 (-64 -516 1664 ) (-64 -516 1376 ) (-64 -832 1376 ) (-64 -832 1664 ) 
4 295 312 (-64 -832 1376 ) (-64 -832 1664 ) (-432 -832 1664 ) (-432 -832 1376 ) 
3 296 302 (-156 -516 1216 ) (-144 -516 1216 ) (-144 -528 1216 ) 
4 296 301 (-144 -516 1216 ) (-64 -516 1216 ) (-64 -640 1216 ) (-144 -640 1216 ) 
4 296 306 (-64 -640 1216 ) (-64 -832 1216 ) (-160 -832 1216 ) (-160 -640 1216 ) 
3 296 298 (-160 -528 1232 ) (-160 -516 1232 ) (-160 -516 1220 ) 
4 296 297 (-160 -640 1232 ) (-160 -640 1344 ) (-160 -516 1344 ) (-160 -516 1232 ) 
4 296 299 (-160 -640 1216 ) (-160 -832 1216 ) (-160 -832 1344 ) (-160 -640 1344 ) 
4 297 298 (-288 -528 1232 ) (-288 -516 1232 ) (-160 -516 1232 ) (-160 -528 1232 ) 
4 297 299 (-288 -640 1344 ) (-288 -640 1232 ) (-160 -640 1232 ) (-160 -640 1344 ) 
4 297 300 (-288 -640 1232 ) (-288 -640 1344 ) (-288 -516 1344 ) (-288 -516 1232 ) 
3 298 300 (-288 -528 1232 ) (-288 -516 1232 ) (-288 -516 1220 ) 
4 299 306 (-160 -640 1216 ) (-160 -832 1216 ) (-288 -832 1216 ) (-288 -640 1216 ) 
4 299 300 (-288 -640 1216 ) (-288 -832 1216 ) (-288 -832 1344 ) (-288 -640 1344 ) 
3 300 304 (-304 -516 1216 ) (-292 -516 1216 ) (-304 -528 1216 ) 
4 300 305 (-512 -516 1216 ) (-304 -516 1216 ) (-304 -640 1216 ) (-512 -640 1216 ) 
4 300 306 (-288 -640 1216 ) (-288 -832 1216 ) (-512 -832 1216 ) (-512 -640 1216 ) 
4 301 307 (-144 -516 960 ) (-64 -516 960 ) (-64 -640 960 ) (-144 -640 960 ) 
4 301 302 (-144 -516 960 ) (-144 -528 960 ) (-144 -528 1216 ) (-144 -516 1216 ) 
4 301 306 (-144 -640 960 ) (-64 -640 960 ) (-64 -640 1216 ) (-144 -640 1216 ) 
3 302 307 (-156 -516 960 ) (-144 -516 960 ) (-144 -528 960 ) 
3 304 311 (-304 -516 960 ) (-292 -516 960 ) (-304 -528 960 ) 
4 304 305 (-304 -516 960 ) (-304 -528 960 ) (-304 -528 1216 ) (-304 -516 1216 ) 
4 305 311 (-512 -640 960 ) (-512 -516 960 ) (-304 -516 960 ) (-304 -640 960 ) 
4 305 306 (-512 -640 1216 ) (-512 -640 960 ) (-304 -640 960 ) (-304 -640 1216 ) 
4 306 310 (-288 -640 960 ) (-160 -640 960 ) (-160 -832 960 ) (-288 -832 960 ) 
4 306 307 (-160 -640 960 ) (-64 -640 960 ) (-64 -832 960 ) (-160 -832 960 ) 
4 306 311 (-512 -832 960 ) (-512 -640 960 ) (-288 -640 960 ) (-288 -832 960 ) 
3 307 308 (-160 -516 956 ) (-160 -516 944 ) (-160 -528 944 ) 
4 307 309 (-160 -516 944 ) (-160 -516 640 ) (-160 -640 640 ) (-160 -640 944 ) 
4 307 310 (-160 -832 640 ) (-160 -832 960 ) (-160 -640 960 ) (-160 -640 640 ) 
4 308 309 (-288 -528 944 ) (-288 -516 944 ) (-160 -516 944 ) (-160 -528 944 ) 
3 308 311 (-288 -516 956 ) (-288 -516 944 ) (-288 -528 944 ) 
4 309 310 (-288 -640 944 ) (-288 -640 640 ) (-160 -640 640 ) (-160 -640 944 ) 
4 309 311 (-288 -516 944 ) (-288 -516 640 ) (-288 -640 640 ) (-288 -640 944 ) 
4 310 311 (-288 -832 640 ) (-288 -832 960 ) (-288 -640 960 ) (-288 -640 640 ) 
4 312 313 (0 -1024 1376 ) (0 -1024 1664 ) (-432 -1024 1664 ) (-432 -1024 1376 ) 
4 313 314 (0 -2048 1376 ) (0 -2048 1664 ) (-432 -2048 1664 ) (-432 -2048 1376 ) 
