


materialPath: D:\SteamLibrary\steamapps\common\Portal 2\portal2\materials
Loading d:\steamlibrary\steamapps\common\portal 2\portal2_dlc3\maps\sp_a2_trust_fling.vmf
ConVarRef gpu_level doesn't point to an existing ConVar
fixing up env_cubemap materials on brush sides...
0...1...2...3...4...5...6...7...8...9...100...1...2...3...4...5...6...7...8...9...10Processing areas...done (0)
Building Faces...done (0)
Chop Details...done (0)
Find Visible Detail Sides...
Merged 250 detail faces...done (0)
Merging details...done (0)
FixTjuncs...
PruneNodes...
WriteBSP...
done (0)
writing d:\steamlibrary\steamapps\common\portal 2\portal2_dlc3\maps\sp_a2_trust_fling.prt...Building visibility clusters...
done (0)
Finding displacement neighbors...
Finding lightmap sample positions...
Displacement Alpha : 0...1...2...3...4...5...6...7...8...9...10
Error! Variable "%keywords" is multiply defined in material "signage/signage_overlay_catapult1"!
Error! Variable "%keywords" is multiply defined in material "signage/signage_overlay_catapult2"!
Building Physics collision data...
done (0) (691865 bytes)
Encountered obsolete static prop option to do its fade in screen space @ 1728.00 208.00 512.00
Encountered obsolete static prop option to do its fade in screen space @ 1856.00 208.00 512.00
Encountered obsolete static prop option to do its fade in screen space @ -1328.00 1344.00 320.00
Encountered obsolete static prop option to do its fade in screen space @ -1328.00 1344.00 448.00
Encountered obsolete static prop option to do its fade in screen space @ -1328.00 1344.00 64.00
Encountered obsolete static prop option to do its fade in screen space @ -1328.00 1344.00 192.00
Encountered obsolete static prop option to do its fade in screen space @ -128.00 1360.00 -64.00
Encountered obsolete static prop option to do its fade in screen space @ -128.00 1360.00 -192.00
Encountered obsolete static prop option to do its fade in screen space @ 1600.00 208.00 512.00
Encountered obsolete static prop option to do its fade in screen space @ 1472.00 208.00 512.00
Encountered obsolete static prop option to do its fade in screen space @ -128.00 1360.00 320.00
Encountered obsolete static prop option to do its fade in screen space @ -128.00 1360.00 448.00
Encountered obsolete static prop option to do its fade in screen space @ -1152.00 1568.00 192.00
Encountered obsolete static prop option to do its fade in screen space @ -1152.00 1536.00 192.00
Encountered obsolete static prop option to do its fade in screen space @ 1024.00 -1712.00 -64.00
Encountered obsolete static prop option to do its fade in screen space @ 1024.00 -1744.00 -64.00
Encountered obsolete static prop option to do its fade in screen space @ 960.00 -1328.00 0.00
Encountered obsolete static prop option to do its fade in screen space @ 896.00 -1296.00 -192.00
Encountered obsolete static prop option to do its fade in screen space @ 896.00 -1296.00 -64.00
Encountered obsolete static prop option to do its fade in screen space @ 1040.00 -1312.00 0.00
Encountered obsolete static prop option to do its fade in screen space @ 912.00 -1440.00 0.00
Encountered obsolete static prop option to do its fade in screen space @ 944.00 -1440.00 0.00
Encountered obsolete static prop option to do its fade in screen space @ 896.00 -1264.00 -192.00
Encountered obsolete static prop option to do its fade in screen space @ 896.00 -1264.00 -64.00
Encountered obsolete static prop option to do its fade in screen space @ 960.00 -1360.00 0.00
Encountered obsolete static prop option to do its fade in screen space @ 1072.00 -1312.00 0.00
Encountered obsolete static prop option to do its fade in screen space @ 1008.00 -1440.00 0.00
Encountered obsolete static prop option to do its fade in screen space @ 960.00 -1264.00 0.00
Encountered obsolete static prop option to do its fade in screen space @ 976.00 -1440.00 0.00
Encountered obsolete static prop option to do its fade in screen space @ 960.00 -1296.00 0.00
Placing detail props : 0...1...2...3...4...5...6...7...8...9...10
Compacting texture/material tables...
Reduced 2760 texinfos to 1512
Reduced 100 texdatas to 91 (3108 bytes to 2724)
Writing d:\steamlibrary\steamapps\common\portal 2\portal2_dlc3\maps\sp_a2_trust_fling.bsp

nummapplanes:     (  8406 / 65536 )
nummapbrushes:    (  1838 /  8192 )
nummapbrushsides: ( 14492 / 65536 )
num_map_overlays: (    46 /   512 )
nummodels:        (   212 /  1024 )
num_entities:     (   878 / 16384 )

2 seconds elapsed



12 threads
reading d:\steamlibrary\steamapps\common\portal 2\portal2_dlc3\maps\sp_a2_trust_fling.bsp
reading d:\steamlibrary\steamapps\common\portal 2\portal2_dlc3\maps\sp_a2_trust_fling.prt
 510 portalclusters
1333 numportals
0...1...2...3...4...5...6...7...8...9...100...1...2...3...4...5...6...7...8...9...10Optimized: 584 visible clusters (0.00%)
Total clusters visible: 118213
Average clusters visible: 231
Building PAS...
Average clusters audible: 438
visdatasize:62324  compressed from 65280
writing d:\steamlibrary\steamapps\common\portal 2\portal2_dlc3\maps\sp_a2_trust_fling.bsp
4 seconds elapsed



[Reading texlights from 'lights.rad']
[59 texlights parsed from 'lights.rad']

Loading d:\steamlibrary\steamapps\common\portal 2\portal2_dlc3\maps\sp_a2_trust_fling.bsp
Loaded alpha texture materials\Tools\toolsinvisible.vtf
Loaded alpha texture materials\Metal\metalgrate018.vtf
4017 faces
782323 square feet [112654576.00 square inches]
0 Displacements
0 Square Feet [0.00 Square Inches]
4017 patches before subdivision
84651 patches after subdivision
109 direct lights
0...1...2...3...4...5...6...7...8...9...100...1...2...3...4...5...6...7...8...9...10transfers 15242623, max 869
transfer lists: 116.3 megs
0...1...2...3...4...5...6...7...8...9...10	Bounce #1 added RGB(69190, 86156, 98075)
0...1...2...3...4...5...6...7...8...9...10	Bounce #2 added RGB(28991, 35649, 39480)
0...1...2...3...4...5...6...7...8...9...10	Bounce #3 added RGB(12798, 15573, 16887)
0...1...2...3...4...5...6...7...8...9...10	Bounce #4 added RGB(5887, 7111, 7600)
0...1...2...3...4...5...6...7...8...9...10	Bounce #5 added RGB(2755, 3310, 3499)
0...1...2...3...4...5...6...7...8...9...10	Bounce #6 added RGB(1307, 1564, 1639)
0...1...2...3...4...5...6...7...8...9...10	Bounce #7 added RGB(626, 746, 776)
0...1...2...3...4...5...6...7...8...9...10	Bounce #8 added RGB(302, 358, 370)
0...1...2...3...4...5...6...7...8...9...10	Bounce #9 added RGB(146, 173, 178)
0...1...2...3...4...5...6...7...8...9...10	Bounce #10 added RGB(71, 84, 86)
0...1...2...3...4...5...6...7...8...9...10	Bounce #11 added RGB(35, 41, 41)
0...1...2...3...4...5...6...7...8...9...10	Bounce #12 added RGB(17, 20, 20)
0...1...2...3...4...5...6...7...8...9...10	Bounce #13 added RGB(8, 10, 10)
0...1...2...3...4...5...6...7...8...9...10	Bounce #14 added RGB(4, 5, 5)
0...1...2...3...4...5...6...7...8...9...10	Bounce #15 added RGB(2, 2, 2)
0...1...2...3...4...5...6...7...8...9...10	Bounce #16 added RGB(1, 1, 1)
0...1...2...3...4...5...6...7...8...9...10	Bounce #17 added RGB(0, 1, 1)
Build Patch/Sample Hash Table(s).....Done<0.0164 sec>
0...1...2...3...4...5...6...7...8...9...10FinalLightFace Done
60 of 60 (100% of) surface lights went in leaf ambient cubes.
0...1...2...3...4...5...6...7...8...9...10Writing leaf ambient...done
Computing static prop lighting : 00...1...2...3...4...5...6...7...8...9...10
Ready to Finish

Object names       Objects/Maxobjs  Memory / Maxmem  Fullness 
------------       ---------------  ---------------  -------- 
models                 212/1024        10176/49152    (20.7%) 
brushes               1838/8192        22056/98304    (22.4%) 
brushsides           14572/65536      116576/524288   (22.2%) 
planes                8406/65536      168120/1310720  (12.8%) 
vertexes              7653/65536       91836/786432   (11.7%) 
nodes                 2833/65536       90656/2097152  ( 4.3%) 
texinfos              1512/12288      108864/884736   (12.3%) 
texdata                 91/2048         2912/65536    ( 4.4%) 
dispinfos                0/0               0/0        ( 0.0%) 
disp_verts               0/0               0/0        ( 0.0%) 
disp_tris                0/0               0/0        ( 0.0%) 
disp_multiblend          0/0               0/0        ( 0.0%) 
disp_lmsamples           0/0               0/0        ( 0.0%) 
faces                 4017/65536      224952/3670016  ( 6.1%) 
hdr faces                0/65536           0/3670016  ( 0.0%) 
origfaces             3191/65536      178696/3670016  ( 4.9%) 
facebrushes            576/0            1152/0        ( 0.0%) 
facebrushlists        4017/0           16068/0        ( 0.0%) 
leaves                3046/65536       97472/2097152  ( 4.6%) 
leaffaces             4825/65536        9650/131072   ( 7.4%) 
leafbrushes           3167/65536        6334/131072   ( 4.8%) 
areas                   12/256            96/2048     ( 4.7%) 
surfedges            31024/512000     124096/2048000  ( 6.1%) 
edges                18490/256000      73960/1024000  ( 7.2%) 
LDR worldlights        109/8192        10900/819200   ( 1.3%) 
HDR worldlights          0/8192            0/819200   ( 0.0%) 
leafwaterdata            1/32768          12/393216   ( 0.0%) 
waterstrips            408/32768        4080/327680   ( 1.2%) 
waterverts               0/65536           0/786432   ( 0.0%) 
waterindices          6687/65536       13374/131072   (10.2%) 
cubemapsamples          12/1024          192/16384    ( 1.2%) 
overlays                46/512         16192/180224   ( 9.0%) 
LDR lightdata         [variable]     4149372/0        ( 0.0%) 
HDR lightdata         [variable]           0/0        ( 0.0%) 
visdata               [variable]       62324/16777216 ( 0.4%) 
entdata               [variable]      345088/393216   (87.8%) VERY FULL!
LDR ambient table     3046/65536       12184/262144   ( 4.6%) 
HDR ambient table     3046/65536       12184/262144   ( 4.6%) 
LDR leaf ambient     10049/65536      281372/1835008  (15.3%) 
HDR leaf ambient      3046/65536       85288/1835008  ( 4.6%) 
occluders                0/0               0/0        ( 0.0%) 
occluder polygons        0/0               0/0        ( 0.0%) 
occluder vert ind        0/0               0/0        ( 0.0%) 
detail props          [variable]           1/12       ( 8.3%) 
static props          [variable]           1/34974    ( 0.0%) 
pakfile               [variable]     2814905/0        ( 0.0%) 
physics               [variable]      691865/4194304  (16.5%) 
physics terrain       [variable]           2/1048576  ( 0.0%) 

Level flags = 1

Total triangle count: 10281
Writing d:\steamlibrary\steamapps\common\portal 2\portal2_dlc3\maps\sp_a2_trust_fling.bsp
2 minutes, 42 seconds elapsed



[Reading texlights from 'lights.rad']
[59 texlights parsed from 'lights.rad']

Loading d:\steamlibrary\steamapps\common\portal 2\portal2_dlc3\maps\sp_a2_trust_fling.bsp
Loaded alpha texture materials\Tools\toolsinvisible.vtf
Loaded alpha texture materials\Metal\metalgrate018.vtf
4017 faces
782323 square feet [112654576.00 square inches]
0 Displacements
0 Square Feet [0.00 Square Inches]
4017 patches before subdivision
84651 patches after subdivision
109 direct lights
0...1...2...3...4...5...6...7...8...9...100...1...2...3...4...5...6...7...8...9...10transfers 15242623, max 869
transfer lists: 116.3 megs
0...1...2...3...4...5...6...7...8...9...10	Bounce #1 added RGB(69190, 86156, 98075)
0...1...2...3...4...5...6...7...8...9...10	Bounce #2 added RGB(28991, 35649, 39480)
0...1...2...3...4...5...6...7...8...9...10	Bounce #3 added RGB(12798, 15573, 16887)
0...1...2...3...4...5...6...7...8...9...10	Bounce #4 added RGB(5887, 7111, 7600)
0...1...2...3...4...5...6...7...8...9...10	Bounce #5 added RGB(2755, 3310, 3499)
0...1...2...3...4...5...6...7...8...9...10	Bounce #6 added RGB(1307, 1564, 1639)
0...1...2...3...4...5...6...7...8...9...10	Bounce #7 added RGB(626, 746, 776)
0...1...2...3...4...5...6...7...8...9...10	Bounce #8 added RGB(302, 358, 370)
0...1...2...3...4...5...6...7...8...9...10	Bounce #9 added RGB(146, 173, 178)
0...1...2...3...4...5...6...7...8...9...10	Bounce #10 added RGB(71, 84, 86)
0...1...2...3...4...5...6...7...8...9...10	Bounce #11 added RGB(35, 41, 41)
0...1...2...3...4...5...6...7...8...9...10	Bounce #12 added RGB(17, 20, 20)
0...1...2...3...4...5...6...7...8...9...10	Bounce #13 added RGB(8, 10, 10)
0...1...2...3...4...5...6...7...8...9...10	Bounce #14 added RGB(4, 5, 5)
0...1...2...3...4...5...6...7...8...9...10	Bounce #15 added RGB(2, 2, 2)
0...1...2...3...4...5...6...7...8...9...10	Bounce #16 added RGB(1, 1, 1)
0...1...2...3...4...5...6...7...8...9...10	Bounce #17 added RGB(0, 1, 1)
Build Patch/Sample Hash Table(s).....Done<0.1983 sec>
0...1...2...3...4...5...6...7...8...9...10FinalLightFace Done
60 of 60 (100% of) surface lights went in leaf ambient cubes.
0...1...2...3...4...5...6...7...8...9...10Writing leaf ambient...done
Computing static prop lighting : 00...1...2...3...4...5...6...7...8...9...10
Ready to Finish

Object names       Objects/Maxobjs  Memory / Maxmem  Fullness 
------------       ---------------  ---------------  -------- 
models                 212/1024        10176/49152    (20.7%) 
brushes               1838/8192        22056/98304    (22.4%) 
brushsides           14572/65536      116576/524288   (22.2%) 
planes                8406/65536      168120/1310720  (12.8%) 
vertexes              7653/65536       91836/786432   (11.7%) 
nodes                 2833/65536       90656/2097152  ( 4.3%) 
texinfos              1512/12288      108864/884736   (12.3%) 
texdata                 91/2048         2912/65536    ( 4.4%) 
dispinfos                0/0               0/0        ( 0.0%) 
disp_verts               0/0               0/0        ( 0.0%) 
disp_tris                0/0               0/0        ( 0.0%) 
disp_multiblend          0/0               0/0        ( 0.0%) 
disp_lmsamples           0/0               0/0        ( 0.0%) 
faces                 4017/65536      224952/3670016  ( 6.1%) 
hdr faces             4017/65536      224952/3670016  ( 6.1%) 
origfaces             3191/65536      178696/3670016  ( 4.9%) 
facebrushes            576/0            1152/0        ( 0.0%) 
facebrushlists        4017/0           16068/0        ( 0.0%) 
leaves                3046/65536       97472/2097152  ( 4.6%) 
leaffaces             4825/65536        9650/131072   ( 7.4%) 
leafbrushes           3167/65536        6334/131072   ( 4.8%) 
areas                   12/256            96/2048     ( 4.7%) 
surfedges            31024/512000     124096/2048000  ( 6.1%) 
edges                18490/256000      73960/1024000  ( 7.2%) 
LDR worldlights        109/8192        10900/819200   ( 1.3%) 
HDR worldlights        109/8192        10900/819200   ( 1.3%) 
leafwaterdata            1/32768          12/393216   ( 0.0%) 
waterstrips            408/32768        4080/327680   ( 1.2%) 
waterverts               0/65536           0/786432   ( 0.0%) 
waterindices          6687/65536       13374/131072   (10.2%) 
cubemapsamples          12/1024          192/16384    ( 1.2%) 
overlays                46/512         16192/180224   ( 9.0%) 
LDR lightdata         [variable]     4149372/0        ( 0.0%) 
HDR lightdata         [variable]     4149372/0        ( 0.0%) 
visdata               [variable]       62324/16777216 ( 0.4%) 
entdata               [variable]      345088/393216   (87.8%) VERY FULL!
LDR ambient table     3046/65536       12184/262144   ( 4.6%) 
HDR ambient table     3046/65536       12184/262144   ( 4.6%) 
LDR leaf ambient     10049/65536      281372/1835008  (15.3%) 
HDR leaf ambient     10049/65536      281372/1835008  (15.3%) 
occluders                0/0               0/0        ( 0.0%) 
occluder polygons        0/0               0/0        ( 0.0%) 
occluder vert ind        0/0               0/0        ( 0.0%) 
detail props          [variable]           1/12       ( 8.3%) 
static props          [variable]           1/34974    ( 0.0%) 
pakfile               [variable]     4661941/0        ( 0.0%) 
physics               [variable]      691865/4194304  (16.5%) 
physics terrain       [variable]           2/1048576  ( 0.0%) 

Level flags = 3

Total triangle count: 10281
Writing d:\steamlibrary\steamapps\common\portal 2\portal2_dlc3\maps\sp_a2_trust_fling.bsp
2 minutes, 44 seconds elapsed
