


materialPath: D:\SteamLibrary\steamapps\common\Portal 2\portal2\materials
Loading d:\steamlibrary\steamapps\common\portal 2\portal2_dlc3\maps\sp_a4_tb_polarity.vmf
ConVarRef gpu_level doesn't point to an existing ConVar
fixing up env_cubemap materials on brush sides...
0...1...2...3...4...5...6...7...8...9...100...1...2...3...4...5...6...7...8...9...10Processing areas...done (0)
Building Faces...done (0)
Chop Details...done (0)
Find Visible Detail Sides...
Merged 448 detail faces...done (0)
Merging details...done (0)
FixTjuncs...
PruneNodes...
WriteBSP...
done (0)
writing d:\steamlibrary\steamapps\common\portal 2\portal2_dlc3\maps\sp_a4_tb_polarity.prt...Building visibility clusters...
done (0)
Finding displacement neighbors...
Finding lightmap sample positions...
Displacement Alpha : 0...1...2...3...4...5...6...7...8...9...10
Building Physics collision data...
done (1) (548993 bytes)
Encountered obsolete static prop option to do its fade in screen space @ 432.00 1568.00 512.00
Encountered obsolete static prop option to do its fade in screen space @ 16.00 -32.00 320.00
Encountered obsolete static prop option to do its fade in screen space @ 16.00 -32.00 448.00
Encountered obsolete static prop option to do its fade in screen space @ 432.00 544.00 512.00
Encountered obsolete static prop option to do its fade in screen space @ 448.00 2000.00 64.00
Encountered obsolete static prop option to do its fade in screen space @ 144.00 1376.00 512.00
Encountered obsolete static prop option to do its fade in screen space @ 432.00 1440.00 512.00
Encountered obsolete static prop option to do its fade in screen space @ 432.00 1312.00 512.00
Encountered obsolete static prop option to do its fade in screen space @ 432.00 1184.00 512.00
Encountered obsolete static prop option to do its fade in screen space @ 432.00 1056.00 512.00
Encountered obsolete static prop option to do its fade in screen space @ 432.00 800.00 512.00
Encountered obsolete static prop option to do its fade in screen space @ 432.00 416.00 512.00
Encountered obsolete static prop option to do its fade in screen space @ 432.00 288.00 512.00
Encountered obsolete static prop option to do its fade in screen space @ 176.00 1376.00 512.00
Encountered obsolete static prop option to do its fade in screen space @ 208.00 1376.00 512.00
Encountered obsolete static prop option to do its fade in screen space @ 448.00 1968.00 64.00
Encountered obsolete static prop option to do its fade in screen space @ 448.00 1936.00 64.00
Encountered obsolete static prop option to do its fade in screen space @ 448.00 1904.00 64.00
Encountered obsolete static prop option to do its fade in screen space @ 48.00 -32.00 320.00
Encountered obsolete static prop option to do its fade in screen space @ 48.00 -32.00 448.00
Encountered obsolete static prop option to do its fade in screen space @ -304.00 1728.00 -0.00
Encountered obsolete static prop option to do its fade in screen space @ -304.00 1600.00 0.00
Encountered obsolete static prop option to do its fade in screen space @ 240.00 1376.00 512.00
Encountered obsolete static prop option to do its fade in screen space @ 432.00 928.00 512.00
Encountered obsolete static prop option to do its fade in screen space @ 432.00 672.00 512.00
Encountered obsolete static prop option to do its fade in screen space @ -272.00 -32.00 320.00
Encountered obsolete static prop option to do its fade in screen space @ -272.00 -32.00 448.00
Encountered obsolete static prop option to do its fade in screen space @ -304.00 -32.00 320.00
Encountered obsolete static prop option to do its fade in screen space @ -304.00 -32.00 448.00
Encountered obsolete static prop option to do its fade in screen space @ -128.00 -176.00 448.00
Encountered obsolete static prop option to do its fade in screen space @ -128.00 -144.00 448.00
Encountered obsolete static prop option to do its fade in screen space @ -384.00 1904.00 192.00
Encountered obsolete static prop option to do its fade in screen space @ -384.00 1936.00 192.00
Placing detail props : 0...1...2...3...4...5...6...7...8...9...10
Compacting texture/material tables...
Reduced 1895 texinfos to 975
Reduced 73 texdatas to 70 (2261 bytes to 2133)
Writing d:\steamlibrary\steamapps\common\portal 2\portal2_dlc3\maps\sp_a4_tb_polarity.bsp

nummapplanes:     (  7532 / 65536 )
nummapbrushes:    (  1482 /  8192 )
nummapbrushsides: ( 12015 / 65536 )
num_map_overlays: (    13 /   512 )
nummodels:        (    98 /  1024 )
num_entities:     (   589 / 16384 )

4 seconds elapsed



12 threads
reading d:\steamlibrary\steamapps\common\portal 2\portal2_dlc3\maps\sp_a4_tb_polarity.bsp
reading d:\steamlibrary\steamapps\common\portal 2\portal2_dlc3\maps\sp_a4_tb_polarity.prt
 568 portalclusters
1654 numportals
0...1...2...3...4...5...6...7...8...9...10Optimized: 9555 visible clusters (0.00%)
Total clusters visible: 220991
Average clusters visible: 389
Building PAS...
Average clusters audible: 503
visdatasize:81347  compressed from 81792
writing d:\steamlibrary\steamapps\common\portal 2\portal2_dlc3\maps\sp_a4_tb_polarity.bsp
0 seconds elapsed



[Reading texlights from 'lights.rad']
[59 texlights parsed from 'lights.rad']

Loading d:\steamlibrary\steamapps\common\portal 2\portal2_dlc3\maps\sp_a4_tb_polarity.bsp
Loaded alpha texture materials\Tools\toolsinvisible.vtf
3217 faces
1 degenerate faces
6842156 square feet [985270528.00 square inches]
0 Displacements
0 Square Feet [0.00 Square Inches]
3216 patches before subdivision
zero area child patch
zero area child patch
73502 patches after subdivision
128 direct lights
0...1...2...3...4...5...6...7...8...9...100...1...2...3...4...5...6...7...8...9...10transfers 7010819, max 643
transfer lists:  53.5 megs
0...1...2...3...4...5...6...7...8...9...10	Bounce #1 added RGB(22420, 25046, 25558)
0...1...2...3...4...5...6...7...8...9...10	Bounce #2 added RGB(9823, 10924, 11296)
0...1...2...3...4...5...6...7...8...9...10	Bounce #3 added RGB(4665, 5168, 5340)
0...1...2...3...4...5...6...7...8...9...10	Bounce #4 added RGB(2335, 2585, 2666)
0...1...2...3...4...5...6...7...8...9...10	Bounce #5 added RGB(1179, 1305, 1341)
0...1...2...3...4...5...6...7...8...9...10	Bounce #6 added RGB(600, 665, 681)
0...1...2...3...4...5...6...7...8...9...10	Bounce #7 added RGB(306, 340, 347)
0...1...2...3...4...5...6...7...8...9...10	Bounce #8 added RGB(157, 174, 177)
0...1...2...3...4...5...6...7...8...9...10	Bounce #9 added RGB(80, 89, 91)
0...1...2...3...4...5...6...7...8...9...10	Bounce #10 added RGB(41, 46, 47)
0...1...2...3...4...5...6...7...8...9...10	Bounce #11 added RGB(21, 23, 24)
0...1...2...3...4...5...6...7...8...9...10	Bounce #12 added RGB(11, 12, 12)
0...1...2...3...4...5...6...7...8...9...10	Bounce #13 added RGB(6, 6, 6)
0...1...2...3...4...5...6...7...8...9...10	Bounce #14 added RGB(3, 3, 3)
0...1...2...3...4...5...6...7...8...9...10	Bounce #15 added RGB(1, 2, 2)
0...1...2...3...4...5...6...7...8...9...10	Bounce #16 added RGB(1, 1, 1)
Build Patch/Sample Hash Table(s).....Done<0.0279 sec>
0...1...2...3...4...5...6...7...8...9...10FinalLightFace Done
66 of 66 (100% of) surface lights went in leaf ambient cubes.
0...1...2...3...4...5...6...7...8...9...10Writing leaf ambient...done
Computing static prop lighting : 00...1...2...3...4...5...6...7...8...9...10
Ready to Finish

Object names       Objects/Maxobjs  Memory / Maxmem  Fullness 
------------       ---------------  ---------------  -------- 
models                  98/1024         4704/49152    ( 9.6%) 
brushes               1482/8192        17784/98304    (18.1%) 
brushsides           12096/65536       96768/524288   (18.5%) 
planes                7532/65536      150640/1310720  (11.5%) 
vertexes              7303/65536       87636/786432   (11.1%) 
nodes                 2230/65536       71360/2097152  ( 3.4%) 
texinfos               975/12288       70200/884736   ( 7.9%) 
texdata                 70/2048         2240/65536    ( 3.4%) 
dispinfos                0/0               0/0        ( 0.0%) 
disp_verts               0/0               0/0        ( 0.0%) 
disp_tris                0/0               0/0        ( 0.0%) 
disp_multiblend          0/0               0/0        ( 0.0%) 
disp_lmsamples           0/0               0/0        ( 0.0%) 
faces                 3217/65536      180152/3670016  ( 4.9%) 
hdr faces                0/65536           0/3670016  ( 0.0%) 
origfaces             2179/65536      122024/3670016  ( 3.3%) 
facebrushes            378/0             756/0        ( 0.0%) 
facebrushlists        3217/0           12868/0        ( 0.0%) 
leaves                2329/65536       74528/2097152  ( 3.6%) 
leaffaces             4531/65536        9062/131072   ( 6.9%) 
leafbrushes           2944/65536        5888/131072   ( 4.5%) 
areas                   12/256            96/2048     ( 4.7%) 
surfedges            23581/512000      94324/2048000  ( 4.6%) 
edges                14557/256000      58228/1024000  ( 5.7%) 
LDR worldlights        128/8192        12800/819200   ( 1.6%) 
HDR worldlights          0/8192            0/819200   ( 0.0%) 
leafwaterdata            0/32768           0/393216   ( 0.0%) 
waterstrips            408/32768        4080/327680   ( 1.2%) 
waterverts               0/65536           0/786432   ( 0.0%) 
waterindices          7353/65536       14706/131072   (11.2%) 
cubemapsamples          11/1024          176/16384    ( 1.1%) 
overlays                13/512          4576/180224   ( 2.5%) 
LDR lightdata         [variable]     7064504/0        ( 0.0%) 
HDR lightdata         [variable]           0/0        ( 0.0%) 
visdata               [variable]       81347/16777216 ( 0.5%) 
entdata               [variable]      193423/393216   (49.2%) 
LDR ambient table     2329/65536        9316/262144   ( 3.6%) 
HDR ambient table     2329/65536        9316/262144   ( 3.6%) 
LDR leaf ambient      8187/65536      229236/1835008  (12.5%) 
HDR leaf ambient      2329/65536       65212/1835008  ( 3.6%) 
occluders                0/0               0/0        ( 0.0%) 
occluder polygons        0/0               0/0        ( 0.0%) 
occluder vert ind        0/0               0/0        ( 0.0%) 
detail props          [variable]           1/12       ( 8.3%) 
static props          [variable]           1/48702    ( 0.0%) 
pakfile               [variable]     3605662/0        ( 0.0%) 
physics               [variable]      548993/4194304  (13.1%) 
physics terrain       [variable]           2/1048576  ( 0.0%) 

Level flags = 1

Total triangle count: 8478
Writing d:\steamlibrary\steamapps\common\portal 2\portal2_dlc3\maps\sp_a4_tb_polarity.bsp
1 minute, 46 seconds elapsed



[Reading texlights from 'lights.rad']
[59 texlights parsed from 'lights.rad']

Loading d:\steamlibrary\steamapps\common\portal 2\portal2_dlc3\maps\sp_a4_tb_polarity.bsp
Loaded alpha texture materials\Tools\toolsinvisible.vtf
3217 faces
1 degenerate faces
6842156 square feet [985270528.00 square inches]
0 Displacements
0 Square Feet [0.00 Square Inches]
3216 patches before subdivision
zero area child patch
zero area child patch
73502 patches after subdivision
128 direct lights
0...1...2...3...4...5...6...7...8...9...100...1...2...3...4...5...6...7...8...9...10transfers 7010819, max 643
transfer lists:  53.5 megs
0...1...2...3...4...5...6...7...8...9...10	Bounce #1 added RGB(22421, 25048, 25560)
0...1...2...3...4...5...6...7...8...9...10	Bounce #2 added RGB(9824, 10926, 11297)
0...1...2...3...4...5...6...7...8...9...10	Bounce #3 added RGB(4666, 5168, 5341)
0...1...2...3...4...5...6...7...8...9...10	Bounce #4 added RGB(2335, 2586, 2666)
0...1...2...3...4...5...6...7...8...9...10	Bounce #5 added RGB(1179, 1305, 1341)
0...1...2...3...4...5...6...7...8...9...10	Bounce #6 added RGB(600, 665, 681)
0...1...2...3...4...5...6...7...8...9...10	Bounce #7 added RGB(306, 340, 347)
0...1...2...3...4...5...6...7...8...9...10	Bounce #8 added RGB(157, 174, 177)
0...1...2...3...4...5...6...7...8...9...10	Bounce #9 added RGB(80, 89, 91)
0...1...2...3...4...5...6...7...8...9...10	Bounce #10 added RGB(41, 46, 47)
0...1...2...3...4...5...6...7...8...9...10	Bounce #11 added RGB(21, 23, 24)
0...1...2...3...4...5...6...7...8...9...10	Bounce #12 added RGB(11, 12, 12)
0...1...2...3...4...5...6...7...8...9...10	Bounce #13 added RGB(6, 6, 6)
0...1...2...3...4...5...6...7...8...9...10	Bounce #14 added RGB(3, 3, 3)
0...1...2...3...4...5...6...7...8...9...10	Bounce #15 added RGB(1, 2, 2)
0...1...2...3...4...5...6...7...8...9...10	Bounce #16 added RGB(1, 1, 1)
Build Patch/Sample Hash Table(s).....Done<0.7667 sec>
0...1...2...3...4...5...6...7...8...9...10FinalLightFace Done
66 of 66 (100% of) surface lights went in leaf ambient cubes.
0...1...2...3...4...5...6...7...8...9...10Writing leaf ambient...done
Computing static prop lighting : 00...1...2...3...4...5...6...7...8...9...10
Ready to Finish

Object names       Objects/Maxobjs  Memory / Maxmem  Fullness 
------------       ---------------  ---------------  -------- 
models                  98/1024         4704/49152    ( 9.6%) 
brushes               1482/8192        17784/98304    (18.1%) 
brushsides           12096/65536       96768/524288   (18.5%) 
planes                7532/65536      150640/1310720  (11.5%) 
vertexes              7303/65536       87636/786432   (11.1%) 
nodes                 2230/65536       71360/2097152  ( 3.4%) 
texinfos               975/12288       70200/884736   ( 7.9%) 
texdata                 70/2048         2240/65536    ( 3.4%) 
dispinfos                0/0               0/0        ( 0.0%) 
disp_verts               0/0               0/0        ( 0.0%) 
disp_tris                0/0               0/0        ( 0.0%) 
disp_multiblend          0/0               0/0        ( 0.0%) 
disp_lmsamples           0/0               0/0        ( 0.0%) 
faces                 3217/65536      180152/3670016  ( 4.9%) 
hdr faces             3217/65536      180152/3670016  ( 4.9%) 
origfaces             2179/65536      122024/3670016  ( 3.3%) 
facebrushes            378/0             756/0        ( 0.0%) 
facebrushlists        3217/0           12868/0        ( 0.0%) 
leaves                2329/65536       74528/2097152  ( 3.6%) 
leaffaces             4531/65536        9062/131072   ( 6.9%) 
leafbrushes           2944/65536        5888/131072   ( 4.5%) 
areas                   12/256            96/2048     ( 4.7%) 
surfedges            23581/512000      94324/2048000  ( 4.6%) 
edges                14557/256000      58228/1024000  ( 5.7%) 
LDR worldlights        128/8192        12800/819200   ( 1.6%) 
HDR worldlights        128/8192        12800/819200   ( 1.6%) 
leafwaterdata            0/32768           0/393216   ( 0.0%) 
waterstrips            408/32768        4080/327680   ( 1.2%) 
waterverts               0/65536           0/786432   ( 0.0%) 
waterindices          7353/65536       14706/131072   (11.2%) 
cubemapsamples          11/1024          176/16384    ( 1.1%) 
overlays                13/512          4576/180224   ( 2.5%) 
LDR lightdata         [variable]     7064504/0        ( 0.0%) 
HDR lightdata         [variable]     7064504/0        ( 0.0%) 
visdata               [variable]       81347/16777216 ( 0.5%) 
entdata               [variable]      193423/393216   (49.2%) 
LDR ambient table     2329/65536        9316/262144   ( 3.6%) 
HDR ambient table     2329/65536        9316/262144   ( 3.6%) 
LDR leaf ambient      8187/65536      229236/1835008  (12.5%) 
HDR leaf ambient      8187/65536      229236/1835008  (12.5%) 
occluders                0/0               0/0        ( 0.0%) 
occluder polygons        0/0               0/0        ( 0.0%) 
occluder vert ind        0/0               0/0        ( 0.0%) 
detail props          [variable]           1/12       ( 8.3%) 
static props          [variable]           1/48702    ( 0.0%) 
pakfile               [variable]     6320402/0        ( 0.0%) 
physics               [variable]      548993/4194304  (13.1%) 
physics terrain       [variable]           2/1048576  ( 0.0%) 

Level flags = 3

Total triangle count: 8478
Writing d:\steamlibrary\steamapps\common\portal 2\portal2_dlc3\maps\sp_a4_tb_polarity.bsp
1 minute, 55 seconds elapsed
