


materialPath: D:\SteamLibrary\steamapps\common\Portal 2\portal2\materials
Loading d:\steamlibrary\steamapps\common\portal 2\portal2_dlc3\maps\sp_a2_ricochet.vmf
ConVarRef gpu_level doesn't point to an existing ConVar
Patching WVT material: maps/sp_a2_ricochet/metal/blendblackfloormetal_dirt02_wvt_patch
fixing up env_cubemap materials on brush sides...
0...1...2...3...4...5...6...7...8...9...100...1...2...3...4...5...6...7...8...9...10**** leaked ****
Entity prop_static (1211.39 1760.00 -1187.94) leaked!

FindPortalSide: Couldn't find a good match for which brush to assign to a portal near (5632.0 4096.0 -2216.0)
Leaf 0 contents: 
Leaf 1 contents: CONTENTS_SOLID 
viscontents (node 0 contents ^ node 1 contents): CONTENTS_SOLID 
This means that none of the brushes in leaf 0 or 1 that touches the portal has CONTENTS_SOLID 
Check for a huge brush enclosing the coordinates above that has contents CONTENTS_SOLID 
Candidate brush IDs: 


FindPortalSide: Couldn't find a good match for which brush to assign to a portal near (6144.0 3584.0 -2216.0)
Leaf 0 contents: 
Leaf 1 contents: CONTENTS_SOLID 
viscontents (node 0 contents ^ node 1 contents): CONTENTS_SOLID 
This means that none of the brushes in leaf 0 or 1 that touches the portal has CONTENTS_SOLID 
Check for a huge brush enclosing the coordinates above that has contents CONTENTS_SOLID 
Candidate brush IDs: 


FindPortalSide: Couldn't find a good match for which brush to assign to a portal near (5632.0 2048.0 -2216.0)
Leaf 0 contents: CONTENTS_SOLID 
Leaf 1 contents: 
viscontents (node 0 contents ^ node 1 contents): CONTENTS_SOLID 
This means that none of the brushes in leaf 0 or 1 that touches the portal has CONTENTS_SOLID 
Check for a huge brush enclosing the coordinates above that has contents CONTENTS_SOLID 
Candidate brush IDs: 


FindPortalSide: Couldn't find a good match for which brush to assign to a portal near (6144.0 2560.0 -2216.0)
Leaf 0 contents: 
Leaf 1 contents: CONTENTS_SOLID 
viscontents (node 0 contents ^ node 1 contents): CONTENTS_SOLID 
This means that none of the brushes in leaf 0 or 1 that touches the portal has CONTENTS_SOLID 
Check for a huge brush enclosing the coordinates above that has contents CONTENTS_SOLID 
Candidate brush IDs: 


FindPortalSide: Couldn't find a good match for which brush to assign to a portal near (4608.0 4096.0 -2216.0)
Leaf 0 contents: 
Leaf 1 contents: CONTENTS_SOLID 
viscontents (node 0 contents ^ node 1 contents): CONTENTS_SOLID 
This means that none of the brushes in leaf 0 or 1 that touches the portal has CONTENTS_SOLID 
Check for a huge brush enclosing the coordinates above that has contents CONTENTS_SOLID 
Candidate brush IDs: 


FindPortalSide: Couldn't find a good match for which brush to assign to a portal near (4128.0 2048.0 -2880.0)
Leaf 0 contents: CONTENTS_SOLID 
Leaf 1 contents: 
viscontents (node 0 contents ^ node 1 contents): CONTENTS_SOLID 
This means that none of the brushes in leaf 0 or 1 that touches the portal has CONTENTS_SOLID 
Check for a huge brush enclosing the coordinates above that has contents CONTENTS_SOLID 
Candidate brush IDs: 


FindPortalSide: Couldn't find a good match for which brush to assign to a portal near (4128.0 2048.0 -512.0)
Leaf 0 contents: CONTENTS_SOLID 
Leaf 1 contents: 
viscontents (node 0 contents ^ node 1 contents): CONTENTS_SOLID 
This means that none of the brushes in leaf 0 or 1 that touches the portal has CONTENTS_SOLID 
Check for a huge brush enclosing the coordinates above that has contents CONTENTS_SOLID 
Candidate brush IDs: 


FindPortalSide: Couldn't find a good match for which brush to assign to a portal near (4128.0 2048.0 152.0)
Leaf 0 contents: CONTENTS_SOLID 
Leaf 1 contents: 
viscontents (node 0 contents ^ node 1 contents): CONTENTS_SOLID 
This means that none of the brushes in leaf 0 or 1 that touches the portal has CONTENTS_SOLID 
Check for a huge brush enclosing the coordinates above that has contents CONTENTS_SOLID 
Candidate brush IDs: 

*** Suppressing further FindPortalSide errors.... ***
Processing areas...done (0)
Building Faces...done (0)
Chop Details...done (0)
Find Visible Detail Sides...
Merged 330 detail faces...done (0)
Merging details...done (0)
FixTjuncs...
PruneNodes...
WriteBSP...
done (0)
Finding displacement neighbors...
Finding lightmap sample positions...
Displacement Alpha : 0...1...2...3...4...5...6...7...8...9...10
Building Physics collision data...
done (1) (627311 bytes)
Encountered obsolete static prop option to do its fade in screen space @ 2176.00 1328.00 -128.00
Encountered obsolete static prop option to do its fade in screen space @ 2064.00 896.00 -256.00
Encountered obsolete static prop option to do its fade in screen space @ 2304.00 1328.00 -128.00
Encountered obsolete static prop option to do its fade in screen space @ 1312.00 2160.00 -1248.00
Encountered obsolete static prop option to do its fade in screen space @ 1312.00 2192.00 -1248.00
Encountered obsolete static prop option to do its fade in screen space @ 3952.00 1152.00 -320.00
Encountered obsolete static prop option to do its fade in screen space @ 3920.00 1152.00 -320.00
Placing detail props : 0...1...2...3...4...5...6...7...8...9...10
Compacting texture/material tables...
Reduced 2144 texinfos to 1179
Reduced 90 texdatas to 87 (2882 bytes to 2770)
Writing d:\steamlibrary\steamapps\common\portal 2\portal2_dlc3\maps\sp_a2_ricochet.bsp

nummapplanes:     ( 10102 / 65536 )
nummapbrushes:    (  1660 /  8192 )
nummapbrushsides: ( 14332 / 65536 )
num_map_overlays: (    66 /   512 )
nummodels:        (   141 /  1024 )
num_entities:     (   660 / 16384 )

2 seconds elapsed



12 threads
reading d:\steamlibrary\steamapps\common\portal 2\portal2_dlc3\maps\sp_a2_ricochet.bsp
reading d:\steamlibrary\steamapps\common\portal 2\portal2_dlc3\maps\sp_a2_ricochet.prt
LoadPortals: couldn't read d:\steamlibrary\steamapps\common\portal 2\portal2_dlc3\maps\sp_a2_ricochet.prt



materialPath: D:\SteamLibrary\steamapps\common\Portal 2\portal2\materials
Loading d:\steamlibrary\steamapps\common\portal 2\portal2_dlc3\maps\sp_a2_ricochet.vmf
ConVarRef gpu_level doesn't point to an existing ConVar
Patching WVT material: maps/sp_a2_ricochet/metal/blendblackfloormetal_dirt02_wvt_patch
fixing up env_cubemap materials on brush sides...
0...1...2...3...4...5...6...7...8...9...100...1...2...3...4...5...6...7...8...9...10**** leaked ****
Entity prop_static (1211.39 1760.00 -1187.94) leaked!

FindPortalSide: Couldn't find a good match for which brush to assign to a portal near (5632.0 4096.0 -2216.0)
Leaf 0 contents: 
Leaf 1 contents: CONTENTS_SOLID 
viscontents (node 0 contents ^ node 1 contents): CONTENTS_SOLID 
This means that none of the brushes in leaf 0 or 1 that touches the portal has CONTENTS_SOLID 
Check for a huge brush enclosing the coordinates above that has contents CONTENTS_SOLID 
Candidate brush IDs: 


FindPortalSide: Couldn't find a good match for which brush to assign to a portal near (6144.0 3584.0 -2216.0)
Leaf 0 contents: 
Leaf 1 contents: CONTENTS_SOLID 
viscontents (node 0 contents ^ node 1 contents): CONTENTS_SOLID 
This means that none of the brushes in leaf 0 or 1 that touches the portal has CONTENTS_SOLID 
Check for a huge brush enclosing the coordinates above that has contents CONTENTS_SOLID 
Candidate brush IDs: 


FindPortalSide: Couldn't find a good match for which brush to assign to a portal near (5632.0 2048.0 -2216.0)
Leaf 0 contents: CONTENTS_SOLID 
Leaf 1 contents: 
viscontents (node 0 contents ^ node 1 contents): CONTENTS_SOLID 
This means that none of the brushes in leaf 0 or 1 that touches the portal has CONTENTS_SOLID 
Check for a huge brush enclosing the coordinates above that has contents CONTENTS_SOLID 
Candidate brush IDs: 


FindPortalSide: Couldn't find a good match for which brush to assign to a portal near (6144.0 2560.0 -2216.0)
Leaf 0 contents: 
Leaf 1 contents: CONTENTS_SOLID 
viscontents (node 0 contents ^ node 1 contents): CONTENTS_SOLID 
This means that none of the brushes in leaf 0 or 1 that touches the portal has CONTENTS_SOLID 
Check for a huge brush enclosing the coordinates above that has contents CONTENTS_SOLID 
Candidate brush IDs: 


FindPortalSide: Couldn't find a good match for which brush to assign to a portal near (4608.0 4096.0 -2216.0)
Leaf 0 contents: 
Leaf 1 contents: CONTENTS_SOLID 
viscontents (node 0 contents ^ node 1 contents): CONTENTS_SOLID 
This means that none of the brushes in leaf 0 or 1 that touches the portal has CONTENTS_SOLID 
Check for a huge brush enclosing the coordinates above that has contents CONTENTS_SOLID 
Candidate brush IDs: 


FindPortalSide: Couldn't find a good match for which brush to assign to a portal near (4128.0 2048.0 -2880.0)
Leaf 0 contents: CONTENTS_SOLID 
Leaf 1 contents: 
viscontents (node 0 contents ^ node 1 contents): CONTENTS_SOLID 
This means that none of the brushes in leaf 0 or 1 that touches the portal has CONTENTS_SOLID 
Check for a huge brush enclosing the coordinates above that has contents CONTENTS_SOLID 
Candidate brush IDs: 


FindPortalSide: Couldn't find a good match for which brush to assign to a portal near (4128.0 2048.0 -512.0)
Leaf 0 contents: CONTENTS_SOLID 
Leaf 1 contents: 
viscontents (node 0 contents ^ node 1 contents): CONTENTS_SOLID 
This means that none of the brushes in leaf 0 or 1 that touches the portal has CONTENTS_SOLID 
Check for a huge brush enclosing the coordinates above that has contents CONTENTS_SOLID 
Candidate brush IDs: 


FindPortalSide: Couldn't find a good match for which brush to assign to a portal near (4128.0 2048.0 152.0)
Leaf 0 contents: CONTENTS_SOLID 
Leaf 1 contents: 
viscontents (node 0 contents ^ node 1 contents): CONTENTS_SOLID 
This means that none of the brushes in leaf 0 or 1 that touches the portal has CONTENTS_SOLID 
Check for a huge brush enclosing the coordinates above that has contents CONTENTS_SOLID 
Candidate brush IDs: 

*** Suppressing further FindPortalSide errors.... ***
Processing areas...done (0)
Building Faces...done (0)
Chop Details...done (0)
Find Visible Detail Sides...
Merged 330 detail faces...done (0)
Merging details...done (0)
FixTjuncs...
PruneNodes...
WriteBSP...
done (0)
Finding displacement neighbors...
Finding lightmap sample positions...
Displacement Alpha : 0...1...2...3...4...5...6...7...8...9...10
Building Physics collision data...
done (0) (627311 bytes)
Encountered obsolete static prop option to do its fade in screen space @ 2176.00 1328.00 -128.00
Encountered obsolete static prop option to do its fade in screen space @ 2064.00 896.00 -256.00
Encountered obsolete static prop option to do its fade in screen space @ 2304.00 1328.00 -128.00
Encountered obsolete static prop option to do its fade in screen space @ 1312.00 2160.00 -1248.00
Encountered obsolete static prop option to do its fade in screen space @ 1312.00 2192.00 -1248.00
Encountered obsolete static prop option to do its fade in screen space @ 3952.00 1152.00 -320.00
Encountered obsolete static prop option to do its fade in screen space @ 3920.00 1152.00 -320.00
Placing detail props : 0...1...2...3...4...5...6...7...8...9...10
Compacting texture/material tables...
Reduced 2144 texinfos to 1179
Reduced 90 texdatas to 87 (2882 bytes to 2770)
Writing d:\steamlibrary\steamapps\common\portal 2\portal2_dlc3\maps\sp_a2_ricochet.bsp

nummapplanes:     ( 10102 / 65536 )
nummapbrushes:    (  1660 /  8192 )
nummapbrushsides: ( 14332 / 65536 )
num_map_overlays: (    66 /   512 )
nummodels:        (   141 /  1024 )
num_entities:     (   660 / 16384 )

2 seconds elapsed



12 threads
reading d:\steamlibrary\steamapps\common\portal 2\portal2_dlc3\maps\sp_a2_ricochet.bsp
reading d:\steamlibrary\steamapps\common\portal 2\portal2_dlc3\maps\sp_a2_ricochet.prt
LoadPortals: couldn't read d:\steamlibrary\steamapps\common\portal 2\portal2_dlc3\maps\sp_a2_ricochet.prt



materialPath: D:\SteamLibrary\steamapps\common\Portal 2\portal2\materials
Loading d:\steamlibrary\steamapps\common\portal 2\portal2_dlc3\maps\sp_a2_ricochet.vmf
ConVarRef gpu_level doesn't point to an existing ConVar
Patching WVT material: maps/sp_a2_ricochet/metal/blendblackfloormetal_dirt02_wvt_patch
fixing up env_cubemap materials on brush sides...
0...1...2...3...4...5...6...7...8...9...100...1...2...3...4...5...6...7...8...9...10**** leaked ****
Entity prop_static (1211.39 1760.00 -1187.94) leaked!

FindPortalSide: Couldn't find a good match for which brush to assign to a portal near (5632.0 4096.0 -2216.0)
Leaf 0 contents: 
Leaf 1 contents: CONTENTS_SOLID 
viscontents (node 0 contents ^ node 1 contents): CONTENTS_SOLID 
This means that none of the brushes in leaf 0 or 1 that touches the portal has CONTENTS_SOLID 
Check for a huge brush enclosing the coordinates above that has contents CONTENTS_SOLID 
Candidate brush IDs: 


FindPortalSide: Couldn't find a good match for which brush to assign to a portal near (6144.0 3584.0 -2216.0)
Leaf 0 contents: 
Leaf 1 contents: CONTENTS_SOLID 
viscontents (node 0 contents ^ node 1 contents): CONTENTS_SOLID 
This means that none of the brushes in leaf 0 or 1 that touches the portal has CONTENTS_SOLID 
Check for a huge brush enclosing the coordinates above that has contents CONTENTS_SOLID 
Candidate brush IDs: 


FindPortalSide: Couldn't find a good match for which brush to assign to a portal near (5632.0 2048.0 -2216.0)
Leaf 0 contents: CONTENTS_SOLID 
Leaf 1 contents: 
viscontents (node 0 contents ^ node 1 contents): CONTENTS_SOLID 
This means that none of the brushes in leaf 0 or 1 that touches the portal has CONTENTS_SOLID 
Check for a huge brush enclosing the coordinates above that has contents CONTENTS_SOLID 
Candidate brush IDs: 


FindPortalSide: Couldn't find a good match for which brush to assign to a portal near (6144.0 2560.0 -2216.0)
Leaf 0 contents: 
Leaf 1 contents: CONTENTS_SOLID 
viscontents (node 0 contents ^ node 1 contents): CONTENTS_SOLID 
This means that none of the brushes in leaf 0 or 1 that touches the portal has CONTENTS_SOLID 
Check for a huge brush enclosing the coordinates above that has contents CONTENTS_SOLID 
Candidate brush IDs: 


FindPortalSide: Couldn't find a good match for which brush to assign to a portal near (4608.0 4096.0 -2216.0)
Leaf 0 contents: 
Leaf 1 contents: CONTENTS_SOLID 
viscontents (node 0 contents ^ node 1 contents): CONTENTS_SOLID 
This means that none of the brushes in leaf 0 or 1 that touches the portal has CONTENTS_SOLID 
Check for a huge brush enclosing the coordinates above that has contents CONTENTS_SOLID 
Candidate brush IDs: 


FindPortalSide: Couldn't find a good match for which brush to assign to a portal near (4128.0 2048.0 -2880.0)
Leaf 0 contents: CONTENTS_SOLID 
Leaf 1 contents: 
viscontents (node 0 contents ^ node 1 contents): CONTENTS_SOLID 
This means that none of the brushes in leaf 0 or 1 that touches the portal has CONTENTS_SOLID 
Check for a huge brush enclosing the coordinates above that has contents CONTENTS_SOLID 
Candidate brush IDs: 


FindPortalSide: Couldn't find a good match for which brush to assign to a portal near (4128.0 2048.0 -512.0)
Leaf 0 contents: CONTENTS_SOLID 
Leaf 1 contents: 
viscontents (node 0 contents ^ node 1 contents): CONTENTS_SOLID 
This means that none of the brushes in leaf 0 or 1 that touches the portal has CONTENTS_SOLID 
Check for a huge brush enclosing the coordinates above that has contents CONTENTS_SOLID 
Candidate brush IDs: 


FindPortalSide: Couldn't find a good match for which brush to assign to a portal near (4128.0 2048.0 152.0)
Leaf 0 contents: CONTENTS_SOLID 
Leaf 1 contents: 
viscontents (node 0 contents ^ node 1 contents): CONTENTS_SOLID 
This means that none of the brushes in leaf 0 or 1 that touches the portal has CONTENTS_SOLID 
Check for a huge brush enclosing the coordinates above that has contents CONTENTS_SOLID 
Candidate brush IDs: 

*** Suppressing further FindPortalSide errors.... ***
Processing areas...done (0)
Building Faces...done (0)
Chop Details...done (0)
Find Visible Detail Sides...
Merged 330 detail faces...done (0)
Merging details...done (0)
FixTjuncs...
PruneNodes...
WriteBSP...
done (0)
Finding displacement neighbors...
Finding lightmap sample positions...
Displacement Alpha : 0...1...2...3...4...5...6...7...8...9...10
Building Physics collision data...
done (0) (627311 bytes)
Encountered obsolete static prop option to do its fade in screen space @ 2176.00 1328.00 -128.00
Encountered obsolete static prop option to do its fade in screen space @ 2064.00 896.00 -256.00
Encountered obsolete static prop option to do its fade in screen space @ 2304.00 1328.00 -128.00
Encountered obsolete static prop option to do its fade in screen space @ 1312.00 2160.00 -1248.00
Encountered obsolete static prop option to do its fade in screen space @ 1312.00 2192.00 -1248.00
Encountered obsolete static prop option to do its fade in screen space @ 3952.00 1152.00 -320.00
Encountered obsolete static prop option to do its fade in screen space @ 3920.00 1152.00 -320.00
Placing detail props : 0...1...2...3...4...5...6...7...8...9...10
Compacting texture/material tables...
Reduced 2144 texinfos to 1179
Reduced 90 texdatas to 87 (2882 bytes to 2770)
Writing d:\steamlibrary\steamapps\common\portal 2\portal2_dlc3\maps\sp_a2_ricochet.bsp

nummapplanes:     ( 10102 / 65536 )
nummapbrushes:    (  1660 /  8192 )
nummapbrushsides: ( 14332 / 65536 )
num_map_overlays: (    66 /   512 )
nummodels:        (   141 /  1024 )
num_entities:     (   660 / 16384 )

2 seconds elapsed



12 threads
reading d:\steamlibrary\steamapps\common\portal 2\portal2_dlc3\maps\sp_a2_ricochet.bsp
reading d:\steamlibrary\steamapps\common\portal 2\portal2_dlc3\maps\sp_a2_ricochet.prt
LoadPortals: couldn't read d:\steamlibrary\steamapps\common\portal 2\portal2_dlc3\maps\sp_a2_ricochet.prt



materialPath: D:\SteamLibrary\steamapps\common\Portal 2\portal2\materials
Loading d:\steamlibrary\steamapps\common\portal 2\portal2_dlc3\maps\sp_a2_ricochet.vmf
ConVarRef gpu_level doesn't point to an existing ConVar
Patching WVT material: maps/sp_a2_ricochet/metal/blendblackfloormetal_dirt02_wvt_patch
fixing up env_cubemap materials on brush sides...
0...1...2...3...4...5...6...7...8...9...100...1...2...3...4...5...6...7...8...9...10**** leaked ****
Entity prop_static (1211.39 1760.00 -1187.94) leaked!

FindPortalSide: Couldn't find a good match for which brush to assign to a portal near (5632.0 4096.0 -2216.0)
Leaf 0 contents: 
Leaf 1 contents: CONTENTS_SOLID 
viscontents (node 0 contents ^ node 1 contents): CONTENTS_SOLID 
This means that none of the brushes in leaf 0 or 1 that touches the portal has CONTENTS_SOLID 
Check for a huge brush enclosing the coordinates above that has contents CONTENTS_SOLID 
Candidate brush IDs: 


FindPortalSide: Couldn't find a good match for which brush to assign to a portal near (6144.0 3584.0 -2216.0)
Leaf 0 contents: 
Leaf 1 contents: CONTENTS_SOLID 
viscontents (node 0 contents ^ node 1 contents): CONTENTS_SOLID 
This means that none of the brushes in leaf 0 or 1 that touches the portal has CONTENTS_SOLID 
Check for a huge brush enclosing the coordinates above that has contents CONTENTS_SOLID 
Candidate brush IDs: 


FindPortalSide: Couldn't find a good match for which brush to assign to a portal near (5632.0 2048.0 -2216.0)
Leaf 0 contents: CONTENTS_SOLID 
Leaf 1 contents: 
viscontents (node 0 contents ^ node 1 contents): CONTENTS_SOLID 
This means that none of the brushes in leaf 0 or 1 that touches the portal has CONTENTS_SOLID 
Check for a huge brush enclosing the coordinates above that has contents CONTENTS_SOLID 
Candidate brush IDs: 


FindPortalSide: Couldn't find a good match for which brush to assign to a portal near (6144.0 2560.0 -2216.0)
Leaf 0 contents: 
Leaf 1 contents: CONTENTS_SOLID 
viscontents (node 0 contents ^ node 1 contents): CONTENTS_SOLID 
This means that none of the brushes in leaf 0 or 1 that touches the portal has CONTENTS_SOLID 
Check for a huge brush enclosing the coordinates above that has contents CONTENTS_SOLID 
Candidate brush IDs: 


FindPortalSide: Couldn't find a good match for which brush to assign to a portal near (4608.0 4096.0 -2216.0)
Leaf 0 contents: 
Leaf 1 contents: CONTENTS_SOLID 
viscontents (node 0 contents ^ node 1 contents): CONTENTS_SOLID 
This means that none of the brushes in leaf 0 or 1 that touches the portal has CONTENTS_SOLID 
Check for a huge brush enclosing the coordinates above that has contents CONTENTS_SOLID 
Candidate brush IDs: 


FindPortalSide: Couldn't find a good match for which brush to assign to a portal near (4128.0 2048.0 -2880.0)
Leaf 0 contents: CONTENTS_SOLID 
Leaf 1 contents: 
viscontents (node 0 contents ^ node 1 contents): CONTENTS_SOLID 
This means that none of the brushes in leaf 0 or 1 that touches the portal has CONTENTS_SOLID 
Check for a huge brush enclosing the coordinates above that has contents CONTENTS_SOLID 
Candidate brush IDs: 


FindPortalSide: Couldn't find a good match for which brush to assign to a portal near (4128.0 2048.0 -512.0)
Leaf 0 contents: CONTENTS_SOLID 
Leaf 1 contents: 
viscontents (node 0 contents ^ node 1 contents): CONTENTS_SOLID 
This means that none of the brushes in leaf 0 or 1 that touches the portal has CONTENTS_SOLID 
Check for a huge brush enclosing the coordinates above that has contents CONTENTS_SOLID 
Candidate brush IDs: 


FindPortalSide: Couldn't find a good match for which brush to assign to a portal near (4128.0 2048.0 152.0)
Leaf 0 contents: CONTENTS_SOLID 
Leaf 1 contents: 
viscontents (node 0 contents ^ node 1 contents): CONTENTS_SOLID 
This means that none of the brushes in leaf 0 or 1 that touches the portal has CONTENTS_SOLID 
Check for a huge brush enclosing the coordinates above that has contents CONTENTS_SOLID 
Candidate brush IDs: 

*** Suppressing further FindPortalSide errors.... ***
Processing areas...done (0)
Building Faces...done (0)
Chop Details...done (0)
Find Visible Detail Sides...
Merged 330 detail faces...done (0)
Merging details...done (0)
FixTjuncs...
PruneNodes...
WriteBSP...
done (0)
Finding displacement neighbors...
Finding lightmap sample positions...
Displacement Alpha : 0...1...2...3...4...5...6...7...8...9...10
Building Physics collision data...
done (0) (627311 bytes)
Encountered obsolete static prop option to do its fade in screen space @ 2176.00 1328.00 -128.00
Encountered obsolete static prop option to do its fade in screen space @ 2064.00 896.00 -256.00
Encountered obsolete static prop option to do its fade in screen space @ 2304.00 1328.00 -128.00
Encountered obsolete static prop option to do its fade in screen space @ 1312.00 2160.00 -1248.00
Encountered obsolete static prop option to do its fade in screen space @ 1312.00 2192.00 -1248.00
Encountered obsolete static prop option to do its fade in screen space @ 3952.00 1152.00 -320.00
Encountered obsolete static prop option to do its fade in screen space @ 3920.00 1152.00 -320.00
Placing detail props : 0...1...2...3...4...5...6...7...8...9...10
Compacting texture/material tables...
Reduced 2145 texinfos to 1180
Reduced 90 texdatas to 87 (2882 bytes to 2770)
Writing d:\steamlibrary\steamapps\common\portal 2\portal2_dlc3\maps\sp_a2_ricochet.bsp

nummapplanes:     ( 10106 / 65536 )
nummapbrushes:    (  1660 /  8192 )
nummapbrushsides: ( 14333 / 65536 )
num_map_overlays: (    66 /   512 )
nummodels:        (   141 /  1024 )
num_entities:     (   660 / 16384 )

2 seconds elapsed



12 threads
reading d:\steamlibrary\steamapps\common\portal 2\portal2_dlc3\maps\sp_a2_ricochet.bsp
reading d:\steamlibrary\steamapps\common\portal 2\portal2_dlc3\maps\sp_a2_ricochet.prt
LoadPortals: couldn't read d:\steamlibrary\steamapps\common\portal 2\portal2_dlc3\maps\sp_a2_ricochet.prt



materialPath: D:\SteamLibrary\steamapps\common\Portal 2\portal2\materials
Loading d:\steamlibrary\steamapps\common\portal 2\portal2_dlc3\maps\sp_a2_ricochet.vmf
ConVarRef gpu_level doesn't point to an existing ConVar
Patching WVT material: maps/sp_a2_ricochet/metal/blendblackfloormetal_dirt02_wvt_patch
fixing up env_cubemap materials on brush sides...
0...1...2...3...4...5...6...7...8...9...100...1...2...3...4...5...6...7...8...9...10**** leaked ****
Entity prop_static (1211.39 1888.00 -1187.94) leaked!

FindPortalSide: Couldn't find a good match for which brush to assign to a portal near (5632.0 4096.0 -2216.0)
Leaf 0 contents: 
Leaf 1 contents: CONTENTS_SOLID 
viscontents (node 0 contents ^ node 1 contents): CONTENTS_SOLID 
This means that none of the brushes in leaf 0 or 1 that touches the portal has CONTENTS_SOLID 
Check for a huge brush enclosing the coordinates above that has contents CONTENTS_SOLID 
Candidate brush IDs: 


FindPortalSide: Couldn't find a good match for which brush to assign to a portal near (6144.0 3584.0 -2216.0)
Leaf 0 contents: 
Leaf 1 contents: CONTENTS_SOLID 
viscontents (node 0 contents ^ node 1 contents): CONTENTS_SOLID 
This means that none of the brushes in leaf 0 or 1 that touches the portal has CONTENTS_SOLID 
Check for a huge brush enclosing the coordinates above that has contents CONTENTS_SOLID 
Candidate brush IDs: 


FindPortalSide: Couldn't find a good match for which brush to assign to a portal near (5632.0 2048.0 -2216.0)
Leaf 0 contents: CONTENTS_SOLID 
Leaf 1 contents: 
viscontents (node 0 contents ^ node 1 contents): CONTENTS_SOLID 
This means that none of the brushes in leaf 0 or 1 that touches the portal has CONTENTS_SOLID 
Check for a huge brush enclosing the coordinates above that has contents CONTENTS_SOLID 
Candidate brush IDs: 


FindPortalSide: Couldn't find a good match for which brush to assign to a portal near (6144.0 2560.0 -2216.0)
Leaf 0 contents: 
Leaf 1 contents: CONTENTS_SOLID 
viscontents (node 0 contents ^ node 1 contents): CONTENTS_SOLID 
This means that none of the brushes in leaf 0 or 1 that touches the portal has CONTENTS_SOLID 
Check for a huge brush enclosing the coordinates above that has contents CONTENTS_SOLID 
Candidate brush IDs: 


FindPortalSide: Couldn't find a good match for which brush to assign to a portal near (4608.0 4096.0 -2216.0)
Leaf 0 contents: 
Leaf 1 contents: CONTENTS_SOLID 
viscontents (node 0 contents ^ node 1 contents): CONTENTS_SOLID 
This means that none of the brushes in leaf 0 or 1 that touches the portal has CONTENTS_SOLID 
Check for a huge brush enclosing the coordinates above that has contents CONTENTS_SOLID 
Candidate brush IDs: 


FindPortalSide: Couldn't find a good match for which brush to assign to a portal near (4128.0 2048.0 -2880.0)
Leaf 0 contents: CONTENTS_SOLID 
Leaf 1 contents: 
viscontents (node 0 contents ^ node 1 contents): CONTENTS_SOLID 
This means that none of the brushes in leaf 0 or 1 that touches the portal has CONTENTS_SOLID 
Check for a huge brush enclosing the coordinates above that has contents CONTENTS_SOLID 
Candidate brush IDs: 


FindPortalSide: Couldn't find a good match for which brush to assign to a portal near (4128.0 2048.0 -512.0)
Leaf 0 contents: CONTENTS_SOLID 
Leaf 1 contents: 
viscontents (node 0 contents ^ node 1 contents): CONTENTS_SOLID 
This means that none of the brushes in leaf 0 or 1 that touches the portal has CONTENTS_SOLID 
Check for a huge brush enclosing the coordinates above that has contents CONTENTS_SOLID 
Candidate brush IDs: 


FindPortalSide: Couldn't find a good match for which brush to assign to a portal near (4128.0 2048.0 152.0)
Leaf 0 contents: CONTENTS_SOLID 
Leaf 1 contents: 
viscontents (node 0 contents ^ node 1 contents): CONTENTS_SOLID 
This means that none of the brushes in leaf 0 or 1 that touches the portal has CONTENTS_SOLID 
Check for a huge brush enclosing the coordinates above that has contents CONTENTS_SOLID 
Candidate brush IDs: 

*** Suppressing further FindPortalSide errors.... ***
Processing areas...done (0)
Building Faces...done (0)
Chop Details...done (0)
Find Visible Detail Sides...
Merged 330 detail faces...done (0)
Merging details...done (0)
FixTjuncs...
PruneNodes...
WriteBSP...
done (0)
Finding displacement neighbors...
Finding lightmap sample positions...
Displacement Alpha : 0...1...2...3...4...5...6...7...8...9...10
Building Physics collision data...
done (0) (627311 bytes)
Encountered obsolete static prop option to do its fade in screen space @ 2176.00 1328.00 -128.00
Encountered obsolete static prop option to do its fade in screen space @ 2064.00 896.00 -256.00
Encountered obsolete static prop option to do its fade in screen space @ 2304.00 1328.00 -128.00
Encountered obsolete static prop option to do its fade in screen space @ 1312.00 2160.00 -1248.00
Encountered obsolete static prop option to do its fade in screen space @ 1312.00 2192.00 -1248.00
Encountered obsolete static prop option to do its fade in screen space @ 3952.00 1152.00 -320.00
Encountered obsolete static prop option to do its fade in screen space @ 3920.00 1152.00 -320.00
Placing detail props : 0...1...2...3...4...5...6...7...8...9...10
Compacting texture/material tables...
Reduced 2145 texinfos to 1180
Reduced 90 texdatas to 87 (2882 bytes to 2770)
Writing d:\steamlibrary\steamapps\common\portal 2\portal2_dlc3\maps\sp_a2_ricochet.bsp

nummapplanes:     ( 10114 / 65536 )
nummapbrushes:    (  1660 /  8192 )
nummapbrushsides: ( 14337 / 65536 )
num_map_overlays: (    66 /   512 )
nummodels:        (   141 /  1024 )
num_entities:     (   660 / 16384 )

2 seconds elapsed



12 threads
reading d:\steamlibrary\steamapps\common\portal 2\portal2_dlc3\maps\sp_a2_ricochet.bsp
reading d:\steamlibrary\steamapps\common\portal 2\portal2_dlc3\maps\sp_a2_ricochet.prt
LoadPortals: couldn't read d:\steamlibrary\steamapps\common\portal 2\portal2_dlc3\maps\sp_a2_ricochet.prt



materialPath: D:\SteamLibrary\steamapps\common\Portal 2\portal2\materials
Loading d:\steamlibrary\steamapps\common\portal 2\portal2_dlc3\maps\sp_a2_ricochet.vmf
ConVarRef gpu_level doesn't point to an existing ConVar
Patching WVT material: maps/sp_a2_ricochet/metal/blendblackfloormetal_dirt02_wvt_patch
fixing up env_cubemap materials on brush sides...
0...1...2...3...4...5...6...7...8...9...100...1...2...3...4...5...6...7...8...9...10**** leaked ****
Entity logic_relay (1198.03 1808.00 -1365.78) leaked!

FindPortalSide: Couldn't find a good match for which brush to assign to a portal near (5632.0 4096.0 -2216.0)
Leaf 0 contents: 
Leaf 1 contents: CONTENTS_SOLID 
viscontents (node 0 contents ^ node 1 contents): CONTENTS_SOLID 
This means that none of the brushes in leaf 0 or 1 that touches the portal has CONTENTS_SOLID 
Check for a huge brush enclosing the coordinates above that has contents CONTENTS_SOLID 
Candidate brush IDs: 


FindPortalSide: Couldn't find a good match for which brush to assign to a portal near (6144.0 3584.0 -2216.0)
Leaf 0 contents: 
Leaf 1 contents: CONTENTS_SOLID 
viscontents (node 0 contents ^ node 1 contents): CONTENTS_SOLID 
This means that none of the brushes in leaf 0 or 1 that touches the portal has CONTENTS_SOLID 
Check for a huge brush enclosing the coordinates above that has contents CONTENTS_SOLID 
Candidate brush IDs: 


FindPortalSide: Couldn't find a good match for which brush to assign to a portal near (5632.0 2048.0 -2216.0)
Leaf 0 contents: CONTENTS_SOLID 
Leaf 1 contents: 
viscontents (node 0 contents ^ node 1 contents): CONTENTS_SOLID 
This means that none of the brushes in leaf 0 or 1 that touches the portal has CONTENTS_SOLID 
Check for a huge brush enclosing the coordinates above that has contents CONTENTS_SOLID 
Candidate brush IDs: 


FindPortalSide: Couldn't find a good match for which brush to assign to a portal near (6144.0 2560.0 -2216.0)
Leaf 0 contents: 
Leaf 1 contents: CONTENTS_SOLID 
viscontents (node 0 contents ^ node 1 contents): CONTENTS_SOLID 
This means that none of the brushes in leaf 0 or 1 that touches the portal has CONTENTS_SOLID 
Check for a huge brush enclosing the coordinates above that has contents CONTENTS_SOLID 
Candidate brush IDs: 


FindPortalSide: Couldn't find a good match for which brush to assign to a portal near (4608.0 4096.0 -2216.0)
Leaf 0 contents: 
Leaf 1 contents: CONTENTS_SOLID 
viscontents (node 0 contents ^ node 1 contents): CONTENTS_SOLID 
This means that none of the brushes in leaf 0 or 1 that touches the portal has CONTENTS_SOLID 
Check for a huge brush enclosing the coordinates above that has contents CONTENTS_SOLID 
Candidate brush IDs: 


FindPortalSide: Couldn't find a good match for which brush to assign to a portal near (4128.0 2048.0 -2880.0)
Leaf 0 contents: CONTENTS_SOLID 
Leaf 1 contents: 
viscontents (node 0 contents ^ node 1 contents): CONTENTS_SOLID 
This means that none of the brushes in leaf 0 or 1 that touches the portal has CONTENTS_SOLID 
Check for a huge brush enclosing the coordinates above that has contents CONTENTS_SOLID 
Candidate brush IDs: 


FindPortalSide: Couldn't find a good match for which brush to assign to a portal near (4128.0 2048.0 -512.0)
Leaf 0 contents: CONTENTS_SOLID 
Leaf 1 contents: 
viscontents (node 0 contents ^ node 1 contents): CONTENTS_SOLID 
This means that none of the brushes in leaf 0 or 1 that touches the portal has CONTENTS_SOLID 
Check for a huge brush enclosing the coordinates above that has contents CONTENTS_SOLID 
Candidate brush IDs: 


FindPortalSide: Couldn't find a good match for which brush to assign to a portal near (4128.0 2048.0 152.0)
Leaf 0 contents: CONTENTS_SOLID 
Leaf 1 contents: 
viscontents (node 0 contents ^ node 1 contents): CONTENTS_SOLID 
This means that none of the brushes in leaf 0 or 1 that touches the portal has CONTENTS_SOLID 
Check for a huge brush enclosing the coordinates above that has contents CONTENTS_SOLID 
Candidate brush IDs: 

*** Suppressing further FindPortalSide errors.... ***
Processing areas...done (0)
Building Faces...done (0)
Chop Details...done (0)
Find Visible Detail Sides...
Merged 330 detail faces...done (0)
Merging details...done (0)
FixTjuncs...
PruneNodes...
WriteBSP...
done (0)
Finding displacement neighbors...
Finding lightmap sample positions...
Displacement Alpha : 0...1...2...3...4...5...6...7...8...9...10
Building Physics collision data...
done (0) (627311 bytes)
Encountered obsolete static prop option to do its fade in screen space @ 2176.00 1328.00 -128.00
Encountered obsolete static prop option to do its fade in screen space @ 2064.00 896.00 -256.00
Encountered obsolete static prop option to do its fade in screen space @ 2304.00 1328.00 -128.00
Encountered obsolete static prop option to do its fade in screen space @ 1312.00 2160.00 -1248.00
Encountered obsolete static prop option to do its fade in screen space @ 1312.00 2192.00 -1248.00
Encountered obsolete static prop option to do its fade in screen space @ 3952.00 1152.00 -320.00
Encountered obsolete static prop option to do its fade in screen space @ 3920.00 1152.00 -320.00
Placing detail props : 0...1...2...3...4...5...6...7...8...9...10
Compacting texture/material tables...
Reduced 2145 texinfos to 1180
Reduced 90 texdatas to 87 (2882 bytes to 2770)
Writing d:\steamlibrary\steamapps\common\portal 2\portal2_dlc3\maps\sp_a2_ricochet.bsp

nummapplanes:     ( 10116 / 65536 )
nummapbrushes:    (  1660 /  8192 )
nummapbrushsides: ( 14336 / 65536 )
num_map_overlays: (    66 /   512 )
nummodels:        (   141 /  1024 )
num_entities:     (   660 / 16384 )

2 seconds elapsed



12 threads
reading d:\steamlibrary\steamapps\common\portal 2\portal2_dlc3\maps\sp_a2_ricochet.bsp
reading d:\steamlibrary\steamapps\common\portal 2\portal2_dlc3\maps\sp_a2_ricochet.prt
LoadPortals: couldn't read d:\steamlibrary\steamapps\common\portal 2\portal2_dlc3\maps\sp_a2_ricochet.prt



materialPath: D:\SteamLibrary\steamapps\common\Portal 2\portal2\materials
Loading d:\steamlibrary\steamapps\common\portal 2\portal2_dlc3\maps\sp_a2_ricochet.vmf
ConVarRef gpu_level doesn't point to an existing ConVar
Patching WVT material: maps/sp_a2_ricochet/metal/blendblackfloormetal_dirt02_wvt_patch
fixing up env_cubemap materials on brush sides...
0...1...2...3...4...5...6...7...8...9...100...1...2...3...4...5...6...7...8...9...10**** leaked ****
Entity prop_static (1211.39 1760.00 -1187.94) leaked!

FindPortalSide: Couldn't find a good match for which brush to assign to a portal near (5632.0 4096.0 -2216.0)
Leaf 0 contents: 
Leaf 1 contents: CONTENTS_SOLID 
viscontents (node 0 contents ^ node 1 contents): CONTENTS_SOLID 
This means that none of the brushes in leaf 0 or 1 that touches the portal has CONTENTS_SOLID 
Check for a huge brush enclosing the coordinates above that has contents CONTENTS_SOLID 
Candidate brush IDs: 


FindPortalSide: Couldn't find a good match for which brush to assign to a portal near (6144.0 3584.0 -2216.0)
Leaf 0 contents: 
Leaf 1 contents: CONTENTS_SOLID 
viscontents (node 0 contents ^ node 1 contents): CONTENTS_SOLID 
This means that none of the brushes in leaf 0 or 1 that touches the portal has CONTENTS_SOLID 
Check for a huge brush enclosing the coordinates above that has contents CONTENTS_SOLID 
Candidate brush IDs: 


FindPortalSide: Couldn't find a good match for which brush to assign to a portal near (5632.0 2048.0 -2216.0)
Leaf 0 contents: CONTENTS_SOLID 
Leaf 1 contents: 
viscontents (node 0 contents ^ node 1 contents): CONTENTS_SOLID 
This means that none of the brushes in leaf 0 or 1 that touches the portal has CONTENTS_SOLID 
Check for a huge brush enclosing the coordinates above that has contents CONTENTS_SOLID 
Candidate brush IDs: 


FindPortalSide: Couldn't find a good match for which brush to assign to a portal near (6144.0 2560.0 -2216.0)
Leaf 0 contents: 
Leaf 1 contents: CONTENTS_SOLID 
viscontents (node 0 contents ^ node 1 contents): CONTENTS_SOLID 
This means that none of the brushes in leaf 0 or 1 that touches the portal has CONTENTS_SOLID 
Check for a huge brush enclosing the coordinates above that has contents CONTENTS_SOLID 
Candidate brush IDs: 


FindPortalSide: Couldn't find a good match for which brush to assign to a portal near (4608.0 4096.0 -2216.0)
Leaf 0 contents: 
Leaf 1 contents: CONTENTS_SOLID 
viscontents (node 0 contents ^ node 1 contents): CONTENTS_SOLID 
This means that none of the brushes in leaf 0 or 1 that touches the portal has CONTENTS_SOLID 
Check for a huge brush enclosing the coordinates above that has contents CONTENTS_SOLID 
Candidate brush IDs: 


FindPortalSide: Couldn't find a good match for which brush to assign to a portal near (4128.0 2048.0 -2880.0)
Leaf 0 contents: CONTENTS_SOLID 
Leaf 1 contents: 
viscontents (node 0 contents ^ node 1 contents): CONTENTS_SOLID 
This means that none of the brushes in leaf 0 or 1 that touches the portal has CONTENTS_SOLID 
Check for a huge brush enclosing the coordinates above that has contents CONTENTS_SOLID 
Candidate brush IDs: 


FindPortalSide: Couldn't find a good match for which brush to assign to a portal near (4128.0 2048.0 -512.0)
Leaf 0 contents: CONTENTS_SOLID 
Leaf 1 contents: 
viscontents (node 0 contents ^ node 1 contents): CONTENTS_SOLID 
This means that none of the brushes in leaf 0 or 1 that touches the portal has CONTENTS_SOLID 
Check for a huge brush enclosing the coordinates above that has contents CONTENTS_SOLID 
Candidate brush IDs: 


FindPortalSide: Couldn't find a good match for which brush to assign to a portal near (4128.0 2048.0 152.0)
Leaf 0 contents: CONTENTS_SOLID 
Leaf 1 contents: 
viscontents (node 0 contents ^ node 1 contents): CONTENTS_SOLID 
This means that none of the brushes in leaf 0 or 1 that touches the portal has CONTENTS_SOLID 
Check for a huge brush enclosing the coordinates above that has contents CONTENTS_SOLID 
Candidate brush IDs: 

*** Suppressing further FindPortalSide errors.... ***
Processing areas...done (0)
Building Faces...done (0)
Chop Details...done (0)
Find Visible Detail Sides...
Merged 330 detail faces...done (0)
Merging details...done (0)
FixTjuncs...
PruneNodes...
WriteBSP...
done (0)
Finding displacement neighbors...
Finding lightmap sample positions...
Displacement Alpha : 0...1...2...3...4...5...6...7...8...9...10
Building Physics collision data...
done (0) (627311 bytes)
Encountered obsolete static prop option to do its fade in screen space @ 2176.00 1328.00 -128.00
Encountered obsolete static prop option to do its fade in screen space @ 2064.00 896.00 -256.00
Encountered obsolete static prop option to do its fade in screen space @ 2304.00 1328.00 -128.00
Encountered obsolete static prop option to do its fade in screen space @ 1312.00 2160.00 -1248.00
Encountered obsolete static prop option to do its fade in screen space @ 1312.00 2192.00 -1248.00
Encountered obsolete static prop option to do its fade in screen space @ 3952.00 1152.00 -320.00
Encountered obsolete static prop option to do its fade in screen space @ 3920.00 1152.00 -320.00
Placing detail props : 0...1...2...3...4...5...6...7...8...9...10
Compacting texture/material tables...
Reduced 2145 texinfos to 1180
Reduced 90 texdatas to 87 (2882 bytes to 2770)
Writing d:\steamlibrary\steamapps\common\portal 2\portal2_dlc3\maps\sp_a2_ricochet.bsp

nummapplanes:     ( 10122 / 65536 )
nummapbrushes:    (  1660 /  8192 )
nummapbrushsides: ( 14336 / 65536 )
num_map_overlays: (    66 /   512 )
nummodels:        (   141 /  1024 )
num_entities:     (   660 / 16384 )

2 seconds elapsed



12 threads
reading d:\steamlibrary\steamapps\common\portal 2\portal2_dlc3\maps\sp_a2_ricochet.bsp
reading d:\steamlibrary\steamapps\common\portal 2\portal2_dlc3\maps\sp_a2_ricochet.prt
LoadPortals: couldn't read d:\steamlibrary\steamapps\common\portal 2\portal2_dlc3\maps\sp_a2_ricochet.prt



materialPath: D:\SteamLibrary\steamapps\common\Portal 2\portal2\materials
Loading d:\steamlibrary\steamapps\common\portal 2\portal2_dlc3\maps\sp_a2_ricochet.vmf
ConVarRef gpu_level doesn't point to an existing ConVar
Patching WVT material: maps/sp_a2_ricochet/metal/blendblackfloormetal_dirt02_wvt_patch
fixing up env_cubemap materials on brush sides...
0...1...2...3...4...5...6...7...8...9...10**** leaked ****
Entity prop_static (1432.14 1936.00 -1065.04) leaked!

FindPortalSide: Couldn't find a good match for which brush to assign to a portal near (5632.0 4096.0 -2216.0)
Leaf 0 contents: 
Leaf 1 contents: CONTENTS_SOLID 
viscontents (node 0 contents ^ node 1 contents): CONTENTS_SOLID 
This means that none of the brushes in leaf 0 or 1 that touches the portal has CONTENTS_SOLID 
Check for a huge brush enclosing the coordinates above that has contents CONTENTS_SOLID 
Candidate brush IDs: 


FindPortalSide: Couldn't find a good match for which brush to assign to a portal near (6144.0 3584.0 -2216.0)
Leaf 0 contents: 
Leaf 1 contents: CONTENTS_SOLID 
viscontents (node 0 contents ^ node 1 contents): CONTENTS_SOLID 
This means that none of the brushes in leaf 0 or 1 that touches the portal has CONTENTS_SOLID 
Check for a huge brush enclosing the coordinates above that has contents CONTENTS_SOLID 
Candidate brush IDs: 


FindPortalSide: Couldn't find a good match for which brush to assign to a portal near (5632.0 2048.0 -2216.0)
Leaf 0 contents: CONTENTS_SOLID 
Leaf 1 contents: 
viscontents (node 0 contents ^ node 1 contents): CONTENTS_SOLID 
This means that none of the brushes in leaf 0 or 1 that touches the portal has CONTENTS_SOLID 
Check for a huge brush enclosing the coordinates above that has contents CONTENTS_SOLID 
Candidate brush IDs: 


FindPortalSide: Couldn't find a good match for which brush to assign to a portal near (6144.0 2560.0 -2216.0)
Leaf 0 contents: 
Leaf 1 contents: CONTENTS_SOLID 
viscontents (node 0 contents ^ node 1 contents): CONTENTS_SOLID 
This means that none of the brushes in leaf 0 or 1 that touches the portal has CONTENTS_SOLID 
Check for a huge brush enclosing the coordinates above that has contents CONTENTS_SOLID 
Candidate brush IDs: 


FindPortalSide: Couldn't find a good match for which brush to assign to a portal near (4608.0 4096.0 -2216.0)
Leaf 0 contents: 
Leaf 1 contents: CONTENTS_SOLID 
viscontents (node 0 contents ^ node 1 contents): CONTENTS_SOLID 
This means that none of the brushes in leaf 0 or 1 that touches the portal has CONTENTS_SOLID 
Check for a huge brush enclosing the coordinates above that has contents CONTENTS_SOLID 
Candidate brush IDs: 


FindPortalSide: Couldn't find a good match for which brush to assign to a portal near (4480.0 2048.0 -3608.0)
Leaf 0 contents: CONTENTS_SOLID 
Leaf 1 contents: 
viscontents (node 0 contents ^ node 1 contents): CONTENTS_SOLID 
This means that none of the brushes in leaf 0 or 1 that touches the portal has CONTENTS_SOLID 
Check for a huge brush enclosing the coordinates above that has contents CONTENTS_SOLID 
Candidate brush IDs: 


FindPortalSide: Couldn't find a good match for which brush to assign to a portal near (4864.0 2048.0 -3608.0)
Leaf 0 contents: CONTENTS_SOLID 
Leaf 1 contents: 
viscontents (node 0 contents ^ node 1 contents): CONTENTS_SOLID 
This means that none of the brushes in leaf 0 or 1 that touches the portal has CONTENTS_SOLID 
Check for a huge brush enclosing the coordinates above that has contents CONTENTS_SOLID 
Candidate brush IDs: 


FindPortalSide: Couldn't find a good match for which brush to assign to a portal near (4224.0 2048.0 -3608.0)
Leaf 0 contents: CONTENTS_SOLID 
Leaf 1 contents: 
viscontents (node 0 contents ^ node 1 contents): CONTENTS_SOLID 
This means that none of the brushes in leaf 0 or 1 that touches the portal has CONTENTS_SOLID 
Check for a huge brush enclosing the coordinates above that has contents CONTENTS_SOLID 
Candidate brush IDs: 

*** Suppressing further FindPortalSide errors.... ***
Processing areas...done (0)
Building Faces...done (0)
Chop Details...done (0)
Find Visible Detail Sides...
Merged 330 detail faces...done (0)
Merging details...done (0)
FixTjuncs...
PruneNodes...
WriteBSP...
done (0)
Finding displacement neighbors...
Finding lightmap sample positions...
Displacement Alpha : 0...1...2...3...4...5...6...7...8...9...10
Building Physics collision data...
done (0) (627311 bytes)
Encountered obsolete static prop option to do its fade in screen space @ 2176.00 1328.00 -128.00
Encountered obsolete static prop option to do its fade in screen space @ 2064.00 896.00 -256.00
Encountered obsolete static prop option to do its fade in screen space @ 2304.00 1328.00 -128.00
Encountered obsolete static prop option to do its fade in screen space @ 1312.00 2160.00 -1248.00
Encountered obsolete static prop option to do its fade in screen space @ 1312.00 2192.00 -1248.00
Encountered obsolete static prop option to do its fade in screen space @ 3952.00 1152.00 -320.00
Encountered obsolete static prop option to do its fade in screen space @ 3920.00 1152.00 -320.00
Placing detail props : 0...1...2...3...4...5...6...7...8...9...10
Compacting texture/material tables...
Reduced 2145 texinfos to 1181
Reduced 90 texdatas to 87 (2882 bytes to 2770)
Writing d:\steamlibrary\steamapps\common\portal 2\portal2_dlc3\maps\sp_a2_ricochet.bsp

nummapplanes:     ( 10128 / 65536 )
nummapbrushes:    (  1660 /  8192 )
nummapbrushsides: ( 14335 / 65536 )
num_map_overlays: (    66 /   512 )
nummodels:        (   141 /  1024 )
num_entities:     (   660 / 16384 )

2 seconds elapsed



12 threads
reading d:\steamlibrary\steamapps\common\portal 2\portal2_dlc3\maps\sp_a2_ricochet.bsp
reading d:\steamlibrary\steamapps\common\portal 2\portal2_dlc3\maps\sp_a2_ricochet.prt
LoadPortals: couldn't read d:\steamlibrary\steamapps\common\portal 2\portal2_dlc3\maps\sp_a2_ricochet.prt



materialPath: D:\SteamLibrary\steamapps\common\Portal 2\portal2\materials
Loading d:\steamlibrary\steamapps\common\portal 2\portal2_dlc3\maps\sp_a2_ricochet.vmf
ConVarRef gpu_level doesn't point to an existing ConVar
Patching WVT material: maps/sp_a2_ricochet/metal/blendblackfloormetal_dirt02_wvt_patch
fixing up env_cubemap materials on brush sides...
0...1...2...3...4...5...6...7...8...9...100...1...2...3...4...5...6...7...8...9...10Processing areas...done (0)
Building Faces...done (0)
Chop Details...done (0)
Find Visible Detail Sides...
Merged 330 detail faces...done (0)
Merging details...done (0)
FixTjuncs...
PruneNodes...
WriteBSP...
done (1)
writing d:\steamlibrary\steamapps\common\portal 2\portal2_dlc3\maps\sp_a2_ricochet.prt...Building visibility clusters...
done (0)
Finding displacement neighbors...
Finding lightmap sample positions...
Displacement Alpha : 0...1...2...3...4...5...6...7...8...9...10
Building Physics collision data...
done (0) (627311 bytes)
Encountered obsolete static prop option to do its fade in screen space @ 2176.00 1328.00 -128.00
Encountered obsolete static prop option to do its fade in screen space @ 2064.00 896.00 -256.00
Encountered obsolete static prop option to do its fade in screen space @ 2304.00 1328.00 -128.00
Encountered obsolete static prop option to do its fade in screen space @ 1312.00 2160.00 -1248.00
Encountered obsolete static prop option to do its fade in screen space @ 1312.00 2192.00 -1248.00
Encountered obsolete static prop option to do its fade in screen space @ 3952.00 1152.00 -320.00
Encountered obsolete static prop option to do its fade in screen space @ 3920.00 1152.00 -320.00
Placing detail props : 0...1...2...3...4...5...6...7...8...9...10
Compacting texture/material tables...
Reduced 2145 texinfos to 1162
Reduced 90 texdatas to 87 (2882 bytes to 2770)
Writing d:\steamlibrary\steamapps\common\portal 2\portal2_dlc3\maps\sp_a2_ricochet.bsp

nummapplanes:     ( 10128 / 65536 )
nummapbrushes:    (  1660 /  8192 )
nummapbrushsides: ( 14335 / 65536 )
num_map_overlays: (    66 /   512 )
nummodels:        (   141 /  1024 )
num_entities:     (   660 / 16384 )

2 seconds elapsed



12 threads
reading d:\steamlibrary\steamapps\common\portal 2\portal2_dlc3\maps\sp_a2_ricochet.bsp
reading d:\steamlibrary\steamapps\common\portal 2\portal2_dlc3\maps\sp_a2_ricochet.prt
 863 portalclusters
3054 numportals
0...1...2...3...4...5...6...7...8...9...100...1...2...3...4...5...6...7...8...9...10Optimized: 3449 visible clusters (0.00%)
Total clusters visible: 391842
Average clusters visible: 454
Building PAS...
Average clusters audible: 838
visdatasize:176959  compressed from 193312
writing d:\steamlibrary\steamapps\common\portal 2\portal2_dlc3\maps\sp_a2_ricochet.bsp
4 minutes, 51 seconds elapsed



[Reading texlights from 'lights.rad']
[59 texlights parsed from 'lights.rad']

Loading d:\steamlibrary\steamapps\common\portal 2\portal2_dlc3\maps\sp_a2_ricochet.bsp
Loaded alpha texture materials\Tools\toolsinvisible.vtf
3193 faces
6 degenerate faces
448545 square feet [64590544.00 square inches]
1 Displacements
455 Square Feet [65525.28 Square Inches]
3187 patches before subdivision
55567 patches after subdivision
55 direct lights
0...1...2...3...4...5...6...7...8...9...100...1...2...3...4...5...6...7...8...9...10transfers 6808668, max 628
transfer lists:  51.9 megs
0...1...2...3...4...5...6...7...8...9...10	Bounce #1 added RGB(70447, 73327, 67171)
0...1...2...3...4...5...6...7...8...9...10	Bounce #2 added RGB(29390, 30729, 27921)
0...1...2...3...4...5...6...7...8...9...10	Bounce #3 added RGB(13846, 14430, 12908)
0...1...2...3...4...5...6...7...8...9...10	Bounce #4 added RGB(6918, 7164, 6294)
0...1...2...3...4...5...6...7...8...9...10	Bounce #5 added RGB(3533, 3634, 3142)
0...1...2...3...4...5...6...7...8...9...10	Bounce #6 added RGB(1826, 1866, 1588)
0...1...2...3...4...5...6...7...8...9...10	Bounce #7 added RGB(950, 964, 810)
0...1...2...3...4...5...6...7...8...9...10	Bounce #8 added RGB(496, 501, 415)
0...1...2...3...4...5...6...7...8...9...10	Bounce #9 added RGB(260, 261, 213)
0...1...2...3...4...5...6...7...8...9...10	Bounce #10 added RGB(136, 136, 110)
0...1...2...3...4...5...6...7...8...9...10	Bounce #11 added RGB(72, 71, 57)
0...1...2...3...4...5...6...7...8...9...10	Bounce #12 added RGB(38, 37, 29)
0...1...2...3...4...5...6...7...8...9...10	Bounce #13 added RGB(20, 20, 15)
0...1...2...3...4...5...6...7...8...9...10	Bounce #14 added RGB(10, 10, 8)
0...1...2...3...4...5...6...7...8...9...10	Bounce #15 added RGB(6, 5, 4)
0...1...2...3...4...5...6...7...8...9...10	Bounce #16 added RGB(3, 3, 2)
0...1...2...3...4...5...6...7...8...9...10	Bounce #17 added RGB(2, 2, 1)
0...1...2...3...4...5...6...7...8...9...10	Bounce #18 added RGB(1, 1, 1)
Build Patch/Sample Hash Table(s).....Done<0.0105 sec>
0...1...2...3...4...5...6...7...8...9...10FinalLightFace Done
14 of 14 (100% of) surface lights went in leaf ambient cubes.
0...1...2...3...4...5...6...7...8...9...10Writing leaf ambient...done
Computing static prop lighting : 00...1...2...3...4...5...6...7...8...9...10
Ready to Finish

Object names       Objects/Maxobjs  Memory / Maxmem  Fullness 
------------       ---------------  ---------------  -------- 
models                 141/1024         6768/49152    (13.8%) 
brushes               1660/8192        19920/98304    (20.3%) 
brushsides           14428/65536      115424/524288   (22.0%) 
planes               10128/65536      202560/1310720  (15.5%) 
vertexes              7273/65536       87276/786432   (11.1%) 
nodes                 2463/65536       78816/2097152  ( 3.8%) 
texinfos              1162/12288       83664/884736   ( 9.5%) 
texdata                 87/2048         2784/65536    ( 4.2%) 
dispinfos                1/0             176/0        ( 0.0%) 
disp_verts              81/0            1620/0        ( 0.0%) 
disp_tris              128/0             256/0        ( 0.0%) 
disp_multiblend          0/0               0/0        ( 0.0%) 
disp_lmsamples        1224/0            1224/0        ( 0.0%) 
faces                 3193/65536      178808/3670016  ( 4.9%) 
hdr faces                0/65536           0/3670016  ( 0.0%) 
origfaces             2572/65536      144032/3670016  ( 3.9%) 
facebrushes            353/0             706/0        ( 0.0%) 
facebrushlists        3193/0           12772/0        ( 0.0%) 
leaves                2605/65536       83360/2097152  ( 4.0%) 
leaffaces             4110/65536        8220/131072   ( 6.3%) 
leafbrushes           3706/65536        7412/131072   ( 5.7%) 
areas                    9/256            72/2048     ( 3.5%) 
surfedges            25380/512000     101520/2048000  ( 5.0%) 
edges                15808/256000      63232/1024000  ( 6.2%) 
LDR worldlights         55/8192         5500/819200   ( 0.7%) 
HDR worldlights          0/8192            0/819200   ( 0.0%) 
leafwaterdata            0/32768           0/393216   ( 0.0%) 
waterstrips            488/32768        4880/327680   ( 1.5%) 
waterverts               0/65536           0/786432   ( 0.0%) 
waterindices          8502/65536       17004/131072   (13.0%) 
cubemapsamples          12/1024          192/16384    ( 1.2%) 
overlays                66/512         23232/180224   (12.9%) 
LDR lightdata         [variable]     2737800/0        ( 0.0%) 
HDR lightdata         [variable]           0/0        ( 0.0%) 
visdata               [variable]      176959/16777216 ( 1.1%) 
entdata               [variable]      254685/393216   (64.8%) 
LDR ambient table     2605/65536       10420/262144   ( 4.0%) 
HDR ambient table     2605/65536       10420/262144   ( 4.0%) 
LDR leaf ambient     10048/65536      281344/1835008  (15.3%) 
HDR leaf ambient      2605/65536       72940/1835008  ( 4.0%) 
occluders                0/0               0/0        ( 0.0%) 
occluder polygons        0/0               0/0        ( 0.0%) 
occluder vert ind        0/0               0/0        ( 0.0%) 
detail props          [variable]           1/12       ( 8.3%) 
static props          [variable]           1/42138    ( 0.0%) 
pakfile               [variable]     5212378/0        ( 0.0%) 
physics               [variable]      627311/4194304  (15.0%) 
physics terrain       [variable]         209/1048576  ( 0.0%) 

Level flags = 1

Total triangle count: 8764
Writing d:\steamlibrary\steamapps\common\portal 2\portal2_dlc3\maps\sp_a2_ricochet.bsp
4 minutes, 39 seconds elapsed



[Reading texlights from 'lights.rad']
[59 texlights parsed from 'lights.rad']

Loading d:\steamlibrary\steamapps\common\portal 2\portal2_dlc3\maps\sp_a2_ricochet.bsp
Loaded alpha texture materials\Tools\toolsinvisible.vtf
3193 faces
6 degenerate faces
448545 square feet [64590544.00 square inches]
1 Displacements
455 Square Feet [65525.28 Square Inches]
3187 patches before subdivision
55567 patches after subdivision
55 direct lights
0...1...2...3...4...5...6...7...8...9...100...1...2...3...4...5...6...7...8...9...10transfers 6808668, max 628
transfer lists:  51.9 megs
0...1...2...3...4...5...6...7...8...9...10	Bounce #1 added RGB(70446, 73326, 67170)
0...1...2...3...4...5...6...7...8...9...10	Bounce #2 added RGB(29390, 30728, 27921)
0...1...2...3...4...5...6...7...8...9...10	Bounce #3 added RGB(13846, 14430, 12908)
0...1...2...3...4...5...6...7...8...9...10	Bounce #4 added RGB(6918, 7164, 6294)
0...1...2...3...4...5...6...7...8...9...10	Bounce #5 added RGB(3533, 3634, 3142)
0...1...2...3...4...5...6...7...8...9...10	Bounce #6 added RGB(1826, 1866, 1588)
0...1...2...3...4...5...6...7...8...9...10	Bounce #7 added RGB(950, 964, 810)
0...1...2...3...4...5...6...7...8...9...10	Bounce #8 added RGB(496, 501, 415)
0...1...2...3...4...5...6...7...8...9...10	Bounce #9 added RGB(260, 261, 213)
0...1...2...3...4...5...6...7...8...9...10	Bounce #10 added RGB(136, 136, 110)
0...1...2...3...4...5...6...7...8...9...10	Bounce #11 added RGB(72, 71, 57)
0...1...2...3...4...5...6...7...8...9...10	Bounce #12 added RGB(38, 37, 29)
0...1...2...3...4...5...6...7...8...9...10	Bounce #13 added RGB(20, 20, 15)
0...1...2...3...4...5...6...7...8...9...10	Bounce #14 added RGB(10, 10, 8)
0...1...2...3...4...5...6...7...8...9...10	Bounce #15 added RGB(6, 5, 4)
0...1...2...3...4...5...6...7...8...9...10	Bounce #16 added RGB(3, 3, 2)
0...1...2...3...4...5...6...7...8...9...10	Bounce #17 added RGB(2, 2, 1)
0...1...2...3...4...5...6...7...8...9...10	Bounce #18 added RGB(1, 1, 1)
Build Patch/Sample Hash Table(s).....Done<0.0106 sec>
0...1...2...3...4...5...6...7...8...9...10FinalLightFace Done
14 of 14 (100% of) surface lights went in leaf ambient cubes.
0...1...2...3...4...5...6...7...8...9...10Writing leaf ambient...done
Computing static prop lighting : 00...1...2...3...4...5...6...7...8...9...10
Ready to Finish

Object names       Objects/Maxobjs  Memory / Maxmem  Fullness 
------------       ---------------  ---------------  -------- 
models                 141/1024         6768/49152    (13.8%) 
brushes               1660/8192        19920/98304    (20.3%) 
brushsides           14428/65536      115424/524288   (22.0%) 
planes               10128/65536      202560/1310720  (15.5%) 
vertexes              7273/65536       87276/786432   (11.1%) 
nodes                 2463/65536       78816/2097152  ( 3.8%) 
texinfos              1162/12288       83664/884736   ( 9.5%) 
texdata                 87/2048         2784/65536    ( 4.2%) 
dispinfos                1/0             176/0        ( 0.0%) 
disp_verts              81/0            1620/0        ( 0.0%) 
disp_tris              128/0             256/0        ( 0.0%) 
disp_multiblend          0/0               0/0        ( 0.0%) 
disp_lmsamples        1224/0            1224/0        ( 0.0%) 
faces                 3193/65536      178808/3670016  ( 4.9%) 
hdr faces             3193/65536      178808/3670016  ( 4.9%) 
origfaces             2572/65536      144032/3670016  ( 3.9%) 
facebrushes            353/0             706/0        ( 0.0%) 
facebrushlists        3193/0           12772/0        ( 0.0%) 
leaves                2605/65536       83360/2097152  ( 4.0%) 
leaffaces             4110/65536        8220/131072   ( 6.3%) 
leafbrushes           3706/65536        7412/131072   ( 5.7%) 
areas                    9/256            72/2048     ( 3.5%) 
surfedges            25380/512000     101520/2048000  ( 5.0%) 
edges                15808/256000      63232/1024000  ( 6.2%) 
LDR worldlights         55/8192         5500/819200   ( 0.7%) 
HDR worldlights         55/8192         5500/819200   ( 0.7%) 
leafwaterdata            0/32768           0/393216   ( 0.0%) 
waterstrips            488/32768        4880/327680   ( 1.5%) 
waterverts               0/65536           0/786432   ( 0.0%) 
waterindices          8502/65536       17004/131072   (13.0%) 
cubemapsamples          12/1024          192/16384    ( 1.2%) 
overlays                66/512         23232/180224   (12.9%) 
LDR lightdata         [variable]     2737800/0        ( 0.0%) 
HDR lightdata         [variable]     2737800/0        ( 0.0%) 
visdata               [variable]      176959/16777216 ( 1.1%) 
entdata               [variable]      254685/393216   (64.8%) 
LDR ambient table     2605/65536       10420/262144   ( 4.0%) 
HDR ambient table     2605/65536       10420/262144   ( 4.0%) 
LDR leaf ambient     10048/65536      281344/1835008  (15.3%) 
HDR leaf ambient     10048/65536      281344/1835008  (15.3%) 
occluders                0/0               0/0        ( 0.0%) 
occluder polygons        0/0               0/0        ( 0.0%) 
occluder vert ind        0/0               0/0        ( 0.0%) 
detail props          [variable]           1/12       ( 8.3%) 
static props          [variable]           1/42138    ( 0.0%) 
pakfile               [variable]     9456726/0        ( 0.0%) 
physics               [variable]      627311/4194304  (15.0%) 
physics terrain       [variable]         209/1048576  ( 0.0%) 

Level flags = 3

Total triangle count: 8764
Writing d:\steamlibrary\steamapps\common\portal 2\portal2_dlc3\maps\sp_a2_ricochet.bsp
4 minutes, 38 seconds elapsed
