PRT1
285
726
4 0 48 (208 2048 -128 ) (208 2048 -896 ) (256 2048 -896 ) (256 2048 -128 ) 
4 0 46 (256 2048 0 ) (208 2048 0 ) (208 2048 -128 ) (256 2048 -128 ) 
4 0 45 (320 2048 -896 ) (320 2048 0 ) (256 2048 0 ) (256 2048 -896 ) 
4 0 27 (320 2048 0 ) (320 2048 128 ) (208 2048 128 ) (208 2048 0 ) 
4 0 23 (320 2048 128 ) (320 2048 256 ) (208 2048 256 ) (208 2048 128 ) 
4 0 20 (256 2048 768 ) (208 2048 768 ) (208 2048 256 ) (256 2048 256 ) 
4 0 18 (320 2048 256 ) (320 2048 768 ) (256 2048 768 ) (256 2048 256 ) 
4 0 4 (208 2048 -304 ) (208 2048 768 ) (208 2064 768 ) (208 2064 -304 ) 
4 0 3 (208 2064 768 ) (208 2320 768 ) (208 2320 -304 ) (208 2064 -304 ) 
4 0 2 (208 2320 768 ) (208 2336 768 ) (208 2336 -304 ) (208 2320 -304 ) 
4 0 1 (208 2336 768 ) (208 2448 768 ) (208 2448 -896 ) (208 2336 -896 ) 
4 1 5 (192 2336 -896 ) (192 2336 768 ) (192 2448 768 ) (192 2448 -896 ) 
4 1 2 (192 2336 768 ) (192 2336 -304 ) (208 2336 -304 ) (208 2336 768 ) 
4 2 6 (192 2320 -304 ) (192 2320 768 ) (192 2336 768 ) (192 2336 -304 ) 
4 2 3 (192 2320 768 ) (192 2320 -304 ) (208 2320 -304 ) (208 2320 768 ) 
4 3 7 (192 2064 -304 ) (192 2064 768 ) (192 2320 768 ) (192 2320 -304 ) 
4 3 4 (192 2064 768 ) (192 2064 -304 ) (208 2064 -304 ) (208 2064 768 ) 
4 4 48 (208 2048 -304 ) (208 2048 -128 ) (192 2048 -128 ) (192 2048 -304 ) 
4 4 46 (208 2048 -128 ) (208 2048 0 ) (192 2048 0 ) (192 2048 -128 ) 
4 4 27 (208 2048 0 ) (208 2048 128 ) (192 2048 128 ) (192 2048 0 ) 
4 4 23 (208 2048 128 ) (208 2048 256 ) (192 2048 256 ) (192 2048 128 ) 
4 4 20 (208 2048 256 ) (208 2048 768 ) (192 2048 768 ) (192 2048 256 ) 
4 4 8 (192 2048 -304 ) (192 2048 768 ) (192 2064 768 ) (192 2064 -304 ) 
4 5 9 (0 2336 -896 ) (0 2336 768 ) (0 2448 768 ) (0 2448 -896 ) 
4 5 6 (192 2336 -304 ) (192 2336 768 ) (0 2336 768 ) (0 2336 -304 ) 
4 6 10 (0 2320 -304 ) (0 2320 768 ) (0 2336 768 ) (0 2336 -304 ) 
4 6 7 (0 2320 768 ) (0 2320 -304 ) (192 2320 -304 ) (192 2320 768 ) 
4 7 11 (0 2064 -4576 ) (0 2064 768 ) (0 2320 768 ) (0 2320 -4576 ) 
4 7 8 (192 2064 -304 ) (192 2064 768 ) (0 2064 768 ) (0 2064 -304 ) 
4 8 48 (192 2048 -304 ) (192 2048 -128 ) (0 2048 -128 ) (0 2048 -304 ) 
4 8 46 (192 2048 -128 ) (192 2048 0 ) (0 2048 0 ) (0 2048 -128 ) 
4 8 28 (160 2048 128 ) (128 2048 128 ) (128 2048 0 ) (160 2048 0 ) 
4 8 31 (128 2048 128 ) (0 2048 128 ) (0 2048 0 ) (128 2048 0 ) 
4 8 27 (192 2048 0 ) (192 2048 128 ) (160 2048 128 ) (160 2048 0 ) 
4 8 23 (192 2048 128 ) (192 2048 256 ) (0 2048 256 ) (0 2048 128 ) 
4 8 20 (192 2048 256 ) (192 2048 768 ) (0 2048 768 ) (0 2048 256 ) 
4 8 12 (0 2048 -304 ) (0 2048 768 ) (0 2064 768 ) (0 2064 -304 ) 
4 9 13 (-64 2336 -896 ) (-64 2336 768 ) (-64 2448 768 ) (-64 2448 -896 ) 
4 9 10 (-64 2336 768 ) (-64 2336 -304 ) (0 2336 -304 ) (0 2336 768 ) 
4 10 14 (-64 2320 -304 ) (-64 2320 768 ) (-64 2336 768 ) (-64 2336 -304 ) 
4 10 11 (-64 2320 768 ) (-64 2320 -304 ) (0 2320 -304 ) (0 2320 768 ) 
4 11 15 (-64 2064 -304 ) (-64 2064 768 ) (-64 2320 768 ) (-64 2320 -304 ) 
4 11 12 (-64 2064 768 ) (-64 2064 -304 ) (0 2064 -304 ) (0 2064 768 ) 
4 12 82 (0 2048 -304 ) (0 2048 0 ) (-64 2048 0 ) (-64 2048 -304 ) 
4 12 63 (-32 2048 128 ) (-64 2048 128 ) (-64 2048 0 ) (-32 2048 0 ) 
4 12 60 (0 2048 0 ) (0 2048 128 ) (-32 2048 128 ) (-32 2048 0 ) 
4 12 59 (-32 2048 256 ) (-64 2048 256 ) (-64 2048 128 ) (-32 2048 128 ) 
4 12 57 (0 2048 128 ) (0 2048 256 ) (-32 2048 256 ) (-32 2048 128 ) 
4 12 52 (0 2048 256 ) (0 2048 768 ) (-64 2048 768 ) (-64 2048 256 ) 
4 12 16 (-64 2048 -304 ) (-64 2048 768 ) (-64 2064 768 ) (-64 2064 -304 ) 
4 13 17 (-80 2336 -896 ) (-80 2336 768 ) (-80 2448 768 ) (-80 2448 -896 ) 
4 13 14 (-80 2336 768 ) (-80 2336 -304 ) (-64 2336 -304 ) (-64 2336 768 ) 
4 14 17 (-80 2320 -304 ) (-80 2320 768 ) (-80 2336 768 ) (-80 2336 -304 ) 
4 14 15 (-80 2320 768 ) (-80 2320 -304 ) (-64 2320 -304 ) (-64 2320 768 ) 
4 15 17 (-80 2064 -304 ) (-80 2064 768 ) (-80 2320 768 ) (-80 2320 -304 ) 
4 15 16 (-80 2064 768 ) (-80 2064 -304 ) (-64 2064 -304 ) (-64 2064 768 ) 
4 16 82 (-64 2048 -304 ) (-64 2048 0 ) (-80 2048 0 ) (-80 2048 -304 ) 
4 16 63 (-64 2048 0 ) (-64 2048 128 ) (-80 2048 128 ) (-80 2048 0 ) 
4 16 59 (-64 2048 128 ) (-64 2048 256 ) (-80 2048 256 ) (-80 2048 128 ) 
4 16 52 (-64 2048 256 ) (-64 2048 768 ) (-80 2048 768 ) (-80 2048 256 ) 
4 16 17 (-80 2048 -304 ) (-80 2048 768 ) (-80 2064 768 ) (-80 2064 -304 ) 
4 17 86 (-128 2048 0 ) (-192 2048 0 ) (-192 2048 -896 ) (-128 2048 -896 ) 
4 17 82 (-80 2048 -896 ) (-80 2048 0 ) (-128 2048 0 ) (-128 2048 -896 ) 
4 17 79 (-192 2048 128 ) (-192 2048 0 ) (-128 2048 0 ) (-128 2048 128 ) 
4 17 77 (-128 2048 256 ) (-192 2048 256 ) (-192 2048 128 ) (-128 2048 128 ) 
4 17 63 (-80 2048 0 ) (-80 2048 128 ) (-128 2048 128 ) (-128 2048 0 ) 
4 17 59 (-80 2048 128 ) (-80 2048 256 ) (-128 2048 256 ) (-128 2048 128 ) 
4 17 55 (-128 2048 768 ) (-192 2048 768 ) (-192 2048 256 ) (-128 2048 256 ) 
4 17 52 (-80 2048 256 ) (-80 2048 768 ) (-128 2048 768 ) (-128 2048 256 ) 
4 18 23 (256 1872 256 ) (256 2048 256 ) (320 2048 256 ) (320 1872 256 ) 
4 18 20 (256 2048 768 ) (256 2048 256 ) (256 1872 256 ) (256 1872 768 ) 
4 19 108 (352 1024 512 ) (256 1024 512 ) (256 1024 256 ) (352 1024 256 ) 
4 19 107 (512 1024 512 ) (352 1024 512 ) (352 1024 256 ) (512 1024 256 ) 
4 19 32 (512 1024 256 ) (256 1024 256 ) (256 1152 256 ) (512 1152 256 ) 
4 19 22 (256 1152 256 ) (256 1024 256 ) (256 1024 512 ) (256 1152 512 ) 
4 20 52 (0 2048 768 ) (0 2048 256 ) (0 1872 256 ) (0 1872 768 ) 
4 20 23 (0 1872 256 ) (0 2048 256 ) (256 2048 256 ) (256 1872 256 ) 
4 21 53 (0 1536 256 ) (0 1504 256 ) (0 1504 264 ) (0 1536 264 ) 
4 21 36 (0 1504 256 ) (0 1536 256 ) (256 1536 256 ) (256 1504 256 ) 
4 22 111 (0 1024 512 ) (0 1024 256 ) (256 1024 256 ) (256 1024 512 ) 
4 22 54 (0 1152 256 ) (0 1024 256 ) (0 1024 512 ) (0 1152 512 ) 
4 22 43 (256 1024 256 ) (0 1024 256 ) (0 1152 256 ) (256 1152 256 ) 
4 23 57 (0 2048 256 ) (0 2048 128 ) (0 1872 128 ) (0 1872 256 ) 
4 23 28 (128 2048 128 ) (160 2048 128 ) (160 1872 128 ) (128 1872 128 ) 
4 23 31 (0 1872 128 ) (0 2048 128 ) (128 2048 128 ) (128 1872 128 ) 
4 23 27 (160 2048 128 ) (320 2048 128 ) (320 1872 128 ) (160 1872 128 ) 
4 24 29 (128 1680 128 ) (160 1680 128 ) (160 1616 128 ) (128 1616 128 ) 
4 24 26 (128 1680 190 ) (128 1680 128 ) (128 1616 128 ) (128 1616 190 ) 
4 24 25 (128 1680 192 ) (128 1680 190 ) (128 1616 190 ) (128 1616 192 ) 
4 25 58 (0 1616 190 ) (0 1616 192 ) (0 1680 192 ) (0 1680 190 ) 
4 25 26 (0 1680 190 ) (128 1680 190 ) (128 1616 190 ) (0 1616 190 ) 
4 26 58 (0 1680 128 ) (0 1616 128 ) (0 1616 190 ) (0 1680 190 ) 
4 26 31 (0 1616 128 ) (0 1680 128 ) (128 1680 128 ) (128 1616 128 ) 
4 27 46 (160 2048 0 ) (256 2048 0 ) (256 1872 0 ) (160 1872 0 ) 
4 27 45 (256 2048 0 ) (320 2048 0 ) (320 1872 0 ) (256 1872 0 ) 
4 27 28 (160 2048 0 ) (160 1872 0 ) (160 1872 128 ) (160 2048 128 ) 
4 28 46 (128 2048 0 ) (160 2048 0 ) (160 1872 0 ) (128 1872 0 ) 
4 28 31 (128 2048 0 ) (128 1872 0 ) (128 1872 128 ) (128 2048 128 ) 
4 29 31 (128 1680 0 ) (128 1616 0 ) (128 1616 128 ) (128 1680 128 ) 
4 30 31 (128 1608 0 ) (128 1592 0 ) (128 1592 128 ) (128 1608 128 ) 
4 31 62 (0 1608 0 ) (0 1592 0 ) (0 1592 128 ) (0 1608 128 ) 
4 31 61 (0 1680 0 ) (0 1616 0 ) (0 1616 128 ) (0 1680 128 ) 
4 31 60 (0 2048 128 ) (0 2048 0 ) (0 1872 0 ) (0 1872 128 ) 
4 31 47 (0 1680 0 ) (0 1872 0 ) (128 1872 0 ) (128 1680 0 ) 
4 31 46 (0 1872 0 ) (0 2048 0 ) (128 2048 0 ) (128 1872 0 ) 
4 31 33 (0 1552 0 ) (128 1552 0 ) (128 1552 128 ) (0 1552 128 ) 
4 32 145 (256 1024 8 ) (256 1024 0 ) (512 1024 0 ) (512 1024 8 ) 
4 32 136 (256 1024 192 ) (256 1024 8 ) (512 1024 8 ) (512 1024 192 ) 
4 32 121 (512 1024 256 ) (256 1024 256 ) (256 1024 192 ) (512 1024 192 ) 
4 32 44 (256 1152 0 ) (256 1024 0 ) (256 1024 2 ) (256 1152 2 ) 
4 32 43 (256 1024 2 ) (256 1024 256 ) (256 1152 256 ) (256 1152 2 ) 
4 33 64 (0 1552 0 ) (0 1551 0 ) (0 1551 128 ) (0 1552 128 ) 
4 33 34 (0 1551 0 ) (160 1551 0 ) (160 1551 128 ) (0 1551 128 ) 
4 34 65 (0 1551 0 ) (0 1550 0 ) (0 1550 128 ) (0 1551 128 ) 
4 34 35 (0 1550 0 ) (160 1550 0 ) (160 1550 128 ) (0 1550 128 ) 
4 35 66 (0 1550 0 ) (0 1536 0 ) (0 1536 128 ) (0 1550 128 ) 
4 35 37 (160 1536 2 ) (160 1536 128 ) (0 1536 128 ) (0 1536 2 ) 
4 35 38 (0 1536 0 ) (160 1536 0 ) (160 1536 2 ) (0 1536 2 ) 
4 36 67 (0 1216 254 ) (0 1216 256 ) (0 1536 256 ) (0 1536 254 ) 
4 36 37 (256 1216 254 ) (0 1216 254 ) (0 1536 254 ) (256 1536 254 ) 
4 37 67 (0 1216 2 ) (0 1216 254 ) (0 1536 254 ) (0 1536 2 ) 
4 37 40 (0 1216 252 ) (0 1216 4 ) (252 1216 4 ) (252 1216 252 ) 
4 37 38 (256 1216 2 ) (0 1216 2 ) (0 1536 2 ) (256 1536 2 ) 
4 38 68 (0 1536 0 ) (0 1216 0 ) (0 1216 2 ) (0 1536 2 ) 
4 38 49 (0 1312 0 ) (0 1344 0 ) (256 1344 0 ) (256 1312 0 ) 
4 39 50 (256 1208 0 ) (256 1192 0 ) (252 1192 0 ) (252 1208 0 ) 
4 39 41 (252 1208 0 ) (252 1192 0 ) (252 1192 256 ) (252 1208 256 ) 
4 40 69 (0 1208 4 ) (0 1208 252 ) (0 1216 252 ) (0 1216 4 ) 
4 40 41 (252 1208 4 ) (252 1208 252 ) (0 1208 252 ) (0 1208 4 ) 
4 41 70 (0 1208 0 ) (0 1192 0 ) (0 1192 256 ) (0 1208 256 ) 
4 41 50 (0 1192 0 ) (0 1208 0 ) (252 1208 0 ) (252 1192 0 ) 
4 41 42 (252 1192 4 ) (252 1192 252 ) (0 1192 252 ) (0 1192 4 ) 
4 42 71 (0 1184 4 ) (0 1184 252 ) (0 1192 252 ) (0 1192 4 ) 
4 42 43 (252 1184 4 ) (252 1184 252 ) (0 1184 252 ) (0 1184 4 ) 
4 43 145 (0 1024 8 ) (0 1024 2 ) (256 1024 2 ) (256 1024 8 ) 
4 43 136 (0 1024 192 ) (0 1024 8 ) (256 1024 8 ) (256 1024 192 ) 
4 43 128 (0 1024 248 ) (0 1024 192 ) (192 1024 192 ) (192 1024 248 ) 
4 43 124 (190 1024 256 ) (0 1024 256 ) (0 1024 248 ) (190 1024 248 ) 
4 43 123 (192 1024 256 ) (190 1024 256 ) (190 1024 248 ) (192 1024 248 ) 
4 43 121 (256 1024 256 ) (192 1024 256 ) (192 1024 192 ) (256 1024 192 ) 
4 43 72 (0 1024 2 ) (0 1024 256 ) (0 1184 256 ) (0 1184 2 ) 
4 43 44 (0 1184 2 ) (256 1184 2 ) (256 1024 2 ) (0 1024 2 ) 
4 44 145 (0 1024 2 ) (0 1024 0 ) (256 1024 0 ) (256 1024 2 ) 
4 44 73 (0 1184 0 ) (0 1024 0 ) (0 1024 2 ) (0 1184 2 ) 
4 44 51 (0 1152 0 ) (0 1184 0 ) (256 1184 0 ) (256 1152 0 ) 
4 45 48 (256 1872 -896 ) (256 1872 -128 ) (256 2048 -128 ) (256 2048 -896 ) 
4 45 46 (256 1872 -128 ) (256 1872 0 ) (256 2048 0 ) (256 2048 -128 ) 
4 46 82 (0 2048 0 ) (0 2048 -128 ) (0 1872 -128 ) (0 1872 0 ) 
4 46 48 (0 1872 -128 ) (0 2048 -128 ) (256 2048 -128 ) (256 1872 -128 ) 
4 46 47 (0 1872 -128 ) (128 1872 -128 ) (128 1872 0 ) (0 1872 0 ) 
4 48 82 (0 2048 -128 ) (0 2048 -896 ) (0 1872 -896 ) (0 1872 -128 ) 
4 49 83 (0 1312 -8 ) (0 1312 0 ) (0 1344 0 ) (0 1344 -8 ) 
4 50 84 (0 1192 0 ) (0 1208 0 ) (0 1208 -160 ) (0 1192 -160 ) 
4 51 85 (0 1152 -8 ) (0 1152 0 ) (0 1184 0 ) (0 1184 -8 ) 
4 52 59 (-32 1872 256 ) (-128 1872 256 ) (-128 2048 256 ) (-32 2048 256 ) 
4 52 57 (0 2048 256 ) (0 1872 256 ) (-32 1872 256 ) (-32 2048 256 ) 
4 52 55 (-128 2048 768 ) (-128 2048 256 ) (-128 1872 256 ) (-128 1872 768 ) 
4 53 67 (0 1536 256 ) (0 1504 256 ) (-128 1504 256 ) (-128 1536 256 ) 
4 54 168 (0 1024 256 ) (0 1024 512 ) (-128 1024 512 ) (-128 1024 256 ) 
4 54 75 (-124 1024 256 ) (-128 1024 256 ) (-128 1152 256 ) (-124 1152 256 ) 
4 54 72 (0 1152 256 ) (0 1024 256 ) (-124 1024 256 ) (-124 1152 256 ) 
4 54 56 (-128 1152 256 ) (-128 1024 256 ) (-128 1024 512 ) (-128 1152 512 ) 
4 55 77 (-192 2048 256 ) (-128 2048 256 ) (-128 1872 256 ) (-192 1872 256 ) 
4 56 168 (-320 1024 256 ) (-128 1024 256 ) (-128 1024 512 ) (-320 1024 512 ) 
4 56 81 (-192 1024 256 ) (-320 1024 256 ) (-320 1152 256 ) (-192 1152 256 ) 
4 56 78 (-128 1024 256 ) (-192 1024 256 ) (-192 1152 256 ) (-128 1152 256 ) 
4 57 60 (-32 1872 128 ) (-32 2048 128 ) (0 2048 128 ) (0 1872 128 ) 
4 57 59 (-32 2048 128 ) (-32 1872 128 ) (-32 1872 256 ) (-32 2048 256 ) 
4 58 61 (-32 1616 128 ) (-32 1680 128 ) (0 1680 128 ) (0 1616 128 ) 
4 59 77 (-128 1872 256 ) (-128 2048 256 ) (-128 2048 128 ) (-128 1872 128 ) 
4 59 63 (-128 1872 128 ) (-128 2048 128 ) (-32 2048 128 ) (-32 1872 128 ) 
4 60 82 (-32 2048 0 ) (0 2048 0 ) (0 1872 0 ) (-32 1872 0 ) 
4 60 63 (-32 2048 0 ) (-32 1872 0 ) (-32 1872 128 ) (-32 2048 128 ) 
4 63 82 (-128 1872 0 ) (-128 2048 0 ) (-32 2048 0 ) (-32 1872 0 ) 
4 63 79 (-128 2048 0 ) (-128 1872 0 ) (-128 1872 128 ) (-128 2048 128 ) 
4 64 65 (0 1551 128 ) (-32 1551 128 ) (-32 1551 0 ) (0 1551 0 ) 
4 65 66 (0 1550 128 ) (-32 1550 128 ) (-32 1550 0 ) (0 1550 0 ) 
4 66 68 (-32 1536 0 ) (0 1536 0 ) (0 1536 2 ) (-32 1536 2 ) 
4 66 67 (0 1536 2 ) (0 1536 128 ) (-32 1536 128 ) (-32 1536 2 ) 
4 67 69 (0 1216 4 ) (0 1216 252 ) (-124 1216 252 ) (-124 1216 4 ) 
4 67 68 (0 1216 2 ) (-128 1216 2 ) (-128 1536 2 ) (0 1536 2 ) 
4 68 83 (-128 1312 0 ) (-128 1344 0 ) (0 1344 0 ) (0 1312 0 ) 
4 69 70 (-124 1208 252 ) (-124 1208 4 ) (0 1208 4 ) (0 1208 252 ) 
4 70 84 (-124 1192 0 ) (-124 1208 0 ) (0 1208 0 ) (0 1192 0 ) 
4 70 74 (-124 1208 0 ) (-124 1192 0 ) (-124 1192 256 ) (-124 1208 256 ) 
4 70 71 (-124 1192 252 ) (-124 1192 4 ) (0 1192 4 ) (0 1192 252 ) 
4 71 72 (-124 1184 252 ) (-124 1184 4 ) (0 1184 4 ) (0 1184 252 ) 
4 72 194 (0 1024 2 ) (0 1024 192 ) (-124 1024 192 ) (-124 1024 2 ) 
4 72 192 (-64 1024 256 ) (-124 1024 256 ) (-124 1024 192 ) (-64 1024 192 ) 
4 72 190 (0 1024 192 ) (0 1024 248 ) (-64 1024 248 ) (-64 1024 192 ) 
4 72 185 (0 1024 248 ) (0 1024 256 ) (-63 1024 256 ) (-63 1024 248 ) 
4 72 189 (-63 1024 256 ) (-64 1024 256 ) (-64 1024 248 ) (-63 1024 248 ) 
4 72 75 (-124 1024 2 ) (-124 1024 256 ) (-124 1184 256 ) (-124 1184 2 ) 
4 72 73 (0 1024 2 ) (-124 1024 2 ) (-124 1184 2 ) (0 1184 2 ) 
4 73 194 (0 1024 0 ) (0 1024 2 ) (-124 1024 2 ) (-124 1024 0 ) 
4 73 85 (-124 1152 0 ) (-124 1184 0 ) (0 1184 0 ) (0 1152 0 ) 
4 73 76 (-124 1184 0 ) (-124 1024 0 ) (-124 1024 2 ) (-124 1184 2 ) 
4 74 84 (-128 1192 0 ) (-128 1208 0 ) (-124 1208 0 ) (-124 1192 0 ) 
4 75 194 (-128 1024 192 ) (-128 1024 2 ) (-124 1024 2 ) (-124 1024 192 ) 
4 75 192 (-124 1024 256 ) (-128 1024 256 ) (-128 1024 192 ) (-124 1024 192 ) 
4 75 80 (-128 1024 2 ) (-128 1024 128 ) (-128 1152 128 ) (-128 1152 2 ) 
4 75 78 (-128 1024 128 ) (-128 1024 256 ) (-128 1152 256 ) (-128 1152 128 ) 
4 75 76 (-128 1024 2 ) (-128 1184 2 ) (-124 1184 2 ) (-124 1024 2 ) 
4 76 194 (-128 1024 2 ) (-128 1024 0 ) (-124 1024 0 ) (-124 1024 2 ) 
4 76 85 (-128 1152 0 ) (-128 1184 0 ) (-124 1184 0 ) (-124 1152 0 ) 
4 76 80 (-128 1152 0 ) (-128 1024 0 ) (-128 1024 2 ) (-128 1152 2 ) 
4 77 79 (-192 1872 128 ) (-192 2048 128 ) (-128 2048 128 ) (-128 1872 128 ) 
4 78 194 (-192 1024 192 ) (-192 1024 128 ) (-128 1024 128 ) (-128 1024 192 ) 
4 78 192 (-128 1024 256 ) (-192 1024 256 ) (-192 1024 192 ) (-128 1024 192 ) 
4 78 81 (-192 1024 128 ) (-192 1024 256 ) (-192 1152 256 ) (-192 1152 128 ) 
4 78 80 (-192 1024 128 ) (-192 1152 128 ) (-128 1152 128 ) (-128 1024 128 ) 
4 79 86 (-192 1872 0 ) (-192 2048 0 ) (-128 2048 0 ) (-128 1872 0 ) 
4 80 194 (-192 1024 128 ) (-192 1024 0 ) (-128 1024 0 ) (-128 1024 128 ) 
4 80 81 (-192 1152 0 ) (-192 1024 0 ) (-192 1024 128 ) (-192 1152 128 ) 
4 81 194 (-320 1024 192 ) (-320 1024 0 ) (-192 1024 0 ) (-192 1024 192 ) 
4 81 192 (-192 1024 256 ) (-320 1024 256 ) (-320 1024 192 ) (-192 1024 192 ) 
4 82 86 (-128 1872 -896 ) (-128 1872 0 ) (-128 2048 0 ) (-128 2048 -896 ) 
4 90 91 (784 512 256 ) (784 512 384 ) (784 768 384 ) (784 768 256 ) 
4 91 107 (768 512 384 ) (768 768 384 ) (768 768 256 ) (768 512 256 ) 
4 92 95 (128 576 832 ) (128 576 720 ) (128 320 720 ) (128 320 832 ) 
4 92 94 (128 320 832 ) (128 320 720 ) (496 320 720 ) (496 320 832 ) 
4 93 104 (384 384 528 ) (384 320 528 ) (128 320 528 ) (128 384 528 ) 
4 93 103 (128 576 528 ) (192 576 528 ) (192 384 528 ) (128 384 528 ) 
4 93 102 (192 576 528 ) (384 576 528 ) (384 384 528 ) (192 384 528 ) 
4 93 100 (496 448 528 ) (496 320 528 ) (384 320 528 ) (384 448 528 ) 
4 93 97 (384 576 528 ) (496 576 528 ) (496 448 528 ) (384 448 528 ) 
4 93 95 (128 576 704 ) (128 576 528 ) (128 320 528 ) (128 320 704 ) 
4 93 94 (128 320 704 ) (128 320 528 ) (496 320 528 ) (496 320 704 ) 
4 94 229 (496 0 832 ) (128 0 832 ) (128 0 528 ) (496 0 528 ) 
4 94 104 (128 256 528 ) (128 320 528 ) (384 320 528 ) (384 256 528 ) 
4 94 105 (384 0 528 ) (128 0 528 ) (128 256 528 ) (384 256 528 ) 
4 94 100 (496 320 528 ) (496 0 528 ) (384 0 528 ) (384 320 528 ) 
4 94 95 (128 320 528 ) (128 0 528 ) (128 0 832 ) (128 320 832 ) 
4 95 229 (128 0 832 ) (112 0 832 ) (112 0 528 ) (128 0 528 ) 
4 96 107 (768 896 512 ) (768 576 512 ) (384 576 512 ) (384 896 512 ) 
4 96 101 (384 896 520 ) (384 896 512 ) (384 576 512 ) (384 576 520 ) 
4 96 99 (384 576 520 ) (384 576 512 ) (512 576 512 ) (512 576 520 ) 
4 96 98 (512 576 512 ) (608 576 512 ) (608 576 520 ) (512 576 520 ) 
4 97 102 (384 448 520 ) (384 448 528 ) (384 576 528 ) (384 576 520 ) 
4 97 100 (384 448 528 ) (384 448 520 ) (512 448 520 ) (512 448 528 ) 
4 97 99 (384 576 520 ) (512 576 520 ) (512 448 520 ) (384 448 520 ) 
4 98 107 (608 448 512 ) (512 448 512 ) (512 576 512 ) (608 576 512 ) 
4 98 99 (512 448 512 ) (512 448 520 ) (512 576 520 ) (512 576 512 ) 
4 99 107 (512 448 512 ) (384 448 512 ) (384 576 512 ) (512 576 512 ) 
4 99 102 (384 576 512 ) (384 448 512 ) (384 448 520 ) (384 576 520 ) 
4 99 100 (384 448 520 ) (384 448 512 ) (512 448 512 ) (512 448 520 ) 
4 100 112 (512 0 512 ) (384 0 512 ) (384 416 512 ) (512 416 512 ) 
4 100 107 (384 416 512 ) (384 448 512 ) (512 448 512 ) (512 416 512 ) 
4 100 104 (384 256 520 ) (384 256 528 ) (384 384 528 ) (384 384 520 ) 
4 100 105 (384 256 512 ) (384 0 512 ) (384 0 528 ) (384 256 528 ) 
4 100 102 (384 448 512 ) (384 384 512 ) (384 384 528 ) (384 448 528 ) 
4 101 108 (256 896 512 ) (352 896 512 ) (352 576 512 ) (256 576 512 ) 
4 101 107 (352 896 512 ) (384 896 512 ) (384 576 512 ) (352 576 512 ) 
4 101 111 (128 576 512 ) (128 896 512 ) (256 896 512 ) (256 576 512 ) 
4 101 106 (128 896 520 ) (128 896 512 ) (128 576 512 ) (128 576 520 ) 
4 101 102 (192 576 512 ) (384 576 512 ) (384 576 520 ) (192 576 520 ) 
4 102 116 (256 384 512 ) (192 384 512 ) (192 416 512 ) (256 416 512 ) 
4 102 113 (256 412 512 ) (256 416 512 ) (320 416 512 ) (320 412 512 ) 
4 102 115 (320 384 512 ) (256 384 512 ) (256 412 512 ) (320 412 512 ) 
4 102 112 (384 416 512 ) (384 384 512 ) (320 384 512 ) (320 416 512 ) 
4 102 109 (352 448 512 ) (352 416 512 ) (256 416 512 ) (256 448 512 ) 
4 102 108 (256 576 512 ) (352 576 512 ) (352 448 512 ) (256 448 512 ) 
4 102 107 (352 576 512 ) (384 576 512 ) (384 416 512 ) (352 416 512 ) 
4 102 111 (192 576 512 ) (256 576 512 ) (256 416 512 ) (192 416 512 ) 
4 102 104 (384 384 520 ) (384 384 528 ) (192 384 528 ) (192 384 520 ) 
4 102 103 (192 576 528 ) (192 576 520 ) (192 384 520 ) (192 384 528 ) 
4 103 104 (128 384 528 ) (128 384 520 ) (192 384 520 ) (192 384 528 ) 
4 104 105 (128 256 528 ) (128 256 520 ) (384 256 520 ) (384 256 528 ) 
4 105 120 (256 0 512 ) (128 0 512 ) (128 256 512 ) (256 256 512 ) 
4 105 115 (320 0 512 ) (256 0 512 ) (256 256 512 ) (320 256 512 ) 
4 105 112 (384 0 512 ) (320 0 512 ) (320 256 512 ) (384 256 512 ) 
4 106 111 (0 576 512 ) (0 896 512 ) (128 896 512 ) (128 576 512 ) 
4 107 129 (768 576 256 ) (768 416 256 ) (512 416 256 ) (512 576 256 ) 
4 107 122 (768 640 256 ) (768 576 256 ) (512 576 256 ) (512 640 256 ) 
4 107 121 (352 1024 256 ) (768 1024 256 ) (768 640 256 ) (352 640 256 ) 
4 107 112 (352 416 256 ) (768 416 256 ) (768 416 512 ) (352 416 512 ) 
4 107 109 (352 416 456 ) (352 416 512 ) (352 448 512 ) (352 448 456 ) 
4 107 110 (352 448 256 ) (352 416 256 ) (352 416 448 ) (352 448 448 ) 
4 107 108 (352 1024 256 ) (352 448 256 ) (352 448 512 ) (352 1024 512 ) 
4 108 121 (256 1024 256 ) (352 1024 256 ) (352 640 256 ) (256 640 256 ) 
4 108 109 (256 448 512 ) (256 448 456 ) (352 448 456 ) (352 448 512 ) 
4 108 110 (256 448 448 ) (256 448 256 ) (352 448 256 ) (352 448 448 ) 
4 108 111 (256 1024 256 ) (256 448 256 ) (256 448 512 ) (256 1024 512 ) 
4 109 113 (320 416 512 ) (256 416 512 ) (256 416 456 ) (320 416 456 ) 
4 109 112 (352 416 456 ) (352 416 512 ) (320 416 512 ) (320 416 456 ) 
4 109 111 (256 416 456 ) (256 416 512 ) (256 448 512 ) (256 448 456 ) 
4 110 114 (256 416 256 ) (320 416 256 ) (320 416 320 ) (256 416 320 ) 
4 110 112 (320 416 256 ) (352 416 256 ) (352 416 448 ) (320 416 448 ) 
4 110 111 (256 448 256 ) (256 416 256 ) (256 416 448 ) (256 448 448 ) 
4 111 168 (0 1024 512 ) (0 1024 256 ) (0 416 256 ) (0 416 512 ) 
4 111 125 (0 608 256 ) (0 862 256 ) (190 862 256 ) (190 608 256 ) 
4 111 124 (0 862 256 ) (0 1024 256 ) (190 1024 256 ) (190 862 256 ) 
4 111 123 (190 1024 256 ) (192 1024 256 ) (192 608 256 ) (190 608 256 ) 
4 111 121 (192 1024 256 ) (256 1024 256 ) (256 640 256 ) (192 640 256 ) 
4 111 119 (256 416 401.142212 ) (256 416 434.250671 ) (187.863708 416 416 ) (195.864151 416 385.034302 ) 
4 111 118 (225.069611 416 256 ) (256 416 256 ) (256 416 401.142212 ) (192 416 384 ) 
4 111 117 (0 416 256 ) (225.069611 416 256 ) (184 416 414.966003 ) (0 416 365.683167 ) 
4 111 116 (256 416 434.250671 ) (256 416 512 ) (0 416 512 ) (0 416 365.683167 ) 
4 112 230 (512 0 512 ) (320 0 512 ) (320 0 256 ) (512 0 256 ) 
4 112 228 (768 0 256 ) (768 0 512 ) (512 0 512 ) (512 0 256 ) 
4 112 131 (768 384 256 ) (768 0 256 ) (320 0 256 ) (320 384 256 ) 
4 112 129 (512 416 256 ) (768 416 256 ) (768 384 256 ) (512 384 256 ) 
4 112 114 (320 416 320 ) (320 416 256 ) (320 412 256 ) (320 412 320 ) 
4 112 113 (320 416 512 ) (320 416 448 ) (320 412 448 ) (320 412 512 ) 
4 112 115 (320 412 256 ) (320 0 256 ) (320 0 512 ) (320 412 512 ) 
4 113 116 (256 416 512 ) (256 416 448 ) (256 412 448 ) (256 412 512 ) 
4 113 115 (256 412 512 ) (256 412 448 ) (320 412 448 ) (320 412 512 ) 
4 114 118 (256 416 320 ) (256 416 256 ) (256 412 256 ) (256 412 320 ) 
4 114 115 (256 412 320 ) (256 412 256 ) (320 412 256 ) (320 412 320 ) 
4 115 230 (320 0 512 ) (256 0 512 ) (256 0 256 ) (320 0 256 ) 
4 115 131 (320 384 256 ) (320 0 256 ) (256 0 256 ) (256 384 256 ) 
4 115 119 (256 384 401.142944 ) (256 384 434.249908 ) (256 412 434.250580 ) (256 412 401.142242 ) 
4 115 118 (256 412 256 ) (256 384 256 ) (256 384 401.142944 ) (256 412 401.142242 ) 
4 115 116 (256 384 434.249908 ) (256 384 512 ) (256 412 512 ) (256 412 434.250580 ) 
4 115 120 (256 384 256 ) (256 0 256 ) (256 0 512 ) (256 384 512 ) 
4 116 168 (0 384 365.682434 ) (0 384 512 ) (0 416 512 ) (0 416 365.683167 ) 
4 116 119 (256 384 434.250000 ) (187.863907 384 416 ) (187.863724 416 416 ) (256 416 434.250732 ) 
4 116 117 (183.998947 384 414.965118 ) (0 384 365.682526 ) (0 416 365.682861 ) (184 416 414.965942 ) 
4 116 120 (256 384 434.249908 ) (256 384 512 ) (0 384 512 ) (0 384 365.682434 ) 
4 117 168 (0 416 256 ) (0 384 256 ) (0 384 365.682434 ) (0 416 365.683167 ) 
4 117 118 (191.998245 384 384 ) (225.067719 384 256 ) (225.068756 416 256 ) (192 416 384 ) 
4 117 120 (0 384 256 ) (225.068573 384 256 ) (183.998962 384 414.965027 ) (0 384 365.682434 ) 
4 118 119 (195.864059 384 385.034729 ) (256 384 401.142639 ) (256 416 401.141907 ) (195.864212 416 385.034027 ) 
4 118 120 (225.068573 384 256 ) (256 384 256 ) (256 384 401.142944 ) (192 384 384 ) 
4 119 120 (256 384 401.142944 ) (256 384 434.249908 ) (187.863922 384 416 ) (195.863983 384 385.034973 ) 
4 120 235 (126 0 512 ) (2 0 512 ) (2 0 256 ) (126 0 256 ) 
4 120 234 (224 0 512 ) (126 0 512 ) (126 0 256 ) (224 0 256 ) 
4 120 239 (2 0 512 ) (0 0 512 ) (0 0 256 ) (2 0 256 ) 
4 120 233 (256 0 512 ) (224 0 512 ) (224 0 256 ) (256 0 256 ) 
4 120 172 (0 384 256 ) (0 0 256 ) (0 0 512 ) (0 384 512 ) 
4 120 132 (2 384 256 ) (126 384 256 ) (126 0 256 ) (2 0 256 ) 
4 120 131 (126 384 256 ) (256 384 256 ) (256 0 256 ) (126 0 256 ) 
4 120 135 (0 0 256 ) (0 384 256 ) (2 384 256 ) (2 0 256 ) 
4 121 136 (192 1024 192 ) (768 1024 192 ) (768 640 192 ) (192 640 192 ) 
4 121 128 (192 1024 192 ) (192 640 192 ) (192 640 248 ) (192 1024 248 ) 
4 121 123 (192 640 248 ) (192 640 256 ) (192 1024 256 ) (192 1024 248 ) 
4 121 122 (512 640 192 ) (768 640 192 ) (768 640 256 ) (512 640 256 ) 
4 122 146 (768 640 192 ) (768 576 192 ) (512 576 192 ) (512 640 192 ) 
4 122 129 (512 576 192 ) (768 576 192 ) (768 576 256 ) (512 576 256 ) 
4 123 128 (190 1024 248 ) (192 1024 248 ) (192 640 248 ) (190 640 248 ) 
4 123 126 (190 608 254 ) (190 608 255 ) (190 862 255 ) (190 862 254 ) 
4 123 125 (190 608 255 ) (190 608 256 ) (190 862 256 ) (190 862 255 ) 
4 123 127 (190 862 248 ) (190 608 248 ) (190 608 254 ) (190 862 254 ) 
4 123 124 (190 1024 248 ) (190 862 248 ) (190 862 256 ) (190 1024 256 ) 
4 124 185 (0 1024 256 ) (0 1024 248 ) (0 862 248 ) (0 862 256 ) 
4 124 128 (0 1024 248 ) (190 1024 248 ) (190 862 248 ) (0 862 248 ) 
4 124 126 (190 862 254 ) (190 862 255 ) (0 862 255 ) (0 862 254 ) 
4 124 125 (190 862 255 ) (190 862 256 ) (0 862 256 ) (0 862 255 ) 
4 124 127 (0 862 248 ) (190 862 248 ) (190 862 254 ) (0 862 254 ) 
4 125 186 (0 608 255 ) (0 608 256 ) (0 862 256 ) (0 862 255 ) 
4 125 126 (0 862 255 ) (190 862 255 ) (190 608 255 ) (0 608 255 ) 
4 126 187 (0 608 254 ) (0 608 255 ) (0 862 255 ) (0 862 254 ) 
4 126 127 (0 862 254 ) (190 862 254 ) (190 608 254 ) (0 608 254 ) 
4 127 188 (0 862 248 ) (0 608 248 ) (0 608 254 ) (0 862 254 ) 
4 127 128 (190 862 248 ) (190 640 248 ) (0 640 248 ) (0 862 248 ) 
4 128 190 (0 1024 248 ) (0 1024 192 ) (0 640 192 ) (0 640 248 ) 
4 128 136 (0 640 192 ) (0 1024 192 ) (192 1024 192 ) (192 640 192 ) 
4 129 146 (512 576 192 ) (768 576 192 ) (768 384 192 ) (512 384 192 ) 
4 129 131 (512 384 192 ) (768 384 192 ) (768 384 256 ) (512 384 256 ) 
4 130 148 (160 576 192 ) (192 576 192 ) (192 448 192 ) (160 448 192 ) 
4 131 234 (224 0 256 ) (126 0 256 ) (126 0 192 ) (224 0 192 ) 
4 131 233 (256 0 256 ) (224 0 256 ) (224 0 192 ) (256 0 192 ) 
4 131 230 (512 0 256 ) (256 0 256 ) (256 0 192 ) (512 0 192 ) 
4 131 228 (768 0 192 ) (768 0 256 ) (512 0 256 ) (512 0 192 ) 
4 131 153 (224 64 192 ) (224 0 192 ) (126 0 192 ) (126 64 192 ) 
4 131 152 (126 384 192 ) (224 384 192 ) (224 64 192 ) (126 64 192 ) 
4 131 151 (224 384 192 ) (320 384 192 ) (320 0 192 ) (224 0 192 ) 
4 131 147 (320 384 192 ) (512 384 192 ) (512 0 192 ) (320 0 192 ) 
4 131 146 (512 384 192 ) (768 384 192 ) (768 0 192 ) (512 0 192 ) 
4 131 133 (126 384 254 ) (126 384 250 ) (126 0 250 ) (126 0 254 ) 
4 131 132 (126 384 256 ) (126 384 254 ) (126 0 254 ) (126 0 256 ) 
4 131 134 (126 384 250 ) (126 384 192 ) (126 0 192 ) (126 0 250 ) 
4 132 235 (126 0 256 ) (2 0 256 ) (2 0 254 ) (126 0 254 ) 
4 132 135 (2 384 256 ) (2 384 254 ) (2 0 254 ) (2 0 256 ) 
4 132 133 (2 0 254 ) (2 384 254 ) (126 384 254 ) (126 0 254 ) 
4 133 235 (2 0 254 ) (2 0 250 ) (126 0 250 ) (126 0 254 ) 
4 133 134 (2 0 250 ) (2 384 250 ) (126 384 250 ) (126 0 250 ) 
4 133 135 (2 384 254 ) (2 384 250 ) (2 0 250 ) (2 0 254 ) 
4 134 235 (2 0 250 ) (2 0 192 ) (126 0 192 ) (126 0 250 ) 
4 134 153 (126 64 192 ) (126 0 192 ) (2 0 192 ) (2 64 192 ) 
4 134 152 (2 384 192 ) (126 384 192 ) (126 64 192 ) (2 64 192 ) 
4 134 135 (2 384 250 ) (2 384 192 ) (2 0 192 ) (2 0 250 ) 
4 135 239 (2 0 256 ) (0 0 256 ) (0 0 192 ) (2 0 192 ) 
4 135 219 (0 64 192 ) (0 0 192 ) (0 0 256 ) (0 64 256 ) 
4 135 218 (0 96 192 ) (0 64 192 ) (0 64 256 ) (0 96 256 ) 
4 135 217 (0 128 192 ) (0 96 192 ) (0 96 256 ) (0 128 256 ) 
4 135 211 (0 384 192 ) (0 128 192 ) (0 128 256 ) (0 384 256 ) 
4 135 153 (0 0 192 ) (0 64 192 ) (2 64 192 ) (2 0 192 ) 
4 135 152 (0 64 192 ) (0 384 192 ) (2 384 192 ) (2 64 192 ) 
4 136 206 (0 768 8 ) (0 640 8 ) (0 640 192 ) (0 768 192 ) 
4 136 195 (0 896 8 ) (0 768 8 ) (0 768 192 ) (0 896 192 ) 
4 136 194 (0 1024 192 ) (0 1024 8 ) (0 896 8 ) (0 896 192 ) 
4 136 149 (128 640 192 ) (0 640 192 ) (0 640 8 ) (128 640 8 ) 
4 136 148 (320 640 192 ) (128 640 192 ) (128 640 8 ) (320 640 8 ) 
4 136 146 (768 640 8 ) (768 640 192 ) (512 640 192 ) (512 640 8 ) 
4 136 143 (544 896 8 ) (544 1024 8 ) (576 1024 8 ) (576 896 8 ) 
4 136 144 (576 640 8 ) (544 640 8 ) (544 768 8 ) (576 768 8 ) 
4 136 145 (544 640 8 ) (0 640 8 ) (0 1024 8 ) (544 1024 8 ) 
4 136 141 (576 800 8 ) (576 864 8 ) (704 864 8 ) (704 800 8 ) 
4 136 142 (704 640 8 ) (576 640 8 ) (576 768 8 ) (704 768 8 ) 
4 136 140 (576 896 8 ) (576 1024 8 ) (704 1024 8 ) (704 896 8 ) 
4 136 138 (704 896 8 ) (704 1024 8 ) (736 1024 8 ) (736 896 8 ) 
4 136 139 (736 640 8 ) (704 640 8 ) (704 768 8 ) (736 768 8 ) 
4 136 137 (768 640 8 ) (736 640 8 ) (736 1024 8 ) (768 1024 8 ) 
4 137 146 (736 640 0 ) (768 640 0 ) (768 640 8 ) (736 640 8 ) 
4 137 138 (736 1024 0 ) (736 896 0 ) (736 896 8 ) (736 1024 8 ) 
4 137 139 (736 768 0 ) (736 640 0 ) (736 640 8 ) (736 768 8 ) 
4 138 140 (704 1024 0 ) (704 896 0 ) (704 896 8 ) (704 1024 8 ) 
4 139 146 (704 640 0 ) (736 640 0 ) (736 640 8 ) (704 640 8 ) 
4 139 142 (704 768 0 ) (704 640 0 ) (704 640 8 ) (704 768 8 ) 
4 140 143 (576 1024 0 ) (576 896 0 ) (576 896 8 ) (576 1024 8 ) 
4 141 154 (704 864 0 ) (704 800 0 ) (576 800 0 ) (576 864 0 ) 
4 142 146 (576 640 0 ) (704 640 0 ) (704 640 8 ) (576 640 8 ) 
4 142 144 (576 768 0 ) (576 640 0 ) (576 640 8 ) (576 768 8 ) 
4 143 145 (544 1024 0 ) (544 896 0 ) (544 896 8 ) (544 1024 8 ) 
4 144 146 (544 640 0 ) (576 640 0 ) (576 640 8 ) (544 640 8 ) 
4 144 145 (544 768 0 ) (544 640 0 ) (544 640 8 ) (544 768 8 ) 
4 145 206 (0 768 0 ) (0 640 0 ) (0 640 8 ) (0 768 8 ) 
4 145 195 (0 896 0 ) (0 768 0 ) (0 768 8 ) (0 896 8 ) 
4 145 194 (0 1024 8 ) (0 1024 0 ) (0 896 0 ) (0 896 8 ) 
4 145 149 (0 640 0 ) (128 640 0 ) (128 640 8 ) (0 640 8 ) 
4 145 148 (128 640 0 ) (320 640 0 ) (320 640 8 ) (128 640 8 ) 
4 145 146 (512 640 0 ) (544 640 0 ) (544 640 8 ) (512 640 8 ) 
4 146 228 (768 0 0 ) (768 0 192 ) (512 0 192 ) (512 0 0 ) 
4 146 158 (640 256 0 ) (512 256 0 ) (512 352 0 ) (640 352 0 ) 
4 146 147 (512 384 0 ) (512 0 0 ) (512 0 192 ) (512 384 192 ) 
4 147 230 (512 0 192 ) (320 0 192 ) (320 0 0 ) (512 0 0 ) 
4 147 157 (320 352 0 ) (320 384 0 ) (448 384 0 ) (448 352 0 ) 
4 147 158 (320 256 0 ) (320 352 0 ) (512 352 0 ) (512 256 0 ) 
4 147 151 (320 384 0 ) (320 0 0 ) (320 0 192 ) (320 384 192 ) 
4 148 152 (128 448 0 ) (224 448 0 ) (224 448 192 ) (128 448 192 ) 
4 148 151 (224 448 0 ) (320 448 0 ) (320 448 192 ) (224 448 192 ) 
4 148 150 (128 448 2 ) (128 448 192 ) (128 576 192 ) (128 576 2 ) 
4 148 149 (128 640 192 ) (128 640 0 ) (128 576 0 ) (128 576 192 ) 
4 149 207 (0 640 0 ) (0 576 0 ) (0 576 192 ) (0 640 192 ) 
4 149 155 (0 576 0 ) (0 608 0 ) (128 608 0 ) (128 576 0 ) 
4 149 150 (128 576 2 ) (128 576 192 ) (0 576 192 ) (0 576 2 ) 
4 150 207 (0 448 2 ) (0 448 192 ) (0 576 192 ) (0 576 2 ) 
4 150 152 (128 448 2 ) (128 448 192 ) (0 448 192 ) (0 448 2 ) 
4 151 233 (256 0 192 ) (224 0 192 ) (224 0 0 ) (256 0 0 ) 
4 151 230 (320 0 192 ) (256 0 192 ) (256 0 0 ) (320 0 0 ) 
4 151 160 (288 0 0 ) (224 0 0 ) (224 64 0 ) (288 64 0 ) 
4 151 159 (224 64 0 ) (224 128 0 ) (288 128 0 ) (288 64 0 ) 
4 151 153 (224 0 64 ) (224 0 192 ) (224 64 192 ) (224 64 64 ) 
4 151 152 (224 448 192 ) (224 448 0 ) (224 64 0 ) (224 64 192 ) 
4 152 218 (0 96 0 ) (0 64 0 ) (0 64 192 ) (0 96 192 ) 
4 152 217 (0 128 0 ) (0 96 0 ) (0 96 192 ) (0 128 192 ) 
4 152 211 (0 384 0 ) (0 128 0 ) (0 128 192 ) (0 384 192 ) 
4 152 207 (0 448 0 ) (0 384 0 ) (0 384 192 ) (0 448 192 ) 
4 152 159 (0 64 0 ) (0 128 0 ) (224 128 0 ) (224 64 0 ) 
4 152 156 (0 416 0 ) (0 448 0 ) (128 448 0 ) (128 416 0 ) 
4 152 153 (224 64 64 ) (224 64 192 ) (0 64 192 ) (0 64 64 ) 
4 153 235 (126 0 192 ) (2 0 192 ) (2 0 64 ) (126 0 64 ) 
4 153 234 (224 0 192 ) (126 0 192 ) (126 0 64 ) (224 0 64 ) 
4 153 239 (2 0 192 ) (0 0 192 ) (0 0 64 ) (2 0 64 ) 
4 153 219 (0 0 64 ) (0 0 192 ) (0 64 192 ) (0 64 64 ) 
4 157 158 (320 352 0 ) (320 352 -8 ) (448 352 -8 ) (448 352 0 ) 
4 159 218 (0 64 0 ) (0 96 0 ) (0 96 -16 ) (0 64 -16 ) 
4 159 217 (0 96 0 ) (0 128 0 ) (0 128 -16 ) (0 96 -16 ) 
4 159 162 (224 64 -16 ) (0 64 -16 ) (0 96 -16 ) (224 96 -16 ) 
4 159 161 (256 64 -16 ) (224 64 -16 ) (224 96 -16 ) (256 96 -16 ) 
4 159 160 (224 64 -16 ) (288 64 -16 ) (288 64 0 ) (224 64 0 ) 
4 160 233 (256 0 0 ) (224 0 0 ) (224 0 -16 ) (256 0 -16 ) 
4 160 232 (288 0 0 ) (256 0 0 ) (256 0 -16 ) (288 0 -16 ) 
4 160 161 (256 0 -16 ) (224 0 -16 ) (224 64 -16 ) (256 64 -16 ) 
4 161 233 (256 0 -32 ) (256 0 -16 ) (224 0 -16 ) (224 0 -32 ) 
4 161 162 (224 96 -16 ) (224 96 -32 ) (224 64 -32 ) (224 64 -16 ) 
4 162 218 (0 64 -32 ) (0 64 -16 ) (0 96 -16 ) (0 96 -32 ) 
4 163 240 (-128 0 832 ) (-256 0 832 ) (-256 0 528 ) (-128 0 528 ) 
4 163 164 (-256 256 832 ) (-256 256 528 ) (-256 0 528 ) (-256 0 832 ) 
4 164 242 (-256 0 832 ) (-512 0 832 ) (-512 0 528 ) (-256 0 528 ) 
4 164 166 (-256 0 528 ) (-512 0 528 ) (-512 256 528 ) (-256 256 528 ) 
4 165 172 (-256 128 512 ) (-256 384 512 ) (0 384 512 ) (0 128 512 ) 
4 165 168 (-256 384 512 ) (-256 512 512 ) (0 512 512 ) (0 384 512 ) 
4 165 167 (-256 298.666962 512 ) (-256 128 512 ) (-256 128 520 ) (-256 384 520 ) 
4 166 242 (-256 0 528 ) (-512 0 528 ) (-512 0 520 ) (-256 0 520 ) 
4 166 167 (-512 0 520 ) (-512 256 520 ) (-256 256 520 ) (-256 0 520 ) 
4 167 242 (-512 0 520 ) (-512 0 512 ) (-256 0 512 ) (-256 0 520 ) 
4 167 174 (-512 256 512 ) (-512 298.666901 512 ) (-256 298.666870 512 ) (-256 256 512 ) 
4 167 175 (-256 0 512 ) (-512 0 512 ) (-512 256 512 ) (-256 256 512 ) 
4 168 192 (-320 1024 256 ) (-64 1024 256 ) (-64 640 256 ) (-320 640 256 ) 
4 168 186 (0 862 256 ) (0 608 256 ) (-63 608 256 ) (-63 862 256 ) 
4 168 185 (-63 1024 256 ) (0 1024 256 ) (0 862 256 ) (-63 862 256 ) 
4 168 189 (-64 1024 256 ) (-63 1024 256 ) (-63 608 256 ) (-64 608 256 ) 
4 168 173 (-320 384 256 ) (-256 384 256 ) (-256 384 512 ) (-320 384 512 ) 
4 168 172 (-256 384 256 ) (0 384 256 ) (0 384 512 ) (-256 384 512 ) 
4 168 170 (-320 384 320 ) (-320 384 512 ) (-320 448 512 ) (-320 448 320 ) 
4 168 169 (-320 1024 256 ) (-320 448 256 ) (-320 448 512 ) (-320 1024 512 ) 
4 169 192 (-384 1024 256 ) (-320 1024 256 ) (-320 640 256 ) (-384 640 256 ) 
4 169 170 (-384 448 512 ) (-384 448 320 ) (-320 448 320 ) (-320 448 512 ) 
4 169 171 (-384 1024 256 ) (-384 448 256 ) (-384 448 512 ) (-384 1024 512 ) 
4 170 173 (-320 384 320 ) (-320 384 512 ) (-384 384 512 ) (-384 384 320 ) 
4 170 171 (-384 384 320 ) (-384 384 512 ) (-384 448 512 ) (-384 448 320 ) 
4 171 193 (-384 640 256 ) (-384 384 256 ) (-640 384 256 ) (-640 640 256 ) 
4 171 192 (-640 1024 256 ) (-384 1024 256 ) (-384 640 256 ) (-640 640 256 ) 
4 171 173 (-512 384 256 ) (-384 384 256 ) (-384 384 512 ) (-512 384 512 ) 
4 171 176 (-640 384 512 ) (-640 384 256 ) (-512 384 256 ) (-512 384 512 ) 
4 172 241 (0 0 256 ) (0 0 512 ) (-256 0 512 ) (-256 0 256 ) 
4 172 222 (-160 0 256 ) (-256 0 256 ) (-256 128 256 ) (-160 128 256 ) 
4 172 221 (-128 0 256 ) (-160 0 256 ) (-160 128 256 ) (-128 128 256 ) 
4 172 220 (-96 0 256 ) (-128 0 256 ) (-128 96 256 ) (-96 96 256 ) 
4 172 219 (0 64 256 ) (0 0 256 ) (-96 0 256 ) (-96 64 256 ) 
4 172 218 (0 96 256 ) (0 64 256 ) (-96 64 256 ) (-96 96 256 ) 
4 172 217 (0 128 256 ) (0 96 256 ) (-128 96 256 ) (-128 128 256 ) 
4 172 211 (0 384 256 ) (0 128 256 ) (-256 128 256 ) (-256 384 256 ) 
3 172 174 (-256 256 508 ) (-256 256 512 ) (-256 298.666779 512 ) 
4 172 173 (-256 384 512 ) (-256 384 256 ) (-256 256 256 ) (-256 256 500 ) 
4 172 175 (-256 256 256 ) (-256 0 256 ) (-256 0 512 ) (-256 256 512 ) 
4 173 211 (-512 256 256 ) (-512 384 256 ) (-256 384 256 ) (-256 256 256 ) 
4 173 175 (-512 256 500 ) (-512 256 256 ) (-256 256 256 ) (-256 256 500 ) 
4 173 176 (-512 384 512 ) (-512 384 256 ) (-512 256 256 ) (-512 256 500 ) 
3 174 176 (-512 256 508 ) (-512 256 512 ) (-512 298.666779 512 ) 
4 174 175 (-512 256 512 ) (-512 256 508 ) (-256 256 508 ) (-256 256 512 ) 
4 175 243 (-256 0 512 ) (-512 0 512 ) (-512 0 256 ) (-256 0 256 ) 
4 175 223 (-256 0 256 ) (-512 0 256 ) (-512 128 256 ) (-256 128 256 ) 
4 175 211 (-512 128 256 ) (-512 256 256 ) (-256 256 256 ) (-256 128 256 ) 
4 175 176 (-512 256 256 ) (-512 0 256 ) (-512 0 512 ) (-512 256 512 ) 
4 176 246 (-512 0 512 ) (-640 0 512 ) (-640 0 256 ) (-512 0 256 ) 
4 176 224 (-624 0 256 ) (-640 0 256 ) (-640 128 256 ) (-624 128 256 ) 
4 176 223 (-512 0 256 ) (-624 0 256 ) (-624 128 256 ) (-512 128 256 ) 
4 176 211 (-640 128 256 ) (-640 384 256 ) (-512 384 256 ) (-512 128 256 ) 
4 176 181 (-640 320 256 ) (-640 256 256 ) (-640 256 384 ) (-640 320 384 ) 
4 176 178 (-640 384 256 ) (-640 320 256 ) (-640 320 384 ) (-640 384 384 ) 
4 176 182 (-640 128 256 ) (-640 0 256 ) (-640 0 384 ) (-640 128 384 ) 
4 176 177 (-640 0 384 ) (-640 0 512 ) (-640 128 512 ) (-640 128 384 ) 
4 177 182 (-656 0 384 ) (-656 128 384 ) (-640 128 384 ) (-640 0 384 ) 
4 178 181 (-640 320 256 ) (-640 320 384 ) (-644 320 384 ) (-644 320 256 ) 
4 178 179 (-644 384 384 ) (-644 384 256 ) (-644 324 256 ) (-644 324 384 ) 
4 179 180 (-648 384 384 ) (-648 384 256 ) (-648 324 256 ) (-648 324 384 ) 
4 180 183 (-656 372 256 ) (-656 320 256 ) (-656 320 384 ) (-656 372 384 ) 
4 180 181 (-648 320 384 ) (-656 320 384 ) (-656 320 256 ) (-648 320 256 ) 
4 181 183 (-656 320 256 ) (-656 256 256 ) (-656 256 384 ) (-656 320 384 ) 
4 183 184 (-672 372 256 ) (-672 256 256 ) (-672 256 384 ) (-672 372 384 ) 
4 185 190 (-63 1024 248 ) (0 1024 248 ) (0 862 248 ) (-63 862 248 ) 
4 185 187 (-63 862 255 ) (-63 862 254 ) (0 862 254 ) (0 862 255 ) 
4 185 186 (-63 862 256 ) (-63 862 255 ) (0 862 255 ) (0 862 256 ) 
4 185 188 (-63 862 254 ) (-63 862 248 ) (0 862 248 ) (0 862 254 ) 
4 185 189 (-63 1024 248 ) (-63 862 248 ) (-63 862 256 ) (-63 1024 256 ) 
4 186 189 (-63 608 255 ) (-63 608 256 ) (-63 862 256 ) (-63 862 255 ) 
4 186 187 (0 608 255 ) (-63 608 255 ) (-63 862 255 ) (0 862 255 ) 
4 187 188 (0 608 254 ) (-63 608 254 ) (-63 862 254 ) (0 862 254 ) 
4 187 189 (-63 608 254 ) (-63 608 255 ) (-63 862 255 ) (-63 862 254 ) 
4 188 190 (0 862 248 ) (0 640 248 ) (-63 640 248 ) (-63 862 248 ) 
4 188 189 (-63 862 248 ) (-63 608 248 ) (-63 608 254 ) (-63 862 254 ) 
4 189 192 (-64 640 256 ) (-64 1024 256 ) (-64 1024 248 ) (-64 640 248 ) 
4 189 190 (-64 640 248 ) (-64 1024 248 ) (-63 1024 248 ) (-63 640 248 ) 
4 190 206 (-64 640 192 ) (-64 768 192 ) (0 768 192 ) (0 640 192 ) 
4 190 195 (-64 768 192 ) (-64 896 192 ) (0 896 192 ) (0 768 192 ) 
4 190 194 (-64 896 192 ) (-64 1024 192 ) (0 1024 192 ) (0 896 192 ) 
4 190 192 (-64 1024 192 ) (-64 640 192 ) (-64 640 248 ) (-64 1024 248 ) 
4 191 207 (-64 448 192 ) (-64 576 192 ) (-32 576 192 ) (-32 448 192 ) 
4 192 206 (-64 768 192 ) (-64 640 192 ) (-640 640 192 ) (-640 768 192 ) 
4 192 205 (-608 768 192 ) (-640 768 192 ) (-640 896 192 ) (-608 896 192 ) 
4 192 204 (-576 768 192 ) (-608 768 192 ) (-608 896 192 ) (-576 896 192 ) 
4 192 203 (-448 768 192 ) (-576 768 192 ) (-576 800 192 ) (-448 800 192 ) 
4 192 200 (-544 864 192 ) (-480 864 192 ) (-480 800 192 ) (-544 800 192 ) 
4 192 199 (-480 864 192 ) (-448 864 192 ) (-448 800 192 ) (-480 800 192 ) 
4 192 202 (-576 800 192 ) (-576 864 192 ) (-544 864 192 ) (-544 800 192 ) 
4 192 198 (-576 864 192 ) (-576 896 192 ) (-448 896 192 ) (-448 864 192 ) 
4 192 196 (-416 768 192 ) (-448 768 192 ) (-448 896 192 ) (-416 896 192 ) 
4 192 195 (-64 896 192 ) (-64 768 192 ) (-416 768 192 ) (-416 896 192 ) 
4 192 194 (-640 1024 192 ) (-64 1024 192 ) (-64 896 192 ) (-640 896 192 ) 
4 192 193 (-640 640 192 ) (-384 640 192 ) (-384 640 256 ) (-640 640 256 ) 
4 193 211 (-384 384 256 ) (-640 384 256 ) (-640 384 192 ) (-384 384 192 ) 
4 193 210 (-384 384 192 ) (-640 384 192 ) (-640 640 192 ) (-384 640 192 ) 
4 194 205 (-608 896 192 ) (-640 896 192 ) (-640 896 0 ) (-608 896 0 ) 
4 194 204 (-576 896 192 ) (-608 896 192 ) (-608 896 8 ) (-576 896 8 ) 
4 194 198 (-448 896 192 ) (-576 896 192 ) (-576 896 8 ) (-448 896 8 ) 
4 194 196 (-416 896 192 ) (-448 896 192 ) (-448 896 8 ) (-416 896 8 ) 
4 194 195 (0 896 192 ) (-416 896 192 ) (-416 896 0 ) (0 896 0 ) 
4 195 206 (0 768 0 ) (0 768 192 ) (-416 768 192 ) (-416 768 0 ) 
4 195 196 (-416 896 192 ) (-416 896 8 ) (-416 768 8 ) (-416 768 192 ) 
4 196 206 (-416 768 8 ) (-416 768 192 ) (-448 768 192 ) (-448 768 8 ) 
4 196 203 (-448 800 8 ) (-448 768 8 ) (-448 768 192 ) (-448 800 192 ) 
4 196 199 (-448 864 8 ) (-448 800 8 ) (-448 800 192 ) (-448 864 192 ) 
4 196 198 (-448 896 192 ) (-448 896 8 ) (-448 864 8 ) (-448 864 192 ) 
4 197 199 (-448 864 -16 ) (-448 800 -16 ) (-448 800 0 ) (-448 864 0 ) 
4 198 204 (-576 896 192 ) (-576 896 8 ) (-576 864 8 ) (-576 864 192 ) 
4 198 200 (-544 864 8 ) (-480 864 8 ) (-480 864 192 ) (-544 864 192 ) 
4 198 199 (-480 864 8 ) (-448 864 8 ) (-448 864 192 ) (-480 864 192 ) 
4 198 202 (-576 864 192 ) (-576 864 8 ) (-544 864 8 ) (-544 864 192 ) 
4 199 203 (-448 800 8 ) (-448 800 192 ) (-480 800 192 ) (-480 800 8 ) 
4 199 200 (-480 864 192 ) (-480 864 -32 ) (-480 800 -32 ) (-480 800 192 ) 
4 199 201 (-480 864 -48 ) (-480 864 -80 ) (-480 800 -80 ) (-480 800 -48 ) 
4 200 203 (-480 800 8 ) (-480 800 192 ) (-544 800 192 ) (-544 800 8 ) 
4 200 202 (-544 864 192 ) (-544 864 -32 ) (-544 800 -32 ) (-544 800 192 ) 
4 201 202 (-544 864 -48 ) (-544 864 -80 ) (-544 800 -80 ) (-544 800 -48 ) 
4 202 204 (-576 800 8 ) (-576 800 192 ) (-576 864 192 ) (-576 864 8 ) 
4 202 203 (-576 800 192 ) (-576 800 8 ) (-544 800 8 ) (-544 800 192 ) 
4 203 206 (-448 768 8 ) (-448 768 192 ) (-576 768 192 ) (-576 768 8 ) 
4 203 204 (-576 768 8 ) (-576 768 192 ) (-576 800 192 ) (-576 800 8 ) 
4 204 206 (-576 768 8 ) (-576 768 192 ) (-608 768 192 ) (-608 768 8 ) 
4 204 205 (-608 896 192 ) (-608 896 8 ) (-608 768 8 ) (-608 768 192 ) 
4 205 206 (-608 768 0 ) (-608 768 192 ) (-640 768 192 ) (-640 768 0 ) 
4 206 210 (-384 640 192 ) (-640 640 192 ) (-640 640 0 ) (-384 640 0 ) 
4 206 208 (-128 640 192 ) (-256 640 192 ) (-256 640 0 ) (-128 640 0 ) 
4 206 207 (0 640 192 ) (-128 640 192 ) (-128 640 0 ) (0 640 0 ) 
4 207 211 (-128 384 0 ) (0 384 0 ) (0 384 192 ) (-128 384 192 ) 
4 207 209 (-128 576 0 ) (-128 384 0 ) (-128 384 160 ) (-128 576 160 ) 
4 207 208 (-128 640 192 ) (-128 640 0 ) (-128 576 0 ) (-128 576 192 ) 
4 208 209 (-256 576 160 ) (-256 576 0 ) (-128 576 0 ) (-128 576 160 ) 
4 209 211 (-256 384 0 ) (-128 384 0 ) (-128 384 160 ) (-256 384 160 ) 
4 210 211 (-640 384 0 ) (-384 384 0 ) (-384 384 192 ) (-640 384 192 ) 
3 211 224 (-624 128 256 ) (-640 128 256 ) (-632 128 128 ) 
4 211 223 (-256 128 256 ) (-624 128 256 ) (-640 128 0 ) (-256 128 0 ) 
4 211 222 (-160 128 256 ) (-256 128 256 ) (-256 128 0 ) (-160 128 0 ) 
4 211 221 (-128 128 256 ) (-160 128 256 ) (-160 128 0 ) (-128 128 0 ) 
4 211 217 (0 128 0 ) (0 128 256 ) (-128 128 256 ) (-128 128 0 ) 
4 211 216 (-608 128 0 ) (-640 128 0 ) (-640 384 0 ) (-608 384 0 ) 
4 211 215 (-384 128 0 ) (-608 128 0 ) (-608 352 0 ) (-384 352 0 ) 
4 211 214 (-256 128 0 ) (-384 128 0 ) (-384 352 0 ) (-256 352 0 ) 
4 211 213 (-384 352 0 ) (-384 384 0 ) (-256 384 0 ) (-256 352 0 ) 
4 211 212 (0 128 0 ) (-256 128 0 ) (-256 384 0 ) (0 384 0 ) 
4 212 221 (-128 128 0 ) (-160 128 0 ) (-160 128 -8 ) (-128 128 -8 ) 
4 212 217 (0 128 -8 ) (0 128 0 ) (-128 128 0 ) (-128 128 -8 ) 
4 212 214 (-256 352 -8 ) (-256 128 -8 ) (-256 128 0 ) (-256 352 0 ) 
4 212 213 (-256 384 -8 ) (-256 352 -8 ) (-256 352 0 ) (-256 384 0 ) 
4 213 214 (-384 352 0 ) (-384 352 -8 ) (-256 352 -8 ) (-256 352 0 ) 
4 214 225 (-256 128 0 ) (-384 128 0 ) (-384 128 -8 ) (-256 128 -8 ) 
4 214 215 (-384 352 -8 ) (-384 128 -8 ) (-384 128 0 ) (-384 352 0 ) 
4 215 225 (-384 128 0 ) (-608 128 0 ) (-608 128 -8 ) (-384 128 -8 ) 
4 215 216 (-608 352 -8 ) (-608 128 -8 ) (-608 128 0 ) (-608 352 0 ) 
4 217 221 (-128 128 256 ) (-128 128 -16 ) (-128 96 -16 ) (-128 96 256 ) 
4 217 220 (-128 96 256 ) (-128 96 -16 ) (-96 96 -16 ) (-96 96 256 ) 
4 217 218 (-96 96 -16 ) (0 96 -16 ) (0 96 256 ) (-96 96 256 ) 
4 218 220 (-96 96 256 ) (-96 96 -32 ) (-96 64 -32 ) (-96 64 256 ) 
4 218 219 (-96 64 256 ) (-96 64 64 ) (0 64 64 ) (0 64 256 ) 
4 219 250 (0 0 64 ) (0 0 256 ) (-96 0 256 ) (-96 0 64 ) 
4 219 220 (-96 0 64 ) (-96 0 256 ) (-96 64 256 ) (-96 64 64 ) 
4 220 271 (-96 0 -32 ) (-96 0 0 ) (-128 0 0 ) (-128 0 -32 ) 
4 220 251 (-96 0 0 ) (-96 0 256 ) (-128 0 256 ) (-128 0 0 ) 
4 220 221 (-128 0 -16 ) (-128 0 256 ) (-128 96 256 ) (-128 96 -16 ) 
4 221 272 (-128 0 -16 ) (-128 0 0 ) (-160 0 0 ) (-160 0 -16 ) 
4 221 251 (-128 0 0 ) (-128 0 256 ) (-160 0 256 ) (-160 0 0 ) 
4 221 222 (-160 128 256 ) (-160 128 0 ) (-160 0 0 ) (-160 0 256 ) 
4 222 251 (-160 0 0 ) (-160 0 256 ) (-256 0 256 ) (-256 0 0 ) 
4 222 223 (-256 128 256 ) (-256 128 0 ) (-256 0 0 ) (-256 0 256 ) 
4 223 255 (-384 0 256 ) (-624 0 256 ) (-640 0 0 ) (-384 0 0 ) 
4 223 252 (-256 0 0 ) (-256 0 256 ) (-384 0 256 ) (-384 0 0 ) 
4 223 225 (-608 128 0 ) (-256 128 0 ) (-256 0 0 ) (-608 0 0 ) 
4 223 224 (-632 0 128 ) (-624 0 256 ) (-624 128 256 ) (-632 128 128 ) 
3 224 255 (-624 0 256 ) (-640 0 256 ) (-632 0 128 ) 
4 225 273 (-256 0 -8 ) (-256 0 0 ) (-608 0 0 ) (-608 0 -8 ) 
4 226 228 (768 -192 512 ) (768 -128 512 ) (768 -128 256 ) (768 -192 256 ) 
4 226 227 (784 -192 384 ) (784 -192 512 ) (768 -192 512 ) (768 -192 384 ) 
4 227 228 (768 -256 384 ) (768 -256 512 ) (768 -192 512 ) (768 -192 384 ) 
4 228 231 (512 -224 0 ) (512 -256 0 ) (512 -256 256 ) (512 -248 384 ) 
4 228 230 (512 0 512 ) (512 0 0 ) (512 -224 0 ) (512 -255.252197 500.035095 ) 
4 230 233 (256 -255.252197 500.035156 ) (256 0 512 ) (256 0 0 ) (256 -224 0 ) 
4 230 232 (256 -224 0 ) (256 0 0 ) (288 0 0 ) (288 -224 0 ) 
4 230 231 (256 -224 0 ) (512 -224 0 ) (512 -248 384.001099 ) (256 -248 384.001099 ) 
4 231 233 (256 -256 0 ) (256 -256 256 ) (256 -248 384 ) (256 -224 0 ) 
4 231 232 (256 -256 0 ) (256 -224 0 ) (288 -224 0 ) (288 -256 0 ) 
4 232 233 (256 -256 -16 ) (256 -256 0 ) (256 0 0 ) (256 0 -16 ) 
4 233 234 (224 -256 64 ) (224 -256 512 ) (224 0 512 ) (224 0 64 ) 
4 234 237 (126 -256 250 ) (126 -256 254 ) (126 -192 254 ) (126 -192 250 ) 
4 234 236 (126 -256 254 ) (126 -256 512 ) (126 -192 512 ) (126 -192 254 ) 
4 234 238 (126 -192 64 ) (126 -256 64 ) (126 -256 250 ) (126 -192 250 ) 
4 234 235 (126 0 64 ) (126 -192 64 ) (126 -192 512 ) (126 0 512 ) 
4 235 237 (2 -192 254 ) (2 -192 250 ) (126 -192 250 ) (126 -192 254 ) 
4 235 236 (2 -192 512 ) (2 -192 254 ) (126 -192 254 ) (126 -192 512 ) 
4 235 238 (2 -192 250 ) (2 -192 64 ) (126 -192 64 ) (126 -192 250 ) 
4 235 239 (2 0 64 ) (2 -192 64 ) (2 -192 512 ) (2 0 512 ) 
4 236 239 (2 -256 254 ) (2 -256 512 ) (2 -192 512 ) (2 -192 254 ) 
4 236 237 (2 -256 254 ) (2 -192 254 ) (126 -192 254 ) (126 -256 254 ) 
4 237 238 (2 -256 250 ) (2 -192 250 ) (126 -192 250 ) (126 -256 250 ) 
4 237 239 (2 -256 250 ) (2 -256 254 ) (2 -192 254 ) (2 -192 250 ) 
4 238 239 (2 -192 64 ) (2 -256 64 ) (2 -256 250 ) (2 -192 250 ) 
4 239 250 (0 0 256 ) (0 0 64 ) (0 -256 64 ) (0 -256 256 ) 
4 239 241 (0 0 512 ) (0 0 256 ) (0 -256 256 ) (0 -256 512 ) 
4 240 242 (-256 -256 528 ) (-256 -256 832 ) (-256 0 832 ) (-256 0 528 ) 
4 241 250 (0 0 256 ) (0 -256 256 ) (-96 -256 256 ) (-96 0 256 ) 
4 241 251 (-96 -256 256 ) (-256 -256 256 ) (-256 0 256 ) (-96 0 256 ) 
4 241 243 (-256 0 256 ) (-256 -256 256 ) (-256 -256 512 ) (-256 0 512 ) 
4 242 243 (-256 0 512 ) (-256 -256 512 ) (-512 -256 512 ) (-512 0 512 ) 
4 243 255 (-384 -256 256 ) (-512 -256 256 ) (-512 0 256 ) (-384 0 256 ) 
4 243 252 (-256 -256 256 ) (-384 -256 256 ) (-384 0 256 ) (-256 0 256 ) 
4 243 246 (-512 0 512 ) (-512 0 256 ) (-512 -256 256 ) (-512 -256 512 ) 
4 243 244 (-384 -256 384 ) (-256 -256 384 ) (-256 -256 512 ) (-384 -256 512 ) 
4 245 255 (-480 -448 256 ) (-512 -448 256 ) (-512 -320 256 ) (-480 -320 256 ) 
4 245 247 (-512 -320 256 ) (-512 -448 256 ) (-512 -448 264 ) (-512 -320 264 ) 
4 246 255 (-640 -256 256 ) (-640 0 256 ) (-512 0 256 ) (-512 -256 256 ) 
4 247 255 (-544 -320 256 ) (-512 -320 256 ) (-512 -448 256 ) (-544 -448 256 ) 
4 248 255 (-640 -960 256 ) (-640 -832 256 ) (-512 -832 256 ) (-512 -960 256 ) 
4 249 265 (-896 -768 256 ) (-896 -576 256 ) (-864 -576 256 ) (-864 -768 256 ) 
4 249 264 (-864 -576 256 ) (-800 -576 256 ) (-800 -768 256 ) (-864 -768 256 ) 
4 249 259 (-800 -576 256 ) (-704 -576 256 ) (-704 -704 256 ) (-800 -704 256 ) 
4 249 260 (-704 -704 256 ) (-704 -768 256 ) (-800 -768 256 ) (-800 -704 256 ) 
4 250 251 (-96 -256 64 ) (-96 -256 256 ) (-96 0 256 ) (-96 0 64 ) 
4 251 272 (-160 0 0 ) (-128 0 0 ) (-128 -256 0 ) (-160 -256 0 ) 
4 251 271 (-128 0 0 ) (-96 0 0 ) (-96 -256 0 ) (-128 -256 0 ) 
4 251 252 (-256 0 0 ) (-256 -256 0 ) (-256 -256 256 ) (-256 0 256 ) 
4 252 273 (-384 -256 0 ) (-384 0 0 ) (-256 0 0 ) (-256 -256 0 ) 
4 252 255 (-384 0 0 ) (-384 -256 0 ) (-384 -256 256 ) (-384 0 256 ) 
4 253 255 (-384 -384 0 ) (-384 -512 0 ) (-384 -512 256 ) (-384 -384 256 ) 
4 254 255 (-384 -640 0 ) (-384 -960 0 ) (-384 -960 256 ) (-384 -640 256 ) 
4 255 273 (-608 0 0 ) (-384 0 0 ) (-384 -256 0 ) (-608 -256 0 ) 
4 255 258 (-640 -832 0 ) (-640 -960 0 ) (-640 -960 128 ) (-640 -832 128 ) 
4 255 257 (-640 -960 128 ) (-640 -960 256 ) (-640 -832 256 ) (-640 -832 128 ) 
4 255 256 (-640 -768 256 ) (-640 -704 256 ) (-640 -704 128 ) (-640 -768 128 ) 
4 256 260 (-656 -768 256 ) (-656 -704 256 ) (-656 -704 128 ) (-656 -768 128 ) 
4 257 267 (-656 -960 256 ) (-656 -832 256 ) (-656 -832 128 ) (-656 -960 128 ) 
4 257 258 (-656 -960 128 ) (-656 -832 128 ) (-640 -832 128 ) (-640 -960 128 ) 
4 258 267 (-656 -832 0 ) (-656 -960 0 ) (-656 -960 128 ) (-656 -832 128 ) 
4 259 264 (-800 -576 128 ) (-800 -704 128 ) (-800 -704 256 ) (-800 -576 256 ) 
4 259 260 (-800 -704 256 ) (-800 -704 128 ) (-704 -704 128 ) (-704 -704 256 ) 
4 260 264 (-800 -704 128 ) (-800 -768 128 ) (-800 -768 256 ) (-800 -704 256 ) 
4 261 267 (-705 -832 191 ) (-799 -832 191 ) (-799 -832 128 ) (-705 -832 128 ) 
4 261 266 (-705 -832 128 ) (-799 -832 128 ) (-799 -830 128 ) (-705 -830 128 ) 
4 262 263 (-864 -571 256 ) (-864 -571 128 ) (-800 -571 128 ) (-800 -571 256 ) 
4 263 264 (-864 -573 256 ) (-864 -573 128 ) (-800 -573 128 ) (-800 -573 256 ) 
4 264 265 (-864 -576 128 ) (-864 -768 128 ) (-864 -768 256 ) (-864 -576 256 ) 
4 266 267 (-705 -832 128 ) (-799 -832 128 ) (-799 -832 1 ) (-705 -832 1 ) 
4 267 268 (-864 -832 128 ) (-864 -832 0 ) (-864 -960 0 ) (-864 -960 128 ) 
4 268 269 (-896 -832 128 ) (-896 -832 0 ) (-896 -960 0 ) (-896 -960 128 ) 
4 269 270 (-960 -832 128 ) (-960 -832 0 ) (-960 -960 0 ) (-960 -960 128 ) 
4 270 276 (-1024 -832 128 ) (-1024 -832 0 ) (-1024 -960 0 ) (-1024 -960 128 ) 
4 271 272 (-128 -256 -16 ) (-128 -256 0 ) (-128 0 0 ) (-128 0 -16 ) 
4 275 282 (-1408 0 64 ) (-1824 0 64 ) (-1824 0 -64 ) (-1408 0 -64 ) 
4 276 277 (-1025 -832 128 ) (-1025 -832 0 ) (-1025 -960 0 ) (-1025 -960 128 ) 
4 277 278 (-1026 -832 128 ) (-1026 -832 0 ) (-1026 -960 0 ) (-1026 -960 128 ) 
4 278 280 (-1088 -960 128 ) (-1088 -832 128 ) (-1088 -832 0 ) (-1088 -960 0 ) 
4 279 280 (-1152 -960 192 ) (-1152 -832 192 ) (-1088 -832 192 ) (-1088 -960 192 ) 
4 280 281 (-1152 -960 128 ) (-1152 -832 128 ) (-1152 -832 0 ) (-1152 -960 0 ) 
4 281 283 (-1344 -960 128 ) (-1344 -832 128 ) (-1344 -832 -128 ) (-1344 -960 -128 ) 
4 283 284 (-1344 -1024 -896 ) (-1344 -1024 768 ) (-1920 -1024 768 ) (-1920 -1024 -896 ) 
