PRT1
317
712
4 3 7 (64 1520 0 ) (176 1520 0 ) (176 1520 1664 ) (64 1520 1664 ) 
4 3 6 (448 1520 592 ) (448 1520 1664 ) (176 1520 1664 ) (176 1520 592 ) 
4 3 5 (464 1520 592 ) (464 1520 1664 ) (448 1520 1664 ) (448 1520 592 ) 
4 3 4 (464 1520 0 ) (576 1520 0 ) (576 1520 1664 ) (464 1520 1664 ) 
4 4 8 (576 1504 0 ) (576 1504 1664 ) (464 1504 1664 ) (464 1504 0 ) 
4 4 5 (464 1520 1664 ) (464 1520 592 ) (464 1504 592 ) (464 1504 1664 ) 
4 5 9 (464 1504 592 ) (464 1504 1664 ) (448 1504 1664 ) (448 1504 592 ) 
4 5 6 (448 1520 1664 ) (448 1520 592 ) (448 1504 592 ) (448 1504 1664 ) 
4 6 11 (192 1504 1664 ) (176 1504 1664 ) (176 1504 592 ) (192 1504 592 ) 
4 6 10 (448 1504 592 ) (448 1504 1664 ) (192 1504 1664 ) (192 1504 592 ) 
4 6 7 (176 1520 1664 ) (176 1520 592 ) (176 1504 592 ) (176 1504 1664 ) 
4 7 12 (176 1504 0 ) (176 1504 1664 ) (64 1504 1664 ) (64 1504 0 ) 
4 8 13 (576 1248 0 ) (576 1248 1664 ) (464 1248 1664 ) (464 1248 0 ) 
4 8 9 (464 1504 1664 ) (464 1504 592 ) (464 1248 592 ) (464 1248 1664 ) 
4 9 14 (464 1248 592 ) (464 1248 1664 ) (448 1248 1664 ) (448 1248 592 ) 
4 9 10 (448 1504 1664 ) (448 1504 592 ) (448 1248 592 ) (448 1248 1664 ) 
4 10 16 (448 1248 592 ) (448 1248 1664 ) (192 1248 1664 ) (192 1248 592 ) 
4 10 11 (192 1504 1664 ) (192 1504 592 ) (192 1248 592 ) (192 1248 1664 ) 
4 11 16 (192 1248 592 ) (192 1248 1664 ) (176 1248 1664 ) (176 1248 592 ) 
4 11 12 (176 1504 1664 ) (176 1504 592 ) (176 1248 592 ) (176 1248 1664 ) 
4 12 17 (176 1248 0 ) (176 1248 1664 ) (64 1248 1664 ) (64 1248 0 ) 
4 13 15 (464 1232 0 ) (464 1056 0 ) (464 1056 1664 ) (464 1232 1664 ) 
4 13 14 (464 1248 1664 ) (464 1248 592 ) (464 1232 592 ) (464 1232 1664 ) 
4 14 16 (448 1248 1664 ) (448 1248 592 ) (448 1232 592 ) (448 1232 1664 ) 
4 14 15 (448 1232 1664 ) (448 1232 592 ) (464 1232 592 ) (464 1232 1664 ) 
4 15 18 (448 1056 0 ) (448 1056 1664 ) (448 1232 1664 ) (448 1232 0 ) 
4 16 18 (448 1232 592 ) (448 1232 1664 ) (176 1232 1664 ) (176 1232 592 ) 
4 16 17 (176 1248 1664 ) (176 1248 592 ) (176 1232 592 ) (176 1232 1664 ) 
4 17 18 (176 1232 0 ) (176 1232 1664 ) (64 1232 1664 ) (64 1232 0 ) 
4 18 19 (384 1056 1024 ) (256 1056 1024 ) (256 1056 768 ) (384 1056 768 ) 
4 19 80 (256 1024 896 ) (256 1024 768 ) (384 1024 768 ) (384 1024 896 ) 
4 19 66 (256 1024 1022 ) (256 1024 896 ) (384 1024 896 ) (384 1024 1022 ) 
4 19 65 (384 1024 1024 ) (256 1024 1024 ) (256 1024 1022 ) (384 1024 1022 ) 
4 21 24 (-2048 2048 0 ) (-2048 2048 128 ) (-2048 2080 128 ) (-2048 2080 0 ) 
4 21 22 (-1800 2048 128 ) (-2048 2048 128 ) (-2048 2048 0 ) (-1800 2048 0 ) 
4 22 25 (-2048 1824 0 ) (-2048 1824 128 ) (-2048 2048 128 ) (-2048 2048 0 ) 
4 23 263 (-1696 1024 1280 ) (-1696 1024 256 ) (-1184 1024 256 ) (-1184 1024 1280 ) 
4 23 254 (-1184 1024 1920 ) (-1696 1024 1920 ) (-1696 1024 1280 ) (-1184 1024 1280 ) 
4 24 25 (-2048 2048 0 ) (-2048 2048 128 ) (-2216 2048 128 ) (-2216 2048 0 ) 
4 26 87 (0 320 2624 ) (0 320 3040 ) (0 448 3040 ) (0 448 2624 ) 
4 26 27 (512 320 2624 ) (0 320 2624 ) (0 448 2624 ) (512 448 2624 ) 
4 27 88 (0 320 2616 ) (0 320 2624 ) (0 448 2624 ) (0 448 2616 ) 
4 27 28 (512 320 2616 ) (0 320 2616 ) (0 448 2616 ) (512 448 2616 ) 
4 28 89 (0 448 1952 ) (0 320 1952 ) (0 320 2616 ) (0 448 2616 ) 
4 28 33 (128 448 1952 ) (192 448 1952 ) (192 320 1952 ) (128 320 1952 ) 
4 28 34 (0 320 1952 ) (0 448 1952 ) (128 448 1952 ) (128 320 1952 ) 
4 28 31 (192 448 1952 ) (384 448 1952 ) (384 320 1952 ) (192 320 1952 ) 
4 28 29 (384 448 1952 ) (512 448 1952 ) (512 320 1952 ) (384 320 1952 ) 
4 29 35 (512 832 1888 ) (512 320 1888 ) (384 320 1888 ) (384 832 1888 ) 
4 29 31 (384 832 1888 ) (384 320 1888 ) (384 320 1952 ) (384 832 1952 ) 
4 29 30 (448 320 1888 ) (512 320 1888 ) (512 320 1952 ) (448 320 1952 ) 
4 30 111 (512 0 1952 ) (448 0 1952 ) (448 0 1888 ) (512 0 1888 ) 
4 30 35 (512 320 1888 ) (512 0 1888 ) (448 0 1888 ) (448 320 1888 ) 
4 31 35 (384 832 1888 ) (384 320 1888 ) (192 320 1888 ) (192 832 1888 ) 
4 31 33 (192 832 1888 ) (192 320 1888 ) (192 320 1952 ) (192 832 1952 ) 
4 32 35 (384 256 1888 ) (384 64 1888 ) (192 64 1888 ) (192 256 1888 ) 
4 33 35 (128 832 1888 ) (192 832 1888 ) (192 320 1888 ) (128 320 1888 ) 
4 33 34 (128 832 1952 ) (128 832 1888 ) (128 320 1888 ) (128 320 1952 ) 
4 34 112 (2 0 1952 ) (0 0 1952 ) (0 0 1888 ) (2 0 1888 ) 
4 34 111 (128 0 1952 ) (2 0 1952 ) (2 0 1888 ) (128 0 1888 ) 
4 34 90 (0 320 1888 ) (0 0 1888 ) (0 0 1952 ) (0 320 1952 ) 
4 34 89 (0 448 1888 ) (0 320 1888 ) (0 320 1952 ) (0 448 1952 ) 
4 34 86 (0 832 1888 ) (0 448 1888 ) (0 448 1952 ) (0 832 1952 ) 
4 34 35 (0 0 1888 ) (0 832 1888 ) (128 832 1888 ) (128 0 1888 ) 
4 35 112 (0 0 1888 ) (0 0 1824 ) (2 0 1824 ) (2 0 1888 ) 
4 35 111 (2 0 1824 ) (512 0 1824 ) (512 0 1888 ) (2 0 1888 ) 
4 35 90 (0 320 1824 ) (0 0 1824 ) (0 0 1888 ) (0 320 1888 ) 
4 35 89 (0 448 1824 ) (0 320 1824 ) (0 320 1888 ) (0 448 1888 ) 
4 35 86 (0 832 1824 ) (0 448 1824 ) (0 448 1888 ) (0 832 1888 ) 
4 35 38 (64 0 1824 ) (0 0 1824 ) (0 384 1824 ) (64 384 1824 ) 
4 35 37 (512 384 1824 ) (512 0 1824 ) (64 0 1824 ) (64 384 1824 ) 
4 35 36 (512 448 1824 ) (512 384 1824 ) (0 384 1824 ) (0 448 1824 ) 
4 36 89 (0 448 1696 ) (0 384 1696 ) (0 384 1824 ) (0 448 1824 ) 
4 36 42 (0 384 1696 ) (0 448 1696 ) (320 448 1696 ) (320 384 1696 ) 
4 36 39 (320 448 1696 ) (512 448 1696 ) (512 384 1696 ) (320 384 1696 ) 
4 36 38 (64 384 1704 ) (64 384 1824 ) (0 384 1824 ) (0 384 1704 ) 
4 36 37 (64 384 1696 ) (512 384 1696 ) (512 384 1824 ) (64 384 1824 ) 
4 37 113 (64 0 1696 ) (512 0 1696 ) (512 0 1704 ) (64 0 1704 ) 
4 37 111 (512 0 1704 ) (512 0 1824 ) (64 0 1824 ) (64 0 1704 ) 
4 37 41 (448 0 1696 ) (320 0 1696 ) (320 128 1696 ) (448 128 1696 ) 
4 37 38 (64 384 1824 ) (64 384 1704 ) (64 0 1704 ) (64 0 1824 ) 
4 38 112 (0 0 1824 ) (0 0 1704 ) (2 0 1704 ) (2 0 1824 ) 
4 38 111 (2 0 1704 ) (64 0 1704 ) (64 0 1824 ) (2 0 1824 ) 
4 38 90 (0 0 1704 ) (0 0 1824 ) (0 320 1824 ) (0 320 1704 ) 
4 38 89 (0 320 1824 ) (0 384 1824 ) (0 384 1704 ) (0 320 1704 ) 
4 39 42 (320 384 1688 ) (320 384 1696 ) (320 448 1696 ) (320 448 1688 ) 
4 39 40 (512 384 1688 ) (320 384 1688 ) (320 448 1688 ) (512 448 1688 ) 
4 40 44 (512 448 1664 ) (512 384 1664 ) (320 384 1664 ) (320 448 1664 ) 
4 40 43 (320 448 1664 ) (320 384 1664 ) (320 384 1688 ) (320 448 1688 ) 
4 41 45 (448 0 1664 ) (320 0 1664 ) (320 128 1664 ) (448 128 1664 ) 
4 42 91 (0 384 1688 ) (0 384 1696 ) (0 448 1696 ) (0 448 1688 ) 
4 42 43 (320 384 1688 ) (0 384 1688 ) (0 448 1688 ) (320 448 1688 ) 
4 43 92 (0 448 1664 ) (0 384 1664 ) (0 384 1688 ) (0 448 1688 ) 
4 43 44 (0 384 1664 ) (0 448 1664 ) (320 448 1664 ) (320 384 1664 ) 
4 44 93 (0 384 1664 ) (0 448 1664 ) (0 448 1248 ) (0 384 1248 ) 
4 45 121 (576 0 1664 ) (320 0 1664 ) (320 0 1152 ) (576 0 1152 ) 
4 45 56 (352 0 1152 ) (320 0 1152 ) (320 320 1152 ) (352 320 1152 ) 
4 45 55 (384 0 1152 ) (352 0 1152 ) (352 320 1152 ) (384 320 1152 ) 
4 45 50 (416 0 1152 ) (384 0 1152 ) (384 320 1152 ) (416 320 1152 ) 
4 45 48 (576 0 1152 ) (416 0 1152 ) (416 320 1152 ) (576 320 1152 ) 
4 45 46 (320 256 1152 ) (320 0 1152 ) (320 0 1664 ) (320 256 1664 ) 
4 46 122 (320 0 1664 ) (192 0 1664 ) (192 0 1536 ) (320 0 1536 ) 
4 46 123 (192 0 1536 ) (192 0 1152 ) (320 0 1152 ) (320 0 1536 ) 
4 46 57 (224 0 1152 ) (192 0 1152 ) (192 256 1152 ) (224 256 1152 ) 
4 46 56 (320 0 1152 ) (224 0 1152 ) (224 256 1152 ) (320 256 1152 ) 
4 46 47 (192 192 1152 ) (192 0 1152 ) (192 0 1664 ) (192 192 1664 ) 
4 47 122 (192 0 1664 ) (0 0 1664 ) (0 0 1536 ) (192 0 1536 ) 
4 47 123 (0 0 1536 ) (0 0 1152 ) (192 0 1152 ) (192 0 1536 ) 
4 47 94 (0 192 1152 ) (0 0 1152 ) (0 0 1664 ) (0 192 1664 ) 
4 47 60 (128 0 1152 ) (0 0 1152 ) (0 192 1152 ) (128 192 1152 ) 
4 47 59 (192 0 1152 ) (128 0 1152 ) (128 192 1152 ) (192 192 1152 ) 
4 48 133 (576 0 1152 ) (416 0 1152 ) (416 0 1024 ) (576 0 1024 ) 
4 48 61 (576 320 1024 ) (576 0 1024 ) (416 0 1024 ) (416 320 1024 ) 
4 48 50 (416 320 1024 ) (416 0 1024 ) (416 0 1152 ) (416 320 1152 ) 
4 49 62 (416 864 1024 ) (416 800 1024 ) (384 800 1024 ) (384 864 1024 ) 
4 49 52 (384 864 1024 ) (384 800 1024 ) (384 800 1086 ) (384 864 1086 ) 
4 49 51 (384 800 1086 ) (384 800 1088 ) (384 864 1088 ) (384 864 1086 ) 
4 50 133 (416 0 1152 ) (384 0 1152 ) (384 0 1024 ) (416 0 1024 ) 
4 50 64 (416 320 1024 ) (416 0 1024 ) (384 0 1024 ) (384 320 1024 ) 
4 50 55 (384 320 1024 ) (384 0 1024 ) (384 0 1152 ) (384 320 1152 ) 
4 51 53 (256 864 1088 ) (256 864 1086 ) (256 800 1086 ) (256 800 1088 ) 
4 51 52 (384 800 1086 ) (256 800 1086 ) (256 864 1086 ) (384 864 1086 ) 
4 52 65 (384 864 1024 ) (384 800 1024 ) (256 800 1024 ) (256 864 1024 ) 
4 52 53 (256 864 1086 ) (256 864 1024 ) (256 800 1024 ) (256 800 1086 ) 
4 53 68 (256 800 1024 ) (224 800 1024 ) (224 864 1024 ) (256 864 1024 ) 
4 54 65 (384 672 1024 ) (384 416 1024 ) (352 416 1024 ) (352 672 1024 ) 
4 55 133 (384 0 1152 ) (352 0 1152 ) (352 0 1024 ) (384 0 1024 ) 
4 55 67 (384 320 1024 ) (384 0 1024 ) (352 0 1024 ) (352 320 1024 ) 
4 55 56 (352 320 1024 ) (352 0 1024 ) (352 0 1152 ) (352 320 1152 ) 
4 56 134 (320 0 1152 ) (224 0 1152 ) (224 0 1024 ) (320 0 1024 ) 
4 56 133 (352 0 1152 ) (320 0 1152 ) (320 0 1024 ) (352 0 1024 ) 
4 56 71 (256 0 1024 ) (224 0 1024 ) (224 320 1024 ) (256 320 1024 ) 
4 56 67 (352 0 1024 ) (256 0 1024 ) (256 320 1024 ) (352 320 1024 ) 
4 56 57 (224 320 1024 ) (224 0 1024 ) (224 0 1152 ) (224 320 1152 ) 
4 57 134 (224 0 1152 ) (192 0 1152 ) (192 0 1024 ) (224 0 1024 ) 
4 57 76 (224 320 1024 ) (224 0 1024 ) (192 0 1024 ) (192 320 1024 ) 
4 57 59 (192 320 1024 ) (192 0 1024 ) (192 0 1152 ) (192 320 1152 ) 
4 58 77 (192 712 1024 ) (192 702 1024 ) (128 702 1024 ) (128 712 1024 ) 
4 58 60 (128 704 1024 ) (128 702 1024 ) (128 702 1152 ) (128 704 1152 ) 
4 58 59 (128 702 1152 ) (128 702 1024 ) (192 702 1024 ) (192 702 1152 ) 
4 59 135 (192 0 1152 ) (128 0 1152 ) (128 0 1024 ) (192 0 1024 ) 
4 59 78 (192 702 1024 ) (192 0 1024 ) (128 0 1024 ) (128 702 1024 ) 
4 59 60 (128 702 1024 ) (128 0 1024 ) (128 0 1152 ) (128 702 1152 ) 
4 60 135 (128 0 1152 ) (0 0 1152 ) (0 0 1024 ) (128 0 1024 ) 
4 60 97 (0 704 1024 ) (0 0 1024 ) (0 0 1152 ) (0 704 1152 ) 
4 60 79 (0 0 1024 ) (0 704 1024 ) (64 704 1024 ) (64 0 1024 ) 
4 60 78 (128 702 1024 ) (128 0 1024 ) (64 0 1024 ) (64 702 1024 ) 
4 60 77 (64 704 1024 ) (128 704 1024 ) (128 702 1024 ) (64 702 1024 ) 
4 61 133 (576 0 1024 ) (416 0 1024 ) (416 0 896 ) (576 0 896 ) 
4 61 81 (576 0 896 ) (416 0 896 ) (416 320 896 ) (576 320 896 ) 
4 61 64 (416 320 896 ) (416 0 896 ) (416 0 1024 ) (416 320 1024 ) 
4 62 66 (384 864 896 ) (384 800 896 ) (384 800 1022 ) (384 864 1022 ) 
4 62 65 (384 800 1022 ) (384 800 1024 ) (384 864 1024 ) (384 864 1022 ) 
4 63 66 (384 792 896 ) (384 776 896 ) (384 776 1022 ) (384 792 1022 ) 
4 63 65 (384 776 1022 ) (384 776 1024 ) (384 792 1024 ) (384 792 1022 ) 
4 64 133 (416 0 1024 ) (384 0 1024 ) (384 0 896 ) (416 0 896 ) 
4 64 81 (416 0 896 ) (384 0 896 ) (384 320 896 ) (416 320 896 ) 
4 64 67 (384 320 896 ) (384 0 896 ) (384 0 1024 ) (384 320 1024 ) 
4 65 70 (256 416 1022 ) (256 416 1024 ) (256 608 1024 ) (256 608 1022 ) 
4 65 69 (256 776 1024 ) (256 792 1024 ) (256 792 1022 ) (256 776 1022 ) 
4 65 68 (256 800 1024 ) (256 864 1024 ) (256 864 1022 ) (256 800 1022 ) 
4 65 66 (384 416 1022 ) (256 416 1022 ) (256 1024 1022 ) (384 1024 1022 ) 
4 66 80 (256 864 896 ) (256 1024 896 ) (384 1024 896 ) (384 864 896 ) 
4 66 70 (256 608 896 ) (256 416 896 ) (256 416 1022 ) (256 608 1022 ) 
4 66 69 (256 792 896 ) (256 776 896 ) (256 776 1022 ) (256 792 1022 ) 
4 66 68 (256 864 896 ) (256 800 896 ) (256 800 1022 ) (256 864 1022 ) 
4 67 134 (320 0 1024 ) (256 0 1024 ) (256 0 896 ) (320 0 896 ) 
4 67 133 (384 0 1024 ) (320 0 1024 ) (320 0 896 ) (384 0 896 ) 
4 67 81 (384 0 896 ) (256 0 896 ) (256 320 896 ) (384 320 896 ) 
4 67 71 (256 320 896 ) (256 0 896 ) (256 0 1024 ) (256 320 1024 ) 
4 70 72 (224 608 896 ) (224 416 896 ) (224 416 1024 ) (224 608 1024 ) 
4 71 134 (256 0 1024 ) (224 0 1024 ) (224 0 896 ) (256 0 896 ) 
4 71 81 (256 0 896 ) (224 0 896 ) (224 320 896 ) (256 320 896 ) 
4 71 76 (224 320 896 ) (224 0 896 ) (224 0 1024 ) (224 320 1024 ) 
4 72 73 (207 608 1024 ) (207 608 896 ) (207 416 896 ) (207 416 1024 ) 
4 73 74 (206 608 1024 ) (206 608 896 ) (206 416 896 ) (206 416 1024 ) 
4 74 78 (192 608 896 ) (192 416 896 ) (192 416 1024 ) (192 608 1024 ) 
4 74 75 (192 416 1024 ) (192 416 992 ) (194 416 992 ) (194 416 1024 ) 
4 75 78 (192 384 992 ) (192 384 1024 ) (192 416 1024 ) (192 416 992 ) 
4 76 134 (224 0 1024 ) (192 0 1024 ) (192 0 896 ) (224 0 896 ) 
4 76 82 (224 0 896 ) (192 0 896 ) (192 320 896 ) (224 320 896 ) 
4 76 78 (192 320 896 ) (192 0 896 ) (192 0 1024 ) (192 320 1024 ) 
4 77 79 (64 704 896 ) (64 702 896 ) (64 702 1024 ) (64 704 1024 ) 
4 77 78 (64 702 1024 ) (64 702 896 ) (192 702 896 ) (192 702 1024 ) 
4 78 135 (192 0 1024 ) (64 0 1024 ) (64 0 896 ) (192 0 896 ) 
4 78 82 (192 0 896 ) (64 0 896 ) (64 320 896 ) (192 320 896 ) 
4 78 79 (64 702 896 ) (64 0 896 ) (64 0 1024 ) (64 702 1024 ) 
4 79 135 (64 0 1024 ) (0 0 1024 ) (0 0 896 ) (64 0 896 ) 
4 79 97 (0 704 896 ) (0 0 896 ) (0 0 1024 ) (0 704 1024 ) 
4 79 82 (64 0 896 ) (0 0 896 ) (0 320 896 ) (64 320 896 ) 
4 81 139 (320 0 896 ) (224 0 896 ) (224 0 768 ) (320 0 768 ) 
4 81 138 (576 0 896 ) (320 0 896 ) (320 0 768 ) (576 0 768 ) 
4 81 84 (320 0 768 ) (224 0 768 ) (224 320 768 ) (320 320 768 ) 
4 81 83 (576 0 768 ) (320 0 768 ) (320 320 768 ) (576 320 768 ) 
4 81 82 (224 320 768 ) (224 0 768 ) (224 0 896 ) (224 320 896 ) 
4 82 140 (192 0 896 ) (0 0 896 ) (0 0 768 ) (192 0 768 ) 
4 82 139 (224 0 896 ) (192 0 896 ) (192 0 768 ) (224 0 768 ) 
4 82 102 (0 320 768 ) (0 0 768 ) (0 0 896 ) (0 320 896 ) 
4 82 84 (224 0 768 ) (192 0 768 ) (192 320 768 ) (224 320 768 ) 
4 82 85 (192 0 768 ) (0 0 768 ) (0 320 768 ) (192 320 768 ) 
4 83 142 (576 0 768 ) (320 0 768 ) (320 0 512 ) (576 0 512 ) 
4 83 84 (320 320 768 ) (320 320 512 ) (320 0 512 ) (320 0 768 ) 
4 84 143 (320 0 768 ) (192 0 768 ) (192 0 512 ) (320 0 512 ) 
4 84 85 (192 320 768 ) (192 320 512 ) (192 0 512 ) (192 0 768 ) 
4 85 144 (192 0 768 ) (0 0 768 ) (0 0 512 ) (192 0 512 ) 
4 85 110 (0 320 512 ) (0 0 512 ) (0 0 768 ) (0 320 768 ) 
4 86 89 (-320 448 1952 ) (-320 448 1824 ) (0 448 1824 ) (0 448 1952 ) 
4 87 88 (0 320 2624 ) (-320 320 2624 ) (-320 448 2624 ) (0 448 2624 ) 
4 88 89 (0 320 2616 ) (-320 320 2616 ) (-320 448 2616 ) (0 448 2616 ) 
4 89 91 (-320 384 1696 ) (-320 448 1696 ) (0 448 1696 ) (0 384 1696 ) 
4 89 90 (-320 320 1952 ) (-320 320 1696 ) (0 320 1696 ) (0 320 1952 ) 
4 90 146 (0 0 1696 ) (0 0 1952 ) (-320 0 1952 ) (-320 0 1696 ) 
4 91 92 (0 384 1688 ) (-320 384 1688 ) (-320 448 1688 ) (0 448 1688 ) 
4 92 95 (-320 384 1664 ) (-320 448 1664 ) (-64 448 1664 ) (-64 384 1664 ) 
4 92 93 (-64 448 1664 ) (0 448 1664 ) (0 384 1664 ) (-64 384 1664 ) 
4 93 95 (-64 384 1664 ) (-64 448 1664 ) (-64 448 1248 ) (-64 384 1248 ) 
4 94 204 (0 0 1152 ) (0 0 1280 ) (-64 0 1280 ) (-64 0 1152 ) 
4 94 183 (0 0 1280 ) (0 0 1408 ) (-64 0 1408 ) (-64 0 1280 ) 
4 94 172 (0 0 1408 ) (0 0 1536 ) (-64 0 1536 ) (-64 0 1408 ) 
4 94 167 (0 0 1536 ) (0 0 1664 ) (-64 0 1664 ) (-64 0 1536 ) 
4 94 97 (0 192 1152 ) (0 0 1152 ) (-64 0 1152 ) (-64 192 1152 ) 
4 94 96 (-64 0 1664 ) (-64 128 1664 ) (-64 128 1152 ) (-64 0 1152 ) 
4 96 204 (-320 0 1280 ) (-320 0 1152 ) (-64 0 1152 ) (-64 0 1280 ) 
4 96 183 (-320 0 1408 ) (-320 0 1280 ) (-64 0 1280 ) (-64 0 1408 ) 
4 96 172 (-320 0 1536 ) (-320 0 1408 ) (-64 0 1408 ) (-64 0 1536 ) 
4 96 167 (-64 0 1664 ) (-320 0 1664 ) (-320 0 1536 ) (-64 0 1536 ) 
4 96 103 (-320 128 1152 ) (-320 0 1152 ) (-320 0 1664 ) (-320 128 1664 ) 
4 96 100 (-192 128 1152 ) (-64 128 1152 ) (-64 0 1152 ) (-192 0 1152 ) 
4 96 101 (-320 0 1152 ) (-320 128 1152 ) (-192 128 1152 ) (-192 0 1152 ) 
4 97 227 (0 0 896 ) (0 0 1024 ) (-64 0 1024 ) (-64 0 896 ) 
4 97 220 (0 0 1024 ) (0 0 1152 ) (-64 0 1152 ) (-64 0 1024 ) 
4 97 102 (0 0 896 ) (-64 0 896 ) (-64 320 896 ) (0 320 896 ) 
4 97 99 (-64 384 898 ) (-64 384 1152 ) (-64 512 1152 ) (-64 512 898 ) 
4 97 100 (-64 384 896 ) (-64 0 896 ) (-64 0 1152 ) (-64 384 1152 ) 
4 97 98 (-64 704 896 ) (-64 512 896 ) (-64 512 1152 ) (-64 704 1152 ) 
4 98 99 (-64 512 898 ) (-64 512 1152 ) (-192 512 1152 ) (-192 512 898 ) 
4 98 101 (-320 512 896 ) (-192 512 896 ) (-192 512 1152 ) (-320 512 1152 ) 
4 99 100 (-192 384 1152 ) (-192 384 898 ) (-64 384 898 ) (-64 384 1152 ) 
4 99 101 (-192 512 1152 ) (-192 512 898 ) (-192 384 898 ) (-192 384 1152 ) 
4 100 227 (-192 0 1024 ) (-192 0 896 ) (-64 0 896 ) (-64 0 1024 ) 
4 100 222 (-128 0 1152 ) (-192 0 1152 ) (-192 0 1024 ) (-128 0 1024 ) 
4 100 220 (-64 0 1152 ) (-128 0 1152 ) (-128 0 1024 ) (-64 0 1024 ) 
4 100 102 (-64 0 896 ) (-192 0 896 ) (-192 320 896 ) (-64 320 896 ) 
4 100 101 (-192 384 896 ) (-192 0 896 ) (-192 0 1152 ) (-192 384 1152 ) 
4 101 230 (-320 0 1024 ) (-320 0 896 ) (-192 0 896 ) (-192 0 1024 ) 
4 101 222 (-192 0 1152 ) (-320 0 1152 ) (-320 0 1024 ) (-192 0 1024 ) 
4 101 104 (-320 320 896 ) (-320 0 896 ) (-320 0 1152 ) (-320 320 1152 ) 
4 101 102 (-192 0 896 ) (-320 0 896 ) (-320 320 896 ) (-192 320 896 ) 
4 102 233 (0 0 768 ) (0 0 896 ) (-320 0 896 ) (-320 0 768 ) 
4 102 110 (0 320 768 ) (0 0 768 ) (-320 0 768 ) (-320 320 768 ) 
4 102 104 (-320 320 768 ) (-320 0 768 ) (-320 0 896 ) (-320 320 896 ) 
4 103 204 (-416 0 1280 ) (-416 0 1152 ) (-320 0 1152 ) (-320 0 1280 ) 
4 103 183 (-416 0 1408 ) (-416 0 1280 ) (-320 0 1280 ) (-320 0 1408 ) 
4 103 172 (-416 0 1536 ) (-416 0 1408 ) (-320 0 1408 ) (-320 0 1536 ) 
4 103 167 (-416 0 1664 ) (-416 0 1536 ) (-320 0 1536 ) (-320 0 1664 ) 
4 103 108 (-416 256 1152 ) (-416 0 1152 ) (-416 0 1664 ) (-416 256 1664 ) 
4 103 104 (-416 0 1152 ) (-416 256 1152 ) (-320 256 1152 ) (-320 0 1152 ) 
4 104 233 (-416 0 896 ) (-416 0 768 ) (-320 0 768 ) (-320 0 896 ) 
4 104 231 (-416 0 1024 ) (-416 0 896 ) (-320 0 896 ) (-320 0 1024 ) 
4 104 222 (-416 0 1152 ) (-416 0 1024 ) (-320 0 1024 ) (-320 0 1152 ) 
4 104 110 (-320 320 768 ) (-320 0 768 ) (-416 0 768 ) (-416 320 768 ) 
4 104 108 (-416 256 768 ) (-416 0 768 ) (-416 0 1152 ) (-416 256 1152 ) 
4 104 106 (-416 320 768 ) (-416 256 768 ) (-416 256 1152 ) (-416 320 1152 ) 
4 105 108 (-448 256 1664 ) (-448 256 1152 ) (-416 256 1152 ) (-416 256 1664 ) 
4 106 110 (-416 320 768 ) (-416 256 768 ) (-448 256 768 ) (-448 320 768 ) 
4 106 108 (-448 256 1152 ) (-448 256 768 ) (-416 256 768 ) (-416 256 1152 ) 
4 107 159 (-448 0 1672 ) (-448 0 1664 ) (-416 0 1664 ) (-416 0 1672 ) 
4 107 108 (-448 0 1664 ) (-448 256 1664 ) (-416 256 1664 ) (-416 0 1664 ) 
4 108 233 (-448 0 896 ) (-448 0 768 ) (-416 0 768 ) (-416 0 896 ) 
4 108 231 (-448 0 1024 ) (-448 0 896 ) (-416 0 896 ) (-416 0 1024 ) 
4 108 222 (-448 0 1152 ) (-448 0 1024 ) (-416 0 1024 ) (-416 0 1152 ) 
4 108 204 (-448 0 1280 ) (-448 0 1152 ) (-416 0 1152 ) (-416 0 1280 ) 
4 108 183 (-448 0 1408 ) (-448 0 1280 ) (-416 0 1280 ) (-416 0 1408 ) 
4 108 172 (-448 0 1536 ) (-448 0 1408 ) (-416 0 1408 ) (-416 0 1536 ) 
4 108 167 (-448 0 1664 ) (-448 0 1536 ) (-416 0 1536 ) (-416 0 1664 ) 
4 108 110 (-416 256 768 ) (-416 0 768 ) (-448 0 768 ) (-448 256 768 ) 
4 108 109 (-448 0 896 ) (-448 0 1152 ) (-448 64 1152 ) (-448 64 896 ) 
4 109 235 (-464 0 1152 ) (-464 0 896 ) (-448 0 896 ) (-448 0 1152 ) 
4 110 238 (0 0 512 ) (0 0 768 ) (-448 0 768 ) (-448 0 512 ) 
4 111 113 (512 0 1704 ) (512 -64 1704 ) (64 -64 1704 ) (64 0 1704 ) 
4 111 112 (2 0 1704 ) (2 -64 1704 ) (2 -64 1952 ) (2 0 1952 ) 
4 112 146 (0 0 1952 ) (0 0 1704 ) (0 -64 1704 ) (0 -64 1952 ) 
4 114 116 (64 -448 1760 ) (64 -704 1760 ) (64 -704 1888 ) (64 -448 1888 ) 
4 114 115 (64 -320 1760 ) (64 -448 1760 ) (64 -448 3040 ) (64 -320 3040 ) 
4 115 149 (0 -448 3040 ) (0 -320 3040 ) (0 -320 1760 ) (0 -448 1760 ) 
4 115 116 (0 -448 1760 ) (64 -448 1760 ) (64 -448 1888 ) (0 -448 1888 ) 
4 116 150 (0 -448 1888 ) (0 -448 1760 ) (0 -704 1760 ) (0 -704 1888 ) 
4 117 121 (320 -448 1664 ) (320 -192 1664 ) (448 -192 1664 ) (448 -448 1664 ) 
4 118 121 (576 -192 1536 ) (576 -192 1664 ) (576 -64 1664 ) (576 -64 1536 ) 
4 119 121 (576 -320 1280 ) (576 -320 1408 ) (576 -192 1408 ) (576 -192 1280 ) 
4 119 120 (576 -256 1280 ) (576 -192 1280 ) (592 -192 1280 ) (592 -256 1280 ) 
4 120 121 (576 -192 1152 ) (576 -256 1152 ) (576 -256 1280 ) (576 -192 1280 ) 
4 121 133 (320 0 1152 ) (576 0 1152 ) (576 -448 1152 ) (320 -448 1152 ) 
4 121 122 (320 -448 1536 ) (320 -448 1664 ) (320 0 1664 ) (320 0 1536 ) 
4 121 123 (320 0 1152 ) (320 -448 1152 ) (320 -448 1536 ) (320 0 1536 ) 
4 122 167 (0 0 1664 ) (0 0 1536 ) (0 -448 1536 ) (0 -448 1664 ) 
4 122 123 (0 0 1536 ) (320 0 1536 ) (320 -448 1536 ) (0 -448 1536 ) 
4 123 207 (0 -448 1152 ) (0 -576 1152 ) (0 -576 1280 ) (0 -448 1280 ) 
4 123 206 (0 -320 1152 ) (0 -448 1152 ) (0 -448 1280 ) (0 -320 1280 ) 
4 123 205 (0 -64 1152 ) (0 -320 1152 ) (0 -320 1280 ) (0 -64 1280 ) 
4 123 204 (0 0 1280 ) (0 0 1152 ) (0 -64 1152 ) (0 -64 1280 ) 
4 123 184 (0 -320 1280 ) (0 -448 1280 ) (0 -448 1408 ) (0 -320 1408 ) 
4 123 183 (0 0 1408 ) (0 0 1280 ) (0 -320 1280 ) (0 -320 1408 ) 
4 123 186 (0 -448 1280 ) (0 -576 1280 ) (0 -576 1408 ) (0 -448 1408 ) 
4 123 172 (0 0 1536 ) (0 0 1408 ) (0 -576 1408 ) (0 -576 1536 ) 
4 123 135 (0 -576 1152 ) (0 0 1152 ) (192 0 1152 ) (192 -576 1152 ) 
4 123 134 (192 0 1152 ) (320 0 1152 ) (320 -576 1152 ) (192 -576 1152 ) 
4 123 131 (0 -576 1152 ) (192 -576 1152 ) (192 -576 1536 ) (0 -576 1536 ) 
4 123 124 (200 -576 1536 ) (192 -576 1536 ) (192 -576 1408 ) (200 -576 1408 ) 
4 124 131 (192 -576 1536 ) (192 -576 1408 ) (192 -580 1408 ) (192 -580 1536 ) 
4 124 125 (192 -580 1408 ) (200 -580 1408 ) (200 -580 1536 ) (192 -580 1536 ) 
4 125 132 (192 -704 1408 ) (192 -960 1408 ) (192 -960 1536 ) (192 -704 1536 ) 
4 125 131 (192 -580 1408 ) (192 -704 1408 ) (192 -704 1536 ) (192 -580 1536 ) 
4 125 127 (192 -960 1408 ) (192 -832 1408 ) (216 -832 1408 ) (216 -960 1408 ) 
4 125 126 (192 -960 1408 ) (216 -960 1408 ) (216 -960 1536 ) (192 -960 1536 ) 
4 126 132 (192 -960 1408 ) (192 -1024 1408 ) (192 -1024 1536 ) (192 -960 1536 ) 
4 127 132 (192 -832 1280 ) (192 -960 1280 ) (192 -960 1408 ) (192 -832 1408 ) 
4 128 168 (0 -832 1664 ) (0 -576 1664 ) (0 -576 1552 ) (0 -832 1552 ) 
4 128 130 (0 -832 1552 ) (0 -576 1552 ) (64 -576 1552 ) (64 -832 1552 ) 
4 128 129 (64 -576 1552 ) (192 -576 1552 ) (192 -832 1552 ) (64 -832 1552 ) 
4 129 240 (64 -1024 1536 ) (192 -1024 1536 ) (192 -1024 1552 ) (64 -1024 1552 ) 
4 129 132 (192 -704 1536 ) (192 -1024 1536 ) (64 -1024 1536 ) (64 -704 1536 ) 
4 129 131 (64 -576 1536 ) (192 -576 1536 ) (192 -704 1536 ) (64 -704 1536 ) 
4 129 130 (64 -576 1536 ) (64 -832 1536 ) (64 -832 1552 ) (64 -576 1552 ) 
4 130 168 (0 -832 1552 ) (0 -576 1552 ) (0 -576 1536 ) (0 -832 1536 ) 
4 130 132 (64 -704 1536 ) (64 -832 1536 ) (0 -832 1536 ) (0 -704 1536 ) 
4 130 131 (0 -576 1536 ) (64 -576 1536 ) (64 -704 1536 ) (0 -704 1536 ) 
4 131 212 (0 -576 1152 ) (0 -704 1152 ) (0 -704 1280 ) (0 -576 1280 ) 
4 131 187 (0 -704 1280 ) (0 -704 1408 ) (0 -576 1408 ) (0 -576 1280 ) 
4 131 173 (0 -704 1408 ) (0 -704 1536 ) (0 -576 1536 ) (0 -576 1408 ) 
4 131 132 (0 -704 1152 ) (192 -704 1152 ) (192 -704 1536 ) (0 -704 1536 ) 
4 132 241 (0 -1024 1536 ) (0 -1024 1152 ) (64 -1024 1152 ) (64 -1024 1536 ) 
4 132 240 (64 -1024 1152 ) (192 -1024 1152 ) (192 -1024 1536 ) (64 -1024 1536 ) 
4 132 218 (0 -704 1152 ) (0 -1024 1152 ) (0 -1024 1280 ) (0 -704 1280 ) 
4 132 188 (0 -1024 1280 ) (0 -1024 1408 ) (0 -704 1408 ) (0 -704 1280 ) 
4 132 175 (0 -1024 1408 ) (0 -1024 1536 ) (0 -704 1536 ) (0 -704 1408 ) 
4 132 136 (0 -1024 1152 ) (0 -704 1152 ) (192 -704 1152 ) (192 -1024 1152 ) 
4 133 138 (320 -448 896 ) (320 0 896 ) (576 0 896 ) (576 -448 896 ) 
4 133 134 (320 0 896 ) (320 -448 896 ) (320 -448 1152 ) (320 0 1152 ) 
4 134 139 (192 -576 896 ) (192 0 896 ) (320 0 896 ) (320 -576 896 ) 
4 134 135 (192 0 896 ) (192 -576 896 ) (192 -576 1152 ) (192 0 1152 ) 
4 135 227 (0 0 1024 ) (0 0 896 ) (0 -576 896 ) (0 -576 1024 ) 
4 135 220 (0 0 1152 ) (0 0 1024 ) (0 -576 1024 ) (0 -576 1152 ) 
4 135 140 (0 -576 896 ) (0 0 896 ) (192 0 896 ) (192 -576 896 ) 
4 136 241 (64 -1024 1152 ) (0 -1024 1152 ) (0 -1024 1024 ) (64 -1024 1024 ) 
4 136 240 (192 -1024 1152 ) (64 -1024 1152 ) (64 -1024 1024 ) (192 -1024 1024 ) 
4 136 221 (0 -1024 1024 ) (0 -1024 1152 ) (0 -704 1152 ) (0 -704 1024 ) 
4 136 137 (0 -1024 1024 ) (0 -704 1024 ) (192 -704 1024 ) (192 -1024 1024 ) 
4 137 241 (0 -1024 1024 ) (0 -1024 896 ) (64 -1024 896 ) (64 -1024 1024 ) 
4 137 240 (64 -1024 896 ) (192 -1024 896 ) (192 -1024 1024 ) (64 -1024 1024 ) 
4 137 229 (0 -704 896 ) (0 -1024 896 ) (0 -1024 1024 ) (0 -704 1024 ) 
4 137 141 (192 -1024 896 ) (0 -1024 896 ) (0 -704 896 ) (192 -704 896 ) 
4 138 142 (320 -448 768 ) (320 0 768 ) (576 0 768 ) (576 -448 768 ) 
4 138 139 (320 0 768 ) (320 -448 768 ) (320 -448 896 ) (320 0 896 ) 
4 139 143 (192 -576 768 ) (192 0 768 ) (320 0 768 ) (320 -576 768 ) 
4 139 140 (192 0 768 ) (192 -576 768 ) (192 -576 896 ) (192 0 896 ) 
4 140 233 (0 0 896 ) (0 0 768 ) (0 -576 768 ) (0 -576 896 ) 
4 140 144 (0 -576 768 ) (0 0 768 ) (192 0 768 ) (192 -576 768 ) 
4 141 241 (64 -1024 896 ) (0 -1024 896 ) (0 -1024 768 ) (64 -1024 768 ) 
4 141 240 (192 -1024 896 ) (64 -1024 896 ) (64 -1024 768 ) (192 -1024 768 ) 
4 141 234 (0 -704 768 ) (0 -1024 768 ) (0 -1024 896 ) (0 -704 896 ) 
4 141 145 (192 -1024 768 ) (0 -1024 768 ) (0 -704 768 ) (192 -704 768 ) 
4 142 143 (320 0 512 ) (320 -448 512 ) (320 -448 768 ) (320 0 768 ) 
4 143 144 (192 0 512 ) (192 -576 512 ) (192 -576 768 ) (192 0 768 ) 
4 144 238 (0 0 768 ) (0 0 512 ) (0 -576 512 ) (0 -576 768 ) 
4 145 244 (192 -1024 768 ) (0 -1024 768 ) (0 -1024 512 ) (192 -1024 512 ) 
4 145 239 (0 -704 512 ) (0 -1024 512 ) (0 -1024 768 ) (0 -704 768 ) 
4 146 147 (-320 -64 1952 ) (-320 -64 1696 ) (0 -64 1696 ) (0 -64 1952 ) 
4 147 152 (-320 -320 1760 ) (-320 -320 1952 ) (-320 -192 1952 ) (-320 -192 1760 ) 
4 147 149 (-320 -320 1952 ) (-320 -320 1760 ) (0 -320 1760 ) (0 -320 1952 ) 
4 147 148 (-64 -320 1696 ) (-192 -320 1696 ) (-192 -64 1696 ) (-64 -64 1696 ) 
4 149 155 (-320 -320 1952 ) (-320 -320 1760 ) (-320 -352 1760 ) (-320 -352 1952 ) 
4 149 154 (-320 -352 3040 ) (-320 -320 3040 ) (-320 -320 1952 ) (-320 -352 1952 ) 
4 149 156 (-320 -448 3040 ) (-320 -352 3040 ) (-320 -352 1760 ) (-320 -448 1760 ) 
4 149 150 (-320 -448 1760 ) (0 -448 1760 ) (0 -448 1888 ) (-320 -448 1888 ) 
4 150 165 (-320 -448 1888 ) (-320 -448 1760 ) (-320 -704 1760 ) (-320 -704 1888 ) 
4 151 169 (-176 -1008 1664 ) (-176 -912 1664 ) (-80 -912 1664 ) (-80 -1008 1664 ) 
4 152 155 (-352 -320 1760 ) (-320 -320 1760 ) (-320 -320 1952 ) (-352 -320 1952 ) 
4 152 153 (-352 -192 1760 ) (-352 -320 1760 ) (-352 -320 1952 ) (-352 -192 1952 ) 
4 153 158 (-416 -320 1760 ) (-416 -320 1952 ) (-416 -192 1952 ) (-416 -192 1760 ) 
4 153 157 (-416 -320 1952 ) (-416 -320 1760 ) (-352 -320 1760 ) (-352 -320 1952 ) 
4 154 156 (-352 -352 3040 ) (-352 -352 1952 ) (-320 -352 1952 ) (-320 -352 3040 ) 
4 154 157 (-352 -352 1952 ) (-352 -352 3040 ) (-352 -320 3040 ) (-352 -320 1952 ) 
4 154 155 (-320 -352 1952 ) (-352 -352 1952 ) (-352 -320 1952 ) (-320 -320 1952 ) 
4 155 156 (-352 -352 1952 ) (-352 -352 1760 ) (-320 -352 1760 ) (-320 -352 1952 ) 
4 155 157 (-352 -320 1760 ) (-352 -352 1760 ) (-352 -352 1952 ) (-352 -320 1952 ) 
4 156 165 (-320 -448 1760 ) (-320 -448 1888 ) (-352 -448 1888 ) (-352 -448 1760 ) 
4 156 157 (-352 -352 1760 ) (-352 -448 1760 ) (-352 -448 3040 ) (-352 -352 3040 ) 
4 157 165 (-416 -448 1888 ) (-416 -448 1760 ) (-352 -448 1760 ) (-352 -448 1888 ) 
4 157 163 (-416 -448 1760 ) (-416 -448 3040 ) (-416 -384 3040 ) (-416 -384 1760 ) 
4 157 161 (-416 -384 3040 ) (-416 -320 3040 ) (-416 -320 1760 ) (-416 -384 1760 ) 
4 158 161 (-416 -320 1760 ) (-416 -320 1952 ) (-448 -320 1952 ) (-448 -320 1760 ) 
4 158 160 (-448 -320 1760 ) (-448 -320 1952 ) (-448 -192 1952 ) (-448 -192 1760 ) 
4 159 167 (-448 0 1664 ) (-416 0 1664 ) (-416 -320 1664 ) (-448 -320 1664 ) 
4 159 162 (-448 -320 1664 ) (-416 -320 1664 ) (-416 -320 1672 ) (-448 -320 1672 ) 
4 160 164 (-832 -320 1952 ) (-832 -320 1760 ) (-448 -320 1760 ) (-448 -320 1952 ) 
4 161 164 (-448 -320 3040 ) (-448 -320 1760 ) (-448 -384 1760 ) (-448 -384 3040 ) 
4 161 163 (-448 -384 3040 ) (-448 -384 1760 ) (-416 -384 1760 ) (-416 -384 3040 ) 
4 162 167 (-448 -320 1664 ) (-416 -320 1664 ) (-416 -384 1664 ) (-448 -384 1664 ) 
4 163 165 (-416 -448 1760 ) (-416 -448 1888 ) (-448 -448 1888 ) (-448 -448 1760 ) 
4 163 164 (-448 -448 1760 ) (-448 -448 3040 ) (-448 -384 3040 ) (-448 -384 1760 ) 
4 164 166 (-832 -448 3040 ) (-832 -448 1760 ) (-448 -448 1760 ) (-448 -448 3040 ) 
4 165 166 (-448 -448 1760 ) (-448 -704 1760 ) (-448 -704 1888 ) (-448 -448 1888 ) 
4 167 172 (0 0 1536 ) (0 -448 1536 ) (-448 -448 1536 ) (-448 0 1536 ) 
4 168 175 (0 -704 1536 ) (0 -832 1536 ) (-320 -832 1536 ) (-320 -704 1536 ) 
4 168 173 (0 -576 1536 ) (0 -704 1536 ) (-320 -704 1536 ) (-320 -576 1536 ) 
4 169 175 (-176 -1008 1536 ) (-176 -912 1536 ) (-80 -912 1536 ) (-80 -1008 1536 ) 
4 170 178 (-592 -320 1536 ) (-592 -64 1536 ) (-464 -64 1536 ) (-464 -320 1536 ) 
4 171 272 (-1024 -544 1552 ) (-1024 -544 1536 ) (-1024 -672 1536 ) (-1024 -672 1552 ) 
4 171 179 (-1024 -672 1536 ) (-1024 -544 1536 ) (-928 -544 1536 ) (-928 -672 1536 ) 
4 172 184 (0 -320 1408 ) (0 -448 1408 ) (-448 -448 1408 ) (-448 -320 1408 ) 
4 172 183 (-448 0 1408 ) (0 0 1408 ) (0 -320 1408 ) (-448 -320 1408 ) 
4 172 186 (0 -448 1408 ) (0 -576 1408 ) (-448 -576 1408 ) (-448 -448 1408 ) 
4 172 174 (-448 -64 1408 ) (-448 -320 1408 ) (-448 -320 1536 ) (-448 -64 1536 ) 
4 172 173 (-448 -576 1536 ) (-448 -576 1408 ) (0 -576 1408 ) (0 -576 1536 ) 
4 173 187 (0 -576 1408 ) (0 -704 1408 ) (-448 -704 1408 ) (-448 -576 1408 ) 
4 173 175 (-448 -704 1408 ) (0 -704 1408 ) (0 -704 1536 ) (-448 -704 1536 ) 
4 174 178 (-464 -64 1408 ) (-464 -320 1408 ) (-464 -320 1536 ) (-464 -64 1536 ) 
4 175 245 (0 -1024 1408 ) (0 -1024 1536 ) (-448 -1024 1536 ) (-448 -1024 1408 ) 
4 175 188 (0 -1024 1408 ) (-448 -1024 1408 ) (-448 -704 1408 ) (0 -704 1408 ) 
4 175 176 (-448 -704 1536 ) (-448 -704 1472 ) (-448 -768 1472 ) (-448 -768 1536 ) 
4 175 177 (-448 -896 1408 ) (-448 -1024 1408 ) (-448 -1024 1536 ) (-448 -896 1536 ) 
4 179 272 (-1024 -672 1536 ) (-1024 -544 1536 ) (-1024 -544 1408 ) (-1024 -672 1408 ) 
4 179 198 (-1024 -672 1408 ) (-1024 -544 1408 ) (-928 -544 1408 ) (-928 -672 1408 ) 
4 180 196 (-704 -960 1408 ) (-704 -768 1408 ) (-672 -768 1408 ) (-672 -960 1408 ) 
4 180 194 (-512 -832 1408 ) (-512 -960 1408 ) (-672 -960 1408 ) (-672 -832 1408 ) 
4 180 193 (-672 -768 1408 ) (-512 -768 1408 ) (-512 -832 1408 ) (-672 -832 1408 ) 
4 181 273 (-1024 -880 1472 ) (-1024 -752 1472 ) (-1024 -752 1408 ) (-1024 -880 1408 ) 
4 181 198 (-1024 -880 1408 ) (-1024 -752 1408 ) (-928 -752 1408 ) (-928 -880 1408 ) 
4 181 197 (-928 -752 1408 ) (-800 -752 1408 ) (-800 -880 1408 ) (-928 -880 1408 ) 
4 182 274 (-1024 -1024 1408 ) (-1024 -1024 1472 ) (-1024 -896 1472 ) (-1024 -896 1408 ) 
4 182 201 (-964 -960 1408 ) (-964 -896 1408 ) (-896 -896 1408 ) (-896 -960 1408 ) 
4 182 202 (-896 -1024 1408 ) (-964 -1024 1408 ) (-964 -976 1408 ) (-896 -976 1408 ) 
4 182 200 (-800 -1024 1408 ) (-896 -1024 1408 ) (-896 -896 1408 ) (-800 -896 1408 ) 
4 182 203 (-964 -1024 1408 ) (-1024 -1024 1408 ) (-1024 -896 1408 ) (-964 -896 1408 ) 
4 183 205 (0 -64 1280 ) (0 -320 1280 ) (-448 -320 1280 ) (-448 -64 1280 ) 
4 183 204 (0 0 1280 ) (0 -64 1280 ) (-448 -64 1280 ) (-448 0 1280 ) 
3 183 185 (-448 -320 1344 ) (-448 -320 1280 ) (-440 -320 1280 ) 
4 183 184 (-448 -320 1408 ) (-432 -320 1280 ) (0 -320 1280 ) (0 -320 1408 ) 
4 184 206 (0 -320 1280 ) (0 -448 1280 ) (-432 -448 1280 ) (-432 -320 1280 ) 
4 184 186 (-448 -448 1408 ) (-432 -448 1280 ) (0 -448 1280 ) (0 -448 1408 ) 
4 185 189 (-448 -320 1280 ) (-448 -448 1280 ) (-448 -448 1344 ) (-448 -320 1344 ) 
3 185 186 (-448 -448 1344 ) (-448 -448 1280 ) (-440 -448 1280 ) 
4 186 207 (0 -448 1280 ) (0 -576 1280 ) (-448 -576 1280 ) (-448 -448 1280 ) 
4 186 187 (-448 -576 1408 ) (-448 -576 1280 ) (0 -576 1280 ) (0 -576 1408 ) 
4 187 216 (-336 -704 1280 ) (-448 -704 1280 ) (-448 -576 1280 ) (-336 -576 1280 ) 
4 187 214 (-336 -696 1280 ) (-336 -664 1280 ) (-240 -664 1280 ) (-240 -696 1280 ) 
4 187 213 (-336 -664 1280 ) (-336 -576 1280 ) (-240 -576 1280 ) (-240 -664 1280 ) 
4 187 215 (-240 -704 1280 ) (-336 -704 1280 ) (-336 -696 1280 ) (-240 -696 1280 ) 
4 187 212 (0 -576 1280 ) (0 -704 1280 ) (-240 -704 1280 ) (-240 -576 1280 ) 
4 187 190 (-448 -576 1280 ) (-448 -704 1280 ) (-448 -704 1408 ) (-448 -576 1408 ) 
4 187 188 (-448 -704 1408 ) (-448 -704 1280 ) (0 -704 1280 ) (0 -704 1408 ) 
4 188 245 (0 -1024 1280 ) (0 -1024 1408 ) (-448 -1024 1408 ) (-448 -1024 1280 ) 
4 188 218 (0 -704 1280 ) (0 -1024 1280 ) (-448 -1024 1280 ) (-448 -704 1280 ) 
4 188 191 (-448 -768 1280 ) (-448 -832 1280 ) (-448 -832 1408 ) (-448 -768 1408 ) 
4 190 217 (-464 -704 1280 ) (-464 -576 1280 ) (-448 -576 1280 ) (-448 -704 1280 ) 
4 190 192 (-464 -576 1280 ) (-464 -704 1280 ) (-464 -704 1408 ) (-464 -576 1408 ) 
4 191 193 (-464 -768 1280 ) (-464 -832 1280 ) (-464 -832 1408 ) (-464 -768 1408 ) 
4 192 217 (-576 -576 1280 ) (-464 -576 1280 ) (-464 -704 1280 ) (-576 -704 1280 ) 
4 193 196 (-672 -768 1280 ) (-672 -832 1280 ) (-672 -832 1408 ) (-672 -768 1408 ) 
4 193 194 (-672 -832 1408 ) (-672 -832 1280 ) (-512 -832 1280 ) (-512 -832 1408 ) 
4 194 196 (-672 -832 1280 ) (-672 -960 1280 ) (-672 -960 1408 ) (-672 -832 1408 ) 
4 195 219 (-800 -736 1280 ) (-800 -704 1280 ) (-672 -704 1280 ) (-672 -736 1280 ) 
4 195 217 (-800 -704 1280 ) (-800 -576 1280 ) (-672 -576 1280 ) (-672 -704 1280 ) 
4 195 209 (-800 -576 1280 ) (-800 -544 1280 ) (-736 -544 1280 ) (-736 -576 1280 ) 
4 195 208 (-736 -544 1280 ) (-672 -544 1280 ) (-672 -576 1280 ) (-736 -576 1280 ) 
4 195 197 (-800 -544 1280 ) (-800 -736 1280 ) (-800 -736 1408 ) (-800 -544 1408 ) 
4 197 219 (-800 -704 1280 ) (-800 -736 1280 ) (-928 -736 1280 ) (-928 -704 1280 ) 
4 197 217 (-800 -576 1280 ) (-800 -704 1280 ) (-928 -704 1280 ) (-928 -576 1280 ) 
4 197 209 (-800 -544 1280 ) (-800 -576 1280 ) (-928 -576 1280 ) (-928 -544 1280 ) 
4 197 199 (-928 -880 1280 ) (-896 -880 1280 ) (-896 -880 1408 ) (-928 -880 1408 ) 
4 197 198 (-928 -544 1280 ) (-928 -880 1280 ) (-928 -880 1408 ) (-928 -544 1408 ) 
4 198 275 (-1024 -880 1408 ) (-1024 -520 1408 ) (-1024 -520 1280 ) (-1024 -880 1280 ) 
4 198 219 (-1024 -736 1280 ) (-1024 -704 1280 ) (-928 -704 1280 ) (-928 -736 1280 ) 
4 198 217 (-1024 -704 1280 ) (-1024 -576 1280 ) (-928 -576 1280 ) (-928 -704 1280 ) 
4 198 211 (-1024 -576 1280 ) (-1024 -544 1280 ) (-928 -544 1280 ) (-928 -576 1280 ) 
4 198 199 (-960 -880 1280 ) (-928 -880 1280 ) (-928 -880 1408 ) (-960 -880 1408 ) 
4 199 201 (-960 -896 1280 ) (-896 -896 1280 ) (-896 -896 1408 ) (-960 -896 1408 ) 
4 200 201 (-896 -896 1408 ) (-896 -896 1280 ) (-896 -960 1280 ) (-896 -960 1408 ) 
4 200 202 (-896 -976 1280 ) (-896 -1024 1280 ) (-896 -1024 1408 ) (-896 -976 1408 ) 
4 201 203 (-964 -896 1408 ) (-964 -896 1280 ) (-964 -960 1280 ) (-964 -960 1408 ) 
4 202 203 (-964 -976 1280 ) (-964 -1024 1280 ) (-964 -1024 1408 ) (-964 -976 1408 ) 
4 203 279 (-1024 -1024 1280 ) (-1024 -1024 1408 ) (-1024 -896 1408 ) (-1024 -896 1280 ) 
4 204 222 (-448 0 1152 ) (-128 0 1152 ) (-128 -64 1152 ) (-448 -64 1152 ) 
4 204 220 (-128 0 1152 ) (0 0 1152 ) (0 -64 1152 ) (-128 -64 1152 ) 
4 204 205 (-448 -64 1152 ) (0 -64 1152 ) (0 -64 1280 ) (-448 -64 1280 ) 
4 205 222 (-128 -320 1152 ) (-448 -320 1152 ) (-448 -64 1152 ) (-128 -64 1152 ) 
4 205 220 (0 -64 1152 ) (0 -320 1152 ) (-128 -320 1152 ) (-128 -64 1152 ) 
4 205 206 (-448 -320 1152 ) (0 -320 1152 ) (0 -320 1280 ) (-440 -320 1280 ) 
4 206 222 (-128 -448 1152 ) (-448 -448 1152 ) (-448 -320 1152 ) (-128 -320 1152 ) 
4 206 220 (0 -320 1152 ) (0 -448 1152 ) (-128 -448 1152 ) (-128 -320 1152 ) 
4 206 207 (-448 -448 1152 ) (0 -448 1152 ) (0 -448 1280 ) (-440 -448 1280 ) 
4 207 222 (-128 -576 1152 ) (-448 -576 1152 ) (-448 -448 1152 ) (-128 -448 1152 ) 
4 207 220 (0 -448 1152 ) (0 -576 1152 ) (-128 -576 1152 ) (-128 -448 1152 ) 
4 207 216 (-448 -576 1152 ) (-336 -576 1152 ) (-336 -576 1280 ) (-448 -576 1280 ) 
4 207 213 (-336 -576 1152 ) (-240 -576 1152 ) (-240 -576 1280 ) (-336 -576 1280 ) 
4 207 212 (-240 -576 1152 ) (0 -576 1152 ) (0 -576 1280 ) (-240 -576 1280 ) 
4 208 217 (-736 -576 1152 ) (-672 -576 1152 ) (-672 -576 1280 ) (-736 -576 1280 ) 
4 208 209 (-736 -576 1216 ) (-736 -576 1280 ) (-736 -544 1280 ) (-736 -544 1216 ) 
4 208 210 (-736 -544 1152 ) (-736 -576 1152 ) (-736 -576 1216 ) (-736 -544 1216 ) 
4 209 217 (-736 -576 1216 ) (-736 -576 1280 ) (-928 -576 1280 ) (-928 -576 1216 ) 
4 209 211 (-928 -544 1216 ) (-928 -576 1216 ) (-928 -576 1280 ) (-928 -544 1280 ) 
4 209 210 (-928 -576 1216 ) (-928 -544 1216 ) (-736 -544 1216 ) (-736 -576 1216 ) 
4 210 217 (-928 -576 1152 ) (-736 -576 1152 ) (-736 -576 1216 ) (-928 -576 1216 ) 
4 210 211 (-928 -544 1152 ) (-928 -576 1152 ) (-928 -576 1216 ) (-928 -544 1216 ) 
4 211 287 (-1024 -576 1280 ) (-1024 -544 1280 ) (-1024 -544 1152 ) (-1024 -576 1152 ) 
4 211 237 (-1024 -576 1152 ) (-1024 -544 1152 ) (-928 -544 1152 ) (-928 -576 1152 ) 
4 211 217 (-1024 -576 1152 ) (-928 -576 1152 ) (-928 -576 1280 ) (-1024 -576 1280 ) 
4 212 218 (-240 -704 1152 ) (0 -704 1152 ) (0 -704 1280 ) (-240 -704 1280 ) 
4 212 214 (-240 -696 1160 ) (-240 -696 1280 ) (-240 -664 1280 ) (-240 -664 1160 ) 
4 212 213 (-240 -576 1280 ) (-240 -576 1152 ) (-240 -664 1152 ) (-240 -664 1280 ) 
4 212 215 (-240 -696 1152 ) (-240 -704 1152 ) (-240 -704 1280 ) (-240 -696 1280 ) 
4 213 216 (-336 -576 1280 ) (-336 -576 1152 ) (-336 -664 1152 ) (-336 -664 1280 ) 
4 213 214 (-336 -664 1280 ) (-336 -664 1160 ) (-240 -664 1160 ) (-240 -664 1280 ) 
4 214 216 (-336 -696 1160 ) (-336 -696 1280 ) (-336 -664 1280 ) (-336 -664 1160 ) 
4 214 215 (-336 -696 1280 ) (-336 -696 1160 ) (-240 -696 1160 ) (-240 -696 1280 ) 
4 215 218 (-336 -704 1152 ) (-240 -704 1152 ) (-240 -704 1280 ) (-336 -704 1280 ) 
4 215 216 (-336 -696 1152 ) (-336 -704 1152 ) (-336 -704 1280 ) (-336 -696 1280 ) 
4 216 218 (-448 -704 1152 ) (-336 -704 1152 ) (-336 -704 1280 ) (-448 -704 1280 ) 
4 216 217 (-448 -576 1280 ) (-448 -576 1152 ) (-448 -704 1152 ) (-448 -704 1280 ) 
4 217 287 (-1024 -704 1280 ) (-1024 -576 1280 ) (-1024 -576 1152 ) (-1024 -704 1152 ) 
4 217 237 (-1024 -704 1152 ) (-1024 -576 1152 ) (-928 -576 1152 ) (-928 -704 1152 ) 
4 217 219 (-1024 -704 1152 ) (-672 -704 1152 ) (-672 -704 1280 ) (-1024 -704 1280 ) 
4 218 245 (0 -1024 1152 ) (0 -1024 1280 ) (-448 -1024 1280 ) (-448 -1024 1152 ) 
4 218 225 (-192 -1024 1152 ) (-448 -1024 1152 ) (-448 -704 1152 ) (-192 -704 1152 ) 
4 218 223 (-128 -1024 1152 ) (-192 -1024 1152 ) (-192 -704 1152 ) (-128 -704 1152 ) 
4 218 221 (0 -1024 1152 ) (-128 -1024 1152 ) (-128 -704 1152 ) (0 -704 1152 ) 
4 219 287 (-1024 -736 1280 ) (-1024 -704 1280 ) (-1024 -704 1152 ) (-1024 -736 1152 ) 
4 219 237 (-1024 -736 1152 ) (-1024 -704 1152 ) (-928 -704 1152 ) (-928 -736 1152 ) 
4 220 227 (-128 -576 1024 ) (-128 0 1024 ) (0 0 1024 ) (0 -576 1024 ) 
4 220 222 (-128 0 1024 ) (-128 -576 1024 ) (-128 -576 1152 ) (-128 0 1152 ) 
4 221 245 (0 -1024 1024 ) (0 -1024 1152 ) (-128 -1024 1152 ) (-128 -1024 1024 ) 
4 221 229 (0 -1024 1024 ) (-128 -1024 1024 ) (-128 -704 1024 ) (0 -704 1024 ) 
4 221 223 (-128 -704 1024 ) (-128 -1024 1024 ) (-128 -1024 1152 ) (-128 -704 1152 ) 
4 222 235 (-448 -64 1152 ) (-448 0 1152 ) (-448 0 1024 ) (-448 -64 1024 ) 
4 222 231 (-448 -576 1024 ) (-448 0 1024 ) (-320 0 1024 ) (-320 -576 1024 ) 
4 222 230 (-320 0 1024 ) (-192 0 1024 ) (-192 -576 1024 ) (-320 -576 1024 ) 
4 222 227 (-192 0 1024 ) (-128 0 1024 ) (-128 -576 1024 ) (-192 -576 1024 ) 
4 222 226 (-384 -576 1024 ) (-320 -576 1024 ) (-320 -576 1152 ) (-384 -576 1152 ) 
4 223 245 (-128 -1024 1152 ) (-192 -1024 1152 ) (-192 -1024 1024 ) (-128 -1024 1024 ) 
4 223 229 (-128 -1024 1024 ) (-192 -1024 1024 ) (-192 -704 1024 ) (-128 -704 1024 ) 
4 223 225 (-192 -704 1024 ) (-192 -1024 1024 ) (-192 -1024 1152 ) (-192 -704 1152 ) 
4 223 224 (-192 -704.003906 1024 ) (-192 -696 1032.003906 ) (-128 -696 1032.003906 ) (-128 -704.003906 1024 ) 
4 225 245 (-192 -1024 1152 ) (-448 -1024 1152 ) (-448 -1024 1024 ) (-192 -1024 1024 ) 
4 225 232 (-320 -1024 1024 ) (-448 -1024 1024 ) (-448 -704 1024 ) (-320 -704 1024 ) 
4 225 230 (-192 -1024 1024 ) (-320 -1024 1024 ) (-320 -704 1024 ) (-192 -704 1024 ) 
4 226 231 (-384 -576 1024 ) (-320 -576 1024 ) (-320 -584 1024 ) (-384 -584 1024 ) 
4 227 233 (-192 0 896 ) (0 0 896 ) (0 -576 896 ) (-192 -576 896 ) 
4 227 230 (-192 0 896 ) (-192 -576 896 ) (-192 -576 1024 ) (-192 0 1024 ) 
4 228 230 (-192 -592 896 ) (-192 -688 896 ) (-192 -688 1024 ) (-192 -592 1024 ) 
4 229 245 (0 -1024 896 ) (0 -1024 1024 ) (-192 -1024 1024 ) (-192 -1024 896 ) 
4 229 234 (0 -704 896 ) (0 -1024 896 ) (-192 -1024 896 ) (-192 -704 896 ) 
4 229 230 (-192 -704 896 ) (-192 -1024 896 ) (-192 -1024 1024 ) (-192 -704 1024 ) 
4 230 245 (-192 -1024 1024 ) (-320 -1024 1024 ) (-320 -1024 896 ) (-192 -1024 896 ) 
4 230 234 (-192 -704 896 ) (-192 -1024 896 ) (-320 -1024 896 ) (-320 -704 896 ) 
4 230 233 (-320 0 896 ) (-192 0 896 ) (-192 -576 896 ) (-320 -576 896 ) 
4 230 231 (-320 0 896 ) (-320 -688 896 ) (-320 -688 1024 ) (-320 0 1024 ) 
4 230 232 (-320 -704 896 ) (-320 -1024 896 ) (-320 -1024 1024 ) (-320 -704 1024 ) 
4 231 235 (-448 -64 1024 ) (-448 0 1024 ) (-448 0 896 ) (-448 -64 896 ) 
4 231 233 (-448 -576 896 ) (-448 0 896 ) (-320 0 896 ) (-320 -576 896 ) 
4 232 245 (-320 -1024 1024 ) (-448 -1024 1024 ) (-448 -1024 896 ) (-320 -1024 896 ) 
4 232 236 (-448 -1024 896 ) (-448 -1024 1024 ) (-448 -960 1024 ) (-448 -960 896 ) 
4 232 234 (-448 -1024 896 ) (-448 -704 896 ) (-320 -704 896 ) (-320 -1024 896 ) 
4 233 238 (0 0 768 ) (0 -576 768 ) (-448 -576 768 ) (-448 0 768 ) 
4 234 245 (0 -1024 768 ) (0 -1024 896 ) (-448 -1024 896 ) (-448 -1024 768 ) 
4 234 239 (0 -704 768 ) (0 -1024 768 ) (-448 -1024 768 ) (-448 -704 768 ) 
4 236 247 (-464 -1024 1024 ) (-464 -1024 896 ) (-456 -1024 896 ) (-456 -1024 1024 ) 
4 236 246 (-456 -1024 896 ) (-448 -1024 896 ) (-448 -1024 1024 ) (-456 -1024 1024 ) 
4 237 287 (-1024 -736 1152 ) (-1024 -544 1152 ) (-1024 -544 1136 ) (-1024 -736 1136 ) 
4 239 253 (0 -1024 512 ) (0 -1024 768 ) (-448 -1024 768 ) (-448 -1024 512 ) 
4 240 244 (64 -1024 768 ) (192 -1024 768 ) (192 -1088 768 ) (64 -1088 768 ) 
4 240 243 (192 -1088 896 ) (192 -1088 1024 ) (64 -1088 1024 ) (64 -1088 896 ) 
4 240 241 (64 -1024 1536 ) (64 -1024 768 ) (64 -1088 768 ) (64 -1088 1536 ) 
4 241 245 (0 -1024 1536 ) (0 -1024 768 ) (0 -1088 768 ) (0 -1088 1536 ) 
4 241 244 (0 -1088 768 ) (0 -1024 768 ) (64 -1024 768 ) (64 -1088 768 ) 
4 241 243 (0 -1088 1024 ) (0 -1088 896 ) (64 -1088 896 ) (64 -1088 1024 ) 
4 241 242 (0 -1088 1536 ) (0 -1088 1408 ) (64 -1088 1408 ) (64 -1088 1536 ) 
4 242 248 (0 -1098 1536 ) (0 -1088 1536 ) (0 -1088 1408 ) (0 -1098 1408 ) 
4 243 252 (0 -1104 896 ) (0 -1104 1024 ) (0 -1088 1024 ) (0 -1088 896 ) 
4 244 253 (0 -1024 768 ) (0 -1024 512 ) (0 -1088 512 ) (0 -1088 768 ) 
4 245 253 (0 -1024 768 ) (0 -1088 768 ) (-448 -1088 768 ) (-448 -1024 768 ) 
4 245 252 (0 -1088 896 ) (0 -1088 1024 ) (-64 -1088 1024 ) (-64 -1088 896 ) 
4 245 251 (-256 -1088 1152 ) (-320 -1088 1152 ) (-320 -1088 1024 ) (-256 -1088 1024 ) 
4 245 250 (-320 -1088 1472 ) (-320 -1088 1408 ) (-192 -1088 1408 ) (-192 -1088 1472 ) 
4 245 249 (-256 -1088 1536 ) (-320 -1088 1536 ) (-320 -1088 1472 ) (-256 -1088 1472 ) 
4 245 248 (0 -1088 1280 ) (0 -1088 1536 ) (-64 -1088 1536 ) (-64 -1088 1280 ) 
4 245 246 (-448 -1088 896 ) (-448 -1088 1152 ) (-448 -1024 1152 ) (-448 -1024 896 ) 
4 246 247 (-456 -1024 896 ) (-456 -1088 896 ) (-456 -1088 1024 ) (-456 -1024 1024 ) 
4 249 250 (-320 -1104 1472 ) (-320 -1088 1472 ) (-256 -1088 1472 ) (-256 -1104 1472 ) 
4 254 263 (-1696 1024 1280 ) (-1184 1024 1280 ) (-1184 480 1280 ) (-1696 480 1280 ) 
4 255 266 (-1376 288 1280 ) (-1344 288 1280 ) (-1344 224 1280 ) (-1376 224 1280 ) 
4 255 256 (-1376 288 1344 ) (-1376 288 1280 ) (-1376 224 1280 ) (-1376 224 1344 ) 
4 256 266 (-1504 288 1280 ) (-1376 288 1280 ) (-1376 224 1280 ) (-1504 224 1280 ) 
4 256 257 (-1504 288 1344 ) (-1504 288 1280 ) (-1504 224 1280 ) (-1504 224 1344 ) 
4 257 266 (-1536 288 1280 ) (-1504 288 1280 ) (-1504 224 1280 ) (-1536 224 1280 ) 
4 258 270 (-1748 64 1280 ) (-1572 64 1280 ) (-1572 32 1280 ) (-1748 32 1280 ) 
4 258 262 (-1748 32 1280 ) (-1572 32 1280 ) (-1572 32 1552 ) (-1748 32 1552 ) 
4 259 297 (-1376 0 1408 ) (-1376 0 1280 ) (-1312 0 1280 ) (-1312 0 1408 ) 
4 259 291 (-1376 0 1536 ) (-1376 0 1408 ) (-1312 0 1408 ) (-1312 0 1536 ) 
4 259 288 (-1376 0 1544 ) (-1376 0 1536 ) (-1312 0 1536 ) (-1312 0 1544 ) 
4 259 268 (-1376 32 1280 ) (-1344 32 1280 ) (-1344 0 1280 ) (-1376 0 1280 ) 
4 259 265 (-1344 32 1280 ) (-1312 32 1280 ) (-1312 0 1280 ) (-1344 0 1280 ) 
4 259 260 (-1376 32 1536 ) (-1376 32 1280 ) (-1376 0 1280 ) (-1376 0 1536 ) 
4 260 298 (-1440 0 1408 ) (-1440 0 1280 ) (-1376 0 1280 ) (-1376 0 1408 ) 
4 260 292 (-1440 0 1536 ) (-1440 0 1408 ) (-1376 0 1408 ) (-1376 0 1536 ) 
4 260 268 (-1440 32 1280 ) (-1376 32 1280 ) (-1376 0 1280 ) (-1440 0 1280 ) 
4 260 261 (-1440 32 1536 ) (-1440 32 1280 ) (-1440 0 1280 ) (-1440 0 1536 ) 
4 261 298 (-1568 0 1408 ) (-1568 0 1280 ) (-1440 0 1280 ) (-1440 0 1408 ) 
4 261 294 (-1568 0 1536 ) (-1568 0 1408 ) (-1440 0 1408 ) (-1440 0 1536 ) 
4 261 269 (-1568 32 1280 ) (-1536 32 1280 ) (-1536 0 1280 ) (-1568 0 1280 ) 
4 261 268 (-1536 32 1280 ) (-1440 32 1280 ) (-1440 0 1280 ) (-1536 0 1280 ) 
4 261 262 (-1568 32 1536 ) (-1568 32 1280 ) (-1568 0 1280 ) (-1568 0 1536 ) 
4 262 308 (-1748 0 1280 ) (-1584 0 1280 ) (-1584 0 1408 ) (-1748 0 1408 ) 
4 262 307 (-1584 0 1280 ) (-1576 0 1280 ) (-1576 0 1408 ) (-1584 0 1408 ) 
4 262 302 (-1576 0 1280 ) (-1568 0 1280 ) (-1568 0 1408 ) (-1576 0 1408 ) 
4 262 295 (-1568 0 1408 ) (-1568 0 1536 ) (-1748 0 1536 ) (-1748 0 1408 ) 
4 262 290 (-1568 0 1536 ) (-1568 0 1552 ) (-1748 0 1552 ) (-1748 0 1536 ) 
4 262 270 (-1748 32 1280 ) (-1572 32 1280 ) (-1572 0 1280 ) (-1748 0 1280 ) 
4 262 269 (-1572 32 1280 ) (-1568 32 1280 ) (-1568 0 1280 ) (-1572 0 1280 ) 
4 263 264 (-1376 480 1280 ) (-1504 480 1280 ) (-1504 480 1024 ) (-1376 480 1024 ) 
4 264 266 (-1376 288 1280 ) (-1504 288 1280 ) (-1504 288 1152 ) (-1376 288 1152 ) 
4 265 299 (-1312 0 1280 ) (-1344 0 1280 ) (-1344 0 1152 ) (-1312 0 1152 ) 
4 265 268 (-1344 32 1152 ) (-1344 0 1152 ) (-1344 0 1280 ) (-1344 32 1280 ) 
4 266 267 (-1504 224 1152 ) (-1376 224 1152 ) (-1376 224 1280 ) (-1504 224 1280 ) 
4 267 268 (-1504 160 1152 ) (-1376 160 1152 ) (-1376 160 1280 ) (-1504 160 1280 ) 
4 268 301 (-1504 0 1280 ) (-1536 0 1280 ) (-1536 0 1152 ) (-1504 0 1152 ) 
4 268 300 (-1376 0 1280 ) (-1504 0 1280 ) (-1504 0 1152 ) (-1376 0 1152 ) 
4 268 299 (-1344 0 1280 ) (-1376 0 1280 ) (-1376 0 1152 ) (-1344 0 1152 ) 
4 268 269 (-1536 32 1152 ) (-1536 0 1152 ) (-1536 0 1280 ) (-1536 32 1280 ) 
4 269 303 (-1572 0 1216 ) (-1572 0 1152 ) (-1568 0 1152 ) (-1568 0 1216 ) 
4 269 302 (-1568 0 1280 ) (-1572 0 1280 ) (-1572 0 1216 ) (-1568 0 1216 ) 
4 269 301 (-1536 0 1280 ) (-1568 0 1280 ) (-1568 0 1152 ) (-1536 0 1152 ) 
4 269 270 (-1572 32 1152 ) (-1572 0 1152 ) (-1572 0 1280 ) (-1572 32 1280 ) 
4 270 308 (-1584 0 1280 ) (-1748 0 1280 ) (-1748 0 1152 ) (-1584 0 1152 ) 
4 270 307 (-1576 0 1280 ) (-1584 0 1280 ) (-1584 0 1152 ) (-1576 0 1152 ) 
4 270 303 (-1576 0 1216 ) (-1576 0 1152 ) (-1572 0 1152 ) (-1572 0 1216 ) 
4 270 302 (-1572 0 1280 ) (-1576 0 1280 ) (-1576 0 1216 ) (-1572 0 1216 ) 
4 270 271 (-1748 64 1152 ) (-1584 64 1152 ) (-1584 0 1152 ) (-1748 0 1152 ) 
4 271 308 (-1584 0 1152 ) (-1748 0 1152 ) (-1748 0 1088 ) (-1584 0 1088 ) 
4 272 276 (-1184 -672 1408 ) (-1184 -544 1408 ) (-1056 -544 1408 ) (-1056 -672 1408 ) 
4 272 275 (-1056 -544 1408 ) (-1024 -544 1408 ) (-1024 -672 1408 ) (-1056 -672 1408 ) 
4 273 275 (-1056 -880 1408 ) (-1056 -752 1408 ) (-1024 -752 1408 ) (-1024 -880 1408 ) 
4 274 279 (-1024 -1024 1408 ) (-1056 -1024 1408 ) (-1056 -896 1408 ) (-1024 -896 1408 ) 
4 275 287 (-1024 -544 1280 ) (-1024 -736 1280 ) (-1056 -736 1280 ) (-1056 -544 1280 ) 
4 275 277 (-1056 -760 1280 ) (-1056 -812 1280 ) (-1056 -812 1408 ) (-1056 -760 1408 ) 
4 275 276 (-1056 -520 1280 ) (-1056 -736 1280 ) (-1056 -736 1408 ) (-1056 -520 1408 ) 
4 276 287 (-1056 -544 1280 ) (-1056 -736 1280 ) (-1184 -736 1280 ) (-1184 -544 1280 ) 
4 276 280 (-1184 -544 1280 ) (-1184 -736 1280 ) (-1184 -736 1408 ) (-1184 -544 1408 ) 
4 277 278 (-1184 -812 1408 ) (-1184 -812 1280 ) (-1120 -812 1280 ) (-1120 -812 1408 ) 
4 280 287 (-1184 -544 1280 ) (-1184 -736 1280 ) (-1304 -736 1280 ) (-1304 -544 1280 ) 
4 280 283 (-1304 -544 1280 ) (-1304 -736 1280 ) (-1304 -736 1408 ) (-1304 -544 1408 ) 
4 281 297 (-1312 -33 1280 ) (-1312 -127 1280 ) (-1312 -127 1375 ) (-1312 -33 1375 ) 
4 281 284 (-1312 -127 1280 ) (-1312 -33 1280 ) (-1310 -33 1280 ) (-1310 -127 1280 ) 
4 282 297 (-1312 -160 1280 ) (-1312 -224 1280 ) (-1312 -224 1408 ) (-1312 -160 1408 ) 
4 282 285 (-1312 -224 1280 ) (-1312 -160 1280 ) (-1304 -160 1280 ) (-1304 -224 1280 ) 
4 283 315 (-1312 -704 1280 ) (-1312 -736 1280 ) (-1312 -736 1408 ) (-1312 -704 1408 ) 
4 283 314 (-1312 -640 1280 ) (-1312 -704 1280 ) (-1312 -704 1408 ) (-1312 -640 1408 ) 
4 283 313 (-1312 -544 1280 ) (-1312 -640 1280 ) (-1312 -640 1408 ) (-1312 -544 1408 ) 
4 283 287 (-1312 -736 1280 ) (-1312 -544 1280 ) (-1304 -544 1280 ) (-1304 -736 1280 ) 
4 284 299 (-1312 -33 1185 ) (-1312 -127 1185 ) (-1312 -127 1280 ) (-1312 -33 1280 ) 
4 285 299 (-1312 -160 1185 ) (-1312 -224 1185 ) (-1312 -224 1280 ) (-1312 -160 1280 ) 
4 285 286 (-1304 -160 1185 ) (-1304 -224 1185 ) (-1312 -224 1185 ) (-1312 -160 1185 ) 
4 286 299 (-1312 -160 1152 ) (-1312 -224 1152 ) (-1312 -224 1185 ) (-1312 -160 1185 ) 
4 287 316 (-1312 -736 1136 ) (-1312 -736 1280 ) (-1312 -704 1280 ) (-1312 -704 1136 ) 
4 287 314 (-1312 -704 1280 ) (-1312 -640 1280 ) (-1312 -640 1136 ) (-1312 -704 1136 ) 
4 287 313 (-1312 -640 1280 ) (-1312 -544 1280 ) (-1312 -544 1136 ) (-1312 -640 1136 ) 
4 288 291 (-1376 0 1536 ) (-1312 0 1536 ) (-1312 -96 1536 ) (-1376 -96 1536 ) 
4 288 289 (-1376 -96 1536 ) (-1312 -96 1536 ) (-1312 -96 1544 ) (-1376 -96 1544 ) 
4 289 292 (-1376 -192 1536 ) (-1440 -192 1536 ) (-1440 -96 1536 ) (-1376 -96 1536 ) 
4 289 291 (-1312 -96 1536 ) (-1312 -192 1536 ) (-1376 -192 1536 ) (-1376 -96 1536 ) 
4 290 295 (-1748 0 1536 ) (-1568 0 1536 ) (-1568 -320 1536 ) (-1748 -320 1536 ) 
4 291 297 (-1312 0 1408 ) (-1312 -224 1408 ) (-1376 -224 1408 ) (-1376 0 1408 ) 
4 291 292 (-1376 0 1408 ) (-1376 -224 1408 ) (-1376 -224 1536 ) (-1376 0 1536 ) 
4 292 298 (-1440 -288 1408 ) (-1440 0 1408 ) (-1376 0 1408 ) (-1376 -288 1408 ) 
4 292 294 (-1440 0 1408 ) (-1440 -288 1408 ) (-1440 -288 1536 ) (-1440 0 1536 ) 
4 293 312 (-1312 -448 1408 ) (-1312 -512 1408 ) (-1440 -512 1408 ) (-1440 -448 1408 ) 
4 294 298 (-1568 -288 1408 ) (-1568 0 1408 ) (-1440 0 1408 ) (-1440 -288 1408 ) 
4 294 295 (-1568 0 1408 ) (-1568 -288 1408 ) (-1568 -288 1536 ) (-1568 0 1536 ) 
4 295 308 (-1748 0 1408 ) (-1584 0 1408 ) (-1584 -320 1408 ) (-1748 -320 1408 ) 
4 295 307 (-1584 0 1408 ) (-1576 0 1408 ) (-1576 -320 1408 ) (-1584 -320 1408 ) 
4 295 302 (-1576 0 1408 ) (-1568 0 1408 ) (-1568 -320 1408 ) (-1576 -320 1408 ) 
4 296 314 (-1312 -640 1408 ) (-1312 -704 1408 ) (-1376 -704 1408 ) (-1376 -640 1408 ) 
4 297 299 (-1376 -224 1280 ) (-1376 0 1280 ) (-1312 0 1280 ) (-1312 -224 1280 ) 
4 297 298 (-1376 0 1280 ) (-1376 -224 1280 ) (-1376 -224 1408 ) (-1376 0 1408 ) 
4 298 302 (-1568 -288 1408 ) (-1568 0 1408 ) (-1568 0 1280 ) (-1568 -288 1280 ) 
4 298 301 (-1568 -288 1280 ) (-1568 0 1280 ) (-1504 0 1280 ) (-1504 -288 1280 ) 
4 298 300 (-1504 0 1280 ) (-1376 0 1280 ) (-1376 -288 1280 ) (-1504 -288 1280 ) 
4 299 300 (-1376 0 1152 ) (-1376 -224 1152 ) (-1376 -224 1280 ) (-1376 0 1280 ) 
4 300 309 (-1376 -352 1280 ) (-1504 -352 1280 ) (-1504 -352 1152 ) (-1376 -352 1152 ) 
4 300 301 (-1504 0 1152 ) (-1504 -288 1152 ) (-1504 -288 1280 ) (-1504 0 1280 ) 
4 301 305 (-1568 -160 1152 ) (-1568 -224 1152 ) (-1568 -224 1216 ) (-1568 -160 1216 ) 
4 301 304 (-1568 -32 1152 ) (-1568 -64 1152 ) (-1568 -64 1184 ) (-1568 -32 1184 ) 
4 301 303 (-1568 0 1216 ) (-1568 0 1152 ) (-1568 -32 1152 ) (-1568 -32 1216 ) 
4 301 302 (-1568 -288 1280 ) (-1568 0 1280 ) (-1568 0 1216 ) (-1568 -288 1216 ) 
4 302 307 (-1576 -320 1216 ) (-1576 -320 1408 ) (-1576 0 1408 ) (-1576 0 1216 ) 
4 302 305 (-1576 -224 1216 ) (-1576 -160 1216 ) (-1568 -160 1216 ) (-1568 -224 1216 ) 
4 302 306 (-1568 -320 1216 ) (-1576 -320 1216 ) (-1576 -288 1216 ) (-1568 -288 1216 ) 
4 302 303 (-1576 -32 1216 ) (-1576 0 1216 ) (-1568 0 1216 ) (-1568 -32 1216 ) 
4 303 307 (-1576 -32 1216 ) (-1576 0 1216 ) (-1576 0 1152 ) (-1576 -32 1152 ) 
4 303 304 (-1576 -32 1152 ) (-1568 -32 1152 ) (-1568 -32 1184 ) (-1576 -32 1184 ) 
4 304 307 (-1576 -32 1184 ) (-1576 -32 1152 ) (-1576 -64 1152 ) (-1576 -64 1184 ) 
4 305 307 (-1576 -224 1216 ) (-1576 -160 1216 ) (-1576 -160 1152 ) (-1576 -224 1152 ) 
4 306 307 (-1576 -320 1152 ) (-1576 -320 1216 ) (-1576 -288 1216 ) (-1576 -288 1152 ) 
4 307 308 (-1584 -320 1152 ) (-1584 -320 1408 ) (-1584 0 1408 ) (-1584 0 1152 ) 
4 309 310 (-1536 -366 1280 ) (-1536 -366 1152 ) (-1344 -366 1152 ) (-1344 -366 1280 ) 
4 310 311 (-1536 -367 1280 ) (-1536 -367 1152 ) (-1344 -367 1152 ) (-1344 -367 1280 ) 
4 311 312 (-1344 -384 1280 ) (-1536 -384 1280 ) (-1536 -384 1152 ) (-1344 -384 1152 ) 
4 312 313 (-1312 -544 1152 ) (-1312 -544 1408 ) (-1504 -544 1408 ) (-1568 -544 1152 ) 
5 313 314 (-1312 -640 1136 ) (-1312 -640 1408 ) (-1504 -640 1408 ) (-1561.599976 -640 1177.599976 ) (-1566.222290 -640 1136 ) 
4 314 316 (-1312 -704 1136 ) (-1312 -704 1280 ) (-1550.222290 -704 1280 ) (-1566.222290 -704 1136 ) 
4 314 315 (-1312 -704 1280 ) (-1312 -704 1408 ) (-1536 -704 1408 ) (-1550.222290 -704 1280 ) 
4 315 316 (-1568 -736 1280 ) (-1568 -704 1280 ) (-1312 -704 1280 ) (-1312 -736 1280 ) 
