PRT1
332
750
4 0 2 (1024 4544 64 ) (1024 4800 64 ) (1024 4800 -64 ) (1024 4544 -64 ) 
4 1 3 (1024 4176 -448 ) (1024 4176 -320 ) (1024 4432 -320 ) (1024 4432 -448 ) 
4 7 15 (-576 2461.890137 576 ) (-576 2272 576 ) (-576 2272 640 ) (-576 2461.890137 640 ) 
4 7 14 (-576 2464 640 ) (-576 2464 576 ) (-576 2461.890137 576 ) (-576 2461.890137 640 ) 
4 7 10 (-576 2272 576 ) (-576 2464 576 ) (-544 2464 576 ) (-544 2272 576 ) 
4 7 8 (-576 2272 640 ) (-576 2272 576 ) (-544 2272 576 ) (-544 2272 640 ) 
4 8 75 (-544 2048 576 ) (-544 2048 704 ) (-576 2048 704 ) (-576 2048 576 ) 
4 8 15 (-576 2210.250000 640 ) (-576 2272 640 ) (-576 2272 576 ) (-576 2210.250000 576 ) 
4 8 20 (-576 2048 576 ) (-576 2048 640 ) (-576 2210.250000 640 ) (-576 2210.250000 576 ) 
4 8 13 (-576 2048 640 ) (-576 2048 704 ) (-576 2272 704 ) (-576 2272 640 ) 
4 8 10 (-576 2048 576 ) (-576 2272 576 ) (-544 2272 576 ) (-544 2048 576 ) 
4 9 10 (-576 2464 320 ) (-544 2464 320 ) (-544 2464 576 ) (-576 2464 576 ) 
4 10 75 (-544 2048 320 ) (-544 2048 576 ) (-576 2048 576 ) (-576 2048 320 ) 
4 10 16 (-576 2461.890137 448.250000 ) (-576 2461.890137 322.250000 ) (-576 2210.250000 322.250000 ) (-576 2210.250000 448.250000 ) 
4 10 15 (-576 2210.250000 576 ) (-576 2461.890137 576 ) (-576 2461.890137 448.250000 ) (-576 2210.250000 448.250000 ) 
4 10 19 (-576 2461.890137 322.250000 ) (-576 2461.890137 320 ) (-576 2210.250000 320 ) (-576 2210.250000 322.250000 ) 
4 10 14 (-576 2461.890137 576 ) (-576 2464 576 ) (-576 2464 320 ) (-576 2461.890137 320 ) 
4 10 20 (-576 2048 320 ) (-576 2048 576 ) (-576 2210.250000 576 ) (-576 2210.250000 320 ) 
4 11 12 (-688 2416 832 ) (-592 2416 832 ) (-592 2320 832 ) (-688 2320 832 ) 
4 12 15 (-704 2304 640 ) (-704 2432 640 ) (-576 2432 640 ) (-576 2304 640 ) 
4 13 75 (-576 2048 640 ) (-576 2048 704 ) (-704 2048 704 ) (-704 2048 640 ) 
4 13 24 (-704 2048 640 ) (-704 2048 704 ) (-704 2272 704 ) (-704 2272 640 ) 
4 13 15 (-704 2210.250000 640 ) (-704 2272 640 ) (-576 2272 640 ) (-576 2210.250000 640 ) 
4 13 20 (-704 2048 640 ) (-704 2210.250000 640 ) (-576 2210.250000 640 ) (-576 2048 640 ) 
4 14 26 (-704 2464 320 ) (-704 2461.890137 320 ) (-704 2461.890137 576 ) (-704 2464 576 ) 
4 14 23 (-704 2461.890137 576 ) (-704 2461.890137 640 ) (-704 2464 640 ) (-704 2464 576 ) 
4 14 17 (-699 2461.890137 448.250000 ) (-701 2461.890137 448.250000 ) (-701 2461.890137 322.250000 ) (-699 2461.890137 322.250000 ) 
4 14 16 (-576 2461.890137 322.250000 ) (-576 2461.890137 448.250000 ) (-699 2461.890137 448.250000 ) (-699 2461.890137 322.250000 ) 
4 14 18 (-701 2461.890137 448.250000 ) (-704 2461.890137 448.250000 ) (-704 2461.890137 322.250000 ) (-701 2461.890137 322.250000 ) 
4 14 15 (-576 2461.890137 448.250000 ) (-576 2461.890137 640 ) (-704 2461.890137 640 ) (-704 2461.890137 448.250000 ) 
4 14 19 (-704 2461.890137 320 ) (-576 2461.890137 320 ) (-576 2461.890137 322.250000 ) (-704 2461.890137 322.250000 ) 
4 15 26 (-704 2210.250000 448.250000 ) (-704 2210.250000 576 ) (-704 2461.890137 576 ) (-704 2461.890137 448.250000 ) 
4 15 24 (-704 2210.250000 576 ) (-704 2210.250000 640 ) (-704 2272 640 ) (-704 2272 576 ) 
4 15 23 (-704 2272 640 ) (-704 2461.890137 640 ) (-704 2461.890137 576 ) (-704 2272 576 ) 
4 15 17 (-699 2210.250000 448.250000 ) (-701 2210.250000 448.250000 ) (-701 2461.890137 448.250000 ) (-699 2461.890137 448.250000 ) 
4 15 16 (-576 2210.250000 448.250000 ) (-699 2210.250000 448.250000 ) (-699 2461.890137 448.250000 ) (-576 2461.890137 448.250000 ) 
4 15 18 (-701 2210.250000 448.250000 ) (-704 2210.250000 448.250000 ) (-704 2461.890137 448.250000 ) (-701 2461.890137 448.250000 ) 
4 15 20 (-576 2210.250000 448.250000 ) (-576 2210.250000 640 ) (-704 2210.250000 640 ) (-704 2210.250000 448.250000 ) 
4 16 19 (-576 2210.250000 322.250000 ) (-699 2210.250000 322.250000 ) (-699 2461.890137 322.250000 ) (-576 2461.890137 322.250000 ) 
4 16 20 (-576 2210.250000 322.250000 ) (-576 2210.250000 448.250000 ) (-699 2210.250000 448.250000 ) (-699 2210.250000 322.250000 ) 
4 16 17 (-699 2461.890137 322.250000 ) (-699 2210.250000 322.250000 ) (-699 2210.250000 448.250000 ) (-699 2461.890137 448.250000 ) 
4 17 18 (-701 2461.890137 322.250000 ) (-701 2210.250000 322.250000 ) (-701 2210.250000 448.250000 ) (-701 2461.890137 448.250000 ) 
4 17 19 (-699 2210.250000 322.250000 ) (-701 2210.250000 322.250000 ) (-701 2461.890137 322.250000 ) (-699 2461.890137 322.250000 ) 
4 17 20 (-699 2210.250000 448.250000 ) (-701 2210.250000 448.250000 ) (-701 2210.250000 322.250000 ) (-699 2210.250000 322.250000 ) 
4 18 26 (-704 2210.250000 322.250000 ) (-704 2210.250000 448.250000 ) (-704 2461.890137 448.250000 ) (-704 2461.890137 322.250000 ) 
4 18 20 (-701 2210.250000 448.250000 ) (-704 2210.250000 448.250000 ) (-704 2210.250000 322.250000 ) (-701 2210.250000 322.250000 ) 
4 18 19 (-701 2210.250000 322.250000 ) (-704 2210.250000 322.250000 ) (-704 2461.890137 322.250000 ) (-701 2461.890137 322.250000 ) 
4 19 26 (-704 2461.890137 320 ) (-704 2210.250000 320 ) (-704 2210.250000 322.250000 ) (-704 2461.890137 322.250000 ) 
4 19 20 (-704 2210.250000 320 ) (-576 2210.250000 320 ) (-576 2210.250000 322.250000 ) (-704 2210.250000 322.250000 ) 
4 20 75 (-576 2048 320 ) (-576 2048 640 ) (-704 2048 640 ) (-704 2048 320 ) 
4 20 26 (-704 2210.250000 320 ) (-704 2048 320 ) (-704 2048 576 ) (-704 2210.250000 576 ) 
4 20 24 (-704 2048 576 ) (-704 2048 640 ) (-704 2210.250000 640 ) (-704 2210.250000 576 ) 
4 21 28 (-704 2464 32 ) (-704 2336 32 ) (-704 2336 192 ) (-704 2464 192 ) 
4 22 31 (-704 2272 128 ) (-704 2272 64 ) (-704 2208 64 ) (-704 2208 128 ) 
4 23 32 (-736 2464 640 ) (-736 2464 576 ) (-736 2334.189941 576 ) (-736 2334.189941 640 ) 
4 23 35 (-736 2334.189941 576 ) (-736 2272 576 ) (-736 2272 640 ) (-736 2334.189941 640 ) 
4 23 26 (-736 2272 576 ) (-736 2464 576 ) (-704 2464 576 ) (-704 2272 576 ) 
4 23 24 (-736 2272 640 ) (-736 2272 576 ) (-704 2272 576 ) (-704 2272 640 ) 
4 24 75 (-704 2048 576 ) (-704 2048 704 ) (-736 2048 704 ) (-736 2048 576 ) 
4 24 35 (-736 2048 576 ) (-736 2048 704 ) (-736 2272 704 ) (-736 2272 576 ) 
4 24 26 (-736 2048 576 ) (-736 2272 576 ) (-704 2272 576 ) (-704 2048 576 ) 
4 25 26 (-736 2464 320 ) (-704 2464 320 ) (-704 2464 576 ) (-736 2464 576 ) 
4 26 75 (-704 2048 320 ) (-704 2048 576 ) (-736 2048 576 ) (-736 2048 320 ) 
4 26 32 (-736 2334.189941 576 ) (-736 2464 576 ) (-736 2464 320 ) (-736 2334.189941 320 ) 
4 26 35 (-736 2048 320 ) (-736 2048 576 ) (-736 2334.189941 576 ) (-736 2334.189941 320 ) 
4 26 29 (-736 2334.189941 320 ) (-736 2336 320 ) (-704 2336 320 ) (-704 2334.189941 320 ) 
4 26 31 (-736 2048 320 ) (-736 2334.189941 320 ) (-704 2334.189941 320 ) (-704 2048 320 ) 
4 26 27 (-736 2336 320 ) (-736 2464 320 ) (-704 2464 320 ) (-704 2336 320 ) 
4 27 32 (-736 2336 320 ) (-736 2464 320 ) (-736 2464 160 ) (-736 2336 160 ) 
4 27 29 (-704 2336 192 ) (-704 2336 320 ) (-736 2336 320 ) (-736 2336 160 ) 
4 27 28 (-704 2336 192 ) (-736 2336 160 ) (-736 2464 160 ) (-704 2464 192 ) 
4 28 36 (-736 2464 32 ) (-736 2336 32 ) (-736 2336 64 ) (-736 2464 64 ) 
4 28 33 (-736 2336 64 ) (-736 2336 160 ) (-736 2464 160 ) (-736 2464 64 ) 
4 28 30 (-704 2336 64 ) (-704 2336 192 ) (-736 2336 160 ) (-736 2336 64 ) 
4 29 32 (-736 2334.189941 320 ) (-736 2336 320 ) (-736 2336 160 ) (-736 2334.189941 160 ) 
4 29 31 (-704 2334.189941 192 ) (-704 2334.189941 320 ) (-736 2334.189941 320 ) (-736 2334.189941 160 ) 
4 29 30 (-704 2334.189941 191.996094 ) (-736 2334.189941 159.996094 ) (-736 2336 159.996094 ) (-704 2336 191.996094 ) 
4 30 33 (-736 2336 160 ) (-736 2336 64 ) (-736 2334.189941 64 ) (-736 2334.189941 160 ) 
4 30 31 (-736 2334.189941 64 ) (-704 2334.189941 64 ) (-704 2334.189941 192 ) (-736 2334.189941 160 ) 
4 31 76 (-704 2048 64 ) (-704 2048 320 ) (-736 2048 320 ) (-736 2048 64 ) 
4 31 35 (-736 2048 64 ) (-736 2048 320 ) (-736 2334.189941 320 ) (-736 2334.189941 64 ) 
4 32 42 (-864 2432 64 ) (-864 2334.189941 64 ) (-864 2334.189941 668.027222 ) (-864 2432 693.625977 ) 
4 32 41 (-864 2334.189941 676.026245 ) (-864 2334.189941 704 ) (-864 2432 704 ) (-864 2432 701.625000 ) 
4 32 38 (-864 2464 64 ) (-864 2432 64 ) (-864 2432 693.625977 ) (-864 2464 702 ) 
3 32 37 (-864 2432 701.625000 ) (-864 2432 704 ) (-864 2441.074707 704 ) 
4 32 34 (-800 2334.189941 96 ) (-832 2334.189941 64 ) (-832 2464 64 ) (-800 2464 96 ) 
4 32 33 (-736 2334.189941 160 ) (-800 2334.189941 96 ) (-800 2464 96 ) (-736 2464 160 ) 
5 32 35 (-864 2334.189941 64 ) (-832 2334.189941 64 ) (-736 2334.189941 160 ) (-736 2334.189941 704 ) (-864 2334.189941 704 ) 
4 33 36 (-736 2464 64 ) (-736 2336 64 ) (-800 2336 64 ) (-800 2464 64 ) 
4 33 34 (-800 2464 64 ) (-800 2334.189941 64 ) (-800 2334.189941 96 ) (-800 2464 96 ) 
4 33 35 (-800 2334.189941 64 ) (-736 2334.189941 64 ) (-736 2334.189941 160 ) (-800 2334.189941 96 ) 
3 34 35 (-832 2334.189941 64 ) (-800 2334.189941 64 ) (-800 2334.189941 96 ) 
4 35 76 (-736 2048 64 ) (-736 2048 320 ) (-864 2048 320 ) (-864 2048 64 ) 
4 35 75 (-736 2048 320 ) (-736 2048 704 ) (-864 2048 704 ) (-864 2048 320 ) 
4 35 43 (-864 2208 64 ) (-864 2048 64 ) (-864 2048 704 ) (-864 2208 704 ) 
4 35 42 (-864 2334.189941 64 ) (-864 2208 64 ) (-864 2208 635 ) (-864 2334.189941 668.027222 ) 
4 35 41 (-864 2208 643 ) (-864 2208 704 ) (-864 2334.189941 704 ) (-864 2334.189941 676.026245 ) 
4 37 49 (-1024 2432 702.458679 ) (-1024 2432 736 ) (-1024 2464 736 ) (-1024 2464 710.833618 ) 
4 37 47 (-1024 2432 736 ) (-1024 2432 1024 ) (-1024 2464 1024 ) (-1024 2464 736 ) 
4 37 41 (-864 2432 701.625000 ) (-864 2432 736 ) (-1024 2432 736 ) (-1024 2432 702.458679 ) 
4 37 40 (-864 2432 736 ) (-864 2432 1024 ) (-1024 2432 1024 ) (-1024 2432 736 ) 
4 38 50 (-1024 2432 62 ) (-1024 2432 694.459290 ) (-1024 2464 702.834290 ) (-1024 2464 62 ) 
4 38 42 (-864 2432 64 ) (-864 2432 693.625977 ) (-1024 2432 694.459290 ) (-1024 2432 64 ) 
4 38 39 (-864 2432 62 ) (-1024 2432 62 ) (-1024 2464 62 ) (-864 2464 62 ) 
4 39 51 (-1024 2432 54 ) (-1024 2432 62 ) (-1024 2464 62 ) (-1024 2464 54 ) 
4 40 47 (-1024 2080 1024 ) (-1024 2432 1024 ) (-1024 2432 736 ) (-1024 2080 736 ) 
4 40 44 (-992 2080 736 ) (-1024 2080 736 ) (-1024 2208 736 ) (-992 2208 736 ) 
4 40 43 (-864 2208 736 ) (-864 2080 736 ) (-992 2080 736 ) (-992 2208 736 ) 
4 40 41 (-1024 2432 736 ) (-864 2432 736 ) (-864 2208 736 ) (-1024 2208 736 ) 
4 41 54 (-1024 2432 704 ) (-1024 2432 702.458679 ) (-1024 2208 643.833679 ) (-1024 2208 704 ) 
4 41 52 (-1024 2208 736 ) (-1024 2432 736 ) (-1024 2432 704 ) (-1024 2208 704 ) 
4 41 44 (-992 2208 736 ) (-1024 2208 736 ) (-1024 2208 643.833679 ) (-992 2208 643.666931 ) 
4 41 43 (-864 2208 643 ) (-864 2208 736 ) (-992 2208 736 ) (-992 2208 643.666931 ) 
4 42 55 (-1024 2432 694.459290 ) (-1024 2432 64 ) (-1024 2208 64 ) (-1024 2208 635.834290 ) 
4 42 44 (-1024 2208 64 ) (-992 2208 64 ) (-992 2208 635.667603 ) (-1024 2208 635.834290 ) 
4 42 43 (-992 2208 64 ) (-864 2208 64 ) (-864 2208 635 ) (-992 2208 635.667603 ) 
4 43 76 (-864 2048 64 ) (-864 2048 320 ) (-992 2048 320 ) (-992 2048 64 ) 
4 43 75 (-864 2048 320 ) (-864 2048 704 ) (-992 2048 704 ) (-992 2048 320 ) 
4 43 74 (-864 2048 704 ) (-864 2048 736 ) (-992 2048 736 ) (-992 2048 704 ) 
4 43 45 (-992 2080 64 ) (-992 2048 64 ) (-992 2048 704 ) (-992 2080 704 ) 
4 43 44 (-992 2208 736 ) (-992 2208 64 ) (-992 2080 64 ) (-992 2080 736 ) 
4 44 57 (-1024 2144 64 ) (-1024 2080 64 ) (-1024 2080 704 ) (-1024 2144 704 ) 
4 44 56 (-1024 2208 704 ) (-1024 2208 64 ) (-1024 2144 64 ) (-1024 2144 704 ) 
4 44 52 (-1024 2080 736 ) (-1024 2208 736 ) (-1024 2208 704 ) (-1024 2080 704 ) 
4 44 45 (-1024 2080 64 ) (-992 2080 64 ) (-992 2080 704 ) (-1024 2080 704 ) 
4 45 76 (-1024 2048 320 ) (-1024 2048 64 ) (-992 2048 64 ) (-992 2048 320 ) 
4 45 75 (-1024 2048 704 ) (-1024 2048 320 ) (-992 2048 320 ) (-992 2048 704 ) 
4 45 57 (-1024 2048 64 ) (-1024 2048 704 ) (-1024 2080 704 ) (-1024 2080 64 ) 
4 46 50 (-1248 2464 256 ) (-1248 2464 64 ) (-1184 2464 64 ) (-1184 2464 256 ) 
4 47 52 (-1024 2432 736 ) (-1024 2080 736 ) (-1120 2080 736 ) (-1120 2432 736 ) 
4 47 49 (-1120 2464 736 ) (-1024 2464 736 ) (-1024 2432 736 ) (-1120 2432 736 ) 
4 47 48 (-1120 2464 736 ) (-1120 2208 736 ) (-1120 2208 1024 ) (-1120 2464 1024 ) 
4 48 61 (-1248 2208 1024 ) (-1248 2464 1024 ) (-1248 2464 736 ) (-1248 2208 736 ) 
4 48 53 (-1248 2208 736 ) (-1248 2432 736 ) (-1120 2432 736 ) (-1120 2208 736 ) 
4 48 49 (-1248 2432 736 ) (-1248 2464 736 ) (-1120 2464 736 ) (-1120 2432 736 ) 
4 49 54 (-1248 2432 704 ) (-1248 2432 703.625977 ) (-1024 2432 702.458679 ) (-1024 2432 704 ) 
4 49 53 (-1120 2432 736 ) (-1248 2432 736 ) (-1248 2432 704 ) (-1120 2432 704 ) 
4 49 52 (-1024 2432 736 ) (-1120 2432 736 ) (-1120 2432 704 ) (-1024 2432 704 ) 
4 50 55 (-1248 2432 695.625977 ) (-1248 2432 64 ) (-1024 2432 64 ) (-1024 2432 694.459290 ) 
4 50 51 (-1024 2432 62 ) (-1248 2432 62 ) (-1248 2464 62 ) (-1024 2464 62 ) 
4 52 57 (-1024 2144 704 ) (-1024 2080 704 ) (-1120 2080 704 ) (-1120 2144 704 ) 
4 52 54 (-1120 2432 704 ) (-1024 2432 704 ) (-1024 2208 704 ) (-1120 2208 704 ) 
4 52 56 (-1024 2208 704 ) (-1024 2144 704 ) (-1120 2144 704 ) (-1120 2208 704 ) 
4 52 53 (-1120 2432 736 ) (-1120 2432 704 ) (-1120 2208 704 ) (-1120 2208 736 ) 
4 53 54 (-1248 2208 704 ) (-1248 2432 704 ) (-1120 2432 704 ) (-1120 2208 704 ) 
4 54 62 (-1248 2304 704 ) (-1248 2368 704 ) (-1248 2368 686.875916 ) (-1248 2304 670.125916 ) 
4 54 56 (-1024 2208 643.833679 ) (-1024 2208 704 ) (-1248 2208 704 ) (-1248 2208 645 ) 
4 55 66 (-1248 2336 128 ) (-1248 2272 128 ) (-1248 2272 192 ) (-1248 2336 192 ) 
4 55 64 (-1248 2368 256 ) (-1248 2304 256 ) (-1248 2304 512 ) (-1248 2368 512 ) 
4 55 62 (-1248 2368 512 ) (-1248 2304 512 ) (-1248 2304 662.126038 ) (-1248 2368 678.875977 ) 
4 55 56 (-1248 2208 64 ) (-1024 2208 64 ) (-1024 2208 635.834290 ) (-1248 2208 637.001038 ) 
4 56 59 (-1248 2144 192 ) (-1248 2144 64 ) (-1152 2144 64 ) (-1152 2144 96 ) 
4 56 58 (-1152 2144 704 ) (-1248 2144 704 ) (-1248 2144 192 ) (-1152 2144 96 ) 
4 56 57 (-1024 2144 64 ) (-1024 2144 704 ) (-1152 2144 704 ) (-1152 2144 64 ) 
4 57 139 (-1024 2048 64 ) (-1024 2048 192 ) (-1152 2048 192 ) (-1152 2048 64 ) 
4 57 138 (-1024 2048 192 ) (-1024 2048 320 ) (-1152 2048 320 ) (-1152 2048 192 ) 
4 57 135 (-1024 2048 320 ) (-1024 2048 448 ) (-1152 2048 448 ) (-1152 2048 320 ) 
4 57 131 (-1024 2048 448 ) (-1024 2048 704 ) (-1152 2048 704 ) (-1152 2048 448 ) 
4 57 59 (-1152 2144 96 ) (-1152 2144 64 ) (-1152 2048 64 ) (-1152 2048 96 ) 
4 57 58 (-1152 2144 704 ) (-1152 2144 96 ) (-1152 2048 96 ) (-1152 2048 704 ) 
3 58 140 (-1248 2048 192 ) (-1152 2048 96 ) (-1152 2048 192 ) 
4 58 138 (-1248 2048 320 ) (-1248 2048 192 ) (-1152 2048 192 ) (-1152 2048 320 ) 
4 58 135 (-1248 2048 448 ) (-1248 2048 320 ) (-1152 2048 320 ) (-1152 2048 448 ) 
4 58 131 (-1152 2048 704 ) (-1248 2048 704 ) (-1248 2048 448 ) (-1152 2048 448 ) 
4 58 59 (-1248 2144 192 ) (-1152 2144 96 ) (-1152 2048 96 ) (-1248 2048 192 ) 
4 59 141 (-1248 2048 192 ) (-1248 2048 64 ) (-1152 2048 64 ) (-1152 2048 96 ) 
4 59 67 (-1248 2048 64 ) (-1248 2048 192 ) (-1248 2144 192 ) (-1248 2144 64 ) 
4 59 60 (-1152 2048 64 ) (-1248 2048 64 ) (-1248 2144 64 ) (-1152 2144 64 ) 
4 60 142 (-1152 2048 64 ) (-1248 2048 64 ) (-1248 2048 32 ) (-1152 2048 32 ) 
4 60 67 (-1248 2048 32 ) (-1248 2048 64 ) (-1248 2144 64 ) (-1248 2144 32 ) 
4 62 64 (-1280 2304 512 ) (-1280 2368 512 ) (-1248 2368 512 ) (-1248 2304 512 ) 
4 63 64 (-1280 2368 512 ) (-1280 2368 256 ) (-1248 2368 256 ) (-1248 2368 512 ) 
4 64 65 (-1280 2304 512 ) (-1280 2304 256 ) (-1248 2304 256 ) (-1248 2304 512 ) 
4 67 142 (-1248 2048 32 ) (-1248 2048 64 ) (-1280 2048 64 ) (-1280 2048 32 ) 
4 67 141 (-1248 2048 64 ) (-1248 2048 192 ) (-1280 2048 192 ) (-1280 2048 64 ) 
4 67 68 (-1280 2048 32 ) (-1280 2048 192 ) (-1280 2144 192 ) (-1280 2144 32 ) 
4 68 142 (-1280 2048 32 ) (-1280 2048 64 ) (-1312 2048 64 ) (-1312 2048 32 ) 
4 68 141 (-1280 2048 64 ) (-1280 2048 192 ) (-1312 2048 192 ) (-1312 2048 64 ) 
4 69 150 (-2016 2048 192 ) (-2016 2048 32 ) (-1632 2048 32 ) (-1632 2048 192 ) 
4 69 149 (-1632 2048 32 ) (-1568 2048 32 ) (-1568 2048 192 ) (-1632 2048 192 ) 
4 69 146 (-1568 2048 32 ) (-1536 2048 32 ) (-1536 2048 192 ) (-1568 2048 192 ) 
4 69 145 (-1536 2048 256 ) (-2016 2048 256 ) (-2016 2048 192 ) (-1536 2048 192 ) 
4 69 71 (-2016 2304 32 ) (-1536 2304 32 ) (-1536 2048 32 ) (-2016 2048 32 ) 
4 69 70 (-2016 2304 256 ) (-2016 2304 64 ) (-2016 2048 64 ) (-2016 2048 256 ) 
4 70 153 (-2048 2048 192 ) (-2048 2048 64 ) (-2016 2048 64 ) (-2016 2048 192 ) 
4 70 145 (-2016 2048 256 ) (-2048 2048 256 ) (-2048 2048 192 ) (-2016 2048 192 ) 
4 70 73 (-2048 2048 64 ) (-2048 2048 256 ) (-2048 2304 256 ) (-2048 2304 64 ) 
4 71 152 (-2016 2048 -192 ) (-2016 2048 -224 ) (-1568 2048 -224 ) (-1568 2048 -192 ) 
4 71 150 (-1632 2048 32 ) (-2016 2048 32 ) (-2016 2048 -192 ) (-1632 2048 -192 ) 
4 71 149 (-1568 2048 32 ) (-1632 2048 32 ) (-1632 2048 -192 ) (-1568 2048 -192 ) 
4 71 146 (-1536 2048 32 ) (-1568 2048 32 ) (-1568 2048 -224 ) (-1536 2048 -224 ) 
4 71 72 (-2016 2304 -224 ) (-1536 2304 -224 ) (-1536 2048 -224 ) (-2016 2048 -224 ) 
4 72 155 (-2016 2048 -224 ) (-2048 2048 -224 ) (-2048 2048 -256 ) (-2016 2048 -256 ) 
4 72 152 (-1568 2048 -224 ) (-2016 2048 -224 ) (-2016 2048 -256 ) (-1568 2048 -256 ) 
4 72 148 (-1536 2048 -256 ) (-1536 2048 -224 ) (-1568 2048 -224 ) (-1568 2048 -256 ) 
4 72 73 (-2048 2048 -256 ) (-2048 2048 -224 ) (-2048 2304 -224 ) (-2048 2304 -256 ) 
4 73 328 (-2048 2048 -256 ) (-2048 2048 -224 ) (-2528 2048 -224 ) (-2528 2048 -256 ) 
4 73 326 (-2048 2048 -224 ) (-2048 2048 -192 ) (-2528 2048 -192 ) (-2528 2048 -224 ) 
4 73 324 (-2528 2048 64 ) (-2528 2048 -192 ) (-2304 2048 -192 ) (-2304 2048 64 ) 
4 73 323 (-2304 2048 192 ) (-2528 2048 192 ) (-2528 2048 64 ) (-2304 2048 64 ) 
4 73 317 (-2272 2048 192 ) (-2304 2048 192 ) (-2304 2048 -192 ) (-2272 2048 -192 ) 
4 73 314 (-2240 2048 192 ) (-2272 2048 192 ) (-2272 2048 -192 ) (-2240 2048 -192 ) 
4 73 313 (-2144 2048 192 ) (-2240 2048 192 ) (-2240 2048 -192 ) (-2144 2048 -192 ) 
4 73 308 (-2048 2048 -192 ) (-2048 2048 64 ) (-2144 2048 64 ) (-2144 2048 -192 ) 
4 73 307 (-2048 2048 64 ) (-2048 2048 192 ) (-2144 2048 192 ) (-2144 2048 64 ) 
4 73 306 (-2272 2048 256 ) (-2528 2048 256 ) (-2528 2048 192 ) (-2272 2048 192 ) 
4 73 302 (-2240 2048 256 ) (-2272 2048 256 ) (-2272 2048 192 ) (-2240 2048 192 ) 
4 73 300 (-2176 2048 256 ) (-2240 2048 256 ) (-2240 2048 192 ) (-2176 2048 192 ) 
4 73 298 (-2144 2048 256 ) (-2176 2048 256 ) (-2176 2048 192 ) (-2144 2048 192 ) 
4 73 296 (-2048 2048 192 ) (-2048 2048 256 ) (-2144 2048 256 ) (-2144 2048 192 ) 
4 74 80 (-928 2016 736 ) (-992 2016 736 ) (-992 2016 704 ) (-928 2016 704 ) 
4 74 75 (-864 2016 704 ) (-992 2016 704 ) (-992 2048 704 ) (-864 2048 704 ) 
4 75 135 (-1024 2048 448 ) (-1024 2048 320 ) (-1024 2016 320 ) (-1024 2016 448 ) 
4 75 131 (-1024 2048 704 ) (-1024 2048 448 ) (-1024 2016 448 ) (-1024 2016 704 ) 
4 75 81 (-864 2016 704 ) (-1024 2016 704 ) (-1024 2016 320 ) (-864 2016 320 ) 
4 75 79 (-736 2016 576 ) (-736 2016 448 ) (-704 2016 448 ) (-704 2016 576 ) 
4 75 78 (-576 2016 320 ) (-544 2016 320 ) (-544 2016 576 ) (-576 2016 576 ) 
4 75 76 (-704 2016 320 ) (-1024 2016 320 ) (-1024 2048 320 ) (-704 2048 320 ) 
4 76 139 (-1024 2048 192 ) (-1024 2048 64 ) (-1024 2016 64 ) (-1024 2016 192 ) 
4 76 138 (-1024 2048 320 ) (-1024 2048 192 ) (-1024 2016 192 ) (-1024 2016 320 ) 
4 76 81 (-864 2016 320 ) (-1024 2016 320 ) (-1024 2016 64 ) (-864 2016 64 ) 
4 77 88 (-480 1888 702 ) (-480 1888 576 ) (-352 1888 576 ) (-352 1888 702 ) 
4 77 87 (-352 1888 704 ) (-480 1888 704 ) (-480 1888 702 ) (-352 1888 702 ) 
4 80 81 (-928 1952 704 ) (-992 1952 704 ) (-992 2016 704 ) (-928 2016 704 ) 
4 81 143 (-1024 1952 64 ) (-1024 1952 320 ) (-1024 2016 320 ) (-1024 2016 64 ) 
4 81 135 (-1024 1952 320 ) (-1024 1952 448 ) (-1024 2016 448 ) (-1024 2016 320 ) 
4 81 131 (-1024 1952 448 ) (-1024 1952 704 ) (-1024 2016 704 ) (-1024 2016 448 ) 
4 81 84 (-864 1952 704 ) (-1024 1952 704 ) (-1024 1952 64 ) (-864 1952 64 ) 
4 82 97 (-856 1888 184 ) (-856 1888 32 ) (-744 1888 32 ) (-744 1888 184 ) 
4 82 83 (-856 1952 32 ) (-856 1888 32 ) (-856 1888 184 ) (-856 1952 184 ) 
4 83 97 (-856 1888 192 ) (-864 1888 192 ) (-864 1888 32 ) (-856 1888 32 ) 
4 83 84 (-864 1952 192 ) (-864 1952 64 ) (-864 1888 64 ) (-864 1888 192 ) 
4 84 144 (-1024 1888 64 ) (-1024 1888 320 ) (-1024 1952 320 ) (-1024 1952 64 ) 
4 84 137 (-1024 1888 320 ) (-1024 1888 448 ) (-1024 1920 448 ) (-1024 1920 320 ) 
4 84 136 (-1024 1920 448 ) (-1024 1952 448 ) (-1024 1952 320 ) (-1024 1920 320 ) 
4 84 132 (-1024 1888 448 ) (-1024 1888 704 ) (-1024 1952 704 ) (-1024 1952 448 ) 
4 84 111 (-1024 1888 704 ) (-1024 1888 64 ) (-960 1888 64 ) (-960 1888 704 ) 
4 84 107 (-960 1888 64 ) (-864 1888 64 ) (-864 1888 704 ) (-960 1888 704 ) 
4 85 87 (-480 1248 704 ) (-608 1248 704 ) (-608 1280 704 ) (-480 1280 704 ) 
4 86 88 (-352 1760 576 ) (-352 1888 576 ) (-352 1888 448 ) (-352 1760 448 ) 
4 87 91 (-608 1248 702 ) (-608 1248 704 ) (-608 1376 704 ) (-608 1376 702 ) 
4 87 88 (-608 1248 702 ) (-608 1888 702 ) (-352 1888 702 ) (-352 1248 702 ) 
3 88 119 (-531.974976 1248 555.002747 ) (-536.791382 1248 554.600830 ) (-531.974976 1248 552.992981 ) 
24 88 118 (-604.975952 1248 492.988770 ) (-603.968018 1248 480.974365 ) (-600.974487 1248 469.998047 ) (-594.925598 1248 458.929626 ) (-585 1248 448 ) (-502.976715 1248 448 ) (-492.984650 1248 458.988342 ) (-486.961884 1248 470.030121 ) (-483.976471 1248 480.976654 ) (-482.975830 1248 493.010040 ) (-483.975586 1248 505.006805 ) (-486.971985 1248 515.992676 ) (-492.982025 1248 527.011047 ) (-502.979126 1248 538.005615 ) (-509.970245 1248 543.998596 ) (-519.855103 1248 548.946960 ) (-536.791382 1248 554.600830 ) (-555.924500 1248 553.004150 ) (-567.980652 1248 548.998108 ) (-577.979980 1248 543.997437 ) (-584.977051 1248 538 ) (-594.976318 1248 526.966492 ) (-600.975159 1248 516 ) (-603.974976 1248 505 ) 
4 88 90 (-608 1888 640 ) (-608 1888 322 ) (-608 1376 322 ) (-608 1376 640 ) 
4 88 91 (-608 1248 322 ) (-608 1248 702 ) (-608 1376 702 ) (-608 1376 322 ) 
4 88 89 (-608 1248 322 ) (-608 1888 322 ) (-352 1888 322 ) (-352 1248 322 ) 
4 89 94 (-482 1248 320 ) (-608 1248 320 ) (-608 1504 320 ) (-482 1504 320 ) 
4 89 93 (-482 1280 320 ) (-482 1504 320 ) (-480 1504 320 ) (-480 1280 320 ) 
4 89 92 (-352 1248 320 ) (-480 1248 320 ) (-480 1280 320 ) (-352 1280 320 ) 
4 89 90 (-608 1888 320 ) (-608 1376 320 ) (-608 1376 322 ) (-608 1888 322 ) 
4 89 91 (-608 1376 320 ) (-608 1248 320 ) (-608 1248 322 ) (-608 1376 322 ) 
4 90 100 (-736 1408 320 ) (-736 1376 320 ) (-736 1376 640 ) (-736 1408 640 ) 
4 90 98 (-736 1792 320 ) (-736 1408 320 ) (-736 1408 640 ) (-736 1792 640 ) 
4 90 96 (-736 1888 640 ) (-736 1888 320 ) (-736 1792 320 ) (-736 1792 640 ) 
4 90 91 (-736 1376 320 ) (-608 1376 320 ) (-608 1376 640 ) (-736 1376 640 ) 
4 91 120 (-640 1248 512 ) (-608 1248 512 ) (-608 1248 544 ) (-640 1248 544 ) 
4 91 102 (-736 1376 320 ) (-736 1248 320 ) (-736 1248 704 ) (-736 1376 704 ) 
5 93 94 (-482 1504 320 ) (-482 1504 256 ) (-482 1418.666626 256 ) (-482 1280 295 ) (-482 1280 320 ) 
4 95 107 (-864 1888 704 ) (-864 1888 640 ) (-864 1408 640 ) (-864 1408 704 ) 
4 95 99 (-800 1408 704 ) (-864 1408 704 ) (-864 1408 640 ) (-800 1408 640 ) 
4 95 98 (-800 1408 640 ) (-864 1408 640 ) (-864 1792 640 ) (-800 1792 640 ) 
4 95 96 (-864 1792 640 ) (-864 1888 640 ) (-800 1888 640 ) (-800 1792 640 ) 
4 96 107 (-864 1888 640 ) (-864 1888 192 ) (-864 1792 96 ) (-864 1792 640 ) 
4 96 98 (-736 1792 96 ) (-736 1792 640 ) (-864 1792 640 ) (-864 1792 96 ) 
4 96 97 (-736 1792 96 ) (-864 1792 96 ) (-864 1888 192 ) (-736 1888 192 ) 
4 97 107 (-864 1888 192 ) (-864 1888 64 ) (-864 1792 64 ) (-864 1792 96 ) 
4 97 98 (-736 1792 64 ) (-736 1792 96 ) (-864 1792 96 ) (-864 1792 64 ) 
4 98 107 (-864 1408 64 ) (-864 1408 640 ) (-864 1792 640 ) (-864 1792 64 ) 
4 98 100 (-736 1408 64 ) (-736 1408 640 ) (-864 1408 640 ) (-864 1408 64 ) 
4 99 107 (-864 1376 640 ) (-864 1376 704 ) (-864 1408 704 ) (-864 1408 640 ) 
4 99 102 (-864 1376 704 ) (-864 1376 640 ) (-800 1376 640 ) (-800 1376 704 ) 
4 99 100 (-800 1376 640 ) (-864 1376 640 ) (-864 1408 640 ) (-800 1408 640 ) 
4 100 107 (-864 1376 64 ) (-864 1376 640 ) (-864 1408 640 ) (-864 1408 64 ) 
4 100 102 (-864 1376 640 ) (-864 1376 320 ) (-736 1376 320 ) (-736 1376 640 ) 
4 100 101 (-736 1376 64 ) (-864 1376 64 ) (-864 1408 64 ) (-736 1408 64 ) 
4 102 108 (-864 1248 320 ) (-864 1248 704 ) (-864 1376 704 ) (-864 1376 320 ) 
4 103 117 (-960 1248 704 ) (-992 1248 704 ) (-992 1280 704 ) (-960 1280 704 ) 
4 103 110 (-896 1248 704 ) (-960 1248 704 ) (-960 1280 704 ) (-896 1280 704 ) 
4 103 108 (-864 1280 704 ) (-864 1248 704 ) (-896 1248 704 ) (-896 1280 704 ) 
4 103 106 (-992 1280 704 ) (-992 1248 704 ) (-992 1248 712 ) (-992 1280 712 ) 
4 104 156 (-1024 1504 768 ) (-1024 1632 768 ) (-1024 1632 736 ) (-1024 1504 736 ) 
4 104 105 (-992 1632 736 ) (-992 1504 736 ) (-1024 1504 736 ) (-1024 1632 736 ) 
4 105 157 (-1024 1376 736 ) (-1024 1888 736 ) (-1024 1888 704 ) (-1024 1376 704 ) 
4 105 117 (-992 1504 704 ) (-992 1376 704 ) (-1024 1376 704 ) (-1024 1504 704 ) 
4 105 115 (-992 1536 704 ) (-992 1504 704 ) (-1024 1504 704 ) (-1024 1536 704 ) 
4 105 114 (-992 1600 704 ) (-992 1536 704 ) (-1024 1536 704 ) (-1024 1600 704 ) 
4 105 112 (-992 1632 704 ) (-992 1600 704 ) (-1024 1600 704 ) (-1024 1632 704 ) 
4 105 111 (-1024 1888 704 ) (-992 1888 704 ) (-992 1632 704 ) (-1024 1632 704 ) 
4 106 158 (-1024 1248 704 ) (-1024 1248 712 ) (-1024 1280 712 ) (-1024 1280 704 ) 
4 106 117 (-992 1280 704 ) (-992 1248 704 ) (-1024 1248 704 ) (-1024 1280 704 ) 
4 107 117 (-960 1376 704 ) (-960 1504 704 ) (-960 1504 64 ) (-960 1376 64 ) 
4 107 115 (-960 1504 704 ) (-960 1536 704 ) (-960 1536 64 ) (-960 1504 64 ) 
4 107 114 (-960 1536 704 ) (-960 1600 704 ) (-960 1600 192 ) (-960 1536 192 ) 
4 107 112 (-960 1600 704 ) (-960 1632 704 ) (-960 1632 64 ) (-960 1600 64 ) 
4 107 111 (-960 1632 704 ) (-960 1888 704 ) (-960 1888 64 ) (-960 1632 64 ) 
4 107 110 (-960 1376 704 ) (-960 1376 64 ) (-896 1376 64 ) (-896 1376 704 ) 
4 107 108 (-896 1376 64 ) (-864 1376 64 ) (-864 1376 704 ) (-896 1376 704 ) 
4 108 110 (-896 1376 704 ) (-896 1376 64 ) (-896 1248 64 ) (-896 1248 704 ) 
4 108 109 (-896 1248 64 ) (-896 1376 64 ) (-864 1376 64 ) (-864 1248 64 ) 
4 110 117 (-960 1248 64 ) (-960 1248 704 ) (-960 1376 704 ) (-960 1376 64 ) 
4 111 174 (-1024 1632 64 ) (-1024 1632 448 ) (-1024 1888 448 ) (-1024 1888 64 ) 
4 111 160 (-1024 1632 448 ) (-1024 1632 704 ) (-1024 1888 704 ) (-1024 1888 448 ) 
4 111 112 (-960 1632 64 ) (-960 1632 704 ) (-1024 1632 704 ) (-1024 1632 64 ) 
4 112 175 (-1024 1600 64 ) (-1024 1600 448 ) (-1024 1632 448 ) (-1024 1632 64 ) 
4 112 160 (-1024 1600 448 ) (-1024 1600 704 ) (-1024 1632 704 ) (-1024 1632 448 ) 
4 112 114 (-960 1600 192 ) (-960 1600 704 ) (-1024 1600 704 ) (-1024 1600 192 ) 
4 112 113 (-960 1600 64 ) (-1024 1600 64 ) (-1024 1632 64 ) (-960 1632 64 ) 
4 113 176 (-1024 1600 56 ) (-1024 1600 64 ) (-1024 1632 64 ) (-1024 1632 56 ) 
4 114 177 (-1024 1536 192 ) (-1024 1536 448 ) (-1024 1600 448 ) (-1024 1600 192 ) 
4 114 160 (-1024 1536 448 ) (-1024 1536 704 ) (-1024 1600 704 ) (-1024 1600 448 ) 
4 114 115 (-960 1536 192 ) (-960 1536 704 ) (-1024 1536 704 ) (-1024 1536 192 ) 
4 115 178 (-1024 1504 64 ) (-1024 1504 448 ) (-1024 1536 448 ) (-1024 1536 64 ) 
4 115 160 (-1024 1504 448 ) (-1024 1504 704 ) (-1024 1536 704 ) (-1024 1536 448 ) 
4 115 117 (-960 1504 64 ) (-960 1504 704 ) (-1024 1504 704 ) (-1024 1504 64 ) 
4 115 116 (-960 1504 64 ) (-1024 1504 64 ) (-1024 1536 64 ) (-960 1536 64 ) 
4 116 179 (-1024 1504 56 ) (-1024 1504 64 ) (-1024 1536 64 ) (-1024 1536 56 ) 
4 117 180 (-1024 1248 64 ) (-1024 1248 448 ) (-1024 1504 448 ) (-1024 1504 64 ) 
4 117 160 (-1024 1248 448 ) (-1024 1248 704 ) (-1024 1504 704 ) (-1024 1504 448 ) 
24 118 121 (-536.758545 1246 554.603577 ) (-555.928223 1246 553.003784 ) (-567.969543 1246 549.002747 ) (-577.968079 1246 544.002502 ) (-585.087708 1246 537.899963 ) (-594.948730 1246 527.019104 ) (-600.974060 1246 516.003601 ) (-603.974915 1246 505 ) (-604.977356 1246 492.971527 ) (-603.972107 1246 480.989349 ) (-600.962463 1246 469.954132 ) (-594.990051 1246 459.025574 ) (-584.976990 1246 448 ) (-502.973969 1246 448 ) (-492.988770 1246 458.980804 ) (-486.972778 1246 470.010101 ) (-483.974060 1246 481.005402 ) (-482.975861 1246 493.009979 ) (-483.975586 1246 505.006714 ) (-486.971069 1246 515.989197 ) (-492.979980 1246 527.005493 ) (-503.005493 1246 538.031311 ) (-509.958862 1246 543.991943 ) (-519.943237 1246 548.990112 ) 
4 118 119 (-536.793701 1248 554.600586 ) (-536.760864 1246 554.603333 ) (-531.958984 1246 553 ) (-531.974976 1248 552.991943 ) 
3 119 121 (-531.958984 1246 555.004150 ) (-536.758545 1246 554.603577 ) (-531.958984 1246 553.001343 ) 
4 121 123 (-480 1216 576 ) (-608 1216 576 ) (-608 1216 448 ) (-480 1216 448 ) 
4 122 123 (-480 1176 448 ) (-480 1160 448 ) (-480 1160 576 ) (-480 1176 576 ) 
4 123 127 (-608 1152 448 ) (-480 1152 448 ) (-480 1152 576 ) (-608 1152 576 ) 
4 123 124 (-608 1176 448 ) (-608 1160 448 ) (-608 1160 576 ) (-608 1176 576 ) 
4 125 127 (-480 1152 638 ) (-480 1152 448 ) (-480 1088 448 ) (-480 1088 638 ) 
4 125 126 (-480 1152 640 ) (-480 1152 638 ) (-480 1088 638 ) (-480 1088 640 ) 
4 126 128 (-608 1152 640 ) (-608 1152 638 ) (-608 1088 638 ) (-608 1088 640 ) 
4 126 127 (-608 1088 638 ) (-608 1152 638 ) (-480 1152 638 ) (-480 1088 638 ) 
4 127 129 (-480 1088 448 ) (-480 1088 576 ) (-608 1088 576 ) (-608 1088 448 ) 
4 127 128 (-608 1152 638 ) (-608 1152 448 ) (-608 1088 448 ) (-608 1088 638 ) 
4 129 243 (-480 1024 576 ) (-608 1024 576 ) (-608 1024 320 ) (-480 1024 320 ) 
4 130 164 (-1824 1888 704 ) (-1760 1888 704 ) (-1760 1888 736 ) (-1824 1888 736 ) 
4 130 163 (-1760 1888 704 ) (-1664 1888 704 ) (-1664 1888 736 ) (-1760 1888 736 ) 
4 130 134 (-1984 1920 704 ) (-1984 2048 704 ) (-1760 2048 704 ) (-1760 1920 704 ) 
4 130 133 (-1664 1888 704 ) (-1760 1888 704 ) (-1760 2048 704 ) (-1664 2048 704 ) 
4 131 135 (-1248 1952 448 ) (-1248 2048 448 ) (-1024 2048 448 ) (-1024 1952 448 ) 
4 131 132 (-1248 1952 704 ) (-1248 1952 448 ) (-1024 1952 448 ) (-1024 1952 704 ) 
4 132 160 (-1248 1888 448 ) (-1024 1888 448 ) (-1024 1888 704 ) (-1248 1888 704 ) 
4 132 137 (-1024 1888 448 ) (-1248 1888 448 ) (-1248 1920 448 ) (-1024 1920 448 ) 
4 132 136 (-1248 1920 448 ) (-1248 1952 448 ) (-1024 1952 448 ) (-1024 1920 448 ) 
4 133 163 (-1664 1888 480 ) (-1664 1888 704 ) (-1760 1888 704 ) (-1760 1888 480 ) 
4 133 134 (-1760 1920 704 ) (-1760 2048 704 ) (-1760 2048 480 ) (-1760 1920 480 ) 
4 135 143 (-1024 2016 320 ) (-1024 1952 320 ) (-1248 1952 320 ) (-1248 2016 320 ) 
4 135 138 (-1248 2048 320 ) (-1024 2048 320 ) (-1024 2016 320 ) (-1248 2016 320 ) 
4 135 136 (-1248 1952 320 ) (-1024 1952 320 ) (-1024 1952 448 ) (-1248 1952 448 ) 
4 136 144 (-1248 1952 320 ) (-1024 1952 320 ) (-1024 1920 320 ) (-1248 1920 320 ) 
4 136 137 (-1248 1920 320 ) (-1024 1920 320 ) (-1024 1920 448 ) (-1248 1920 448 ) 
4 137 181 (-1248 1888 320 ) (-1216 1888 320 ) (-1216 1888 448 ) (-1248 1888 448 ) 
4 137 174 (-1216 1888 320 ) (-1024 1888 320 ) (-1024 1888 448 ) (-1216 1888 448 ) 
4 137 144 (-1024 1888 320 ) (-1248 1888 320 ) (-1248 1920 320 ) (-1024 1920 320 ) 
4 138 143 (-1024 2016 192 ) (-1024 2016 320 ) (-1248 2016 320 ) (-1248 2016 192 ) 
4 138 140 (-1152 2016 192 ) (-1248 2016 192 ) (-1248 2048 192 ) (-1152 2048 192 ) 
4 138 139 (-1024 2016 192 ) (-1152 2016 192 ) (-1152 2048 192 ) (-1024 2048 192 ) 
4 139 143 (-1024 2016 64 ) (-1024 2016 192 ) (-1152 2016 192 ) (-1152 2016 64 ) 
4 139 141 (-1152 2048 64 ) (-1152 2016 64 ) (-1152 2016 96 ) (-1152 2048 96 ) 
4 139 140 (-1152 2016 96 ) (-1152 2016 192 ) (-1152 2048 192 ) (-1152 2048 96 ) 
3 140 143 (-1152 2016 192 ) (-1248 2016 192 ) (-1152 2016 96 ) 
4 140 141 (-1152 2048 96 ) (-1152 2016 96 ) (-1248 2016 192 ) (-1248 2048 192 ) 
4 141 143 (-1248 2016 192 ) (-1248 2016 64 ) (-1152 2016 64 ) (-1152 2016 96 ) 
4 141 142 (-1152 2016 64 ) (-1312 2016 64 ) (-1312 2048 64 ) (-1152 2048 64 ) 
4 143 144 (-1248 1952 64 ) (-1024 1952 64 ) (-1024 1952 320 ) (-1248 1952 320 ) 
4 144 188 (-1216 1888 320 ) (-1248 1888 320 ) (-1248 1888 64 ) (-1216 1888 64 ) 
4 144 174 (-1024 1888 64 ) (-1024 1888 320 ) (-1216 1888 320 ) (-1216 1888 64 ) 
4 145 296 (-2048 2048 256 ) (-2048 2048 192 ) (-2048 1920 192 ) (-2048 1920 256 ) 
4 145 153 (-2048 2048 192 ) (-2016 2048 192 ) (-2016 1920 192 ) (-2048 1920 192 ) 
4 145 150 (-2016 2048 192 ) (-1632 2048 192 ) (-1632 1920 192 ) (-2016 1920 192 ) 
4 145 149 (-1632 2048 192 ) (-1568 2048 192 ) (-1568 1920 192 ) (-1632 1920 192 ) 
4 145 146 (-1568 2048 192 ) (-1536 2048 192 ) (-1536 1920 192 ) (-1568 1920 192 ) 
4 146 152 (-1568 2048 -192 ) (-1568 2048 -224 ) (-1568 1920 -224 ) (-1568 1920 -192 ) 
4 146 149 (-1568 1920 192 ) (-1568 2048 192 ) (-1568 2048 -192 ) (-1568 1920 -192 ) 
4 146 148 (-1568 1920 -224 ) (-1568 2048 -224 ) (-1536 2048 -224 ) (-1536 1920 -224 ) 
4 146 147 (-1568 1920 -192 ) (-1568 1920 -224 ) (-1536 1920 -224 ) (-1536 1920 -192 ) 
4 147 152 (-1568 1888 -224 ) (-1568 1888 -192 ) (-1568 1920 -192 ) (-1568 1920 -224 ) 
4 147 148 (-1568 1888 -224 ) (-1568 1920 -224 ) (-1536 1920 -224 ) (-1536 1888 -224 ) 
4 148 152 (-1568 1888 -256 ) (-1568 1888 -224 ) (-1568 2048 -224 ) (-1568 2048 -256 ) 
4 149 152 (-1632 2048 -192 ) (-1568 2048 -192 ) (-1568 1892 -192 ) (-1632 1892 -192 ) 
4 149 151 (-1632 1904 -192 ) (-1632 1892 -192 ) (-1632 1892 192 ) (-1632 1904 192 ) 
4 149 150 (-1632 2048 -192 ) (-1632 1904 -192 ) (-1632 1904 192 ) (-1632 2048 192 ) 
4 150 153 (-2016 1904 192 ) (-2016 2048 192 ) (-2016 2048 64 ) (-2016 1904 64 ) 
4 150 152 (-2016 1904 -192 ) (-2016 2048 -192 ) (-1632 2048 -192 ) (-1632 1904 -192 ) 
4 150 151 (-1760 1904 -192 ) (-1632 1904 -192 ) (-1632 1904 192 ) (-1760 1904 192 ) 
4 151 197 (-1760 1888 -184 ) (-1760 1888 -192 ) (-1632 1888 -192 ) (-1632 1888 -184 ) 
4 151 191 (-1632 1888 192 ) (-1760 1888 192 ) (-1760 1888 -184 ) (-1632 1888 -184 ) 
4 151 152 (-1760 1904 -192 ) (-1632 1904 -192 ) (-1632 1888 -192 ) (-1760 1888 -192 ) 
4 152 155 (-2016 1888 -256 ) (-2016 1888 -224 ) (-2016 2048 -224 ) (-2016 2048 -256 ) 
4 153 307 (-2048 2048 192 ) (-2048 2048 64 ) (-2048 1896 64 ) (-2048 1896 192 ) 
4 153 154 (-2016 1896 64 ) (-2016 1896 192 ) (-2048 1896 192 ) (-2048 1896 64 ) 
4 154 307 (-2048 1888 64 ) (-2048 1888 192 ) (-2048 1896 192 ) (-2048 1896 64 ) 
4 154 195 (-2048 1888 192 ) (-2048 1888 64 ) (-2016 1888 64 ) (-2016 1888 192 ) 
4 155 328 (-2048 2048 -224 ) (-2048 2048 -256 ) (-2048 1888 -256 ) (-2048 1888 -224 ) 
4 156 157 (-1120 1632 736 ) (-1024 1632 736 ) (-1024 1504 736 ) (-1120 1504 736 ) 
4 157 160 (-1248 1888 704 ) (-1024 1888 704 ) (-1024 1376 704 ) (-1248 1376 704 ) 
4 158 160 (-1024 1248 704 ) (-1248 1248 704 ) (-1248 1280 704 ) (-1024 1280 704 ) 
4 159 162 (-1504 1248 704 ) (-1632 1248 704 ) (-1632 1280 704 ) (-1504 1280 704 ) 
4 160 181 (-1216 1248 448 ) (-1376 1248 448 ) (-1376 1888 448 ) (-1216 1888 448 ) 
4 160 180 (-1024 1248 448 ) (-1216 1248 448 ) (-1216 1504 448 ) (-1024 1504 448 ) 
4 160 178 (-1216 1504 448 ) (-1216 1536 448 ) (-1024 1536 448 ) (-1024 1504 448 ) 
4 160 177 (-1216 1536 448 ) (-1216 1600 448 ) (-1024 1600 448 ) (-1024 1536 448 ) 
4 160 175 (-1216 1600 448 ) (-1216 1632 448 ) (-1024 1632 448 ) (-1024 1600 448 ) 
4 160 174 (-1216 1632 448 ) (-1216 1888 448 ) (-1024 1888 448 ) (-1024 1632 448 ) 
4 160 161 (-1376 1888 448 ) (-1376 1248 448 ) (-1376 1248 576 ) (-1376 1888 576 ) 
4 161 219 (-1504 1248 576 ) (-1504 1248 448 ) (-1376 1248 448 ) (-1376 1248 576 ) 
4 161 181 (-1376 1248 448 ) (-1504 1248 448 ) (-1504 1888 448 ) (-1376 1888 448 ) 
4 161 162 (-1504 1888 448 ) (-1504 1248 448 ) (-1504 1248 576 ) (-1504 1888 576 ) 
4 162 219 (-1568 1248 448 ) (-1504 1248 448 ) (-1504 1248 576 ) (-1568 1248 576 ) 
4 162 181 (-1504 1248 448 ) (-1632 1248 448 ) (-1632 1888 448 ) (-1504 1888 448 ) 
4 163 220 (-1760 1248 480 ) (-1664 1248 480 ) (-1664 1248 576 ) (-1760 1248 576 ) 
4 163 218 (-1664 1248 576 ) (-1664 1248 736 ) (-1760 1248 736 ) (-1760 1248 576 ) 
4 163 166 (-1664 1696 480 ) (-1664 1376 480 ) (-1760 1376 480 ) (-1760 1696 480 ) 
4 163 164 (-1760 1760 704 ) (-1760 1760 736 ) (-1760 1888 736 ) (-1760 1888 704 ) 
4 163 165 (-1760 1760 480 ) (-1760 1248 480 ) (-1760 1248 736 ) (-1760 1760 736 ) 
4 164 165 (-1760 1760 704 ) (-1760 1760 736 ) (-1824 1760 736 ) (-1824 1760 704 ) 
4 165 220 (-1824 1248 576 ) (-1824 1248 480 ) (-1760 1248 480 ) (-1760 1248 576 ) 
4 165 218 (-1824 1248 736 ) (-1824 1248 576 ) (-1760 1248 576 ) (-1760 1248 736 ) 
4 165 172 (-1824 1440 480 ) (-1824 1408 480 ) (-1824 1408 736 ) (-1824 1440 736 ) 
4 165 169 (-1824 1696 480 ) (-1824 1440 480 ) (-1824 1440 736 ) (-1824 1696 736 ) 
4 165 168 (-1824 1728 480 ) (-1824 1696 480 ) (-1824 1696 736 ) (-1824 1728 736 ) 
4 166 184 (-1664 1504 448 ) (-1664 1376 448 ) (-1752 1376 448 ) (-1752 1504 448 ) 
4 166 183 (-1752 1696 448 ) (-1664 1696 448 ) (-1664 1504 448 ) (-1752 1504 448 ) 
4 167 169 (-2016 1504 736 ) (-2016 1632 736 ) (-1888 1632 736 ) (-1888 1504 736 ) 
4 168 282 (-2048 1728 736 ) (-2048 1728 480 ) (-2048 1696 480 ) (-2048 1696 736 ) 
4 168 169 (-1824 1696 480 ) (-1824 1696 736 ) (-2048 1696 736 ) (-2048 1696 480 ) 
4 169 283 (-2048 1440 472 ) (-2048 1440 480 ) (-2048 1696 480 ) (-2048 1696 472 ) 
4 169 282 (-2048 1440 480 ) (-2048 1440 736 ) (-2048 1696 736 ) (-2048 1696 480 ) 
4 169 172 (-1824 1440 480 ) (-1824 1440 736 ) (-2048 1440 736 ) (-2048 1440 480 ) 
4 169 170 (-1824 1440 472 ) (-2048 1440 472 ) (-2048 1696 472 ) (-1824 1696 472 ) 
4 170 284 (-2048 1440 452 ) (-2048 1440 472 ) (-2048 1696 472 ) (-2048 1696 452 ) 
4 170 171 (-1824 1440 452 ) (-2048 1440 452 ) (-2048 1696 452 ) (-1824 1696 452 ) 
4 171 285 (-2048 1696 448 ) (-2048 1440 448 ) (-2048 1440 452 ) (-2048 1696 452 ) 
4 171 187 (-2048 1440 448 ) (-2048 1696 448 ) (-1824 1696 448 ) (-1824 1440 448 ) 
4 172 282 (-2048 1408 480 ) (-2048 1408 736 ) (-2048 1440 736 ) (-2048 1440 480 ) 
4 173 286 (-2048 1248 448 ) (-2048 1248 472 ) (-2048 1376 472 ) (-2048 1376 448 ) 
4 173 187 (-1824 1248 448 ) (-2048 1248 448 ) (-2048 1376 448 ) (-1824 1376 448 ) 
4 174 188 (-1216 1632 64 ) (-1216 1632 320 ) (-1216 1888 320 ) (-1216 1888 64 ) 
4 174 181 (-1216 1632 320 ) (-1216 1632 448 ) (-1216 1888 448 ) (-1216 1888 320 ) 
4 174 175 (-1216 1632 448 ) (-1216 1632 64 ) (-1024 1632 64 ) (-1024 1632 448 ) 
4 175 188 (-1216 1600 64 ) (-1216 1600 320 ) (-1216 1632 320 ) (-1216 1632 64 ) 
4 175 181 (-1216 1600 320 ) (-1216 1600 448 ) (-1216 1632 448 ) (-1216 1632 320 ) 
4 175 177 (-1216 1600 448 ) (-1216 1600 192 ) (-1024 1600 192 ) (-1024 1600 448 ) 
4 175 176 (-1024 1600 64 ) (-1216 1600 64 ) (-1216 1632 64 ) (-1024 1632 64 ) 
4 177 188 (-1216 1536 192 ) (-1216 1536 320 ) (-1216 1600 320 ) (-1216 1600 192 ) 
4 177 181 (-1216 1536 320 ) (-1216 1536 448 ) (-1216 1600 448 ) (-1216 1600 320 ) 
4 177 178 (-1216 1536 448 ) (-1216 1536 192 ) (-1024 1536 192 ) (-1024 1536 448 ) 
4 178 188 (-1216 1504 64 ) (-1216 1504 320 ) (-1216 1536 320 ) (-1216 1536 64 ) 
4 178 181 (-1216 1504 320 ) (-1216 1504 448 ) (-1216 1536 448 ) (-1216 1536 320 ) 
4 178 180 (-1216 1504 448 ) (-1216 1504 64 ) (-1024 1504 64 ) (-1024 1504 448 ) 
4 178 179 (-1024 1504 64 ) (-1216 1504 64 ) (-1216 1536 64 ) (-1024 1536 64 ) 
4 180 223 (-1120 1248 128 ) (-1120 1248 64 ) (-1056 1248 64 ) (-1056 1248 128 ) 
4 180 188 (-1216 1248 64 ) (-1216 1248 320 ) (-1216 1504 320 ) (-1216 1504 64 ) 
4 180 181 (-1216 1248 320 ) (-1216 1248 448 ) (-1216 1504 448 ) (-1216 1504 320 ) 
4 181 191 (-1632 1888 320 ) (-1504 1888 320 ) (-1504 1776 320 ) (-1632 1776 320 ) 
4 181 194 (-1504 1776 320 ) (-1504 1248 320 ) (-1632 1248 320 ) (-1632 1776 320 ) 
4 181 190 (-1504 1888 320 ) (-1472 1888 320 ) (-1472 1248 320 ) (-1504 1248 320 ) 
4 181 189 (-1472 1888 320 ) (-1360 1888 320 ) (-1360 1248 320 ) (-1472 1248 320 ) 
4 181 188 (-1360 1888 320 ) (-1216 1888 320 ) (-1216 1248 320 ) (-1360 1248 320 ) 
4 181 182 (-1632 1888 320 ) (-1632 1504 320 ) (-1632 1504 448 ) (-1632 1888 448 ) 
4 182 191 (-1640 1888 320 ) (-1632 1888 320 ) (-1632 1776 320 ) (-1640 1776 320 ) 
4 182 194 (-1632 1776 320 ) (-1632 1504 320 ) (-1640 1504 320 ) (-1640 1776 320 ) 
4 182 183 (-1640 1888 320 ) (-1640 1504 320 ) (-1640 1504 448 ) (-1640 1888 448 ) 
4 183 191 (-1752 1888 320 ) (-1640 1888 320 ) (-1640 1776 320 ) (-1752 1776 320 ) 
4 183 194 (-1640 1776 320 ) (-1640 1504 320 ) (-1752 1504 320 ) (-1752 1776 320 ) 
4 183 186 (-1752 1632 320 ) (-1752 1504 320 ) (-1752 1504 332 ) (-1752 1632 332 ) 
4 183 185 (-1752 1888 320 ) (-1752 1760 320 ) (-1752 1760 448 ) (-1752 1888 448 ) 
4 183 184 (-1752 1504 448 ) (-1752 1504 328 ) (-1640 1504 328 ) (-1640 1504 448 ) 
4 185 191 (-1760 1888 320 ) (-1752 1888 320 ) (-1752 1776 320 ) (-1760 1776 320 ) 
4 185 194 (-1752 1776 320 ) (-1752 1760 320 ) (-1760 1760 320 ) (-1760 1776 320 ) 
4 186 194 (-1752 1632 320 ) (-1752 1504 320 ) (-1760 1504 320 ) (-1760 1632 320 ) 
4 186 187 (-1760 1632 320 ) (-1760 1504 320 ) (-1760 1504 332 ) (-1760 1632 332 ) 
4 187 287 (-2048 1248 320 ) (-2048 1248 448 ) (-2048 1760 448 ) (-2048 1760 320 ) 
4 187 196 (-1888 1248 320 ) (-2048 1248 320 ) (-2048 1760 320 ) (-1888 1760 320 ) 
4 187 194 (-1760 1760 320 ) (-1760 1248 320 ) (-1888 1248 320 ) (-1888 1760 320 ) 
4 188 189 (-1360 1248 64 ) (-1360 1248 320 ) (-1360 1888 320 ) (-1360 1888 64 ) 
4 189 190 (-1472 1248 0 ) (-1472 1248 320 ) (-1472 1888 320 ) (-1472 1888 0 ) 
4 190 191 (-1504 1776 320 ) (-1504 1888 320 ) (-1504 1888 0 ) (-1504 1776 0 ) 
4 190 194 (-1504 1248 0 ) (-1504 1248 320 ) (-1504 1776 320 ) (-1504 1776 0 ) 
4 191 197 (-1760 1888 -184 ) (-1504 1888 -184 ) (-1504 1776 -184 ) (-1760 1776 -184 ) 
4 191 192 (-1760 1776 200 ) (-1760 1776 320 ) (-1760 1888 320 ) (-1760 1888 200 ) 
4 191 193 (-1760 1888 -184 ) (-1760 1776 -184 ) (-1760 1776 192 ) (-1760 1888 192 ) 
4 191 194 (-1760 1776 -184 ) (-1504 1776 -184 ) (-1504 1776 320 ) (-1760 1776 320 ) 
4 192 194 (-1888 1776 320 ) (-1888 1776 200 ) (-1760 1776 200 ) (-1760 1776 320 ) 
4 193 197 (-1888 1888 -184 ) (-1760 1888 -184 ) (-1760 1776 -184 ) (-1888 1776 -184 ) 
4 193 195 (-1888 1888 -184 ) (-1888 1776 -184 ) (-1888 1776 192 ) (-1888 1888 192 ) 
4 193 194 (-1888 1776 192 ) (-1888 1776 -184 ) (-1760 1776 -184 ) (-1760 1776 192 ) 
4 194 224 (-1888 1248 -184 ) (-1728 1248 -184 ) (-1728 1248 -64 ) (-1888 1248 -64 ) 
4 194 197 (-1504 1776 -184 ) (-1504 1504 -184 ) (-1888 1504 -184 ) (-1888 1776 -184 ) 
4 194 199 (-1504 1504 -184 ) (-1504 1248 -184 ) (-1888 1248 -184 ) (-1888 1504 -184 ) 
4 194 195 (-1888 1776 -184 ) (-1888 1760 -184 ) (-1888 1760 192 ) (-1888 1776 192 ) 
4 194 196 (-1888 1760 -184 ) (-1888 1248 -184 ) (-1888 1248 320 ) (-1888 1760 320 ) 
4 195 309 (-2048 1888 64 ) (-2048 1888 -184 ) (-2048 1760 -184 ) (-2048 1760 64 ) 
4 195 307 (-2048 1888 192 ) (-2048 1888 64 ) (-2048 1760 64 ) (-2048 1760 192 ) 
4 195 200 (-2048 1888 -184 ) (-1920 1888 -184 ) (-1920 1760 -184 ) (-2048 1760 -184 ) 
4 195 198 (-1920 1888 -184 ) (-1888 1888 -184 ) (-1888 1760 -184 ) (-1920 1760 -184 ) 
4 195 196 (-2048 1760 -184 ) (-1888 1760 -184 ) (-1888 1760 192 ) (-2048 1760 192 ) 
4 196 310 (-2048 1504 64 ) (-2048 1632 64 ) (-2048 1632 -184 ) (-2048 1504 -184 ) 
4 196 309 (-2048 1632 64 ) (-2048 1760 64 ) (-2048 1760 -184 ) (-2048 1632 -184 ) 
4 196 311 (-2048 1248 -184 ) (-2048 1248 64 ) (-2048 1504 64 ) (-2048 1504 -184 ) 
4 196 307 (-2048 1248 64 ) (-2048 1248 192 ) (-2048 1760 192 ) (-2048 1760 64 ) 
4 196 297 (-2048 1248 192 ) (-2048 1248 320 ) (-2048 1760 320 ) (-2048 1760 192 ) 
4 196 224 (-1920 1248 -184 ) (-1888 1248 -184 ) (-1888 1248 -64 ) (-1920 1248 -64 ) 
4 196 222 (-2048 1248 320 ) (-2048 1248 192 ) (-1888 1248 192 ) (-1888 1248 320 ) 
4 196 201 (-2048 1536 -184 ) (-2048 1600 -184 ) (-1920 1600 -184 ) (-1920 1536 -184 ) 
4 196 200 (-2048 1632 -184 ) (-2048 1760 -184 ) (-1920 1760 -184 ) (-1920 1632 -184 ) 
4 196 202 (-1920 1248 -184 ) (-2048 1248 -184 ) (-2048 1504 -184 ) (-1920 1504 -184 ) 
4 196 198 (-1888 1760 -184 ) (-1888 1632 -184 ) (-1920 1632 -184 ) (-1920 1760 -184 ) 
4 196 199 (-1888 1504 -184 ) (-1888 1248 -184 ) (-1920 1248 -184 ) (-1920 1504 -184 ) 
4 197 203 (-1504 1696 -192 ) (-1504 1504 -192 ) (-1888 1504 -192 ) (-1888 1696 -192 ) 
4 197 198 (-1888 1888 -192 ) (-1888 1632 -192 ) (-1888 1632 -184 ) (-1888 1888 -184 ) 
4 197 199 (-1888 1504 -192 ) (-1504 1504 -192 ) (-1504 1504 -184 ) (-1888 1504 -184 ) 
4 198 200 (-1920 1888 -192 ) (-1920 1632 -192 ) (-1920 1632 -184 ) (-1920 1888 -184 ) 
4 199 224 (-1920 1248 -192 ) (-1728 1248 -192 ) (-1728 1248 -184 ) (-1920 1248 -184 ) 
4 199 203 (-1888 1504 -192 ) (-1504 1504 -192 ) (-1504 1440 -192 ) (-1888 1440 -192 ) 
4 199 202 (-1920 1504 -192 ) (-1920 1248 -192 ) (-1920 1248 -184 ) (-1920 1504 -184 ) 
4 200 309 (-2048 1632 -184 ) (-2048 1888 -184 ) (-2048 1888 -192 ) (-2048 1632 -192 ) 
4 201 206 (-2048 1536 -192 ) (-2048 1600 -192 ) (-1920 1600 -192 ) (-1920 1536 -192 ) 
4 202 311 (-2048 1248 -192 ) (-2048 1248 -184 ) (-2048 1504 -184 ) (-2048 1504 -192 ) 
4 203 205 (-1888 1440 -200 ) (-1888 1696 -200 ) (-1536 1696 -200 ) (-1536 1440 -200 ) 
4 204 205 (-1536 1440 -224 ) (-1536 1440 -206 ) (-1536 1696 -206 ) (-1536 1696 -224 ) 
4 205 215 (-1856 1536 -224 ) (-1856 1440 -224 ) (-1888 1440 -224 ) (-1888 1536 -224 ) 
4 205 212 (-1856 1600 -224 ) (-1856 1536 -224 ) (-1888 1536 -224 ) (-1888 1600 -224 ) 
4 205 209 (-1888 1696 -224 ) (-1856 1696 -224 ) (-1856 1600 -224 ) (-1888 1600 -224 ) 
4 205 208 (-1856 1696 -224 ) (-1792 1696 -224 ) (-1792 1440 -224 ) (-1856 1440 -224 ) 
4 205 207 (-1792 1696 -224 ) (-1536 1696 -224 ) (-1536 1440 -224 ) (-1792 1440 -224 ) 
4 207 208 (-1792 1440 -224 ) (-1792 1696 -224 ) (-1792 1696 -256 ) (-1792 1440 -256 ) 
4 208 215 (-1856 1440 -224 ) (-1856 1536 -224 ) (-1856 1536 -320 ) (-1856 1440 -320 ) 
4 208 212 (-1856 1536 -224 ) (-1856 1600 -224 ) (-1856 1600 -320 ) (-1856 1536 -320 ) 
4 208 209 (-1856 1600 -224 ) (-1856 1696 -224 ) (-1856 1696 -320 ) (-1856 1600 -320 ) 
4 209 212 (-1912 1600 -320 ) (-1856 1600 -320 ) (-1856 1600 -224 ) (-1912 1600 -224 ) 
4 209 211 (-1912 1608 -320 ) (-1912 1600 -320 ) (-1912 1600 -288 ) (-1912 1608 -288 ) 
4 209 210 (-1912 1696 -224 ) (-1912 1696 -320 ) (-1912 1608 -320 ) (-1912 1608 -224 ) 
4 210 211 (-1984 1608 -320 ) (-1912 1608 -320 ) (-1912 1608 -288 ) (-1984 1608 -288 ) 
4 211 214 (-1984 1600 -320 ) (-1920 1600 -320 ) (-1920 1600 -288 ) (-1984 1600 -288 ) 
4 211 212 (-1920 1600 -320 ) (-1912 1600 -320 ) (-1912 1600 -288 ) (-1920 1600 -288 ) 
4 212 216 (-1920 1536 -320 ) (-1912 1536 -320 ) (-1912 1536 -288 ) (-1920 1536 -288 ) 
4 212 215 (-1912 1536 -320 ) (-1856 1536 -320 ) (-1856 1536 -224 ) (-1912 1536 -224 ) 
4 212 214 (-1920 1600 -288 ) (-1920 1600 -320 ) (-1920 1536 -320 ) (-1920 1536 -288 ) 
4 212 213 (-1920 1600 -240 ) (-1920 1600 -280 ) (-1920 1536 -280 ) (-1920 1536 -240 ) 
4 214 216 (-1984 1536 -320 ) (-1920 1536 -320 ) (-1920 1536 -288 ) (-1984 1536 -288 ) 
4 215 217 (-1912 1528 -320 ) (-1912 1440 -320 ) (-1912 1440 -224 ) (-1912 1528 -224 ) 
4 215 216 (-1912 1536 -288 ) (-1912 1536 -320 ) (-1912 1528 -320 ) (-1912 1528 -288 ) 
4 216 217 (-1984 1528 -320 ) (-1912 1528 -320 ) (-1912 1528 -288 ) (-1984 1528 -288 ) 
4 218 230 (-1984 1216 576 ) (-1888 1216 576 ) (-1888 1216 736 ) (-1984 1216 736 ) 
4 218 228 (-1888 1216 576 ) (-1824 1216 576 ) (-1824 1216 736 ) (-1888 1216 736 ) 
4 218 227 (-1824 1216 576 ) (-1664 1216 576 ) (-1664 1216 736 ) (-1824 1216 736 ) 
4 218 221 (-1824 1216 576 ) (-1984 1216 576 ) (-1984 1248 576 ) (-1824 1248 576 ) 
4 218 220 (-1664 1216 576 ) (-1824 1216 576 ) (-1824 1248 576 ) (-1664 1248 576 ) 
4 219 226 (-1568 1216 448 ) (-1376 1216 448 ) (-1376 1216 576 ) (-1568 1216 576 ) 
4 220 227 (-1664 1216 480 ) (-1664 1216 576 ) (-1824 1216 576 ) (-1824 1216 480 ) 
4 220 221 (-1824 1216 480 ) (-1824 1216 576 ) (-1824 1248 576 ) (-1824 1248 480 ) 
4 221 230 (-1888 1216 576 ) (-1984 1216 576 ) (-1984 1216 480 ) (-1888 1216 480 ) 
4 221 228 (-1824 1216 480 ) (-1824 1216 576 ) (-1888 1216 576 ) (-1888 1216 480 ) 
4 222 297 (-2048 1216 192 ) (-2048 1216 320 ) (-2048 1248 320 ) (-2048 1248 192 ) 
4 222 233 (-2048 1216 320 ) (-2048 1216 192 ) (-1968 1216 192 ) (-1968 1216 320 ) 
4 222 232 (-1968 1216 192 ) (-1888 1216 192 ) (-1888 1216 320 ) (-1968 1216 320 ) 
25 224 225 (-1864.989014 1218 -192 ) (-1782.989990 1218 -192 ) (-1772.958740 1218 -180.945663 ) (-1767.007324 1218 -170.055481 ) (-1763.991821 1218 -158.998734 ) (-1762.989136 1218 -147.010834 ) (-1763.990112 1218 -135 ) (-1766.989990 1218 -124 ) (-1773.039917 1218 -112.945160 ) (-1782.865601 1218 -102.115234 ) (-1790.014282 1218 -95.987770 ) (-1800 1218 -90.996368 ) (-1812.035400 1218 -86.996483 ) (-1823.982300 1218 -86 ) (-1836.010742 1218 -87.001526 ) (-1847.998047 1218 -91 ) (-1857.991821 1218 -96.001617 ) (-1864.943970 1218 -101.960594 ) (-1874.991699 1218 -113.003021 ) (-1880.986328 1218 -123.986977 ) (-1883.991211 1218 -135.014618 ) (-1884.989014 1218 -146.988159 ) (-1883.989868 1218 -158.998138 ) (-1880.991089 1218 -169.993820 ) (-1874.977661 1218 -181.018478 ) 
25 225 229 (-1773.002075 1216 -113.008873 ) (-1782.955444 1216 -102.038307 ) (-1790.011353 1216 -95.990356 ) (-1799.993652 1216 -91 ) (-1812.043457 1216 -86.995789 ) (-1823.975830 1216 -86 ) (-1835.957031 1216 -86.998093 ) (-1848.077148 1216 -91.041565 ) (-1857.995239 1216 -96.004623 ) (-1864.990479 1216 -102 ) (-1874.976563 1216 -112.975258 ) (-1880.986450 1216 -123.986954 ) (-1883.991211 1216 -135.014587 ) (-1884.989868 1216 -146.998795 ) (-1883.990112 1216 -159.017593 ) (-1881.001953 1216 -169.973999 ) (-1874.975098 1216 -181.023361 ) (-1864.990845 1216 -192 ) (-1782.960083 1216 -192 ) (-1773.034058 1216 -181.061493 ) (-1766.995117 1216 -170.011246 ) (-1763.991943 1216 -159 ) (-1762.989258 1216 -147.011307 ) (-1763.990112 1216 -135 ) (-1766.992920 1216 -123.989258 ) 
4 226 236 (-1568 1088 576 ) (-1568 1088 448 ) (-1376 1088 448 ) (-1376 1088 576 ) 
4 227 228 (-1824 1216 736 ) (-1824 1216 480 ) (-1824 1088 480 ) (-1824 1088 736 ) 
4 228 235 (-1888 1104 480 ) (-1888 1088 480 ) (-1888 1088 736 ) (-1888 1104 736 ) 
4 228 230 (-1888 1216 736 ) (-1888 1216 480 ) (-1888 1104 480 ) (-1888 1104 736 ) 
4 229 240 (-1760 1088 -192 ) (-1760 1088 -64 ) (-1888 1088 -64 ) (-1888 1088 -192 ) 
4 230 235 (-1888 1104 480 ) (-1888 1104 736 ) (-1984 1104 736 ) (-1984 1104 480 ) 
4 231 232 (-1888 1104 376 ) (-1952 1104 376 ) (-1952 1216 376 ) (-1888 1216 376 ) 
4 232 234 (-1968 1104 192 ) (-1968 1104 376 ) (-1968 1120 376 ) (-1968 1120 192 ) 
4 232 233 (-1968 1120 376 ) (-1968 1216 376 ) (-1968 1216 192 ) (-1968 1120 192 ) 
4 233 297 (-2048 1216 320 ) (-2048 1216 192 ) (-2048 1120 192 ) (-2048 1120 320 ) 
4 233 288 (-2048 1120 424 ) (-2048 1216 424 ) (-2048 1216 320 ) (-2048 1120 320 ) 
4 233 234 (-2048 1120 192 ) (-1968 1120 192 ) (-1968 1120 376 ) (-2048 1120 376 ) 
4 234 297 (-2048 1104 192 ) (-2048 1104 320 ) (-2048 1120 320 ) (-2048 1120 192 ) 
4 234 289 (-2048 1104 320 ) (-2048 1104 376 ) (-2048 1120 376 ) (-2048 1120 320 ) 
4 237 268 (-1952 1024 72 ) (-1952 1024 64 ) (-1824 1024 64 ) (-1824 1024 72 ) 
4 237 240 (-1824 1024 64 ) (-1952 1024 64 ) (-1952 1088 64 ) (-1824 1088 64 ) 
4 238 264 (-1690 1024 0 ) (-1696 1024 0 ) (-1696 1024 -64 ) (-1690 1024 -64 ) 
4 238 240 (-1696 1024 -64 ) (-1696 1024 0 ) (-1696 1088 0 ) (-1696 1088 -64 ) 
3 238 239 (-1690 1024 -64 ) (-1696 1024 -64 ) (-1696 1088 -64 ) 
4 239 265 (-1688 1024 -64 ) (-1696 1024 -64 ) (-1696 1024 -128 ) (-1688 1024 -128 ) 
4 239 240 (-1696 1024 -128 ) (-1696 1024 -64 ) (-1696 1088 -64 ) (-1696 1088 -128 ) 
4 240 268 (-1824 1024 64 ) (-1952 1024 64 ) (-1952 1024 -192 ) (-1824 1024 -192 ) 
4 240 266 (-1696 1024 64 ) (-1824 1024 64 ) (-1824 1024 -192 ) (-1696 1024 -192 ) 
4 240 242 (-1824 1088 -192 ) (-1696 1088 -192 ) (-1696 1024 -192 ) (-1824 1024 -192 ) 
4 240 241 (-1952 1088 -192 ) (-1952 1024 -192 ) (-1952 1024 64 ) (-1952 1088 64 ) 
4 242 266 (-1696 1024 -192 ) (-1824 1024 -192 ) (-1824 1024 -256 ) (-1696 1024 -256 ) 
4 243 248 (-502.171112 896 576 ) (-525.351929 896 576 ) (-525.351929 896 448 ) (-502.171112 896 448 ) 
4 243 247 (-525.351929 896 576 ) (-608 896 576 ) (-608 896 448 ) (-525.351929 896 448 ) 
4 243 246 (-480 896 448 ) (-480 896 576 ) (-502.171112 896 576 ) (-502.171112 896 448 ) 
4 243 249 (-608 896 320 ) (-480 896 320 ) (-480 896 448 ) (-608 896 448 ) 
4 244 253 (-688 720 1216 ) (-800 720 1216 ) (-800 720 576 ) (-688 720 576 ) 
4 244 252 (-672 720 1216 ) (-688 720 1216 ) (-688 720 576 ) (-672 720 576 ) 
4 244 251 (-400 720 1216 ) (-672 720 1216 ) (-672 720 576 ) (-400 720 576 ) 
4 244 250 (-288 720 1216 ) (-400 720 1216 ) (-400 720 576 ) (-288 720 576 ) 
4 244 248 (-525.351929 896 576 ) (-502.171082 896 576 ) (-386.774811 780.603760 576 ) (-396.853760 767.501709 576 ) 
5 244 247 (-800 720 576 ) (-800 896 576 ) (-525.351929 896 576 ) (-352.509766 723.157715 576 ) (-356.616272 720 576 ) 
4 244 246 (-502.171082 896 576 ) (-288 896 576 ) (-288 772.763306 576 ) (-339.405457 733.234436 576 ) 
3 244 245 (-288 772.763306 576 ) (-288 720 576 ) (-356.616272 720 576 ) 
4 245 250 (-356.612396 720 448 ) (-288 720 448 ) (-288 720 576 ) (-356.616272 720 576 ) 
4 245 247 (-352.509003 723.156921 448 ) (-356.614471 720 448 ) (-356.615997 720 576 ) (-352.509644 723.157593 576 ) 
4 245 246 (-288 772.761719 448 ) (-339.404663 733.233643 448 ) (-339.405334 733.234314 576 ) (-288 772.763062 576 ) 
3 245 249 (-288 772.760315 448 ) (-288 720 448 ) (-356.612396 720 448 ) 
4 246 248 (-502.171875 896 448 ) (-386.771729 780.599854 448 ) (-386.775177 780.603333 576 ) (-502.171936 896 576 ) 
4 246 249 (-502.171082 896 448 ) (-288 896 448 ) (-288 772.760315 448 ) (-339.403778 733.232788 448 ) 
4 247 253 (-800 720 576 ) (-800 720 448 ) (-688 720 448 ) (-688 720 576 ) 
4 247 252 (-688 720 448 ) (-672 720 448 ) (-672 720 576 ) (-688 720 576 ) 
4 247 251 (-672 720 448 ) (-400 720 448 ) (-400 720 576 ) (-672 720 576 ) 
4 247 250 (-400 720 448 ) (-356.612396 720 448 ) (-356.616272 720 576 ) (-400 720 576 ) 
4 247 248 (-396.849213 767.499634 448 ) (-525.349487 896 448 ) (-525.350342 896 576 ) (-396.852783 767.502991 576 ) 
5 247 249 (-800 720 448 ) (-800 896 448 ) (-525.351929 896 448 ) (-352.508087 723.156067 448 ) (-356.612396 720 448 ) 
4 248 249 (-525.351929 896 448 ) (-502.171082 896 448 ) (-386.771362 780.600342 448 ) (-396.850250 767.498230 448 ) 
4 249 253 (-800 720 448 ) (-800 720 -448 ) (-688 720 -448 ) (-688 720 448 ) 
4 249 252 (-672 720 144 ) (-672 720 448 ) (-688 720 448 ) (-688 720 144 ) 
4 249 251 (-400 720 144 ) (-400 720 448 ) (-672 720 448 ) (-672 720 144 ) 
4 249 250 (-400 720 -448 ) (-288 720 -448 ) (-288 720 448 ) (-400 720 448 ) 
4 250 254 (-288 704 -448 ) (-288 704 1216 ) (-400 704 1216 ) (-400 704 -448 ) 
4 250 251 (-400 720 1216 ) (-400 720 144 ) (-400 704 144 ) (-400 704 1216 ) 
4 251 256 (-416 704 1216 ) (-672 704 1216 ) (-672 704 144 ) (-416 704 144 ) 
4 251 255 (-400 704 144 ) (-400 704 1216 ) (-416 704 1216 ) (-416 704 144 ) 
4 251 252 (-672 720 1216 ) (-672 720 144 ) (-672 704 144 ) (-672 704 1216 ) 
4 252 257 (-672 704 144 ) (-672 704 1216 ) (-688 704 1216 ) (-688 704 144 ) 
4 252 253 (-688 720 1216 ) (-688 720 144 ) (-688 704 144 ) (-688 704 1216 ) 
4 253 258 (-688 704 -448 ) (-688 704 1216 ) (-800 704 1216 ) (-800 704 -448 ) 
4 254 259 (-288 448 -448 ) (-288 448 1216 ) (-400 448 1216 ) (-400 448 -448 ) 
4 254 255 (-400 704 1216 ) (-400 704 144 ) (-400 448 144 ) (-400 448 1216 ) 
4 255 260 (-400 448 144 ) (-400 448 1216 ) (-416 448 1216 ) (-416 448 144 ) 
4 255 256 (-416 704 1216 ) (-416 704 144 ) (-416 448 144 ) (-416 448 1216 ) 
4 256 260 (-416 448 144 ) (-416 448 1216 ) (-672 448 1216 ) (-672 448 144 ) 
4 256 257 (-672 704 1216 ) (-672 704 144 ) (-672 448 144 ) (-672 448 1216 ) 
4 257 261 (-672 448 144 ) (-672 448 1216 ) (-688 448 1216 ) (-688 448 144 ) 
4 257 258 (-688 704 1216 ) (-688 704 144 ) (-688 448 144 ) (-688 448 1216 ) 
4 258 262 (-688 448 -448 ) (-688 448 1216 ) (-800 448 1216 ) (-800 448 -448 ) 
4 259 263 (-288 432 -448 ) (-288 432 1216 ) (-400 432 1216 ) (-400 432 -448 ) 
4 259 260 (-400 448 1216 ) (-400 448 144 ) (-400 432 144 ) (-400 432 1216 ) 
4 260 263 (-400 432 144 ) (-400 432 1216 ) (-672 432 1216 ) (-672 432 144 ) 
4 260 261 (-672 448 1216 ) (-672 448 144 ) (-672 432 144 ) (-672 432 1216 ) 
4 261 263 (-672 432 144 ) (-672 432 1216 ) (-688 432 1216 ) (-688 432 144 ) 
4 261 262 (-688 448 1216 ) (-688 448 144 ) (-688 432 144 ) (-688 432 1216 ) 
4 262 263 (-688 432 -448 ) (-688 432 1216 ) (-800 432 1216 ) (-800 432 -448 ) 
4 264 266 (-1696 960 0 ) (-1696 1024 0 ) (-1696 1024 -64 ) (-1696 960 -64 ) 
3 264 265 (-1696 960 -64 ) (-1696 1024 -64 ) (-1686 1024 -64 ) 
4 265 266 (-1696 960 -64 ) (-1696 1024 -64 ) (-1696 1024 -128 ) (-1696 960 -128 ) 
4 266 268 (-1824 1024 64 ) (-1824 1024 -192 ) (-1824 960 -192 ) (-1824 960 64 ) 
4 266 267 (-1696 960 -192 ) (-1696 960 64 ) (-1824 960 64 ) (-1824 960 -192 ) 
4 267 276 (-1728 832 -64 ) (-1824 832 -64 ) (-1824 832 -192 ) (-1728 832 -192 ) 
4 267 269 (-1824 832 -192 ) (-1824 832 64 ) (-1824 960 64 ) (-1824 960 -192 ) 
4 268 271 (-1952 1023 -159 ) (-1952 960 -159 ) (-1952 960 31 ) (-1952 1023 31 ) 
4 268 269 (-1888 960 -192 ) (-1824 960 -192 ) (-1824 960 64 ) (-1888 960 64 ) 
4 268 270 (-1952 960 72 ) (-1952 960 -192 ) (-1888 960 -192 ) (-1888 960 72 ) 
4 269 276 (-1824 832 -192 ) (-1824 832 -64 ) (-1888 832 -64 ) (-1888 832 -192 ) 
4 269 270 (-1888 960 -192 ) (-1888 832 -192 ) (-1888 832 64 ) (-1888 960 64 ) 
4 270 276 (-1920 832 -192 ) (-1888 832 -192 ) (-1888 832 -64 ) (-1920 832 -64 ) 
4 270 271 (-1952 929 31 ) (-1952 960 31 ) (-1952 960 -159 ) (-1952 929 -159 ) 
4 272 278 (-1760 640 -64 ) (-1728 640 -64 ) (-1728 576 -64 ) (-1760 576 -64 ) 
4 272 273 (-1760 640 -32 ) (-1760 640 -64 ) (-1760 576 -64 ) (-1760 576 -32 ) 
4 273 278 (-1888 640 -64 ) (-1760 640 -64 ) (-1760 576 -64 ) (-1888 576 -64 ) 
4 273 274 (-1888 640 -32 ) (-1888 640 -64 ) (-1888 576 -64 ) (-1888 576 -32 ) 
4 274 278 (-1920 640 -64 ) (-1888 640 -64 ) (-1888 576 -64 ) (-1920 576 -64 ) 
4 275 330 (-2048 0 576 ) (-2048 0 -64 ) (-1312 0 -64 ) (-1312 0 576 ) 
4 275 329 (-2048 0 -64 ) (-2048 0 576 ) (-2048 384 576 ) (-2048 384 -64 ) 
4 275 280 (-1312 0 -64 ) (-2048 0 -64 ) (-2048 384 -64 ) (-1312 384 -64 ) 
4 276 277 (-1888 704 -192 ) (-1760 704 -192 ) (-1760 704 -64 ) (-1888 704 -64 ) 
4 277 278 (-1888 640 -192 ) (-1760 640 -192 ) (-1760 640 -64 ) (-1888 640 -64 ) 
4 278 279 (-1760 576 -64 ) (-1888 576 -64 ) (-1888 576 -192 ) (-1760 576 -192 ) 
4 279 280 (-1888 384 -320 ) (-1760 384 -320 ) (-1760 384 -64 ) (-1888 384 -64 ) 
4 280 330 (-1312 0 -64 ) (-2048 0 -64 ) (-2048 0 -320 ) (-1312 0 -320 ) 
4 280 329 (-2048 0 -320 ) (-2048 0 -64 ) (-2048 384 -64 ) (-2048 384 -320 ) 
4 280 281 (-1312 0 -320 ) (-2048 0 -320 ) (-2048 384 -320 ) (-1312 384 -320 ) 
4 281 330 (-1312 0 -320 ) (-2048 0 -320 ) (-2048 0 -1088 ) (-1312 0 -1088 ) 
4 281 329 (-2048 0 -1088 ) (-2048 0 -320 ) (-2048 384 -320 ) (-2048 384 -1088 ) 
4 282 283 (-2048 1696 480 ) (-2048 1440 480 ) (-2080 1440 480 ) (-2080 1696 480 ) 
4 283 284 (-2048 1440 472 ) (-2080 1440 472 ) (-2080 1696 472 ) (-2048 1696 472 ) 
4 284 285 (-2048 1440 452 ) (-2080 1440 452 ) (-2080 1696 452 ) (-2048 1696 452 ) 
4 285 287 (-2048 1696 448 ) (-2048 1440 448 ) (-2080 1440 448 ) (-2080 1696 448 ) 
4 286 287 (-2144 1376 448 ) (-2048 1376 448 ) (-2048 1248 448 ) (-2144 1248 448 ) 
4 287 297 (-2048 1760 320 ) (-2048 1248 320 ) (-2144 1248 320 ) (-2144 1760 320 ) 
4 287 295 (-2144 1632 320 ) (-2144 1376 320 ) (-2144 1376 448 ) (-2144 1632 448 ) 
4 287 294 (-2144 1760 320 ) (-2144 1632 320 ) (-2144 1632 384 ) (-2144 1760 384 ) 
4 287 293 (-2144 1632 384 ) (-2144 1632 448 ) (-2144 1760 448 ) (-2144 1760 384 ) 
4 288 297 (-2048 1216 320 ) (-2048 1120 320 ) (-2064 1120 320 ) (-2064 1216 320 ) 
4 288 291 (-2064 1216 376 ) (-2064 1216 320 ) (-2064 1120 320 ) (-2064 1120 376 ) 
4 288 289 (-2064 1120 376 ) (-2064 1120 320 ) (-2048 1120 320 ) (-2048 1120 376 ) 
4 289 297 (-2048 1120 320 ) (-2048 1104 320 ) (-2064 1104 320 ) (-2064 1120 320 ) 
4 289 291 (-2064 1120 320 ) (-2064 1104 320 ) (-2064 1104 376 ) (-2064 1120 376 ) 
4 290 291 (-2144 1216 376 ) (-2079.998047 1216 376 ) (-2079.998047 1104 376 ) (-2144 1104 376 ) 
4 291 297 (-2064 1104 320 ) (-2144 1104 320 ) (-2144 1216 320 ) (-2064 1216 320 ) 
4 292 301 (-2240 1768 320 ) (-2240 1760 320 ) (-2272 1760 320 ) (-2272 1768 320 ) 
4 292 294 (-2272 1760 320 ) (-2240 1760 320 ) (-2240 1760 384 ) (-2272 1760 384 ) 
4 292 293 (-2240 1760 384 ) (-2240 1760 448 ) (-2272 1760 448 ) (-2272 1760 384 ) 
4 293 295 (-2144 1632 384 ) (-2144 1632 448 ) (-2272 1632 448 ) (-2272 1632 384 ) 
4 293 294 (-2144 1632 384 ) (-2272 1632 384 ) (-2272 1760 384 ) (-2144 1760 384 ) 
4 294 305 (-2288 1760 320 ) (-2272 1760 320 ) (-2272 1632 320 ) (-2288 1632 320 ) 
4 294 304 (-2272 1760 320 ) (-2176 1760 320 ) (-2176 1632 320 ) (-2272 1632 320 ) 
4 294 299 (-2176 1760 320 ) (-2144 1760 320 ) (-2144 1632 320 ) (-2176 1632 320 ) 
4 294 295 (-2272 1632 320 ) (-2144 1632 320 ) (-2144 1632 384 ) (-2272 1632 384 ) 
4 295 304 (-2272 1632 320 ) (-2176 1632 320 ) (-2176 1376 320 ) (-2272 1376 320 ) 
4 295 299 (-2176 1632 320 ) (-2144 1632 320 ) (-2144 1376 320 ) (-2176 1376 320 ) 
4 296 307 (-2144 1920 192 ) (-2144 2048 192 ) (-2048 2048 192 ) (-2048 1920 192 ) 
4 296 298 (-2144 2048 192 ) (-2144 1920 192 ) (-2144 1920 256 ) (-2144 2048 256 ) 
4 297 307 (-2144 1248 192 ) (-2144 1760 192 ) (-2048 1760 192 ) (-2048 1248 192 ) 
4 297 299 (-2144 1760 192 ) (-2144 1248 192 ) (-2144 1248 320 ) (-2144 1760 320 ) 
4 298 313 (-2176 1896 192 ) (-2176 2048 192 ) (-2144 2048 192 ) (-2144 1896 192 ) 
4 298 300 (-2176 2048 192 ) (-2176 1896 192 ) (-2176 1896 256 ) (-2176 2048 256 ) 
4 299 316 (-2176 1376 192 ) (-2176 1760 192 ) (-2144 1760 192 ) (-2144 1376 192 ) 
4 299 304 (-2176 1760 192 ) (-2176 1356 192 ) (-2176 1356 320 ) (-2176 1760 320 ) 
4 300 313 (-2240 2048 192 ) (-2176 2048 192 ) (-2176 1896 192 ) (-2240 1896 192 ) 
4 300 302 (-2240 2048 192 ) (-2240 1896 192 ) (-2240 1896 256 ) (-2240 2048 256 ) 
4 301 304 (-2272 1760 320 ) (-2272 1760 256 ) (-2240 1760 256 ) (-2240 1760 320 ) 
4 301 303 (-2240 1768 256 ) (-2240 1760 256 ) (-2272 1760 256 ) (-2272 1768 256 ) 
4 302 314 (-2272 1896 192 ) (-2272 2048 192 ) (-2240 2048 192 ) (-2240 1896 192 ) 
4 302 306 (-2272 2048 192 ) (-2272 1896 192 ) (-2272 1896 256 ) (-2272 2048 256 ) 
4 303 315 (-2272 1760 192 ) (-2272 1768 192 ) (-2240 1768 192 ) (-2240 1760 192 ) 
4 303 304 (-2272 1760 256 ) (-2272 1760 192 ) (-2240 1760 192 ) (-2240 1760 256 ) 
4 304 316 (-2272 1376 192 ) (-2272 1760 192 ) (-2176 1760 192 ) (-2176 1376 192 ) 
4 304 305 (-2272 1632 256 ) (-2272 1632 320 ) (-2272 1760 320 ) (-2272 1760 256 ) 
4 306 323 (-2528 2048 192 ) (-2304 2048 192 ) (-2304 1896 192 ) (-2528 1896 192 ) 
4 306 317 (-2304 2048 192 ) (-2272 2048 192 ) (-2272 1896 192 ) (-2304 1896 192 ) 
4 307 316 (-2144 1376 192 ) (-2144 1760 192 ) (-2144 1760 64 ) (-2144 1376 64 ) 
4 307 313 (-2144 1896 192 ) (-2144 2048 192 ) (-2144 2048 64 ) (-2144 1896 64 ) 
4 307 310 (-2048 1632 64 ) (-2048 1504 64 ) (-2080 1504 64 ) (-2080 1632 64 ) 
4 307 309 (-2080 1888 64 ) (-2048 1888 64 ) (-2048 1632 64 ) (-2080 1632 64 ) 
4 307 311 (-2048 1504 64 ) (-2048 1248 64 ) (-2080 1248 64 ) (-2080 1504 64 ) 
4 307 312 (-2144 1248 64 ) (-2144 1888 64 ) (-2080 1888 64 ) (-2080 1248 64 ) 
4 307 308 (-2144 1896 64 ) (-2144 2048 64 ) (-2048 2048 64 ) (-2048 1896 64 ) 
4 308 326 (-2144 2048 -192 ) (-2048 2048 -192 ) (-2048 1896 -192 ) (-2144 1896 -192 ) 
4 308 313 (-2144 2048 -192 ) (-2144 1896 -192 ) (-2144 1896 64 ) (-2144 2048 64 ) 
4 309 310 (-2080 1632 64 ) (-2080 1632 -184 ) (-2048 1632 -184 ) (-2048 1632 64 ) 
4 309 312 (-2080 1888 64 ) (-2080 1888 -192 ) (-2080 1632 -192 ) (-2080 1632 64 ) 
4 310 312 (-2080 1504 -184 ) (-2080 1504 64 ) (-2080 1632 64 ) (-2080 1632 -184 ) 
4 310 311 (-2080 1504 64 ) (-2080 1504 -184 ) (-2048 1504 -184 ) (-2048 1504 64 ) 
4 311 312 (-2080 1504 -192 ) (-2080 1248 -192 ) (-2080 1248 64 ) (-2080 1504 64 ) 
4 312 316 (-2144 1760 -192 ) (-2144 1376 -192 ) (-2144 1376 64 ) (-2144 1760 64 ) 
4 313 326 (-2240 2048 -192 ) (-2144 2048 -192 ) (-2144 1896 -192 ) (-2240 1896 -192 ) 
4 313 314 (-2240 2048 -192 ) (-2240 1896 -192 ) (-2240 1896 192 ) (-2240 2048 192 ) 
4 314 326 (-2272 2048 -192 ) (-2240 2048 -192 ) (-2240 1896 -192 ) (-2272 1896 -192 ) 
4 314 317 (-2272 2048 -192 ) (-2272 1896 -192 ) (-2272 1896 192 ) (-2272 2048 192 ) 
4 315 316 (-2272 1760 192 ) (-2272 1760 -192 ) (-2240 1760 -192 ) (-2240 1760 192 ) 
4 316 327 (-2240 1376 -192 ) (-2272 1376 -192 ) (-2272 1632 -192 ) (-2240 1632 -192 ) 
4 316 322 (-2272 1376 -64 ) (-2272 1376 64 ) (-2272 1504 64 ) (-2272 1504 -64 ) 
4 316 320 (-2272 1696 -64 ) (-2272 1760 -64 ) (-2272 1760 -128 ) (-2272 1696 -128 ) 
4 316 318 (-2272 1632 0 ) (-2272 1632 64 ) (-2272 1696 64 ) (-2272 1696 0 ) 
4 317 326 (-2304 2048 -192 ) (-2272 2048 -192 ) (-2272 1896 -192 ) (-2304 1896 -192 ) 
4 317 324 (-2304 2048 -192 ) (-2304 1896 -192 ) (-2304 1896 64 ) (-2304 2048 64 ) 
4 317 323 (-2304 1896 64 ) (-2304 1896 192 ) (-2304 2048 192 ) (-2304 2048 64 ) 
4 318 319 (-2274 1696 0 ) (-2274 1632 0 ) (-2274 1632 64 ) (-2274 1696 64 ) 
4 319 325 (-2304 1632 0 ) (-2304 1632 64 ) (-2304 1760 64 ) (-2304 1760 0 ) 
4 320 321 (-2274 1760 -128 ) (-2274 1696 -128 ) (-2274 1696 -64 ) (-2274 1760 -64 ) 
4 321 325 (-2304 1632 -128 ) (-2304 1632 -64 ) (-2304 1760 -64 ) (-2304 1760 -128 ) 
4 323 324 (-2528 1896 64 ) (-2528 2048 64 ) (-2304 2048 64 ) (-2304 1896 64 ) 
4 324 326 (-2528 2048 -192 ) (-2304 2048 -192 ) (-2304 1896 -192 ) (-2528 1896 -192 ) 
4 326 328 (-2528 2048 -224 ) (-2048 2048 -224 ) (-2048 1896 -224 ) (-2528 1896 -224 ) 
4 329 331 (-2048 0 -1088 ) (-2048 0 576 ) (-2080 0 576 ) (-2080 0 -1088 ) 
4 330 331 (-2048 0 576 ) (-2048 0 -1088 ) (-2048 -192 -1088 ) (-2048 -192 576 ) 
