


materialPath: D:\SteamLibrary\steamapps\common\Portal 2\portal2\materials
Loading d:\steamlibrary\steamapps\common\portal 2\portal2_dlc3\maps\sp_a1_intro2.vmf
ConVarRef gpu_level doesn't point to an existing ConVar
Material not found!: CONCRETE/CONCRETE_MODULAR_WALL001E
Patching WVT material: maps/sp_a1_intro2/nature/blendwhitefloor_dirt01_wvt_patch
Patching WVT material: maps/sp_a1_intro2/nature/blendwhitefloor_dirt02_wvt_patch
fixing up env_cubemap materials on brush sides...
0...1...2...3...4...5...6...7...8...9...100...1...2...3...4...5...6...7...8...9...10Processing areas...done (0)
Building Faces...done (0)
Chop Details...done (0)
Find Visible Detail Sides...
Merged 256 detail faces...done (0)
Merging details...done (0)
FixTjuncs...
PruneNodes...
WriteBSP...
done (0)
writing d:\steamlibrary\steamapps\common\portal 2\portal2_dlc3\maps\sp_a1_intro2.prt...Building visibility clusters...
done (0)
Finding displacement neighbors...
Finding lightmap sample positions...
Displacement Alpha : 0...1...2...3...4...5...6...7...8...9...10
Building Physics collision data...
done (0) (398617 bytes)
Encountered obsolete static prop option to do its fade in screen space @ -320.00 688.00 128.00
Encountered obsolete static prop option to do its fade in screen space @ -320.00 720.00 128.00
Encountered obsolete static prop option to do its fade in screen space @ -544.00 -480.00 240.00
Encountered obsolete static prop option to do its fade in screen space @ -512.00 -480.00 240.00
Placing detail props : 0...1...2...3...4...5...6...7...8...9...10
Compacting texture/material tables...
Reduced 1680 texinfos to 779
Reduced 79 texdatas to 68 (2692 bytes to 2151)
Writing d:\steamlibrary\steamapps\common\portal 2\portal2_dlc3\maps\sp_a1_intro2.bsp

nummapplanes:     (  8630 / 65536 )
nummapbrushes:    (  1124 /  8192 )
nummapbrushsides: ( 10423 / 65536 )
num_map_overlays: (    35 /   512 )
nummodels:        (    46 /  1024 )
num_entities:     (   342 / 16384 )

1 second elapsed



materialPath: D:\SteamLibrary\steamapps\common\Portal 2\portal2\materials
Loading d:\steamlibrary\steamapps\common\portal 2\portal2_dlc3\maps\sp_a1_intro2.vmf
ConVarRef gpu_level doesn't point to an existing ConVar
Material not found!: CONCRETE/CONCRETE_MODULAR_WALL001E
Patching WVT material: maps/sp_a1_intro2/nature/blendwhitefloor_dirt01_wvt_patch
Patching WVT material: maps/sp_a1_intro2/nature/blendwhitefloor_dirt02_wvt_patch
fixing up env_cubemap materials on brush sides...
0...1...2...3...4...5...6...7...8...9...100...1...2...3...4...5...6...7...8...9...10Processing areas...done (0)
Building Faces...done (0)
Chop Details...done (0)
Find Visible Detail Sides...
Merged 256 detail faces...done (0)
Merging details...done (0)
FixTjuncs...
PruneNodes...
WriteBSP...
done (0)
writing d:\steamlibrary\steamapps\common\portal 2\portal2_dlc3\maps\sp_a1_intro2.prt...Building visibility clusters...
done (0)
Finding displacement neighbors...
Finding lightmap sample positions...
Displacement Alpha : 0...1...2...3...4...5...6...7...8...9...10
Building Physics collision data...
done (0) (395305 bytes)
Encountered obsolete static prop option to do its fade in screen space @ -320.00 688.00 128.00
Encountered obsolete static prop option to do its fade in screen space @ -320.00 720.00 128.00
Encountered obsolete static prop option to do its fade in screen space @ -544.00 -480.00 240.00
Encountered obsolete static prop option to do its fade in screen space @ -512.00 -480.00 240.00
Placing detail props : 0...1...2...3...4...5...6...7...8...9...10
Compacting texture/material tables...
Reduced 1647 texinfos to 779
Reduced 79 texdatas to 68 (2692 bytes to 2151)
Writing d:\steamlibrary\steamapps\common\portal 2\portal2_dlc3\maps\sp_a1_intro2.bsp

nummapplanes:     (  8538 / 65536 )
nummapbrushes:    (  1120 /  8192 )
nummapbrushsides: ( 10378 / 65536 )
num_map_overlays: (    35 /   512 )
nummodels:        (    43 /  1024 )
num_entities:     (   337 / 16384 )

1 second elapsed



materialPath: D:\SteamLibrary\steamapps\common\Portal 2\portal2\materials
Loading d:\steamlibrary\steamapps\common\portal 2\portal2_dlc3\maps\sp_a1_intro2.vmf
ConVarRef gpu_level doesn't point to an existing ConVar
Material not found!: CONCRETE/CONCRETE_MODULAR_WALL001E
Patching WVT material: maps/sp_a1_intro2/nature/blendwhitefloor_dirt01_wvt_patch
Patching WVT material: maps/sp_a1_intro2/nature/blendwhitefloor_dirt02_wvt_patch
fixing up env_cubemap materials on brush sides...
0...1...2...3...4...5...6...7...8...9...100...1...2...3...4...5...6...7...8...9...10Processing areas...done (0)
Building Faces...done (0)
Chop Details...done (0)
Find Visible Detail Sides...
Merged 256 detail faces...done (0)
Merging details...done (0)
FixTjuncs...
PruneNodes...
WriteBSP...
done (0)
writing d:\steamlibrary\steamapps\common\portal 2\portal2_dlc3\maps\sp_a1_intro2.prt...Building visibility clusters...
done (0)
Finding displacement neighbors...
Finding lightmap sample positions...
Displacement Alpha : 0...1...2...3...4...5...6...7...8...9...10
Building Physics collision data...
done (0) (395861 bytes)
Encountered obsolete static prop option to do its fade in screen space @ -320.00 688.00 128.00
Encountered obsolete static prop option to do its fade in screen space @ -320.00 720.00 128.00
Encountered obsolete static prop option to do its fade in screen space @ -544.00 -480.00 240.00
Encountered obsolete static prop option to do its fade in screen space @ -512.00 -480.00 240.00
Placing detail props : 0...1...2...3...4...5...6...7...8...9...10
Compacting texture/material tables...
Reduced 1650 texinfos to 782
Reduced 79 texdatas to 68 (2692 bytes to 2151)
Writing d:\steamlibrary\steamapps\common\portal 2\portal2_dlc3\maps\sp_a1_intro2.bsp

nummapplanes:     (  8552 / 65536 )
nummapbrushes:    (  1121 /  8192 )
nummapbrushsides: ( 10384 / 65536 )
num_map_overlays: (    35 /   512 )
nummodels:        (    44 /  1024 )
num_entities:     (   338 / 16384 )

1 second elapsed



materialPath: D:\SteamLibrary\steamapps\common\Portal 2\portal2\materials
Loading d:\steamlibrary\steamapps\common\portal 2\portal2_dlc3\maps\sp_a1_intro2.vmf
ConVarRef gpu_level doesn't point to an existing ConVar
Material not found!: CONCRETE/CONCRETE_MODULAR_WALL001E
Patching WVT material: maps/sp_a1_intro2/nature/blendwhitefloor_dirt01_wvt_patch
Patching WVT material: maps/sp_a1_intro2/nature/blendwhitefloor_dirt02_wvt_patch
fixing up env_cubemap materials on brush sides...
0...1...2...3...4...5...6...7...8...9...100...1...2...3...4...5...6...7...8...9...10Processing areas...done (0)
Building Faces...done (0)
Chop Details...done (0)
Find Visible Detail Sides...
Merged 256 detail faces...done (0)
Merging details...done (0)
FixTjuncs...
PruneNodes...
WriteBSP...
done (0)
writing d:\steamlibrary\steamapps\common\portal 2\portal2_dlc3\maps\sp_a1_intro2.prt...Building visibility clusters...
done (0)
Finding displacement neighbors...
Finding lightmap sample positions...
Displacement Alpha : 0...1...2...3...4...5...6...7...8...9...10
Building Physics collision data...
done (0) (395307 bytes)
Encountered obsolete static prop option to do its fade in screen space @ -320.00 688.00 128.00
Encountered obsolete static prop option to do its fade in screen space @ -320.00 720.00 128.00
Encountered obsolete static prop option to do its fade in screen space @ -544.00 -480.00 240.00
Encountered obsolete static prop option to do its fade in screen space @ -512.00 -480.00 240.00
Placing detail props : 0...1...2...3...4...5...6...7...8...9...10
Compacting texture/material tables...
Reduced 1640 texinfos to 777
Reduced 79 texdatas to 68 (2692 bytes to 2151)
Writing d:\steamlibrary\steamapps\common\portal 2\portal2_dlc3\maps\sp_a1_intro2.bsp

nummapplanes:     (  8546 / 65536 )
nummapbrushes:    (  1120 /  8192 )
nummapbrushsides: ( 10378 / 65536 )
num_map_overlays: (    35 /   512 )
nummodels:        (    43 /  1024 )
num_entities:     (   337 / 16384 )

1 second elapsed



materialPath: D:\SteamLibrary\steamapps\common\Portal 2\portal2\materials
Loading d:\steamlibrary\steamapps\common\portal 2\portal2_dlc3\maps\sp_a1_intro2.vmf
ConVarRef gpu_level doesn't point to an existing ConVar
Material not found!: CONCRETE/CONCRETE_MODULAR_WALL001E
Patching WVT material: maps/sp_a1_intro2/nature/blendwhitefloor_dirt01_wvt_patch
Patching WVT material: maps/sp_a1_intro2/nature/blendwhitefloor_dirt02_wvt_patch
fixing up env_cubemap materials on brush sides...
0...1...2...3...4...5...6...7...8...9...100...1...2...3...4...5...6...7...8...9...10Processing areas...done (0)
Building Faces...done (0)
Chop Details...done (0)
Find Visible Detail Sides...
Merged 256 detail faces...done (0)
Merging details...done (0)
FixTjuncs...
PruneNodes...
WriteBSP...
done (0)
writing d:\steamlibrary\steamapps\common\portal 2\portal2_dlc3\maps\sp_a1_intro2.prt...Building visibility clusters...
done (0)
Finding displacement neighbors...
Finding lightmap sample positions...
Displacement Alpha : 0...1...2...3...4...5...6...7...8...9...10
Building Physics collision data...
done (0) (395307 bytes)
Encountered obsolete static prop option to do its fade in screen space @ -320.00 688.00 128.00
Encountered obsolete static prop option to do its fade in screen space @ -320.00 720.00 128.00
Encountered obsolete static prop option to do its fade in screen space @ -544.00 -480.00 240.00
Encountered obsolete static prop option to do its fade in screen space @ -512.00 -480.00 240.00
Placing detail props : 0...1...2...3...4...5...6...7...8...9...10
Compacting texture/material tables...
Reduced 1640 texinfos to 777
Reduced 79 texdatas to 68 (2692 bytes to 2151)
Writing d:\steamlibrary\steamapps\common\portal 2\portal2_dlc3\maps\sp_a1_intro2.bsp

nummapplanes:     (  8546 / 65536 )
nummapbrushes:    (  1120 /  8192 )
nummapbrushsides: ( 10378 / 65536 )
num_map_overlays: (    35 /   512 )
nummodels:        (    43 /  1024 )
num_entities:     (   337 / 16384 )

1 second elapsed



12 threads
reading d:\steamlibrary\steamapps\common\portal 2\portal2_dlc3\maps\sp_a1_intro2.bsp
reading d:\steamlibrary\steamapps\common\portal 2\portal2_dlc3\maps\sp_a1_intro2.prt
 235 portalclusters
 642 numportals
0...1...2...3...4...5...6...7...8...9...100...1...2...3...4...5...6...7...8...9...10Optimized: 85 visible clusters (0.00%)
Total clusters visible: 27536
Average clusters visible: 117
Building PAS...
Average clusters audible: 183
visdatasize:14284  compressed from 15040
writing d:\steamlibrary\steamapps\common\portal 2\portal2_dlc3\maps\sp_a1_intro2.bsp
0 seconds elapsed



[Reading texlights from 'lights.rad']
[59 texlights parsed from 'lights.rad']

Loading d:\steamlibrary\steamapps\common\portal 2\portal2_dlc3\maps\sp_a1_intro2.bsp
Loaded alpha texture materials\Tools\toolsinvisible.vtf
2125 faces
4 degenerate faces
251454 square feet [36209432.00 square inches]
7 Displacements
3712 Square Feet [534600.38 Square Inches]
2121 patches before subdivision
21949 patches after subdivision
28 direct lights
0...1...2...3...4...5...6...7...8...9...100...1...2...3...4...5...6...7...8...9...10transfers 1434181, max 461
transfer lists:  10.9 megs
0...1...2...3...4...5...6...7...8...9...10	Bounce #1 added RGB(7887, 7873, 6583)
0...1...2...3...4...5...6...7...8...9...10	Bounce #2 added RGB(2845, 2882, 2323)
0...1...2...3...4...5...6...7...8...9...10	Bounce #3 added RGB(1226, 1257, 961)
0...1...2...3...4...5...6...7...8...9...10	Bounce #4 added RGB(524, 548, 403)
0...1...2...3...4...5...6...7...8...9...10	Bounce #5 added RGB(233, 248, 176)
0...1...2...3...4...5...6...7...8...9...10	Bounce #6 added RGB(104, 113, 78)
0...1...2...3...4...5...6...7...8...9...10	Bounce #7 added RGB(47, 52, 35)
0...1...2...3...4...5...6...7...8...9...10	Bounce #8 added RGB(21, 24, 16)
0...1...2...3...4...5...6...7...8...9...10	Bounce #9 added RGB(10, 11, 7)
0...1...2...3...4...5...6...7...8...9...10	Bounce #10 added RGB(5, 5, 3)
0...1...2...3...4...5...6...7...8...9...10	Bounce #11 added RGB(2, 3, 2)
0...1...2...3...4...5...6...7...8...9...10	Bounce #12 added RGB(1, 1, 1)
0...1...2...3...4...5...6...7...8...9...10	Bounce #13 added RGB(0, 1, 0)
Build Patch/Sample Hash Table(s).....Done<0.0049 sec>
0...1...2...3...4...5...6...7...8...9...10FinalLightFace Done
8 of 8 (100% of) surface lights went in leaf ambient cubes.
0...1...2...3...4...5...6...7...8...9...10Writing leaf ambient...done
Computing static prop lighting : 00...1...2...3...4...5...6...7...8...9...10
Ready to Finish

Object names       Objects/Maxobjs  Memory / Maxmem  Fullness 
------------       ---------------  ---------------  -------- 
models                  43/1024         2064/49152    ( 4.2%) 
brushes               1120/8192        13440/98304    (13.7%) 
brushsides           10437/65536       83496/524288   (15.9%) 
planes                8546/65536      170920/1310720  (13.0%) 
vertexes              4001/65536       48012/786432   ( 6.1%) 
nodes                  902/65536       28864/2097152  ( 1.4%) 
texinfos               777/12288       55944/884736   ( 6.3%) 
texdata                 68/2048         2176/65536    ( 3.3%) 
dispinfos                7/0            1232/0        ( 0.0%) 
disp_verts            1399/0           27980/0        ( 0.0%) 
disp_tris             2432/0            4864/0        ( 0.0%) 
disp_multiblend          0/0               0/0        ( 0.0%) 
disp_lmsamples       11315/0           11315/0        ( 0.0%) 
faces                 2125/65536      119000/3670016  ( 3.2%) 
hdr faces                0/65536           0/3670016  ( 0.0%) 
origfaces             1757/65536       98392/3670016  ( 2.7%) 
facebrushes            249/0             498/0        ( 0.0%) 
facebrushlists        2125/0            8500/0        ( 0.0%) 
leaves                 946/65536       30272/2097152  ( 1.4%) 
leaffaces             2846/65536        5692/131072   ( 4.3%) 
leafbrushes           2062/65536        4124/131072   ( 3.1%) 
areas                    9/256            72/2048     ( 3.5%) 
surfedges            16805/512000      67220/2048000  ( 3.3%) 
edges                10571/256000      42284/1024000  ( 4.1%) 
LDR worldlights         28/8192         2800/819200   ( 0.3%) 
HDR worldlights          0/8192            0/819200   ( 0.0%) 
leafwaterdata            0/32768           0/393216   ( 0.0%) 
waterstrips            272/32768        2720/327680   ( 0.8%) 
waterverts               0/65536           0/786432   ( 0.0%) 
waterindices          4935/65536        9870/131072   ( 7.5%) 
cubemapsamples          10/1024          160/16384    ( 1.0%) 
overlays                35/512         12320/180224   ( 6.8%) 
LDR lightdata         [variable]     1451284/0        ( 0.0%) 
HDR lightdata         [variable]           0/0        ( 0.0%) 
visdata               [variable]       14284/16777216 ( 0.1%) 
entdata               [variable]      115619/393216   (29.4%) 
LDR ambient table      946/65536        3784/262144   ( 1.4%) 
HDR ambient table      946/65536        3784/262144   ( 1.4%) 
LDR leaf ambient      3708/65536      103824/1835008  ( 5.7%) 
HDR leaf ambient       946/65536       26488/1835008  ( 1.4%) 
occluders                0/0               0/0        ( 0.0%) 
occluder polygons        0/0               0/0        ( 0.0%) 
occluder vert ind        0/0               0/0        ( 0.0%) 
detail props          [variable]           1/12       ( 8.3%) 
static props          [variable]           1/43742    ( 0.0%) 
pakfile               [variable]     4247699/0        ( 0.0%) 
physics               [variable]      395307/4194304  ( 9.4%) 
physics terrain       [variable]        3459/1048576  ( 0.3%) 

Level flags = 1

Total triangle count: 5561
Writing d:\steamlibrary\steamapps\common\portal 2\portal2_dlc3\maps\sp_a1_intro2.bsp
36 seconds elapsed



[Reading texlights from 'lights.rad']
[59 texlights parsed from 'lights.rad']

Loading d:\steamlibrary\steamapps\common\portal 2\portal2_dlc3\maps\sp_a1_intro2.bsp
Loaded alpha texture materials\Tools\toolsinvisible.vtf
2125 faces
4 degenerate faces
251454 square feet [36209432.00 square inches]
7 Displacements
3712 Square Feet [534600.38 Square Inches]
2121 patches before subdivision
21949 patches after subdivision
28 direct lights
0...1...2...3...4...5...6...7...8...9...100...1...2...3...4...5...6...7...8...9...10transfers 1434181, max 461
transfer lists:  10.9 megs
0...1...2...3...4...5...6...7...8...9...10	Bounce #1 added RGB(7887, 7873, 6582)
0...1...2...3...4...5...6...7...8...9...10	Bounce #2 added RGB(2845, 2882, 2323)
0...1...2...3...4...5...6...7...8...9...10	Bounce #3 added RGB(1226, 1257, 961)
0...1...2...3...4...5...6...7...8...9...10	Bounce #4 added RGB(524, 548, 403)
0...1...2...3...4...5...6...7...8...9...10	Bounce #5 added RGB(233, 248, 176)
0...1...2...3...4...5...6...7...8...9...10	Bounce #6 added RGB(104, 113, 78)
0...1...2...3...4...5...6...7...8...9...10	Bounce #7 added RGB(47, 52, 35)
0...1...2...3...4...5...6...7...8...9...10	Bounce #8 added RGB(21, 24, 16)
0...1...2...3...4...5...6...7...8...9...10	Bounce #9 added RGB(10, 11, 7)
0...1...2...3...4...5...6...7...8...9...10	Bounce #10 added RGB(5, 5, 3)
0...1...2...3...4...5...6...7...8...9...10	Bounce #11 added RGB(2, 3, 2)
0...1...2...3...4...5...6...7...8...9...10	Bounce #12 added RGB(1, 1, 1)
0...1...2...3...4...5...6...7...8...9...10	Bounce #13 added RGB(0, 1, 0)
Build Patch/Sample Hash Table(s).....Done<0.0048 sec>
0...1...2...3...4...5...6...7...8...9...10FinalLightFace Done
8 of 8 (100% of) surface lights went in leaf ambient cubes.
0...1...2...3...4...5...6...7...8...9...10Writing leaf ambient...done
Computing static prop lighting : 00...1...2...3...4...5...6...7...8...9...10
Ready to Finish

Object names       Objects/Maxobjs  Memory / Maxmem  Fullness 
------------       ---------------  ---------------  -------- 
models                  43/1024         2064/49152    ( 4.2%) 
brushes               1120/8192        13440/98304    (13.7%) 
brushsides           10437/65536       83496/524288   (15.9%) 
planes                8546/65536      170920/1310720  (13.0%) 
vertexes              4001/65536       48012/786432   ( 6.1%) 
nodes                  902/65536       28864/2097152  ( 1.4%) 
texinfos               777/12288       55944/884736   ( 6.3%) 
texdata                 68/2048         2176/65536    ( 3.3%) 
dispinfos                7/0            1232/0        ( 0.0%) 
disp_verts            1399/0           27980/0        ( 0.0%) 
disp_tris             2432/0            4864/0        ( 0.0%) 
disp_multiblend          0/0               0/0        ( 0.0%) 
disp_lmsamples       11315/0           11315/0        ( 0.0%) 
faces                 2125/65536      119000/3670016  ( 3.2%) 
hdr faces             2125/65536      119000/3670016  ( 3.2%) 
origfaces             1757/65536       98392/3670016  ( 2.7%) 
facebrushes            249/0             498/0        ( 0.0%) 
facebrushlists        2125/0            8500/0        ( 0.0%) 
leaves                 946/65536       30272/2097152  ( 1.4%) 
leaffaces             2846/65536        5692/131072   ( 4.3%) 
leafbrushes           2062/65536        4124/131072   ( 3.1%) 
areas                    9/256            72/2048     ( 3.5%) 
surfedges            16805/512000      67220/2048000  ( 3.3%) 
edges                10571/256000      42284/1024000  ( 4.1%) 
LDR worldlights         28/8192         2800/819200   ( 0.3%) 
HDR worldlights         28/8192         2800/819200   ( 0.3%) 
leafwaterdata            0/32768           0/393216   ( 0.0%) 
waterstrips            272/32768        2720/327680   ( 0.8%) 
waterverts               0/65536           0/786432   ( 0.0%) 
waterindices          4935/65536        9870/131072   ( 7.5%) 
cubemapsamples          10/1024          160/16384    ( 1.0%) 
overlays                35/512         12320/180224   ( 6.8%) 
LDR lightdata         [variable]     1451284/0        ( 0.0%) 
HDR lightdata         [variable]     1451284/0        ( 0.0%) 
visdata               [variable]       14284/16777216 ( 0.1%) 
entdata               [variable]      115619/393216   (29.4%) 
LDR ambient table      946/65536        3784/262144   ( 1.4%) 
HDR ambient table      946/65536        3784/262144   ( 1.4%) 
LDR leaf ambient      3708/65536      103824/1835008  ( 5.7%) 
HDR leaf ambient      3708/65536      103824/1835008  ( 5.7%) 
occluders                0/0               0/0        ( 0.0%) 
occluder polygons        0/0               0/0        ( 0.0%) 
occluder vert ind        0/0               0/0        ( 0.0%) 
detail props          [variable]           1/12       ( 8.3%) 
static props          [variable]           1/43742    ( 0.0%) 
pakfile               [variable]     7673679/0        ( 0.0%) 
physics               [variable]      395307/4194304  ( 9.4%) 
physics terrain       [variable]        3459/1048576  ( 0.3%) 

Level flags = 3

Total triangle count: 5561
Writing d:\steamlibrary\steamapps\common\portal 2\portal2_dlc3\maps\sp_a1_intro2.bsp
37 seconds elapsed
