PRT1
397
1061
4 0 76 (384 1024 -896 ) (384 1024 -512 ) (144 1024 -512 ) (144 1024 -896 ) 
4 0 60 (384 1024 -512 ) (384 1024 -128 ) (144 1024 -128 ) (144 1024 -512 ) 
4 0 58 (384 1024 -128 ) (384 1024 0 ) (144 1024 0 ) (144 1024 -128 ) 
4 0 43 (256 1024 128 ) (144 1024 128 ) (144 1024 0 ) (256 1024 0 ) 
4 0 38 (384 1024 0 ) (384 1024 128 ) (256 1024 128 ) (256 1024 0 ) 
4 0 26 (384 1024 128 ) (384 1024 192 ) (144 1024 192 ) (144 1024 128 ) 
4 0 23 (384 1024 192 ) (384 1024 384 ) (144 1024 384 ) (144 1024 192 ) 
4 0 20 (384 1024 384 ) (384 1024 768 ) (144 1024 768 ) (144 1024 384 ) 
4 0 5 (144 1024 -896 ) (144 1024 768 ) (144 1104 768 ) (144 1104 -896 ) 
4 0 4 (144 1104 768 ) (144 1120 768 ) (144 1120 -304 ) (144 1104 -304 ) 
4 0 3 (144 1120 768 ) (144 1376 768 ) (144 1376 -304 ) (144 1120 -304 ) 
4 0 2 (144 1376 768 ) (144 1392 768 ) (144 1392 -304 ) (144 1376 -304 ) 
4 0 1 (144 1392 768 ) (144 1632 768 ) (144 1632 -896 ) (144 1392 -896 ) 
4 1 6 (128 1392 -896 ) (128 1392 768 ) (128 1632 768 ) (128 1632 -896 ) 
4 1 2 (128 1392 768 ) (128 1392 -304 ) (144 1392 -304 ) (144 1392 768 ) 
4 2 7 (128 1376 -304 ) (128 1376 768 ) (128 1392 768 ) (128 1392 -304 ) 
4 2 3 (128 1376 768 ) (128 1376 -304 ) (144 1376 -304 ) (144 1376 768 ) 
4 3 8 (128 1120 -304 ) (128 1120 768 ) (128 1376 768 ) (128 1376 -304 ) 
4 3 4 (128 1120 768 ) (128 1120 -304 ) (144 1120 -304 ) (144 1120 768 ) 
4 4 9 (128 1104 -304 ) (128 1104 768 ) (128 1120 768 ) (128 1120 -304 ) 
4 4 5 (128 1104 768 ) (128 1104 -304 ) (144 1104 -304 ) (144 1104 768 ) 
4 5 76 (144 1024 -896 ) (144 1024 -512 ) (128 1024 -512 ) (128 1024 -896 ) 
4 5 60 (144 1024 -512 ) (144 1024 -128 ) (128 1024 -128 ) (128 1024 -512 ) 
4 5 58 (144 1024 -128 ) (144 1024 0 ) (128 1024 0 ) (128 1024 -128 ) 
4 5 43 (144 1024 0 ) (144 1024 128 ) (128 1024 128 ) (128 1024 0 ) 
4 5 26 (144 1024 128 ) (144 1024 192 ) (128 1024 192 ) (128 1024 128 ) 
4 5 23 (144 1024 192 ) (144 1024 384 ) (128 1024 384 ) (128 1024 192 ) 
4 5 20 (144 1024 384 ) (144 1024 768 ) (128 1024 768 ) (128 1024 384 ) 
4 5 10 (128 1024 -896 ) (128 1024 768 ) (128 1104 768 ) (128 1104 -896 ) 
4 6 11 (0 1392 -896 ) (0 1392 768 ) (0 1632 768 ) (0 1632 -896 ) 
4 6 7 (128 1392 -304 ) (128 1392 768 ) (0 1392 768 ) (0 1392 -304 ) 
4 7 12 (0 1376 -304 ) (0 1376 768 ) (0 1392 768 ) (0 1392 -304 ) 
4 7 8 (0 1376 768 ) (0 1376 -304 ) (128 1376 -304 ) (128 1376 768 ) 
4 8 14 (0 1120 -4576 ) (0 1120 768 ) (0 1376 768 ) (0 1376 -4576 ) 
4 8 9 (128 1120 -304 ) (128 1120 768 ) (0 1120 768 ) (0 1120 -304 ) 
4 9 17 (0 1104 -304 ) (0 1104 768 ) (0 1120 768 ) (0 1120 -304 ) 
4 9 10 (0 1104 768 ) (0 1104 -304 ) (128 1104 -304 ) (128 1104 768 ) 
4 10 77 (128 1024 -896 ) (128 1024 -512 ) (0 1024 -512 ) (0 1024 -896 ) 
4 10 61 (128 1024 -512 ) (128 1024 -128 ) (0 1024 -128 ) (0 1024 -512 ) 
4 10 59 (64 1024 0 ) (0 1024 0 ) (0 1024 -128 ) (64 1024 -128 ) 
4 10 58 (128 1024 -128 ) (128 1024 0 ) (64 1024 0 ) (64 1024 -128 ) 
4 10 55 (64 1024 128 ) (0 1024 128 ) (0 1024 0 ) (64 1024 0 ) 
4 10 49 (96 1024 128 ) (64 1024 128 ) (64 1024 0 ) (96 1024 0 ) 
4 10 45 (128 1024 0 ) (128 1024 128 ) (96 1024 128 ) (96 1024 0 ) 
4 10 26 (128 1024 128 ) (128 1024 192 ) (0 1024 192 ) (0 1024 128 ) 
4 10 24 (64 1024 384 ) (0 1024 384 ) (0 1024 192 ) (64 1024 192 ) 
4 10 23 (128 1024 192 ) (128 1024 384 ) (64 1024 384 ) (64 1024 192 ) 
4 10 20 (128 1024 384 ) (128 1024 768 ) (0 1024 768 ) (0 1024 384 ) 
4 10 19 (0 1024 -896 ) (0 1024 768 ) (0 1104 768 ) (0 1104 -896 ) 
4 11 13 (-144 1392 768 ) (-384 1392 768 ) (-384 1392 -896 ) (-144 1392 -896 ) 
4 11 12 (0 1392 -304 ) (0 1392 768 ) (-144 1392 768 ) (-144 1392 -304 ) 
4 12 15 (-128 1376 768 ) (-144 1376 768 ) (-144 1376 -304 ) (-128 1376 -304 ) 
4 12 14 (0 1376 -304 ) (0 1376 768 ) (-128 1376 768 ) (-128 1376 -304 ) 
4 12 13 (-144 1392 768 ) (-144 1392 -304 ) (-144 1376 -304 ) (-144 1376 768 ) 
4 13 16 (-144 1376 -896 ) (-144 1376 768 ) (-384 1376 768 ) (-384 1376 -896 ) 
4 14 17 (0 1120 -304 ) (0 1120 768 ) (-128 1120 768 ) (-128 1120 -304 ) 
4 14 15 (-128 1376 768 ) (-128 1376 -304 ) (-128 1120 -304 ) (-128 1120 768 ) 
4 15 17 (-128 1120 -304 ) (-128 1120 768 ) (-144 1120 768 ) (-144 1120 -304 ) 
4 15 16 (-144 1376 768 ) (-144 1376 -304 ) (-144 1120 -304 ) (-144 1120 768 ) 
4 16 18 (-144 1120 -896 ) (-144 1120 768 ) (-384 1120 768 ) (-384 1120 -896 ) 
4 17 19 (0 1104 -304 ) (0 1104 768 ) (-144 1104 768 ) (-144 1104 -304 ) 
4 17 18 (-144 1120 768 ) (-144 1120 -304 ) (-144 1104 -304 ) (-144 1104 768 ) 
4 18 19 (-144 1104 -896 ) (-144 1104 768 ) (-384 1104 768 ) (-384 1104 -896 ) 
4 19 149 (-128 1024 -512 ) (-384 1024 -512 ) (-384 1024 -896 ) (-128 1024 -896 ) 
4 19 148 (0 1024 -896 ) (0 1024 -512 ) (-128 1024 -512 ) (-128 1024 -896 ) 
4 19 128 (-384 1024 -128 ) (-384 1024 -512 ) (-96 1024 -512 ) (-96 1024 -128 ) 
4 19 127 (-384 1024 0 ) (-384 1024 -128 ) (-96 1024 -128 ) (-96 1024 0 ) 
4 19 123 (-96 1024 128 ) (-384 1024 128 ) (-384 1024 0 ) (-96 1024 0 ) 
4 19 108 (0 1024 -512 ) (0 1024 -128 ) (-96 1024 -128 ) (-96 1024 -512 ) 
4 19 106 (0 1024 -128 ) (0 1024 128 ) (-96 1024 128 ) (-96 1024 -128 ) 
4 19 85 (0 1024 128 ) (0 1024 192 ) (-384 1024 192 ) (-384 1024 128 ) 
4 19 84 (-64 1024 768 ) (-384 1024 768 ) (-384 1024 192 ) (-64 1024 192 ) 
4 19 82 (0 1024 192 ) (0 1024 768 ) (-64 1024 768 ) (-64 1024 192 ) 
4 20 82 (0 1024 768 ) (0 1024 384 ) (0 928 384 ) (0 928 768 ) 
4 20 24 (0 928 384 ) (0 1024 384 ) (64 1024 384 ) (64 928 384 ) 
4 20 23 (64 1024 384 ) (384 1024 384 ) (384 928 384 ) (64 928 384 ) 
4 21 168 (336 0 400 ) (336 0 384 ) (384 0 384 ) (384 0 400 ) 
4 21 167 (384 0 384 ) (432 0 384 ) (432 0 400 ) (384 0 400 ) 
4 21 164 (336 0 468 ) (336 0 400 ) (352 0 400 ) (352 0 468 ) 
4 21 163 (352 0 400 ) (432 0 400 ) (432 0 468 ) (352 0 468 ) 
4 21 162 (336 0 752 ) (336 0 468 ) (432 0 468 ) (432 0 752 ) 
4 21 31 (432 80 384 ) (432 0 384 ) (336 0 384 ) (336 80 384 ) 
4 22 173 (0 0 392 ) (0 0 384 ) (64 0 384 ) (64 0 392 ) 
4 22 94 (0 128 384 ) (0 0 384 ) (0 0 392 ) (0 128 392 ) 
4 22 34 (0 0 384 ) (0 124 384 ) (64 124 384 ) (64 0 384 ) 
4 22 33 (0 124 384 ) (0 128 384 ) (64 128 384 ) (64 124 384 ) 
4 23 26 (64 928 192 ) (64 1024 192 ) (384 1024 192 ) (384 928 192 ) 
4 23 24 (64 1024 192 ) (64 928 192 ) (64 928 384 ) (64 1024 384 ) 
4 24 82 (0 1024 384 ) (0 1024 192 ) (0 928 192 ) (0 928 384 ) 
4 24 26 (0 928 192 ) (0 1024 192 ) (64 1024 192 ) (64 928 192 ) 
4 25 83 (0 736 192 ) (0 672 192 ) (0 672 200 ) (0 736 200 ) 
4 25 27 (0 672 192 ) (0 736 192 ) (64 736 192 ) (64 672 192 ) 
4 26 85 (0 1024 192 ) (0 1024 128 ) (0 928 128 ) (0 928 192 ) 
4 26 55 (0 928 128 ) (0 1024 128 ) (64 1024 128 ) (64 928 128 ) 
4 26 49 (64 1024 128 ) (96 1024 128 ) (96 928 128 ) (64 928 128 ) 
4 26 45 (96 1024 128 ) (128 1024 128 ) (128 928 128 ) (96 928 128 ) 
4 26 43 (128 1024 128 ) (256 1024 128 ) (256 928 128 ) (128 928 128 ) 
4 26 38 (256 1024 128 ) (384 1024 128 ) (384 928 128 ) (256 928 128 ) 
4 27 86 (0 672 190 ) (0 672 192 ) (0 736 192 ) (0 736 190 ) 
4 27 28 (0 736 190 ) (96 736 190 ) (96 672 190 ) (0 672 190 ) 
4 28 87 (0 736 128 ) (0 672 128 ) (0 672 190 ) (0 736 190 ) 
4 28 55 (0 672 128 ) (0 736 128 ) (64 736 128 ) (64 672 128 ) 
4 28 50 (64 736 128 ) (96 736 128 ) (96 672 128 ) (64 672 128 ) 
4 29 98 (0 192 256 ) (0 192 384 ) (0 448 384 ) (0 448 256 ) 
4 29 32 (256 192 384 ) (0 192 384 ) (0 192 256 ) (256 192 256 ) 
4 29 30 (256 192 256 ) (0 192 256 ) (0 448 256 ) (256 448 256 ) 
4 30 98 (0 448 128 ) (0 192 128 ) (0 192 256 ) (0 448 256 ) 
4 30 97 (0 512 128 ) (0 448 128 ) (0 448 256 ) (0 512 256 ) 
4 30 95 (0 544 128 ) (0 512 128 ) (0 512 256 ) (0 544 256 ) 
4 30 92 (0 576 128 ) (0 544 128 ) (0 544 254 ) (0 576 254 ) 
4 30 90 (0 544 254 ) (0 544 256 ) (0 576 256 ) (0 576 254 ) 
4 30 57 (0 192 128 ) (0 576 128 ) (64 576 128 ) (64 192 128 ) 
4 30 54 (64 576 128 ) (96 576 128 ) (96 192 128 ) (64 192 128 ) 
4 30 47 (128 256 128 ) (128 192 128 ) (96 192 128 ) (96 256 128 ) 
4 30 46 (96 576 128 ) (128 576 128 ) (128 256 128 ) (96 256 128 ) 
4 30 44 (128 576 128 ) (256 576 128 ) (256 192 128 ) (128 192 128 ) 
4 30 32 (0 192 128 ) (256 192 128 ) (256 192 256 ) (0 192 256 ) 
4 31 201 (288 0 132 ) (288 0 128 ) (384 0 128 ) (384 0 132 ) 
4 31 198 (288 0 380 ) (288 0 132 ) (384 0 132 ) (384 0 380 ) 
4 31 196 (384 0 384 ) (288 0 384 ) (288 0 380 ) (384 0 380 ) 
4 31 177 (384 0 256 ) (384 0 128 ) (768 0 128 ) (768 0 256 ) 
4 31 175 (400 0 384 ) (384 0 384 ) (384 0 256 ) (400 0 256 ) 
4 31 174 (768 0 384 ) (400 0 384 ) (400 0 256 ) (768 0 256 ) 
4 31 39 (768 0 128 ) (288 0 128 ) (288 192 128 ) (768 192 128 ) 
4 31 35 (288 0 132 ) (288 0 380 ) (288 124 380 ) (288 124 132 ) 
4 32 98 (0 192 128 ) (0 128 128 ) (0 128 384 ) (0 192 384 ) 
4 32 57 (0 128 128 ) (0 192 128 ) (64 192 128 ) (64 128 128 ) 
4 32 54 (64 192 128 ) (96 192 128 ) (96 128 128 ) (64 128 128 ) 
4 32 47 (96 192 128 ) (128 192 128 ) (128 128 128 ) (96 128 128 ) 
4 32 44 (128 192 128 ) (256 192 128 ) (256 128 128 ) (128 128 128 ) 
4 32 33 (0 128 128 ) (256 128 128 ) (256 128 384 ) (0 128 384 ) 
4 33 98 (0 128 128 ) (0 124 128 ) (0 124 384 ) (0 128 384 ) 
4 33 57 (0 124 128 ) (0 128 128 ) (64 128 128 ) (64 124 128 ) 
4 33 54 (64 128 128 ) (96 128 128 ) (96 124 128 ) (64 124 128 ) 
4 33 48 (96 128 128 ) (128 128 128 ) (128 124 128 ) (96 124 128 ) 
4 33 44 (128 128 128 ) (256 128 128 ) (256 124 128 ) (128 124 128 ) 
4 33 40 (256 128 128 ) (284 128 128 ) (284 124 128 ) (256 124 128 ) 
4 33 37 (0 124 128 ) (284 124 128 ) (284 124 132 ) (0 124 132 ) 
4 33 36 (284 124 132 ) (284 124 380 ) (0 124 380 ) (0 124 132 ) 
4 33 34 (284 124 380 ) (284 124 384 ) (0 124 384 ) (0 124 380 ) 
4 34 197 (284 0 384 ) (0 0 384 ) (0 0 380 ) (284 0 380 ) 
4 34 98 (0 0 380 ) (0 0 384 ) (0 124 384 ) (0 124 380 ) 
4 34 36 (0 0 380 ) (0 124 380 ) (284 124 380 ) (284 0 380 ) 
4 35 199 (287 0 132 ) (288 0 132 ) (288 0 380 ) (287 0 380 ) 
4 35 36 (287 124 132 ) (287 0 132 ) (287 0 380 ) (287 124 380 ) 
4 36 200 (0 0 380 ) (0 0 132 ) (287 0 132 ) (287 0 380 ) 
4 36 98 (0 0 132 ) (0 0 380 ) (0 124 380 ) (0 124 132 ) 
4 36 37 (0 124 132 ) (284 124 132 ) (284 0 132 ) (0 0 132 ) 
4 37 202 (0 0 132 ) (0 0 128 ) (284 0 128 ) (284 0 132 ) 
4 37 98 (0 124 128 ) (0 0 128 ) (0 0 132 ) (0 124 132 ) 
4 37 57 (64 0 128 ) (0 0 128 ) (0 124 128 ) (64 124 128 ) 
4 37 54 (96 0 128 ) (64 0 128 ) (64 124 128 ) (96 124 128 ) 
4 37 48 (128 0 128 ) (96 0 128 ) (96 124 128 ) (128 124 128 ) 
4 37 44 (256 0 128 ) (128 0 128 ) (128 124 128 ) (256 124 128 ) 
4 37 42 (284 0 128 ) (256 0 128 ) (256 124 128 ) (284 124 128 ) 
4 38 58 (256 1024 0 ) (384 1024 0 ) (384 928 0 ) (256 928 0 ) 
4 38 43 (256 1024 0 ) (256 928 0 ) (256 928 128 ) (256 1024 128 ) 
4 39 213 (380 0 128 ) (288 0 128 ) (288 0 0 ) (380 0 0 ) 
4 39 211 (384 0 128 ) (380 0 128 ) (380 0 0 ) (384 0 0 ) 
4 39 177 (768 0 128 ) (384 0 128 ) (384 0 0 ) (768 0 0 ) 
4 39 65 (768 0 0 ) (288 0 0 ) (288 128 0 ) (768 128 0 ) 
4 39 63 (288 128 0 ) (288 192 0 ) (768 192 0 ) (768 128 0 ) 
4 39 41 (288 124 0 ) (288 0 0 ) (288 0 128 ) (288 124 128 ) 
4 40 70 (256 124 0 ) (256 128 0 ) (284 128 0 ) (284 124 0 ) 
4 40 44 (256 128 0 ) (256 124 0 ) (256 124 128 ) (256 128 128 ) 
4 40 42 (256 124 128 ) (256 124 0 ) (284 124 0 ) (284 124 128 ) 
4 41 214 (288 0 128 ) (287 0 128 ) (287 0 0 ) (288 0 0 ) 
4 41 42 (287 124 128 ) (287 124 0 ) (287 0 0 ) (287 0 128 ) 
4 42 215 (287 0 128 ) (256 0 128 ) (256 0 0 ) (287 0 0 ) 
4 42 70 (284 0 0 ) (256 0 0 ) (256 124 0 ) (284 124 0 ) 
4 42 44 (256 124 0 ) (256 0 0 ) (256 0 128 ) (256 124 128 ) 
4 43 58 (128 1024 0 ) (256 1024 0 ) (256 928 0 ) (128 928 0 ) 
4 43 45 (128 1024 0 ) (128 928 0 ) (128 928 128 ) (128 1024 128 ) 
4 44 215 (256 0 128 ) (128 0 128 ) (128 0 0 ) (256 0 0 ) 
4 44 71 (256 128 0 ) (256 0 0 ) (128 0 0 ) (128 128 0 ) 
4 44 64 (256 192 0 ) (256 128 0 ) (128 128 0 ) (128 192 0 ) 
4 44 47 (128 128 8 ) (128 128 128 ) (128 256 128 ) (128 256 8 ) 
4 44 48 (128 128 0 ) (128 0 0 ) (128 0 128 ) (128 128 128 ) 
4 44 46 (128 576 0 ) (128 256 0 ) (128 256 128 ) (128 576 128 ) 
4 45 58 (96 1024 0 ) (128 1024 0 ) (128 928 0 ) (96 928 0 ) 
4 45 49 (96 1024 0 ) (96 928 0 ) (96 928 128 ) (96 1024 128 ) 
4 46 54 (96 576 0 ) (96 256 0 ) (96 256 128 ) (96 576 128 ) 
4 46 47 (96 256 128 ) (96 256 8 ) (128 256 8 ) (128 256 128 ) 
4 47 54 (96 128 8 ) (96 128 128 ) (96 256 128 ) (96 256 8 ) 
4 47 48 (96 128 128 ) (96 128 8 ) (128 128 8 ) (128 128 128 ) 
4 48 215 (128 0 128 ) (96 0 128 ) (96 0 0 ) (128 0 0 ) 
4 48 71 (128 128 0 ) (128 0 0 ) (96 0 0 ) (96 128 0 ) 
4 48 54 (96 128 0 ) (96 0 0 ) (96 0 128 ) (96 128 128 ) 
4 49 58 (64 1024 0 ) (96 1024 0 ) (96 928 0 ) (64 928 0 ) 
4 49 55 (64 1024 0 ) (64 928 0 ) (64 928 128 ) (64 1024 128 ) 
4 50 55 (64 736 0 ) (64 672 0 ) (64 672 128 ) (64 736 128 ) 
4 51 55 (64 664 0 ) (64 648 0 ) (64 648 128 ) (64 664 128 ) 
4 52 55 (64 608 0 ) (64 591 0 ) (64 591 128 ) (64 608 128 ) 
4 52 53 (64 591 128 ) (64 591 0 ) (96 591 0 ) (96 591 128 ) 
4 53 56 (64 591 0 ) (64 590 0 ) (64 590 128 ) (64 591 128 ) 
4 53 54 (64 590 128 ) (64 590 0 ) (96 590 0 ) (96 590 128 ) 
4 54 215 (96 0 128 ) (64 0 128 ) (64 0 0 ) (96 0 0 ) 
4 54 71 (96 128 0 ) (96 0 0 ) (64 0 0 ) (64 128 0 ) 
4 54 57 (64 590 0 ) (64 0 0 ) (64 0 128 ) (64 590 128 ) 
4 55 112 (0 864 0 ) (0 591 0 ) (0 591 120 ) (0 864 120 ) 
4 55 109 (0 591 120 ) (0 591 128 ) (0 800 128 ) (0 800 120 ) 
4 55 107 (0 928 0 ) (0 864 0 ) (0 864 128 ) (0 928 128 ) 
4 55 106 (0 1024 128 ) (0 1024 0 ) (0 928 0 ) (0 928 128 ) 
4 55 59 (0 736 0 ) (0 1024 0 ) (64 1024 0 ) (64 736 0 ) 
4 55 56 (0 591 0 ) (64 591 0 ) (64 591 128 ) (0 591 128 ) 
4 56 113 (0 591 0 ) (0 590 0 ) (0 590 120 ) (0 591 120 ) 
4 56 110 (0 590 120 ) (0 590 128 ) (0 591 128 ) (0 591 120 ) 
4 56 57 (0 590 0 ) (64 590 0 ) (64 590 128 ) (0 590 128 ) 
4 57 215 (64 0 128 ) (0 0 128 ) (0 0 0 ) (64 0 0 ) 
4 57 132 (0 192 0 ) (0 0 0 ) (0 0 128 ) (0 192 128 ) 
4 57 131 (0 224 0 ) (0 192 0 ) (0 192 128 ) (0 224 128 ) 
4 57 114 (0 590 0 ) (0 224 0 ) (0 224 120 ) (0 590 120 ) 
4 57 111 (0 224 120 ) (0 224 128 ) (0 590 128 ) (0 590 120 ) 
4 57 73 (0 64 0 ) (0 120 0 ) (58 120 0 ) (58 64 0 ) 
4 57 72 (0 120 0 ) (0 128 0 ) (58 128 0 ) (58 120 0 ) 
4 57 75 (0 0 0 ) (0 64 0 ) (58 64 0 ) (58 0 0 ) 
4 57 71 (58 128 0 ) (64 128 0 ) (64 0 0 ) (58 0 0 ) 
4 58 61 (64 928 -128 ) (64 1024 -128 ) (128 1024 -128 ) (128 928 -128 ) 
4 58 60 (128 1024 -128 ) (384 1024 -128 ) (384 928 -128 ) (128 928 -128 ) 
4 58 59 (64 1024 -128 ) (64 928 -128 ) (64 928 0 ) (64 1024 0 ) 
4 59 122 (0 864 -128 ) (0 736 -128 ) (0 736 0 ) (0 864 0 ) 
4 59 107 (0 928 -128 ) (0 864 -128 ) (0 864 0 ) (0 928 0 ) 
4 59 106 (0 1024 0 ) (0 1024 -128 ) (0 928 -128 ) (0 928 0 ) 
4 59 61 (0 928 -128 ) (0 1024 -128 ) (64 1024 -128 ) (64 928 -128 ) 
4 60 76 (128 1024 -512 ) (384 1024 -512 ) (384 928 -512 ) (128 928 -512 ) 
4 60 61 (128 1024 -512 ) (128 928 -512 ) (128 928 -128 ) (128 1024 -128 ) 
4 61 108 (0 1024 -128 ) (0 1024 -512 ) (0 928 -512 ) (0 928 -128 ) 
4 61 77 (0 928 -512 ) (0 1024 -512 ) (128 1024 -512 ) (128 928 -512 ) 
4 62 220 (776 0 0 ) (768 0 0 ) (768 0 -32 ) (776 0 -32 ) 
4 62 65 (768 128 -32 ) (768 0 -32 ) (768 0 0 ) (768 128 0 ) 
4 62 63 (768 192 0 ) (768 192 -32 ) (768 128 -32 ) (768 128 0 ) 
4 63 78 (288 192 -512 ) (768 192 -512 ) (768 128 -512 ) (288 128 -512 ) 
4 63 65 (288 128 -512 ) (768 128 -512 ) (768 128 0 ) (288 128 0 ) 
4 64 79 (128 192 -512 ) (256 192 -512 ) (256 128 -512 ) (128 128 -512 ) 
4 64 71 (128 128 -512 ) (256 128 -512 ) (256 128 0 ) (128 128 0 ) 
4 65 271 (288 0 -480 ) (288 0 -512 ) (384 0 -512 ) (384 0 -480 ) 
4 65 269 (288 0 -476 ) (288 0 -480 ) (384 0 -480 ) (384 0 -476 ) 
4 65 263 (288 0 -128 ) (288 0 -476 ) (384 0 -476 ) (384 0 -128 ) 
4 65 261 (384 0 -512 ) (640 0 -512 ) (640 0 -384 ) (384 0 -384 ) 
4 65 260 (640 0 -512 ) (768 0 -512 ) (768 0 -384 ) (640 0 -384 ) 
4 65 255 (640 0 -128 ) (384 0 -128 ) (384 0 -384 ) (640 0 -384 ) 
4 65 254 (704 0 -128 ) (640 0 -128 ) (640 0 -384 ) (704 0 -384 ) 
4 65 253 (768 0 -384 ) (768 0 -128 ) (704 0 -128 ) (704 0 -384 ) 
4 65 232 (288 0 -4 ) (288 0 -128 ) (384 0 -128 ) (384 0 -4 ) 
4 65 230 (384 0 0 ) (288 0 0 ) (288 0 -4 ) (384 0 -4 ) 
4 65 228 (448 0 0 ) (384 0 0 ) (384 0 -128 ) (448 0 -128 ) 
4 65 225 (576 0 0 ) (448 0 0 ) (448 0 -128 ) (576 0 -128 ) 
4 65 223 (640 0 0 ) (576 0 0 ) (576 0 -128 ) (640 0 -128 ) 
4 65 222 (704 0 0 ) (640 0 0 ) (640 0 -128 ) (704 0 -128 ) 
4 65 221 (768 0 0 ) (704 0 0 ) (704 0 -128 ) (768 0 -128 ) 
4 65 80 (768 0 -512 ) (288 0 -512 ) (288 128 -512 ) (768 128 -512 ) 
4 65 68 (288 0 -476 ) (288 0 -260 ) (288 124 -260 ) (288 124 -476 ) 
4 65 66 (288 0 -256 ) (288 0 -4 ) (288 124 -4 ) (288 124 -256 ) 
4 66 264 (287 0 -256 ) (288 0 -256 ) (288 0 -128 ) (287 0 -128 ) 
4 66 233 (288 0 -128 ) (288 0 -4 ) (287 0 -4 ) (287 0 -128 ) 
4 66 67 (287 124 -256 ) (287 0 -256 ) (287 0 -4 ) (287 124 -4 ) 
4 67 265 (284 0 -128 ) (284 0 -256 ) (287 0 -256 ) (287 0 -128 ) 
4 67 234 (284 0 -4 ) (284 0 -128 ) (287 0 -128 ) (287 0 -4 ) 
4 67 70 (284 0 -256 ) (284 0 -4 ) (284 124 -4 ) (284 124 -256 ) 
4 68 267 (287 0 -476 ) (288 0 -476 ) (288 0 -260 ) (287 0 -260 ) 
4 68 69 (287 124 -476 ) (287 0 -476 ) (287 0 -260 ) (287 124 -260 ) 
4 69 268 (284 0 -260 ) (284 0 -476 ) (287 0 -476 ) (287 0 -260 ) 
4 69 70 (284 0 -476 ) (284 0 -260 ) (284 124 -260 ) (284 124 -476 ) 
4 70 270 (256 0 -476 ) (256 0 -480 ) (284 0 -480 ) (284 0 -476 ) 
4 70 268 (256 0 -260 ) (256 0 -476 ) (284 0 -476 ) (284 0 -260 ) 
4 70 266 (256 0 -256 ) (256 0 -260 ) (284 0 -260 ) (284 0 -256 ) 
4 70 265 (256 0 -128 ) (256 0 -256 ) (284 0 -256 ) (284 0 -128 ) 
4 70 234 (256 0 -4 ) (256 0 -128 ) (284 0 -128 ) (284 0 -4 ) 
4 70 231 (284 0 0 ) (256 0 0 ) (256 0 -4 ) (284 0 -4 ) 
4 70 71 (256 128 0 ) (256 128 -480 ) (256 0 -480 ) (256 0 0 ) 
4 71 272 (58 0 -480 ) (58 0 -512 ) (256 0 -512 ) (256 0 -480 ) 
4 71 270 (58 0 -476 ) (58 0 -480 ) (256 0 -480 ) (256 0 -476 ) 
4 71 268 (58 0 -260 ) (58 0 -476 ) (256 0 -476 ) (256 0 -260 ) 
4 71 266 (58 0 -256 ) (58 0 -260 ) (256 0 -260 ) (256 0 -256 ) 
4 71 265 (58 0 -128 ) (58 0 -256 ) (256 0 -256 ) (256 0 -128 ) 
4 71 234 (58 0 -4 ) (58 0 -128 ) (256 0 -128 ) (256 0 -4 ) 
4 71 231 (256 0 0 ) (58 0 0 ) (58 0 -4 ) (256 0 -4 ) 
4 71 81 (256 0 -512 ) (58 0 -512 ) (58 128 -512 ) (256 128 -512 ) 
4 71 74 (58 120 -512 ) (58 64 -512 ) (58 64 -1.027000 ) (58 120 -1.027000 ) 
4 71 73 (58 64 -1.027000 ) (58 64 0 ) (58 120 0 ) (58 120 -1.027000 ) 
4 71 72 (58 128 0 ) (58 128 -512 ) (58 120 -512 ) (58 120 0 ) 
4 71 75 (58 64 -512 ) (58 0 -512 ) (58 0 0 ) (58 64 0 ) 
4 72 138 (0 128 -512 ) (0 120 -512 ) (0 120 0 ) (0 128 0 ) 
4 72 81 (0 120 -512 ) (0 128 -512 ) (58 128 -512 ) (58 120 -512 ) 
4 72 74 (0 120 -512 ) (58 120 -512 ) (58 120 -1.027000 ) (0 120 -1.027000 ) 
4 72 73 (58 120 -1.027000 ) (58 120 0 ) (0 120 0 ) (0 120 -1.027000 ) 
4 73 139 (0 64 -1.027000 ) (0 64 0 ) (0 120 0 ) (0 120 -1.027000 ) 
4 73 75 (58 64 -1.027000 ) (58 64 0 ) (0 64 0 ) (0 64 -1.027000 ) 
4 73 74 (58 64 -1.027000 ) (0 64 -1.027000 ) (0 120 -1.027000 ) (58 120 -1.027000 ) 
4 74 142 (0 120 -512 ) (0 64 -512 ) (0 64 -1.027000 ) (0 120 -1.027000 ) 
4 74 81 (0 64 -512 ) (0 120 -512 ) (58 120 -512 ) (58 64 -512 ) 
4 74 75 (0 64 -512 ) (58 64 -512 ) (58 64 -1.027000 ) (0 64 -1.027000 ) 
4 75 272 (0 0 -480 ) (0 0 -512 ) (58 0 -512 ) (58 0 -480 ) 
4 75 270 (0 0 -476 ) (0 0 -480 ) (58 0 -480 ) (58 0 -476 ) 
4 75 268 (0 0 -260 ) (0 0 -476 ) (58 0 -476 ) (58 0 -260 ) 
4 75 266 (0 0 -256 ) (0 0 -260 ) (58 0 -260 ) (58 0 -256 ) 
4 75 265 (0 0 -128 ) (0 0 -256 ) (58 0 -256 ) (58 0 -128 ) 
4 75 234 (0 0 -4 ) (0 0 -128 ) (58 0 -128 ) (58 0 -4 ) 
4 75 231 (58 0 0 ) (0 0 0 ) (0 0 -4 ) (58 0 -4 ) 
4 75 143 (0 64 -512 ) (0 0 -512 ) (0 0 0 ) (0 64 0 ) 
4 75 81 (58 0 -512 ) (0 0 -512 ) (0 64 -512 ) (58 64 -512 ) 
4 76 77 (128 1024 -896 ) (128 928 -896 ) (128 928 -512 ) (128 1024 -512 ) 
4 77 148 (0 1024 -512 ) (0 1024 -896 ) (0 928 -896 ) (0 928 -512 ) 
4 78 80 (288 128 -768 ) (768 128 -768 ) (768 128 -512 ) (288 128 -512 ) 
4 79 81 (128 128 -768 ) (256 128 -768 ) (256 128 -512 ) (128 128 -512 ) 
4 80 287 (384 0 -512 ) (288 0 -512 ) (288 0 -768 ) (384 0 -768 ) 
4 80 285 (640 0 -512 ) (384 0 -512 ) (384 0 -768 ) (640 0 -768 ) 
4 80 284 (768 0 -512 ) (640 0 -512 ) (640 0 -768 ) (768 0 -768 ) 
4 81 288 (256 0 -512 ) (0 0 -512 ) (0 0 -768 ) (256 0 -768 ) 
4 81 150 (0 0 -768 ) (0 0 -512 ) (0 128 -512 ) (0 128 -768 ) 
4 82 85 (-64 928 192 ) (-64 1024 192 ) (0 1024 192 ) (0 928 192 ) 
4 82 84 (-64 1024 768 ) (-64 1024 192 ) (-64 928 192 ) (-64 928 768 ) 
4 83 86 (-64 672 192 ) (-64 736 192 ) (0 736 192 ) (0 672 192 ) 
4 84 85 (-384 928 192 ) (-384 1024 192 ) (-64 1024 192 ) (-64 928 192 ) 
4 85 123 (-384 928 128 ) (-384 1024 128 ) (-96 1024 128 ) (-96 928 128 ) 
4 85 106 (-96 1024 128 ) (0 1024 128 ) (0 928 128 ) (-96 928 128 ) 
4 86 87 (0 672 190 ) (-96 672 190 ) (-96 736 190 ) (0 736 190 ) 
4 87 115 (-96 736 128 ) (-64 736 128 ) (-64 672 128 ) (-96 672 128 ) 
4 87 109 (-64 736 128 ) (0 736 128 ) (0 672 128 ) (-64 672 128 ) 
4 88 111 (0 584 128 ) (0 576 128 ) (-64 576 128 ) (-64 584 128 ) 
4 88 92 (-64 576 128 ) (0 576 128 ) (0 576 160 ) (-64 576 160 ) 
4 89 91 (-254 544 256 ) (-256 544 256 ) (-256 576 256 ) (-254 576 256 ) 
4 89 90 (0 544 256 ) (-254 544 256 ) (-254 576 256 ) (0 576 256 ) 
4 90 95 (0 544 254 ) (0 544 256 ) (-254 544 256 ) (-254 544 254 ) 
4 90 92 (0 544 254 ) (-254 544 254 ) (-254 576 254 ) (0 576 254 ) 
4 90 91 (-254 576 254 ) (-254 544 254 ) (-254 544 256 ) (-254 576 256 ) 
4 91 96 (-254 544 256 ) (-264 544 256 ) (-264 544 254 ) (-254 544 254 ) 
4 91 93 (-254 544 254 ) (-264 544 254 ) (-264 576 254 ) (-254 576 254 ) 
4 92 124 (-254 576 128 ) (-96 576 128 ) (-96 544 128 ) (-254 544 128 ) 
4 92 121 (-96 576 128 ) (-64 576 128 ) (-64 544 128 ) (-96 544 128 ) 
4 92 111 (-64 576 128 ) (0 576 128 ) (0 544 128 ) (-64 544 128 ) 
4 92 95 (-254 544 128 ) (0 544 128 ) (0 544 254 ) (-254 544 254 ) 
4 92 93 (-254 544 128 ) (-254 544 254 ) (-254 576 254 ) (-254 576 128 ) 
4 93 125 (-264 576 128 ) (-254 576 128 ) (-254 544 128 ) (-264 544 128 ) 
4 93 96 (-264 544 128 ) (-254 544 128 ) (-254 544 254 ) (-264 544 254 ) 
4 94 293 (-128 0 392 ) (-192 0 392 ) (-192 0 384 ) (-128 0 384 ) 
4 94 291 (0 0 384 ) (0 0 392 ) (-128 0 392 ) (-128 0 384 ) 
4 94 98 (0 0 384 ) (-192 0 384 ) (-192 128 384 ) (0 128 384 ) 
4 95 124 (-254 544 128 ) (-96 544 128 ) (-96 512 128 ) (-254 512 128 ) 
4 95 121 (-96 544 128 ) (-64 544 128 ) (-64 512 128 ) (-96 512 128 ) 
4 95 111 (-64 544 128 ) (0 544 128 ) (0 512 128 ) (-64 512 128 ) 
4 95 97 (-254 512 128 ) (0 512 128 ) (0 512 256 ) (-254 512 256 ) 
4 95 96 (-254 512 128 ) (-254 512 256 ) (-254 544 256 ) (-254 544 128 ) 
4 96 125 (-264 544 128 ) (-254 544 128 ) (-254 512 128 ) (-264 512 128 ) 
4 96 97 (-256 512 128 ) (-254 512 128 ) (-254 512 256 ) (-256 512 256 ) 
4 97 126 (-256 512 128 ) (-96 512 128 ) (-96 448 128 ) (-256 448 128 ) 
4 97 121 (-96 512 128 ) (-64 512 128 ) (-64 448 128 ) (-96 448 128 ) 
4 97 111 (-64 512 128 ) (0 512 128 ) (0 448 128 ) (-64 448 128 ) 
4 97 98 (-256 448 128 ) (0 448 128 ) (0 448 256 ) (-256 448 256 ) 
4 98 297 (-128 0 384 ) (-256 0 384 ) (-256 0 128 ) (-128 0 128 ) 
4 98 296 (0 0 128 ) (0 0 384 ) (-128 0 384 ) (-128 0 128 ) 
4 98 132 (0 0 128 ) (-256 0 128 ) (-256 192 128 ) (0 192 128 ) 
4 98 131 (-256 192 128 ) (-256 224 128 ) (0 224 128 ) (0 192 128 ) 
4 98 126 (-256 224 128 ) (-256 448 128 ) (-96 448 128 ) (-96 224 128 ) 
4 98 121 (-96 448 128 ) (-64 448 128 ) (-64 224 128 ) (-96 224 128 ) 
4 98 111 (-64 448 128 ) (0 448 128 ) (0 224 128 ) (-64 224 128 ) 
4 98 99 (-256 192 128 ) (-256 0 128 ) (-256 0 384 ) (-256 192 384 ) 
4 99 302 (-256 0 384 ) (-384 0 384 ) (-384 0 128 ) (-256 0 128 ) 
4 99 132 (-256 0 128 ) (-384 0 128 ) (-384 192 128 ) (-256 192 128 ) 
4 99 104 (-384 0 192 ) (-384 0 320 ) (-384 96 320 ) (-384 96 192 ) 
4 100 155 (-1024 992 128 ) (-1024 416 128 ) (-1024 416 198.313019 ) (-1024 992 198.313019 ) 
4 100 154 (-1024 416 198.313019 ) (-1024 416 768 ) (-1024 992 768 ) (-1024 992 198.313019 ) 
4 100 129 (-1024 416 128 ) (-1024 992 128 ) (-480 992 128 ) (-480 416 128 ) 
4 101 133 (-672 224 128 ) (-640 224 128 ) (-640 160 128 ) (-672 160 128 ) 
4 101 102 (-672 224 160 ) (-672 224 128 ) (-672 160 128 ) (-672 160 160 ) 
4 102 133 (-800 224 128 ) (-672 224 128 ) (-672 160 128 ) (-800 160 128 ) 
4 102 103 (-800 224 160 ) (-800 224 128 ) (-800 160 128 ) (-800 160 160 ) 
4 103 133 (-832 224 128 ) (-800 224 128 ) (-800 160 128 ) (-832 160 128 ) 
4 104 310 (-400 0 320 ) (-400 0 192 ) (-384 0 192 ) (-384 0 320 ) 
4 104 105 (-400 96 320 ) (-400 96 192 ) (-400 0 192 ) (-400 0 320 ) 
4 105 311 (-528 0 384 ) (-528 0 192 ) (-400 0 192 ) (-400 0 384 ) 
4 106 127 (-96 1024 0 ) (-96 1024 -128 ) (-96 928 -128 ) (-96 928 0 ) 
4 106 123 (-96 928 128 ) (-96 1024 128 ) (-96 1024 0 ) (-96 928 0 ) 
4 106 108 (-96 928 -128 ) (-96 1024 -128 ) (0 1024 -128 ) (0 928 -128 ) 
4 106 107 (-64 928 -128 ) (0 928 -128 ) (0 928 128 ) (-64 928 128 ) 
4 107 122 (-64 864 -128 ) (0 864 -128 ) (0 864 0 ) (-64 864 0 ) 
4 107 112 (0 864 0 ) (0 864 120 ) (-64 864 120 ) (-64 864 0 ) 
4 108 148 (0 1024 -512 ) (0 928 -512 ) (-96 928 -512 ) (-96 1024 -512 ) 
4 108 128 (-96 1024 -512 ) (-96 928 -512 ) (-96 928 -128 ) (-96 1024 -128 ) 
4 109 117 (-64 608 120 ) (-64 591 120 ) (-64 591 128 ) (-64 608 128 ) 
4 109 116 (-64 664 120 ) (-64 648 120 ) (-64 648 128 ) (-64 664 128 ) 
4 109 115 (-64 736 120 ) (-64 672 120 ) (-64 672 128 ) (-64 736 128 ) 
4 109 112 (-64 591 120 ) (-64 800 120 ) (0 800 120 ) (0 591 120 ) 
4 109 110 (-64 591 128 ) (-64 591 120 ) (0 591 120 ) (0 591 128 ) 
4 110 118 (-64 591 120 ) (-64 590 120 ) (-64 590 128 ) (-64 591 128 ) 
4 110 113 (-64 590 120 ) (-64 591 120 ) (0 591 120 ) (0 590 120 ) 
4 110 111 (-64 590 128 ) (-64 590 120 ) (0 590 120 ) (0 590 128 ) 
4 111 131 (0 224 120 ) (0 224 128 ) (-64 224 128 ) (-64 224 120 ) 
4 111 121 (-64 578 120 ) (-64 224 120 ) (-64 224 128 ) (-64 578 128 ) 
4 111 119 (-64 590 120 ) (-64 580 120 ) (-64 580 128 ) (-64 590 128 ) 
4 111 114 (0 224 120 ) (-64 224 120 ) (-64 590 120 ) (0 590 120 ) 
4 112 122 (-64 736 0 ) (-64 864 0 ) (0 864 0 ) (0 736 0 ) 
4 112 117 (-64 608 0 ) (-64 591 0 ) (-64 591 120 ) (-64 608 120 ) 
4 112 116 (-64 664 0 ) (-64 648 0 ) (-64 648 120 ) (-64 664 120 ) 
4 112 115 (-64 736 0 ) (-64 672 0 ) (-64 672 120 ) (-64 736 120 ) 
4 112 113 (0 591 120 ) (-64 591 120 ) (-64 591 0 ) (0 591 0 ) 
4 113 118 (-64 591 0 ) (-64 590 0 ) (-64 590 120 ) (-64 591 120 ) 
4 113 114 (0 590 120 ) (-64 590 120 ) (-64 590 0 ) (0 590 0 ) 
4 114 131 (0 224 0 ) (0 224 120 ) (-64 224 120 ) (-64 224 0 ) 
4 114 120 (-64 580 0 ) (-64 578 0 ) (-64 578 96 ) (-64 580 96 ) 
4 114 121 (-64 578 0 ) (-64 224 0 ) (-64 224 120 ) (-64 578 120 ) 
4 114 119 (-64 590 0 ) (-64 580 0 ) (-64 580 120 ) (-64 590 120 ) 
4 117 118 (-96 591 128 ) (-96 591 0 ) (-64 591 0 ) (-64 591 128 ) 
4 118 119 (-96 590 128 ) (-96 590 0 ) (-64 590 0 ) (-64 590 128 ) 
4 119 120 (-96 580 96 ) (-96 580 0 ) (-64 580 0 ) (-64 580 96 ) 
4 120 121 (-96 578 96 ) (-96 578 0 ) (-64 578 0 ) (-64 578 96 ) 
4 121 131 (-64 224 128 ) (-96 224 128 ) (-96 224 0 ) (-64 224 0 ) 
4 121 126 (-96 224 0 ) (-96 224 128 ) (-96 512 128 ) (-96 512 0 ) 
4 121 124 (-96 512 128 ) (-96 576 128 ) (-96 576 0 ) (-96 512 0 ) 
4 123 127 (-384 928 0 ) (-384 1024 0 ) (-96 1024 0 ) (-96 928 0 ) 
4 124 126 (-254 512 0 ) (-96 512 0 ) (-96 512 128 ) (-254 512 128 ) 
4 124 125 (-254 576 128 ) (-254 576 0 ) (-254 512 0 ) (-254 512 128 ) 
4 125 126 (-256 512 0 ) (-254 512 0 ) (-254 512 128 ) (-256 512 128 ) 
4 126 131 (-96 224 0 ) (-96 224 128 ) (-256 224 128 ) (-256 224 0 ) 
4 127 128 (-384 928 -128 ) (-384 1024 -128 ) (-96 1024 -128 ) (-96 928 -128 ) 
4 128 149 (-384 928 -512 ) (-384 1024 -512 ) (-128 1024 -512 ) (-128 928 -512 ) 
4 128 148 (-128 1024 -512 ) (-96 1024 -512 ) (-96 928 -512 ) (-128 928 -512 ) 
4 129 158 (-1024 992 70.313004 ) (-1024 992 -512 ) (-1024 416 -512 ) (-1024 416 70.313004 ) 
4 129 155 (-1024 416 128 ) (-1024 992 128 ) (-1024 992 70.313004 ) (-1024 416 70.313004 ) 
4 129 152 (-1024 416 -512 ) (-1024 992 -512 ) (-480 992 -512 ) (-480 416 -512 ) 
4 129 130 (-672 416 128 ) (-800 416 128 ) (-800 416 -128 ) (-672 416 -128 ) 
4 130 133 (-672 224 128 ) (-800 224 128 ) (-800 224 0 ) (-672 224 0 ) 
4 131 132 (-256 192 0 ) (0 192 0 ) (0 192 128 ) (-256 192 128 ) 
4 132 303 (-384 0 64 ) (-384 0 0 ) (-256 0 0 ) (-256 0 64 ) 
4 132 302 (-256 0 128 ) (-384 0 128 ) (-384 0 64 ) (-256 0 64 ) 
4 132 297 (-128 0 128 ) (-256 0 128 ) (-256 0 0 ) (-128 0 0 ) 
4 132 296 (0 0 0 ) (0 0 128 ) (-128 0 128 ) (-128 0 0 ) 
4 132 145 (-384 184 0 ) (-384 192 0 ) (-256 192 0 ) (-256 184 0 ) 
4 132 147 (-256 0 0 ) (-384 0 0 ) (-384 184 0 ) (-256 184 0 ) 
4 132 144 (-128 0 0 ) (-256 0 0 ) (-256 192 0 ) (-128 192 0 ) 
4 132 140 (-58 120 0 ) (-32 120 0 ) (-32 64 0 ) (-58 64 0 ) 
4 132 139 (-32 120 0 ) (0 120 0 ) (0 64 0 ) (-32 64 0 ) 
4 132 141 (-128 64 0 ) (-128 120 0 ) (-58 120 0 ) (-58 64 0 ) 
4 132 138 (-128 120 0 ) (-128 128 0 ) (0 128 0 ) (0 120 0 ) 
4 132 143 (0 0 0 ) (-128 0 0 ) (-128 64 0 ) (0 64 0 ) 
4 133 135 (-800 160 0 ) (-672 160 0 ) (-672 160 128 ) (-800 160 128 ) 
4 134 323 (-640 0 128 ) (-672 0 128 ) (-672 0 0 ) (-640 0 0 ) 
4 134 135 (-672 32 0 ) (-672 0 0 ) (-672 0 128 ) (-672 32 128 ) 
4 135 328 (-735.973022 0 128 ) (-800 0 128 ) (-800 0 0 ) (-735.973022 0 0 ) 
4 135 325 (-703.963074 0 128 ) (-735.973022 0 128 ) (-735.973022 0 0 ) (-703.963074 0 0 ) 
4 135 323 (-672 0 128 ) (-703.963074 0 128 ) (-703.963074 0 0 ) (-672 0 0 ) 
4 135 136 (-800 32 0 ) (-800 0 0 ) (-800 0 128 ) (-800 32 128 ) 
4 136 328 (-800 0 128 ) (-831.965027 0 128 ) (-831.965027 0 0 ) (-800 0 0 ) 
4 137 138 (-64 128 -256 ) (0 128 -256 ) (0 128 -128 ) (-64 128 -128 ) 
4 138 150 (0 128 -512 ) (0 120 -512 ) (-128 120 -512 ) (-128 128 -512 ) 
4 138 144 (-128 120 0 ) (-128 128 0 ) (-128 128 -512 ) (-128 120 -512 ) 
4 138 140 (-58 120 -1.027000 ) (-32 120 -1.027000 ) (-32 120 0 ) (-58 120 0 ) 
4 138 139 (-32 120 -1.027000 ) (0 120 -1.027000 ) (0 120 0 ) (-32 120 0 ) 
4 138 141 (-128 120 0 ) (-128 120 -1.027000 ) (-58 120 -1.027000 ) (-58 120 0 ) 
4 138 142 (-128 120 -1.027000 ) (-128 120 -512 ) (0 120 -512 ) (0 120 -1.027000 ) 
4 139 143 (-32 64 -1.027000 ) (0 64 -1.027000 ) (0 64 0 ) (-32 64 0 ) 
4 139 142 (0 64 -1.027000 ) (-32 64 -1.027000 ) (-32 120 -1.027000 ) (0 120 -1.027000 ) 
4 139 140 (-32 120 0 ) (-32 120 -1.027000 ) (-32 64 -1.027000 ) (-32 64 0 ) 
4 140 141 (-58 120 0 ) (-58 120 -1.027000 ) (-58 64 -1.027000 ) (-58 64 0 ) 
4 140 143 (-58 64 -1.027000 ) (-32 64 -1.027000 ) (-32 64 0 ) (-58 64 0 ) 
4 140 142 (-32 64 -1.027000 ) (-58 64 -1.027000 ) (-58 120 -1.027000 ) (-32 120 -1.027000 ) 
4 141 144 (-128 64 0 ) (-128 120 0 ) (-128 120 -1.027000 ) (-128 64 -1.027000 ) 
4 141 142 (-58 64 -1.027000 ) (-128 64 -1.027000 ) (-128 120 -1.027000 ) (-58 120 -1.027000 ) 
4 141 143 (-128 64 0 ) (-128 64 -1.027000 ) (-58 64 -1.027000 ) (-58 64 0 ) 
4 142 150 (0 120 -512 ) (0 64 -512 ) (-128 64 -512 ) (-128 120 -512 ) 
4 142 144 (-128 120 -1.027000 ) (-128 120 -512 ) (-128 64 -512 ) (-128 64 -1.027000 ) 
4 142 143 (-128 64 -1.027000 ) (-128 64 -512 ) (0 64 -512 ) (0 64 -1.027000 ) 
4 143 362 (0 0 -512 ) (0 0 -16 ) (-128 0 -16 ) (-128 0 -512 ) 
4 143 360 (-64 0 0 ) (-128 0 0 ) (-128 0 -16 ) (-64 0 -16 ) 
4 143 351 (0 0 -16 ) (0 0 0 ) (-64 0 0 ) (-64 0 -16 ) 
4 143 150 (0 64 -512 ) (0 0 -512 ) (-128 0 -512 ) (-128 64 -512 ) 
4 143 144 (-128 0 0 ) (-128 64 0 ) (-128 64 -512 ) (-128 0 -512 ) 
4 144 365 (-128 0 0 ) (-256 0 0 ) (-256 0 -512 ) (-128 0 -512 ) 
4 144 151 (-128 0 -512 ) (-256 0 -512 ) (-256 192 -512 ) (-128 192 -512 ) 
4 144 145 (-256 192 0 ) (-256 192 -256 ) (-256 184 -256 ) (-256 184 0 ) 
4 144 146 (-256 192 -384 ) (-256 192 -512 ) (-256 184 -512 ) (-256 184 -384 ) 
4 144 147 (-256 184 -512 ) (-256 0 -512 ) (-256 0 0 ) (-256 184 0 ) 
4 145 147 (-384 184 0 ) (-384 184 -256 ) (-256 184 -256 ) (-256 184 0 ) 
4 146 151 (-384 184 -512 ) (-384 192 -512 ) (-256 192 -512 ) (-256 184 -512 ) 
4 146 147 (-384 184 -384 ) (-384 184 -512 ) (-256 184 -512 ) (-256 184 -384 ) 
4 147 384 (-256 0 0 ) (-384 0 0 ) (-384 0 -512 ) (-256 0 -512 ) 
4 147 151 (-256 0 -512 ) (-384 0 -512 ) (-384 184 -512 ) (-256 184 -512 ) 
4 148 149 (-128 1024 -896 ) (-128 928 -896 ) (-128 928 -512 ) (-128 1024 -512 ) 
4 150 391 (0 0 -768 ) (0 0 -512 ) (-128 0 -512 ) (-128 0 -768 ) 
4 150 151 (-128 128 -768 ) (-128 0 -768 ) (-128 0 -512 ) (-128 128 -512 ) 
4 151 392 (-256 0 -512 ) (-384 0 -512 ) (-384 0 -768 ) (-256 0 -768 ) 
4 151 391 (-128 0 -512 ) (-256 0 -512 ) (-256 0 -768 ) (-128 0 -768 ) 
4 152 158 (-1024 416 -512 ) (-1024 992 -512 ) (-1024 992 -896 ) (-1024 416 -896 ) 
4 153 160 (-2048 1056 70.313004 ) (-2048 1056 198.313019 ) (-2048 1088 198.313019 ) (-2048 1088 70.313004 ) 
4 154 155 (-1024 416 198.313019 ) (-1248 416 198.313019 ) (-1248 992 198.313019 ) (-1024 992 198.313019 ) 
4 155 158 (-1024 416 70.313004 ) (-1248 416 70.313004 ) (-1248 992 70.313004 ) (-1024 992 70.313004 ) 
4 157 161 (-2048 848 198.313019 ) (-2048 976 198.313019 ) (-2048 976 70.313004 ) (-2048 848 70.313004 ) 
4 159 395 (-1472 0 128 ) (-1728 0 128 ) (-1728 0 0 ) (-1472 0 0 ) 
4 162 164 (336 0 468 ) (352 0 468 ) (352 -16 468 ) (336 -16 468 ) 
4 162 163 (352 0 468 ) (432 0 468 ) (432 -16 468 ) (352 -16 468 ) 
4 163 168 (352 -16 400 ) (352 0 400 ) (384 0 400 ) (384 -16 400 ) 
4 163 167 (384 0 400 ) (432 0 400 ) (432 -16 400 ) (384 -16 400 ) 
4 163 164 (352 0 400 ) (352 -16 400 ) (352 -16 468 ) (352 0 468 ) 
4 164 168 (336 0 400 ) (352 0 400 ) (352 -16 400 ) (336 -16 400 ) 
4 165 170 (352 -448 400 ) (352 -512 400 ) (336 -512 400 ) (336 -448 400 ) 
4 165 169 (352 -384 400 ) (352 -448 400 ) (336 -448 400 ) (336 -384 400 ) 
4 165 166 (336 -384 400 ) (336 -512 400 ) (336 -512 468 ) (336 -384 468 ) 
4 166 170 (224 -448 400 ) (336 -448 400 ) (336 -512 400 ) (224 -512 400 ) 
4 166 169 (160 -448 400 ) (160 -384 400 ) (336 -384 400 ) (336 -448 400 ) 
4 167 175 (384 0 384 ) (400 0 384 ) (400 -16 384 ) (384 -16 384 ) 
4 167 174 (400 0 384 ) (432 0 384 ) (432 -16 384 ) (400 -16 384 ) 
4 167 168 (384 0 384 ) (384 -16 384 ) (384 -16 400 ) (384 0 400 ) 
4 168 196 (336 0 384 ) (384 0 384 ) (384 -16 384 ) (336 -16 384 ) 
4 169 207 (288 -448 384 ) (284 -448 384 ) (284 -384 384 ) (288 -384 384 ) 
4 169 208 (284 -448 384 ) (160 -448 384 ) (160 -384 384 ) (284 -384 384 ) 
4 169 204 (352 -448 384 ) (288 -448 384 ) (288 -384 384 ) (352 -384 384 ) 
4 169 170 (224 -448 384 ) (352 -448 384 ) (352 -448 400 ) (224 -448 400 ) 
4 170 207 (288 -512 384 ) (284 -512 384 ) (284 -448 384 ) (288 -448 384 ) 
4 170 208 (284 -512 384 ) (224 -512 384 ) (224 -448 384 ) (284 -448 384 ) 
4 170 204 (352 -512 384 ) (288 -512 384 ) (288 -448 384 ) (352 -448 384 ) 
4 171 206 (384 -576 384 ) (384 -640 384 ) (320 -640 384 ) (320 -576 384 ) 
4 171 172 (352 -640 384 ) (384 -640 384 ) (384 -640 392 ) (352 -640 392 ) 
4 172 206 (384 -640 384 ) (384 -672 384 ) (352 -672 384 ) (352 -640 384 ) 
4 173 291 (0 0 392 ) (0 0 384 ) (0 -128 384 ) (0 -128 392 ) 
4 173 209 (64 -64 384 ) (64 -128 384 ) (0 -128 384 ) (0 -64 384 ) 
4 173 197 (0 0 384 ) (64 0 384 ) (64 -64 384 ) (0 -64 384 ) 
4 174 177 (400 0 256 ) (768 0 256 ) (768 -64 256 ) (400 -64 256 ) 
4 174 175 (400 0 256 ) (400 -64 256 ) (400 -64 384 ) (400 0 384 ) 
4 175 198 (384 0 380 ) (384 0 256 ) (384 -64 256 ) (384 -64 380 ) 
4 175 196 (384 -64 384 ) (384 0 384 ) (384 0 380 ) (384 -64 380 ) 
4 175 177 (384 -64 256 ) (384 0 256 ) (400 0 256 ) (400 -64 256 ) 
4 176 206 (384 -640 384 ) (384 -576 384 ) (384 -576 256 ) (384 -640 256 ) 
4 176 192 (384 -640 256 ) (384 -576 256 ) (392 -576 256 ) (392 -640 256 ) 
4 177 228 (384 -64 0 ) (384 0 0 ) (448 0 0 ) (448 -64 0 ) 
4 177 225 (448 0 0 ) (576 0 0 ) (576 -64 0 ) (448 -64 0 ) 
4 177 223 (576 0 0 ) (640 0 0 ) (640 -64 0 ) (576 -64 0 ) 
4 177 222 (640 0 0 ) (704 0 0 ) (704 -64 0 ) (640 -64 0 ) 
4 177 221 (704 0 0 ) (768 0 0 ) (768 -64 0 ) (704 -64 0 ) 
4 177 211 (384 0 0 ) (384 -64 0 ) (384 -64 128 ) (384 0 128 ) 
4 177 201 (384 -64 128 ) (384 -64 132 ) (384 0 132 ) (384 0 128 ) 
4 177 198 (384 -64 132 ) (384 -64 256 ) (384 0 256 ) (384 0 132 ) 
4 178 182 (656 -640 0 ) (656 -896 0 ) (656 -896 120 ) (656 -640 120 ) 
4 178 180 (656 -896 120 ) (656 -896 136 ) (656 -640 136 ) (656 -640 120 ) 
4 178 179 (656 -896 136 ) (656 -896 256 ) (656 -640 256 ) (656 -640 136 ) 
4 179 185 (536 -584 136 ) (536 -904 136 ) (536 -904 256 ) (536 -584 256 ) 
3 179 183 (536 -584 136 ) (536 -584 256 ) (536 -576 256 ) 
4 179 180 (536 -904 136 ) (536 -584 136 ) (656 -576 136 ) (656 -904 136 ) 
4 180 185 (536 -584 120 ) (536 -904 120 ) (536 -904 136 ) (536 -584 136 ) 
4 180 182 (536 -904 120 ) (536 -584 120 ) (656 -576 120 ) (656 -904 120 ) 
4 180 181 (536 -904 120 ) (656 -904 120 ) (656 -904 128 ) (536 -904 128 ) 
4 181 195 (536 -912 128 ) (536 -912 120 ) (656 -912 120 ) (656 -912 128 ) 
4 181 186 (536 -904 120 ) (536 -912 120 ) (536 -912 128 ) (536 -904 128 ) 
4 181 182 (536 -912 120 ) (536 -904 120 ) (656 -904 120 ) (656 -912 120 ) 
4 182 195 (536 -912 120 ) (536 -912 0 ) (656 -912 0 ) (656 -912 120 ) 
4 182 186 (536 -904 0 ) (536 -912 0 ) (536 -912 120 ) (536 -904 120 ) 
4 182 185 (536 -584 0 ) (536 -904 0 ) (536 -904 120 ) (536 -584 120 ) 
3 182 184 (536 -576 0 ) (536 -584 0 ) (536 -584 120 ) 
3 183 188 (520 -584 136 ) (520 -584 256 ) (520 -576 256 ) 
4 183 187 (520 -584 256 ) (520 -584 136 ) (528 -584 136 ) (528 -584 256 ) 
4 183 185 (528 -584 136 ) (536 -584 136 ) (536 -584 256 ) (528 -584 256 ) 
3 184 190 (520 -576 0 ) (520 -584 0 ) (520 -584 120 ) 
4 184 187 (520 -584 120 ) (520 -584 0 ) (528 -584 0 ) (528 -584 120 ) 
4 184 185 (528 -584 0 ) (536 -584 0 ) (536 -584 120 ) (528 -584 120 ) 
4 185 187 (528 -584 256 ) (528 -584 0 ) (528 -904 0 ) (528 -904 256 ) 
4 185 186 (528 -904 128 ) (528 -904 0 ) (536 -904 0 ) (536 -904 128 ) 
4 186 195 (528 -912 128 ) (528 -912 0 ) (536 -912 0 ) (536 -912 128 ) 
4 187 191 (520 -896 0 ) (520 -904 0 ) (520 -904 256 ) (520 -896 256 ) 
4 187 189 (520 -896 120 ) (520 -896 136 ) (520 -584 136 ) (520 -584 120 ) 
4 187 188 (520 -896 136 ) (520 -896 256 ) (520 -584 256 ) (520 -584 136 ) 
4 187 190 (520 -584 0 ) (520 -896 0 ) (520 -896 120 ) (520 -584 120 ) 
4 188 192 (400 -832 256 ) (400 -576 256 ) (400 -576 136 ) (400 -832 136 ) 
4 188 191 (464 -896 136 ) (520 -896 136 ) (520 -896 256 ) (464 -896 256 ) 
4 188 189 (520 -896 136 ) (400 -896 136 ) (400 -576 136 ) (520 -584 136 ) 
4 189 194 (400 -832 128 ) (400 -576 128 ) (400 -576 120 ) (400 -832 120 ) 
4 189 192 (400 -832 136 ) (400 -576 136 ) (400 -576 128 ) (400 -832 128 ) 
4 189 191 (464 -896 120 ) (520 -896 120 ) (520 -896 136 ) (464 -896 136 ) 
4 189 190 (520 -896 120 ) (400 -896 120 ) (400 -576 120 ) (520 -584 120 ) 
4 190 194 (400 -576 0 ) (400 -832 0 ) (400 -832 120 ) (400 -576 120 ) 
4 190 191 (464 -896 0 ) (520 -896 0 ) (520 -896 120 ) (464 -896 120 ) 
4 192 206 (384 -832 256 ) (384 -576 256 ) (384 -576 128 ) (384 -832 128 ) 
4 192 194 (400 -576 128 ) (400 -832 128 ) (384 -832 128 ) (384 -576 128 ) 
4 193 212 (384 -576 64 ) (384 -576 128 ) (384 -448 128 ) (384 -448 64 ) 
4 193 194 (400 -576 64 ) (400 -576 128 ) (384 -576 128 ) (384 -576 64 ) 
4 194 212 (384 -576 0 ) (384 -832 0 ) (384 -832 128 ) (384 -576 128 ) 
4 195 394 (912 -1024 128 ) (400 -1024 128 ) (400 -1024 0 ) (912 -1024 0 ) 
4 196 198 (384 -64 380 ) (288 -64 380 ) (288 0 380 ) (384 0 380 ) 
4 197 296 (0 -64 384 ) (0 0 384 ) (0 0 380 ) (0 -64 380 ) 
4 197 209 (128 -64 384 ) (0 -64 384 ) (0 -64 380 ) (128 -64 380 ) 
4 197 208 (284 -64 384 ) (128 -64 384 ) (128 -64 380 ) (284 -64 380 ) 
4 197 200 (284 -64 380 ) (0 -64 380 ) (0 0 380 ) (284 0 380 ) 
4 198 203 (380 -64 380 ) (288 -64 380 ) (288 -64 132 ) (380 -64 132 ) 
4 198 201 (384 -64 132 ) (288 -64 132 ) (288 0 132 ) (384 0 132 ) 
4 198 199 (288 0 132 ) (288 -64 132 ) (288 -64 380 ) (288 0 380 ) 
4 199 200 (287 0 132 ) (287 -64 132 ) (287 -64 380 ) (287 0 380 ) 
4 200 296 (0 0 380 ) (0 0 132 ) (0 -64 132 ) (0 -64 380 ) 
4 200 209 (128 -64 380 ) (0 -64 380 ) (0 -64 132 ) (128 -64 132 ) 
4 200 208 (284 -64 380 ) (128 -64 380 ) (128 -64 132 ) (284 -64 132 ) 
4 200 202 (284 -64 132 ) (0 -64 132 ) (0 0 132 ) (284 0 132 ) 
4 201 213 (288 0 128 ) (380 0 128 ) (380 -64 128 ) (288 -64 128 ) 
4 201 211 (380 0 128 ) (384 0 128 ) (384 -64 128 ) (380 -64 128 ) 
4 202 296 (0 0 132 ) (0 0 128 ) (0 -64 128 ) (0 -64 132 ) 
4 202 215 (0 0 128 ) (284 0 128 ) (284 -64 128 ) (0 -64 128 ) 
4 202 209 (0 -64 128 ) (128 -64 128 ) (128 -64 132 ) (0 -64 132 ) 
4 202 208 (128 -64 128 ) (284 -64 128 ) (284 -64 132 ) (128 -64 132 ) 
4 203 204 (288 -68 380 ) (288 -68 132 ) (380 -68 132 ) (380 -68 380 ) 
4 204 217 (380 -512 128 ) (288 -512 128 ) (288 -68 128 ) (380 -68 128 ) 
4 204 212 (384 -68 128 ) (384 -512 128 ) (380 -512 128 ) (380 -68 128 ) 
4 204 207 (288 -68 128 ) (288 -512 128 ) (288 -512 384 ) (288 -68 384 ) 
5 204 205 (288 -512 384 ) (288 -512 128 ) (384 -512 128 ) (384 -512 256 ) (376.888977 -512 384 ) 
4 205 217 (380 -576 128 ) (288 -576 128 ) (288 -512 128 ) (380 -512 128 ) 
4 205 212 (384 -512 128 ) (384 -576 128 ) (380 -576 128 ) (380 -512 128 ) 
4 205 207 (288 -512 128 ) (288 -576 128 ) (288 -576 384 ) (288 -512 384 ) 
5 205 206 (288 -576 384 ) (288 -576 128 ) (384 -576 128 ) (384 -576 256 ) (376.888977 -576 384 ) 
4 206 217 (380 -896 128 ) (288 -896 128 ) (288 -576 128 ) (380 -576 128 ) 
4 206 212 (384 -576 128 ) (384 -896 128 ) (380 -896 128 ) (380 -576 128 ) 
4 206 207 (288 -576 128 ) (288 -896 128 ) (288 -896 384 ) (288 -576 384 ) 
4 207 219 (288 -896 128 ) (284 -896 128 ) (284 -68 128 ) (288 -68 128 ) 
4 207 208 (284 -68 128 ) (284 -896 128 ) (284 -896 384 ) (284 -68 384 ) 
4 208 219 (284 -896 128 ) (128 -896 128 ) (128 -68 128 ) (284 -68 128 ) 
4 208 218 (128 -68 128 ) (128 -64 128 ) (284 -64 128 ) (284 -68 128 ) 
5 208 210 (128 -320 128 ) (128 -896 128 ) (128 -896 384 ) (128 -512 384 ) (128 -320 374 ) 
4 208 209 (128 -64 384 ) (128 -64 128 ) (128 -320 128 ) (128 -320 384 ) 
4 209 296 (0 -320 384 ) (0 -64 384 ) (0 -64 128 ) (0 -320 128 ) 
4 209 219 (0 -320 128 ) (0 -68 128 ) (128 -68 128 ) (128 -320 128 ) 
4 209 218 (0 -68 128 ) (0 -64 128 ) (128 -64 128 ) (128 -68 128 ) 
4 209 210 (0 -320 128 ) (128 -320 128 ) (128 -320 374 ) (0 -320 374 ) 
5 210 296 (0 -896 384 ) (0 -512 384 ) (0 -320 374 ) (0 -320 128 ) (0 -896 128 ) 
4 210 219 (128 -896 128 ) (0 -896 128 ) (0 -320 128 ) (128 -320 128 ) 
4 211 230 (380 -64 0 ) (380 0 0 ) (384 0 0 ) (384 -64 0 ) 
4 211 213 (380 0 0 ) (380 -64 0 ) (380 -64 128 ) (380 0 128 ) 
4 212 235 (380 -512 0 ) (380 -68 0 ) (384 -68 0 ) (384 -512 0 ) 
4 212 217 (380 -68 0 ) (380 -896 0 ) (380 -896 128 ) (380 -68 128 ) 
4 213 230 (288 0 0 ) (380 0 0 ) (380 -64 0 ) (288 -64 0 ) 
4 213 216 (288 -64 0 ) (380 -64 0 ) (380 -64 128 ) (288 -64 128 ) 
4 213 214 (288 0 0 ) (288 -64 0 ) (288 -64 128 ) (288 0 128 ) 
4 214 215 (287 0 0 ) (287 -64 0 ) (287 -64 128 ) (287 0 128 ) 
4 215 296 (0 -64 128 ) (0 0 128 ) (0 0 0 ) (0 -64 0 ) 
4 215 231 (0 -64 0 ) (0 0 0 ) (284 0 0 ) (284 -64 0 ) 
4 215 218 (0 -64 0 ) (284 -64 0 ) (284 -64 128 ) (0 -64 128 ) 
4 216 217 (288 -68 128 ) (288 -68 0 ) (380 -68 0 ) (380 -68 128 ) 
4 217 236 (288 -512 0 ) (288 -68 0 ) (380 -68 0 ) (380 -512 0 ) 
4 217 219 (288 -68 0 ) (288 -896 0 ) (288 -896 128 ) (288 -68 128 ) 
4 218 296 (0 -68 128 ) (0 -64 128 ) (0 -64 0 ) (0 -68 0 ) 
4 218 240 (0 -68 0 ) (0 -64 0 ) (284 -64 0 ) (284 -68 0 ) 
4 218 219 (0 -68 0 ) (284 -68 0 ) (284 -68 128 ) (0 -68 128 ) 
4 219 296 (0 -896 128 ) (0 -68 128 ) (0 -68 0 ) (0 -896 0 ) 
4 219 247 (0 -576 0 ) (0 -512 0 ) (64 -512 0 ) (64 -576 0 ) 
4 219 242 (81.019836 -448 0 ) (288 -448 0 ) (288 -504 0 ) (81.019821 -504 0 ) 
4 219 241 (0 -504 0 ) (0 -448 0 ) (81.019836 -448 0 ) (81.019821 -504 0 ) 
4 219 246 (0 -512 0 ) (0 -504 0 ) (288 -504 0 ) (288 -512 0 ) 
4 219 239 (284 -68 0 ) (288 -68 0 ) (288 -448 0 ) (284 -448 0 ) 
4 219 240 (0 -448 0 ) (0 -68 0 ) (284 -68 0 ) (284 -448 0 ) 
4 220 221 (768 -320 0 ) (768 0 0 ) (768 0 -32 ) (768 -320 -32 ) 
4 221 253 (704 0 -128 ) (768 0 -128 ) (768 -328 -128 ) (704 -328 -128 ) 
4 221 222 (704 0 -128 ) (704 -316 -128 ) (704 -316 0 ) (704 0 0 ) 
4 222 257 (704 -312 -128 ) (704 -316 -128 ) (640 -316 -128 ) (640 -312 -128 ) 
4 222 256 (704 -192 -128 ) (704 -312 -128 ) (640 -312 -128 ) (640 -192 -128 ) 
4 222 254 (640 0 -128 ) (704 0 -128 ) (704 -192 -128 ) (640 -192 -128 ) 
4 222 224 (640 -192 -128 ) (640 -316 -128 ) (640 -316 0 ) (640 -192 0 ) 
4 222 223 (640 0 -128 ) (640 -64 -128 ) (640 -64 0 ) (640 0 0 ) 
4 223 255 (576 0 -128 ) (640 0 -128 ) (640 -64 -128 ) (576 -64 -128 ) 
4 223 225 (576 0 -128 ) (576 -64 -128 ) (576 -64 0 ) (576 0 0 ) 
4 224 257 (640 -312 -128 ) (640 -320 -128 ) (576 -320 -128 ) (576 -312 -128 ) 
4 224 256 (640 -192 -128 ) (640 -312 -128 ) (576 -312 -128 ) (576 -192 -128 ) 
4 224 227 (576 -192 -128 ) (576 -320 -128 ) (576 -320 0 ) (576 -192 0 ) 
4 225 255 (448 0 -128 ) (576 0 -128 ) (576 -64 -128 ) (448 -64 -128 ) 
4 225 228 (448 0 -128 ) (448 -64 -128 ) (448 -64 0 ) (448 0 0 ) 
4 226 227 (448 -192 0 ) (448 -192 -128 ) (576 -192 -128 ) (576 -192 0 ) 
4 227 258 (576 -192 -128 ) (576 -320 -128 ) (448 -320 -128 ) (448 -192 -128 ) 
4 227 229 (448 -192 -128 ) (448 -320 -128 ) (448 -320 0 ) (448 -192 0 ) 
4 228 255 (384 0 -128 ) (448 0 -128 ) (448 -64 -128 ) (384 -64 -128 ) 
4 228 232 (384 0 -128 ) (384 -64 -128 ) (384 -64 -4 ) (384 0 -4 ) 
4 228 230 (384 -64 -4 ) (384 -64 0 ) (384 0 0 ) (384 0 -4 ) 
4 229 259 (448 -192 -128 ) (448 -320 -128 ) (384 -320 -128 ) (384 -192 -128 ) 
4 229 235 (384 -192 -128 ) (384 -320 -128 ) (384 -320 0 ) (384 -192 0 ) 
4 230 232 (384 -64 -4 ) (288 -64 -4 ) (288 0 -4 ) (384 0 -4 ) 
4 231 351 (0 -64 0 ) (0 0 0 ) (0 0 -4 ) (0 -64 -4 ) 
4 231 240 (284 -64 0 ) (0 -64 0 ) (0 -64 -4 ) (284 -64 -4 ) 
4 231 234 (284 -64 -4 ) (0 -64 -4 ) (0 0 -4 ) (284 0 -4 ) 
4 232 263 (288 0 -128 ) (384 0 -128 ) (384 -64 -128 ) (288 -64 -128 ) 
4 232 237 (288 -64 -128 ) (380 -64 -128 ) (380 -64 -4 ) (288 -64 -4 ) 
4 232 233 (288 0 -128 ) (288 -64 -128 ) (288 -64 -4 ) (288 0 -4 ) 
4 233 264 (287 0 -128 ) (288 0 -128 ) (288 -64 -128 ) (287 -64 -128 ) 
4 233 234 (287 0 -128 ) (287 -64 -128 ) (287 -64 -4 ) (287 0 -4 ) 
4 234 362 (0 0 -16 ) (0 0 -128 ) (0 -64 -128 ) (0 -64 -16 ) 
4 234 351 (0 0 -4 ) (0 0 -16 ) (0 -64 -16 ) (0 -64 -4 ) 
4 234 265 (0 0 -128 ) (287 0 -128 ) (287 -64 -128 ) (0 -64 -128 ) 
4 234 240 (0 -64 -128 ) (284 -64 -128 ) (284 -64 -4 ) (0 -64 -4 ) 
4 235 273 (384 -68 -128 ) (384 -512 -128 ) (380 -512 -128 ) (380 -68 -128 ) 
4 235 238 (380 -68 -128 ) (380 -512 -128 ) (380 -512 -4 ) (380 -68 -4 ) 
4 235 236 (380 -512 -4 ) (380 -512 0 ) (380 -68 0 ) (380 -68 -4 ) 
4 236 242 (288 -448 -4 ) (288 -504 -4 ) (288 -504 0 ) (288 -448 0 ) 
4 236 246 (288 -504 -4 ) (288 -512 -4 ) (288 -512 0 ) (288 -504 0 ) 
4 236 239 (288 -68 -4 ) (288 -448 -4 ) (288 -448 0 ) (288 -68 0 ) 
4 236 238 (288 -512 -4 ) (288 -68 -4 ) (380 -68 -4 ) (380 -512 -4 ) 
4 237 274 (288 -68 -128 ) (288 -64 -128 ) (380 -64 -128 ) (380 -68 -128 ) 
4 237 238 (380 -68 -128 ) (380 -68 -4 ) (288 -68 -4 ) (288 -68 -128 ) 
4 238 275 (380 -512 -128 ) (288 -512 -128 ) (288 -68 -128 ) (380 -68 -128 ) 
4 238 242 (288 -448 -128 ) (288 -504 -128 ) (288 -504 -4 ) (288 -448 -4 ) 
4 238 246 (288 -504 -128 ) (288 -512 -128 ) (288 -512 -4 ) (288 -504 -4 ) 
4 238 239 (288 -68 -128 ) (288 -448 -128 ) (288 -448 -4 ) (288 -68 -4 ) 
4 239 280 (288 -68 -128 ) (288 -448 -128 ) (284 -448 -128 ) (284 -68 -128 ) 
4 239 242 (284 -448 -128 ) (288 -448 -128 ) (288 -448 0 ) (284 -448 0 ) 
4 239 240 (284 -68 -128 ) (284 -448 -128 ) (284 -448 0 ) (284 -68 0 ) 
4 240 362 (0 -64 -16 ) (0 -64 -128 ) (0 -448 -128 ) (0 -448 -16 ) 
4 240 351 (0 -448 0 ) (0 -64 0 ) (0 -64 -16 ) (0 -448 -16 ) 
4 240 281 (0 -448 -128 ) (0 -64 -128 ) (284 -64 -128 ) (284 -448 -128 ) 
4 240 245 (33.135941 -448 -5.032780 ) (0 -448 -8.515493 ) (0 -448 -9.520816 ) (33.240253 -448 -6.027102 ) 
4 240 244 (59.097855 -448 -3.309341 ) (58.993553 -448 -2.315046 ) (33.135941 -448 -5.032780 ) (33.240253 -448 -6.027102 ) 
4 240 243 (0 -448 -128 ) (72.177940 -448 -128 ) (59.097855 -448 -3.309341 ) (0 -448 -9.520816 ) 
5 240 242 (72.177940 -448 -128 ) (284 -448 -128 ) (284 -448 0 ) (81.019836 -448 0 ) (58.993553 -448 -2.315046 ) 
3 240 241 (81.019836 -448 0 ) (0 -448 0 ) (0 -448 -8.515493 ) 
4 241 352 (0 -504 0 ) (0 -448 0 ) (0 -448 -8.515493 ) (0 -504 -8.515488 ) 
4 241 245 (33.135864 -504 -5.032800 ) (0 -504 -8.515506 ) (0 -448 -8.515572 ) (33.135952 -448 -5.032848 ) 
4 241 244 (58.993965 -504 -2.315015 ) (33.135864 -504 -5.032800 ) (33.135952 -448 -5.032848 ) (58.993557 -448 -2.315109 ) 
4 241 242 (81.019943 -504 0 ) (58.993965 -504 -2.315015 ) (58.993557 -448 -2.315109 ) (81.020386 -448 0 ) 
3 241 246 (81.019821 -504 0 ) (0 -504 0 ) (0 -504 -8.515493 ) 
4 242 280 (284 -448 -128 ) (288 -448 -128 ) (288 -504 -128 ) (284 -504 -128 ) 
4 242 281 (72.177948 -448 -128 ) (284 -448 -128 ) (284 -504 -128 ) (72.178360 -504 -128 ) 
4 242 244 (59.098194 -504 -3.309723 ) (58.993954 -504 -2.316016 ) (58.993542 -448 -2.316059 ) (59.097740 -448 -3.309359 ) 
4 242 243 (72.178253 -504 -128 ) (59.098194 -504 -3.309723 ) (59.097740 -448 -3.309359 ) (72.177834 -448 -128 ) 
5 242 246 (72.178375 -504 -128 ) (288 -504 -128 ) (288 -504 0 ) (81.019821 -504 0 ) (58.993961 -504 -2.315002 ) 
4 243 362 (0 -448 -16 ) (0 -448 -128 ) (0 -504 -128 ) (0 -504 -16 ) 
4 243 353 (0 -448 -9.520816 ) (0 -448 -16 ) (0 -504 -16 ) (0 -504 -9.521225 ) 
4 243 281 (0 -504 -128 ) (0 -448 -128 ) (72.177948 -448 -128 ) (72.178360 -504 -128 ) 
4 243 245 (0 -504 -9.521095 ) (33.240204 -504 -6.027383 ) (33.240238 -448 -6.026963 ) (0 -448 -9.520672 ) 
4 243 244 (33.240204 -504 -6.027383 ) (59.099773 -504 -3.309412 ) (59.099319 -448 -3.309050 ) (33.240238 -448 -6.026963 ) 
4 243 246 (0 -504 -128 ) (72.178375 -504 -128 ) (59.098305 -504 -3.309708 ) (0 -504 -9.521225 ) 
4 244 246 (59.098305 -504 -3.309708 ) (58.993961 -504 -2.315002 ) (33.135864 -504 -5.032787 ) (33.240223 -504 -6.027517 ) 
4 244 245 (33.240429 -448 -6.028688 ) (33.240391 -504 -6.029100 ) (33.135803 -504 -5.033012 ) (33.135883 -448 -5.033004 ) 
4 245 355 (0 -448 -8.515493 ) (0 -448 -9.520816 ) (0 -504 -9.521225 ) (0 -504 -8.515488 ) 
4 245 246 (33.135864 -504 -5.032787 ) (0 -504 -8.515493 ) (0 -504 -9.521225 ) (33.240223 -504 -6.027517 ) 
4 246 362 (0 -504 -16 ) (0 -504 -128 ) (0 -512 -128 ) (0 -512 -16 ) 
4 246 356 (0 -512 0 ) (0 -504 0 ) (0 -504 -16 ) (0 -512 -16 ) 
4 246 280 (288 -512 -128 ) (284 -512 -128 ) (284 -504 -128 ) (288 -504 -128 ) 
4 246 281 (284 -512 -128 ) (0 -512 -128 ) (0 -504 -128 ) (284 -504 -128 ) 
4 246 251 (0 -512 -128 ) (64 -512 -128 ) (64 -512 -16 ) (0 -512 -16 ) 
4 246 249 (0 -512 -12 ) (0 -512 -16 ) (32 -512 -16 ) (32 -512 -12 ) 
4 246 247 (64 -512 0 ) (0 -512 0 ) (0 -512 -12 ) (64 -512 -12 ) 
4 247 356 (0 -576 0 ) (0 -512 0 ) (0 -512 -12 ) (0 -576 -12 ) 
4 247 249 (0 -544 -12 ) (0 -512 -12 ) (32 -512 -12 ) (32 -544 -12 ) 
4 247 248 (0 -576 -12 ) (64 -576 -12 ) (64 -576 -2 ) (0 -576 -2 ) 
4 248 359 (0 -576 -2 ) (0 -576 -12 ) (0 -640 -12 ) (0 -640 -2 ) 
4 249 356 (0 -512 -12 ) (0 -512 -16 ) (0 -544 -16 ) (0 -544 -12 ) 
4 249 252 (32 -528 -16 ) (32 -544 -16 ) (0 -544 -16 ) (0 -528 -16 ) 
4 249 251 (0 -512 -16 ) (32 -512 -16 ) (32 -528 -16 ) (0 -528 -16 ) 
4 250 252 (64 -528 -128 ) (128 -528 -128 ) (128 -528 -16 ) (64 -528 -16 ) 
4 250 251 (64 -528 -128 ) (64 -528 -16 ) (64 -520 -16 ) (64 -520 -128 ) 
4 251 364 (0 -528 -16 ) (0 -520 -16 ) (0 -520 -128 ) (0 -528 -128 ) 
4 251 363 (0 -520 -16 ) (0 -512 -16 ) (0 -512 -128 ) (0 -520 -128 ) 
4 251 252 (0 -528 -128 ) (64 -528 -128 ) (64 -528 -16 ) (0 -528 -16 ) 
4 252 364 (0 -640 -16 ) (0 -528 -16 ) (0 -528 -128 ) (0 -640 -128 ) 
4 253 260 (704 0 -384 ) (768 0 -384 ) (768 -320 -384 ) (704 -320 -384 ) 
3 253 257 (704 -320 -128 ) (704 -312 -128 ) (704 -316 -256 ) 
4 253 256 (704 -192 -384 ) (704 -320 -384 ) (704 -312 -128 ) (704 -192 -128 ) 
4 253 254 (704 0 -384 ) (704 -192 -384 ) (704 -192 -128 ) (704 0 -128 ) 
4 254 260 (640 0 -384 ) (704 0 -384 ) (704 -192 -384 ) (640 -192 -384 ) 
4 254 256 (640 -192 -384 ) (704 -192 -384 ) (704 -192 -128 ) (640 -192 -128 ) 
4 254 255 (640 0 -384 ) (640 -64 -384 ) (640 -64 -128 ) (640 0 -128 ) 
4 255 263 (384 -64 -128 ) (384 0 -128 ) (384 0 -384 ) (384 -64 -384 ) 
4 255 261 (384 -64 -384 ) (384 0 -384 ) (640 0 -384 ) (640 -64 -384 ) 
4 256 262 (576 -192 -384 ) (640 -192 -384 ) (640 -320 -384 ) (576 -320 -384 ) 
4 256 260 (640 -192 -384 ) (704 -192 -384 ) (704 -320 -384 ) (640 -320 -384 ) 
4 256 258 (576 -192 -128 ) (576 -192 -384 ) (576 -320 -384 ) (576 -312 -128 ) 
4 256 257 (576 -312 -128 ) (576 -316 -256 ) (704 -316 -256 ) (704 -312 -128 ) 
3 257 258 (576 -320 -128 ) (576 -312 -128 ) (576 -316 -256 ) 
4 258 262 (448 -192 -384 ) (576 -192 -384 ) (576 -320 -384 ) (448 -320 -384 ) 
4 258 259 (448 -192 -128 ) (448 -192 -384 ) (448 -320 -384 ) (448 -320 -128 ) 
4 259 273 (384 -320 -128 ) (384 -192 -128 ) (384 -192 -384 ) (384 -320 -384 ) 
4 259 262 (384 -320 -384 ) (384 -192 -384 ) (448 -192 -384 ) (448 -320 -384 ) 
4 260 284 (640 0 -512 ) (768 0 -512 ) (768 -320 -512 ) (640 -320 -512 ) 
4 260 262 (640 -192 -512 ) (640 -320 -512 ) (640 -320 -384 ) (640 -192 -384 ) 
4 260 261 (640 0 -512 ) (640 -64 -512 ) (640 -64 -384 ) (640 0 -384 ) 
4 261 285 (384 0 -512 ) (640 0 -512 ) (640 -64 -512 ) (384 -64 -512 ) 
4 261 271 (384 0 -512 ) (384 -64 -512 ) (384 -64 -480 ) (384 0 -480 ) 
4 261 269 (384 -64 -480 ) (384 -64 -476 ) (384 0 -476 ) (384 0 -480 ) 
4 261 263 (384 -64 -476 ) (384 -64 -384 ) (384 0 -384 ) (384 0 -476 ) 
4 262 286 (640 -192 -512 ) (640 -320 -512 ) (384 -320 -512 ) (384 -192 -512 ) 
4 262 282 (384 -192 -512 ) (384 -320 -512 ) (384 -320 -480 ) (384 -192 -480 ) 
4 262 273 (384 -320 -480 ) (384 -320 -384 ) (384 -192 -384 ) (384 -192 -480 ) 
4 263 277 (288 -64 -260 ) (288 -64 -476 ) (380 -64 -476 ) (380 -64 -260 ) 
4 263 274 (380 -64 -128 ) (288 -64 -128 ) (288 -64 -256 ) (380 -64 -256 ) 
4 263 269 (384 -64 -476 ) (288 -64 -476 ) (288 0 -476 ) (384 0 -476 ) 
4 263 267 (288 0 -476 ) (288 -64 -476 ) (288 -64 -260 ) (288 0 -260 ) 
4 263 264 (288 -64 -256 ) (288 -64 -128 ) (288 0 -128 ) (288 0 -256 ) 
4 264 265 (287 0 -256 ) (287 -64 -256 ) (287 -64 -128 ) (287 0 -128 ) 
4 265 362 (0 -64 -128 ) (0 0 -128 ) (0 0 -256 ) (0 -64 -256 ) 
4 265 281 (284 -64 -128 ) (0 -64 -128 ) (0 -64 -256 ) (284 -64 -256 ) 
4 265 266 (0 0 -256 ) (284 0 -256 ) (284 -64 -256 ) (0 -64 -256 ) 
4 266 362 (0 0 -256 ) (0 0 -260 ) (0 -64 -260 ) (0 -64 -256 ) 
4 266 281 (0 -64 -256 ) (0 -64 -260 ) (284 -64 -260 ) (284 -64 -256 ) 
4 266 268 (284 -64 -260 ) (0 -64 -260 ) (0 0 -260 ) (284 0 -260 ) 
4 267 268 (287 0 -476 ) (287 -64 -476 ) (287 -64 -260 ) (287 0 -260 ) 
4 268 362 (0 0 -260 ) (0 0 -476 ) (0 -64 -476 ) (0 -64 -260 ) 
4 268 281 (0 -64 -260 ) (0 -64 -476 ) (284 -64 -476 ) (284 -64 -260 ) 
4 268 270 (284 -64 -476 ) (0 -64 -476 ) (0 0 -476 ) (284 0 -476 ) 
4 269 271 (384 -64 -480 ) (288 -64 -480 ) (288 0 -480 ) (384 0 -480 ) 
4 270 362 (0 0 -476 ) (0 0 -480 ) (0 -64 -480 ) (0 -64 -476 ) 
4 270 281 (284 -64 -476 ) (0 -64 -476 ) (0 -64 -480 ) (284 -64 -480 ) 
4 270 272 (256 -64 -480 ) (0 -64 -480 ) (0 0 -480 ) (256 0 -480 ) 
4 271 287 (288 0 -512 ) (384 0 -512 ) (384 -64 -512 ) (288 -64 -512 ) 
4 272 362 (0 0 -480 ) (0 0 -512 ) (0 -64 -512 ) (0 -64 -480 ) 
4 272 288 (0 0 -512 ) (256 0 -512 ) (256 -64 -512 ) (0 -64 -512 ) 
4 272 283 (0 -64 -512 ) (256 -64 -512 ) (256 -64 -480 ) (0 -64 -480 ) 
4 273 282 (384 -512 -480 ) (380 -512 -480 ) (380 -96 -480 ) (384 -96 -480 ) 
4 273 279 (380 -68 -480 ) (380 -512 -480 ) (380 -512 -476 ) (380 -68 -476 ) 
4 273 278 (380 -512 -476 ) (380 -512 -260 ) (380 -68 -260 ) (380 -68 -476 ) 
4 273 276 (380 -512 -260 ) (380 -512 -256 ) (380 -68 -256 ) (380 -68 -260 ) 
4 273 275 (380 -512 -256 ) (380 -512 -128 ) (380 -68 -128 ) (380 -68 -256 ) 
4 274 275 (288 -68 -128 ) (288 -68 -256 ) (380 -68 -256 ) (380 -68 -128 ) 
4 275 280 (288 -68 -256 ) (288 -512 -256 ) (288 -512 -128 ) (288 -68 -128 ) 
4 275 276 (288 -512 -256 ) (288 -68 -256 ) (380 -68 -256 ) (380 -512 -256 ) 
4 276 280 (288 -68 -260 ) (288 -512 -260 ) (288 -512 -256 ) (288 -68 -256 ) 
4 276 278 (288 -512 -260 ) (288 -68 -260 ) (380 -68 -260 ) (380 -512 -260 ) 
4 277 278 (288 -68 -476 ) (380 -68 -476 ) (380 -68 -260 ) (288 -68 -260 ) 
4 278 280 (288 -68 -476 ) (288 -512 -476 ) (288 -512 -260 ) (288 -68 -260 ) 
4 278 279 (288 -512 -476 ) (288 -68 -476 ) (380 -68 -476 ) (380 -512 -476 ) 
4 279 282 (380 -512 -480 ) (288 -512 -480 ) (288 -96 -480 ) (380 -96 -480 ) 
4 279 280 (288 -68 -480 ) (288 -512 -480 ) (288 -512 -476 ) (288 -68 -476 ) 
4 280 282 (288 -512 -480 ) (284 -512 -480 ) (284 -96 -480 ) (288 -96 -480 ) 
4 280 281 (284 -68 -480 ) (284 -512 -480 ) (284 -512 -128 ) (284 -68 -128 ) 
4 281 362 (0 -512 -128 ) (0 -64 -128 ) (0 -64 -480 ) (0 -512 -480 ) 
4 281 282 (284 -512 -480 ) (256 -512 -480 ) (256 -96 -480 ) (284 -96 -480 ) 
4 281 283 (256 -512 -480 ) (0 -512 -480 ) (0 -64 -480 ) (256 -64 -480 ) 
4 282 289 (384 -96 -512 ) (384 -512 -512 ) (256 -512 -512 ) (256 -96 -512 ) 
4 282 283 (256 -512 -512 ) (256 -512 -480 ) (256 -96 -480 ) (256 -96 -512 ) 
4 283 362 (0 -64 -480 ) (0 -64 -512 ) (0 -512 -512 ) (0 -512 -480 ) 
4 283 290 (256 -512 -512 ) (0 -512 -512 ) (0 -64 -512 ) (256 -64 -512 ) 
4 284 286 (640 -192 -768 ) (640 -320 -768 ) (640 -320 -512 ) (640 -192 -512 ) 
4 284 285 (640 0 -768 ) (640 -64 -768 ) (640 -64 -512 ) (640 0 -512 ) 
4 285 287 (384 0 -768 ) (384 -64 -768 ) (384 -64 -512 ) (384 0 -512 ) 
4 286 289 (384 -192 -768 ) (384 -320 -768 ) (384 -320 -512 ) (384 -192 -512 ) 
4 288 391 (0 -64 -512 ) (0 0 -512 ) (0 0 -768 ) (0 -64 -768 ) 
4 288 290 (0 -64 -768 ) (256 -64 -768 ) (256 -64 -512 ) (0 -64 -512 ) 
4 289 290 (256 -96 -768 ) (256 -512 -768 ) (256 -512 -512 ) (256 -96 -512 ) 
4 290 391 (0 -512 -512 ) (0 -64 -512 ) (0 -64 -768 ) (0 -512 -768 ) 
4 291 296 (-128 0 384 ) (0 0 384 ) (0 -128 384 ) (-128 -128 384 ) 
4 291 293 (-128 0 384 ) (-128 -128 384 ) (-128 -128 392 ) (-128 0 392 ) 
4 292 296 (0 -320 384 ) (0 -576 384 ) (-128 -576 384 ) (-128 -320 384 ) 
4 292 294 (-128 -320 384 ) (-128 -576 384 ) (-128 -576 400 ) (-128 -320 400 ) 
4 293 297 (-192 0 384 ) (-128 0 384 ) (-128 -128 384 ) (-192 -128 384 ) 
4 294 299 (-256 -576 384 ) (-256 -320 384 ) (-128 -320 384 ) (-128 -576 384 ) 
4 295 308 (-256 -864 384 ) (-256 -896 384 ) (-256 -896 392 ) (-256 -864 392 ) 
4 295 299 (-256 -896 384 ) (-256 -864 384 ) (-192 -864 384 ) (-192 -896 384 ) 
4 296 361 (-64 -576 0 ) (-64 -640 0 ) (-128 -640 0 ) (-128 -576 0 ) 
4 296 360 (-128 0 0 ) (-64 0 0 ) (-64 -576 0 ) (-128 -576 0 ) 
4 296 358 (0 -608 0 ) (0 -640 0 ) (-64 -640 0 ) (-64 -608 0 ) 
4 296 357 (0 -576 0 ) (0 -608 0 ) (-64 -608 0 ) (-64 -576 0 ) 
4 296 352 (0 -448 0 ) (0 -504 0 ) (-64 -504 0 ) (-64 -448 0 ) 
4 296 351 (-64 0 0 ) (0 0 0 ) (0 -448 0 ) (-64 -448 0 ) 
4 296 356 (0 -504 0 ) (0 -576 0 ) (-64 -576 0 ) (-64 -504 0 ) 
4 296 300 (-64 -896 384 ) (-128 -896 384 ) (-128 -896 256 ) (-64 -896 256 ) 
4 296 298 (-128 -128 0 ) (-128 -320 0 ) (-128 -320 376 ) (-128 -128 376 ) 
4 296 297 (-128 0 0 ) (-128 -128 0 ) (-128 -128 384 ) (-128 0 384 ) 
4 296 299 (-128 -320 0 ) (-128 -896 0 ) (-128 -896 384 ) (-128 -320 384 ) 
4 297 365 (-256 -128 0 ) (-256 0 0 ) (-128 0 0 ) (-128 -128 0 ) 
4 297 303 (-256 0 64 ) (-256 0 0 ) (-256 -128 0 ) (-256 -128 64 ) 
4 297 302 (-256 0 384 ) (-256 0 64 ) (-256 -128 64 ) (-256 -128 384 ) 
4 297 298 (-128 -128 0 ) (-128 -128 376 ) (-256 -128 376 ) (-256 -128 0 ) 
4 298 365 (-256 -320 0 ) (-256 -128 0 ) (-128 -128 0 ) (-128 -320 0 ) 
4 298 304 (-256 -320 64 ) (-256 -320 376 ) (-256 -256 376 ) (-256 -256 64 ) 
4 298 303 (-256 -128 0 ) (-256 -192 0 ) (-256 -192 64 ) (-256 -128 64 ) 
4 298 302 (-256 -256 64 ) (-256 -256 376 ) (-256 -128 376 ) (-256 -128 64 ) 
4 298 299 (-128 -320 0 ) (-128 -320 376 ) (-256 -320 376 ) (-256 -320 0 ) 
4 299 379 (-256 -704 0 ) (-256 -640 0 ) (-224 -640 0 ) (-224 -704 0 ) 
4 299 378 (-224 -640 0 ) (-128 -640 0 ) (-128 -704 0 ) (-224 -704 0 ) 
4 299 375 (-256 -640 0 ) (-256 -576 0 ) (-192 -576 0 ) (-192 -640 0 ) 
4 299 371 (-160 -608 0 ) (-160 -640 0 ) (-192 -640 0 ) (-192 -608 0 ) 
4 299 370 (-160 -544 0 ) (-128 -544 0 ) (-128 -640 0 ) (-160 -640 0 ) 
4 299 366 (-192 -512 0 ) (-128 -512 0 ) (-128 -544 0 ) (-192 -544 0 ) 
4 299 365 (-256 -512 0 ) (-256 -320 0 ) (-128 -320 0 ) (-128 -512 0 ) 
4 299 308 (-256 -640 0 ) (-256 -896 0 ) (-256 -896 384 ) (-256 -640 384 ) 
4 299 307 (-256 -512 0 ) (-256 -640 0 ) (-256 -640 384 ) (-256 -512 384 ) 
4 299 306 (-256 -320 0 ) (-256 -512 0 ) (-256 -512 380 ) (-256 -320 380 ) 
4 299 301 (-256 -896 256 ) (-256 -896 128 ) (-128 -896 128 ) (-128 -896 256 ) 
4 299 300 (-128 -896 384 ) (-256 -896 384 ) (-256 -896 256 ) (-128 -896 256 ) 
4 300 309 (-256 -912 256 ) (-256 -912 384 ) (-256 -896 384 ) (-256 -896 256 ) 
4 300 301 (-128 -912 256 ) (-256 -912 256 ) (-256 -896 256 ) (-128 -896 256 ) 
4 302 313 (-384 -256 64 ) (-384 -256 384 ) (-384 -192 384 ) (-384 -192 64 ) 
4 302 310 (-384 0 320 ) (-384 0 192 ) (-384 -160 192 ) (-384 -160 320 ) 
4 302 305 (-384 -256 384 ) (-384 -256 64 ) (-320 -256 64 ) (-320 -256 384 ) 
4 302 304 (-320 -256 64 ) (-256 -256 64 ) (-256 -256 384 ) (-320 -256 384 ) 
4 302 303 (-384 -192 64 ) (-384 0 64 ) (-256 0 64 ) (-256 -192 64 ) 
4 303 384 (-384 -192 0 ) (-384 0 0 ) (-256 0 0 ) (-256 -192 0 ) 
4 304 306 (-256 -320 64 ) (-256 -320 380 ) (-320 -320 382 ) (-320 -320 64 ) 
4 304 305 (-320 -256 384 ) (-320 -256 64 ) (-320 -320 64 ) (-320 -320 384 ) 
4 305 313 (-384 -320 64 ) (-384 -320 384 ) (-384 -256 384 ) (-384 -256 64 ) 
4 305 306 (-384 -320 384 ) (-384 -320 64 ) (-320 -320 64 ) (-320 -320 382 ) 
4 306 385 (-384 -512 0 ) (-384 -320 0 ) (-256 -320 0 ) (-256 -512 0 ) 
4 306 314 (-384 -512 64 ) (-384 -512 256 ) (-384 -384 256 ) (-384 -384 64 ) 
4 306 307 (-384 -512 384 ) (-384 -512 0 ) (-256 -512 0 ) (-256 -512 380 ) 
4 307 308 (-384 -640 384 ) (-384 -640 0 ) (-256 -640 0 ) (-256 -640 384 ) 
4 308 320 (-384 -704 0 ) (-384 -832 0 ) (-384 -832 128 ) (-384 -704 128 ) 
4 308 319 (-384 -896 128 ) (-384 -896 256 ) (-384 -832 256 ) (-384 -832 128 ) 
4 308 318 (-384 -896 256 ) (-384 -896 384 ) (-384 -768 384 ) (-384 -768 256 ) 
4 308 309 (-384 -896 384 ) (-384 -896 256 ) (-256 -896 256 ) (-256 -896 384 ) 
4 310 311 (-400 -160 192 ) (-400 -160 320 ) (-400 0 320 ) (-400 0 192 ) 
4 312 326 (-607.963013 -160 33 ) (-607.963013 -191 33 ) (-607.963013 -191 223 ) (-607.963013 -160 223 ) 
4 312 321 (-607.963013 -97 33 ) (-607.963013 -160 33 ) (-607.963013 -160 223 ) (-607.963013 -97 223 ) 
4 313 315 (-416 -192 64 ) (-416 -320 64 ) (-416 -320 384 ) (-416 -192 384 ) 
4 314 316 (-416 -512 66 ) (-416 -512 256 ) (-416 -384 256 ) (-416 -384 66 ) 
4 315 316 (-416 -384 66 ) (-416 -384 384 ) (-544 -384 384 ) (-544 -384 66 ) 
4 317 326 (-607.963013 -224 0 ) (-607.963013 -288 0 ) (-607.963013 -288 256 ) (-607.963013 -224 256 ) 
4 318 319 (-384 -832 256 ) (-384 -896 256 ) (-392 -896 256 ) (-392 -832 256 ) 
4 320 349 (-607.963013 -704 0 ) (-607.963013 -832 0 ) (-607.963013 -832 128 ) (-607.963013 -704 128 ) 
4 321 326 (-639.963013 -160 0 ) (-607.963013 -160 0 ) (-607.963013 -160 264 ) (-639.963013 -160 264 ) 
4 321 322 (-639.963013 -160 128 ) (-639.963013 -160 264 ) (-639.963013 -32 264 ) (-639.963013 -32 128 ) 
4 321 323 (-639.963013 -32 0 ) (-639.963013 -160 0 ) (-639.963013 -160 128 ) (-639.963013 -32 128 ) 
4 322 326 (-639.963013 -160 128 ) (-639.963013 -160 264 ) (-703.963074 -160 264 ) (-703.963074 -160 128 ) 
4 322 324 (-703.963074 -160 128 ) (-703.963074 -160 256 ) (-703.963074 -32 256 ) (-703.963074 -32 128 ) 
4 322 323 (-703.963074 -160 128 ) (-703.963074 -32 128 ) (-639.963013 -32 128 ) (-639.963013 -160 128 ) 
4 323 326 (-703.963074 -160 0 ) (-639.963013 -160 0 ) (-639.963013 -160 128 ) (-703.963074 -160 128 ) 
4 323 325 (-703.963074 0 0 ) (-703.963074 -160 0 ) (-703.963074 -160 128 ) (-703.963074 0 128 ) 
4 324 333 (-735.973022 -160 171.825592 ) (-735.973022 -160 256 ) (-735.973022 -32 256 ) (-735.973022 -32 171.825668 ) 
4 324 327 (-735.973022 -32 128 ) (-735.973022 -160 128 ) (-735.973022 -160 171.825592 ) (-735.973022 -32 171.825668 ) 
4 324 326 (-735.973022 -160 256 ) (-735.973022 -160 128 ) (-703.963074 -160 128 ) (-703.963074 -160 256 ) 
4 324 325 (-703.963074 -32 128 ) (-703.963074 -160 128 ) (-735.973022 -160 128 ) (-735.973022 -32 128 ) 
4 325 328 (-735.973022 0 128 ) (-735.973022 0 0 ) (-735.973022 -160 0 ) (-735.973022 -160 128 ) 
4 325 326 (-735.973022 -160 128 ) (-735.973022 -160 0 ) (-703.963074 -160 0 ) (-703.963074 -160 128 ) 
4 326 345 (-735.973022 -288 0 ) (-671.963013 -288 0 ) (-671.963013 -288 128 ) (-735.973022 -288 128 ) 
4 326 342 (-671.963013 -288 256 ) (-735.973022 -288 256 ) (-735.973022 -288 128 ) (-671.963013 -288 128 ) 
4 326 334 (-735.973022 -288 171.825500 ) (-735.973022 -288 256 ) (-735.973022 -160 256 ) (-735.973022 -160 171.825577 ) 
4 326 332 (-735.973022 -288 106.164207 ) (-735.973022 -288 171.825500 ) (-735.973022 -224 171.825531 ) (-735.973022 -224 106.165276 ) 
4 326 330 (-735.973022 -224 0 ) (-735.973022 -288 0 ) (-735.973022 -288 106.164207 ) (-735.973022 -224 106.165276 ) 
4 326 328 (-735.973022 -160 0 ) (-735.973022 -224 0 ) (-735.973022 -224 128 ) (-735.973022 -160 128 ) 
4 326 327 (-735.973022 -224 128 ) (-735.973022 -224 171.825531 ) (-735.973022 -160 171.825577 ) (-735.973022 -160 128 ) 
4 327 339 (-863.963074 -224 128 ) (-863.963074 -224 201.388168 ) (-863.963074 -32 201.388290 ) (-863.963074 -32 128 ) 
4 327 338 (-813.232849 -224 189.671600 ) (-799.963074 -224 186.606598 ) (-799.963074 -160 186.606644 ) (-813.232788 -160 189.671631 ) 
4 327 336 (-863.963074 -160 201.389069 ) (-863.963074 -224 201.389023 ) (-821.027222 -224 191.471909 ) (-821.027222 -160 191.471954 ) 
4 327 335 (-863.963074 -32 201.389145 ) (-863.963074 -160 201.389069 ) (-799.963074 -160 186.606644 ) (-799.963074 -32 186.606720 ) 
4 327 334 (-799.963074 -224 186.606598 ) (-735.973022 -224 171.826462 ) (-735.973022 -160 171.826508 ) (-799.963074 -160 186.606644 ) 
4 327 333 (-735.973022 -160 171.826508 ) (-735.973022 -32 171.826584 ) (-799.963074 -32 186.606720 ) (-799.963074 -160 186.606644 ) 
4 327 332 (-735.973022 -224 128 ) (-735.973022 -224 171.826172 ) (-813.232971 -224 189.671875 ) (-827.471191 -224 128 ) 
4 327 331 (-821.027100 -224 191.472183 ) (-863.963074 -224 201.389648 ) (-863.963074 -224 135.696335 ) (-835.424377 -224 129.111618 ) 
3 327 330 (-863.963074 -224 135.696335 ) (-863.963074 -224 128 ) (-830.606506 -224 128 ) 
4 327 329 (-831.965027 -224 128 ) (-863.963074 -224 128 ) (-863.963074 -32 128 ) (-831.965027 -32 128 ) 
4 327 328 (-735.973022 -224 128 ) (-831.965027 -224 128 ) (-831.965027 -32 128 ) (-735.973022 -32 128 ) 
4 328 332 (-735.973022 -224 106.165276 ) (-735.973022 -224 128 ) (-827.471191 -224 128 ) (-827.629761 -224 127.313179 ) 
5 328 330 (-735.973022 -224 0 ) (-735.973022 -224 106.165276 ) (-830.606506 -224 128 ) (-831.965027 -224 128 ) (-831.965027 -224 0 ) 
4 328 329 (-831.965027 -32 0 ) (-831.965027 -224 0 ) (-831.965027 -224 128 ) (-831.965027 -32 128 ) 
4 329 339 (-863.963074 -32 0 ) (-863.963074 -224 0 ) (-863.963074 -224 128 ) (-863.963074 -32 128 ) 
4 329 330 (-831.965027 -224 128 ) (-863.963074 -224 128 ) (-863.963074 -224 0 ) (-831.965027 -224 0 ) 
4 330 345 (-799.963074 -288 0 ) (-735.973022 -288 0 ) (-735.973022 -288 106.164207 ) (-799.963074 -288 120.928604 ) 
4 330 339 (-863.963074 -224 0 ) (-863.963074 -288 0 ) (-863.963074 -288 135.695282 ) (-863.963074 -224 135.696335 ) 
4 330 332 (-735.973022 -224 106.166992 ) (-827.629517 -224 127.314270 ) (-827.629089 -288 127.313110 ) (-735.973022 -288 106.165924 ) 
4 330 331 (-835.424133 -224 129.112671 ) (-863.963074 -224 135.697266 ) (-863.963074 -288 135.696198 ) (-835.423523 -288 129.111465 ) 
4 331 339 (-863.963074 -288 135.695282 ) (-863.963074 -288 201.388123 ) (-863.963074 -224 201.388168 ) (-863.963074 -224 135.696335 ) 
4 331 336 (-863.963074 -224 201.389023 ) (-863.963074 -288 201.388992 ) (-821.026367 -288 191.471664 ) (-821.027161 -224 191.471878 ) 
4 332 345 (-735.973022 -288 106.164207 ) (-735.973022 -288 128 ) (-799.963074 -288 128 ) (-799.963074 -288 120.928604 ) 
4 332 342 (-735.973022 -288 128 ) (-735.973022 -288 171.825500 ) (-799.963074 -288 186.605667 ) (-799.963074 -288 128 ) 
4 332 338 (-813.232422 -288 189.671448 ) (-799.963074 -288 186.606552 ) (-799.963074 -224 186.606598 ) (-813.233032 -224 189.671631 ) 
4 332 334 (-799.963074 -288 186.606552 ) (-735.973022 -288 171.826431 ) (-735.973022 -224 171.826462 ) (-799.963074 -224 186.606598 ) 
4 333 335 (-799.963074 -32 252 ) (-799.963074 -32 186.601563 ) (-799.963074 -160 186.601501 ) (-799.963074 -160 252 ) 
5 333 334 (-799.963074 -160 247.148972 ) (-799.963074 -160 186.601563 ) (-735.973022 -160 171.821411 ) (-735.973022 -160 256 ) (-798.826721 -160 252.071030 ) 
5 334 342 (-735.973022 -288 171.825500 ) (-735.973022 -288 256 ) (-798.826904 -288 252.071045 ) (-799.963074 -288 247.149841 ) (-799.963074 -288 186.605667 ) 
4 334 338 (-799.963074 -160 186.601501 ) (-799.963074 -288 186.601440 ) (-799.963074 -288 247.149963 ) (-799.963074 -160 247.148926 ) 
4 335 339 (-863.963074 -160 268 ) (-863.963074 -32 268 ) (-863.963074 -32 201.388290 ) (-863.963074 -160 201.388214 ) 
3 335 338 (-799.963074 -160 186.601563 ) (-799.963074 -160 247.149155 ) (-813.233887 -160 189.666840 ) 
4 335 337 (-799.963074 -160 252.290253 ) (-799.963074 -160 255.998047 ) (-805.875000 -160 257.106537 ) (-806.631287 -160 253.830444 ) 
4 335 336 (-805.875000 -160 257.106537 ) (-863.963074 -160 267.998047 ) (-863.963074 -160 201.384186 ) (-821.028320 -160 191.467178 ) 
4 336 339 (-863.963074 -288 201.388123 ) (-863.963074 -288 268 ) (-863.963074 -160 268 ) (-863.963074 -160 201.388214 ) 
4 336 337 (-806.631897 -160 253.830582 ) (-805.874023 -160 257.113281 ) (-805.874084 -288 257.113281 ) (-806.631958 -288 253.830673 ) 
4 339 340 (-879.963074 -32 272 ) (-879.963074 -32 0 ) (-879.963074 -288 0 ) (-879.963074 -288 272 ) 
4 340 348 (-927.963074 -288 0 ) (-879.963074 -288 0 ) (-879.963074 -288 128 ) (-927.963074 -288 128 ) 
4 340 343 (-879.963074 -288 128 ) (-879.963074 -288 256 ) (-927.963074 -288 256 ) (-927.963074 -288 128 ) 
4 340 341 (-879.963074 -288 256 ) (-879.963074 -288 448 ) (-927.963074 -288 448 ) (-927.963074 -288 256 ) 
4 341 343 (-879.963074 -416 256 ) (-927.963074 -416 256 ) (-927.963074 -288 256 ) (-879.963074 -288 256 ) 
4 342 345 (-799.963074 -288 128 ) (-671.963013 -288 128 ) (-671.963013 -352 128 ) (-799.963074 -352 128 ) 
4 343 348 (-927.963074 -288 128 ) (-879.963074 -288 128 ) (-879.963074 -416 128 ) (-927.963074 -416 128 ) 
4 344 350 (-800 -704 128 ) (-736 -704 128 ) (-736 -832 128 ) (-800 -832 128 ) 
4 345 346 (-799.963074 -366 128 ) (-799.963074 -366 0 ) (-671.963013 -366 0 ) (-671.963013 -366 128 ) 
4 346 347 (-799.963074 -367 128 ) (-799.963074 -367 0 ) (-671.963013 -367 0 ) (-671.963013 -367 128 ) 
4 347 350 (-799.963074 -416 0 ) (-671.963013 -416 0 ) (-671.963013 -416 128 ) (-799.963074 -416 128 ) 
4 349 350 (-672 -704 0 ) (-672 -832 0 ) (-672 -832 128 ) (-672 -704 128 ) 
4 350 390 (-800 -704 0 ) (-800 -448 0 ) (-672 -448 0 ) (-672 -704 0 ) 
4 351 362 (-64 -448 -16 ) (-64 0 -16 ) (0 0 -16 ) (0 -448 -16 ) 
4 351 360 (-64 0 -16 ) (-64 -448 -16 ) (-64 -448 0 ) (-64 0 0 ) 
4 351 355 (-56.265991 -448 -15.434642 ) (0 -448 -9.520815 ) (0 -448 -8.515493 ) (-56.370510 -448 -14.440248 ) 
5 351 354 (-64 -448 -15.242137 ) (-64 -448 -16 ) (-61.644989 -448 -16 ) (-56.265991 -448 -15.434642 ) (-56.370510 -448 -14.440248 ) 
3 351 353 (-61.644989 -448 -16 ) (0 -448 -16 ) (0 -448 -9.520815 ) 
4 351 352 (-64 -448 0 ) (-64 -448 -15.242137 ) (0 -448 -8.515493 ) (0 -448 0 ) 
4 352 360 (-64 -504 -15.242137 ) (-64 -504 0 ) (-64 -448 0 ) (-64 -448 -15.242137 ) 
4 352 355 (0 -504 -8.515689 ) (-56.370708 -504 -14.440337 ) (-56.370499 -448 -14.440298 ) (0 -448 -8.515543 ) 
4 352 354 (-56.370708 -504 -14.440337 ) (-64 -504 -15.242188 ) (-64 -448 -15.242188 ) (-56.370499 -448 -14.440298 ) 
4 352 356 (-64 -504 0 ) (-64 -504 -15.242137 ) (0 -504 -8.515493 ) (0 -504 0 ) 
4 353 362 (-61.644989 -448 -16 ) (0 -448 -16 ) (0 -504 -16 ) (-61.641090 -504 -16 ) 
4 353 355 (0 -448 -9.520104 ) (-56.266075 -448 -15.433883 ) (-56.266151 -504 -15.435183 ) (0 -504 -9.521339 ) 
4 353 354 (-56.266075 -448 -15.433883 ) (-61.652344 -448 -16 ) (-61.640003 -504 -16 ) (-56.266151 -504 -15.435183 ) 
3 353 356 (-61.641090 -504 -16 ) (0 -504 -16 ) (0 -504 -9.521225 ) 
4 354 362 (-64 -504 -16 ) (-64 -448 -16 ) (-61.644989 -448 -16 ) (-61.641090 -504 -16 ) 
4 354 360 (-64 -448 -16 ) (-64 -504 -16 ) (-64 -504 -15.242137 ) (-64 -448 -15.242137 ) 
5 354 356 (-64 -504 -15.242137 ) (-64 -504 -16 ) (-61.641090 -504 -16 ) (-56.266159 -504 -15.435069 ) (-56.370720 -504 -14.440270 ) 
4 354 355 (-56.266659 -504 -15.433563 ) (-56.266491 -448 -15.433132 ) (-56.370880 -448 -14.439591 ) (-56.371094 -504 -14.439613 ) 
4 355 356 (-56.266159 -504 -15.435069 ) (0 -504 -9.521225 ) (0 -504 -8.515493 ) (-56.370720 -504 -14.440270 ) 
4 356 364 (-64 -576 -16 ) (-64 -520 -16 ) (0 -520 -16 ) (0 -576 -16 ) 
4 356 363 (-64 -520 -16 ) (-64 -512 -16 ) (0 -512 -16 ) (0 -520 -16 ) 
4 356 362 (-64 -512 -16 ) (-64 -504 -16 ) (0 -504 -16 ) (0 -512 -16 ) 
4 356 360 (-64 -504 -16 ) (-64 -576 -16 ) (-64 -576 0 ) (-64 -504 0 ) 
4 356 359 (-64 -576 -2 ) (-64 -576 -12 ) (0 -576 -12 ) (0 -576 -2 ) 
4 356 357 (-64 -576 0 ) (-64 -576 -2 ) (0 -576 -2 ) (0 -576 0 ) 
4 357 361 (-64 -608 0 ) (-64 -576 0 ) (-64 -576 -2 ) (-64 -608 -2 ) 
4 357 359 (-64 -608 -2 ) (-64 -576 -2 ) (0 -576 -2 ) (0 -608 -2 ) 
4 357 358 (-64 -608 0 ) (-64 -608 -1 ) (0 -608 -1 ) (0 -608 0 ) 
4 358 361 (-64 -640 -1 ) (-64 -640 0 ) (-64 -608 0 ) (-64 -608 -1 ) 
4 359 361 (-64 -640 -12 ) (-64 -640 -2 ) (-64 -576 -2 ) (-64 -576 -12 ) 
4 360 372 (-128 -544 -2 ) (-128 -544 -12 ) (-128 -576 -12 ) (-128 -576 -2 ) 
4 360 370 (-128 -576 0 ) (-128 -544 0 ) (-128 -544 -1 ) (-128 -576 -1 ) 
4 360 367 (-128 -512 -8 ) (-128 -512 -16 ) (-128 -544 -16 ) (-128 -544 -8 ) 
4 360 366 (-128 -544 0 ) (-128 -512 0 ) (-128 -512 -8 ) (-128 -544 -8 ) 
4 360 365 (-128 -512 0 ) (-128 0 0 ) (-128 0 -16 ) (-128 -512 -16 ) 
4 360 364 (-128 -576 -16 ) (-128 -520 -16 ) (-64 -520 -16 ) (-64 -576 -16 ) 
4 360 363 (-128 -520 -16 ) (-128 -512 -16 ) (-64 -512 -16 ) (-64 -520 -16 ) 
4 360 362 (-128 -512 -16 ) (-128 0 -16 ) (-64 0 -16 ) (-64 -512 -16 ) 
4 360 361 (-128 -576 0 ) (-128 -576 -12 ) (-64 -576 -12 ) (-64 -576 0 ) 
4 361 372 (-128 -640 -12 ) (-128 -640 -2 ) (-128 -576 -2 ) (-128 -576 -12 ) 
4 361 370 (-128 -640 -1 ) (-128 -640 0 ) (-128 -576 0 ) (-128 -576 -1 ) 
4 362 391 (-128 0 -512 ) (0 0 -512 ) (0 -512 -512 ) (-128 -512 -512 ) 
4 362 365 (-128 0 -512 ) (-128 -512 -512 ) (-128 -512 -16 ) (-128 0 -16 ) 
4 362 363 (0 -512 -16 ) (-128 -512 -16 ) (-128 -512 -128 ) (0 -512 -128 ) 
4 363 367 (-128 -520 -128 ) (-128 -520 -16 ) (-128 -512 -16 ) (-128 -512 -128 ) 
4 363 364 (0 -520 -16 ) (-128 -520 -16 ) (-128 -520 -128 ) (0 -520 -128 ) 
4 364 373 (-128 -640 -128 ) (-128 -640 -16 ) (-128 -544 -16 ) (-128 -544 -128 ) 
4 364 367 (-128 -544 -16 ) (-128 -520 -16 ) (-128 -520 -128 ) (-128 -544 -128 ) 
4 365 391 (-256 0 -512 ) (-128 0 -512 ) (-128 -512 -512 ) (-256 -512 -512 ) 
4 365 384 (-256 0 -512 ) (-256 -192 -512 ) (-256 -192 0 ) (-256 0 0 ) 
4 365 385 (-256 -320 -512 ) (-256 -512 -512 ) (-256 -512 0 ) (-256 -320 0 ) 
4 365 369 (-256 -512 -128 ) (-256 -512 -256 ) (-128 -512 -256 ) (-128 -512 -128 ) 
4 365 367 (-192 -512 -128 ) (-128 -512 -128 ) (-128 -512 -8 ) (-192 -512 -8 ) 
4 365 366 (-192 -512 -8 ) (-128 -512 -8 ) (-128 -512 0 ) (-192 -512 0 ) 
4 366 372 (-192 -544 -8 ) (-128 -544 -8 ) (-128 -544 -2 ) (-192 -544 -2 ) 
4 366 370 (-128 -544 -1 ) (-128 -544 0 ) (-160 -544 0 ) (-160 -544 -1 ) 
4 366 367 (-128 -544 -8 ) (-192 -544 -8 ) (-192 -512 -8 ) (-128 -512 -8 ) 
4 367 372 (-128 -544 -12 ) (-128 -544 -8 ) (-192 -544 -8 ) (-192 -544 -12 ) 
4 367 373 (-192 -544 -128 ) (-128 -544 -128 ) (-128 -544 -16 ) (-192 -544 -16 ) 
4 367 369 (-192 -520 -128 ) (-192 -512 -128 ) (-128 -512 -128 ) (-128 -520 -128 ) 
4 367 368 (-192 -520 -128 ) (-192 -544 -128 ) (-192 -544 -8 ) (-192 -520 -8 ) 
4 368 389 (-256 -544 -128 ) (-256 -544 -32 ) (-256 -528 -32 ) (-256 -528 -128 ) 
4 368 386 (-256 -544 -32 ) (-256 -544 -8 ) (-256 -528 -8 ) (-256 -528 -32 ) 
4 368 374 (-256 -544 -32 ) (-256 -544 -128 ) (-192 -544 -128 ) (-192 -544 -32 ) 
4 370 378 (-128 -640 -1 ) (-128 -640 0 ) (-160 -640 0 ) (-160 -640 -1 ) 
4 370 371 (-160 -608 -1 ) (-160 -640 -1 ) (-160 -640 0 ) (-160 -608 0 ) 
4 371 378 (-160 -640 0 ) (-192 -640 0 ) (-192 -640 -2 ) (-160 -640 -2 ) 
4 371 375 (-192 -608 -2 ) (-192 -640 -2 ) (-192 -640 0 ) (-192 -608 0 ) 
4 371 372 (-192 -640 -2 ) (-192 -608 -2 ) (-160 -608 -2 ) (-160 -640 -2 ) 
4 372 378 (-128 -640 -12 ) (-128 -640 -2 ) (-192 -640 -2 ) (-192 -640 -12 ) 
4 372 375 (-192 -576 -12 ) (-192 -640 -12 ) (-192 -640 -2 ) (-192 -576 -2 ) 
4 373 382 (-128 -640 -24 ) (-128 -640 -16 ) (-192 -640 -16 ) (-192 -640 -24 ) 
4 373 377 (-192 -576 -128 ) (-192 -640 -128 ) (-192 -640 -32 ) (-192 -576 -32 ) 
4 373 376 (-192 -640 -24 ) (-192 -640 -16 ) (-192 -576 -16 ) (-192 -576 -24 ) 
4 373 374 (-192 -544 -32 ) (-192 -544 -128 ) (-192 -576 -128 ) (-192 -576 -32 ) 
4 374 389 (-256 -576 -128 ) (-256 -576 -32 ) (-256 -544 -32 ) (-256 -544 -128 ) 
4 374 377 (-256 -576 -32 ) (-256 -576 -128 ) (-192 -576 -128 ) (-192 -576 -32 ) 
4 375 379 (-256 -640 0 ) (-256 -640 -1 ) (-224 -640 -1 ) (-224 -640 0 ) 
4 375 380 (-256 -640 -2 ) (-256 -640 -12 ) (-224 -640 -12 ) (-224 -640 -2 ) 
4 375 378 (-224 -640 -12 ) (-192 -640 -12 ) (-192 -640 0 ) (-224 -640 0 ) 
4 377 389 (-256 -640 -128 ) (-256 -640 -32 ) (-256 -576 -32 ) (-256 -576 -128 ) 
4 378 381 (-128 -704 -12 ) (-192 -704 -12 ) (-192 -640 -12 ) (-128 -640 -12 ) 
4 378 379 (-224 -640 0 ) (-224 -640 -1 ) (-224 -704 -1 ) (-224 -704 0 ) 
4 378 380 (-224 -640 -2 ) (-224 -640 -12 ) (-224 -704 -12 ) (-224 -704 -2 ) 
4 381 383 (-128 -704 -16 ) (-192 -704 -16 ) (-192 -656 -16 ) (-128 -656 -16 ) 
4 381 382 (-192 -656 -16 ) (-192 -640 -16 ) (-128 -640 -16 ) (-128 -656 -16 ) 
4 382 383 (-128 -656 -24 ) (-128 -656 -16 ) (-192 -656 -16 ) (-192 -656 -24 ) 
4 384 392 (-384 0 -512 ) (-256 0 -512 ) (-256 -192 -512 ) (-384 -192 -512 ) 
4 385 393 (-256 -320 -512 ) (-256 -512 -512 ) (-384 -512 -512 ) (-384 -320 -512 ) 
4 386 389 (-320 -544 -32 ) (-320 -528 -32 ) (-256 -528 -32 ) (-256 -544 -32 ) 
4 386 387 (-320 -544 -32 ) (-288 -544 -32 ) (-288 -544 -8 ) (-320 -544 -8 ) 
4 387 389 (-320 -576 -32 ) (-320 -544 -32 ) (-288 -544 -32 ) (-288 -576 -32 ) 
4 387 388 (-320 -576 -32 ) (-288 -576 -32 ) (-288 -576 -16 ) (-320 -576 -16 ) 
4 388 389 (-288 -640 -32 ) (-320 -640 -32 ) (-320 -576 -32 ) (-288 -576 -32 ) 
4 391 392 (-256 0 -768 ) (-256 -192 -768 ) (-256 -192 -512 ) (-256 0 -512 ) 
4 391 393 (-256 -320 -768 ) (-256 -512 -768 ) (-256 -512 -512 ) (-256 -320 -512 ) 
