PRT1
420
1100
4 0 18 (4096 2048 640 ) (4096 2048 1536 ) (4096 2560 1536 ) (4096 2560 640 ) 
4 0 4 (4096 2048 1264 ) (4096 2048 640 ) (4896 2048 640 ) (4896 2048 1264 ) 
4 0 3 (4896 2048 1536 ) (4096 2048 1536 ) (4096 2048 1264 ) (4896 2048 1264 ) 
4 0 1 (4896 2048 640 ) (4096 2048 640 ) (4096 2560 640 ) (4896 2560 640 ) 
4 1 19 (4096 2048 -640 ) (4096 2048 640 ) (4096 2560 640 ) (4096 2560 -640 ) 
4 1 5 (4896 2048 640 ) (4096 2048 640 ) (4096 2048 -640 ) (4896 2048 -640 ) 
4 1 2 (4096 2560 -640 ) (4896 2560 -640 ) (4896 2048 -640 ) (4096 2048 -640 ) 
4 2 20 (4096 2048 -1280 ) (4096 2048 -640 ) (4096 2560 -640 ) (4096 2560 -1280 ) 
4 2 6 (4896 2048 -640 ) (4096 2048 -640 ) (4096 2048 -1280 ) (4896 2048 -1280 ) 
4 3 30 (4096 1024 1264 ) (4096 1024 1536 ) (4096 2048 1536 ) (4096 2048 1264 ) 
4 3 8 (4096 1024 1536 ) (4096 1024 1264 ) (4896 1024 1264 ) (4896 1024 1536 ) 
4 3 7 (4096 1024 1264 ) (4096 1376 1264 ) (4896 1376 1264 ) (4896 1024 1264 ) 
4 3 4 (4096 1408 1264 ) (4096 2048 1264 ) (4896 2048 1264 ) (4896 1408 1264 ) 
4 4 31 (4096 1408 1264 ) (4096 2048 1264 ) (4096 2048 640 ) (4096 1408 640 ) 
4 4 5 (4096 1408 640 ) (4096 2048 640 ) (4896 2048 640 ) (4896 1408 640 ) 
4 5 32 (4096 2048 640 ) (4096 2048 -640 ) (4096 1408 -640 ) (4096 1408 640 ) 
4 5 6 (4096 1408 -640 ) (4096 2048 -640 ) (4896 2048 -640 ) (4896 1408 -640 ) 
4 6 33 (4096 2048 -640 ) (4096 2048 -1280 ) (4096 1408 -1280 ) (4096 1408 -640 ) 
4 7 34 (4096 1024 1008 ) (4096 1024 1264 ) (4096 1376 1264 ) (4096 1376 1008 ) 
4 7 8 (4096 1024 1264 ) (4096 1024 1008 ) (4896 1024 1008 ) (4896 1024 1264 ) 
4 8 152 (4096 0 1008 ) (4096 0 1536 ) (4096 1024 1536 ) (4096 1024 1008 ) 
4 8 13 (4096 0 1536 ) (4096 0 1008 ) (4544 0 1008 ) (4544 0 1536 ) 
4 8 12 (4544 0 1008 ) (4896 0 1008 ) (4896 0 1536 ) (4544 0 1536 ) 
4 8 9 (4096 0 1008 ) (4096 736 1008 ) (4896 736 1008 ) (4896 0 1008 ) 
4 9 153 (4096 0 640 ) (4096 0 1008 ) (4096 736 1008 ) (4096 736 640 ) 
4 9 15 (4096 0 1008 ) (4096 0 640 ) (4896 0 640 ) (4896 0 1008 ) 
4 9 10 (4896 736 640 ) (4896 0 640 ) (4096 0 640 ) (4096 736 640 ) 
4 10 154 (4096 0 -640 ) (4096 0 640 ) (4096 736 640 ) (4096 736 -640 ) 
4 10 16 (4096 0 640 ) (4096 0 -640 ) (4896 0 -640 ) (4896 0 640 ) 
4 10 11 (4096 0 -640 ) (4096 736 -640 ) (4896 736 -640 ) (4896 0 -640 ) 
4 11 157 (4096 0 -1280 ) (4096 0 -640 ) (4096 736 -640 ) (4096 736 -1280 ) 
4 11 17 (4096 0 -640 ) (4096 0 -1280 ) (4896 0 -1280 ) (4896 0 -640 ) 
4 12 15 (4544 0 1008 ) (4896 0 1008 ) (4896 -416 1008 ) (4544 -416 1008 ) 
4 12 14 (4544 -128 1008 ) (4544 -512 1008 ) (4544 -512 1264 ) (4544 -128 1264 ) 
4 12 13 (4544 0 1008 ) (4544 -128 1008 ) (4544 -128 1536 ) (4544 0 1536 ) 
4 13 163 (4096 0 1264 ) (4096 0 1008 ) (4096 -128 1008 ) (4096 -128 1264 ) 
4 13 162 (4096 -128 1536 ) (4096 0 1536 ) (4096 0 1264 ) (4096 -128 1264 ) 
4 13 15 (4096 0 1008 ) (4544 0 1008 ) (4544 -128 1008 ) (4096 -128 1008 ) 
4 13 14 (4096 -128 1008 ) (4544 -128 1008 ) (4544 -128 1264 ) (4096 -128 1264 ) 
4 14 166 (4096 -512 1008 ) (4096 -512 1264 ) (4096 -416 1264 ) (4096 -416 1008 ) 
4 14 163 (4096 -416 1264 ) (4096 -128 1264 ) (4096 -128 1008 ) (4096 -416 1008 ) 
4 14 15 (4544 -128 1008 ) (4544 -416 1008 ) (4096 -416 1008 ) (4096 -128 1008 ) 
4 15 163 (4096 -416 1008 ) (4096 0 1008 ) (4096 0 640 ) (4096 -416 640 ) 
4 15 16 (4896 0 640 ) (4896 -416 640 ) (4096 -416 640 ) (4096 0 640 ) 
4 16 164 (4096 -416 640 ) (4096 0 640 ) (4096 0 -640 ) (4096 -416 -640 ) 
4 16 17 (4096 0 -640 ) (4896 0 -640 ) (4896 -416 -640 ) (4096 -416 -640 ) 
4 17 165 (4096 -416 -640 ) (4096 0 -640 ) (4096 0 -1280 ) (4096 -416 -1280 ) 
4 18 31 (4096 2048 640 ) (4096 2048 1264 ) (3072 2048 1264 ) (3072 2048 640 ) 
4 18 30 (4096 2048 1264 ) (4096 2048 1536 ) (3072 2048 1536 ) (3072 2048 1264 ) 
4 18 21 (3072 2048 640 ) (3072 2048 1536 ) (3072 2560 1536 ) (3072 2560 640 ) 
4 18 19 (3072 2560 640 ) (4096 2560 640 ) (4096 2048 640 ) (3072 2048 640 ) 
4 19 32 (4096 2048 -640 ) (4096 2048 640 ) (3072 2048 640 ) (3072 2048 -640 ) 
4 19 22 (3072 2048 -640 ) (3072 2048 640 ) (3072 2560 640 ) (3072 2560 -640 ) 
4 19 20 (4096 2048 -640 ) (3072 2048 -640 ) (3072 2560 -640 ) (4096 2560 -640 ) 
4 20 33 (4096 2048 -1280 ) (4096 2048 -640 ) (3072 2048 -640 ) (3072 2048 -1280 ) 
4 20 23 (3072 2048 -1280 ) (3072 2048 -640 ) (3072 2560 -640 ) (3072 2560 -1280 ) 
4 21 43 (2128 2048 880 ) (2048 2048 880 ) (2048 2048 640 ) (2128 2048 640 ) 
4 21 40 (2288 2048 880 ) (2128 2048 880 ) (2128 2048 640 ) (2288 2048 640 ) 
4 21 39 (3072 2048 640 ) (3072 2048 880 ) (2288 2048 880 ) (2288 2048 640 ) 
4 21 38 (3072 2048 880 ) (3072 2048 1536 ) (2048 2048 1536 ) (2048 2048 880 ) 
4 21 24 (2048 2048 640 ) (2048 2048 1536 ) (2048 2560 1536 ) (2048 2560 640 ) 
4 21 22 (2048 2048 640 ) (2048 2560 640 ) (3072 2560 640 ) (3072 2048 640 ) 
4 22 45 (3072 2048 -640 ) (3072 2048 592 ) (2048 2048 592 ) (2048 2048 -640 ) 
4 22 44 (2128 2048 640 ) (2048 2048 640 ) (2048 2048 592 ) (2128 2048 592 ) 
4 22 42 (2288 2048 640 ) (2128 2048 640 ) (2128 2048 592 ) (2288 2048 592 ) 
4 22 41 (3072 2048 592 ) (3072 2048 640 ) (2288 2048 640 ) (2288 2048 592 ) 
4 22 25 (2048 2048 -640 ) (2048 2048 640 ) (2048 2560 640 ) (2048 2560 -640 ) 
4 22 23 (3072 2048 -640 ) (2048 2048 -640 ) (2048 2560 -640 ) (3072 2560 -640 ) 
4 23 46 (3072 2048 -1280 ) (3072 2048 -640 ) (2048 2048 -640 ) (2048 2048 -1280 ) 
4 23 26 (2048 2048 -1280 ) (2048 2048 -640 ) (2048 2560 -640 ) (2048 2560 -1280 ) 
4 24 204 (1024 2048 1008 ) (1024 2048 640 ) (1984 2048 640 ) (1984 2048 1008 ) 
4 24 202 (1984 2048 640 ) (2016 2048 640 ) (2016 2048 1008 ) (1984 2048 1008 ) 
4 24 201 (1024 2048 1264 ) (1024 2048 1008 ) (2016 2048 1008 ) (2016 2048 1264 ) 
4 24 200 (2016 2048 1536 ) (1024 2048 1536 ) (1024 2048 1264 ) (2016 2048 1264 ) 
4 24 182 (2048 2048 640 ) (2048 2048 816 ) (2016 2048 816 ) (2016 2048 640 ) 
4 24 181 (2048 2048 816 ) (2048 2048 920 ) (2016 2048 920 ) (2016 2048 816 ) 
4 24 180 (2048 2048 920 ) (2048 2048 936 ) (2016 2048 936 ) (2016 2048 920 ) 
4 24 177 (2048 2048 936 ) (2048 2048 1536 ) (2016 2048 1536 ) (2016 2048 936 ) 
4 24 27 (1024 2048 640 ) (1024 2048 1536 ) (1024 2560 1536 ) (1024 2560 640 ) 
4 24 25 (2048 2048 640 ) (1024 2048 640 ) (1024 2560 640 ) (2048 2560 640 ) 
4 25 205 (1984 2048 640 ) (1024 2048 640 ) (1024 2048 -640 ) (1984 2048 -640 ) 
4 25 203 (2016 2048 640 ) (1984 2048 640 ) (1984 2048 -640 ) (2016 2048 -640 ) 
4 25 196 (2048 2048 -640 ) (2048 2048 624 ) (2016 2048 624 ) (2016 2048 -640 ) 
4 25 183 (2048 2048 624 ) (2048 2048 640 ) (2016 2048 640 ) (2016 2048 624 ) 
4 25 28 (1024 2048 -640 ) (1024 2048 640 ) (1024 2560 640 ) (1024 2560 -640 ) 
4 25 26 (1024 2048 -640 ) (1024 2560 -640 ) (2048 2560 -640 ) (2048 2048 -640 ) 
4 26 206 (2016 2048 -640 ) (1984 2048 -640 ) (1984 2048 -1280 ) (2016 2048 -1280 ) 
4 26 207 (1984 2048 -640 ) (1024 2048 -640 ) (1024 2048 -1280 ) (1984 2048 -1280 ) 
4 26 198 (2048 2048 -1280 ) (2048 2048 -640 ) (2016 2048 -640 ) (2016 2048 -1280 ) 
4 26 29 (1024 2048 -1280 ) (1024 2048 -640 ) (1024 2560 -640 ) (1024 2560 -1280 ) 
4 27 387 (0 2048 640 ) (0 2048 1536 ) (0 2560 1536 ) (0 2560 640 ) 
4 27 219 (1024 2048 640 ) (1024 2048 1264 ) (0 2048 1264 ) (0 2048 640 ) 
4 27 218 (1024 2048 1264 ) (1024 2048 1536 ) (0 2048 1536 ) (0 2048 1264 ) 
4 27 28 (0 2048 640 ) (0 2560 640 ) (1024 2560 640 ) (1024 2048 640 ) 
4 28 388 (0 2048 -640 ) (0 2048 640 ) (0 2560 640 ) (0 2560 -640 ) 
4 28 220 (1024 2048 -640 ) (1024 2048 640 ) (0 2048 640 ) (0 2048 -640 ) 
4 28 29 (1024 2048 -640 ) (0 2048 -640 ) (0 2560 -640 ) (1024 2560 -640 ) 
4 29 389 (0 2048 -1280 ) (0 2048 -640 ) (0 2560 -640 ) (0 2560 -1280 ) 
4 29 223 (1024 2048 -1280 ) (1024 2048 -640 ) (0 2048 -640 ) (0 2048 -1280 ) 
4 30 152 (4096 1024 1264 ) (4096 1024 1536 ) (3072 1024 1536 ) (3072 1024 1264 ) 
4 30 109 (3072 1632 1264 ) (3072 1024 1264 ) (3072 1024 1536 ) (3072 1632 1536 ) 
4 30 104 (3072 1664 1264 ) (3072 1632 1264 ) (3072 1632 1536 ) (3072 1664 1536 ) 
4 30 71 (3072 1680 1264 ) (3072 1664 1264 ) (3072 1664 1536 ) (3072 1680 1536 ) 
4 30 65 (3072 2000 1264 ) (3072 1680 1264 ) (3072 1680 1536 ) (3072 2000 1536 ) 
4 30 47 (3072 2016 1264 ) (3072 2000 1264 ) (3072 2000 1536 ) (3072 2016 1536 ) 
4 30 38 (3072 2048 1536 ) (3072 2048 1264 ) (3072 2016 1264 ) (3072 2016 1536 ) 
4 30 34 (3072 1024 1264 ) (3072 1376 1264 ) (4096 1376 1264 ) (4096 1024 1264 ) 
4 30 31 (3072 1408 1264 ) (3072 2048 1264 ) (4096 2048 1264 ) (4096 1408 1264 ) 
4 31 111 (3072 1632 640 ) (3072 1408 640 ) (3072 1408 1008 ) (3072 1632 1008 ) 
4 31 110 (3072 1408 1008 ) (3072 1408 1264 ) (3072 1632 1264 ) (3072 1632 1008 ) 
4 31 105 (3072 1664 640 ) (3072 1632 640 ) (3072 1632 816 ) (3072 1664 816 ) 
4 31 104 (3072 1632 816 ) (3072 1632 1264 ) (3072 1664 1264 ) (3072 1664 816 ) 
4 31 91 (3072 1680 640 ) (3072 1664 640 ) (3072 1664 752 ) (3072 1680 752 ) 
4 31 81 (3072 2000 640 ) (3072 1680 640 ) (3072 1680 752 ) (3072 2000 752 ) 
4 31 74 (3072 1664 752 ) (3072 1664 784 ) (3072 1680 784 ) (3072 1680 752 ) 
4 31 71 (3072 1664 784 ) (3072 1664 1264 ) (3072 1680 1264 ) (3072 1680 784 ) 
4 31 68 (3072 2000 880 ) (3072 2000 752 ) (3072 1680 752 ) (3072 1680 880 ) 
4 31 65 (3072 1680 1264 ) (3072 2000 1264 ) (3072 2000 880 ) (3072 1680 880 ) 
4 31 52 (3072 2016 640 ) (3072 2000 640 ) (3072 2000 752 ) (3072 2016 752 ) 
4 31 50 (3072 2000 752 ) (3072 2000 784 ) (3072 2016 784 ) (3072 2016 752 ) 
4 31 47 (3072 2000 784 ) (3072 2000 1264 ) (3072 2016 1264 ) (3072 2016 784 ) 
4 31 39 (3072 2048 880 ) (3072 2048 640 ) (3072 2016 640 ) (3072 2016 880 ) 
4 31 38 (3072 2048 1264 ) (3072 2048 880 ) (3072 2016 880 ) (3072 2016 1264 ) 
4 31 32 (3072 1408 640 ) (3072 2048 640 ) (4096 2048 640 ) (4096 1408 640 ) 
4 32 146 (3072 1632 -640 ) (3072 1408 -640 ) (3072 1408 624 ) (3072 1632 624 ) 
4 32 144 (3072 1664 -640 ) (3072 1632 -640 ) (3072 1632 208 ) (3072 1664 208 ) 
4 32 143 (3072 1632 208 ) (3072 1632 624 ) (3072 1664 624 ) (3072 1664 208 ) 
4 32 112 (3072 1408 624 ) (3072 1408 640 ) (3072 1632 640 ) (3072 1632 624 ) 
4 32 106 (3072 1632 640 ) (3072 1664 640 ) (3072 1664 624 ) (3072 1632 624 ) 
4 32 102 (3072 1680 -640 ) (3072 1664 -640 ) (3072 1664 592 ) (3072 1680 592 ) 
4 32 100 (3072 1664 592 ) (3072 1664 608 ) (3072 1680 608 ) (3072 1680 592 ) 
4 32 97 (3072 1664 608 ) (3072 1664 620 ) (3072 1680 620 ) (3072 1680 608 ) 
4 32 92 (3072 1664 620 ) (3072 1664 640 ) (3072 1680 640 ) (3072 1680 620 ) 
4 32 89 (3072 2000 -640 ) (3072 1680 -640 ) (3072 1680 592 ) (3072 2000 592 ) 
4 32 87 (3072 1680 592 ) (3072 1680 624 ) (3072 2000 624 ) (3072 2000 592 ) 
4 32 84 (3072 1680 624 ) (3072 1680 640 ) (3072 2000 640 ) (3072 2000 624 ) 
4 32 63 (3072 2016 -640 ) (3072 2000 -640 ) (3072 2000 592 ) (3072 2016 592 ) 
4 32 61 (3072 2000 592 ) (3072 2000 608 ) (3072 2016 608 ) (3072 2016 592 ) 
4 32 58 (3072 2000 608 ) (3072 2000 620 ) (3072 2016 620 ) (3072 2016 608 ) 
4 32 53 (3072 2000 620 ) (3072 2000 640 ) (3072 2016 640 ) (3072 2016 620 ) 
4 32 45 (3072 2048 592 ) (3072 2048 -640 ) (3072 2016 -640 ) (3072 2016 592 ) 
4 32 41 (3072 2048 640 ) (3072 2048 592 ) (3072 2016 592 ) (3072 2016 640 ) 
4 32 33 (3072 1408 -640 ) (3072 2048 -640 ) (4096 2048 -640 ) (4096 1408 -640 ) 
4 33 147 (3072 1632 -1280 ) (3072 1408 -1280 ) (3072 1408 -640 ) (3072 1632 -640 ) 
4 33 145 (3072 1664 -1280 ) (3072 1632 -1280 ) (3072 1632 -640 ) (3072 1664 -640 ) 
4 33 103 (3072 1680 -1280 ) (3072 1664 -1280 ) (3072 1664 -640 ) (3072 1680 -640 ) 
4 33 90 (3072 2000 -1280 ) (3072 1680 -1280 ) (3072 1680 -640 ) (3072 2000 -640 ) 
4 33 64 (3072 2016 -1280 ) (3072 2000 -1280 ) (3072 2000 -640 ) (3072 2016 -640 ) 
4 33 46 (3072 2048 -640 ) (3072 2048 -1280 ) (3072 2016 -1280 ) (3072 2016 -640 ) 
4 34 152 (4096 1024 1008 ) (4096 1024 1264 ) (3072 1024 1264 ) (3072 1024 1008 ) 
4 34 113 (3072 1024 1008 ) (3072 1024 1264 ) (3072 1376 1264 ) (3072 1376 1008 ) 
4 34 35 (3232 1024 1008 ) (3072 1024 1008 ) (3072 1376 1008 ) (3232 1376 1008 ) 
4 35 155 (3232 1024 1008 ) (3072 1024 1008 ) (3072 1024 640 ) (3232 1024 640 ) 
4 35 113 (3072 1024 640 ) (3072 1024 1008 ) (3072 1376 1008 ) (3072 1376 640 ) 
4 35 36 (3232 1024 640 ) (3072 1024 640 ) (3072 1376 640 ) (3232 1376 640 ) 
4 36 156 (3232 1024 640 ) (3072 1024 640 ) (3072 1024 -640 ) (3232 1024 -640 ) 
4 36 148 (3072 1024 -640 ) (3072 1024 624 ) (3072 1376 624 ) (3072 1376 -640 ) 
4 36 114 (3072 1024 624 ) (3072 1024 640 ) (3072 1376 640 ) (3072 1376 624 ) 
4 36 37 (3072 1024 -640 ) (3072 1376 -640 ) (3232 1376 -640 ) (3232 1024 -640 ) 
4 37 158 (3232 1024 -640 ) (3072 1024 -640 ) (3072 1024 -1280 ) (3232 1024 -1280 ) 
4 37 149 (3072 1024 -1280 ) (3072 1024 -640 ) (3072 1376 -640 ) (3072 1376 -1280 ) 
4 38 181 (2048 2048 920 ) (2048 2048 880 ) (2048 2016 880 ) (2048 2016 920 ) 
4 38 180 (2048 2048 936 ) (2048 2048 920 ) (2048 2016 920 ) (2048 2016 936 ) 
4 38 177 (2048 2048 1536 ) (2048 2048 936 ) (2048 2016 936 ) (2048 2016 1536 ) 
4 38 48 (2288 2016 1536 ) (2128 2016 1536 ) (2128 2016 880 ) (2288 2016 880 ) 
4 38 47 (3072 2016 880 ) (3072 2016 1536 ) (2288 2016 1536 ) (2288 2016 880 ) 
4 38 49 (2128 2016 1536 ) (2048 2016 1536 ) (2048 2016 880 ) (2128 2016 880 ) 
4 38 43 (2128 2016 880 ) (2048 2016 880 ) (2048 2048 880 ) (2128 2048 880 ) 
4 38 40 (2128 2032 880 ) (2128 2048 880 ) (2288 2048 880 ) (2288 2032 880 ) 
4 38 39 (3072 2016 880 ) (2288 2016 880 ) (2288 2048 880 ) (3072 2048 880 ) 
4 39 52 (3072 2016 640 ) (3072 2016 752 ) (2304 2016 752 ) (2304 2016 640 ) 
4 39 50 (3072 2016 752 ) (3072 2016 784 ) (2304 2016 784 ) (2304 2016 752 ) 
4 39 47 (3072 2016 784 ) (3072 2016 880 ) (2288 2016 880 ) (2288 2016 784 ) 
4 39 41 (3072 2016 640 ) (2288 2016 640 ) (2288 2048 640 ) (3072 2048 640 ) 
4 39 40 (2288 2048 640 ) (2288 2032 640 ) (2288 2032 880 ) (2288 2048 880 ) 
4 40 43 (2128 2032 880 ) (2128 2048 880 ) (2128 2048 640 ) (2128 2032 640 ) 
4 40 42 (2128 2032 640 ) (2128 2048 640 ) (2288 2048 640 ) (2288 2032 640 ) 
4 41 61 (3072 2016 592 ) (3072 2016 608 ) (2304 2016 608 ) (2304 2016 592 ) 
4 41 58 (3072 2016 608 ) (3072 2016 620 ) (2304 2016 620 ) (2304 2016 608 ) 
4 41 53 (3072 2016 620 ) (3072 2016 640 ) (2304 2016 640 ) (2304 2016 620 ) 
4 41 45 (3072 2016 592 ) (2288 2016 592 ) (2288 2048 592 ) (3072 2048 592 ) 
4 41 42 (2288 2048 592 ) (2288 2032 592 ) (2288 2032 640 ) (2288 2048 640 ) 
4 42 45 (2128 2032 592 ) (2128 2048 592 ) (2288 2048 592 ) (2288 2032 592 ) 
4 42 44 (2128 2048 592 ) (2128 2032 592 ) (2128 2032 640 ) (2128 2048 640 ) 
4 43 182 (2048 2048 816 ) (2048 2048 640 ) (2048 2016 640 ) (2048 2016 816 ) 
4 43 181 (2048 2048 880 ) (2048 2048 816 ) (2048 2016 816 ) (2048 2016 880 ) 
4 43 55 (2048 2016 752 ) (2048 2016 640 ) (2112 2016 640 ) (2112 2016 752 ) 
4 43 51 (2048 2016 784 ) (2048 2016 752 ) (2112 2016 752 ) (2112 2016 784 ) 
4 43 49 (2128 2016 880 ) (2048 2016 880 ) (2048 2016 784 ) (2128 2016 784 ) 
4 43 44 (2128 2048 640 ) (2128 2016 640 ) (2048 2016 640 ) (2048 2048 640 ) 
4 44 196 (2048 2048 624 ) (2048 2048 592 ) (2048 2016 592 ) (2048 2016 624 ) 
4 44 183 (2048 2048 640 ) (2048 2048 624 ) (2048 2016 624 ) (2048 2016 640 ) 
4 44 62 (2048 2016 608 ) (2048 2016 592 ) (2112 2016 592 ) (2112 2016 608 ) 
4 44 60 (2048 2016 620 ) (2048 2016 608 ) (2112 2016 608 ) (2112 2016 620 ) 
4 44 57 (2048 2016 640 ) (2048 2016 620 ) (2112 2016 620 ) (2112 2016 640 ) 
4 44 45 (2128 2016 592 ) (2048 2016 592 ) (2048 2048 592 ) (2128 2048 592 ) 
4 45 196 (2048 2048 592 ) (2048 2048 -640 ) (2048 2016 -640 ) (2048 2016 592 ) 
4 45 63 (3072 2016 -640 ) (3072 2016 592 ) (2048 2016 592 ) (2048 2016 -640 ) 
4 45 46 (3072 2016 -640 ) (2048 2016 -640 ) (2048 2048 -640 ) (3072 2048 -640 ) 
4 46 198 (2048 2048 -640 ) (2048 2048 -1280 ) (2048 2016 -1280 ) (2048 2016 -640 ) 
4 46 64 (3072 2016 -1280 ) (3072 2016 -640 ) (2048 2016 -640 ) (2048 2016 -1280 ) 
4 47 68 (2288 2000 784 ) (3072 2000 784 ) (3072 2000 880 ) (2288 2000 880 ) 
4 47 65 (3072 2000 880 ) (3072 2000 1536 ) (2288 2000 1536 ) (2288 2000 880 ) 
4 47 50 (3072 2000 784 ) (2304 2000 784 ) (2304 2016 784 ) (3072 2016 784 ) 
4 47 48 (2288 2000 880 ) (2288 2000 1536 ) (2288 2016 1536 ) (2288 2016 880 ) 
4 48 66 (2288 2000 896 ) (2288 2000 1536 ) (2128 2000 1536 ) (2128 2000 896 ) 
4 48 49 (2128 2000 880 ) (2128 2000 1536 ) (2128 2016 1536 ) (2128 2016 880 ) 
4 49 182 (2048 2000 784 ) (2048 2000 816 ) (2048 2016 816 ) (2048 2016 784 ) 
4 49 181 (2048 2000 816 ) (2048 2000 920 ) (2048 2016 920 ) (2048 2016 816 ) 
4 49 180 (2048 2000 920 ) (2048 2000 936 ) (2048 2016 936 ) (2048 2016 920 ) 
4 49 177 (2048 2000 936 ) (2048 2000 1536 ) (2048 2016 1536 ) (2048 2016 936 ) 
4 49 77 (2048 2000 920 ) (2048 2000 784 ) (2112 2000 784 ) (2112 2000 920 ) 
4 49 75 (2048 2000 1536 ) (2048 2000 920 ) (2112 2000 920 ) (2112 2000 1536 ) 
4 49 70 (2112 2000 784 ) (2128 2000 784 ) (2128 2000 880 ) (2112 2000 880 ) 
4 49 67 (2128 2000 880 ) (2128 2000 1536 ) (2112 2000 1536 ) (2112 2000 880 ) 
4 49 51 (2112 2000 784 ) (2048 2000 784 ) (2048 2016 784 ) (2112 2016 784 ) 
4 50 68 (2304 2000 752 ) (3072 2000 752 ) (3072 2000 784 ) (2304 2000 784 ) 
4 50 52 (3072 2000 752 ) (2304 2000 752 ) (2304 2016 752 ) (3072 2016 752 ) 
4 51 182 (2048 2000 752 ) (2048 2000 784 ) (2048 2016 784 ) (2048 2016 752 ) 
4 51 77 (2048 2000 784 ) (2048 2000 752 ) (2112 2000 752 ) (2112 2000 784 ) 
4 51 55 (2112 2000 752 ) (2048 2000 752 ) (2048 2016 752 ) (2112 2016 752 ) 
4 52 81 (3072 2000 640 ) (3072 2000 752 ) (2304 2000 752 ) (2304 2000 640 ) 
4 52 53 (3072 2000 640 ) (2304 2000 640 ) (2304 2016 640 ) (3072 2016 640 ) 
4 53 87 (2304 2000 620 ) (3072 2000 620 ) (3072 2000 624 ) (2304 2000 624 ) 
4 53 84 (3072 2000 624 ) (3072 2000 640 ) (2304 2000 640 ) (2304 2000 624 ) 
4 53 58 (3072 2000 620 ) (2304 2000 620 ) (2304 2016 620 ) (3072 2016 620 ) 
4 54 82 (2144 2000 640 ) (2272 2000 640 ) (2272 2000 752 ) (2144 2000 752 ) 
4 54 56 (2140 2016 640 ) (2276 2016 640 ) (2276 2000 640 ) (2140 2000 640 ) 
4 55 182 (2048 2000 640 ) (2048 2000 752 ) (2048 2016 752 ) (2048 2016 640 ) 
4 55 83 (2048 2000 752 ) (2048 2000 640 ) (2112 2000 640 ) (2112 2000 752 ) 
4 55 57 (2048 2016 640 ) (2112 2016 640 ) (2112 2000 640 ) (2048 2000 640 ) 
4 56 85 (2272 2000 640 ) (2144 2000 640 ) (2144 2000 624 ) (2272 2000 624 ) 
4 56 59 (2140 2002 620 ) (2140 2014 620 ) (2276 2014 620 ) (2276 2002 620 ) 
4 57 196 (2048 2000 620 ) (2048 2000 624 ) (2048 2016 624 ) (2048 2016 620 ) 
4 57 183 (2048 2000 624 ) (2048 2000 640 ) (2048 2016 640 ) (2048 2016 624 ) 
4 57 88 (2048 2000 624 ) (2048 2000 620 ) (2112 2000 620 ) (2112 2000 624 ) 
4 57 86 (2048 2000 640 ) (2048 2000 624 ) (2112 2000 624 ) (2112 2000 640 ) 
4 57 60 (2112 2000 620 ) (2048 2000 620 ) (2048 2016 620 ) (2112 2016 620 ) 
4 58 87 (2304 2000 608 ) (3072 2000 608 ) (3072 2000 620 ) (2304 2000 620 ) 
4 58 61 (3072 2000 608 ) (2304 2000 608 ) (2304 2016 608 ) (3072 2016 608 ) 
4 60 196 (2048 2000 608 ) (2048 2000 620 ) (2048 2016 620 ) (2048 2016 608 ) 
4 60 88 (2048 2000 620 ) (2048 2000 608 ) (2112 2000 608 ) (2112 2000 620 ) 
4 60 62 (2112 2000 608 ) (2048 2000 608 ) (2048 2016 608 ) (2112 2016 608 ) 
4 61 87 (2304 2000 592 ) (3072 2000 592 ) (3072 2000 608 ) (2304 2000 608 ) 
4 61 63 (3072 2000 592 ) (2304 2000 592 ) (2304 2016 592 ) (3072 2016 592 ) 
4 62 196 (2048 2000 592 ) (2048 2000 608 ) (2048 2016 608 ) (2048 2016 592 ) 
4 62 88 (2048 2000 608 ) (2048 2000 592 ) (2112 2000 592 ) (2112 2000 608 ) 
4 62 63 (2112 2000 592 ) (2048 2000 592 ) (2048 2016 592 ) (2112 2016 592 ) 
4 63 196 (2048 2000 -640 ) (2048 2000 592 ) (2048 2016 592 ) (2048 2016 -640 ) 
4 63 89 (2048 2000 592 ) (2048 2000 -640 ) (3072 2000 -640 ) (3072 2000 592 ) 
4 63 64 (3072 2000 -640 ) (2048 2000 -640 ) (2048 2016 -640 ) (3072 2016 -640 ) 
4 64 198 (2048 2000 -1280 ) (2048 2000 -640 ) (2048 2016 -640 ) (2048 2016 -1280 ) 
4 64 90 (2048 2000 -640 ) (2048 2000 -1280 ) (3072 2000 -1280 ) (3072 2000 -640 ) 
4 65 71 (2288 1680 880 ) (3072 1680 880 ) (3072 1680 1536 ) (2288 1680 1536 ) 
4 65 68 (3072 1680 880 ) (2288 1680 880 ) (2288 2000 880 ) (3072 2000 880 ) 
4 65 66 (2288 1680 896 ) (2288 1680 1536 ) (2288 2000 1536 ) (2288 2000 896 ) 
4 66 72 (2288 1680 896 ) (2288 1680 1536 ) (2128 1680 1536 ) (2128 1680 896 ) 
4 66 67 (2128 1680 896 ) (2128 1680 1536 ) (2128 2000 1536 ) (2128 2000 896 ) 
4 67 77 (2112 2000 920 ) (2112 2000 880 ) (2112 1712 880 ) (2112 1712 920 ) 
4 67 76 (2112 1680 936 ) (2112 1680 1536 ) (2112 1712 1536 ) (2112 1712 936 ) 
4 67 75 (2112 2000 1536 ) (2112 2000 920 ) (2112 1712 920 ) (2112 1712 1536 ) 
4 67 73 (2112 1680 1536 ) (2112 1680 880 ) (2128 1680 880 ) (2128 1680 1536 ) 
4 67 70 (2128 1680 880 ) (2112 1680 880 ) (2112 2000 880 ) (2128 2000 880 ) 
4 68 81 (2288 2000 752 ) (3072 2000 752 ) (3072 1680 752 ) (2288 1680 752 ) 
4 68 74 (2304 1680 752 ) (3072 1680 752 ) (3072 1680 784 ) (2304 1680 784 ) 
4 68 71 (3072 1680 784 ) (3072 1680 880 ) (2288 1680 880 ) (2288 1680 784 ) 
4 69 82 (2144 2000 752 ) (2272 2000 752 ) (2272 1680 752 ) (2144 1680 752 ) 
4 70 83 (2112 1680 752 ) (2112 2000 752 ) (2128 2000 752 ) (2128 1680 752 ) 
4 70 80 (2112 1696 752 ) (2112 1680 752 ) (2112 1680 816 ) (2112 1696 816 ) 
4 70 78 (2112 1712 752 ) (2112 1696 752 ) (2112 1696 816 ) (2112 1712 816 ) 
4 70 77 (2112 2000 880 ) (2112 2000 752 ) (2112 1712 752 ) (2112 1712 880 ) 
4 70 73 (2112 1680 880 ) (2112 1680 784 ) (2128 1680 784 ) (2128 1680 880 ) 
4 71 105 (3072 1664 784 ) (3072 1664 816 ) (2288 1664 816 ) (2288 1664 784 ) 
4 71 104 (3072 1664 816 ) (3072 1664 1536 ) (2288 1664 1536 ) (2288 1664 816 ) 
4 71 74 (3072 1664 784 ) (2304 1664 784 ) (2304 1680 784 ) (3072 1680 784 ) 
4 71 72 (2288 1664 880 ) (2288 1664 1536 ) (2288 1680 1536 ) (2288 1680 880 ) 
4 72 119 (2128 1664 1008 ) (2128 1664 880 ) (2272 1664 880 ) (2272 1664 1008 ) 
4 72 115 (2272 1664 1536 ) (2128 1664 1536 ) (2128 1664 1008 ) (2272 1664 1008 ) 
4 72 104 (2288 1664 1536 ) (2272 1664 1536 ) (2272 1664 880 ) (2288 1664 880 ) 
4 72 73 (2128 1664 880 ) (2128 1664 1536 ) (2128 1680 1536 ) (2128 1680 880 ) 
4 73 121 (2112 1664 1008 ) (2112 1664 784 ) (2128 1664 784 ) (2128 1664 1008 ) 
4 73 115 (2128 1664 1536 ) (2112 1664 1536 ) (2112 1664 1008 ) (2128 1664 1008 ) 
4 73 80 (2112 1664 784 ) (2112 1664 816 ) (2112 1680 816 ) (2112 1680 784 ) 
4 73 76 (2112 1664 936 ) (2112 1664 1536 ) (2112 1680 1536 ) (2112 1680 936 ) 
4 74 105 (3072 1664 752 ) (3072 1664 784 ) (2304 1664 784 ) (2304 1664 752 ) 
4 74 91 (3072 1664 752 ) (2304 1664 752 ) (2304 1680 752 ) (3072 1680 752 ) 
4 75 180 (2048 2000 936 ) (2048 2000 920 ) (2048 1712 920 ) (2048 1712 936 ) 
4 75 177 (2048 1712 1536 ) (2048 2000 1536 ) (2048 2000 936 ) (2048 1712 936 ) 
4 75 77 (2048 2000 920 ) (2112 2000 920 ) (2112 1712 920 ) (2048 1712 920 ) 
4 75 76 (2112 1712 936 ) (2112 1712 1536 ) (2048 1712 1536 ) (2048 1712 936 ) 
4 76 177 (2048 1664 936 ) (2048 1664 1536 ) (2048 1712 1536 ) (2048 1712 936 ) 
4 76 122 (2048 1664 1008 ) (2048 1664 936 ) (2112 1664 936 ) (2112 1664 1008 ) 
4 76 115 (2048 1664 1536 ) (2048 1664 1008 ) (2112 1664 1008 ) (2112 1664 1536 ) 
4 77 182 (2048 2000 816 ) (2048 2000 752 ) (2048 1712 752 ) (2048 1712 816 ) 
4 77 181 (2048 1712 920 ) (2048 2000 920 ) (2048 2000 816 ) (2048 1712 816 ) 
4 77 83 (2048 1712 752 ) (2048 2000 752 ) (2112 2000 752 ) (2112 1712 752 ) 
4 77 78 (2048 1712 752 ) (2112 1712 752 ) (2112 1712 816 ) (2048 1712 816 ) 
4 78 182 (2048 1712 816 ) (2048 1712 752 ) (2048 1696 752 ) (2048 1696 816 ) 
4 78 83 (2048 1696 752 ) (2048 1712 752 ) (2112 1712 752 ) (2112 1696 752 ) 
4 78 80 (2048 1696 752 ) (2112 1696 752 ) (2112 1696 816 ) (2048 1696 816 ) 
4 79 184 (2048 1664 832 ) (2048 1664 920 ) (2048 1696 920 ) (2048 1696 832 ) 
4 79 123 (2048 1664 920 ) (2048 1664 832 ) (2096 1664 832 ) (2096 1664 920 ) 
4 80 186 (2048 1664 752 ) (2048 1664 784 ) (2048 1696 784 ) (2048 1696 752 ) 
4 80 185 (2048 1664 784 ) (2048 1664 816 ) (2048 1696 816 ) (2048 1696 784 ) 
4 80 124 (2048 1664 816 ) (2048 1664 784 ) (2112 1664 784 ) (2112 1664 816 ) 
4 80 94 (2112 1664 752 ) (2048 1664 752 ) (2048 1680 752 ) (2112 1680 752 ) 
4 80 83 (2048 1680 752 ) (2048 1696 752 ) (2112 1696 752 ) (2112 1680 752 ) 
4 81 91 (3072 1680 752 ) (2304 1680 752 ) (2304 1680 640 ) (3072 1680 640 ) 
4 81 84 (3072 1680 640 ) (2288 1680 640 ) (2288 2000 640 ) (3072 2000 640 ) 
4 82 93 (2272 1680 752 ) (2144 1680 752 ) (2144 1680 640 ) (2272 1680 640 ) 
4 82 85 (2272 1680 640 ) (2144 1680 640 ) (2144 2000 640 ) (2272 2000 640 ) 
4 83 186 (2048 1680 640 ) (2048 1680 752 ) (2048 1696 752 ) (2048 1696 640 ) 
4 83 182 (2048 1696 752 ) (2048 2000 752 ) (2048 2000 640 ) (2048 1696 640 ) 
4 83 94 (2112 1680 752 ) (2048 1680 752 ) (2048 1680 640 ) (2112 1680 640 ) 
4 83 86 (2128 1680 640 ) (2048 1680 640 ) (2048 2000 640 ) (2128 2000 640 ) 
4 84 92 (2304 1680 624 ) (3072 1680 624 ) (3072 1680 640 ) (2304 1680 640 ) 
4 84 87 (3072 1680 624 ) (2288 1680 624 ) (2288 2000 624 ) (3072 2000 624 ) 
4 85 95 (2144 1680 624 ) (2272 1680 624 ) (2272 1680 640 ) (2144 1680 640 ) 
4 86 188 (2048 1680 624 ) (2048 1680 640 ) (2048 1696 640 ) (2048 1696 624 ) 
4 86 183 (2048 1696 640 ) (2048 2000 640 ) (2048 2000 624 ) (2048 1696 624 ) 
4 86 96 (2048 1680 640 ) (2048 1680 624 ) (2112 1680 624 ) (2112 1680 640 ) 
4 86 88 (2128 1680 624 ) (2048 1680 624 ) (2048 2000 624 ) (2128 2000 624 ) 
4 87 100 (2304 1680 592 ) (3072 1680 592 ) (3072 1680 608 ) (2304 1680 608 ) 
4 87 97 (3072 1680 608 ) (3072 1680 620 ) (2304 1680 620 ) (2304 1680 608 ) 
4 87 92 (3072 1680 620 ) (3072 1680 624 ) (2304 1680 624 ) (2304 1680 620 ) 
4 87 89 (3072 1680 592 ) (2288 1680 592 ) (2288 2000 592 ) (3072 2000 592 ) 
4 88 196 (2048 1680 592 ) (2048 1680 624 ) (2048 2000 624 ) (2048 2000 592 ) 
4 88 101 (2048 1680 608 ) (2048 1680 592 ) (2112 1680 592 ) (2112 1680 608 ) 
4 88 99 (2048 1680 620 ) (2048 1680 608 ) (2112 1680 608 ) (2112 1680 620 ) 
4 88 96 (2048 1680 624 ) (2048 1680 620 ) (2112 1680 620 ) (2112 1680 624 ) 
4 88 89 (2128 1680 592 ) (2048 1680 592 ) (2048 2000 592 ) (2128 2000 592 ) 
4 89 196 (2048 1680 -640 ) (2048 1680 592 ) (2048 2000 592 ) (2048 2000 -640 ) 
4 89 102 (2048 1680 592 ) (2048 1680 -640 ) (3072 1680 -640 ) (3072 1680 592 ) 
4 89 90 (3072 1680 -640 ) (2048 1680 -640 ) (2048 2000 -640 ) (3072 2000 -640 ) 
4 90 198 (2048 1680 -1280 ) (2048 1680 -640 ) (2048 2000 -640 ) (2048 2000 -1280 ) 
4 90 103 (2048 1680 -640 ) (2048 1680 -1280 ) (3072 1680 -1280 ) (3072 1680 -640 ) 
4 91 105 (3072 1664 640 ) (3072 1664 752 ) (2304 1664 752 ) (2304 1664 640 ) 
4 91 92 (3072 1664 640 ) (2304 1664 640 ) (2304 1680 640 ) (3072 1680 640 ) 
4 92 143 (3072 1664 620 ) (3072 1664 624 ) (2304 1664 624 ) (2304 1664 620 ) 
4 92 106 (3072 1664 624 ) (3072 1664 640 ) (2304 1664 640 ) (2304 1664 624 ) 
4 92 97 (3072 1664 620 ) (2304 1664 620 ) (2304 1680 620 ) (3072 1680 620 ) 
4 93 127 (2272 1664 752 ) (2140 1664 752 ) (2140 1664 640 ) (2272 1664 640 ) 
4 93 107 (2276 1664 752 ) (2272 1664 752 ) (2272 1664 640 ) (2276 1664 640 ) 
4 93 95 (2140 1680 640 ) (2276 1680 640 ) (2276 1664 640 ) (2140 1664 640 ) 
4 94 186 (2048 1664 640 ) (2048 1664 752 ) (2048 1680 752 ) (2048 1680 640 ) 
4 94 96 (2048 1680 640 ) (2112 1680 640 ) (2112 1664 640 ) (2048 1664 640 ) 
4 95 128 (2272 1664 640 ) (2140 1664 640 ) (2140 1664 624 ) (2272 1664 624 ) 
4 95 108 (2276 1664 624 ) (2276 1664 640 ) (2272 1664 640 ) (2272 1664 624 ) 
4 95 98 (2140 1666 620 ) (2140 1678 620 ) (2276 1678 620 ) (2276 1666 620 ) 
4 96 196 (2048 1664 620 ) (2048 1664 624 ) (2048 1680 624 ) (2048 1680 620 ) 
4 96 188 (2048 1664 624 ) (2048 1664 640 ) (2048 1680 640 ) (2048 1680 624 ) 
4 96 99 (2112 1664 620 ) (2048 1664 620 ) (2048 1680 620 ) (2112 1680 620 ) 
4 97 143 (3072 1664 608 ) (3072 1664 620 ) (2304 1664 620 ) (2304 1664 608 ) 
4 97 100 (3072 1664 608 ) (2304 1664 608 ) (2304 1680 608 ) (3072 1680 608 ) 
4 99 196 (2048 1664 608 ) (2048 1664 620 ) (2048 1680 620 ) (2048 1680 608 ) 
4 99 101 (2112 1664 608 ) (2048 1664 608 ) (2048 1680 608 ) (2112 1680 608 ) 
4 100 143 (3072 1664 592 ) (3072 1664 608 ) (2304 1664 608 ) (2304 1664 592 ) 
4 100 102 (3072 1664 592 ) (2304 1664 592 ) (2304 1680 592 ) (3072 1680 592 ) 
4 101 196 (2048 1664 592 ) (2048 1664 608 ) (2048 1680 608 ) (2048 1680 592 ) 
4 101 102 (2112 1664 592 ) (2048 1664 592 ) (2048 1680 592 ) (2112 1680 592 ) 
4 102 196 (2048 1664 -640 ) (2048 1664 592 ) (2048 1680 592 ) (2048 1680 -640 ) 
4 102 144 (3072 1664 -640 ) (3072 1664 208 ) (2272 1664 208 ) (2272 1664 -640 ) 
4 102 143 (3072 1664 208 ) (3072 1664 592 ) (2280 1664 592 ) (2280 1664 208 ) 
4 102 103 (3072 1664 -640 ) (2048 1664 -640 ) (2048 1680 -640 ) (3072 1680 -640 ) 
4 103 198 (2048 1664 -1280 ) (2048 1664 -640 ) (2048 1680 -640 ) (2048 1680 -1280 ) 
4 103 145 (3072 1664 -1280 ) (3072 1664 -640 ) (2272 1664 -640 ) (2272 1664 -1280 ) 
4 104 119 (2272 1664 1008 ) (2272 1664 816 ) (2272 1632 816 ) (2272 1632 1008 ) 
4 104 115 (2272 1664 1536 ) (2272 1664 1008 ) (2272 1632 1008 ) (2272 1632 1536 ) 
4 104 111 (2304 1632 816 ) (3072 1632 816 ) (3072 1632 1008 ) (2304 1632 1008 ) 
4 104 110 (2272 1632 1264 ) (2272 1632 1008 ) (3072 1632 1008 ) (3072 1632 1264 ) 
4 104 109 (2272 1632 1536 ) (2272 1632 1264 ) (3072 1632 1264 ) (3072 1632 1536 ) 
4 104 105 (3072 1632 816 ) (2288 1632 816 ) (2288 1664 816 ) (3072 1664 816 ) 
4 105 111 (3072 1632 640 ) (3072 1632 816 ) (2304 1632 816 ) (2304 1632 640 ) 
4 105 106 (3072 1632 640 ) (2288 1632 640 ) (2288 1664 640 ) (3072 1664 640 ) 
4 106 143 (2288 1664 624 ) (3072 1664 624 ) (3072 1632 624 ) (2288 1632 624 ) 
4 106 112 (2304 1632 624 ) (3072 1632 624 ) (3072 1632 640 ) (2304 1632 640 ) 
4 107 127 (2272 1664 760 ) (2272 1664 640 ) (2272 1632 640 ) (2272 1632 760 ) 
4 107 108 (2280 1664 640 ) (2280 1632 640 ) (2272 1632 640 ) (2272 1664 640 ) 
4 108 128 (2272 1664 640 ) (2272 1664 624 ) (2272 1632 624 ) (2272 1632 640 ) 
4 109 159 (3072 1024 1264 ) (3072 1024 1536 ) (2272 1024 1536 ) (2272 1024 1264 ) 
4 109 117 (2272 1376 1536 ) (2272 1408 1536 ) (2272 1408 1264 ) (2272 1376 1264 ) 
4 109 118 (2272 1024 1264 ) (2272 1024 1536 ) (2272 1376 1536 ) (2272 1376 1264 ) 
4 109 116 (2272 1408 1536 ) (2272 1632 1536 ) (2272 1632 1264 ) (2272 1408 1264 ) 
4 109 113 (3072 1024 1264 ) (2272 1024 1264 ) (2272 1376 1264 ) (3072 1376 1264 ) 
4 109 110 (2272 1408 1264 ) (2272 1632 1264 ) (3072 1632 1264 ) (3072 1408 1264 ) 
4 110 116 (2272 1408 1040 ) (2272 1408 1264 ) (2272 1632 1264 ) (2272 1632 1040 ) 
4 110 111 (3072 1408 1008 ) (2304 1408 1008 ) (2304 1632 1008 ) (3072 1632 1008 ) 
4 111 112 (3072 1408 640 ) (2304 1408 640 ) (2304 1632 640 ) (3072 1632 640 ) 
4 112 146 (2304 1632 624 ) (3072 1632 624 ) (3072 1408 624 ) (2304 1408 624 ) 
4 113 159 (3072 1024 640 ) (3072 1024 1264 ) (2272 1024 1264 ) (2272 1024 640 ) 
4 113 135 (2272 1024 640 ) (2272 1024 752 ) (2272 1376 752 ) (2272 1376 640 ) 
4 113 134 (2272 1024 752 ) (2272 1024 768 ) (2272 1376 768 ) (2272 1376 752 ) 
4 113 129 (2272 1024 768 ) (2272 1024 784 ) (2272 1376 784 ) (2272 1376 768 ) 
4 113 126 (2272 1024 784 ) (2272 1024 1008 ) (2272 1376 1008 ) (2272 1376 784 ) 
4 113 118 (2272 1024 1008 ) (2272 1024 1264 ) (2272 1376 1264 ) (2272 1376 1008 ) 
4 113 114 (3072 1024 640 ) (2272 1024 640 ) (2272 1376 640 ) (3072 1376 640 ) 
4 114 160 (3072 1024 624 ) (3072 1024 640 ) (2272 1024 640 ) (2272 1024 624 ) 
4 114 148 (3072 1024 624 ) (2272 1024 624 ) (2272 1376 624 ) (3072 1376 624 ) 
4 114 136 (2272 1376 624 ) (2272 1024 624 ) (2272 1024 640 ) (2272 1376 640 ) 
4 115 177 (2048 1632 1536 ) (2048 1664 1536 ) (2048 1664 1008 ) (2048 1632 1008 ) 
4 115 122 (2048 1664 1008 ) (2112 1664 1008 ) (2112 1632 1008 ) (2048 1632 1008 ) 
4 115 119 (2128 1664 1008 ) (2272 1664 1008 ) (2272 1632 1008 ) (2128 1632 1008 ) 
4 115 121 (2112 1664 1008 ) (2128 1664 1008 ) (2128 1632 1008 ) (2112 1632 1008 ) 
4 115 116 (2272 1632 1040 ) (2272 1632 1536 ) (2048 1632 1536 ) (2048 1632 1040 ) 
4 116 190 (2048 1408 1536 ) (2048 1536 1536 ) (2048 1536 1040 ) (2048 1408 1040 ) 
4 116 178 (2048 1536 1536 ) (2048 1632 1536 ) (2048 1632 1040 ) (2048 1536 1040 ) 
4 116 117 (2272 1408 1264 ) (2272 1408 1536 ) (2048 1408 1536 ) (2048 1408 1264 ) 
4 117 191 (2048 1376 1536 ) (2048 1408 1536 ) (2048 1408 1264 ) (2048 1376 1264 ) 
4 117 118 (2272 1376 1264 ) (2272 1376 1536 ) (2048 1376 1536 ) (2048 1376 1264 ) 
4 118 192 (2048 1024 1008 ) (2048 1024 1536 ) (2048 1376 1536 ) (2048 1376 1008 ) 
4 118 159 (2048 1024 1536 ) (2048 1024 1008 ) (2272 1024 1008 ) (2272 1024 1536 ) 
4 118 126 (2272 1376 1008 ) (2272 1024 1008 ) (2048 1024 1008 ) (2048 1376 1008 ) 
4 119 120 (2128 1632 1008 ) (2128 1632 816 ) (2272 1632 816 ) (2272 1632 1008 ) 
4 119 121 (2128 1632 816 ) (2128 1632 1008 ) (2128 1664 1008 ) (2128 1664 816 ) 
4 120 121 (2128 1632 784 ) (2128 1536 784 ) (2128 1536 1008 ) (2128 1632 1008 ) 
4 121 130 (2128 1632 784 ) (2128 1568 784 ) (2112 1568 784 ) (2112 1632 784 ) 
4 121 124 (2112 1664 784 ) (2112 1536 784 ) (2112 1536 816 ) (2112 1664 816 ) 
4 121 122 (2112 1536 936 ) (2112 1536 1008 ) (2112 1664 1008 ) (2112 1664 936 ) 
4 122 179 (2048 1536 1008 ) (2048 1632 1008 ) (2048 1632 936 ) (2048 1536 936 ) 
4 122 177 (2048 1632 1008 ) (2048 1664 1008 ) (2048 1664 936 ) (2048 1632 936 ) 
4 123 184 (2048 1664 920 ) (2048 1664 832 ) (2048 1536 832 ) (2048 1536 920 ) 
4 123 125 (2096 1536 920 ) (2048 1536 920 ) (2048 1536 832 ) (2096 1536 832 ) 
4 124 185 (2048 1664 816 ) (2048 1664 784 ) (2048 1536 784 ) (2048 1536 816 ) 
4 124 131 (2048 1536 784 ) (2048 1568 784 ) (2112 1568 784 ) (2112 1536 784 ) 
4 124 130 (2048 1568 784 ) (2048 1632 784 ) (2112 1632 784 ) (2112 1568 784 ) 
4 125 193 (2048 1536 920 ) (2048 1536 832 ) (2048 1504 832 ) (2048 1504 920 ) 
4 125 126 (2048 1504 920 ) (2048 1504 832 ) (2096 1504 832 ) (2096 1504 920 ) 
4 126 194 (2048 1024 784 ) (2048 1024 1008 ) (2048 1504 1008 ) (2048 1504 784 ) 
4 126 159 (2048 1024 1008 ) (2048 1024 784 ) (2272 1024 784 ) (2272 1024 1008 ) 
4 126 132 (2048 1024 784 ) (2048 1504 784 ) (2144 1504 784 ) (2144 1024 784 ) 
4 126 129 (2144 1504 784 ) (2272 1504 784 ) (2272 1024 784 ) (2144 1024 784 ) 
4 127 135 (2272 1632 640 ) (2272 1632 752 ) (2144 1632 752 ) (2144 1632 640 ) 
4 127 133 (2272 1632 752 ) (2272 1632 760 ) (2144 1632 760 ) (2144 1632 752 ) 
4 127 128 (2272 1632 640 ) (2136 1632 640 ) (2136 1664 640 ) (2272 1664 640 ) 
4 128 136 (2144 1632 624 ) (2272 1632 624 ) (2272 1632 640 ) (2144 1632 640 ) 
4 129 159 (2144 1024 768 ) (2272 1024 768 ) (2272 1024 784 ) (2144 1024 784 ) 
4 129 134 (2272 1504 768 ) (2272 1024 768 ) (2144 1024 768 ) (2144 1504 768 ) 
4 129 132 (2144 1504 768 ) (2144 1024 768 ) (2144 1024 784 ) (2144 1504 784 ) 
4 130 187 (2048 1568 784 ) (2048 1632 784 ) (2048 1632 768 ) (2048 1568 768 ) 
4 130 137 (2048 1568 768 ) (2048 1632 768 ) (2128 1632 768 ) (2128 1568 768 ) 
4 130 131 (2048 1568 768 ) (2112 1568 768 ) (2112 1568 784 ) (2048 1568 784 ) 
4 131 187 (2048 1536 784 ) (2048 1568 784 ) (2048 1568 768 ) (2048 1536 768 ) 
4 131 138 (2048 1536 768 ) (2048 1568 768 ) (2112 1568 768 ) (2112 1536 768 ) 
4 132 194 (2048 1024 768 ) (2048 1024 784 ) (2048 1504 784 ) (2048 1504 768 ) 
4 132 159 (2048 1024 784 ) (2048 1024 768 ) (2144 1024 768 ) (2144 1024 784 ) 
4 132 139 (2048 1024 768 ) (2048 1504 768 ) (2144 1504 768 ) (2144 1024 768 ) 
4 133 135 (2144 1568 752 ) (2144 1632 752 ) (2272 1632 752 ) (2272 1568 752 ) 
4 134 159 (2272 1024 752 ) (2272 1024 768 ) (2144 1024 768 ) (2144 1024 752 ) 
4 134 139 (2144 1024 768 ) (2144 1504 768 ) (2144 1504 752 ) (2144 1024 752 ) 
4 134 135 (2144 1024 752 ) (2144 1504 752 ) (2272 1504 752 ) (2272 1024 752 ) 
4 135 159 (2272 1024 640 ) (2272 1024 752 ) (2144 1024 752 ) (2144 1024 640 ) 
4 135 139 (2144 1504 640 ) (2144 1024 640 ) (2144 1024 752 ) (2144 1504 752 ) 
4 135 136 (2144 1024 640 ) (2144 1632 640 ) (2272 1632 640 ) (2272 1024 640 ) 
4 136 160 (2144 1024 624 ) (2272 1024 624 ) (2272 1024 640 ) (2144 1024 640 ) 
4 136 150 (2272 1024 624 ) (2144 1024 624 ) (2144 1504 624 ) (2272 1504 624 ) 
4 136 142 (2144 1504 624 ) (2144 1024 624 ) (2144 1024 640 ) (2144 1504 640 ) 
4 137 187 (2048 1568 768 ) (2048 1632 768 ) (2048 1632 640 ) (2048 1568 640 ) 
4 137 140 (2048 1568 640 ) (2048 1632 640 ) (2128 1632 640 ) (2128 1568 640 ) 
4 137 138 (2048 1568 640 ) (2112 1568 640 ) (2112 1568 768 ) (2048 1568 768 ) 
4 138 187 (2048 1536 768 ) (2048 1568 768 ) (2048 1568 640 ) (2048 1536 640 ) 
4 138 141 (2048 1536 640 ) (2048 1568 640 ) (2112 1568 640 ) (2112 1536 640 ) 
4 139 194 (2048 1024 640 ) (2048 1024 768 ) (2048 1504 768 ) (2048 1504 640 ) 
4 139 159 (2048 1024 768 ) (2048 1024 640 ) (2144 1024 640 ) (2144 1024 768 ) 
4 139 142 (2048 1024 640 ) (2048 1504 640 ) (2144 1504 640 ) (2144 1024 640 ) 
4 140 189 (2048 1568 640 ) (2048 1632 640 ) (2048 1632 624 ) (2048 1568 624 ) 
4 140 141 (2048 1568 624 ) (2112 1568 624 ) (2112 1568 640 ) (2048 1568 640 ) 
4 141 189 (2048 1536 640 ) (2048 1568 640 ) (2048 1568 624 ) (2048 1536 624 ) 
4 142 195 (2048 1024 624 ) (2048 1024 640 ) (2048 1504 640 ) (2048 1504 624 ) 
4 142 160 (2048 1024 640 ) (2048 1024 624 ) (2144 1024 624 ) (2144 1024 640 ) 
4 142 150 (2144 1024 624 ) (2048 1024 624 ) (2048 1504 624 ) (2144 1504 624 ) 
4 143 146 (3072 1632 208 ) (3072 1632 624 ) (2304 1632 624 ) (2304 1632 208 ) 
4 143 144 (3072 1632 208 ) (2280 1632 208 ) (2280 1664 208 ) (3072 1664 208 ) 
4 144 146 (3072 1632 -640 ) (3072 1632 208 ) (2304 1632 208 ) (2304 1632 -640 ) 
4 144 145 (3072 1632 -640 ) (2272 1632 -640 ) (2272 1664 -640 ) (3072 1664 -640 ) 
4 145 147 (3072 1632 -1280 ) (3072 1632 -640 ) (2304 1632 -640 ) (2304 1632 -1280 ) 
4 146 147 (3072 1408 -640 ) (2304 1408 -640 ) (2304 1632 -640 ) (3072 1632 -640 ) 
4 148 160 (3072 1024 -640 ) (3072 1024 624 ) (2272 1024 624 ) (2272 1024 -640 ) 
4 148 150 (2272 1024 -640 ) (2272 1024 624 ) (2272 1376 624 ) (2272 1376 -640 ) 
4 148 149 (3072 1024 -640 ) (2272 1024 -640 ) (2272 1376 -640 ) (3072 1376 -640 ) 
4 149 161 (3072 1024 -1280 ) (3072 1024 -640 ) (2272 1024 -640 ) (2272 1024 -1280 ) 
4 149 151 (2272 1024 -1280 ) (2272 1024 -640 ) (2272 1376 -640 ) (2272 1376 -1280 ) 
4 150 197 (2048 1024 -640 ) (2048 1024 624 ) (2048 1504 624 ) (2048 1504 -640 ) 
4 150 160 (2272 1024 -640 ) (2272 1024 624 ) (2048 1024 624 ) (2048 1024 -640 ) 
4 150 151 (2048 1024 -640 ) (2048 1504 -640 ) (2272 1504 -640 ) (2272 1024 -640 ) 
4 151 199 (2048 1024 -1280 ) (2048 1024 -640 ) (2048 1504 -640 ) (2048 1504 -1280 ) 
4 151 161 (2272 1024 -1280 ) (2272 1024 -640 ) (2048 1024 -640 ) (2048 1024 -1280 ) 
4 152 163 (4096 0 1008 ) (4096 0 1264 ) (3072 0 1264 ) (3072 0 1008 ) 
4 152 162 (4096 0 1264 ) (4096 0 1536 ) (3072 0 1536 ) (3072 0 1264 ) 
4 152 159 (3072 0 1008 ) (3072 0 1536 ) (3072 1024 1536 ) (3072 1024 1008 ) 
4 152 155 (3072 0 1008 ) (3072 1024 1008 ) (3232 1024 1008 ) (3232 0 1008 ) 
4 152 153 (4096 736 1008 ) (4096 0 1008 ) (3232 0 1008 ) (3232 736 1008 ) 
4 153 163 (4096 0 640 ) (4096 0 1008 ) (3232 0 1008 ) (3232 0 640 ) 
4 153 155 (3232 0 640 ) (3232 0 1008 ) (3232 736 1008 ) (3232 736 640 ) 
4 153 154 (3232 0 640 ) (3232 736 640 ) (4096 736 640 ) (4096 0 640 ) 
4 154 164 (4096 0 -640 ) (4096 0 640 ) (3232 0 640 ) (3232 0 -640 ) 
4 154 157 (4096 736 -640 ) (4096 0 -640 ) (3232 0 -640 ) (3232 736 -640 ) 
4 154 156 (3232 736 -640 ) (3232 0 -640 ) (3232 0 640 ) (3232 736 640 ) 
4 155 163 (3232 0 1008 ) (3072 0 1008 ) (3072 0 640 ) (3232 0 640 ) 
4 155 159 (3072 0 640 ) (3072 0 1008 ) (3072 1024 1008 ) (3072 1024 640 ) 
4 155 156 (3072 0 640 ) (3072 1024 640 ) (3232 1024 640 ) (3232 0 640 ) 
4 156 164 (3072 0 640 ) (3072 0 -640 ) (3232 0 -640 ) (3232 0 640 ) 
4 156 160 (3072 0 -640 ) (3072 0 640 ) (3072 1024 640 ) (3072 1024 -640 ) 
4 156 158 (3072 0 -640 ) (3072 1024 -640 ) (3232 1024 -640 ) (3232 0 -640 ) 
4 157 165 (4096 0 -1280 ) (4096 0 -640 ) (3232 0 -640 ) (3232 0 -1280 ) 
4 157 158 (3232 736 -1280 ) (3232 0 -1280 ) (3232 0 -640 ) (3232 736 -640 ) 
4 158 165 (3232 0 -640 ) (3072 0 -640 ) (3072 0 -1280 ) (3232 0 -1280 ) 
4 158 161 (3072 0 -1280 ) (3072 0 -640 ) (3072 1024 -640 ) (3072 1024 -1280 ) 
4 159 225 (2048 0 640 ) (2048 0 1536 ) (2048 1024 1536 ) (2048 1024 640 ) 
4 159 171 (2208 0 640 ) (3072 0 640 ) (3072 0 1264 ) (2208 0 1264 ) 
4 159 172 (2048 0 1264 ) (2048 0 640 ) (2208 0 640 ) (2208 0 1264 ) 
4 159 170 (2048 0 1536 ) (2048 0 1264 ) (3072 0 1264 ) (3072 0 1536 ) 
4 159 160 (2048 1024 640 ) (3072 1024 640 ) (3072 0 640 ) (2048 0 640 ) 
4 160 226 (2048 0 -640 ) (2048 0 640 ) (2048 1024 640 ) (2048 1024 -640 ) 
4 160 173 (2208 0 -640 ) (3072 0 -640 ) (3072 0 640 ) (2208 0 640 ) 
4 160 174 (2048 0 640 ) (2048 0 -640 ) (2208 0 -640 ) (2208 0 640 ) 
4 160 161 (3072 0 -640 ) (2048 0 -640 ) (2048 1024 -640 ) (3072 1024 -640 ) 
4 161 227 (2048 0 -1280 ) (2048 0 -640 ) (2048 1024 -640 ) (2048 1024 -1280 ) 
4 161 175 (2208 0 -1280 ) (3072 0 -1280 ) (3072 0 -640 ) (2208 0 -640 ) 
4 161 176 (2048 0 -640 ) (2048 0 -1280 ) (2208 0 -1280 ) (2208 0 -640 ) 
4 162 170 (3072 0 1536 ) (3072 0 1264 ) (3072 -128 1264 ) (3072 -128 1536 ) 
4 162 163 (3072 -128 1264 ) (3072 0 1264 ) (4096 0 1264 ) (4096 -128 1264 ) 
4 163 171 (3072 0 1264 ) (3072 0 640 ) (3072 -416 640 ) (3072 -416 1264 ) 
4 163 167 (3680 -416 1008 ) (3168 -416 1008 ) (3168 -416 640 ) (3680 -416 640 ) 
4 163 166 (4096 -416 1008 ) (4096 -416 1264 ) (3168 -416 1264 ) (3168 -416 1008 ) 
4 163 164 (4096 -416 640 ) (3072 -416 640 ) (3072 0 640 ) (4096 0 640 ) 
4 164 173 (3072 0 640 ) (3072 0 -640 ) (3072 -416 -640 ) (3072 -416 640 ) 
4 164 168 (3680 -416 640 ) (3168 -416 640 ) (3168 -416 -640 ) (3680 -416 -640 ) 
4 164 165 (4096 -416 -640 ) (3072 -416 -640 ) (3072 0 -640 ) (4096 0 -640 ) 
4 165 175 (3072 0 -640 ) (3072 0 -1280 ) (3072 -416 -1280 ) (3072 -416 -640 ) 
4 165 169 (3168 -416 -1280 ) (3680 -416 -1280 ) (3680 -416 -640 ) (3168 -416 -640 ) 
4 166 167 (3680 -512 1008 ) (3168 -512 1008 ) (3168 -416 1008 ) (3680 -416 1008 ) 
4 167 168 (3680 -512 640 ) (3168 -512 640 ) (3168 -416 640 ) (3680 -416 640 ) 
4 168 169 (3168 -416 -640 ) (3680 -416 -640 ) (3680 -512 -640 ) (3168 -512 -640 ) 
4 170 231 (2048 0 1536 ) (2048 0 1264 ) (2048 -128 1264 ) (2048 -128 1536 ) 
4 170 171 (2208 0 1264 ) (3072 0 1264 ) (3072 -128 1264 ) (2208 -128 1264 ) 
4 170 172 (2048 -128 1264 ) (2048 0 1264 ) (2208 0 1264 ) (2208 -128 1264 ) 
4 171 173 (2208 -416 640 ) (2208 0 640 ) (3072 0 640 ) (3072 -416 640 ) 
4 171 172 (2208 0 640 ) (2208 -416 640 ) (2208 -416 1264 ) (2208 0 1264 ) 
4 172 232 (2048 0 1264 ) (2048 0 640 ) (2048 -672 640 ) (2048 -672 1264 ) 
4 172 174 (2208 -672 640 ) (2048 -672 640 ) (2048 0 640 ) (2208 0 640 ) 
4 173 175 (2208 -416 -640 ) (2208 0 -640 ) (3072 0 -640 ) (3072 -416 -640 ) 
4 173 174 (2208 0 -640 ) (2208 -416 -640 ) (2208 -416 640 ) (2208 0 640 ) 
4 174 233 (2048 0 640 ) (2048 0 -640 ) (2048 -672 -640 ) (2048 -672 640 ) 
4 174 176 (2208 -672 -640 ) (2048 -672 -640 ) (2048 0 -640 ) (2208 0 -640 ) 
4 175 176 (2208 0 -1280 ) (2208 -416 -1280 ) (2208 -416 -640 ) (2208 0 -640 ) 
4 176 235 (2048 0 -640 ) (2048 0 -1280 ) (2048 -512 -1280 ) (2048 -512 -640 ) 
4 177 202 (2016 2048 1008 ) (2016 2048 936 ) (2016 1632 936 ) (2016 1632 1008 ) 
4 177 201 (2016 2048 1264 ) (2016 2048 1008 ) (2016 1632 1008 ) (2016 1632 1264 ) 
4 177 200 (2016 2048 1536 ) (2016 2048 1264 ) (2016 1632 1264 ) (2016 1632 1536 ) 
4 177 180 (2016 1712 936 ) (2016 2048 936 ) (2048 2048 936 ) (2048 1712 936 ) 
4 177 178 (2048 1632 1040 ) (2048 1632 1536 ) (2016 1632 1536 ) (2016 1632 1040 ) 
4 177 179 (2016 1632 936 ) (2048 1632 936 ) (2048 1632 1008 ) (2016 1632 1008 ) 
4 178 201 (2016 1536 1040 ) (2016 1536 1264 ) (2016 1632 1264 ) (2016 1632 1040 ) 
4 178 200 (2016 1536 1264 ) (2016 1536 1536 ) (2016 1632 1536 ) (2016 1632 1264 ) 
4 178 190 (2016 1536 1536 ) (2016 1536 1040 ) (2048 1536 1040 ) (2048 1536 1536 ) 
4 180 202 (2016 2048 936 ) (2016 2048 920 ) (2016 1712 920 ) (2016 1712 936 ) 
4 180 181 (2016 1712 920 ) (2016 2048 920 ) (2048 2048 920 ) (2048 1712 920 ) 
4 181 202 (2016 2048 920 ) (2016 2048 816 ) (2016 1712 816 ) (2016 1712 920 ) 
4 181 182 (2016 1712 816 ) (2016 2048 816 ) (2048 2048 816 ) (2048 1712 816 ) 
4 182 202 (2016 2048 816 ) (2016 2048 640 ) (2016 1696 640 ) (2016 1696 816 ) 
4 182 186 (2048 1696 640 ) (2048 1696 784 ) (2016 1696 784 ) (2016 1696 640 ) 
4 182 185 (2048 1696 784 ) (2048 1696 816 ) (2016 1696 816 ) (2016 1696 784 ) 
4 182 183 (2048 1696 640 ) (2016 1696 640 ) (2016 2048 640 ) (2048 2048 640 ) 
4 183 203 (2016 2048 640 ) (2016 2048 624 ) (2016 1696 624 ) (2016 1696 640 ) 
4 183 196 (2016 1696 624 ) (2016 2048 624 ) (2048 2048 624 ) (2048 1696 624 ) 
4 183 188 (2016 1696 624 ) (2048 1696 624 ) (2048 1696 640 ) (2016 1696 640 ) 
4 184 193 (2032 1536 832 ) (2048 1536 832 ) (2048 1536 920 ) (2032 1536 920 ) 
4 185 202 (2016 1632 816 ) (2016 1696 816 ) (2016 1696 784 ) (2016 1632 784 ) 
4 185 186 (2016 1664 784 ) (2016 1696 784 ) (2048 1696 784 ) (2048 1664 784 ) 
4 185 187 (2048 1536 784 ) (2016 1536 784 ) (2016 1632 784 ) (2048 1632 784 ) 
4 186 202 (2016 1664 784 ) (2016 1696 784 ) (2016 1696 640 ) (2016 1664 640 ) 
4 186 188 (2016 1664 640 ) (2016 1696 640 ) (2048 1696 640 ) (2048 1664 640 ) 
4 187 189 (2048 1536 640 ) (2016 1536 640 ) (2016 1632 640 ) (2048 1632 640 ) 
4 188 203 (2016 1696 624 ) (2016 1664 624 ) (2016 1664 640 ) (2016 1696 640 ) 
4 188 196 (2016 1664 624 ) (2016 1696 624 ) (2048 1696 624 ) (2048 1664 624 ) 
4 190 201 (2016 1536 1264 ) (2016 1536 1040 ) (2016 1408 1040 ) (2016 1408 1264 ) 
4 190 200 (2016 1408 1536 ) (2016 1536 1536 ) (2016 1536 1264 ) (2016 1408 1264 ) 
4 190 191 (2048 1408 1264 ) (2048 1408 1536 ) (2016 1408 1536 ) (2016 1408 1264 ) 
4 191 200 (2016 1376 1536 ) (2016 1408 1536 ) (2016 1408 1264 ) (2016 1376 1264 ) 
4 191 192 (2048 1376 1264 ) (2048 1376 1536 ) (2016 1376 1536 ) (2016 1376 1264 ) 
4 192 225 (2048 1024 1008 ) (2048 1024 1536 ) (2016 1024 1536 ) (2016 1024 1008 ) 
4 192 208 (2016 1024 1008 ) (2016 1024 1264 ) (2016 1376 1264 ) (2016 1376 1008 ) 
4 192 200 (2016 1024 1264 ) (2016 1024 1536 ) (2016 1376 1536 ) (2016 1376 1264 ) 
4 192 194 (2016 1024 1008 ) (2016 1376 1008 ) (2048 1376 1008 ) (2048 1024 1008 ) 
4 193 194 (2048 1504 832 ) (2048 1504 920 ) (2032 1504 920 ) (2032 1504 832 ) 
4 194 225 (2048 1024 640 ) (2048 1024 1008 ) (2016 1024 1008 ) (2016 1024 640 ) 
4 194 208 (2016 1024 640 ) (2016 1024 1008 ) (2016 1376 1008 ) (2016 1376 640 ) 
4 194 195 (2016 1024 640 ) (2016 1504 640 ) (2048 1504 640 ) (2048 1024 640 ) 
4 195 226 (2048 1024 624 ) (2048 1024 640 ) (2016 1024 640 ) (2016 1024 624 ) 
4 195 209 (2016 1024 624 ) (2016 1024 640 ) (2016 1376 640 ) (2016 1376 624 ) 
4 195 197 (2016 1024 624 ) (2016 1504 624 ) (2048 1504 624 ) (2048 1024 624 ) 
4 196 203 (2016 1664 624 ) (2016 2048 624 ) (2016 2048 -640 ) (2016 1664 -640 ) 
4 196 198 (2016 1664 -640 ) (2016 2048 -640 ) (2048 2048 -640 ) (2048 1664 -640 ) 
4 197 226 (2048 1024 -640 ) (2048 1024 624 ) (2016 1024 624 ) (2016 1024 -640 ) 
4 197 216 (2016 1024 -640 ) (2016 1024 368 ) (2016 1376 368 ) (2016 1376 -640 ) 
4 197 209 (2016 1024 368 ) (2016 1024 624 ) (2016 1376 624 ) (2016 1376 368 ) 
4 197 199 (2016 1024 -640 ) (2016 1504 -640 ) (2048 1504 -640 ) (2048 1024 -640 ) 
4 198 206 (2016 1664 -640 ) (2016 2048 -640 ) (2016 2048 -1280 ) (2016 1664 -1280 ) 
4 199 227 (2048 1024 -1280 ) (2048 1024 -640 ) (2016 1024 -640 ) (2016 1024 -1280 ) 
4 199 217 (2016 1024 -1280 ) (2016 1024 -640 ) (2016 1376 -640 ) (2016 1376 -1280 ) 
4 200 225 (2016 1024 1264 ) (2016 1024 1536 ) (1024 1024 1536 ) (1024 1024 1264 ) 
4 200 218 (1024 2048 1536 ) (1024 2048 1264 ) (1024 1024 1264 ) (1024 1024 1536 ) 
4 200 212 (1024 1024 1264 ) (1024 1376 1264 ) (1760 1376 1264 ) (1760 1024 1264 ) 
4 200 210 (1888 1376 1264 ) (1888 1024 1264 ) (1760 1024 1264 ) (1760 1376 1264 ) 
4 200 208 (2016 1376 1264 ) (2016 1024 1264 ) (1888 1024 1264 ) (1888 1376 1264 ) 
4 200 201 (1024 1408 1264 ) (1024 2048 1264 ) (2016 2048 1264 ) (2016 1408 1264 ) 
4 201 219 (1024 2048 1264 ) (1024 2048 1008 ) (1024 1408 1008 ) (1024 1408 1264 ) 
4 201 204 (1984 1408 1008 ) (1024 1408 1008 ) (1024 2048 1008 ) (1984 2048 1008 ) 
4 201 202 (1984 1632 1008 ) (1984 2048 1008 ) (2016 2048 1008 ) (2016 1632 1008 ) 
4 202 204 (1984 1632 1008 ) (1984 2048 1008 ) (1984 2048 640 ) (1984 1632 640 ) 
4 202 203 (1984 1632 640 ) (1984 2048 640 ) (2016 2048 640 ) (2016 1632 640 ) 
4 203 206 (1984 1632 -640 ) (1984 2048 -640 ) (2016 2048 -640 ) (2016 1632 -640 ) 
4 203 205 (1984 2048 -640 ) (1984 1632 -640 ) (1984 1632 640 ) (1984 2048 640 ) 
4 204 219 (1024 2048 1008 ) (1024 2048 640 ) (1024 1408 640 ) (1024 1408 1008 ) 
4 204 205 (1984 2048 640 ) (1984 1408 640 ) (1024 1408 640 ) (1024 2048 640 ) 
4 205 220 (1024 2048 640 ) (1024 2048 -640 ) (1024 1408 -640 ) (1024 1408 640 ) 
4 205 207 (1984 1408 -640 ) (1024 1408 -640 ) (1024 2048 -640 ) (1984 2048 -640 ) 
4 206 207 (1984 2048 -1280 ) (1984 1632 -1280 ) (1984 1632 -640 ) (1984 2048 -640 ) 
4 207 223 (1024 2048 -640 ) (1024 2048 -1280 ) (1024 1408 -1280 ) (1024 1408 -640 ) 
4 208 225 (2016 1024 640 ) (2016 1024 1264 ) (1888 1024 1264 ) (1888 1024 640 ) 
4 208 210 (1888 1376 640 ) (1888 1024 640 ) (1888 1024 1264 ) (1888 1376 1264 ) 
4 208 209 (1888 1024 640 ) (1888 1376 640 ) (2016 1376 640 ) (2016 1024 640 ) 
4 209 226 (2016 1024 368 ) (2016 1024 640 ) (1888 1024 640 ) (1888 1024 368 ) 
4 209 216 (2016 1376 368 ) (2016 1024 368 ) (1888 1024 368 ) (1888 1376 368 ) 
4 209 214 (1888 1376 368 ) (1888 1024 368 ) (1888 1024 496 ) (1888 1376 496 ) 
4 209 211 (1888 1024 496 ) (1888 1024 640 ) (1888 1376 640 ) (1888 1376 496 ) 
4 210 225 (1888 1024 1264 ) (1760 1024 1264 ) (1760 1024 640 ) (1888 1024 640 ) 
4 210 212 (1760 1376 640 ) (1760 1024 640 ) (1760 1024 1264 ) (1760 1376 1264 ) 
4 210 211 (1760 1024 640 ) (1760 1376 640 ) (1888 1376 640 ) (1888 1024 640 ) 
4 211 226 (1760 1024 640 ) (1760 1024 496 ) (1888 1024 496 ) (1888 1024 640 ) 
4 211 214 (1888 1376 496 ) (1888 1024 496 ) (1760 1024 496 ) (1760 1376 496 ) 
4 211 213 (1760 1376 496 ) (1760 1024 496 ) (1760 1024 640 ) (1760 1376 640 ) 
4 212 225 (1760 1024 1264 ) (1024 1024 1264 ) (1024 1024 640 ) (1760 1024 640 ) 
4 212 221 (1024 1024 640 ) (1024 1024 1264 ) (1024 1376 1264 ) (1024 1376 640 ) 
4 212 213 (1024 1024 640 ) (1024 1376 640 ) (1760 1376 640 ) (1760 1024 640 ) 
4 213 226 (1024 1024 640 ) (1024 1024 496 ) (1760 1024 496 ) (1760 1024 640 ) 
4 213 222 (1024 1024 496 ) (1024 1024 640 ) (1024 1376 640 ) (1024 1376 496 ) 
4 213 215 (1024 1024 496 ) (1024 1376 496 ) (1760 1376 496 ) (1760 1024 496 ) 
4 214 226 (1760 1024 368 ) (1888 1024 368 ) (1888 1024 496 ) (1760 1024 496 ) 
4 214 216 (1888 1376 368 ) (1888 1024 368 ) (1760 1024 368 ) (1760 1376 368 ) 
4 214 215 (1760 1376 368 ) (1760 1024 368 ) (1760 1024 496 ) (1760 1376 496 ) 
4 215 226 (1024 1024 496 ) (1024 1024 368 ) (1760 1024 368 ) (1760 1024 496 ) 
4 215 222 (1024 1024 368 ) (1024 1024 496 ) (1024 1376 496 ) (1024 1376 368 ) 
4 215 216 (1024 1024 368 ) (1024 1376 368 ) (1760 1376 368 ) (1760 1024 368 ) 
4 216 226 (2016 1024 -640 ) (2016 1024 368 ) (1024 1024 368 ) (1024 1024 -640 ) 
4 216 222 (1024 1024 -640 ) (1024 1024 368 ) (1024 1376 368 ) (1024 1376 -640 ) 
4 216 217 (1024 1376 -640 ) (2016 1376 -640 ) (2016 1024 -640 ) (1024 1024 -640 ) 
4 217 227 (2016 1024 -1280 ) (2016 1024 -640 ) (1024 1024 -640 ) (1024 1024 -1280 ) 
4 217 224 (1024 1024 -1280 ) (1024 1024 -640 ) (1024 1376 -640 ) (1024 1376 -1280 ) 
4 218 395 (0 1024 1264 ) (0 1024 1520 ) (0 1376 1520 ) (0 1376 1264 ) 
4 218 391 (0 1376 1520 ) (0 2048 1520 ) (0 2048 1264 ) (0 1376 1264 ) 
4 218 390 (0 1024 1520 ) (0 1024 1536 ) (0 2048 1536 ) (0 2048 1520 ) 
4 218 228 (1024 1024 1264 ) (1024 1024 1536 ) (0 1024 1536 ) (0 1024 1264 ) 
4 218 221 (1024 1024 1264 ) (0 1024 1264 ) (0 1376 1264 ) (1024 1376 1264 ) 
4 218 219 (0 1408 1264 ) (0 2048 1264 ) (1024 2048 1264 ) (1024 1408 1264 ) 
4 219 392 (0 1408 1264 ) (0 2048 1264 ) (0 2048 640 ) (0 1408 640 ) 
4 219 220 (0 1408 640 ) (0 2048 640 ) (1024 2048 640 ) (1024 1408 640 ) 
4 220 393 (0 2048 640 ) (0 2048 -640 ) (0 1408 -640 ) (0 1408 640 ) 
4 220 223 (0 1408 -640 ) (0 2048 -640 ) (1024 2048 -640 ) (1024 1408 -640 ) 
4 221 395 (0 1024 640 ) (0 1024 1264 ) (0 1376 1264 ) (0 1376 640 ) 
4 221 228 (1024 1024 640 ) (1024 1024 1264 ) (0 1024 1264 ) (0 1024 640 ) 
4 221 222 (1024 1024 640 ) (0 1024 640 ) (0 1376 640 ) (1024 1376 640 ) 
4 222 396 (0 1024 -640 ) (0 1024 640 ) (0 1376 640 ) (0 1376 -640 ) 
4 222 229 (1024 1024 -640 ) (1024 1024 640 ) (0 1024 640 ) (0 1024 -640 ) 
4 222 224 (1024 1024 -640 ) (0 1024 -640 ) (0 1376 -640 ) (1024 1376 -640 ) 
4 223 394 (0 1408 -640 ) (0 2048 -640 ) (0 2048 -1280 ) (0 1408 -1280 ) 
4 224 399 (0 1024 -1280 ) (0 1024 -640 ) (0 1376 -640 ) (0 1376 -1280 ) 
4 224 230 (1024 1024 -1280 ) (1024 1024 -640 ) (0 1024 -640 ) (0 1024 -1280 ) 
4 225 232 (2048 0 640 ) (2048 0 1264 ) (1024 0 1264 ) (1024 0 640 ) 
4 225 231 (2048 0 1264 ) (2048 0 1536 ) (1024 0 1536 ) (1024 0 1264 ) 
4 225 228 (1024 0 640 ) (1024 0 1536 ) (1024 1024 1536 ) (1024 1024 640 ) 
4 225 226 (2048 0 640 ) (1024 0 640 ) (1024 1024 640 ) (2048 1024 640 ) 
4 226 233 (2048 0 -640 ) (2048 0 640 ) (1024 0 640 ) (1024 0 -640 ) 
4 226 229 (1024 0 -640 ) (1024 0 640 ) (1024 1024 640 ) (1024 1024 -640 ) 
4 226 227 (1024 0 -640 ) (1024 1024 -640 ) (2048 1024 -640 ) (2048 0 -640 ) 
4 227 235 (2048 0 -1280 ) (2048 0 -640 ) (1024 0 -640 ) (1024 0 -1280 ) 
4 227 230 (1024 0 -1280 ) (1024 0 -640 ) (1024 1024 -640 ) (1024 1024 -1280 ) 
4 228 402 (0 0 640 ) (0 0 1520 ) (0 1024 1520 ) (0 1024 640 ) 
4 228 401 (0 0 1520 ) (0 0 1536 ) (0 1024 1536 ) (0 1024 1520 ) 
4 228 239 (0 0 1264 ) (0 0 640 ) (832 0 640 ) (832 0 1264 ) 
4 228 237 (832 0 640 ) (1024 0 640 ) (1024 0 1264 ) (832 0 1264 ) 
4 228 236 (0 0 1536 ) (0 0 1264 ) (1024 0 1264 ) (1024 0 1536 ) 
4 228 229 (0 1024 640 ) (1024 1024 640 ) (1024 0 640 ) (0 0 640 ) 
4 229 403 (0 0 -640 ) (0 0 640 ) (0 1024 640 ) (0 1024 -640 ) 
4 229 240 (0 0 640 ) (0 0 -640 ) (832 0 -640 ) (832 0 640 ) 
4 229 238 (832 0 -640 ) (1024 0 -640 ) (1024 0 640 ) (832 0 640 ) 
4 229 230 (1024 0 -640 ) (0 0 -640 ) (0 1024 -640 ) (1024 1024 -640 ) 
4 230 406 (0 0 -1280 ) (0 0 -640 ) (0 1024 -640 ) (0 1024 -1280 ) 
4 230 241 (0 0 -640 ) (0 0 -1280 ) (1024 0 -1280 ) (1024 0 -640 ) 
4 231 236 (1024 0 1536 ) (1024 0 1264 ) (1024 -128 1264 ) (1024 -128 1536 ) 
4 231 232 (1024 -128 1264 ) (1024 0 1264 ) (2048 0 1264 ) (2048 -128 1264 ) 
4 232 237 (1024 0 1264 ) (1024 0 640 ) (1024 -672 640 ) (1024 -672 1264 ) 
4 232 233 (2048 -672 640 ) (1024 -672 640 ) (1024 0 640 ) (2048 0 640 ) 
4 233 238 (1024 0 640 ) (1024 0 -640 ) (1024 -672 -640 ) (1024 -672 640 ) 
4 233 235 (1024 -512 -640 ) (1024 0 -640 ) (2048 0 -640 ) (2048 -512 -640 ) 
4 233 234 (1440 -672 192 ) (1440 -672 448 ) (1184 -672 448 ) (1184 -672 192 ) 
4 234 265 (1184 -1024 240 ) (1184 -1024 192 ) (1440 -1024 192 ) (1440 -1024 240 ) 
4 234 264 (1184 -1024 448 ) (1184 -1024 240 ) (1272 -1024 240 ) (1272 -1024 448 ) 
4 234 261 (1272 -1024 240 ) (1352 -1024 240 ) (1352 -1024 448 ) (1272 -1024 448 ) 
4 234 260 (1352 -1024 240 ) (1440 -1024 240 ) (1440 -1024 448 ) (1352 -1024 448 ) 
4 235 241 (1024 0 -640 ) (1024 0 -1280 ) (1024 -512 -1280 ) (1024 -512 -640 ) 
4 236 411 (0 0 1536 ) (0 0 1264 ) (0 -128 1264 ) (0 -128 1536 ) 
4 236 239 (0 -128 1264 ) (0 0 1264 ) (832 0 1264 ) (832 -128 1264 ) 
4 236 237 (832 0 1264 ) (1024 0 1264 ) (1024 -128 1264 ) (832 -128 1264 ) 
4 237 239 (832 -512 1264 ) (832 0 1264 ) (832 0 640 ) (832 -512 640 ) 
4 237 238 (1024 -672 640 ) (832 -672 640 ) (832 0 640 ) (1024 0 640 ) 
4 238 241 (832 -512 -640 ) (832 0 -640 ) (1024 0 -640 ) (1024 -512 -640 ) 
4 238 240 (832 0 -640 ) (832 -512 -640 ) (832 -512 640 ) (832 0 640 ) 
4 239 412 (0 -512 1264 ) (0 0 1264 ) (0 0 640 ) (0 -512 640 ) 
4 239 240 (832 -512 640 ) (0 -512 640 ) (0 0 640 ) (832 0 640 ) 
4 240 413 (0 0 640 ) (0 0 -640 ) (0 -512 -640 ) (0 -512 640 ) 
4 240 241 (0 -512 -640 ) (0 0 -640 ) (832 0 -640 ) (832 -512 -640 ) 
4 241 414 (0 -512 -640 ) (0 0 -640 ) (0 0 -1280 ) (0 -512 -1280 ) 
4 242 291 (2048 -2752 1264 ) (2048 -2624 1264 ) (2048 -2624 640 ) (2048 -2752 640 ) 
4 242 243 (2048 -2624 640 ) (2368 -2624 640 ) (2368 -2752 640 ) (2048 -2752 640 ) 
4 243 292 (2048 -3072 -640 ) (2048 -3072 640 ) (2048 -2624 640 ) (2048 -2624 -640 ) 
4 243 245 (2048 -3072 640 ) (2048 -3072 -640 ) (2312 -3072 -640 ) (2312 -3072 640 ) 
4 243 244 (2312 -3072 -640 ) (2368 -3072 -640 ) (2368 -3072 640 ) (2312 -3072 640 ) 
4 244 248 (2368 -3136 640 ) (2312 -3136 640 ) (2312 -3136 -640 ) (2368 -3136 -640 ) 
4 244 246 (2312 -3136 -32 ) (2312 -3136 96 ) (2312 -3128 96 ) (2312 -3128 -32 ) 
4 244 247 (2312 -3136 -640 ) (2312 -3136 -352 ) (2312 -3128 -352 ) (2312 -3128 -640 ) 
4 244 245 (2312 -3128 640 ) (2312 -3072 640 ) (2312 -3072 -640 ) (2312 -3128 -640 ) 
4 245 313 (2048 -3128 640 ) (2048 -3072 640 ) (2048 -3072 -640 ) (2048 -3128 -640 ) 
4 245 246 (2312 -3128 -32 ) (2312 -3128 96 ) (2048 -3128 96 ) (2048 -3128 -32 ) 
4 245 247 (2312 -3128 -640 ) (2312 -3128 -352 ) (2048 -3128 -352 ) (2048 -3128 -640 ) 
4 246 314 (2048 -3136 -32 ) (2048 -3136 96 ) (2048 -3128 96 ) (2048 -3128 -32 ) 
4 246 252 (2048 -3136 96 ) (2048 -3136 -32 ) (2112 -3136 -32 ) (2112 -3136 96 ) 
4 246 251 (2112 -3136 -32 ) (2304 -3136 -32 ) (2304 -3136 96 ) (2112 -3136 96 ) 
4 246 249 (2304 -3136 -32 ) (2312 -3136 -32 ) (2312 -3136 96 ) (2304 -3136 96 ) 
4 247 315 (2048 -3136 -640 ) (2048 -3136 -352 ) (2048 -3128 -352 ) (2048 -3128 -640 ) 
4 247 250 (2304 -3136 -640 ) (2312 -3136 -640 ) (2312 -3136 -352 ) (2304 -3136 -352 ) 
4 248 258 (2312 -3648 -352 ) (2312 -3648 -640 ) (2368 -3648 -640 ) (2368 -3648 -352 ) 
4 248 254 (2368 -3648 640 ) (2312 -3648 640 ) (2312 -3648 -352 ) (2368 -3648 -352 ) 
4 248 249 (2312 -3136 96 ) (2312 -3136 -32 ) (2312 -3648 -32 ) (2312 -3648 96 ) 
4 248 250 (2312 -3136 -352 ) (2312 -3136 -640 ) (2312 -3648 -640 ) (2312 -3648 -352 ) 
4 249 255 (2304 -3648 96 ) (2304 -3648 -32 ) (2312 -3648 -32 ) (2312 -3648 96 ) 
4 249 251 (2304 -3136 96 ) (2304 -3136 -32 ) (2304 -3648 -32 ) (2304 -3648 96 ) 
4 250 258 (2304 -3648 -352 ) (2304 -3648 -640 ) (2312 -3648 -640 ) (2312 -3648 -352 ) 
4 251 255 (2304 -3648 -32 ) (2304 -3648 96 ) (2112 -3648 96 ) (2112 -3648 -32 ) 
4 251 253 (2112 -3648 104 ) (2112 -3648 640 ) (2112 -3584 640 ) (2112 -3584 104 ) 
4 251 252 (2112 -3136 640 ) (2112 -3136 -36 ) (2112 -3584 -36 ) (2112 -3584 640 ) 
4 252 318 (2048 -3584 640 ) (2048 -3136 640 ) (2048 -3136 -36 ) (2048 -3584 -36 ) 
4 252 253 (2112 -3584 104 ) (2112 -3584 640 ) (2048 -3584 640 ) (2048 -3584 104 ) 
4 253 319 (2048 -3648 104 ) (2048 -3648 640 ) (2048 -3584 640 ) (2048 -3584 104 ) 
4 254 258 (2368 -3776 -352 ) (2312 -3776 -352 ) (2312 -3648 -352 ) (2368 -3648 -352 ) 
4 254 255 (2312 -3648 96 ) (2312 -3648 -32 ) (2312 -3656 -32 ) (2312 -3656 96 ) 
4 254 256 (2312 -3656 -352 ) (2312 -3776 -352 ) (2312 -3776 640 ) (2312 -3656 640 ) 
4 255 256 (2112 -3656 96 ) (2112 -3656 -32 ) (2312 -3656 -32 ) (2312 -3656 96 ) 
4 256 258 (2312 -3776 -352 ) (2304 -3776 -352 ) (2304 -3656 -352 ) (2312 -3656 -352 ) 
4 256 257 (2112 -3712 -352 ) (2112 -3776 -352 ) (2112 -3776 640 ) (2112 -3712 640 ) 
4 257 323 (2048 -3776 640 ) (2048 -3712 640 ) (2048 -3712 -352 ) (2048 -3776 -352 ) 
4 259 279 (1472 -2048 1264 ) (1440 -2048 1264 ) (1440 -2048 -640 ) (1472 -2048 -640 ) 
4 259 268 (1440 -1888 -640 ) (1440 -2048 -640 ) (1440 -2048 1264 ) (1440 -1888 1264 ) 
4 260 265 (1352 -1184 240 ) (1352 -1024 240 ) (1440 -1024 240 ) (1440 -1184 240 ) 
4 260 261 (1352 -1024 240 ) (1352 -1184 240 ) (1352 -1184 448 ) (1352 -1024 448 ) 
4 261 265 (1272 -1184 240 ) (1272 -1024 240 ) (1352 -1024 240 ) (1352 -1184 240 ) 
4 261 264 (1272 -1024 240 ) (1272 -1184 240 ) (1272 -1184 448 ) (1272 -1024 448 ) 
4 261 262 (1272 -1244 448 ) (1272 -1244 240 ) (1352 -1244 240 ) (1352 -1244 448 ) 
4 262 263 (1272 -1252 448 ) (1272 -1252 240 ) (1352 -1252 240 ) (1352 -1252 448 ) 
4 263 269 (1352 -1312 448 ) (1272 -1312 448 ) (1272 -1312 240 ) (1352 -1312 240 ) 
4 264 265 (1184 -1184 240 ) (1184 -1024 240 ) (1272 -1024 240 ) (1272 -1184 240 ) 
4 266 269 (1152 -1312 -640 ) (1184 -1312 -640 ) (1184 -1312 1264 ) (1152 -1312 1264 ) 
4 267 269 (1376 -1312 1264 ) (1376 -1312 -640 ) (1376 -1568 -640 ) (1376 -1568 1264 ) 
4 268 279 (1440 -2048 1264 ) (1376 -2048 1264 ) (1376 -2048 -640 ) (1440 -2048 -640 ) 
4 268 269 (1376 -1888 -640 ) (1376 -2048 -640 ) (1376 -2048 1264 ) (1376 -1888 1264 ) 
4 269 279 (1376 -2048 1264 ) (1024 -2048 1264 ) (1024 -2048 -640 ) (1376 -2048 -640 ) 
4 269 276 (1024 -2048 -96 ) (1024 -2048 -64 ) (1024 -2016 -64 ) (1024 -2016 -96 ) 
4 269 274 (1024 -2048 -64 ) (1024 -2048 160 ) (1024 -2016 160 ) (1024 -2016 -64 ) 
4 269 272 (1024 -2016 -96 ) (1024 -2016 160 ) (1024 -1984 160 ) (1024 -1984 -96 ) 
4 269 271 (1024 -1344 -640 ) (1024 -1984 -640 ) (1024 -1984 1264 ) (1024 -1344 1264 ) 
4 269 270 (1024 -1312 -640 ) (1024 -1344 -640 ) (1024 -1344 1264 ) (1024 -1312 1264 ) 
4 270 271 (1024 -1344 1264 ) (832 -1344 1264 ) (832 -1344 -640 ) (1024 -1344 -640 ) 
4 271 272 (1024 -1984 -96 ) (1024 -1984 160 ) (992 -1984 160 ) (992 -1984 -96 ) 
4 272 276 (1024 -2016 -96 ) (1024 -2016 -64 ) (992 -2016 -64 ) (992 -2016 -96 ) 
4 272 274 (1024 -2016 -64 ) (1024 -2016 160 ) (992 -2016 160 ) (992 -2016 -64 ) 
4 273 275 (352 -2048 512 ) (352 -2016 512 ) (992 -2016 512 ) (992 -2048 512 ) 
4 274 307 (1024 -2048 -64 ) (1024 -2048 160 ) (992 -2048 160 ) (992 -2048 -64 ) 
4 274 276 (992 -2016 -64 ) (1024 -2016 -64 ) (1024 -2048 -64 ) (992 -2048 -64 ) 
4 274 275 (992 -2016 -64 ) (992 -2048 -64 ) (992 -2048 160 ) (992 -2016 160 ) 
4 275 308 (992 -2048 512 ) (352 -2048 512 ) (352 -2048 -64 ) (992 -2048 -64 ) 
4 275 278 (352 -2016 512 ) (352 -2016 0 ) (352 -2048 0 ) (352 -2048 512 ) 
4 275 277 (448 -2016 -64 ) (960 -2016 -64 ) (960 -2048 -64 ) (448 -2048 -64 ) 
4 276 307 (1024 -2048 -96 ) (1024 -2048 -64 ) (992 -2048 -64 ) (992 -2048 -96 ) 
4 279 307 (1024 -2048 160 ) (1024 -2048 -96 ) (1024 -2240 -96 ) (1024 -2240 160 ) 
4 279 289 (1024 -2432 -640 ) (1024 -2304 -640 ) (1472 -2304 -640 ) (1472 -2432 -640 ) 
4 279 284 (1024 -2432 -640 ) (1472 -2432 -640 ) (1472 -2432 640 ) (1024 -2432 640 ) 
4 279 281 (1472 -2432 640 ) (1472 -2432 1264 ) (1024 -2432 1264 ) (1024 -2432 640 ) 
4 280 294 (1800 -2560 1264 ) (1792 -2560 1264 ) (1792 -2560 640 ) (1800 -2560 640 ) 
4 280 290 (1920 -2560 1264 ) (1800 -2560 1264 ) (1800 -2560 640 ) (1920 -2560 640 ) 
4 280 282 (1920 -2560 640 ) (1664 -2560 640 ) (1664 -2432 640 ) (1920 -2432 640 ) 
4 281 284 (1536 -2560 640 ) (1024 -2560 640 ) (1024 -2432 640 ) (1536 -2432 640 ) 
4 282 303 (1792 -2560 -640 ) (1800 -2560 -640 ) (1800 -2560 -352 ) (1792 -2560 -352 ) 
4 282 297 (1792 -2560 -352 ) (1800 -2560 -352 ) (1800 -2560 96 ) (1792 -2560 96 ) 
4 282 294 (1800 -2560 640 ) (1792 -2560 640 ) (1792 -2560 96 ) (1800 -2560 96 ) 
4 282 293 (1920 -2560 640 ) (1800 -2560 640 ) (1800 -2560 -640 ) (1920 -2560 -640 ) 
4 282 286 (1920 -2560 -640 ) (1664 -2560 -640 ) (1664 -2432 -640 ) (1920 -2432 -640 ) 
4 282 283 (1632 -2560 640 ) (1632 -2432 640 ) (1632 -2432 -640 ) (1632 -2560 -640 ) 
4 283 284 (1600 -2560 640 ) (1600 -2432 640 ) (1600 -2432 -640 ) (1600 -2560 -640 ) 
4 284 288 (1536 -2560 -640 ) (1472 -2560 -640 ) (1472 -2432 -640 ) (1536 -2432 -640 ) 
4 284 289 (1472 -2560 -640 ) (1024 -2560 -640 ) (1024 -2432 -640 ) (1472 -2432 -640 ) 
4 285 286 (1664 -2432 -1280 ) (1920 -2432 -1280 ) (1920 -2432 -768 ) (1664 -2432 -768 ) 
4 287 288 (1472 -2432 -768 ) (1472 -2432 -1280 ) (1536 -2432 -1280 ) (1536 -2432 -768 ) 
4 287 289 (1472 -2304 -768 ) (1472 -2304 -1280 ) (1472 -2432 -1280 ) (1472 -2432 -768 ) 
4 288 289 (1472 -2432 -1280 ) (1472 -2560 -1280 ) (1472 -2560 -640 ) (1472 -2432 -640 ) 
4 290 294 (1800 -2560 1264 ) (1800 -2560 640 ) (1800 -2624 640 ) (1800 -2624 1264 ) 
4 290 293 (1800 -2624 640 ) (1800 -2560 640 ) (1920 -2560 640 ) (1920 -2624 640 ) 
4 290 291 (1800 -2624 1264 ) (1800 -2624 640 ) (1920 -2624 640 ) (1920 -2624 1264 ) 
4 291 294 (1800 -2624 640 ) (1800 -2752 640 ) (1800 -2752 1264 ) (1800 -2624 1264 ) 
4 291 293 (1800 -2752 640 ) (1800 -2624 640 ) (1920 -2624 640 ) (1920 -2752 640 ) 
4 291 292 (1920 -2624 640 ) (2048 -2624 640 ) (2048 -2752 640 ) (1920 -2752 640 ) 
4 292 313 (2048 -3072 -640 ) (2048 -3072 640 ) (1920 -3072 640 ) (1920 -3072 -640 ) 
4 292 293 (1920 -3072 -640 ) (1920 -3072 640 ) (1920 -2624 640 ) (1920 -2624 -640 ) 
4 293 313 (1920 -3072 640 ) (1800 -3072 640 ) (1800 -3072 -640 ) (1920 -3072 -640 ) 
4 293 303 (1800 -2560 -352 ) (1800 -2560 -640 ) (1800 -3072 -640 ) (1800 -3072 -352 ) 
4 293 300 (1800 -3072 -32 ) (1800 -3072 96 ) (1800 -3008 96 ) (1800 -3008 -32 ) 
4 293 299 (1800 -3008 -32 ) (1800 -3008 96 ) (1800 -3000 96 ) (1800 -3000 -32 ) 
4 293 297 (1800 -2560 96 ) (1800 -2560 -352 ) (1800 -3000 -352 ) (1800 -3000 96 ) 
4 293 295 (1800 -2752 96 ) (1800 -3000 96 ) (1800 -3000 640 ) (1800 -2752 640 ) 
4 293 294 (1800 -2560 640 ) (1800 -2560 96 ) (1800 -2752 96 ) (1800 -2752 640 ) 
4 294 297 (1792 -2560 96 ) (1800 -2560 96 ) (1800 -2752 96 ) (1792 -2752 96 ) 
4 294 295 (1792 -2752 96 ) (1800 -2752 96 ) (1800 -2752 640 ) (1792 -2752 640 ) 
4 295 306 (1144 -2752 96 ) (1144 -3000 96 ) (1144 -3000 640 ) (1144 -2752 640 ) 
4 295 298 (1144 -3000 96 ) (1144 -2752 96 ) (1792 -2752 96 ) (1792 -3000 96 ) 
4 295 297 (1792 -2752 96 ) (1800 -2752 96 ) (1800 -3000 96 ) (1792 -3000 96 ) 
4 296 327 (1168 -3072 640 ) (1152 -3072 640 ) (1152 -3072 96 ) (1168 -3072 96 ) 
4 296 326 (1792 -3072 640 ) (1168 -3072 640 ) (1168 -3072 96 ) (1792 -3072 96 ) 
4 296 301 (1792 -3072 96 ) (1152 -3072 96 ) (1152 -3008 96 ) (1792 -3008 96 ) 
4 297 303 (1792 -2560 -352 ) (1800 -2560 -352 ) (1800 -3000 -352 ) (1792 -3000 -352 ) 
4 297 299 (1800 -3000 -32 ) (1800 -3000 96 ) (1792 -3000 96 ) (1792 -3000 -32 ) 
4 297 298 (1792 -2752 -352 ) (1792 -3000 -352 ) (1792 -3000 96 ) (1792 -2752 96 ) 
4 298 306 (1144 -2752 -352 ) (1144 -3000 -352 ) (1144 -3000 96 ) (1144 -2752 96 ) 
4 298 304 (1144 -3000 -352 ) (1144 -2752 -352 ) (1792 -2752 -352 ) (1792 -3000 -352 ) 
4 298 299 (1792 -3000 -32 ) (1792 -3000 96 ) (1144 -3000 96 ) (1144 -3000 -32 ) 
4 299 306 (1144 -3008 -32 ) (1144 -3008 96 ) (1144 -3000 96 ) (1144 -3000 -32 ) 
4 299 302 (1152 -3008 96 ) (1144 -3008 96 ) (1144 -3008 -32 ) (1152 -3008 -32 ) 
4 299 301 (1792 -3008 96 ) (1152 -3008 96 ) (1152 -3008 -32 ) (1792 -3008 -32 ) 
4 299 300 (1800 -3008 -32 ) (1800 -3008 96 ) (1792 -3008 96 ) (1792 -3008 -32 ) 
4 300 316 (1800 -3072 -32 ) (1800 -3072 96 ) (1792 -3072 96 ) (1792 -3072 -32 ) 
4 300 301 (1792 -3008 96 ) (1792 -3008 -32 ) (1792 -3072 -32 ) (1792 -3072 96 ) 
4 301 327 (1168 -3072 96 ) (1152 -3072 96 ) (1152 -3072 -36 ) (1168 -3072 -36 ) 
4 301 326 (1792 -3072 96 ) (1168 -3072 96 ) (1168 -3072 -36 ) (1792 -3072 -36 ) 
4 301 302 (1152 -3008 96 ) (1152 -3008 -32 ) (1152 -3072 -32 ) (1152 -3072 96 ) 
4 302 332 (1152 -3072 96 ) (1144 -3072 96 ) (1144 -3072 -32 ) (1152 -3072 -32 ) 
4 302 306 (1144 -3072 -32 ) (1144 -3072 96 ) (1144 -3008 96 ) (1144 -3008 -32 ) 
4 303 317 (1800 -3072 -640 ) (1800 -3072 -352 ) (1792 -3072 -352 ) (1792 -3072 -640 ) 
4 303 304 (1792 -2752 -640 ) (1792 -3008 -640 ) (1792 -3008 -352 ) (1792 -2752 -352 ) 
4 304 306 (1144 -2752 -640 ) (1144 -3008 -640 ) (1144 -3008 -352 ) (1144 -2752 -352 ) 
4 304 305 (1144 -3008 -640 ) (1152 -3008 -640 ) (1152 -3008 -352 ) (1144 -3008 -352 ) 
4 305 335 (1152 -3072 -352 ) (1144 -3072 -352 ) (1144 -3072 -640 ) (1152 -3072 -640 ) 
4 305 306 (1144 -3008 -640 ) (1144 -3072 -640 ) (1144 -3072 -352 ) (1144 -3008 -352 ) 
4 306 345 (1056 -3072 640 ) (1024 -3072 640 ) (1024 -3072 -576 ) (1056 -3072 -576 ) 
4 306 347 (1024 -3072 -576 ) (1024 -3072 -640 ) (1056 -3072 -640 ) (1056 -3072 -576 ) 
4 306 336 (1144 -3072 -640 ) (1144 -3072 640 ) (1120 -3072 640 ) (1120 -3072 -640 ) 
4 306 340 (1120 -3072 640 ) (1056 -3072 640 ) (1056 -3072 -640 ) (1120 -3072 -640 ) 
4 306 311 (1024 -3072 -640 ) (1024 -3072 640 ) (1024 -2944 640 ) (1024 -2944 -640 ) 
4 306 309 (1024 -2944 640 ) (1024 -2752 640 ) (1024 -2752 -640 ) (1024 -2944 -640 ) 
4 307 308 (992 -2240 -64 ) (992 -2240 160 ) (992 -2048 160 ) (992 -2048 -64 ) 
4 309 311 (1024 -2944 -640 ) (1024 -2944 1264 ) (960 -2944 1264 ) (960 -2944 -640 ) 
4 309 310 (768 -2944 -640 ) (768 -2944 1264 ) (768 -2752 1264 ) (768 -2752 -640 ) 
4 310 312 (704 -2944 -1280 ) (768 -2944 -1280 ) (768 -2944 -1088 ) (704 -2944 -1088 ) 
4 311 348 (1024 -3072 -640 ) (1024 -3072 1264 ) (960 -3072 1264 ) (960 -3072 -640 ) 
4 312 363 (704 -3072 -1280 ) (768 -3072 -1280 ) (768 -3072 -1088 ) (704 -3072 -1088 ) 
4 313 317 (1800 -3128 -640 ) (1800 -3128 -352 ) (1800 -3072 -352 ) (1800 -3072 -640 ) 
4 313 316 (1800 -3128 -32 ) (1800 -3128 96 ) (1800 -3072 96 ) (1800 -3072 -32 ) 
4 313 315 (1800 -3128 -352 ) (1800 -3128 -640 ) (2048 -3128 -640 ) (2048 -3128 -352 ) 
4 313 314 (1800 -3128 96 ) (1800 -3128 -32 ) (2048 -3128 -32 ) (2048 -3128 96 ) 
4 314 318 (2048 -3136 -32 ) (2048 -3136 96 ) (1984 -3136 96 ) (1984 -3136 -32 ) 
4 314 320 (1984 -3136 96 ) (1800 -3136 96 ) (1800 -3136 -32 ) (1984 -3136 -32 ) 
4 314 316 (1800 -3136 -32 ) (1800 -3136 96 ) (1800 -3128 96 ) (1800 -3128 -32 ) 
4 315 317 (1800 -3136 -640 ) (1800 -3136 -352 ) (1800 -3128 -352 ) (1800 -3128 -640 ) 
4 316 326 (1792 -3136 -32 ) (1792 -3136 96 ) (1792 -3072 96 ) (1792 -3072 -32 ) 
4 316 320 (1792 -3136 96 ) (1792 -3136 -32 ) (1800 -3136 -32 ) (1800 -3136 96 ) 
4 318 319 (1984 -3584 640 ) (1984 -3584 104 ) (2048 -3584 104 ) (2048 -3584 640 ) 
4 318 320 (1984 -3136 -36 ) (1984 -3584 -36 ) (1984 -3584 640 ) (1984 -3136 640 ) 
4 319 320 (1984 -3648 104 ) (1984 -3648 640 ) (1984 -3584 640 ) (1984 -3584 104 ) 
4 320 326 (1792 -3136 640 ) (1792 -3136 -36 ) (1792 -3648 -36 ) (1792 -3648 640 ) 
4 320 321 (1984 -3648 -32 ) (1984 -3648 96 ) (1792 -3648 96 ) (1792 -3648 -32 ) 
4 321 326 (1792 -3656 -32 ) (1792 -3656 96 ) (1792 -3648 96 ) (1792 -3648 -32 ) 
4 321 325 (1792 -3656 96 ) (1792 -3656 -32 ) (1800 -3656 -32 ) (1800 -3656 96 ) 
4 321 322 (1800 -3656 -32 ) (1984 -3656 -32 ) (1984 -3656 96 ) (1800 -3656 96 ) 
4 322 325 (1800 -3656 96 ) (1800 -3656 -32 ) (1800 -3712 -32 ) (1800 -3712 96 ) 
4 322 324 (1800 -3712 640 ) (1800 -3712 -352 ) (1888 -3712 -352 ) (1888 -3712 640 ) 
4 322 323 (1888 -3712 -352 ) (1984 -3712 -352 ) (1984 -3712 640 ) (1888 -3712 640 ) 
4 323 324 (1888 -3712 640 ) (1888 -3712 -352 ) (1888 -3776 -352 ) (1888 -3776 640 ) 
4 324 369 (1800 -4096 -32 ) (1800 -4096 -352 ) (1888 -4096 -352 ) (1888 -4096 -32 ) 
4 324 364 (1800 -4096 640 ) (1800 -4096 -32 ) (1888 -4096 -32 ) (1888 -4096 640 ) 
4 324 325 (1800 -4096 -32 ) (1800 -4096 96 ) (1800 -3712 96 ) (1800 -3712 -32 ) 
4 325 366 (1792 -4096 96 ) (1792 -4096 -32 ) (1800 -4096 -32 ) (1800 -4096 96 ) 
4 325 326 (1792 -4096 -32 ) (1792 -4096 96 ) (1792 -3656 96 ) (1792 -3656 -32 ) 
4 326 370 (1792 -4096 -36 ) (1792 -4096 -32 ) (1168 -4096 -32 ) (1168 -4096 -36 ) 
4 326 365 (1792 -4096 96 ) (1792 -4096 640 ) (1168 -4096 640 ) (1168 -4096 96 ) 
4 326 366 (1792 -4096 -32 ) (1792 -4096 96 ) (1168 -4096 96 ) (1168 -4096 -32 ) 
4 326 329 (1168 -3920 -32.500000 ) (1168 -3920 96.500000 ) (1168 -3888 96.500000 ) (1168 -3888 -32.500000 ) 
4 326 328 (1168 -3920 96.500000 ) (1168 -3920 640 ) (1168 -3888 640 ) (1168 -3888 96.500000 ) 
4 326 330 (1168 -3888 -36 ) (1168 -3920 -36 ) (1168 -3920 -32.500000 ) (1168 -3888 -32.500000 ) 
4 326 327 (1168 -3072 -36 ) (1168 -3888 -36 ) (1168 -3888 640 ) (1168 -3072 640 ) 
4 326 331 (1168 -3920 -36 ) (1168 -4096 -36 ) (1168 -4096 640 ) (1168 -3920 640 ) 
4 327 332 (1152 -3072 96 ) (1152 -3072 -32 ) (1152 -3888 -32 ) (1152 -3888 96 ) 
4 327 329 (1168 -3888 -32.500000 ) (1168 -3888 96.500000 ) (1152 -3888 96.500000 ) (1152 -3888 -32.500000 ) 
4 327 328 (1168 -3888 96.500000 ) (1168 -3888 640 ) (1152 -3888 640 ) (1152 -3888 96.500000 ) 
4 327 330 (1152 -3888 -36 ) (1168 -3888 -36 ) (1168 -3888 -32.500000 ) (1152 -3888 -32.500000 ) 
4 328 331 (1168 -3920 96.500000 ) (1168 -3920 640 ) (1152 -3920 640 ) (1152 -3920 96.500000 ) 
4 328 329 (1168 -3920 96.500000 ) (1152 -3920 96.500000 ) (1152 -3888 96.500000 ) (1168 -3888 96.500000 ) 
4 329 333 (1152 -3888 96 ) (1152 -3888 -32 ) (1152 -3920 -32 ) (1152 -3920 96 ) 
4 329 330 (1168 -3920 -32.500000 ) (1152 -3920 -32.500000 ) (1152 -3888 -32.500000 ) (1168 -3888 -32.500000 ) 
4 329 331 (1168 -3920 -32.500000 ) (1168 -3920 96.500000 ) (1152 -3920 96.500000 ) (1152 -3920 -32.500000 ) 
4 330 331 (1152 -3920 -36 ) (1168 -3920 -36 ) (1168 -3920 -32.500000 ) (1152 -3920 -32.500000 ) 
4 331 370 (1152 -4096 -32 ) (1152 -4096 -36 ) (1168 -4096 -36 ) (1168 -4096 -32 ) 
4 331 365 (1168 -4096 640 ) (1152 -4096 640 ) (1152 -4096 96 ) (1168 -4096 96 ) 
4 331 366 (1152 -4096 96 ) (1152 -4096 -32 ) (1168 -4096 -32 ) (1168 -4096 96 ) 
4 331 334 (1152 -4096 -32 ) (1152 -4096 96 ) (1152 -3920 96 ) (1152 -3920 -32 ) 
4 332 336 (1144 -3072 96 ) (1144 -3072 -32 ) (1144 -3888 -32 ) (1144 -3888 96 ) 
4 332 333 (1152 -3888 -32 ) (1152 -3888 96 ) (1144 -3888 96 ) (1144 -3888 -32 ) 
4 333 338 (1144 -3888 96 ) (1144 -3888 -32 ) (1144 -3920 -32 ) (1144 -3920 96 ) 
4 333 334 (1152 -3920 -32 ) (1152 -3920 96 ) (1144 -3920 96 ) (1144 -3920 -32 ) 
4 334 366 (1144 -4096 96 ) (1144 -4096 -32 ) (1152 -4096 -32 ) (1152 -4096 96 ) 
4 334 341 (1144 -4096 -32 ) (1144 -4096 96 ) (1144 -3920 96 ) (1144 -3920 -32 ) 
4 335 376 (1144 -4096 -352 ) (1144 -4096 -640 ) (1152 -4096 -640 ) (1152 -4096 -352 ) 
4 335 341 (1144 -3920 -640 ) (1144 -4096 -640 ) (1144 -4096 -352 ) (1144 -3920 -352 ) 
4 335 339 (1144 -3888 -640 ) (1144 -3920 -640 ) (1144 -3920 -352 ) (1144 -3888 -352 ) 
4 335 336 (1144 -3072 -640 ) (1144 -3888 -640 ) (1144 -3888 -352 ) (1144 -3072 -352 ) 
4 336 338 (1120 -3888 96.500000 ) (1120 -3888 -32.500000 ) (1144 -3888 -32.500000 ) (1144 -3888 96.500000 ) 
4 336 337 (1120 -3888 640 ) (1120 -3888 96.500000 ) (1144 -3888 96.500000 ) (1144 -3888 640 ) 
4 336 339 (1120 -3888 -32.500000 ) (1120 -3888 -640 ) (1144 -3888 -640 ) (1144 -3888 -32.500000 ) 
4 336 340 (1120 -3072 -640 ) (1120 -3888 -640 ) (1120 -3888 640 ) (1120 -3072 640 ) 
4 337 342 (1136 -3920 640 ) (1120 -3920 640 ) (1120 -3920 96.500000 ) (1136 -3920 96.500000 ) 
4 337 341 (1144 -3920 96.500000 ) (1144 -3920 640 ) (1136 -3920 640 ) (1136 -3920 96.500000 ) 
4 337 340 (1120 -3920 96.500000 ) (1120 -3920 640 ) (1120 -3888 640 ) (1120 -3888 96.500000 ) 
4 337 338 (1144 -3920 96.500000 ) (1120 -3920 96.500000 ) (1120 -3888 96.500000 ) (1144 -3888 96.500000 ) 
4 338 342 (1136 -3920 96.500000 ) (1120 -3920 96.500000 ) (1120 -3920 -32.500000 ) (1136 -3920 -32.500000 ) 
4 338 341 (1144 -3920 -32.500000 ) (1144 -3920 96.500000 ) (1136 -3920 96.500000 ) (1136 -3920 -32.500000 ) 
4 338 339 (1144 -3920 -32.500000 ) (1120 -3920 -32.500000 ) (1120 -3888 -32.500000 ) (1144 -3888 -32.500000 ) 
4 338 340 (1120 -3920 -32.500000 ) (1120 -3920 96.500000 ) (1120 -3888 96.500000 ) (1120 -3888 -32.500000 ) 
4 339 343 (1120 -3920 -576 ) (1120 -3920 -640 ) (1136 -3920 -640 ) (1136 -3920 -576 ) 
4 339 342 (1136 -3920 -32.500000 ) (1120 -3920 -32.500000 ) (1120 -3920 -576 ) (1136 -3920 -576 ) 
4 339 341 (1144 -3920 -640 ) (1144 -3920 -32.500000 ) (1136 -3920 -32.500000 ) (1136 -3920 -640 ) 
4 339 340 (1120 -3888 -640 ) (1120 -3920 -640 ) (1120 -3920 -32.500000 ) (1120 -3888 -32.500000 ) 
4 340 345 (1056 -3840 640 ) (1056 -3072 640 ) (1056 -3072 -576 ) (1056 -3840 -576 ) 
4 340 347 (1056 -3072 -640 ) (1056 -3920 -640 ) (1056 -3920 -576 ) (1056 -3072 -576 ) 
4 340 343 (1056 -3920 -576 ) (1056 -3920 -640 ) (1120 -3920 -640 ) (1120 -3920 -576 ) 
4 340 342 (1120 -3920 640 ) (1056 -3920 640 ) (1056 -3920 -576 ) (1120 -3920 -576 ) 
4 341 376 (1136 -4096 -640 ) (1144 -4096 -640 ) (1144 -4096 -352 ) (1136 -4096 -352 ) 
4 341 371 (1144 -4096 -352 ) (1144 -4096 -32 ) (1136 -4096 -32 ) (1136 -4096 -352 ) 
4 341 368 (1144 -4096 -32 ) (1144 -4096 640 ) (1136 -4096 640 ) (1136 -4096 -32 ) 
4 341 343 (1136 -3920 -576 ) (1136 -3920 -640 ) (1136 -3936 -640 ) (1136 -3936 -576 ) 
4 341 342 (1136 -3920 640 ) (1136 -3920 -576 ) (1136 -3936 -576 ) (1136 -3936 640 ) 
4 341 344 (1136 -3936 -640 ) (1136 -4096 -640 ) (1136 -4096 640 ) (1136 -3936 640 ) 
4 342 344 (1136 -3936 -576 ) (1136 -3936 640 ) (1056 -3936 640 ) (1056 -3936 -576 ) 
4 342 343 (1136 -3936 -576 ) (1056 -3936 -576 ) (1056 -3920 -576 ) (1136 -3920 -576 ) 
4 343 347 (1056 -3920 -640 ) (1056 -3936 -640 ) (1056 -3936 -576 ) (1056 -3920 -576 ) 
4 343 344 (1136 -3936 -640 ) (1136 -3936 -576 ) (1056 -3936 -576 ) (1056 -3936 -640 ) 
4 344 376 (1056 -4096 -352 ) (1056 -4096 -640 ) (1136 -4096 -640 ) (1136 -4096 -352 ) 
4 344 371 (1056 -4096 -32 ) (1056 -4096 -352 ) (1136 -4096 -352 ) (1136 -4096 -32 ) 
4 344 368 (1056 -4096 640 ) (1056 -4096 -32 ) (1136 -4096 -32 ) (1136 -4096 640 ) 
4 344 346 (1056 -4096 -576 ) (1056 -4096 640 ) (1056 -3968 640 ) (1056 -3968 -576 ) 
4 344 347 (1056 -3936 -640 ) (1056 -4096 -640 ) (1056 -4096 -576 ) (1056 -3936 -576 ) 
4 345 349 (1024 -3712 -576 ) (1024 -3840 -576 ) (1024 -3840 640 ) (1024 -3712 640 ) 
4 345 348 (1024 -3072 640 ) (1024 -3072 -576 ) (1024 -3712 -576 ) (1024 -3712 640 ) 
4 345 347 (1024 -3072 -576 ) (1056 -3072 -576 ) (1056 -3840 -576 ) (1024 -3840 -576 ) 
4 346 376 (1024 -4096 -352 ) (1024 -4096 -576 ) (1056 -4096 -576 ) (1056 -4096 -352 ) 
4 346 371 (1024 -4096 -32 ) (1024 -4096 -352 ) (1056 -4096 -352 ) (1056 -4096 -32 ) 
4 346 368 (1024 -4096 640 ) (1024 -4096 -32 ) (1056 -4096 -32 ) (1056 -4096 640 ) 
4 346 351 (1024 -3968 -576 ) (1024 -4096 -576 ) (1024 -4096 640 ) (1024 -3968 640 ) 
4 346 347 (1056 -3968 -576 ) (1056 -4096 -576 ) (1024 -4096 -576 ) (1024 -3968 -576 ) 
4 347 376 (1024 -4096 -576 ) (1024 -4096 -640 ) (1056 -4096 -640 ) (1056 -4096 -576 ) 
4 347 353 (1024 -3712 -640 ) (1024 -4096 -640 ) (1024 -4096 -576 ) (1024 -3712 -576 ) 
4 347 348 (1024 -3072 -576 ) (1024 -3072 -640 ) (1024 -3712 -640 ) (1024 -3712 -576 ) 
4 348 353 (1024 -3712 -640 ) (1024 -3712 -576 ) (960 -3712 -576 ) (960 -3712 -640 ) 
4 348 349 (1024 -3712 -576 ) (1024 -3712 1264 ) (960 -3712 1264 ) (960 -3712 -576 ) 
4 349 353 (960 -3712 -576 ) (1024 -3712 -576 ) (1024 -3840 -576 ) (960 -3840 -576 ) 
4 350 354 (768 -3712 832 ) (768 -3712 -576 ) (768 -3840 -576 ) (768 -3840 832 ) 
4 350 353 (768 -3840 -576 ) (768 -3712 -576 ) (896 -3712 -576 ) (896 -3840 -576 ) 
4 350 352 (768 -3840 1264 ) (768 -3840 -576 ) (896 -3840 -576 ) (896 -3840 1264 ) 
4 351 377 (1024 -4096 -576 ) (1024 -4096 1264 ) (960 -4096 1264 ) (960 -4096 -576 ) 
4 351 353 (1024 -3968 -576 ) (1024 -4096 -576 ) (896 -4096 -576 ) (896 -3968 -576 ) 
4 351 352 (896 -3968 -576 ) (896 -4096 -576 ) (896 -4096 1264 ) (896 -3968 1264 ) 
4 352 354 (768 -4096 -576 ) (768 -4096 832 ) (768 -3840 832 ) (768 -3840 -576 ) 
4 352 353 (768 -4096 -576 ) (768 -3840 -576 ) (896 -3840 -576 ) (896 -4096 -576 ) 
4 353 379 (1024 -4096 -640 ) (1024 -4096 -576 ) (768 -4096 -576 ) (768 -4096 -640 ) 
4 353 354 (768 -4096 -640 ) (768 -4096 -576 ) (768 -3712 -576 ) (768 -3712 -640 ) 
4 354 380 (704 -4096 -1088 ) (768 -4096 -1088 ) (768 -4096 832 ) (704 -4096 832 ) 
4 354 363 (768 -4096 -1088 ) (704 -4096 -1088 ) (704 -3712 -1088 ) (768 -3712 -1088 ) 
4 354 359 (704 -3840 832 ) (704 -3712 832 ) (704 -3712 -576 ) (704 -3840 -576 ) 
4 355 361 (192 -3712 832 ) (64 -3712 832 ) (64 -3712 384 ) (192 -3712 384 ) 
4 355 359 (640 -3712 832 ) (384 -3712 832 ) (384 -3712 384 ) (640 -3712 384 ) 
4 355 360 (384 -3712 832 ) (192 -3712 832 ) (192 -3712 384 ) (384 -3712 384 ) 
4 355 358 (64 -3328 832 ) (64 -3328 384 ) (64 -3712 384 ) (64 -3712 832 ) 
4 355 357 (640 -3712 384 ) (576 -3712 384 ) (576 -3456 384 ) (640 -3456 384 ) 
4 355 356 (576 -3328 384 ) (640 -3328 384 ) (640 -3456 384 ) (576 -3456 384 ) 
4 356 357 (640 -3456 -576 ) (640 -3456 384 ) (576 -3456 384 ) (576 -3456 -576 ) 
4 357 359 (640 -3712 -576 ) (640 -3712 384 ) (576 -3712 384 ) (576 -3712 -576 ) 
4 358 415 (0 -3712 832 ) (0 -3328 832 ) (0 -3328 384 ) (0 -3712 384 ) 
4 358 362 (64 -3712 384 ) (64 -3712 832 ) (0 -3712 832 ) (0 -3712 384 ) 
4 359 360 (384 -3712 832 ) (384 -3712 -576 ) (384 -3840 -576 ) (384 -3840 832 ) 
4 360 383 (384 -4096 832 ) (192 -4096 832 ) (192 -4096 -576 ) (384 -4096 -576 ) 
4 360 361 (192 -3712 832 ) (192 -3712 -576 ) (192 -3776 -576 ) (192 -3776 832 ) 
4 361 362 (64 -3712 832 ) (64 -3712 -576 ) (64 -3776 -576 ) (64 -3776 832 ) 
4 362 416 (0 -3712 384 ) (0 -3712 -1088 ) (0 -3776 -1088 ) (0 -3776 384 ) 
4 362 415 (0 -3776 832 ) (0 -3712 832 ) (0 -3712 384 ) (0 -3776 384 ) 
4 363 386 (768 -4096 -1088 ) (704 -4096 -1088 ) (704 -4096 -1280 ) (768 -4096 -1280 ) 
4 364 372 (1888 -4160 -32 ) (1888 -4352 -32 ) (1800 -4352 -32 ) (1800 -4160 -32 ) 
4 364 369 (1800 -4096 -32 ) (1888 -4096 -32 ) (1888 -4160 -32 ) (1800 -4160 -32 ) 
4 364 367 (1800 -4168 -32 ) (1800 -4352 -32 ) (1800 -4352 640 ) (1800 -4168 640 ) 
4 364 366 (1800 -4096 -32 ) (1800 -4168 -32 ) (1800 -4168 96 ) (1800 -4096 96 ) 
4 365 366 (1152 -4096 96 ) (1792 -4096 96 ) (1792 -4160 96 ) (1152 -4160 96 ) 
4 366 370 (1152 -4096 -32 ) (1792 -4096 -32 ) (1792 -4160 -32 ) (1152 -4160 -32 ) 
4 366 368 (1144 -4096 -32 ) (1144 -4168 -32 ) (1144 -4168 96 ) (1144 -4096 96 ) 
4 366 367 (1144 -4168 96 ) (1144 -4168 -32 ) (1800 -4168 -32 ) (1800 -4168 96 ) 
4 367 373 (1800 -4168 -32 ) (1800 -4352 -32 ) (1144 -4352 -32 ) (1144 -4168 -32 ) 
4 367 368 (1144 -4168 -32 ) (1144 -4352 -32 ) (1144 -4352 640 ) (1144 -4168 640 ) 
4 368 378 (1024 -4224 -32 ) (1024 -4352 -32 ) (1024 -4352 640 ) (1024 -4224 640 ) 
4 368 377 (1024 -4096 640 ) (1024 -4096 -32 ) (1024 -4224 -32 ) (1024 -4224 640 ) 
4 368 374 (1024 -4352 -32 ) (1024 -4160 -32 ) (1144 -4160 -32 ) (1144 -4352 -32 ) 
4 368 371 (1024 -4160 -32 ) (1024 -4096 -32 ) (1144 -4096 -32 ) (1144 -4160 -32 ) 
4 369 372 (1800 -4160 -352 ) (1888 -4160 -352 ) (1888 -4160 -32 ) (1800 -4160 -32 ) 
4 371 377 (1024 -4096 -32 ) (1024 -4096 -352 ) (1024 -4160 -352 ) (1024 -4160 -32 ) 
4 371 376 (1024 -4096 -352 ) (1144 -4096 -352 ) (1144 -4160 -352 ) (1024 -4160 -352 ) 
4 371 374 (1024 -4160 -352 ) (1144 -4160 -352 ) (1144 -4160 -32 ) (1024 -4160 -32 ) 
4 372 375 (1888 -4160 -352 ) (1888 -4352 -352 ) (1800 -4352 -352 ) (1800 -4160 -352 ) 
4 372 373 (1800 -4168 -352 ) (1800 -4352 -352 ) (1800 -4352 -32 ) (1800 -4168 -32 ) 
4 373 375 (1800 -4352 -352 ) (1152 -4352 -352 ) (1152 -4168 -352 ) (1800 -4168 -352 ) 
4 373 376 (1152 -4352 -352 ) (1144 -4352 -352 ) (1144 -4168 -352 ) (1152 -4168 -352 ) 
4 373 374 (1144 -4168 -352 ) (1144 -4352 -352 ) (1144 -4352 -32 ) (1144 -4168 -32 ) 
4 374 378 (1024 -4224 -352 ) (1024 -4352 -352 ) (1024 -4352 -32 ) (1024 -4224 -32 ) 
4 374 377 (1024 -4160 -352 ) (1024 -4224 -352 ) (1024 -4224 -32 ) (1024 -4160 -32 ) 
4 374 376 (1144 -4352 -352 ) (1024 -4352 -352 ) (1024 -4160 -352 ) (1144 -4160 -352 ) 
4 375 376 (1152 -4160 -640 ) (1152 -4352 -640 ) (1152 -4352 -352 ) (1152 -4160 -352 ) 
4 376 379 (1024 -4096 -576 ) (1024 -4096 -640 ) (1024 -4352 -640 ) (1024 -4352 -576 ) 
4 376 378 (1024 -4224 -576 ) (1024 -4352 -576 ) (1024 -4352 -352 ) (1024 -4224 -352 ) 
4 376 377 (1024 -4096 -352 ) (1024 -4096 -576 ) (1024 -4224 -576 ) (1024 -4224 -352 ) 
4 377 379 (960 -4096 -576 ) (1024 -4096 -576 ) (1024 -4224 -576 ) (960 -4224 -576 ) 
4 377 378 (960 -4224 -576 ) (1024 -4224 -576 ) (1024 -4224 1264 ) (960 -4224 1264 ) 
4 378 379 (1024 -4352 -576 ) (960 -4352 -576 ) (960 -4224 -576 ) (1024 -4224 -576 ) 
4 379 381 (768 -4352 -640 ) (768 -4352 -576 ) (768 -4224 -576 ) (768 -4224 -640 ) 
4 379 380 (768 -4224 -576 ) (768 -4096 -576 ) (768 -4096 -640 ) (768 -4224 -640 ) 
4 380 386 (704 -4224 -1088 ) (704 -4096 -1088 ) (768 -4096 -1088 ) (768 -4224 -1088 ) 
4 380 381 (704 -4224 832 ) (704 -4224 -1088 ) (768 -4224 -1088 ) (768 -4224 832 ) 
4 381 386 (704 -4352 -1088 ) (704 -4224 -1088 ) (768 -4224 -1088 ) (768 -4352 -1088 ) 
4 382 385 (384 -4864 1536 ) (192 -4864 1536 ) (192 -4864 832 ) (384 -4864 832 ) 
4 382 384 (384 -4864 832 ) (192 -4864 832 ) (192 -4480 832 ) (384 -4480 832 ) 
4 383 384 (192 -4352 832 ) (192 -4352 -576 ) (384 -4352 -576 ) (384 -4352 832 ) 
4 384 385 (192 -4864 -1088 ) (384 -4864 -1088 ) (384 -4864 832 ) (192 -4864 832 ) 
4 387 392 (0 2048 640 ) (0 2048 1264 ) (-512 2048 1264 ) (-512 2048 640 ) 
4 387 391 (0 2048 1264 ) (0 2048 1520 ) (-512 2048 1520 ) (-512 2048 1264 ) 
4 387 390 (0 2048 1520 ) (0 2048 1536 ) (-512 2048 1536 ) (-512 2048 1520 ) 
4 387 388 (0 2048 640 ) (-512 2048 640 ) (-512 2560 640 ) (0 2560 640 ) 
4 388 393 (0 2048 -640 ) (0 2048 640 ) (-512 2048 640 ) (-512 2048 -640 ) 
4 388 389 (-512 2560 -640 ) (0 2560 -640 ) (0 2048 -640 ) (-512 2048 -640 ) 
4 389 394 (0 2048 -1280 ) (0 2048 -640 ) (-512 2048 -640 ) (-512 2048 -1280 ) 
4 390 401 (0 1024 1520 ) (0 1024 1536 ) (-512 1024 1536 ) (-512 1024 1520 ) 
4 390 397 (-416 1024 1520 ) (-512 1024 1520 ) (-512 1376 1520 ) (-416 1376 1520 ) 
4 390 395 (0 1024 1520 ) (-32 1024 1520 ) (-32 1376 1520 ) (0 1376 1520 ) 
4 390 391 (-512 1376 1520 ) (-512 2048 1520 ) (0 2048 1520 ) (0 1376 1520 ) 
4 391 397 (-416 1376 1520 ) (-512 1376 1520 ) (-512 1376 1264 ) (-416 1376 1264 ) 
4 391 395 (0 1376 1264 ) (0 1376 1520 ) (-32 1376 1520 ) (-32 1376 1264 ) 
4 391 392 (-512 1408 1264 ) (-512 2048 1264 ) (0 2048 1264 ) (0 1408 1264 ) 
4 392 393 (-512 1408 640 ) (-512 2048 640 ) (0 2048 640 ) (0 1408 640 ) 
4 393 394 (-512 1408 -640 ) (-512 2048 -640 ) (0 2048 -640 ) (0 1408 -640 ) 
4 395 402 (0 1024 640 ) (0 1024 1520 ) (-32 1024 1520 ) (-32 1024 640 ) 
4 395 396 (-32 1376 640 ) (0 1376 640 ) (0 1024 640 ) (-32 1024 640 ) 
4 396 403 (0 1024 -640 ) (0 1024 640 ) (-32 1024 640 ) (-32 1024 -640 ) 
4 396 399 (-32 1376 -640 ) (0 1376 -640 ) (0 1024 -640 ) (-32 1024 -640 ) 
4 397 408 (-416 1024 1520 ) (-512 1024 1520 ) (-512 1024 640 ) (-416 1024 640 ) 
4 397 398 (-512 1024 640 ) (-512 1376 640 ) (-416 1376 640 ) (-416 1024 640 ) 
4 398 409 (-512 1024 640 ) (-512 1024 -640 ) (-416 1024 -640 ) (-416 1024 640 ) 
4 398 400 (-512 1024 -640 ) (-512 1376 -640 ) (-416 1376 -640 ) (-416 1024 -640 ) 
4 399 406 (0 1024 -1280 ) (0 1024 -640 ) (-32 1024 -640 ) (-32 1024 -1280 ) 
4 400 410 (-416 1024 -640 ) (-512 1024 -640 ) (-512 1024 -1280 ) (-416 1024 -1280 ) 
4 401 411 (0 0 1520 ) (0 0 1536 ) (-512 0 1536 ) (-512 0 1520 ) 
4 401 408 (-512 0 1520 ) (-512 1024 1520 ) (-416 1024 1520 ) (-416 0 1520 ) 
4 401 404 (-32 608 1520 ) (-32 0 1520 ) (-416 0 1520 ) (-416 608 1520 ) 
4 401 402 (-32 1024 1520 ) (0 1024 1520 ) (0 0 1520 ) (-32 0 1520 ) 
4 402 412 (0 0 640 ) (0 0 1264 ) (-32 0 1264 ) (-32 0 640 ) 
4 402 411 (0 0 1264 ) (0 0 1520 ) (-32 0 1520 ) (-32 0 1264 ) 
4 402 404 (-32 0 640 ) (-32 0 1520 ) (-32 608 1520 ) (-32 608 640 ) 
4 402 403 (0 0 640 ) (-32 0 640 ) (-32 1024 640 ) (0 1024 640 ) 
4 403 413 (0 0 -640 ) (0 0 640 ) (-32 0 640 ) (-32 0 -640 ) 
4 403 406 (0 0 -640 ) (-32 0 -640 ) (-32 1024 -640 ) (0 1024 -640 ) 
4 403 405 (-32 608 -640 ) (-32 0 -640 ) (-32 0 640 ) (-32 608 640 ) 
4 404 412 (-416 0 1264 ) (-416 0 640 ) (-32 0 640 ) (-32 0 1264 ) 
4 404 411 (-32 0 1520 ) (-416 0 1520 ) (-416 0 1264 ) (-32 0 1264 ) 
4 404 408 (-416 0 640 ) (-416 0 1520 ) (-416 608 1520 ) (-416 608 640 ) 
4 404 405 (-416 0 640 ) (-416 608 640 ) (-32 608 640 ) (-32 0 640 ) 
4 405 413 (-416 0 640 ) (-416 0 -640 ) (-32 0 -640 ) (-32 0 640 ) 
4 405 409 (-416 0 -640 ) (-416 0 640 ) (-416 608 640 ) (-416 608 -640 ) 
4 405 407 (-32 0 -640 ) (-416 0 -640 ) (-416 608 -640 ) (-32 608 -640 ) 
4 406 414 (0 0 -1280 ) (0 0 -640 ) (-32 0 -640 ) (-32 0 -1280 ) 
4 406 407 (-32 608 -1280 ) (-32 0 -1280 ) (-32 0 -640 ) (-32 608 -640 ) 
4 407 414 (-32 0 -640 ) (-416 0 -640 ) (-416 0 -1280 ) (-32 0 -1280 ) 
4 407 410 (-416 608 -1280 ) (-416 0 -1280 ) (-416 0 -640 ) (-416 608 -640 ) 
4 408 412 (-512 0 1264 ) (-512 0 640 ) (-416 0 640 ) (-416 0 1264 ) 
4 408 411 (-416 0 1520 ) (-512 0 1520 ) (-512 0 1264 ) (-416 0 1264 ) 
4 408 409 (-512 0 640 ) (-512 1024 640 ) (-416 1024 640 ) (-416 0 640 ) 
4 409 413 (-512 0 640 ) (-512 0 -640 ) (-416 0 -640 ) (-416 0 640 ) 
4 409 410 (-512 0 -640 ) (-512 1024 -640 ) (-416 1024 -640 ) (-416 0 -640 ) 
4 410 414 (-512 0 -640 ) (-512 0 -1280 ) (-416 0 -1280 ) (-416 0 -640 ) 
4 411 412 (-512 0 1264 ) (0 0 1264 ) (0 -128 1264 ) (-512 -128 1264 ) 
4 412 413 (-512 -512 640 ) (-512 0 640 ) (0 0 640 ) (0 -512 640 ) 
4 413 414 (0 -512 -640 ) (-512 -512 -640 ) (-512 0 -640 ) (0 0 -640 ) 
4 415 416 (-128 -3776 384 ) (-128 -3712 384 ) (0 -3712 384 ) (0 -3776 384 ) 
