


materialPath: D:\SteamLibrary\steamapps\common\Portal 2\portal2\materials
Loading d:\steamlibrary\steamapps\common\portal 2\portal2_dlc3\maps\sp_a1_intro5.vmf
ConVarRef gpu_level doesn't point to an existing ConVar
fixing up env_cubemap materials on brush sides...
0...1...2...3...4...5...6...7...8...9...100...1...2...3...4...5...6...7...8...9...10Processing areas...done (0)
Building Faces...done (0)
Chop Details...done (0)
Find Visible Detail Sides...
Merged 210 detail faces...done (0)
Merging details...done (0)
FixTjuncs...
PruneNodes...
WriteBSP...
done (0)
writing d:\steamlibrary\steamapps\common\portal 2\portal2_dlc3\maps\sp_a1_intro5.prt...Building visibility clusters...
done (0)
Finding displacement neighbors...
Finding lightmap sample positions...
Displacement Alpha : 0...1...2...3...4...5...6...7...8...9...10
Building Physics collision data...
done (1) (426523 bytes)
Encountered obsolete static prop option to do its fade in screen space @ -288.00 -32.00 1005.47
Encountered obsolete static prop option to do its fade in screen space @ -352.00 -512.00 903.17
Encountered obsolete static prop option to do its fade in screen space @ 0.00 -912.00 320.00
Encountered obsolete static prop option to do its fade in screen space @ 0.00 -880.00 320.00
Encountered obsolete static prop option to do its fade in screen space @ -64.00 752.00 448.00
Encountered obsolete static prop option to do its fade in screen space @ -64.00 784.00 448.00
Placing detail props : 0...1...2...3...4...5...6...7...8...9...10
Compacting texture/material tables...
Reduced 1584 texinfos to 853
Reduced 68 texdatas to 65 (1919 bytes to 1815)
Writing d:\steamlibrary\steamapps\common\portal 2\portal2_dlc3\maps\sp_a1_intro5.bsp

nummapplanes:     (  7784 / 65536 )
nummapbrushes:    (  1139 /  8192 )
nummapbrushsides: ( 10025 / 65536 )
num_map_overlays: (    61 /   512 )
nummodels:        (    66 /  1024 )
num_entities:     (   417 / 16384 )

1 second elapsed



materialPath: D:\SteamLibrary\steamapps\common\Portal 2\portal2\materials
Loading d:\steamlibrary\steamapps\common\portal 2\portal2_dlc3\maps\sp_a1_intro5.vmf
ConVarRef gpu_level doesn't point to an existing ConVar
fixing up env_cubemap materials on brush sides...
0...1...2...3...4...5...6...7...8...9...100...1...2...3...4...5...6...7...8...9...10Processing areas...done (0)
Building Faces...done (0)
Chop Details...done (0)
Find Visible Detail Sides...
Merged 210 detail faces...done (0)
Merging details...done (0)
FixTjuncs...
PruneNodes...
WriteBSP...
done (0)
writing d:\steamlibrary\steamapps\common\portal 2\portal2_dlc3\maps\sp_a1_intro5.prt...Building visibility clusters...
done (0)
Finding displacement neighbors...
Finding lightmap sample positions...
Displacement Alpha : 0...1...2...3...4...5...6...7...8...9...10
Building Physics collision data...
done (1) (426523 bytes)
Encountered obsolete static prop option to do its fade in screen space @ -288.00 -32.00 1005.47
Encountered obsolete static prop option to do its fade in screen space @ -352.00 -512.00 903.17
Encountered obsolete static prop option to do its fade in screen space @ 0.00 -912.00 320.00
Encountered obsolete static prop option to do its fade in screen space @ 0.00 -880.00 320.00
Encountered obsolete static prop option to do its fade in screen space @ -64.00 752.00 448.00
Encountered obsolete static prop option to do its fade in screen space @ -64.00 784.00 448.00
Placing detail props : 0...1...2...3...4...5...6...7...8...9...10
Compacting texture/material tables...
Reduced 1584 texinfos to 853
Reduced 68 texdatas to 65 (1919 bytes to 1815)
Writing d:\steamlibrary\steamapps\common\portal 2\portal2_dlc3\maps\sp_a1_intro5.bsp

nummapplanes:     (  7784 / 65536 )
nummapbrushes:    (  1139 /  8192 )
nummapbrushsides: ( 10025 / 65536 )
num_map_overlays: (    61 /   512 )
nummodels:        (    66 /  1024 )
num_entities:     (   415 / 16384 )

1 second elapsed



12 threads
reading d:\steamlibrary\steamapps\common\portal 2\portal2_dlc3\maps\sp_a1_intro5.bsp
reading d:\steamlibrary\steamapps\common\portal 2\portal2_dlc3\maps\sp_a1_intro5.prt
 390 portalclusters
1083 numportals
0...1...2...3...4...5...6...7...8...9...100...1...2...3...4...5...6...7...8...9...10Optimized: 602 visible clusters (0.00%)
Total clusters visible: 82296
Average clusters visible: 211
Building PAS...
Average clusters audible: 372
visdatasize:39173  compressed from 43680
writing d:\steamlibrary\steamapps\common\portal 2\portal2_dlc3\maps\sp_a1_intro5.bsp
1 second elapsed



[Reading texlights from 'lights.rad']
[59 texlights parsed from 'lights.rad']

Loading d:\steamlibrary\steamapps\common\portal 2\portal2_dlc3\maps\sp_a1_intro5.bsp
Loaded alpha texture materials\models\props_foliage\leaves_dead.vtf
Loaded alpha texture materials\Metal\metalgrate018.vtf
Loaded alpha texture materials\Metal\metalgrate018b.vtf
Loaded alpha texture materials\Tools\toolsinvisible.vtf
2529 faces
289694 square feet [41716036.00 square inches]
0 Displacements
0 Square Feet [0.00 Square Inches]
2529 patches before subdivision
zero area child patch
26709 patches after subdivision
24 direct lights
0...1...2...3...4...5...6...7...8...9...100...1...2...3...4...5...6...7...8...9...10transfers 2642417, max 565
transfer lists:  20.2 megs
0...1...2...3...4...5...6...7...8...9...10	Bounce #1 added RGB(27900, 25298, 18814)
0...1...2...3...4...5...6...7...8...9...10	Bounce #2 added RGB(11137, 9953, 7203)
0...1...2...3...4...5...6...7...8...9...10	Bounce #3 added RGB(5112, 4531, 3210)
0...1...2...3...4...5...6...7...8...9...10	Bounce #4 added RGB(2319, 2038, 1418)
0...1...2...3...4...5...6...7...8...9...10	Bounce #5 added RGB(1086, 947, 649)
0...1...2...3...4...5...6...7...8...9...10	Bounce #6 added RGB(507, 439, 296)
0...1...2...3...4...5...6...7...8...9...10	Bounce #7 added RGB(238, 205, 136)
0...1...2...3...4...5...6...7...8...9...10	Bounce #8 added RGB(112, 96, 63)
0...1...2...3...4...5...6...7...8...9...10	Bounce #9 added RGB(53, 45, 29)
0...1...2...3...4...5...6...7...8...9...10	Bounce #10 added RGB(25, 21, 13)
0...1...2...3...4...5...6...7...8...9...10	Bounce #11 added RGB(12, 10, 6)
0...1...2...3...4...5...6...7...8...9...10	Bounce #12 added RGB(6, 5, 3)
0...1...2...3...4...5...6...7...8...9...10	Bounce #13 added RGB(3, 2, 1)
0...1...2...3...4...5...6...7...8...9...10	Bounce #14 added RGB(1, 1, 1)
0...1...2...3...4...5...6...7...8...9...10	Bounce #15 added RGB(1, 0, 0)
Build Patch/Sample Hash Table(s).....Done<0.0056 sec>
0...1...2...3...4...5...6...7...8...9...10FinalLightFace Done
8 of 8 (100% of) surface lights went in leaf ambient cubes.
0...1...2...3...4...5...6...7...8...9...10Writing leaf ambient...done
Computing static prop lighting : 00...1...2...3...4...5...6...7...8...9...10
Ready to Finish

Object names       Objects/Maxobjs  Memory / Maxmem  Fullness 
------------       ---------------  ---------------  -------- 
models                  66/1024         3168/49152    ( 6.4%) 
brushes               1139/8192        13668/98304    (13.9%) 
brushsides           10112/65536       80896/524288   (15.4%) 
planes                7784/65536      155680/1310720  (11.9%) 
vertexes              4728/65536       56736/786432   ( 7.2%) 
nodes                 1328/65536       42496/2097152  ( 2.0%) 
texinfos               853/12288       61416/884736   ( 6.9%) 
texdata                 65/2048         2080/65536    ( 3.2%) 
dispinfos                0/0               0/0        ( 0.0%) 
disp_verts               0/0               0/0        ( 0.0%) 
disp_tris                0/0               0/0        ( 0.0%) 
disp_multiblend          0/0               0/0        ( 0.0%) 
disp_lmsamples           0/0               0/0        ( 0.0%) 
faces                 2529/65536      141624/3670016  ( 3.9%) 
hdr faces                0/65536           0/3670016  ( 0.0%) 
origfaces             2058/65536      115248/3670016  ( 3.1%) 
facebrushes            164/0             328/0        ( 0.0%) 
facebrushlists        2529/0           10116/0        ( 0.0%) 
leaves                1395/65536       44640/2097152  ( 2.1%) 
leaffaces             3223/65536        6446/131072   ( 4.9%) 
leafbrushes           2109/65536        4218/131072   ( 3.2%) 
areas                    9/256            72/2048     ( 3.5%) 
surfedges            19774/512000      79096/2048000  ( 3.9%) 
edges                12015/256000      48060/1024000  ( 4.7%) 
LDR worldlights         24/8192         2400/819200   ( 0.3%) 
HDR worldlights          0/8192            0/819200   ( 0.0%) 
leafwaterdata            1/32768          12/393216   ( 0.0%) 
waterstrips            238/32768        2380/327680   ( 0.7%) 
waterverts               0/65536           0/786432   ( 0.0%) 
waterindices          4101/65536        8202/131072   ( 6.3%) 
cubemapsamples           5/1024           80/16384    ( 0.5%) 
overlays                61/512         21472/180224   (11.9%) 
LDR lightdata         [variable]     1703904/0        ( 0.0%) 
HDR lightdata         [variable]           0/0        ( 0.0%) 
visdata               [variable]       39173/16777216 ( 0.2%) 
entdata               [variable]      154395/393216   (39.3%) 
LDR ambient table     1395/65536        5580/262144   ( 2.1%) 
HDR ambient table     1395/65536        5580/262144   ( 2.1%) 
LDR leaf ambient      5625/65536      157500/1835008  ( 8.6%) 
HDR leaf ambient      1395/65536       39060/1835008  ( 2.1%) 
occluders                0/0               0/0        ( 0.0%) 
occluder polygons        0/0               0/0        ( 0.0%) 
occluder vert ind        0/0               0/0        ( 0.0%) 
detail props          [variable]           1/12       ( 8.3%) 
static props          [variable]           1/31818    ( 0.0%) 
pakfile               [variable]     3257409/0        ( 0.0%) 
physics               [variable]      426523/4194304  (10.2%) 
physics terrain       [variable]           2/1048576  ( 0.0%) 

Level flags = 1

Total triangle count: 6562
Writing d:\steamlibrary\steamapps\common\portal 2\portal2_dlc3\maps\sp_a1_intro5.bsp
31 seconds elapsed



[Reading texlights from 'lights.rad']
[59 texlights parsed from 'lights.rad']

Loading d:\steamlibrary\steamapps\common\portal 2\portal2_dlc3\maps\sp_a1_intro5.bsp
Loaded alpha texture materials\models\props_foliage\leaves_dead.vtf
Loaded alpha texture materials\Metal\metalgrate018.vtf
Loaded alpha texture materials\Metal\metalgrate018b.vtf
Loaded alpha texture materials\Tools\toolsinvisible.vtf
2529 faces
289694 square feet [41716036.00 square inches]
0 Displacements
0 Square Feet [0.00 Square Inches]
2529 patches before subdivision
zero area child patch
26709 patches after subdivision
24 direct lights
0...1...2...3...4...5...6...7...8...9...100...1...2...3...4...5...6...7...8...9...10transfers 2642417, max 565
transfer lists:  20.2 megs
0...1...2...3...4...5...6...7...8...9...10	Bounce #1 added RGB(27900, 25298, 18814)
0...1...2...3...4...5...6...7...8...9...10	Bounce #2 added RGB(11137, 9953, 7203)
0...1...2...3...4...5...6...7...8...9...10	Bounce #3 added RGB(5112, 4531, 3210)
0...1...2...3...4...5...6...7...8...9...10	Bounce #4 added RGB(2319, 2038, 1418)
0...1...2...3...4...5...6...7...8...9...10	Bounce #5 added RGB(1086, 947, 649)
0...1...2...3...4...5...6...7...8...9...10	Bounce #6 added RGB(507, 439, 296)
0...1...2...3...4...5...6...7...8...9...10	Bounce #7 added RGB(238, 205, 136)
0...1...2...3...4...5...6...7...8...9...10	Bounce #8 added RGB(112, 96, 63)
0...1...2...3...4...5...6...7...8...9...10	Bounce #9 added RGB(53, 45, 29)
0...1...2...3...4...5...6...7...8...9...10	Bounce #10 added RGB(25, 21, 13)
0...1...2...3...4...5...6...7...8...9...10	Bounce #11 added RGB(12, 10, 6)
0...1...2...3...4...5...6...7...8...9...10	Bounce #12 added RGB(6, 5, 3)
0...1...2...3...4...5...6...7...8...9...10	Bounce #13 added RGB(3, 2, 1)
0...1...2...3...4...5...6...7...8...9...10	Bounce #14 added RGB(1, 1, 1)
0...1...2...3...4...5...6...7...8...9...10	Bounce #15 added RGB(1, 0, 0)
Build Patch/Sample Hash Table(s).....Done<0.0058 sec>
0...1...2...3...4...5...6...7...8...9...10FinalLightFace Done
8 of 8 (100% of) surface lights went in leaf ambient cubes.
0...1...2...3...4...5...6...7...8...9...10Writing leaf ambient...done
Computing static prop lighting : 00...1...2...3...4...5...6...7...8...9...10
Ready to Finish

Object names       Objects/Maxobjs  Memory / Maxmem  Fullness 
------------       ---------------  ---------------  -------- 
models                  66/1024         3168/49152    ( 6.4%) 
brushes               1139/8192        13668/98304    (13.9%) 
brushsides           10112/65536       80896/524288   (15.4%) 
planes                7784/65536      155680/1310720  (11.9%) 
vertexes              4728/65536       56736/786432   ( 7.2%) 
nodes                 1328/65536       42496/2097152  ( 2.0%) 
texinfos               853/12288       61416/884736   ( 6.9%) 
texdata                 65/2048         2080/65536    ( 3.2%) 
dispinfos                0/0               0/0        ( 0.0%) 
disp_verts               0/0               0/0        ( 0.0%) 
disp_tris                0/0               0/0        ( 0.0%) 
disp_multiblend          0/0               0/0        ( 0.0%) 
disp_lmsamples           0/0               0/0        ( 0.0%) 
faces                 2529/65536      141624/3670016  ( 3.9%) 
hdr faces             2529/65536      141624/3670016  ( 3.9%) 
origfaces             2058/65536      115248/3670016  ( 3.1%) 
facebrushes            164/0             328/0        ( 0.0%) 
facebrushlists        2529/0           10116/0        ( 0.0%) 
leaves                1395/65536       44640/2097152  ( 2.1%) 
leaffaces             3223/65536        6446/131072   ( 4.9%) 
leafbrushes           2109/65536        4218/131072   ( 3.2%) 
areas                    9/256            72/2048     ( 3.5%) 
surfedges            19774/512000      79096/2048000  ( 3.9%) 
edges                12015/256000      48060/1024000  ( 4.7%) 
LDR worldlights         24/8192         2400/819200   ( 0.3%) 
HDR worldlights         24/8192         2400/819200   ( 0.3%) 
leafwaterdata            1/32768          12/393216   ( 0.0%) 
waterstrips            238/32768        2380/327680   ( 0.7%) 
waterverts               0/65536           0/786432   ( 0.0%) 
waterindices          4101/65536        8202/131072   ( 6.3%) 
cubemapsamples           5/1024           80/16384    ( 0.5%) 
overlays                61/512         21472/180224   (11.9%) 
LDR lightdata         [variable]     1703904/0        ( 0.0%) 
HDR lightdata         [variable]     1703904/0        ( 0.0%) 
visdata               [variable]       39173/16777216 ( 0.2%) 
entdata               [variable]      154395/393216   (39.3%) 
LDR ambient table     1395/65536        5580/262144   ( 2.1%) 
HDR ambient table     1395/65536        5580/262144   ( 2.1%) 
LDR leaf ambient      5625/65536      157500/1835008  ( 8.6%) 
HDR leaf ambient      5625/65536      157500/1835008  ( 8.6%) 
occluders                0/0               0/0        ( 0.0%) 
occluder polygons        0/0               0/0        ( 0.0%) 
occluder vert ind        0/0               0/0        ( 0.0%) 
detail props          [variable]           1/12       ( 8.3%) 
static props          [variable]           1/31818    ( 0.0%) 
pakfile               [variable]     6069589/0        ( 0.0%) 
physics               [variable]      426523/4194304  (10.2%) 
physics terrain       [variable]           2/1048576  ( 0.0%) 

Level flags = 3

Total triangle count: 6562
Writing d:\steamlibrary\steamapps\common\portal 2\portal2_dlc3\maps\sp_a1_intro5.bsp
31 seconds elapsed



materialPath: D:\SteamLibrary\steamapps\common\Portal 2\portal2\materials
Loading d:\steamlibrary\steamapps\common\portal 2\portal2_dlc3\maps\sp_a1_intro5.vmf
ConVarRef gpu_level doesn't point to an existing ConVar
fixing up env_cubemap materials on brush sides...
0...1...2...3...4...5...6...7...8...9...100...1...2...3...4...5...6...7...8...9...10Processing areas...done (0)
Building Faces...done (0)
Chop Details...done (0)
Find Visible Detail Sides...
Merged 210 detail faces...done (0)
Merging details...done (0)
FixTjuncs...
PruneNodes...
WriteBSP...
done (0)
writing d:\steamlibrary\steamapps\common\portal 2\portal2_dlc3\maps\sp_a1_intro5.prt...Building visibility clusters...
done (0)
Finding displacement neighbors...
Finding lightmap sample positions...
Displacement Alpha : 0...1...2...3...4...5...6...7...8...9...10
Building Physics collision data...
done (1) (426523 bytes)
Encountered obsolete static prop option to do its fade in screen space @ -288.00 -32.00 1005.47
Encountered obsolete static prop option to do its fade in screen space @ -352.00 -512.00 903.17
Encountered obsolete static prop option to do its fade in screen space @ 0.00 -912.00 320.00
Encountered obsolete static prop option to do its fade in screen space @ 0.00 -880.00 320.00
Encountered obsolete static prop option to do its fade in screen space @ -64.00 752.00 448.00
Encountered obsolete static prop option to do its fade in screen space @ -64.00 784.00 448.00
Placing detail props : 0...1...2...3...4...5...6...7...8...9...10
Compacting texture/material tables...
Reduced 1584 texinfos to 853
Reduced 68 texdatas to 65 (1919 bytes to 1815)
Writing d:\steamlibrary\steamapps\common\portal 2\portal2_dlc3\maps\sp_a1_intro5.bsp

nummapplanes:     (  7784 / 65536 )
nummapbrushes:    (  1139 /  8192 )
nummapbrushsides: ( 10025 / 65536 )
num_map_overlays: (    61 /   512 )
nummodels:        (    66 /  1024 )
num_entities:     (   416 / 16384 )

1 second elapsed



12 threads
reading d:\steamlibrary\steamapps\common\portal 2\portal2_dlc3\maps\sp_a1_intro5.bsp
reading d:\steamlibrary\steamapps\common\portal 2\portal2_dlc3\maps\sp_a1_intro5.prt
 390 portalclusters
1083 numportals
0...1...2...3...4...5...6...7...8...9...100...1...2...3...4...5...6...7...8...9...10Optimized: 602 visible clusters (0.00%)
Total clusters visible: 82296
Average clusters visible: 211
Building PAS...
Average clusters audible: 372
visdatasize:39173  compressed from 43680
writing d:\steamlibrary\steamapps\common\portal 2\portal2_dlc3\maps\sp_a1_intro5.bsp
1 second elapsed



[Reading texlights from 'lights.rad']
[59 texlights parsed from 'lights.rad']

Loading d:\steamlibrary\steamapps\common\portal 2\portal2_dlc3\maps\sp_a1_intro5.bsp
Loaded alpha texture materials\models\props_foliage\leaves_dead.vtf
Loaded alpha texture materials\Metal\metalgrate018.vtf
Loaded alpha texture materials\Metal\metalgrate018b.vtf
Loaded alpha texture materials\Tools\toolsinvisible.vtf
2529 faces
289694 square feet [41716036.00 square inches]
0 Displacements
0 Square Feet [0.00 Square Inches]
2529 patches before subdivision
zero area child patch
26709 patches after subdivision
24 direct lights
0...1...2...3...4...5...6...7...8...9...100...1...2...3...4...5...6...7...8...9...10transfers 2642417, max 565
transfer lists:  20.2 megs
0...1...2...3...4...5...6...7...8...9...10	Bounce #1 added RGB(27900, 25298, 18814)
0...1...2...3...4...5...6...7...8...9...10	Bounce #2 added RGB(11137, 9953, 7203)
0...1...2...3...4...5...6...7...8...9...10	Bounce #3 added RGB(5112, 4531, 3210)
0...1...2...3...4...5...6...7...8...9...10	Bounce #4 added RGB(2319, 2038, 1418)
0...1...2...3...4...5...6...7...8...9...10	Bounce #5 added RGB(1086, 947, 649)
0...1...2...3...4...5...6...7...8...9...10	Bounce #6 added RGB(507, 439, 296)
0...1...2...3...4...5...6...7...8...9...10	Bounce #7 added RGB(238, 205, 136)
0...1...2...3...4...5...6...7...8...9...10	Bounce #8 added RGB(112, 96, 63)
0...1...2...3...4...5...6...7...8...9...10	Bounce #9 added RGB(53, 45, 29)
0...1...2...3...4...5...6...7...8...9...10	Bounce #10 added RGB(25, 21, 13)
0...1...2...3...4...5...6...7...8...9...10	Bounce #11 added RGB(12, 10, 6)
0...1...2...3...4...5...6...7...8...9...10	Bounce #12 added RGB(6, 5, 3)
0...1...2...3...4...5...6...7...8...9...10	Bounce #13 added RGB(3, 2, 1)
0...1...2...3...4...5...6...7...8...9...10	Bounce #14 added RGB(1, 1, 1)
0...1...2...3...4...5...6...7...8...9...10	Bounce #15 added RGB(1, 0, 0)
Build Patch/Sample Hash Table(s).....Done<0.0055 sec>
0...1...2...3...4...5...6...7...8...9...10FinalLightFace Done
8 of 8 (100% of) surface lights went in leaf ambient cubes.
0...1...2...3...4...5...6...7...8...9...10Writing leaf ambient...done
Computing static prop lighting : 00...1...2...3...4...5...6...7...8...9...10
Ready to Finish

Object names       Objects/Maxobjs  Memory / Maxmem  Fullness 
------------       ---------------  ---------------  -------- 
models                  66/1024         3168/49152    ( 6.4%) 
brushes               1139/8192        13668/98304    (13.9%) 
brushsides           10112/65536       80896/524288   (15.4%) 
planes                7784/65536      155680/1310720  (11.9%) 
vertexes              4728/65536       56736/786432   ( 7.2%) 
nodes                 1328/65536       42496/2097152  ( 2.0%) 
texinfos               853/12288       61416/884736   ( 6.9%) 
texdata                 65/2048         2080/65536    ( 3.2%) 
dispinfos                0/0               0/0        ( 0.0%) 
disp_verts               0/0               0/0        ( 0.0%) 
disp_tris                0/0               0/0        ( 0.0%) 
disp_multiblend          0/0               0/0        ( 0.0%) 
disp_lmsamples           0/0               0/0        ( 0.0%) 
faces                 2529/65536      141624/3670016  ( 3.9%) 
hdr faces                0/65536           0/3670016  ( 0.0%) 
origfaces             2058/65536      115248/3670016  ( 3.1%) 
facebrushes            164/0             328/0        ( 0.0%) 
facebrushlists        2529/0           10116/0        ( 0.0%) 
leaves                1395/65536       44640/2097152  ( 2.1%) 
leaffaces             3223/65536        6446/131072   ( 4.9%) 
leafbrushes           2109/65536        4218/131072   ( 3.2%) 
areas                    9/256            72/2048     ( 3.5%) 
surfedges            19774/512000      79096/2048000  ( 3.9%) 
edges                12015/256000      48060/1024000  ( 4.7%) 
LDR worldlights         24/8192         2400/819200   ( 0.3%) 
HDR worldlights          0/8192            0/819200   ( 0.0%) 
leafwaterdata            1/32768          12/393216   ( 0.0%) 
waterstrips            238/32768        2380/327680   ( 0.7%) 
waterverts               0/65536           0/786432   ( 0.0%) 
waterindices          4101/65536        8202/131072   ( 6.3%) 
cubemapsamples           5/1024           80/16384    ( 0.5%) 
overlays                61/512         21472/180224   (11.9%) 
LDR lightdata         [variable]     1703904/0        ( 0.0%) 
HDR lightdata         [variable]           0/0        ( 0.0%) 
visdata               [variable]       39173/16777216 ( 0.2%) 
entdata               [variable]      154643/393216   (39.3%) 
LDR ambient table     1395/65536        5580/262144   ( 2.1%) 
HDR ambient table     1395/65536        5580/262144   ( 2.1%) 
LDR leaf ambient      5625/65536      157500/1835008  ( 8.6%) 
HDR leaf ambient      1395/65536       39060/1835008  ( 2.1%) 
occluders                0/0               0/0        ( 0.0%) 
occluder polygons        0/0               0/0        ( 0.0%) 
occluder vert ind        0/0               0/0        ( 0.0%) 
detail props          [variable]           1/12       ( 8.3%) 
static props          [variable]           1/31818    ( 0.0%) 
pakfile               [variable]     3257409/0        ( 0.0%) 
physics               [variable]      426523/4194304  (10.2%) 
physics terrain       [variable]           2/1048576  ( 0.0%) 

Level flags = 1

Total triangle count: 6562
Writing d:\steamlibrary\steamapps\common\portal 2\portal2_dlc3\maps\sp_a1_intro5.bsp
31 seconds elapsed



[Reading texlights from 'lights.rad']
[59 texlights parsed from 'lights.rad']

Loading d:\steamlibrary\steamapps\common\portal 2\portal2_dlc3\maps\sp_a1_intro5.bsp
Loaded alpha texture materials\models\props_foliage\leaves_dead.vtf
Loaded alpha texture materials\Metal\metalgrate018.vtf
Loaded alpha texture materials\Metal\metalgrate018b.vtf
Loaded alpha texture materials\Tools\toolsinvisible.vtf
2529 faces
289694 square feet [41716036.00 square inches]
0 Displacements
0 Square Feet [0.00 Square Inches]
2529 patches before subdivision
zero area child patch
26709 patches after subdivision
24 direct lights
0...1...2...3...4...5...6...7...8...9...100...1...2...3...4...5...6...7...8...9...10transfers 2642417, max 565
transfer lists:  20.2 megs
0...1...2...3...4...5...6...7...8...9...10	Bounce #1 added RGB(27900, 25298, 18814)
0...1...2...3...4...5...6...7...8...9...10	Bounce #2 added RGB(11137, 9953, 7203)
0...1...2...3...4...5...6...7...8...9...10	Bounce #3 added RGB(5112, 4531, 3210)
0...1...2...3...4...5...6...7...8...9...10	Bounce #4 added RGB(2319, 2038, 1418)
0...1...2...3...4...5...6...7...8...9...10	Bounce #5 added RGB(1086, 947, 649)
0...1...2...3...4...5...6...7...8...9...10	Bounce #6 added RGB(507, 439, 296)
0...1...2...3...4...5...6...7...8...9...10	Bounce #7 added RGB(238, 205, 136)
0...1...2...3...4...5...6...7...8...9...10	Bounce #8 added RGB(112, 96, 63)
0...1...2...3...4...5...6...7...8...9...10	Bounce #9 added RGB(53, 45, 29)
0...1...2...3...4...5...6...7...8...9...10	Bounce #10 added RGB(25, 21, 13)
0...1...2...3...4...5...6...7...8...9...10	Bounce #11 added RGB(12, 10, 6)
0...1...2...3...4...5...6...7...8...9...10	Bounce #12 added RGB(6, 5, 3)
0...1...2...3...4...5...6...7...8...9...10	Bounce #13 added RGB(3, 2, 1)
0...1...2...3...4...5...6...7...8...9...10	Bounce #14 added RGB(1, 1, 1)
0...1...2...3...4...5...6...7...8...9...10	Bounce #15 added RGB(1, 0, 0)
Build Patch/Sample Hash Table(s).....Done<0.0058 sec>
0...1...2...3...4...5...6...7...8...9...10FinalLightFace Done
8 of 8 (100% of) surface lights went in leaf ambient cubes.
0...1...2...3...4...5...6...7...8...9...10Writing leaf ambient...done
Computing static prop lighting : 00...1...2...3...4...5...6...7...8...9...10
Ready to Finish

Object names       Objects/Maxobjs  Memory / Maxmem  Fullness 
------------       ---------------  ---------------  -------- 
models                  66/1024         3168/49152    ( 6.4%) 
brushes               1139/8192        13668/98304    (13.9%) 
brushsides           10112/65536       80896/524288   (15.4%) 
planes                7784/65536      155680/1310720  (11.9%) 
vertexes              4728/65536       56736/786432   ( 7.2%) 
nodes                 1328/65536       42496/2097152  ( 2.0%) 
texinfos               853/12288       61416/884736   ( 6.9%) 
texdata                 65/2048         2080/65536    ( 3.2%) 
dispinfos                0/0               0/0        ( 0.0%) 
disp_verts               0/0               0/0        ( 0.0%) 
disp_tris                0/0               0/0        ( 0.0%) 
disp_multiblend          0/0               0/0        ( 0.0%) 
disp_lmsamples           0/0               0/0        ( 0.0%) 
faces                 2529/65536      141624/3670016  ( 3.9%) 
hdr faces             2529/65536      141624/3670016  ( 3.9%) 
origfaces             2058/65536      115248/3670016  ( 3.1%) 
facebrushes            164/0             328/0        ( 0.0%) 
facebrushlists        2529/0           10116/0        ( 0.0%) 
leaves                1395/65536       44640/2097152  ( 2.1%) 
leaffaces             3223/65536        6446/131072   ( 4.9%) 
leafbrushes           2109/65536        4218/131072   ( 3.2%) 
areas                    9/256            72/2048     ( 3.5%) 
surfedges            19774/512000      79096/2048000  ( 3.9%) 
edges                12015/256000      48060/1024000  ( 4.7%) 
LDR worldlights         24/8192         2400/819200   ( 0.3%) 
HDR worldlights         24/8192         2400/819200   ( 0.3%) 
leafwaterdata            1/32768          12/393216   ( 0.0%) 
waterstrips            238/32768        2380/327680   ( 0.7%) 
waterverts               0/65536           0/786432   ( 0.0%) 
waterindices          4101/65536        8202/131072   ( 6.3%) 
cubemapsamples           5/1024           80/16384    ( 0.5%) 
overlays                61/512         21472/180224   (11.9%) 
LDR lightdata         [variable]     1703904/0        ( 0.0%) 
HDR lightdata         [variable]     1703904/0        ( 0.0%) 
visdata               [variable]       39173/16777216 ( 0.2%) 
entdata               [variable]      154643/393216   (39.3%) 
LDR ambient table     1395/65536        5580/262144   ( 2.1%) 
HDR ambient table     1395/65536        5580/262144   ( 2.1%) 
LDR leaf ambient      5625/65536      157500/1835008  ( 8.6%) 
HDR leaf ambient      5625/65536      157500/1835008  ( 8.6%) 
occluders                0/0               0/0        ( 0.0%) 
occluder polygons        0/0               0/0        ( 0.0%) 
occluder vert ind        0/0               0/0        ( 0.0%) 
detail props          [variable]           1/12       ( 8.3%) 
static props          [variable]           1/31818    ( 0.0%) 
pakfile               [variable]     6069589/0        ( 0.0%) 
physics               [variable]      426523/4194304  (10.2%) 
physics terrain       [variable]           2/1048576  ( 0.0%) 

Level flags = 3

Total triangle count: 6562
Writing d:\steamlibrary\steamapps\common\portal 2\portal2_dlc3\maps\sp_a1_intro5.bsp
31 seconds elapsed
