PRT1
312
683
4 0 16 (1024 2048 -896 ) (1024 2048 -128 ) (1024 2368 -128 ) (1024 2368 -896 ) 
4 0 14 (1024 2048 -128 ) (1024 2048 128 ) (1024 2368 128 ) (1024 2368 -128 ) 
4 0 13 (1024 2048 128 ) (1024 2048 192 ) (1024 2368 192 ) (1024 2368 128 ) 
4 0 12 (1024 2048 192 ) (1024 2048 768 ) (1024 2368 768 ) (1024 2368 192 ) 
4 0 11 (1024 2048 -768 ) (1024 2048 -896 ) (1136 2048 -896 ) (1136 2048 -768 ) 
4 0 9 (1136 2048 768 ) (1024 2048 768 ) (1024 2048 -768 ) (1136 2048 -768 ) 
4 0 4 (1184 2048 -896 ) (1184 2048 -768 ) (1136 2048 -768 ) (1136 2048 -896 ) 
4 0 2 (1184 2048 -768 ) (1184 2048 768 ) (1136 2048 768 ) (1136 2048 -768 ) 
4 1 167 (1536 1024 896 ) (1424 1024 896 ) (1424 1024 -768 ) (1536 1024 -768 ) 
4 1 5 (1424 1104 -768 ) (1424 1024 -768 ) (1424 1024 416 ) (1424 1104 416 ) 
4 1 3 (1424 1216 -768 ) (1424 1104 -768 ) (1424 1104 896 ) (1424 1216 896 ) 
4 2 9 (1136 2048 768 ) (1136 2048 -768 ) (1136 1856 -768 ) (1136 1856 768 ) 
4 2 4 (1136 1856 -768 ) (1136 2048 -768 ) (1184 2048 -768 ) (1184 1856 -768 ) 
4 3 10 (1136 1104 -768 ) (1136 1104 896 ) (1136 1216 896 ) (1136 1216 -768 ) 
4 3 7 (1136 1104 416 ) (1136 1104 -768 ) (1408 1104 -768 ) (1408 1104 416 ) 
4 3 5 (1408 1104 -768 ) (1424 1104 -768 ) (1424 1104 416 ) (1408 1104 416 ) 
4 4 11 (1136 1856 -768 ) (1136 2048 -768 ) (1136 2048 -896 ) (1136 1856 -896 ) 
4 5 169 (1424 1024 -768 ) (1424 1024 416 ) (1408 1024 416 ) (1408 1024 -768 ) 
4 5 7 (1408 1104 416 ) (1408 1104 -768 ) (1408 1024 -768 ) (1408 1024 416 ) 
4 6 170 (1408 1024 416 ) (1408 1024 4688 ) (1152 1024 4688 ) (1152 1024 416 ) 
4 6 7 (1408 1088 416 ) (1408 1024 416 ) (1152 1024 416 ) (1152 1088 416 ) 
4 7 171 (1152 1024 416 ) (1136 1024 416 ) (1136 1024 -768 ) (1152 1024 -768 ) 
4 7 170 (1408 1024 -768 ) (1408 1024 416 ) (1152 1024 416 ) (1152 1024 -768 ) 
4 7 10 (1136 1024 -768 ) (1136 1024 416 ) (1136 1104 416 ) (1136 1104 -768 ) 
4 7 8 (1152 1088 -768 ) (1408 1088 -768 ) (1408 1024 -768 ) (1152 1024 -768 ) 
4 8 174 (1408 1024 -1456 ) (1408 1024 -768 ) (1152 1024 -768 ) (1152 1024 -1456 ) 
4 9 58 (1024 2048 128 ) (1024 2048 -768 ) (1024 1856 -768 ) (1024 1856 128 ) 
4 9 43 (1024 2048 256 ) (1024 2048 128 ) (1024 1856 128 ) (1024 1856 256 ) 
4 9 30 (1024 2048 384 ) (1024 2048 256 ) (1024 1856 256 ) (1024 1856 384 ) 
4 9 27 (1024 2048 768 ) (1024 2048 384 ) (1024 1856 384 ) (1024 1856 768 ) 
4 9 11 (1024 1856 -768 ) (1024 2048 -768 ) (1136 2048 -768 ) (1136 1856 -768 ) 
4 10 175 (1136 1024 -768 ) (1136 1024 896 ) (1024 1024 896 ) (1024 1024 -768 ) 
4 10 59 (1024 1024 -768 ) (1024 1024 128 ) (1024 1216 128 ) (1024 1216 -768 ) 
4 10 49 (1024 1024 128 ) (1024 1024 256 ) (1024 1056 256 ) (1024 1056 128 ) 
4 10 45 (1024 1056 256 ) (1024 1152 256 ) (1024 1152 128 ) (1024 1056 128 ) 
4 10 44 (1024 1152 256 ) (1024 1216 256 ) (1024 1216 128 ) (1024 1152 128 ) 
4 10 39 (1024 1024 256 ) (1024 1024 320 ) (1024 1056 320 ) (1024 1056 256 ) 
4 10 36 (1024 1024 320 ) (1024 1024 384 ) (1024 1056 384 ) (1024 1056 320 ) 
4 10 33 (1024 1056 384 ) (1024 1152 384 ) (1024 1152 256 ) (1024 1056 256 ) 
4 10 31 (1024 1152 384 ) (1024 1216 384 ) (1024 1216 256 ) (1024 1152 256 ) 
4 10 28 (1024 1024 384 ) (1024 1024 896 ) (1024 1216 896 ) (1024 1216 384 ) 
4 11 62 (1024 1856 -768 ) (1024 2048 -768 ) (1024 2048 -896 ) (1024 1856 -896 ) 
4 12 43 (1024 2048 192 ) (1024 2048 256 ) (608 2048 256 ) (608 2048 192 ) 
4 12 30 (1024 2048 256 ) (1024 2048 384 ) (608 2048 384 ) (608 2048 256 ) 
4 12 27 (1024 2048 384 ) (1024 2048 768 ) (608 2048 768 ) (608 2048 384 ) 
4 12 13 (1024 2048 192 ) (608 2048 192 ) (608 2368 192 ) (1024 2368 192 ) 
4 13 43 (1024 2048 128 ) (1024 2048 192 ) (608 2048 192 ) (608 2048 128 ) 
4 13 14 (608 2368 128 ) (1024 2368 128 ) (1024 2048 128 ) (608 2048 128 ) 
4 14 63 (768 2048 128 ) (608 2048 128 ) (608 2048 -128 ) (768 2048 -128 ) 
4 14 61 (768 2048 0 ) (768 2048 -128 ) (960 2048 -128 ) (960 2048 0 ) 
4 14 60 (960 2048 128 ) (768 2048 128 ) (768 2048 0 ) (960 2048 0 ) 
4 14 58 (1024 2048 -128 ) (1024 2048 128 ) (960 2048 128 ) (960 2048 -128 ) 
4 14 16 (1024 2048 -128 ) (608 2048 -128 ) (608 2368 -128 ) (1024 2368 -128 ) 
4 14 15 (608 2176 -128 ) (608 2048 -128 ) (608 2048 128 ) (608 2176 128 ) 
4 15 20 (416 2048 0 ) (416 2048 128 ) (416 2176 128 ) (416 2176 0 ) 
4 16 63 (768 2048 -128 ) (608 2048 -128 ) (608 2048 -896 ) (768 2048 -896 ) 
4 16 62 (1024 2048 -896 ) (1024 2048 -768 ) (768 2048 -768 ) (768 2048 -896 ) 
4 16 61 (960 2048 -128 ) (768 2048 -128 ) (768 2048 -768 ) (960 2048 -768 ) 
4 16 58 (1024 2048 -768 ) (1024 2048 -128 ) (960 2048 -128 ) (960 2048 -768 ) 
4 17 18 (352 2176 192 ) (416 2176 192 ) (416 2048 192 ) (352 2048 192 ) 
4 18 78 (416 2048 128 ) (416 2048 192 ) (352 2048 192 ) (352 2048 128 ) 
4 18 19 (352 2208 128 ) (416 2208 128 ) (416 2176 128 ) (352 2176 128 ) 
4 18 20 (416 2176 128 ) (416 2048 128 ) (352 2048 128 ) (352 2176 128 ) 
4 19 20 (352 2176 0 ) (416 2176 0 ) (416 2176 128 ) (352 2176 128 ) 
4 20 85 (416 2048 0 ) (416 2048 128 ) (352 2048 128 ) (352 2048 0 ) 
4 20 22 (288 2048 0 ) (288 2048 128 ) (288 2176 128 ) (288 2176 0 ) 
4 21 79 (0 2048 192 ) (0 2048 128 ) (256 2048 128 ) (256 2048 192 ) 
4 21 77 (256 2048 256 ) (0 2048 256 ) (0 2048 192 ) (256 2048 192 ) 
4 21 25 (0 2048 128 ) (0 2048 256 ) (0 2208 256 ) (0 2208 128 ) 
4 21 24 (0 2048 128 ) (0 2208 128 ) (256 2208 128 ) (256 2048 128 ) 
4 22 86 (288 2048 0 ) (288 2048 128 ) (274 2048 128 ) (274 2048 0 ) 
4 22 23 (274 2048 128 ) (274 2208 128 ) (274 2208 0 ) (274 2048 0 ) 
4 23 87 (274 2048 128 ) (273 2048 128 ) (273 2048 0 ) (274 2048 0 ) 
4 23 24 (273 2048 128 ) (273 2208 128 ) (273 2208 0 ) (273 2048 0 ) 
4 24 88 (273 2048 128 ) (0 2048 128 ) (0 2048 0 ) (273 2048 0 ) 
4 24 25 (0 2048 0 ) (0 2048 128 ) (0 2208 128 ) (0 2208 0 ) 
4 25 103 (0 2048 0 ) (0 2048 256 ) (-64 2048 256 ) (-64 2048 0 ) 
4 25 26 (-64 2081 223 ) (-64 2175 223 ) (-64 2175 33 ) (-64 2081 33 ) 
4 27 30 (608 2048 384 ) (1024 2048 384 ) (1024 1856 384 ) (608 1856 384 ) 
4 28 176 (1024 1024 384 ) (1024 1024 896 ) (960 1024 896 ) (960 1024 384 ) 
4 28 36 (1024 1056 384 ) (1024 1024 384 ) (960 1024 384 ) (960 1056 384 ) 
4 28 33 (1024 1152 384 ) (1024 1056 384 ) (960 1056 384 ) (960 1152 384 ) 
4 28 31 (1024 1216 384 ) (1024 1152 384 ) (960 1152 384 ) (960 1216 384 ) 
4 29 177 (576 1024 1040 ) (576 1024 528 ) (895 1024 528 ) (895 1024 1040 ) 
4 30 43 (608 2048 256 ) (1024 2048 256 ) (1024 1856 256 ) (608 1856 256 ) 
4 31 44 (1024 1216 256 ) (1024 1152 256 ) (960 1152 256 ) (960 1216 256 ) 
4 31 33 (960 1152 256 ) (1024 1152 256 ) (1024 1152 384 ) (960 1152 384 ) 
4 32 46 (608 1280 256 ) (656 1280 256 ) (656 1152 256 ) (608 1152 256 ) 
4 32 34 (608 1280 384 ) (608 1280 256 ) (608 1152 256 ) (608 1152 384 ) 
4 33 45 (1024 1152 256 ) (1024 1056 256 ) (960 1056 256 ) (960 1152 256 ) 
4 33 39 (960 1056 256 ) (1024 1056 256 ) (1024 1056 320 ) (960 1056 320 ) 
4 33 36 (1024 1056 320 ) (1024 1056 384 ) (960 1056 384 ) (960 1056 320 ) 
4 34 64 (576 1280 256 ) (576 1152 256 ) (576 1152 384 ) (576 1280 384 ) 
4 34 47 (576 1152 256 ) (576 1280 256 ) (608 1280 256 ) (608 1152 256 ) 
4 35 48 (576 1056 256 ) (576 1064 256 ) (608 1064 256 ) (608 1056 256 ) 
4 35 41 (576 1056 256 ) (608 1056 256 ) (608 1056 320 ) (576 1056 320 ) 
4 35 37 (608 1056 320 ) (608 1056 384 ) (576 1056 384 ) (576 1056 320 ) 
4 36 179 (1024 1024 320 ) (1024 1024 384 ) (960 1024 384 ) (960 1024 320 ) 
4 36 39 (960 1056 320 ) (1024 1056 320 ) (1024 1024 320 ) (960 1024 320 ) 
4 37 65 (576 1054 384 ) (576 1056 384 ) (576 1056 320 ) (576 1054 320 ) 
4 37 41 (576 1054 320 ) (576 1056 320 ) (608 1056 320 ) (608 1054 320 ) 
4 37 38 (576 1054 320 ) (608 1054 320 ) (608 1054 384 ) (576 1054 384 ) 
4 38 187 (608 1024 384 ) (576 1024 384 ) (576 1024 320 ) (608 1024 320 ) 
4 38 65 (576 1024 320 ) (576 1024 384 ) (576 1054 384 ) (576 1054 320 ) 
4 38 42 (576 1024 320 ) (576 1054 320 ) (608 1054 320 ) (608 1024 320 ) 
4 39 184 (1024 1024 256 ) (1024 1024 288 ) (960 1024 288 ) (960 1024 256 ) 
4 39 181 (1024 1024 288 ) (1024 1024 320 ) (960 1024 320 ) (960 1024 288 ) 
4 39 49 (1024 1024 256 ) (960 1024 256 ) (960 1056 256 ) (1024 1056 256 ) 
4 40 185 (704 1024 288 ) (704 1024 256 ) (768 1024 256 ) (768 1024 288 ) 
4 40 183 (704 1024 318 ) (704 1024 288 ) (768 1024 288 ) (768 1024 318 ) 
4 40 182 (768 1024 320 ) (704 1024 320 ) (704 1024 318 ) (768 1024 318 ) 
4 40 50 (768 1024 256 ) (704 1024 256 ) (704 1056 256 ) (768 1056 256 ) 
4 41 65 (576 1056 256 ) (576 1054 256 ) (576 1054 320 ) (576 1056 320 ) 
4 41 54 (576 1054 256 ) (576 1056 256 ) (608 1056 256 ) (608 1054 256 ) 
4 41 42 (576 1054 256 ) (608 1054 256 ) (608 1054 320 ) (576 1054 320 ) 
4 42 187 (608 1024 320 ) (576 1024 320 ) (576 1024 256 ) (608 1024 256 ) 
4 42 65 (576 1054 256 ) (576 1024 256 ) (576 1024 320 ) (576 1054 320 ) 
4 42 57 (608 1024 256 ) (576 1024 256 ) (576 1054 256 ) (608 1054 256 ) 
4 43 63 (608 2048 128 ) (768 2048 128 ) (768 1856 128 ) (608 1856 128 ) 
4 43 60 (768 2048 128 ) (960 2048 128 ) (960 1856 128 ) (768 1856 128 ) 
4 43 58 (960 2048 128 ) (1024 2048 128 ) (1024 1856 128 ) (960 1856 128 ) 
4 44 59 (1024 1216 128 ) (1024 1152 128 ) (960 1152 128 ) (960 1216 128 ) 
4 44 45 (960 1152 128 ) (1024 1152 128 ) (1024 1152 256 ) (960 1152 256 ) 
4 45 59 (1024 1152 128 ) (1024 1056 128 ) (960 1056 128 ) (960 1152 128 ) 
4 45 49 (960 1056 128 ) (1024 1056 128 ) (1024 1056 256 ) (960 1056 256 ) 
4 46 47 (608 1280 256 ) (608 1280 128 ) (608 1152 128 ) (608 1152 256 ) 
4 47 64 (576 1280 128 ) (576 1152 128 ) (576 1152 256 ) (576 1280 256 ) 
4 48 54 (576 1056 128 ) (608 1056 128 ) (608 1056 256 ) (576 1056 256 ) 
4 49 193 (1024 1024 128 ) (1024 1024 256 ) (960 1024 256 ) (960 1024 128 ) 
4 49 59 (960 1056 128 ) (1024 1056 128 ) (1024 1024 128 ) (960 1024 128 ) 
4 50 196 (768 1024 256 ) (704 1024 256 ) (704 1024 128 ) (768 1024 128 ) 
4 51 196 (696 1024 256 ) (680 1024 256 ) (680 1024 128 ) (696 1024 128 ) 
4 52 55 (623 1054 128 ) (640 1054 128 ) (640 1054 256 ) (623 1054 256 ) 
4 52 53 (623 1056 256 ) (623 1056 128 ) (623 1054 128 ) (623 1054 256 ) 
4 53 56 (622 1054 128 ) (623 1054 128 ) (623 1054 256 ) (622 1054 256 ) 
4 53 54 (622 1056 256 ) (622 1056 128 ) (622 1054 128 ) (622 1054 256 ) 
4 54 65 (576 1056 128 ) (576 1054 128 ) (576 1054 256 ) (576 1056 256 ) 
4 54 57 (576 1054 128 ) (622 1054 128 ) (622 1054 256 ) (576 1054 256 ) 
4 55 196 (640 1024 256 ) (623 1024 256 ) (623 1024 128 ) (640 1024 128 ) 
4 55 56 (623 1054 256 ) (623 1054 128 ) (623 1024 128 ) (623 1024 256 ) 
4 56 197 (623 1024 256 ) (622 1024 256 ) (622 1024 128 ) (623 1024 128 ) 
4 56 57 (622 1054 256 ) (622 1054 128 ) (622 1024 128 ) (622 1024 256 ) 
4 57 198 (622 1024 256 ) (576 1024 256 ) (576 1024 128 ) (622 1024 128 ) 
4 57 65 (576 1054 128 ) (576 1024 128 ) (576 1024 256 ) (576 1054 256 ) 
4 58 62 (960 1856 -768 ) (960 2048 -768 ) (1024 2048 -768 ) (1024 1856 -768 ) 
4 58 61 (960 2048 -768 ) (960 1856 -768 ) (960 1856 0 ) (960 2048 0 ) 
4 58 60 (960 1856 0 ) (960 1856 128 ) (960 2048 128 ) (960 2048 0 ) 
4 59 195 (1024 1024 -768 ) (1024 1024 0 ) (960 1024 0 ) (960 1024 -768 ) 
4 59 193 (1024 1024 0 ) (1024 1024 128 ) (960 1024 128 ) (960 1024 0 ) 
4 60 63 (768 1856 128 ) (768 2048 128 ) (768 2048 0 ) (768 1856 0 ) 
4 60 61 (768 1856 0 ) (768 2048 0 ) (960 2048 0 ) (960 1856 0 ) 
4 61 63 (768 1856 0 ) (768 2048 0 ) (768 2048 -768 ) (768 1856 -768 ) 
4 61 62 (768 1856 -768 ) (768 2048 -768 ) (960 2048 -768 ) (960 1856 -768 ) 
4 62 63 (768 1856 -768 ) (768 2048 -768 ) (768 2048 -896 ) (768 1856 -896 ) 
4 64 84 (544 1152 128 ) (544 1152 256 ) (544 1280 256 ) (544 1280 128 ) 
4 64 76 (544 1152 256 ) (544 1152 384 ) (544 1280 384 ) (544 1280 256 ) 
4 65 212 (576 1024 128 ) (576 1024 384 ) (544 1024 384 ) (544 1024 128 ) 
4 65 84 (544 1024 128 ) (544 1024 256 ) (544 1056 256 ) (544 1056 128 ) 
4 65 76 (544 1024 256 ) (544 1024 384 ) (544 1056 384 ) (544 1056 256 ) 
4 66 213 (576 1024 0 ) (576 1024 64 ) (548 1024 64 ) (548 1024 0 ) 
4 66 67 (548 1152 0 ) (548 1024 0 ) (548 1024 64 ) (548 1152 64 ) 
4 67 214 (548 1024 64 ) (544 1024 64 ) (544 1024 0 ) (548 1024 0 ) 
4 67 95 (544 1024 0 ) (544 1024 64 ) (544 1152 64 ) (544 1152 0 ) 
4 68 217 (544 1024 512 ) (544 1024 768 ) (542 1024 768 ) (542 1024 512 ) 
4 68 219 (542 1024 768 ) (0 1024 768 ) (0 1024 480 ) (542 1024 480 ) 
4 68 123 (0 1536 480 ) (0 1024 480 ) (0 1024 768 ) (0 1536 768 ) 
4 68 70 (0 1024 480 ) (0 1536 480 ) (544 1536 480 ) (544 1024 480 ) 
4 69 71 (544 1544 448 ) (544 1536 448 ) (288 1536 448 ) (288 1544 448 ) 
4 69 70 (32 1536 448 ) (544 1536 448 ) (544 1536 480 ) (32 1536 480 ) 
4 70 219 (542 1024 480 ) (0 1024 480 ) (0 1024 448 ) (542 1024 448 ) 
4 70 123 (0 1536 448 ) (0 1024 448 ) (0 1024 480 ) (0 1536 480 ) 
4 70 72 (544 1536 448 ) (544 1024 448 ) (0 1024 448 ) (0 1536 448 ) 
4 71 72 (544 1536 416 ) (544 1536 448 ) (288 1536 448 ) (288 1536 416 ) 
4 72 219 (542 1024 448 ) (0 1024 448 ) (0 1024 384 ) (542 1024 384 ) 
4 72 123 (0 1536 384 ) (0 1024 384 ) (0 1024 448 ) (0 1536 448 ) 
4 72 76 (0 1024 384 ) (0 1536 384 ) (544 1536 384 ) (544 1024 384 ) 
4 73 75 (224 1568 256 ) (416 1568 256 ) (416 1568 384 ) (224 1568 384 ) 
4 74 101 (0 1600 256 ) (0 1568 256 ) (0 1568 264 ) (0 1600 264 ) 
4 74 82 (0 1568 256 ) (0 1600 256 ) (96 1600 256 ) (96 1568 256 ) 
4 75 76 (224 1536 256 ) (416 1536 256 ) (416 1536 384 ) (224 1536 384 ) 
4 76 220 (544 1024 256 ) (544 1024 384 ) (416 1024 384 ) (416 1024 256 ) 
4 76 224 (416 1024 384 ) (0 1024 384 ) (0 1024 256 ) (416 1024 256 ) 
4 76 123 (0 1536 256 ) (0 1024 256 ) (0 1024 384 ) (0 1536 384 ) 
4 76 84 (0 1024 256 ) (0 1536 256 ) (544 1536 256 ) (544 1024 256 ) 
4 77 103 (0 2048 256 ) (0 2048 192 ) (0 2016 192 ) (0 2016 256 ) 
4 77 81 (128 2016 256 ) (0 2016 256 ) (0 2016 192 ) (128 2016 192 ) 
4 77 79 (256 2016 192 ) (0 2016 192 ) (0 2048 192 ) (256 2048 192 ) 
4 78 85 (352 2048 128 ) (416 2048 128 ) (416 2016 128 ) (352 2016 128 ) 
4 79 103 (0 2048 192 ) (0 2048 128 ) (0 2016 128 ) (0 2016 192 ) 
4 79 88 (0 2016 128 ) (0 2048 128 ) (256 2048 128 ) (256 2016 128 ) 
4 79 81 (0 2016 128 ) (128 2016 128 ) (128 2016 192 ) (0 2016 192 ) 
4 80 89 (136 1568 128 ) (128 1568 128 ) (128 1600 128 ) (136 1600 128 ) 
4 80 82 (128 1600 128 ) (128 1568 128 ) (128 1568 256 ) (128 1600 256 ) 
4 81 104 (0 2016 128 ) (0 1984 128 ) (0 1984 256 ) (0 2016 256 ) 
4 81 90 (0 1984 128 ) (0 2016 128 ) (128 2016 128 ) (128 1984 128 ) 
4 81 82 (0 1984 128 ) (128 1984 128 ) (128 1984 256 ) (0 1984 256 ) 
4 82 105 (0 1984 128 ) (0 1568 128 ) (0 1568 256 ) (0 1984 256 ) 
4 82 91 (0 1568 128 ) (0 1984 128 ) (128 1984 128 ) (128 1568 128 ) 
4 82 83 (0 1568 128 ) (96 1568 128 ) (96 1568 192 ) (0 1568 192 ) 
4 83 113 (0 1568 128 ) (0 1536 128 ) (0 1536 192 ) (0 1568 192 ) 
4 83 92 (0 1536 128 ) (0 1568 128 ) (96 1568 128 ) (96 1536 128 ) 
4 83 84 (0 1536 128 ) (96 1536 128 ) (96 1536 192 ) (0 1536 192 ) 
4 84 220 (544 1024 128 ) (544 1024 256 ) (416 1024 256 ) (416 1024 128 ) 
4 84 224 (416 1024 256 ) (0 1024 256 ) (0 1024 128 ) (416 1024 128 ) 
4 84 123 (0 1536 128 ) (0 1024 128 ) (0 1024 256 ) (0 1536 256 ) 
4 84 94 (544 1152 128 ) (544 1024 128 ) (416 1024 128 ) (416 1152 128 ) 
4 84 93 (416 1536 128 ) (544 1536 128 ) (544 1152 128 ) (416 1152 128 ) 
4 84 96 (0 1024 128 ) (0 1536 128 ) (416 1536 128 ) (416 1024 128 ) 
4 86 87 (274 2048 0 ) (274 2016 0 ) (274 2016 128 ) (274 2048 128 ) 
4 87 88 (273 2048 0 ) (273 2016 0 ) (273 2016 128 ) (273 2048 128 ) 
4 88 103 (0 2048 128 ) (0 2048 0 ) (0 2016 0 ) (0 2016 128 ) 
4 88 90 (0 2016 0 ) (128 2016 0 ) (128 2016 128 ) (0 2016 128 ) 
4 89 91 (128 1600 0 ) (128 1568 0 ) (128 1568 128 ) (128 1600 128 ) 
4 90 104 (0 2016 0 ) (0 1984 0 ) (0 1984 128 ) (0 2016 128 ) 
4 90 91 (0 1984 0 ) (128 1984 0 ) (128 1984 128 ) (0 1984 128 ) 
4 91 105 (0 1984 0 ) (0 1568 0 ) (0 1568 128 ) (0 1984 128 ) 
4 91 92 (0 1568 0 ) (96 1568 0 ) (96 1568 128 ) (0 1568 128 ) 
4 92 118 (0 1568 0 ) (0 1536 0 ) (0 1536 128 ) (0 1568 128 ) 
4 92 96 (0 1536 0 ) (96 1536 0 ) (96 1536 128 ) (0 1536 128 ) 
4 93 95 (416 1152 104 ) (416 1152 0 ) (544 1152 0 ) (544 1152 104 ) 
4 93 94 (416 1152 128 ) (416 1152 104 ) (544 1152 104 ) (544 1152 128 ) 
4 93 96 (416 1536 128 ) (416 1536 0 ) (416 1152 0 ) (416 1152 128 ) 
4 94 221 (544 1024 104 ) (544 1024 128 ) (416 1024 128 ) (416 1024 104 ) 
4 94 96 (416 1024 104 ) (416 1024 128 ) (416 1152 128 ) (416 1152 104 ) 
4 94 95 (416 1024 104 ) (416 1152 104 ) (544 1152 104 ) (544 1024 104 ) 
4 95 222 (544 1024 0 ) (544 1024 104 ) (416 1024 104 ) (416 1024 0 ) 
4 95 96 (416 1152 0 ) (416 1024 0 ) (416 1024 104 ) (416 1152 104 ) 
4 96 224 (416 1024 128 ) (0 1024 128 ) (0 1024 0 ) (416 1024 0 ) 
4 96 123 (0 1536 0 ) (0 1024 0 ) (0 1024 128 ) (0 1536 128 ) 
4 97 110 (0 1650.869995 -512 ) (0 1920 -512 ) (0 1920 -1536 ) (0 1650.869995 -1536 ) 
4 97 98 (64 1650.869995 -1536 ) (64 1650.869995 -512 ) (0 1650.869995 -512 ) (0 1650.869995 -1536 ) 
4 98 122 (0 1536 -2560 ) (0 1536 -512 ) (0 1568 -512 ) (0 1568 -2560 ) 
4 98 111 (0 1568 -512 ) (0 1650.869995 -512 ) (0 1650.869995 -2560 ) (0 1568 -2560 ) 
4 98 99 (64 1536 -2560 ) (64 1536 -512 ) (0 1536 -512 ) (0 1536 -2560 ) 
4 99 225 (64 1024 -2560 ) (64 1024 -256 ) (0 1024 -256 ) (0 1024 -2560 ) 
4 99 124 (0 1024 -2560 ) (0 1024 -256 ) (0 1536 -256 ) (0 1536 -2560 ) 
4 100 151 (-1024 1920 256 ) (-1024 1600 256 ) (-1024 1600 1152 ) (-1024 1920 1152 ) 
4 100 106 (-1024 1600 256 ) (-1024 1920 256 ) (-512 1920 256 ) (-512 1600 256 ) 
4 100 102 (-1024 1600 1152 ) (-1024 1600 256 ) (-512 1600 256 ) (-512 1600 1152 ) 
4 101 105 (0 1568 256 ) (-32 1568 256 ) (-32 1600 256 ) (0 1600 256 ) 
4 102 151 (-1024 1568 256 ) (-1024 1568 1152 ) (-1024 1600 1152 ) (-1024 1600 256 ) 
4 102 117 (-1024 1568 768 ) (-1024 1568 256 ) (-512 1568 256 ) (-512 1568 768 ) 
4 102 116 (-1024 1568 1152 ) (-1024 1568 768 ) (-512 1568 768 ) (-512 1568 1152 ) 
4 102 108 (-512 1568 256 ) (-1024 1568 256 ) (-1024 1600 256 ) (-512 1600 256 ) 
4 103 104 (-64 2016 256 ) (-64 2016 0 ) (0 2016 0 ) (0 2016 256 ) 
4 104 105 (-64 1984 256 ) (-64 1984 0 ) (0 1984 0 ) (0 1984 256 ) 
4 105 118 (-32 1568 0 ) (0 1568 0 ) (0 1568 128 ) (-32 1568 128 ) 
4 105 113 (0 1568 128 ) (0 1568 192 ) (-32 1568 192 ) (-32 1568 128 ) 
4 105 107 (-64 1600 0 ) (-64 1568 0 ) (-64 1568 256 ) (-64 1600 256 ) 
4 106 151 (-1024 1600 256 ) (-1024 1920 256 ) (-1024 1920 0 ) (-1024 1600 0 ) 
4 106 109 (-1024 1600 0 ) (-1024 1920 0 ) (-512 1920 0 ) (-512 1600 0 ) 
4 106 108 (-1024 1600 0 ) (-512 1600 0 ) (-512 1600 256 ) (-1024 1600 256 ) 
4 108 151 (-1024 1568 0 ) (-1024 1568 256 ) (-1024 1600 256 ) (-1024 1600 0 ) 
4 108 120 (-1024 1568 128 ) (-1024 1568 0 ) (-512 1568 0 ) (-512 1568 128 ) 
4 108 117 (-1024 1568 256 ) (-1024 1568 128 ) (-512 1568 128 ) (-512 1568 256 ) 
4 108 109 (-512 1568 0 ) (-1024 1568 0 ) (-1024 1600 0 ) (-512 1600 0 ) 
4 109 151 (-1024 1568 -512 ) (-1024 1568 0 ) (-1024 1920 0 ) (-1024 1920 -512 ) 
4 109 121 (-1024 1568 0 ) (-1024 1568 -512 ) (-512 1568 -512 ) (-512 1568 0 ) 
4 109 112 (-512 1568 -512 ) (-1024 1568 -512 ) (-1024 1920 -512 ) (-512 1920 -512 ) 
4 110 111 (-256 1650.869995 -512 ) (-256 1650.869995 -1536 ) (0 1650.869995 -1536 ) (0 1650.869995 -512 ) 
4 110 112 (-256 1650.869995 -1536 ) (-256 1650.869995 -512 ) (-256 1920 -512 ) (-256 1920 -1536 ) 
4 111 122 (-256 1568 -2560 ) (0 1568 -2560 ) (0 1568 -512 ) (-256 1568 -512 ) 
4 111 112 (-256 1650.869995 -2560 ) (-256 1568 -2560 ) (-256 1568 -512 ) (-256 1650.869995 -512 ) 
4 112 151 (-1024 1568 -2560 ) (-1024 1568 -512 ) (-1024 1920 -512 ) (-1024 1920 -2560 ) 
4 112 122 (-1024 1568 -512 ) (-1024 1568 -2560 ) (-256 1568 -2560 ) (-256 1568 -512 ) 
4 113 123 (0 1536 128 ) (0 1536 192 ) (-32 1536 192 ) (-32 1536 128 ) 
4 113 118 (0 1536 128 ) (-32 1536 128 ) (-32 1568 128 ) (0 1568 128 ) 
4 114 123 (-352 1536 768 ) (-352 1536 640 ) (-224 1536 640 ) (-224 1536 768 ) 
4 114 115 (-352 1568 768 ) (-352 1568 640 ) (-352 1536 640 ) (-352 1536 768 ) 
4 115 123 (-480 1536 768 ) (-480 1536 512 ) (-352 1536 512 ) (-352 1536 768 ) 
4 116 151 (-1024 1536 768 ) (-1024 1536 1152 ) (-1024 1568 1152 ) (-1024 1568 768 ) 
4 116 127 (-1024 1536 1152 ) (-1024 1536 768 ) (-512 1536 768 ) (-512 1536 1152 ) 
4 116 117 (-1024 1568 768 ) (-512 1568 768 ) (-512 1536 768 ) (-1024 1536 768 ) 
4 117 151 (-1024 1536 128 ) (-1024 1536 768 ) (-1024 1568 768 ) (-1024 1568 128 ) 
4 117 134 (-1024 1536 256 ) (-1024 1536 128 ) (-640 1536 128 ) (-640 1536 256 ) 
4 117 130 (-1024 1536 384 ) (-1024 1536 256 ) (-640 1536 256 ) (-640 1536 384 ) 
4 117 129 (-1024 1536 512 ) (-1024 1536 384 ) (-640 1536 384 ) (-640 1536 512 ) 
4 117 127 (-1024 1536 768 ) (-1024 1536 512 ) (-512 1536 512 ) (-512 1536 768 ) 
4 117 120 (-512 1536 128 ) (-1024 1536 128 ) (-1024 1568 128 ) (-512 1568 128 ) 
4 118 123 (0 1536 0 ) (0 1536 128 ) (-32 1536 128 ) (-32 1536 0 ) 
4 119 123 (-352 1536 128 ) (-480 1536 128 ) (-480 1536 0 ) (-352 1536 0 ) 
4 120 151 (-1024 1536 0 ) (-1024 1536 128 ) (-1024 1568 128 ) (-1024 1568 0 ) 
4 120 140 (-640 1536 128 ) (-1024 1536 128 ) (-1024 1536 0 ) (-640 1536 0 ) 
4 120 121 (-512 1536 0 ) (-1024 1536 0 ) (-1024 1568 0 ) (-512 1568 0 ) 
4 121 151 (-1024 1536 -512 ) (-1024 1536 0 ) (-1024 1568 0 ) (-1024 1568 -512 ) 
4 121 145 (-640 1536 0 ) (-1024 1536 0 ) (-1024 1536 -512 ) (-640 1536 -512 ) 
4 121 144 (-640 1536 -256 ) (-640 1536 -512 ) (-512 1536 -512 ) (-512 1536 -256 ) 
4 121 122 (-512 1536 -512 ) (-1024 1536 -512 ) (-1024 1568 -512 ) (-512 1568 -512 ) 
4 122 151 (-1024 1536 -2560 ) (-1024 1536 -512 ) (-1024 1568 -512 ) (-1024 1568 -2560 ) 
4 122 145 (-640 1536 -512 ) (-1024 1536 -512 ) (-1024 1536 -2560 ) (-640 1536 -2560 ) 
4 122 144 (-512 1536 -512 ) (-640 1536 -512 ) (-640 1536 -2560 ) (-512 1536 -2560 ) 
4 122 126 (-480 1536 -512 ) (-512 1536 -512 ) (-512 1536 -2560 ) (-480 1536 -2560 ) 
4 122 124 (0 1536 -2560 ) (0 1536 -512 ) (-480 1536 -512 ) (-480 1536 -2560 ) 
4 123 239 (-480 1024 256 ) (-480 1024 0 ) (-128 1024 0 ) (-128 1024 256 ) 
4 123 238 (-128 1024 0 ) (-64 1024 0 ) (-64 1024 256 ) (-128 1024 256 ) 
4 123 236 (-64 1024 768 ) (-480 1024 768 ) (-480 1024 256 ) (-64 1024 256 ) 
4 123 232 (0 1024 0 ) (0 1024 768 ) (-64 1024 768 ) (-64 1024 0 ) 
4 123 125 (-480 1280 0 ) (-480 1024 0 ) (-480 1024 384 ) (-480 1280 384 ) 
4 124 242 (-64 1024 -256 ) (-128 1024 -256 ) (-128 1024 -2560 ) (-64 1024 -2560 ) 
4 124 243 (-128 1024 -256 ) (-480 1024 -256 ) (-480 1024 -2560 ) (-128 1024 -2560 ) 
4 124 235 (0 1024 -2560 ) (0 1024 -256 ) (-64 1024 -256 ) (-64 1024 -2560 ) 
4 124 126 (-480 1536 -256 ) (-480 1536 -2560 ) (-480 1024 -2560 ) (-480 1024 -256 ) 
4 125 248 (-480 1024 0 ) (-480 1024 256 ) (-512 1024 256 ) (-512 1024 0 ) 
4 125 246 (-480 1024 256 ) (-480 1024 384 ) (-512 1024 384 ) (-512 1024 256 ) 
4 125 141 (-512 1280 0 ) (-512 1024 0 ) (-512 1024 128 ) (-512 1280 128 ) 
4 125 137 (-512 1024 128 ) (-512 1024 256 ) (-512 1280 256 ) (-512 1280 128 ) 
4 125 131 (-512 1024 256 ) (-512 1024 384 ) (-512 1280 384 ) (-512 1280 256 ) 
4 126 250 (-480 1024 -2560 ) (-480 1024 -256 ) (-512 1024 -256 ) (-512 1024 -2560 ) 
4 126 144 (-512 1536 -256 ) (-512 1536 -2560 ) (-512 1024 -2560 ) (-512 1024 -256 ) 
4 127 151 (-1024 1536 1152 ) (-1024 1536 512 ) (-1024 1344 512 ) (-1024 1344 1152 ) 
4 127 129 (-1024 1344 512 ) (-1024 1536 512 ) (-640 1536 512 ) (-640 1344 512 ) 
4 127 128 (-1024 1344 512 ) (-512 1344 512 ) (-512 1344 1152 ) (-1024 1344 1152 ) 
4 128 253 (-512 1024 512 ) (-512 1024 1152 ) (-1024 1024 1152 ) (-1024 1024 512 ) 
4 128 252 (-512 1024 1152 ) (-512 1024 1280 ) (-1024 1024 1280 ) (-1024 1024 1152 ) 
4 128 151 (-1024 1024 512 ) (-1024 1024 1152 ) (-1024 1344 1152 ) (-1024 1344 512 ) 
4 128 150 (-1024 1024 1152 ) (-1024 1024 1280 ) (-1024 1344 1280 ) (-1024 1344 1152 ) 
4 128 129 (-1024 1024 512 ) (-1024 1344 512 ) (-640 1344 512 ) (-640 1024 512 ) 
4 129 254 (-640 1024 512 ) (-1024 1024 512 ) (-1024 1024 384 ) (-640 1024 384 ) 
4 129 151 (-1024 1024 384 ) (-1024 1024 512 ) (-1024 1536 512 ) (-1024 1536 384 ) 
4 129 133 (-640 1280 384 ) (-640 1024 384 ) (-1024 1024 384 ) (-1024 1280 384 ) 
4 129 130 (-1024 1536 384 ) (-640 1536 384 ) (-640 1280 384 ) (-1024 1280 384 ) 
4 130 151 (-1024 1280 384 ) (-1024 1536 384 ) (-1024 1536 256 ) (-1024 1280 256 ) 
4 130 136 (-640 1344 256 ) (-640 1280 256 ) (-1024 1280 256 ) (-1024 1344 256 ) 
4 130 135 (-640 1472 256 ) (-640 1344 256 ) (-1024 1344 256 ) (-1024 1472 256 ) 
4 130 134 (-1024 1536 256 ) (-640 1536 256 ) (-640 1472 256 ) (-1024 1472 256 ) 
4 130 133 (-1024 1280 256 ) (-640 1280 256 ) (-640 1280 384 ) (-1024 1280 384 ) 
4 131 256 (-512 1024 256 ) (-512 1024 384 ) (-608 1024 384 ) (-608 1024 256 ) 
4 131 137 (-512 1280 256 ) (-512 1024 256 ) (-608 1024 256 ) (-608 1280 256 ) 
4 131 132 (-608 1280 384 ) (-608 1280 256 ) (-608 1024 256 ) (-608 1024 384 ) 
4 132 257 (-608 1024 384 ) (-640 1024 384 ) (-640 1024 256 ) (-608 1024 256 ) 
4 132 138 (-608 1024 256 ) (-640 1024 256 ) (-640 1280 256 ) (-608 1280 256 ) 
4 132 133 (-640 1280 384 ) (-640 1280 256 ) (-640 1024 256 ) (-640 1024 384 ) 
4 133 264 (-640 1024 384 ) (-1024 1024 384 ) (-1024 1024 256 ) (-640 1024 256 ) 
4 133 151 (-1024 1024 256 ) (-1024 1024 384 ) (-1024 1280 384 ) (-1024 1280 256 ) 
4 133 139 (-640 1024 256 ) (-1024 1024 256 ) (-1024 1280 256 ) (-640 1280 256 ) 
4 134 151 (-1024 1472 256 ) (-1024 1536 256 ) (-1024 1536 128 ) (-1024 1472 128 ) 
4 134 140 (-1024 1472 128 ) (-1024 1536 128 ) (-640 1536 128 ) (-640 1472 128 ) 
4 134 135 (-1024 1472 128 ) (-640 1472 128 ) (-640 1472 256 ) (-1024 1472 256 ) 
4 135 151 (-1024 1344 256 ) (-1024 1472 256 ) (-1024 1472 128 ) (-1024 1344 128 ) 
4 135 140 (-1024 1344 128 ) (-1024 1472 128 ) (-640 1472 128 ) (-640 1344 128 ) 
4 135 136 (-1024 1344 128 ) (-640 1344 128 ) (-640 1344 256 ) (-1024 1344 256 ) 
4 136 151 (-1024 1280 256 ) (-1024 1344 256 ) (-1024 1344 128 ) (-1024 1280 128 ) 
4 136 140 (-1024 1280 128 ) (-1024 1344 128 ) (-640 1344 128 ) (-640 1280 128 ) 
4 136 139 (-1024 1280 128 ) (-640 1280 128 ) (-640 1280 256 ) (-1024 1280 256 ) 
4 137 259 (-512 1024 128 ) (-512 1024 256 ) (-608 1024 256 ) (-608 1024 128 ) 
4 137 141 (-608 1280 128 ) (-512 1280 128 ) (-512 1024 128 ) (-608 1024 128 ) 
4 137 138 (-608 1280 256 ) (-608 1280 128 ) (-608 1024 128 ) (-608 1024 256 ) 
4 138 260 (-608 1024 256 ) (-640 1024 256 ) (-640 1024 128 ) (-608 1024 128 ) 
4 138 142 (-640 1280 128 ) (-608 1280 128 ) (-608 1024 128 ) (-640 1024 128 ) 
4 138 139 (-640 1280 256 ) (-640 1280 128 ) (-640 1024 128 ) (-640 1024 256 ) 
4 139 264 (-640 1024 256 ) (-1024 1024 256 ) (-1024 1024 128 ) (-640 1024 128 ) 
4 139 151 (-1024 1024 128 ) (-1024 1024 256 ) (-1024 1280 256 ) (-1024 1280 128 ) 
4 139 143 (-1024 1024 128 ) (-1024 1280 128 ) (-640 1280 128 ) (-640 1024 128 ) 
4 140 151 (-1024 1280 128 ) (-1024 1536 128 ) (-1024 1536 0 ) (-1024 1280 0 ) 
4 140 145 (-1024 1536 0 ) (-640 1536 0 ) (-640 1280 0 ) (-1024 1280 0 ) 
4 140 143 (-1024 1280 0 ) (-640 1280 0 ) (-640 1280 128 ) (-1024 1280 128 ) 
4 141 259 (-512 1024 0 ) (-512 1024 128 ) (-608 1024 128 ) (-608 1024 0 ) 
4 141 142 (-608 1280 128 ) (-608 1280 0 ) (-608 1024 0 ) (-608 1024 128 ) 
4 142 260 (-608 1024 128 ) (-640 1024 128 ) (-640 1024 0 ) (-608 1024 0 ) 
4 142 143 (-640 1280 128 ) (-640 1280 0 ) (-640 1024 0 ) (-640 1024 128 ) 
4 143 264 (-640 1024 128 ) (-1024 1024 128 ) (-1024 1024 0 ) (-640 1024 0 ) 
4 143 151 (-1024 1024 0 ) (-1024 1024 128 ) (-1024 1280 128 ) (-1024 1280 0 ) 
4 143 145 (-640 1024 0 ) (-1024 1024 0 ) (-1024 1280 0 ) (-640 1280 0 ) 
4 144 263 (-512 1024 -2560 ) (-512 1024 -256 ) (-640 1024 -256 ) (-640 1024 -2560 ) 
4 144 145 (-640 1536 -256 ) (-640 1536 -2560 ) (-640 1024 -2560 ) (-640 1024 -256 ) 
4 145 264 (-640 1024 -2560 ) (-640 1024 0 ) (-1024 1024 0 ) (-1024 1024 -2560 ) 
4 145 151 (-1024 1024 -2560 ) (-1024 1024 0 ) (-1024 1536 0 ) (-1024 1536 -2560 ) 
4 146 147 (-2048 4160 112 ) (-2048 4416 112 ) (-2048 4416 -16 ) (-2048 4160 -16 ) 
4 148 149 (-2048 3776 -16 ) (-2048 3776 112 ) (-2048 4032 112 ) (-2048 4032 -16 ) 
4 150 270 (-1024 1024 1152 ) (-1024 1024 1280 ) (-2048 1024 1280 ) (-2048 1024 1152 ) 
4 150 153 (-2048 1024 1152 ) (-2048 1024 1280 ) (-2048 1344 1280 ) (-2048 1344 1152 ) 
4 150 152 (-1920 1024 1152 ) (-2048 1024 1152 ) (-2048 1344 1152 ) (-1920 1344 1152 ) 
4 150 151 (-1024 1344 1152 ) (-1024 1024 1152 ) (-1920 1024 1152 ) (-1920 1344 1152 ) 
4 151 273 (-1824 1024 512 ) (-1824 1024 0 ) (-1792 1024 0 ) (-1792 1024 512 ) 
4 151 272 (-1792 1024 1152 ) (-1824 1024 1152 ) (-1824 1024 512 ) (-1792 1024 512 ) 
4 151 274 (-1824 1024 0 ) (-1824 1024 -2560 ) (-1792 1024 -2560 ) (-1792 1024 0 ) 
4 151 271 (-1024 1024 -2560 ) (-1024 1024 1152 ) (-1792 1024 1152 ) (-1792 1024 -2560 ) 
4 151 276 (-1824 1024 1152 ) (-1920 1024 1152 ) (-1920 1024 -2560 ) (-1824 1024 -2560 ) 
4 151 152 (-1920 1920 1152 ) (-1920 1920 -864 ) (-1920 1024 -864 ) (-1920 1024 1152 ) 
4 152 277 (-1920 1024 1152 ) (-2048 1024 1152 ) (-2048 1024 -864 ) (-1920 1024 -864 ) 
4 152 154 (-2048 1024 -864 ) (-2048 1024 1152 ) (-2048 1920 1152 ) (-2048 1920 -864 ) 
4 153 281 (-2688 1024 1280 ) (-3072 1024 1280 ) (-3072 1024 1152 ) (-2688 1024 1152 ) 
4 153 278 (-2048 1024 1152 ) (-2048 1024 1280 ) (-2688 1024 1280 ) (-2688 1024 1152 ) 
4 153 155 (-3072 1024 1152 ) (-3072 1024 1280 ) (-3072 1344 1280 ) (-3072 1344 1152 ) 
4 153 154 (-2048 1024 1152 ) (-3072 1024 1152 ) (-3072 1344 1152 ) (-2048 1344 1152 ) 
4 154 282 (-2688 1024 1152 ) (-3072 1024 1152 ) (-3072 1024 -864 ) (-2688 1024 -864 ) 
4 154 280 (-2176 1024 1152 ) (-2688 1024 1152 ) (-2688 1024 -864 ) (-2176 1024 -864 ) 
4 154 279 (-2048 1024 -864 ) (-2048 1024 1152 ) (-2176 1024 1152 ) (-2176 1024 -864 ) 
4 154 156 (-3072 1024 -864 ) (-3072 1024 1152 ) (-3072 1920 1152 ) (-3072 1920 -864 ) 
4 155 285 (-3072 1024 1152 ) (-3072 1024 1280 ) (-4096 1024 1280 ) (-4096 1024 1152 ) 
4 155 161 (-4096 1024 1152 ) (-4096 1024 1280 ) (-4096 1344 1280 ) (-4096 1344 1152 ) 
4 155 156 (-4096 1024 1152 ) (-4096 1344 1152 ) (-3072 1344 1152 ) (-3072 1024 1152 ) 
4 156 286 (-3072 1024 -864 ) (-3072 1024 1152 ) (-4096 1024 1152 ) (-4096 1024 -864 ) 
4 156 162 (-4096 1024 -864 ) (-4096 1024 1152 ) (-4096 1920 1152 ) (-4096 1920 -864 ) 
4 157 159 (-4608 3072 -1984 ) (-4608 3072 2048 ) (-5120 3072 2048 ) (-5120 3072 -1984 ) 
4 157 158 (-5120 3392 -1984 ) (-5120 3072 -1984 ) (-5120 3072 2048 ) (-5120 3392 2048 ) 
4 158 164 (-5120 3072 -1984 ) (-5120 3072 2048 ) (-5728 3072 2048 ) (-5728 3072 -1984 ) 
4 159 164 (-5120 3072 2048 ) (-5120 3072 -1984 ) (-5120 2304 -1984 ) (-5120 2304 2048 ) 
4 159 160 (-4608 2304 -864 ) (-4608 2304 2048 ) (-5120 2304 2048 ) (-5120 2304 -864 ) 
4 160 165 (-5120 2048 -864 ) (-5120 2048 2048 ) (-5120 2304 2048 ) (-5120 2304 -864 ) 
4 160 163 (-4608 2048 -864 ) (-4608 2048 2048 ) (-5120 2048 2048 ) (-5120 2048 -864 ) 
4 161 293 (-4096 1024 1152 ) (-4096 1024 1280 ) (-4608 1024 1280 ) (-4608 1024 1152 ) 
4 161 163 (-4608 1344 1152 ) (-4608 1024 1152 ) (-4608 1024 1280 ) (-4608 1344 1280 ) 
4 161 162 (-4608 1024 1152 ) (-4608 1344 1152 ) (-4096 1344 1152 ) (-4096 1024 1152 ) 
4 162 295 (-4096 1024 -864 ) (-4096 1024 1152 ) (-4608 1024 1152 ) (-4608 1024 -864 ) 
4 162 163 (-4608 1024 -864 ) (-4608 1024 1152 ) (-4608 1920 1152 ) (-4608 1920 -864 ) 
4 163 297 (-4608 1024 -864 ) (-4608 1024 2048 ) (-5120 1024 2048 ) (-5120 1024 -864 ) 
4 163 166 (-5120 1024 -864 ) (-5120 1024 2048 ) (-5120 2048 2048 ) (-5120 2048 -864 ) 
4 164 165 (-5728 2304 2048 ) (-5728 2304 -864 ) (-5120 2304 -864 ) (-5120 2304 2048 ) 
4 165 166 (-5120 2048 -864 ) (-5120 2048 2048 ) (-5728 2048 2048 ) (-5728 2048 -864 ) 
4 166 299 (-5120 1024 -864 ) (-5120 1024 2048 ) (-5728 1024 2048 ) (-5728 1024 -864 ) 
4 167 168 (1424 704 896 ) (1424 816 896 ) (1424 816 416 ) (1424 704 416 ) 
4 167 169 (1424 1024 416 ) (1424 1024 -768 ) (1424 704 -768 ) (1424 704 416 ) 
4 168 173 (1408 816 416 ) (1408 704 416 ) (1408 704 896 ) (1408 816 896 ) 
4 168 169 (1424 704 416 ) (1408 704 416 ) (1408 816 416 ) (1424 816 416 ) 
4 169 173 (1408 816 -768 ) (1408 704 -768 ) (1408 704 416 ) (1408 816 416 ) 
4 169 172 (1408 832 -768 ) (1408 816 -768 ) (1408 816 416 ) (1408 832 416 ) 
4 169 170 (1408 1024 416 ) (1408 1024 -768 ) (1408 832 -768 ) (1408 832 416 ) 
4 170 174 (1152 1024 -768 ) (1408 1024 -768 ) (1408 832 -768 ) (1152 832 -768 ) 
4 170 172 (1152 832 -768 ) (1408 832 -768 ) (1408 832 416 ) (1152 832 416 ) 
4 170 171 (1152 1024 416 ) (1152 1024 -768 ) (1152 832 -768 ) (1152 832 416 ) 
4 171 175 (1136 1024 416 ) (1136 1024 -768 ) (1136 832 -768 ) (1136 832 416 ) 
4 171 172 (1136 832 416 ) (1136 832 -768 ) (1152 832 -768 ) (1152 832 416 ) 
4 172 175 (1136 832 -768 ) (1136 816 -768 ) (1136 816 416 ) (1136 832 416 ) 
4 172 173 (1136 816 416 ) (1136 816 -768 ) (1408 816 -768 ) (1408 816 416 ) 
4 173 175 (1136 816 -768 ) (1136 704 -768 ) (1136 704 896 ) (1136 816 896 ) 
4 175 195 (1024 1024 0 ) (1024 1024 -768 ) (1024 704 -768 ) (1024 704 0 ) 
4 175 193 (1024 1024 256 ) (1024 1024 0 ) (1024 704 0 ) (1024 704 256 ) 
4 175 189 (1024 864 256 ) (1024 704 256 ) (1024 704 384 ) (1024 864 384 ) 
4 175 184 (1024 1024 288 ) (1024 1024 256 ) (1024 864 256 ) (1024 864 288 ) 
4 175 181 (1024 1024 320 ) (1024 1024 288 ) (1024 864 288 ) (1024 864 320 ) 
4 175 179 (1024 1024 384 ) (1024 1024 320 ) (1024 864 320 ) (1024 864 384 ) 
4 175 176 (1024 1024 896 ) (1024 1024 384 ) (1024 704 384 ) (1024 704 896 ) 
4 176 189 (1024 864 384 ) (1024 704 384 ) (960 704 384 ) (960 864 384 ) 
4 176 179 (960 1024 384 ) (1024 1024 384 ) (1024 864 384 ) (960 864 384 ) 
4 177 215 (576 704 576 ) (576 704 768 ) (576 768 768 ) (576 768 576 ) 
4 177 211 (576 1024 768 ) (576 1024 576 ) (576 768 576 ) (576 768 768 ) 
4 178 265 (576 0 896 ) (576 0 384 ) (752 0 384 ) (752 0 896 ) 
4 178 216 (576 480 384 ) (576 0 384 ) (576 0 896 ) (576 480 896 ) 
4 178 192 (608 0 384 ) (576 0 384 ) (576 480 384 ) (608 480 384 ) 
4 178 190 (752 0 384 ) (608 0 384 ) (608 480 384 ) (752 480 384 ) 
4 179 189 (1024 864 320 ) (1024 864 384 ) (960 864 384 ) (960 864 320 ) 
4 179 181 (1024 864 320 ) (960 864 320 ) (960 1024 320 ) (1024 1024 320 ) 
4 180 182 (704 896 320 ) (704 1024 320 ) (768 1024 320 ) (768 896 320 ) 
4 181 189 (1024 864 288 ) (1024 864 320 ) (960 864 320 ) (960 864 288 ) 
4 181 184 (1024 864 288 ) (960 864 288 ) (960 1024 288 ) (1024 1024 288 ) 
4 182 183 (704 864 318 ) (704 1024 318 ) (768 1024 318 ) (768 864 318 ) 
4 183 185 (768 864 288 ) (704 864 288 ) (704 1024 288 ) (768 1024 288 ) 
4 184 193 (960 1024 256 ) (1024 1024 256 ) (1024 864 256 ) (960 864 256 ) 
4 184 189 (960 864 256 ) (1024 864 256 ) (1024 864 288 ) (960 864 288 ) 
4 185 199 (768 896 256 ) (768 864 256 ) (704 864 256 ) (704 896 256 ) 
4 185 196 (704 1024 256 ) (768 1024 256 ) (768 896 256 ) (704 896 256 ) 
4 186 198 (608 1024 256 ) (616 1024 256 ) (616 992 256 ) (608 992 256 ) 
4 186 187 (608 1024 256 ) (608 992 256 ) (608 992 288 ) (608 1024 288 ) 
4 187 212 (576 1024 384 ) (576 1024 256 ) (576 866 256 ) (576 866 384 ) 
4 187 203 (576 866 256 ) (576 896 256 ) (608 896 256 ) (608 866 256 ) 
4 187 198 (576 896 256 ) (576 1024 256 ) (608 1024 256 ) (608 896 256 ) 
4 187 188 (576 866 256 ) (608 866 256 ) (608 866 384 ) (576 866 384 ) 
4 188 212 (576 866 256 ) (576 864 256 ) (576 864 384 ) (576 866 384 ) 
4 188 206 (576 864 256 ) (576 866 256 ) (608 866 256 ) (608 864 256 ) 
4 188 191 (576 864 256 ) (608 864 256 ) (608 864 384 ) (576 864 384 ) 
4 189 193 (960 864 256 ) (1024 864 256 ) (1024 704 256 ) (960 704 256 ) 
4 190 265 (752 0 384 ) (608 0 384 ) (608 0 256 ) (752 0 256 ) 
4 190 207 (752 480 256 ) (752 0 256 ) (608 0 256 ) (608 480 256 ) 
4 190 192 (608 480 256 ) (608 0 256 ) (608 0 384 ) (608 480 384 ) 
4 191 208 (576 856 256 ) (576 864 256 ) (608 864 256 ) (608 856 256 ) 
4 192 265 (608 0 384 ) (576 0 384 ) (576 0 256 ) (608 0 256 ) 
4 192 216 (576 480 256 ) (576 0 256 ) (576 0 384 ) (576 480 384 ) 
4 192 209 (576 0 256 ) (576 480 256 ) (608 480 256 ) (608 0 256 ) 
4 193 195 (960 704 0 ) (960 1024 0 ) (1024 1024 0 ) (1024 704 0 ) 
4 193 194 (960 1024 0 ) (960 896 0 ) (960 896 256 ) (960 1024 256 ) 
4 194 196 (768 896 256 ) (768 1024 256 ) (768 1024 128 ) (768 896 128 ) 
4 196 201 (623 896 128 ) (640 896 128 ) (640 896 256 ) (623 896 256 ) 
4 196 200 (680 896 128 ) (696 896 128 ) (696 896 256 ) (680 896 256 ) 
4 196 199 (704 896 128 ) (768 896 128 ) (768 896 256 ) (704 896 256 ) 
4 196 197 (623 1024 128 ) (623 896 128 ) (623 896 256 ) (623 1024 256 ) 
4 197 202 (622 896 128 ) (623 896 128 ) (623 896 256 ) (622 896 256 ) 
4 197 198 (622 1024 128 ) (622 896 128 ) (622 896 256 ) (622 1024 256 ) 
4 198 212 (576 1024 256 ) (576 1024 128 ) (576 896 128 ) (576 896 256 ) 
4 198 203 (576 896 128 ) (622 896 128 ) (622 896 256 ) (576 896 256 ) 
4 201 204 (623 866 128 ) (640 866 128 ) (640 866 256 ) (623 866 256 ) 
4 201 202 (623 896 256 ) (623 896 128 ) (623 866 128 ) (623 866 256 ) 
4 202 205 (622 866 128 ) (623 866 128 ) (623 866 256 ) (622 866 256 ) 
4 202 203 (622 896 256 ) (622 896 128 ) (622 866 128 ) (622 866 256 ) 
4 203 212 (576 896 128 ) (576 866 128 ) (576 866 256 ) (576 896 256 ) 
4 203 206 (576 866 128 ) (622 866 128 ) (622 866 256 ) (576 866 256 ) 
4 204 205 (623 866 256 ) (623 866 128 ) (623 864 128 ) (623 864 256 ) 
4 205 206 (622 866 256 ) (622 866 128 ) (622 864 128 ) (622 864 256 ) 
4 206 212 (576 866 128 ) (576 864 128 ) (576 864 256 ) (576 866 256 ) 
4 206 208 (576 864 128 ) (608 864 128 ) (608 864 256 ) (576 864 256 ) 
4 207 265 (752 0 256 ) (608 0 256 ) (608 0 128 ) (752 0 128 ) 
4 207 210 (752 480 128 ) (752 0 128 ) (608 0 128 ) (608 480 128 ) 
4 207 209 (608 480 128 ) (608 0 128 ) (608 0 256 ) (608 480 256 ) 
4 209 265 (608 0 256 ) (576 0 256 ) (576 0 128 ) (608 0 128 ) 
4 209 216 (576 480 128 ) (576 0 128 ) (576 0 256 ) (576 480 256 ) 
4 209 210 (576 0 128 ) (576 480 128 ) (608 480 128 ) (608 0 128 ) 
4 210 265 (752 0 128 ) (576 0 128 ) (576 0 48 ) (752 0 48 ) 
4 210 216 (576 480 48 ) (576 0 48 ) (576 0 128 ) (576 480 128 ) 
4 211 217 (544 896 768 ) (544 1024 768 ) (544 1024 576 ) (544 896 576 ) 
4 211 218 (544 768 576 ) (544 768 768 ) (544 896 768 ) (544 896 576 ) 
4 211 215 (544 768 768 ) (544 768 576 ) (576 768 576 ) (576 768 768 ) 
4 212 220 (544 864 384 ) (544 1024 384 ) (544 1024 128 ) (544 864 128 ) 
4 213 214 (548 1024 0 ) (548 768 0 ) (548 768 64 ) (548 1024 64 ) 
4 214 222 (544 768 0 ) (544 768 64 ) (544 1024 64 ) (544 1024 0 ) 
4 215 218 (544 768 768 ) (544 768 576 ) (544 704 576 ) (544 704 768 ) 
4 216 265 (576 0 48 ) (576 0 896 ) (544 0 896 ) (544 0 48 ) 
4 216 229 (544 0 48 ) (544 0 896 ) (544 480 896 ) (544 480 48 ) 
4 217 218 (542 896 768 ) (542 896 512 ) (544 896 512 ) (544 896 768 ) 
4 217 219 (542 896 512 ) (542 896 768 ) (542 1024 768 ) (542 1024 512 ) 
4 218 220 (542 768 384 ) (542 896 384 ) (544 896 384 ) (544 768 384 ) 
4 218 223 (544 512 384 ) (542 512 384 ) (542 768 384 ) (544 768 384 ) 
4 218 219 (542 896 384 ) (542 512 384 ) (542 512 768 ) (542 896 768 ) 
4 219 232 (0 512 384 ) (0 512 768 ) (0 1024 768 ) (0 1024 384 ) 
4 219 227 (0 512 416 ) (0 512 384 ) (128 512 384 ) (128 512 416 ) 
4 219 226 (416 512 768 ) (160 512 768 ) (160 512 512 ) (416 512 512 ) 
4 219 220 (416 768 384 ) (416 1024 384 ) (542 1024 384 ) (542 768 384 ) 
4 219 223 (542 512 384 ) (416 512 384 ) (416 768 384 ) (542 768 384 ) 
4 219 224 (416 512 384 ) (0 512 384 ) (0 1024 384 ) (416 1024 384 ) 
4 220 224 (416 768 128 ) (416 768 384 ) (416 1024 384 ) (416 1024 128 ) 
4 220 223 (416 768 384 ) (416 768 128 ) (544 768 128 ) (544 768 384 ) 
4 220 221 (544 768 128 ) (416 768 128 ) (416 1024 128 ) (544 1024 128 ) 
4 221 222 (544 768 104 ) (416 768 104 ) (416 1024 104 ) (544 1024 104 ) 
4 221 224 (416 768 104 ) (416 768 128 ) (416 1024 128 ) (416 1024 104 ) 
4 221 223 (416 768 128 ) (416 768 104 ) (544 768 104 ) (544 768 128 ) 
4 222 223 (416 768 104 ) (416 768 0 ) (544 768 0 ) (544 768 104 ) 
4 222 224 (416 1024 0 ) (416 768 0 ) (416 768 104 ) (416 1024 104 ) 
4 223 224 (416 768 0 ) (416 512 0 ) (416 512 384 ) (416 768 384 ) 
4 224 232 (0 512 0 ) (0 512 384 ) (0 1024 384 ) (0 1024 0 ) 
4 224 227 (0 512 384 ) (0 512 0 ) (128 512 0 ) (128 512 384 ) 
4 225 235 (0 512 -2560 ) (0 512 -256 ) (0 1024 -256 ) (0 1024 -2560 ) 
4 226 229 (416 480 768 ) (160 480 768 ) (160 480 512 ) (416 480 512 ) 
4 227 234 (0 512 224 ) (0 512 0 ) (0 488 0 ) (0 488 224 ) 
4 227 233 (0 488 416 ) (0 512 416 ) (0 512 224 ) (0 488 224 ) 
4 227 228 (128 488 224 ) (128 488 416 ) (0 488 416 ) (0 488 224 ) 
4 228 233 (0 480 224 ) (0 480 416 ) (0 488 416 ) (0 488 224 ) 
4 228 230 (128 480 224 ) (128 480 416 ) (0 480 416 ) (0 480 224 ) 
4 229 265 (544 0 48 ) (544 0 896 ) (160 0 896 ) (160 0 48 ) 
4 230 233 (0 384 224 ) (0 384 416 ) (0 480 416 ) (0 480 224 ) 
4 231 244 (-480 384 768 ) (-480 192 768 ) (-480 192 1152 ) (-480 384 1152 ) 
4 231 237 (-480 192 768 ) (-480 384 768 ) (-128 384 768 ) (-128 192 768 ) 
4 232 238 (-64 1024 256 ) (-64 1024 0 ) (-64 512 0 ) (-64 512 256 ) 
4 232 236 (-64 512 768 ) (-64 1024 768 ) (-64 1024 256 ) (-64 512 256 ) 
4 232 234 (-64 512 224 ) (-64 512 0 ) (0 512 0 ) (0 512 224 ) 
4 232 233 (-64 512 416 ) (-64 512 224 ) (0 512 224 ) (0 512 416 ) 
4 233 238 (-64 512 256 ) (-64 512 224 ) (-64 488 224 ) (-64 488 256 ) 
4 233 234 (-64 488 224 ) (-64 512 224 ) (0 512 224 ) (0 488 224 ) 
4 234 238 (-64 512 224 ) (-64 512 0 ) (-64 488 0 ) (-64 488 224 ) 
4 235 242 (-64 1024 -256 ) (-64 1024 -2560 ) (-64 512 -2560 ) (-64 512 -256 ) 
4 236 246 (-480 1024 384 ) (-480 1024 256 ) (-480 768 256 ) (-480 768 384 ) 
4 236 239 (-480 512 256 ) (-480 1024 256 ) (-128 1024 256 ) (-128 512 256 ) 
4 236 238 (-128 1024 256 ) (-64 1024 256 ) (-64 512 256 ) (-128 512 256 ) 
4 237 247 (-480 384 256 ) (-480 192 256 ) (-480 192 384 ) (-480 384 384 ) 
4 237 245 (-480 192 384 ) (-480 192 768 ) (-480 384 768 ) (-480 384 384 ) 
4 237 240 (-480 192 256 ) (-480 384 256 ) (-128 384 256 ) (-128 192 256 ) 
4 238 239 (-128 1024 0 ) (-128 488 0 ) (-128 488 256 ) (-128 1024 256 ) 
4 239 248 (-480 1024 256 ) (-480 1024 0 ) (-480 488 0 ) (-480 488 256 ) 
4 240 249 (-480 384 0 ) (-480 192 0 ) (-480 192 256 ) (-480 384 256 ) 
4 240 241 (-128 192 0 ) (-480 192 0 ) (-480 384 0 ) (-128 384 0 ) 
4 241 251 (-480 384 -256 ) (-480 192 -256 ) (-480 192 0 ) (-480 384 0 ) 
4 241 243 (-480 192 -256 ) (-480 384 -256 ) (-128 384 -256 ) (-128 192 -256 ) 
4 242 243 (-128 1024 -2560 ) (-128 512 -2560 ) (-128 512 -256 ) (-128 1024 -256 ) 
4 243 250 (-480 1024 -256 ) (-480 1024 -2560 ) (-480 384 -2560 ) (-480 384 -256 ) 
4 243 251 (-480 384 -2560 ) (-480 192 -2560 ) (-480 192 -256 ) (-480 384 -256 ) 
4 244 253 (-512 192 1152 ) (-512 384 1152 ) (-512 384 768 ) (-512 192 768 ) 
4 244 245 (-512 192 768 ) (-512 384 768 ) (-480 384 768 ) (-480 192 768 ) 
4 245 255 (-512 384 512 ) (-512 384 384 ) (-512 192 384 ) (-512 192 512 ) 
4 245 253 (-512 192 768 ) (-512 384 768 ) (-512 384 512 ) (-512 192 512 ) 
4 245 247 (-512 192 384 ) (-512 384 384 ) (-480 384 384 ) (-480 192 384 ) 
4 246 256 (-512 768 384 ) (-512 1024 384 ) (-512 1024 256 ) (-512 768 256 ) 
4 246 248 (-512 768 256 ) (-512 1024 256 ) (-480 1024 256 ) (-480 768 256 ) 
4 247 258 (-512 192 384 ) (-512 384 384 ) (-512 384 256 ) (-512 192 256 ) 
4 247 249 (-512 192 256 ) (-512 384 256 ) (-480 384 256 ) (-480 192 256 ) 
4 248 259 (-512 488 256 ) (-512 1024 256 ) (-512 1024 0 ) (-512 488 0 ) 
4 249 261 (-512 192 0 ) (-512 192 256 ) (-512 384 256 ) (-512 384 0 ) 
4 249 251 (-480 192 0 ) (-512 192 0 ) (-512 384 0 ) (-480 384 0 ) 
4 250 263 (-512 1024 -256 ) (-512 1024 -2560 ) (-512 384 -2560 ) (-512 384 -256 ) 
4 250 251 (-512 384 -2560 ) (-480 384 -2560 ) (-480 384 -256 ) (-512 384 -256 ) 
4 251 263 (-512 192 -2560 ) (-512 192 -256 ) (-512 384 -256 ) (-512 384 -2560 ) 
4 251 262 (-512 192 -256 ) (-512 192 0 ) (-512 384 0 ) (-512 384 -256 ) 
4 252 270 (-1024 1024 1280 ) (-1024 1024 1152 ) (-1024 512 1152 ) (-1024 512 1280 ) 
4 252 253 (-1024 512 1152 ) (-1024 1024 1152 ) (-512 1024 1152 ) (-512 512 1152 ) 
4 253 271 (-1024 1024 1152 ) (-1024 1024 512 ) (-1024 192 512 ) (-1024 192 1152 ) 
4 253 255 (-512 384 512 ) (-512 192 512 ) (-1024 192 512 ) (-1024 384 512 ) 
4 253 254 (-1024 1024 512 ) (-640 1024 512 ) (-640 384 512 ) (-1024 384 512 ) 
4 254 271 (-1024 1024 512 ) (-1024 1024 384 ) (-1024 384 384 ) (-1024 384 512 ) 
4 254 264 (-1024 384 384 ) (-1024 1024 384 ) (-640 1024 384 ) (-640 384 384 ) 
4 254 255 (-1024 384 384 ) (-640 384 384 ) (-640 384 512 ) (-1024 384 512 ) 
4 255 271 (-1024 384 384 ) (-1024 192 384 ) (-1024 192 512 ) (-1024 384 512 ) 
4 255 264 (-1024 192 384 ) (-1024 384 384 ) (-640 384 384 ) (-640 192 384 ) 
4 255 258 (-640 384 384 ) (-512 384 384 ) (-512 192 384 ) (-640 192 384 ) 
4 256 259 (-608 1024 256 ) (-512 1024 256 ) (-512 768 256 ) (-608 768 256 ) 
4 256 257 (-608 1024 256 ) (-608 768 256 ) (-608 768 384 ) (-608 1024 384 ) 
4 257 264 (-640 768 384 ) (-640 1024 384 ) (-640 1024 256 ) (-640 768 256 ) 
4 257 260 (-640 768 256 ) (-640 1024 256 ) (-608 1024 256 ) (-608 768 256 ) 
4 258 264 (-640 192 384 ) (-640 384 384 ) (-640 384 256 ) (-640 192 256 ) 
4 258 261 (-640 192 256 ) (-640 384 256 ) (-512 384 256 ) (-512 192 256 ) 
4 259 260 (-608 1024 0 ) (-608 488 0 ) (-608 488 256 ) (-608 1024 256 ) 
4 260 264 (-640 488 256 ) (-640 1024 256 ) (-640 1024 0 ) (-640 488 0 ) 
4 261 264 (-640 192 256 ) (-640 384 256 ) (-640 384 0 ) (-640 192 0 ) 
4 261 262 (-640 192 0 ) (-640 384 0 ) (-512 384 0 ) (-512 192 0 ) 
4 262 264 (-640 192 0 ) (-640 384 0 ) (-640 384 -256 ) (-640 192 -256 ) 
4 262 263 (-640 192 -256 ) (-640 384 -256 ) (-512 384 -256 ) (-512 192 -256 ) 
4 263 264 (-640 192 -256 ) (-640 1024 -256 ) (-640 1024 -2560 ) (-640 192 -2560 ) 
4 264 271 (-1024 1024 384 ) (-1024 1024 -2560 ) (-1024 192 -2560 ) (-1024 192 384 ) 
4 266 268 (352 -3072 0 ) (352 -3072 512 ) (0 -3072 512 ) (0 -3072 0 ) 
4 266 267 (0 -3072 0 ) (0 -3072 512 ) (0 -2560 512 ) (0 -2560 0 ) 
4 267 269 (0 -3072 0 ) (0 -3072 512 ) (-352 -3072 512 ) (-352 -3072 0 ) 
4 268 269 (0 -3072 512 ) (0 -3072 0 ) (0 -3840 0 ) (0 -3840 512 ) 
4 270 278 (-2048 1024 1280 ) (-2048 1024 1152 ) (-2048 512 1152 ) (-2048 512 1280 ) 
4 270 277 (-2048 512 1152 ) (-2048 1024 1152 ) (-1920 1024 1152 ) (-1920 512 1152 ) 
4 270 272 (-1824 1024 1152 ) (-1792 1024 1152 ) (-1792 512 1152 ) (-1824 512 1152 ) 
4 270 271 (-1792 1024 1152 ) (-1024 1024 1152 ) (-1024 512 1152 ) (-1792 512 1152 ) 
4 270 276 (-1920 1024 1152 ) (-1824 1024 1152 ) (-1824 512 1152 ) (-1920 512 1152 ) 
4 271 273 (-1792 512 0 ) (-1792 512 512 ) (-1792 1024 512 ) (-1792 1024 0 ) 
4 271 272 (-1792 512 512 ) (-1792 512 1152 ) (-1792 1024 1152 ) (-1792 1024 512 ) 
4 271 274 (-1792 1024 -2560 ) (-1792 512 -2560 ) (-1792 512 0 ) (-1792 1024 0 ) 
4 271 275 (-1792 512 -2560 ) (-1792 192 -2560 ) (-1792 192 1152 ) (-1792 512 1152 ) 
4 272 276 (-1824 512 512 ) (-1824 512 1152 ) (-1824 1024 1152 ) (-1824 1024 512 ) 
4 272 275 (-1824 512 1152 ) (-1824 512 512 ) (-1792 512 512 ) (-1792 512 1152 ) 
4 272 273 (-1792 512 512 ) (-1824 512 512 ) (-1824 1024 512 ) (-1792 1024 512 ) 
4 273 274 (-1792 512 0 ) (-1824 512 0 ) (-1824 1024 0 ) (-1792 1024 0 ) 
4 273 276 (-1824 512 0 ) (-1824 512 512 ) (-1824 1024 512 ) (-1824 1024 0 ) 
4 273 275 (-1824 512 512 ) (-1824 512 0 ) (-1792 512 0 ) (-1792 512 512 ) 
4 274 275 (-1824 512 0 ) (-1824 512 -2560 ) (-1792 512 -2560 ) (-1792 512 0 ) 
4 274 276 (-1824 1024 -2560 ) (-1824 512 -2560 ) (-1824 512 0 ) (-1824 1024 0 ) 
4 275 276 (-1824 512 -2560 ) (-1824 192 -2560 ) (-1824 192 1152 ) (-1824 512 1152 ) 
4 276 277 (-1920 192 -864 ) (-1920 192 1152 ) (-1920 1024 1152 ) (-1920 1024 -864 ) 
4 277 279 (-2048 1024 1152 ) (-2048 1024 -864 ) (-2048 192 -864 ) (-2048 192 1152 ) 
4 278 281 (-2688 1024 1280 ) (-2688 1024 1152 ) (-2688 512 1152 ) (-2688 512 1280 ) 
4 278 280 (-2688 512 1152 ) (-2688 1024 1152 ) (-2176 1024 1152 ) (-2176 512 1152 ) 
4 278 279 (-2176 1024 1152 ) (-2048 1024 1152 ) (-2048 512 1152 ) (-2176 512 1152 ) 
4 279 280 (-2176 1024 -864 ) (-2176 448 -864 ) (-2176 448 1152 ) (-2176 1024 1152 ) 
4 280 282 (-2688 1024 1152 ) (-2688 1024 -864 ) (-2688 448 -864 ) (-2688 448 1152 ) 
4 281 285 (-3072 1024 1280 ) (-3072 1024 1152 ) (-3072 512 1152 ) (-3072 512 1280 ) 
4 281 282 (-3072 512 1152 ) (-3072 1024 1152 ) (-2688 1024 1152 ) (-2688 512 1152 ) 
4 282 286 (-3072 192 -864 ) (-3072 192 1152 ) (-3072 1024 1152 ) (-3072 1024 -864 ) 
4 282 283 (-3072 192 1152 ) (-3072 192 -864 ) (-2688 192 -864 ) (-2688 192 1152 ) 
4 283 287 (-3072 128 -864 ) (-3072 128 2048 ) (-3072 192 2048 ) (-3072 192 -864 ) 
4 283 284 (-2688 128 -864 ) (-2688 128 2048 ) (-3072 128 2048 ) (-3072 128 -864 ) 
4 284 289 (-2688 0 -1984 ) (-2688 0 2048 ) (-3072 0 2048 ) (-3072 0 -1984 ) 
4 284 288 (-3072 0 -1984 ) (-3072 0 2048 ) (-3072 128 2048 ) (-3072 128 -1984 ) 
4 285 293 (-4096 1024 1280 ) (-4096 1024 1152 ) (-4096 512 1152 ) (-4096 512 1280 ) 
4 285 286 (-4096 512 1152 ) (-4096 1024 1152 ) (-3072 1024 1152 ) (-3072 512 1152 ) 
4 286 295 (-4096 1024 1152 ) (-4096 1024 -864 ) (-4096 192 -864 ) (-4096 192 1152 ) 
4 286 287 (-4096 192 1152 ) (-4096 192 -864 ) (-3072 192 -864 ) (-3072 192 1152 ) 
4 287 295 (-4096 128 -864 ) (-4096 128 1152 ) (-4096 192 1152 ) (-4096 192 -864 ) 
4 287 294 (-4096 128 1152 ) (-4096 128 2048 ) (-4096 192 2048 ) (-4096 192 1152 ) 
4 287 288 (-3072 128 -864 ) (-3072 128 2048 ) (-4096 128 2048 ) (-4096 128 -864 ) 
4 288 296 (-4096 0 -1984 ) (-4096 0 1152 ) (-4096 128 1152 ) (-4096 128 -1984 ) 
4 288 294 (-4096 0 1152 ) (-4096 0 2048 ) (-4096 128 2048 ) (-4096 128 1152 ) 
4 288 290 (-3072 0 -1984 ) (-3072 0 2048 ) (-4096 0 2048 ) (-4096 0 -1984 ) 
4 289 291 (-2688 -1024 -1984 ) (-2688 -1024 2048 ) (-3072 -1024 2048 ) (-3072 -1024 -1984 ) 
4 289 290 (-3072 0 2048 ) (-3072 0 -1984 ) (-3072 -1024 -1984 ) (-3072 -1024 2048 ) 
4 290 301 (-4096 -1024 -1984 ) (-4096 -1024 2048 ) (-4096 0 2048 ) (-4096 0 -1984 ) 
4 290 292 (-3072 -1024 -1984 ) (-3072 -1024 2048 ) (-4096 -1024 2048 ) (-4096 -1024 -1984 ) 
4 291 292 (-3072 -1024 2048 ) (-3072 -1024 -1984 ) (-3072 -1888 -1984 ) (-3072 -1888 2048 ) 
4 292 302 (-4096 -1888 -1984 ) (-4096 -1888 2048 ) (-4096 -1024 2048 ) (-4096 -1024 -1984 ) 
4 293 297 (-4608 1024 1280 ) (-4608 1024 1152 ) (-4608 512 1152 ) (-4608 512 1280 ) 
4 293 295 (-4608 512 1152 ) (-4608 1024 1152 ) (-4096 1024 1152 ) (-4096 512 1152 ) 
4 294 301 (-4096 0 1152 ) (-4096 0 2048 ) (-4608 0 2048 ) (-4608 0 1152 ) 
4 294 298 (-4608 0 1152 ) (-4608 0 2048 ) (-4608 128 2048 ) (-4608 128 1152 ) 
4 294 297 (-4608 128 2048 ) (-4608 192 2048 ) (-4608 192 1152 ) (-4608 128 1152 ) 
4 294 296 (-4096 0 1152 ) (-4608 0 1152 ) (-4608 128 1152 ) (-4096 128 1152 ) 
4 294 295 (-4608 128 1152 ) (-4608 192 1152 ) (-4096 192 1152 ) (-4096 128 1152 ) 
4 295 297 (-4608 128 -864 ) (-4608 128 1152 ) (-4608 1024 1152 ) (-4608 1024 -864 ) 
4 295 296 (-4096 128 1152 ) (-4608 128 1152 ) (-4608 128 -864 ) (-4096 128 -864 ) 
4 296 301 (-4096 0 -1984 ) (-4096 0 1152 ) (-4608 0 1152 ) (-4608 0 -1984 ) 
4 296 298 (-4608 0 -1984 ) (-4608 0 1152 ) (-4608 128 1152 ) (-4608 128 -1984 ) 
4 297 299 (-5120 1024 2048 ) (-5120 1024 -864 ) (-5120 128 -864 ) (-5120 128 2048 ) 
4 297 298 (-5120 128 2048 ) (-5120 128 -864 ) (-4608 128 -864 ) (-4608 128 2048 ) 
4 298 301 (-4608 0 -1984 ) (-4608 0 2048 ) (-5120 0 2048 ) (-5120 0 -1984 ) 
4 298 300 (-5120 0 -1984 ) (-5120 0 2048 ) (-5120 128 2048 ) (-5120 128 -1984 ) 
4 299 300 (-5728 128 2048 ) (-5728 128 -864 ) (-5120 128 -864 ) (-5120 128 2048 ) 
4 300 303 (-5120 0 -1984 ) (-5120 0 2048 ) (-5728 0 2048 ) (-5728 0 -1984 ) 
4 301 303 (-5120 0 2048 ) (-5120 0 -1984 ) (-5120 -1024 -1984 ) (-5120 -1024 2048 ) 
4 301 302 (-4096 -1024 -1984 ) (-4096 -1024 2048 ) (-5120 -1024 2048 ) (-5120 -1024 -1984 ) 
4 302 304 (-5120 -1888 -1984 ) (-5120 -1888 2048 ) (-5120 -1024 2048 ) (-5120 -1024 -1984 ) 
4 303 304 (-5120 -1024 -1984 ) (-5120 -1024 2048 ) (-5728 -1024 2048 ) (-5728 -1024 -1984 ) 
4 305 309 (-2948 -3072 64 ) (-3072 -3072 64 ) (-3072 -3072 -64 ) (-2948 -3072 -64 ) 
4 305 306 (-3072 -3072 -64 ) (-3072 -3072 64 ) (-3072 -2980 64 ) (-3072 -2980 -64 ) 
4 306 310 (-3072 -3072 -64 ) (-3072 -3072 64 ) (-3076 -3072 64 ) (-3076 -3072 -64 ) 
4 308 311 (-3204 -3072 64 ) (-3332 -3072 64 ) (-3332 -3072 -64 ) (-3204 -3072 -64 ) 
4 309 310 (-3072 -3072 64 ) (-3072 -3072 -64 ) (-3072 -3108 -64 ) (-3072 -3108 64 ) 
