PRT1
435
1242
4 0 11 (3072 0 -512 ) (3072 0 1152 ) (3072 96 1152 ) (3072 96 -512 ) 
4 0 6 (3136 0 1152 ) (3072 0 1152 ) (3072 0 -512 ) (3136 0 -512 ) 
4 0 2 (3152 0 1152 ) (3136 0 1152 ) (3136 0 -512 ) (3152 0 -512 ) 
4 0 1 (3520 0 -512 ) (3520 0 1152 ) (3152 0 1152 ) (3152 0 -512 ) 
4 1 5 (3152 -304 -512 ) (3152 -544 -512 ) (3152 -544 1152 ) (3152 -304 1152 ) 
4 1 4 (3152 -304 80 ) (3152 -304 1152 ) (3152 -288 1152 ) (3152 -288 80 ) 
4 1 3 (3152 -288 80 ) (3152 -288 1152 ) (3152 -16 1152 ) (3152 -16 80 ) 
4 1 2 (3152 0 1152 ) (3152 0 -512 ) (3152 -16 -512 ) (3152 -16 1152 ) 
4 2 6 (3136 -16 -512 ) (3136 -16 1152 ) (3136 0 1152 ) (3136 0 -512 ) 
4 2 3 (3136 -16 1152 ) (3136 -16 80 ) (3152 -16 80 ) (3152 -16 1152 ) 
4 3 8 (3136 -288 80 ) (3136 -288 1152 ) (3136 -32 1152 ) (3136 -32 80 ) 
4 3 7 (3136 -32 1152 ) (3136 -16 1152 ) (3136 -16 80 ) (3136 -32 80 ) 
4 3 4 (3136 -288 1152 ) (3136 -288 80 ) (3152 -288 80 ) (3152 -288 1152 ) 
4 4 9 (3136 -304 80 ) (3136 -304 1152 ) (3136 -288 1152 ) (3136 -288 80 ) 
4 4 5 (3136 -304 1152 ) (3136 -304 80 ) (3152 -304 80 ) (3152 -304 1152 ) 
4 5 10 (3136 -544 -512 ) (3136 -544 1152 ) (3136 -304 1152 ) (3136 -304 -512 ) 
4 6 46 (3072 -16 -512 ) (3072 -16 384 ) (3072 0 384 ) (3072 0 -512 ) 
4 6 32 (3072 -16 384 ) (3072 -16 512 ) (3072 0 512 ) (3072 0 384 ) 
4 6 29 (3072 -16 512 ) (3072 -16 576 ) (3072 0 576 ) (3072 0 512 ) 
4 6 20 (3072 -16 576 ) (3072 -16 1152 ) (3072 0 1152 ) (3072 0 576 ) 
4 6 7 (3072 -16 1152 ) (3072 -16 80 ) (3136 -16 80 ) (3136 -16 1152 ) 
4 7 47 (3072 -32 80 ) (3072 -32 384 ) (3072 -16 384 ) (3072 -16 80 ) 
4 7 32 (3072 -32 384 ) (3072 -32 512 ) (3072 -16 512 ) (3072 -16 384 ) 
4 7 29 (3072 -32 512 ) (3072 -32 576 ) (3072 -16 576 ) (3072 -16 512 ) 
4 7 20 (3072 -32 576 ) (3072 -32 1152 ) (3072 -16 1152 ) (3072 -16 576 ) 
4 7 8 (3136 -32 80 ) (3136 -32 1152 ) (3072 -32 1152 ) (3072 -32 80 ) 
4 8 48 (3072 -288 -4192 ) (3072 -288 384 ) (3072 -32 384 ) (3072 -32 -4192 ) 
4 8 40 (3072 -288 384 ) (3072 -288 512 ) (3072 -256 512 ) (3072 -256 384 ) 
4 8 37 (3072 -256 512 ) (3072 -224 512 ) (3072 -224 384 ) (3072 -256 384 ) 
4 8 33 (3072 -96 512 ) (3072 -64 512 ) (3072 -64 384 ) (3072 -96 384 ) 
4 8 32 (3072 -64 512 ) (3072 -32 512 ) (3072 -32 384 ) (3072 -64 384 ) 
4 8 36 (3072 -224 512 ) (3072 -96 512 ) (3072 -96 384 ) (3072 -224 384 ) 
4 8 29 (3072 -288 512 ) (3072 -288 576 ) (3072 -32 576 ) (3072 -32 512 ) 
4 8 20 (3072 -288 576 ) (3072 -288 1152 ) (3072 -32 1152 ) (3072 -32 576 ) 
4 8 9 (3072 -288 1152 ) (3072 -288 80 ) (3136 -288 80 ) (3136 -288 1152 ) 
4 9 49 (3072 -304 80 ) (3072 -304 384 ) (3072 -288 384 ) (3072 -288 80 ) 
4 9 40 (3072 -304 384 ) (3072 -304 512 ) (3072 -288 512 ) (3072 -288 384 ) 
4 9 29 (3072 -304 512 ) (3072 -304 576 ) (3072 -288 576 ) (3072 -288 512 ) 
4 9 20 (3072 -304 576 ) (3072 -304 1152 ) (3072 -288 1152 ) (3072 -288 576 ) 
4 9 10 (3136 -304 80 ) (3136 -304 1152 ) (3072 -304 1152 ) (3072 -304 80 ) 
4 10 50 (3072 -544 -512 ) (3072 -544 384 ) (3072 -304 384 ) (3072 -304 -512 ) 
4 10 40 (3072 -544 384 ) (3072 -544 512 ) (3072 -304 512 ) (3072 -304 384 ) 
4 10 29 (3072 -544 512 ) (3072 -544 576 ) (3072 -304 576 ) (3072 -304 512 ) 
4 10 20 (3072 -544 576 ) (3072 -544 1152 ) (3072 -304 1152 ) (3072 -304 576 ) 
4 11 55 (2864 0 384 ) (2688 0 384 ) (2688 0 -512 ) (2864 0 -512 ) 
4 11 51 (2880 0 384 ) (2864 0 384 ) (2864 0 -512 ) (2880 0 -512 ) 
4 11 46 (3072 0 -512 ) (3072 0 384 ) (2880 0 384 ) (2880 0 -512 ) 
4 11 32 (3072 0 384 ) (3072 0 512 ) (2688 0 512 ) (2688 0 384 ) 
4 11 29 (3072 0 512 ) (3072 0 576 ) (2688 0 576 ) (2688 0 512 ) 
4 11 20 (3072 0 576 ) (3072 0 1152 ) (2688 0 1152 ) (2688 0 576 ) 
4 12 64 (2048 432 1264 ) (2048 432 928 ) (2048 336 928 ) (2048 336 1264 ) 
4 12 15 (2048 336 928 ) (2048 432 928 ) (2128 432 928 ) (2128 336 928 ) 
4 13 14 (2112 312 1408 ) (2112 312 928 ) (2112 288 928 ) (2112 288 1408 ) 
4 14 67 (2048 312 1144 ) (2048 312 928 ) (2048 288 928 ) (2048 288 1144 ) 
4 14 68 (2048 0 928 ) (2048 0 1408 ) (2048 288 1408 ) (2048 288 928 ) 
4 14 25 (2112 0 1408 ) (2048 0 1408 ) (2048 0 928 ) (2112 0 928 ) 
4 15 83 (2048 336 928 ) (2048 432 928 ) (2048 432 896 ) (2048 336 896 ) 
4 15 17 (2128 432 896 ) (2128 336 896 ) (2048 336 896 ) (2048 432 896 ) 
4 16 17 (2176 512 896 ) (2176 512 192 ) (2176 128 192 ) (2176 128 896 ) 
4 17 91 (2048 128 128 ) (2048 128 896 ) (2048 512 896 ) (2048 512 128 ) 
4 17 19 (2112 128 896 ) (2048 128 896 ) (2048 128 128 ) (2112 128 128 ) 
4 17 18 (2144 192 128 ) (2144 448 128 ) (2176 448 128 ) (2176 192 128 ) 
4 19 131 (2048 0 0 ) (2048 0 120 ) (2048 96 120 ) (2048 96 0 ) 
4 19 130 (2048 96 120 ) (2048 128 120 ) (2048 128 0 ) (2048 96 0 ) 
4 19 119 (2048 0 120 ) (2048 0 896 ) (2048 128 896 ) (2048 128 120 ) 
4 19 62 (2112 0 0 ) (2112 0 128 ) (2048 0 128 ) (2048 0 0 ) 
4 19 61 (2112 0 128 ) (2112 0 384 ) (2048 0 384 ) (2048 0 128 ) 
4 19 45 (2112 0 384 ) (2112 0 576 ) (2048 0 576 ) (2048 0 384 ) 
4 19 26 (2112 0 576 ) (2112 0 896 ) (2048 0 896 ) (2048 0 576 ) 
4 20 29 (2688 -544 576 ) (2688 0 576 ) (3072 0 576 ) (3072 -544 576 ) 
4 21 30 (2432 -224 576 ) (2432 -96 576 ) (2496 -96 576 ) (2496 -224 576 ) 
4 22 45 (2240 -32 576 ) (2240 -288 576 ) (2208 -288 576 ) (2208 -32 576 ) 
4 23 45 (2180 -224 576 ) (2176 -224 576 ) (2176 -160 576 ) (2180 -160 576 ) 
4 23 24 (2176 -160 576 ) (2176 -224 576 ) (2176 -224 608 ) (2176 -160 608 ) 
4 24 45 (2112 0 576 ) (2176 0 576 ) (2176 -288 576 ) (2112 -288 576 ) 
4 24 28 (2112 -288 576 ) (2176 -288 576 ) (2176 -288 896 ) (2112 -288 896 ) 
4 24 26 (2112 0 576 ) (2112 -288 576 ) (2112 -288 896 ) (2112 0 896 ) 
4 25 228 (2048 0 1408 ) (2048 0 928 ) (2048 -224 928 ) (2048 -224 1408 ) 
4 26 237 (2048 -128 576 ) (2048 -288 576 ) (2048 -288 896 ) (2048 -128 896 ) 
4 26 236 (2048 0 896 ) (2048 0 576 ) (2048 -128 576 ) (2048 -128 896 ) 
4 26 45 (2048 -288 576 ) (2048 0 576 ) (2112 0 576 ) (2112 -288 576 ) 
4 26 28 (2048 -288 576 ) (2112 -288 576 ) (2112 -288 896 ) (2048 -288 896 ) 
4 27 45 (2240 -320 576 ) (2240 -384 576 ) (2176 -384 576 ) (2176 -320 576 ) 
4 27 28 (2176 -384 576 ) (2176 -384 896 ) (2176 -320 896 ) (2176 -320 576 ) 
4 28 237 (2048 -384 896 ) (2048 -288 896 ) (2048 -288 576 ) (2048 -384 576 ) 
4 28 45 (2048 -384 576 ) (2048 -288 576 ) (2176 -288 576 ) (2176 -384 576 ) 
4 29 40 (3072 -256 512 ) (3072 -544 512 ) (2688 -544 512 ) (2688 -256 512 ) 
4 29 37 (3072 -224 512 ) (3072 -256 512 ) (2688 -256 512 ) (2688 -224 512 ) 
4 29 33 (3072 -64 512 ) (3072 -96 512 ) (2688 -96 512 ) (2688 -64 512 ) 
4 29 32 (2688 0 512 ) (3072 0 512 ) (3072 -64 512 ) (2688 -64 512 ) 
4 29 36 (3072 -96 512 ) (3072 -224 512 ) (2688 -224 512 ) (2688 -96 512 ) 
4 30 31 (2496 -256 574 ) (2432 -256 574 ) (2432 -64 574 ) (2496 -64 574 ) 
4 31 38 (2432 -256 512 ) (2432 -224 512 ) (2496 -224 512 ) (2496 -256 512 ) 
4 31 34 (2432 -96 512 ) (2432 -64 512 ) (2496 -64 512 ) (2496 -96 512 ) 
4 31 36 (2432 -224 512 ) (2432 -96 512 ) (2496 -96 512 ) (2496 -224 512 ) 
4 32 55 (2688 0 384 ) (2864 0 384 ) (2864 -64 384 ) (2688 -64 384 ) 
4 32 52 (2880 -16 384 ) (2880 -64 384 ) (2864 -64 384 ) (2864 -16 384 ) 
4 32 51 (2864 0 384 ) (2880 0 384 ) (2880 -16 384 ) (2864 -16 384 ) 
4 32 48 (3072 -32 384 ) (3072 -64 384 ) (2880 -64 384 ) (2880 -32 384 ) 
4 32 47 (3072 -16 384 ) (3072 -32 384 ) (2880 -32 384 ) (2880 -16 384 ) 
4 32 46 (2880 0 384 ) (3072 0 384 ) (3072 -16 384 ) (2880 -16 384 ) 
4 32 33 (3072 -64 512 ) (2688 -64 512 ) (2688 -64 384 ) (3072 -64 384 ) 
4 33 55 (2864 -96 384 ) (2688 -96 384 ) (2688 -64 384 ) (2864 -64 384 ) 
4 33 52 (2880 -96 384 ) (2864 -96 384 ) (2864 -64 384 ) (2880 -64 384 ) 
4 33 48 (3072 -64 384 ) (3072 -96 384 ) (2880 -96 384 ) (2880 -64 384 ) 
4 33 36 (3072 -96 512 ) (2688 -96 512 ) (2688 -96 384 ) (3072 -96 384 ) 
4 34 36 (2496 -96 512 ) (2432 -96 512 ) (2432 -96 384 ) (2496 -96 384 ) 
4 35 36 (2424 -96 512 ) (2408 -96 512 ) (2408 -96 384 ) (2424 -96 384 ) 
4 36 56 (2688 -224 384 ) (2496 -224 384 ) (2496 -96 384 ) (2688 -96 384 ) 
4 36 55 (2864 -224 384 ) (2688 -224 384 ) (2688 -96 384 ) (2864 -96 384 ) 
4 36 52 (2880 -224 384 ) (2864 -224 384 ) (2864 -96 384 ) (2880 -96 384 ) 
4 36 48 (3072 -96 384 ) (3072 -224 384 ) (2880 -224 384 ) (2880 -96 384 ) 
4 36 41 (2272 -96 384 ) (2272 -224 384 ) (2272 -224 512 ) (2272 -96 512 ) 
4 36 39 (2424 -224 512 ) (2408 -224 512 ) (2408 -224 384 ) (2424 -224 384 ) 
4 36 38 (2496 -224 512 ) (2432 -224 512 ) (2432 -224 384 ) (2496 -224 384 ) 
4 36 37 (3072 -224 512 ) (2688 -224 512 ) (2688 -224 384 ) (3072 -224 384 ) 
4 37 55 (2864 -256 384 ) (2688 -256 384 ) (2688 -224 384 ) (2864 -224 384 ) 
4 37 52 (2880 -256 384 ) (2864 -256 384 ) (2864 -224 384 ) (2880 -224 384 ) 
4 37 48 (3072 -224 384 ) (3072 -256 384 ) (2880 -256 384 ) (2880 -224 384 ) 
4 37 40 (3072 -256 512 ) (2688 -256 512 ) (2688 -256 384 ) (3072 -256 384 ) 
4 40 55 (2864 -544 384 ) (2688 -544 384 ) (2688 -256 384 ) (2864 -256 384 ) 
4 40 54 (2880 -544 384 ) (2864 -544 384 ) (2864 -304 384 ) (2880 -304 384 ) 
4 40 53 (2864 -304 384 ) (2864 -288 384 ) (2880 -288 384 ) (2880 -304 384 ) 
4 40 52 (2864 -288 384 ) (2864 -256 384 ) (2880 -256 384 ) (2880 -288 384 ) 
4 40 50 (3072 -304 384 ) (3072 -544 384 ) (2880 -544 384 ) (2880 -304 384 ) 
4 40 49 (3072 -288 384 ) (3072 -304 384 ) (2880 -304 384 ) (2880 -288 384 ) 
4 40 48 (3072 -256 384 ) (3072 -288 384 ) (2880 -288 384 ) (2880 -256 384 ) 
4 41 42 (2255 -256 384 ) (2255 -256 512 ) (2255 -64 512 ) (2255 -64 384 ) 
4 42 43 (2254 -256 384 ) (2254 -256 512 ) (2254 -64 512 ) (2254 -64 384 ) 
4 43 60 (2248 -256 384 ) (2240 -256 384 ) (2240 -64 384 ) (2248 -64 384 ) 
4 43 45 (2240 -64 384 ) (2240 -256 384 ) (2240 -256 512 ) (2240 -64 512 ) 
4 43 44 (2240 -256 448 ) (2240 -256 416 ) (2242 -256 416 ) (2242 -256 448 ) 
4 44 45 (2240 -288 416 ) (2240 -288 448 ) (2240 -256 448 ) (2240 -256 416 ) 
4 45 237 (2048 -384 576 ) (2048 -128 576 ) (2048 -128 384 ) (2048 -384 384 ) 
4 45 236 (2048 -128 576 ) (2048 0 576 ) (2048 0 384 ) (2048 -128 384 ) 
4 45 63 (2048 -384 384 ) (2048 -128 384 ) (2240 -128 384 ) (2240 -384 384 ) 
4 45 61 (2048 -128 384 ) (2048 0 384 ) (2240 0 384 ) (2240 -128 384 ) 
4 46 51 (2880 -16 384 ) (2880 0 384 ) (2880 0 -512 ) (2880 -16 -512 ) 
4 46 47 (2880 -16 384 ) (2880 -16 80 ) (3072 -16 80 ) (3072 -16 384 ) 
4 47 52 (2880 -32 384 ) (2880 -16 384 ) (2880 -16 80 ) (2880 -32 80 ) 
4 47 48 (2880 -32 384 ) (2880 -32 80 ) (3072 -32 80 ) (3072 -32 384 ) 
4 48 52 (2880 -288 384 ) (2880 -32 384 ) (2880 -32 80 ) (2880 -288 80 ) 
4 48 49 (2880 -288 384 ) (2880 -288 80 ) (3072 -288 80 ) (3072 -288 384 ) 
4 49 53 (2880 -304 384 ) (2880 -288 384 ) (2880 -288 80 ) (2880 -304 80 ) 
4 49 50 (2880 -304 384 ) (2880 -304 80 ) (3072 -304 80 ) (3072 -304 384 ) 
4 50 54 (2880 -544 384 ) (2880 -304 384 ) (2880 -304 -512 ) (2880 -544 -512 ) 
4 51 55 (2864 -16 -512 ) (2864 -16 384 ) (2864 0 384 ) (2864 0 -512 ) 
4 51 52 (2864 -16 384 ) (2864 -16 80 ) (2880 -16 80 ) (2880 -16 384 ) 
4 52 55 (2864 -288 80 ) (2864 -288 384 ) (2864 -16 384 ) (2864 -16 80 ) 
4 52 53 (2864 -288 384 ) (2864 -288 80 ) (2880 -288 80 ) (2880 -288 384 ) 
4 53 55 (2864 -304 80 ) (2864 -304 384 ) (2864 -288 384 ) (2864 -288 80 ) 
4 53 54 (2864 -304 384 ) (2864 -304 80 ) (2880 -304 80 ) (2880 -304 384 ) 
4 54 55 (2864 -544 -512 ) (2864 -544 384 ) (2864 -304 384 ) (2864 -304 -512 ) 
4 55 56 (2688 -224 384 ) (2688 -96 384 ) (2688 -96 256 ) (2688 -224 256 ) 
4 57 58 (2248 -64 128 ) (2336 -64 128 ) (2336 -64 336 ) (2248 -64 336 ) 
4 58 60 (2248 -256 192 ) (2248 -256 336 ) (2248 -64 336 ) (2248 -64 192 ) 
4 58 59 (2248 -256 128 ) (2336 -256 128 ) (2336 -256 336 ) (2248 -256 336 ) 
4 60 63 (2240 -256 384 ) (2240 -128 384 ) (2240 -128 192 ) (2240 -256 192 ) 
4 60 61 (2240 -128 384 ) (2240 -64 384 ) (2240 -64 192 ) (2240 -128 192 ) 
4 61 236 (2048 -128 128 ) (2048 -128 384 ) (2048 0 384 ) (2048 0 128 ) 
4 61 63 (2240 -128 128 ) (2240 -128 384 ) (2048 -128 384 ) (2048 -128 128 ) 
4 61 62 (2112 -128 128 ) (2048 -128 128 ) (2048 0 128 ) (2112 0 128 ) 
4 62 236 (2048 -128 0 ) (2048 -128 128 ) (2048 0 128 ) (2048 0 0 ) 
4 63 237 (2048 -384 128 ) (2048 -384 384 ) (2048 -128 384 ) (2048 -128 128 ) 
4 64 83 (2048 432 928 ) (2048 336 928 ) (2032 336 928 ) (2032 432 928 ) 
4 65 84 (1920 320 928 ) (1792 320 928 ) (1792 512 928 ) (1920 512 928 ) 
4 65 66 (1792 320 1144 ) (1792 320 928 ) (2008 320 928 ) (2008 320 1144 ) 
4 66 84 (1920 312 928 ) (1792 312 928 ) (1792 320 928 ) (1920 320 928 ) 
4 66 67 (1792 312 1144 ) (1792 312 928 ) (2008 312 928 ) (2008 312 1144 ) 
4 67 84 (1920 288 928 ) (1792 288 928 ) (1792 312 928 ) (1920 312 928 ) 
4 67 68 (1792 288 1144 ) (1792 288 928 ) (2048 288 928 ) (2048 288 1144 ) 
4 68 228 (2048 0 928 ) (2048 0 1408 ) (1792 0 1408 ) (1792 0 928 ) 
4 68 116 (2048 128 928 ) (2048 0 928 ) (1792 0 928 ) (1792 128 928 ) 
4 68 90 (2048 224 928 ) (2048 128 928 ) (1792 128 928 ) (1792 224 928 ) 
4 68 86 (2048 256 928 ) (2048 224 928 ) (2016 224 928 ) (2016 256 928 ) 
4 68 87 (1920 224 928 ) (1792 224 928 ) (1792 256 928 ) (1920 256 928 ) 
4 68 84 (1920 256 928 ) (1792 256 928 ) (1792 288 928 ) (1920 288 928 ) 
4 68 70 (1792 224 1112 ) (1792 224 1408 ) (1792 256 1408 ) (1792 256 1112 ) 
4 68 71 (1792 224 928 ) (1792 0 928 ) (1792 0 1408 ) (1792 224 1408 ) 
4 69 84 (1760 288 928 ) (1760 256 928 ) (1536 256 928 ) (1536 288 928 ) 
4 69 74 (1472 288 928 ) (1472 256 928 ) (1472 256 1112 ) (1472 288 1112 ) 
4 69 72 (1472 256 1152 ) (1472 256 1408 ) (1472 288 1408 ) (1472 288 1152 ) 
4 69 70 (1472 256 1408 ) (1472 256 1112 ) (1760 256 1112 ) (1760 256 1408 ) 
4 70 72 (1472 224 1152 ) (1472 224 1408 ) (1472 256 1408 ) (1472 256 1152 ) 
4 70 71 (1472 224 1408 ) (1472 224 1112 ) (1792 224 1112 ) (1792 224 1408 ) 
4 71 228 (1792 0 1408 ) (1472 0 1408 ) (1472 0 928 ) (1792 0 928 ) 
4 71 117 (1536 0 928 ) (1472 0 928 ) (1472 96 928 ) (1536 96 928 ) 
4 71 116 (1792 128 928 ) (1792 0 928 ) (1536 0 928 ) (1536 128 928 ) 
4 71 90 (1792 224 928 ) (1792 128 928 ) (1536 128 928 ) (1536 224 928 ) 
4 71 77 (1472 0 968 ) (1472 0 1112 ) (1472 96 1112 ) (1472 96 968 ) 
4 71 72 (1472 0 1152 ) (1472 0 1408 ) (1472 224 1408 ) (1472 224 1152 ) 
4 72 229 (1472 0 1408 ) (1408 0 1408 ) (1408 0 1152 ) (1472 0 1152 ) 
4 72 73 (1408 288 1408 ) (1408 288 1152 ) (1408 0 1152 ) (1408 0 1408 ) 
4 73 231 (1408 0 1408 ) (1152 0 1408 ) (1152 0 1112 ) (1408 0 1112 ) 
4 73 78 (1408 96 1112 ) (1408 0 1112 ) (1152 0 1112 ) (1152 96 1112 ) 
4 73 76 (1152 288 1112 ) (1344 288 1112 ) (1344 96 1112 ) (1152 96 1112 ) 
4 73 75 (1376 288 1112 ) (1408 288 1112 ) (1408 128 1112 ) (1376 128 1112 ) 
4 74 85 (1472 272 928 ) (1472 256 928 ) (1440 256 928 ) (1440 272 928 ) 
4 74 75 (1440 224 1112 ) (1440 288 1112 ) (1440 288 928 ) (1440 224 928 ) 
4 75 85 (1440 272 928 ) (1440 256 928 ) (1408 256 928 ) (1408 272 928 ) 
4 76 88 (1344 256 928 ) (1344 224 928 ) (1152 224 928 ) (1152 256 928 ) 
4 76 78 (1152 96 928 ) (1344 96 928 ) (1344 96 1112 ) (1152 96 1112 ) 
4 77 230 (1472 0 968 ) (1472 0 1112 ) (1408 0 1112 ) (1408 0 968 ) 
4 77 78 (1408 96 1112 ) (1408 96 968 ) (1408 0 968 ) (1408 0 1112 ) 
4 78 231 (1152 0 928 ) (1408 0 928 ) (1408 0 1112 ) (1152 0 1112 ) 
4 79 84 (1792 512 928 ) (1728 512 928 ) (1728 512 896 ) (1792 512 896 ) 
4 79 81 (1728 544 928 ) (1728 544 896 ) (1728 512 896 ) (1728 512 928 ) 
4 79 80 (1728 512 896 ) (1728 544 896 ) (1792 544 896 ) (1792 512 896 ) 
4 80 92 (1728 512 896 ) (1728 512 640 ) (1856 512 640 ) (1856 512 896 ) 
4 80 82 (1728 544 896 ) (1728 544 768 ) (1728 512 768 ) (1728 512 896 ) 
4 81 84 (1728 512 928 ) (1536 512 928 ) (1536 512 896 ) (1728 512 896 ) 
4 81 82 (1600 544 896 ) (1728 544 896 ) (1728 512 896 ) (1600 512 896 ) 
4 82 92 (1728 512 768 ) (1728 512 896 ) (1600 512 896 ) (1600 512 768 ) 
4 83 91 (2048 432 896 ) (2048 336 896 ) (2032 336 896 ) (2032 432 896 ) 
4 84 93 (1856 272 896 ) (1856 256 896 ) (1536 256 896 ) (1536 272 896 ) 
4 84 92 (1536 512 896 ) (1856 512 896 ) (1856 272 896 ) (1536 272 896 ) 
4 84 91 (1856 512 896 ) (1920 512 896 ) (1920 256 896 ) (1856 256 896 ) 
4 84 87 (1792 256 896 ) (1920 256 896 ) (1920 256 928 ) (1792 256 928 ) 
4 85 93 (1408 272 896 ) (1472 272 896 ) (1472 256 896 ) (1408 256 896 ) 
4 86 91 (2016 256 896 ) (2048 256 896 ) (2048 224 896 ) (2016 224 896 ) 
4 86 90 (2016 224 896 ) (2048 224 896 ) (2048 224 928 ) (2016 224 928 ) 
4 87 93 (1792 256 896 ) (1856 256 896 ) (1856 224 896 ) (1792 224 896 ) 
4 87 91 (1856 256 896 ) (1920 256 896 ) (1920 224 896 ) (1856 224 896 ) 
4 87 90 (1792 224 896 ) (1920 224 896 ) (1920 224 928 ) (1792 224 928 ) 
4 89 94 (1088 224 896 ) (1088 256 896 ) (1344 256 896 ) (1344 224 896 ) 
4 90 116 (2048 128 928 ) (1536 128 928 ) (1536 128 896 ) (2048 128 896 ) 
4 90 93 (1856 128 896 ) (1536 128 896 ) (1536 224 896 ) (1856 224 896 ) 
4 90 91 (2048 128 896 ) (1856 128 896 ) (1856 224 896 ) (2048 224 896 ) 
4 91 119 (2048 128 128 ) (2048 128 896 ) (1856 128 896 ) (1856 128 128 ) 
4 91 113 (1856 128 128 ) (1856 128 640 ) (1856 320 640 ) (1856 320 128 ) 
4 91 96 (1856 320 640 ) (1856 448 640 ) (1856 448 128 ) (1856 320 128 ) 
4 91 95 (1856 448 640 ) (1856 512 640 ) (1856 512 128 ) (1856 448 128 ) 
4 91 93 (1856 128 640 ) (1856 128 896 ) (1856 272 896 ) (1856 272 640 ) 
4 91 92 (1856 272 896 ) (1856 512 896 ) (1856 512 640 ) (1856 272 640 ) 
4 92 113 (1856 320 640 ) (1856 272 640 ) (1120 272 640 ) (1120 320 640 ) 
4 92 96 (1856 448 640 ) (1856 320 640 ) (1120 320 640 ) (1120 448 640 ) 
4 92 95 (1120 512 640 ) (1856 512 640 ) (1856 448 640 ) (1120 448 640 ) 
4 92 93 (1408 272 640 ) (1856 272 640 ) (1856 272 896 ) (1408 272 896 ) 
4 93 124 (1408 128 640 ) (1436 128 640 ) (1436 128 896 ) (1408 128 896 ) 
4 93 120 (1436 128 640 ) (1468 128 640 ) (1468 128 896 ) (1436 128 896 ) 
4 93 119 (1468 128 640 ) (1856 128 640 ) (1856 128 896 ) (1468 128 896 ) 
4 93 113 (1856 272 640 ) (1856 128 640 ) (1408 128 640 ) (1408 272 640 ) 
4 93 94 (1408 256 640 ) (1408 128 640 ) (1408 128 896 ) (1408 256 896 ) 
4 94 145 (1088 128 640 ) (1088 128 896 ) (1088 192 896 ) (1088 192 640 ) 
4 94 143 (1088 192 896 ) (1088 256 896 ) (1088 256 640 ) (1088 192 640 ) 
4 94 128 (1088 128 896 ) (1088 128 640 ) (1352 128 640 ) (1352 128 896 ) 
4 94 124 (1352 128 640 ) (1408 128 640 ) (1408 128 896 ) (1352 128 896 ) 
4 94 113 (1408 128 640 ) (1088 128 640 ) (1088 256 640 ) (1408 256 640 ) 
4 95 108 (1483.939575 448 -128 ) (1495.372437 448 -128 ) (1215.997925 448 151.321991 ) (1210.329834 448 145.651947 ) 
4 95 101 (1088 448 -128 ) (1483.939575 448 -128 ) (1119.835815 448 236.159988 ) (1088 448 204.363708 ) 
3 95 97 (1125.492920 448 241.809998 ) (1088 448 279.295837 ) (1088 448 204.363708 ) 
5 95 96 (1495.372437 448 -128 ) (1856 448 -128 ) (1856 448 640 ) (1088 448 640 ) (1088 448 279.295837 ) 
5 96 113 (1495.372437 320 -128 ) (1856 320 -128 ) (1856 320 640 ) (1088 320 640 ) (1088 320 279.295837 ) 
4 96 112 (1495.375000 320 -128 ) (1216.002197 320 151.320282 ) (1216.001709 341 151.320770 ) (1495.375000 341 -128 ) 
4 96 109 (1216 428 151.322769 ) (1495.374878 428 -128 ) (1495.375000 341 -128 ) (1216.001709 341 151.320740 ) 
4 96 108 (1216 448 151.323242 ) (1495.374878 448 -128 ) (1495.374878 428 -128 ) (1216 428 151.322723 ) 
4 96 98 (1088 341 279.298340 ) (1088 428 279.298279 ) (1125.493652 428 241.811707 ) (1125.491699 341 241.813751 ) 
4 96 97 (1088 428 279.298279 ) (1088 448 279.298279 ) (1125.494141 448 241.811234 ) (1125.493652 428 241.811707 ) 
4 96 100 (1125.491211 320 241.814240 ) (1088 320 279.298340 ) (1088 341 279.298340 ) (1125.491699 341 241.813751 ) 
4 97 142 (1088 448 256 ) (1088 448 204.363708 ) (1088 428 204.364639 ) (1088 428 256 ) 
4 97 101 (1088 448 204.363495 ) (1119.835938 448 236.159882 ) (1119.835693 428 236.160568 ) (1088 428 204.364441 ) 
3 97 99 (1088 428 204.363068 ) (1120.774780 428 237.097046 ) (1088 428 212.996063 ) 
4 97 98 (1120.774780 428 237.097046 ) (1125.496094 428 241.812500 ) (1088 428 279.301544 ) (1088 428 212.996063 ) 
4 98 142 (1088 341 212.996063 ) (1088 341 256 ) (1088 428 256 ) (1088 428 212.996048 ) 
4 98 100 (1120.759888 341 237.086136 ) (1125.492188 341 241.812500 ) (1088 341 279.297638 ) (1088 341 212.996063 ) 
4 98 99 (1120.753906 341 237.082031 ) (1088 341 212.996368 ) (1088 428 212.994690 ) (1120.777344 428 237.097656 ) 
4 99 142 (1088 428 204.364639 ) (1088 341 204.368683 ) (1088 341 212.996063 ) (1088 428 212.996048 ) 
4 99 105 (1119.834351 341 236.163330 ) (1088 341 204.368546 ) (1088 428 204.364441 ) (1119.835693 428 236.160538 ) 
3 99 100 (1088 341 204.366974 ) (1120.759888 341 237.086136 ) (1088 341 212.996063 ) 
4 100 142 (1088 341 204.368683 ) (1088 320 204.369659 ) (1088 320 256 ) (1088 341 256 ) 
3 100 113 (1125.489868 320 241.812988 ) (1088 320 279.295837 ) (1088 320 204.369659 ) 
4 100 107 (1119.833984 320 236.164001 ) (1088 320 204.369537 ) (1088 341 204.368546 ) (1119.834351 341 236.163300 ) 
4 101 142 (1088 448 204.363708 ) (1088 448 128 ) (1088 428 128 ) (1088 428 204.364639 ) 
4 101 108 (1483.937500 448 -128 ) (1210.330078 448 145.652069 ) (1210.330811 428 145.651825 ) (1483.938354 428 -128 ) 
4 101 104 (1210.491211 428 145.491241 ) (1173.754883 428 182.233078 ) (1142.206909 428 157.348373 ) (1198 428 133 ) 
4 101 103 (1227.979858 428 128 ) (1210.491211 428 145.491241 ) (1198 428 133 ) (1209.460205 428 128 ) 
3 101 102 (1142.206909 428 157.348373 ) (1105 428 128 ) (1209.460205 428 128 ) 
5 101 105 (1173.754883 428 182.233078 ) (1119.839844 428 236.156250 ) (1088 428 204.355988 ) (1088 428 128 ) (1105 428 128 ) 
4 101 106 (1483.941406 428 -128 ) (1227.979858 428 128 ) (1088 428 128 ) (1088 428 -128 ) 
4 102 104 (1142.213013 428 157.346939 ) (1142.212158 341 157.346298 ) (1198.001099 341 133.001114 ) (1198.001831 428 133.001816 ) 
4 102 103 (1198.001099 341 133.001114 ) (1209.461548 341 128 ) (1209.463867 428 128 ) (1198.001831 428 133.001816 ) 
4 102 105 (1142.210205 428 157.346909 ) (1105.003906 428 128 ) (1105.003906 341 128 ) (1142.208496 341 157.346603 ) 
3 102 107 (1142.206055 341 157.347717 ) (1105 341 128 ) (1209.457764 341 128 ) 
4 102 106 (1209.457764 341 128 ) (1105 341 128 ) (1105 428 128 ) (1209.460083 428 128 ) 
4 103 110 (1210.492310 341 145.492279 ) (1227.981812 341 128 ) (1227.979736 428 128 ) (1210.491333 428 145.491302 ) 
4 103 106 (1227.976563 341 128 ) (1209.457764 341 128 ) (1209.460083 428 128 ) (1227.976563 428 128 ) 
4 103 107 (1227.979858 341 128 ) (1210.491211 341 145.491226 ) (1198 341 133 ) (1209.457764 341 128 ) 
4 103 104 (1198.003418 428 133.003448 ) (1198.002686 341 133.002747 ) (1210.491821 341 145.491867 ) (1210.491089 428 145.491089 ) 
4 104 111 (1210.333740 341 145.650818 ) (1210.492310 341 145.492279 ) (1210.491333 428 145.491302 ) (1210.330811 428 145.651871 ) 
4 104 107 (1210.491211 341 145.491226 ) (1173.754883 341 182.233093 ) (1142.206055 341 157.347717 ) (1198 341 133 ) 
4 104 105 (1173.757813 428 182.230469 ) (1142.210205 428 157.346909 ) (1142.208496 341 157.346603 ) (1173.757324 341 182.231949 ) 
4 105 142 (1088 341 128 ) (1088 341 204.368683 ) (1088 428 204.364639 ) (1088 428 128 ) 
4 105 106 (1105 341 128 ) (1088 341 128 ) (1088 428 128 ) (1105 428 128 ) 
5 105 107 (1173.754883 341 182.233093 ) (1119.832031 341 236.164063 ) (1088 341 204.371582 ) (1088 341 128 ) (1105 341 128 ) 
4 106 110 (1227.981812 341 128 ) (1483.941895 341 -128 ) (1483.938354 428 -128 ) (1227.979736 428 128 ) 
4 106 107 (1483.941406 341 -128 ) (1227.979858 341 128 ) (1088 341 128 ) (1088 341 -128 ) 
4 107 142 (1088 320 128 ) (1088 320 204.369659 ) (1088 341 204.368683 ) (1088 341 128 ) 
4 107 113 (1088 320 -128 ) (1483.941650 320 -128 ) (1119.833984 320 236.164078 ) (1088 320 204.369659 ) 
4 107 112 (1210.334351 320 145.650543 ) (1483.942749 320 -128 ) (1483.941895 341 -128 ) (1210.333740 341 145.650787 ) 
4 108 111 (1210.330444 428 145.651657 ) (1210.491089 428 145.491013 ) (1212.498047 428 147.497955 ) (1212.337036 428 147.658951 ) 
4 108 110 (1210.491089 428 145.491013 ) (1483.939819 428 -128 ) (1487.965942 428 -128 ) (1212.498047 428 147.497955 ) 
4 108 109 (1487.965942 428 -128 ) (1495.367188 428 -128 ) (1215.996948 428 151.320068 ) (1212.337036 428 147.658951 ) 
4 109 112 (1487.969849 341 -128 ) (1495.367188 341 -128 ) (1216 341 151.318054 ) (1212.341064 341 147.658890 ) 
4 109 111 (1212.500732 341 147.500671 ) (1212.341797 341 147.659637 ) (1212.338013 428 147.659805 ) (1212.498901 428 147.498901 ) 
4 109 110 (1487.968750 341 -128 ) (1212.500732 341 147.500671 ) (1212.498901 428 147.498901 ) (1487.967651 428 -128 ) 
4 110 112 (1210.491089 341 145.490967 ) (1483.939819 341 -128 ) (1487.969849 341 -128 ) (1212.500000 341 147.499969 ) 
4 110 111 (1210.490967 341 145.492737 ) (1212.499390 341 147.501144 ) (1212.497437 428 147.499146 ) (1210.490234 428 145.491943 ) 
4 111 112 (1210.332520 341 145.649536 ) (1210.491089 341 145.490967 ) (1212.500000 341 147.499969 ) (1212.341064 341 147.658875 ) 
4 112 113 (1483.941650 320 -128 ) (1495.372437 320 -128 ) (1216 320 151.318939 ) (1210.333984 320 145.650055 ) 
4 113 145 (1088 128 512.043091 ) (1088 128 640 ) (1088 192 640 ) (1088 192 512.043091 ) 
4 113 143 (1088 192 640 ) (1088 256 640 ) (1088 256 448.043030 ) (1088 192 448.043030 ) 
4 113 130 (1344 128 0.002571 ) (1856 128 0 ) (1856 128 120 ) (1344 128 120 ) 
4 113 129 (1344 128 120 ) (1352 128 120 ) (1352 128 128 ) (1344 128 128 ) 
4 113 128 (1088 128 640 ) (1088 128 128 ) (1352 128 128 ) (1352 128 640 ) 
4 113 124 (1352 128 120 ) (1436 128 120 ) (1436 128 640 ) (1352 128 640 ) 
4 113 120 (1436 128 120 ) (1468 128 120 ) (1468 128 640 ) (1436 128 640 ) 
4 113 119 (1468 128 120 ) (1856 128 120 ) (1856 128 640 ) (1468 128 640 ) 
4 114 136 (1600 128 -608 ) (1764 128 -608 ) (1764 128 -576 ) (1600 128 -576 ) 
4 114 133 (1764 128 -608 ) (1848 128 -608 ) (1848 128 -576 ) (1764 128 -576 ) 
4 114 132 (1848 128 -608 ) (1856 128 -608 ) (1856 128 -576 ) (1848 128 -576 ) 
4 114 115 (1856 128 -608 ) (1600 128 -608 ) (1600 136 -608 ) (1856 136 -608 ) 
4 115 136 (1344 128 -640 ) (1764 128 -640 ) (1764 128 -608 ) (1344 128 -608 ) 
4 115 133 (1764 128 -640 ) (1848 128 -640 ) (1848 128 -608 ) (1764 128 -608 ) 
4 115 132 (1848 128 -640 ) (1856 128 -640 ) (1856 128 -608 ) (1848 128 -608 ) 
4 116 234 (2048 0 896 ) (2048 0 928 ) (1536 0 928 ) (1536 0 896 ) 
4 116 119 (2048 0 896 ) (1536 0 896 ) (1536 128 896 ) (2048 128 896 ) 
4 116 117 (1536 96 896 ) (1536 0 896 ) (1536 0 928 ) (1536 96 928 ) 
4 117 234 (1536 0 928 ) (1472 0 928 ) (1472 0 896 ) (1536 0 896 ) 
4 117 119 (1536 0 896 ) (1472 0 896 ) (1472 96 896 ) (1536 96 896 ) 
4 118 235 (1088 0 904 ) (1088 0 896 ) (1120 0 896 ) (1120 0 904 ) 
4 118 128 (1120 0 896 ) (1088 0 896 ) (1088 128 896 ) (1120 128 896 ) 
4 119 254 (1716 0 120 ) (1764 0 120 ) (1764 0 126.973007 ) (1716 0 126.973007 ) 
4 119 258 (1468 0 126.973007 ) (1468 0 120 ) (1716 0 120 ) (1716 0 126.973007 ) 
4 119 251 (1764 0 120 ) (1848 0 120 ) (1848 0 126.973007 ) (1764 0 126.973007 ) 
4 119 250 (1848 0 120 ) (1856 0 120 ) (1856 0 126.973007 ) (1848 0 126.973007 ) 
4 119 239 (1468 0 128 ) (1468 0 126.973007 ) (1856 0 126.973007 ) (1856 0 128 ) 
4 119 238 (1856 0 896 ) (1468 0 896 ) (1468 0 128 ) (1856 0 128 ) 
4 119 236 (2048 0 120 ) (2048 0 896 ) (1856 0 896 ) (1856 0 120 ) 
4 119 131 (2048 96 120 ) (2048 0 120 ) (1468 0 120 ) (1468 96 120 ) 
4 119 130 (1468 128 120 ) (2048 128 120 ) (2048 96 120 ) (1468 96 120 ) 
4 119 122 (1468 0 126.973007 ) (1468 0 127.973007 ) (1468 64 127.973007 ) (1468 64 126.973007 ) 
4 119 121 (1468 0 127.973007 ) (1468 0 896 ) (1468 64 896 ) (1468 64 127.973007 ) 
4 119 123 (1468 64 120 ) (1468 0 120 ) (1468 0 126.973007 ) (1468 64 126.973007 ) 
4 119 120 (1468 128 120 ) (1468 64 120 ) (1468 64 896 ) (1468 128 896 ) 
4 120 131 (1468 96 120 ) (1468 64 120 ) (1436 64 120 ) (1436 96 120 ) 
4 120 130 (1436 128 120 ) (1468 128 120 ) (1468 96 120 ) (1436 96 120 ) 
4 120 126 (1436 64 126.973007 ) (1436 64 127.973007 ) (1436 122 127.973007 ) (1436 122 126.973007 ) 
4 120 125 (1436 64 127.973007 ) (1436 64 896 ) (1436 122 896 ) (1436 122 127.973007 ) 
4 120 127 (1436 122 120 ) (1436 64 120 ) (1436 64 126.973007 ) (1436 122 126.973007 ) 
4 120 124 (1436 128 120 ) (1436 122 120 ) (1436 122 896 ) (1436 128 896 ) 
4 120 122 (1436 64 127.973007 ) (1436 64 126.973007 ) (1468 64 126.973007 ) (1468 64 127.973007 ) 
4 120 121 (1436 64 896 ) (1436 64 127.973007 ) (1468 64 127.973007 ) (1468 64 896 ) 
4 120 123 (1436 64 126.973007 ) (1436 64 120 ) (1468 64 120 ) (1468 64 126.973007 ) 
4 121 238 (1468 0 896 ) (1436 0 896 ) (1436 0 127.973007 ) (1468 0 127.973007 ) 
4 121 125 (1436 0 127.973007 ) (1436 0 896 ) (1436 64 896 ) (1436 64 127.973007 ) 
4 121 122 (1436 0 127.973007 ) (1436 64 127.973007 ) (1468 64 127.973007 ) (1468 0 127.973007 ) 
4 122 241 (1436 0 127.973007 ) (1436 0 126.973007 ) (1468 0 126.973007 ) (1468 0 127.973007 ) 
4 122 126 (1436 0 126.973007 ) (1436 0 127.973007 ) (1436 64 127.973007 ) (1436 64 126.973007 ) 
4 122 123 (1436 0 126.973007 ) (1436 64 126.973007 ) (1468 64 126.973007 ) (1468 0 126.973007 ) 
4 123 258 (1436 0 126.973007 ) (1436 0 120 ) (1468 0 120 ) (1468 0 126.973007 ) 
4 123 131 (1468 64 120 ) (1468 0 120 ) (1436 0 120 ) (1436 64 120 ) 
4 123 127 (1436 64 120 ) (1436 0 120 ) (1436 0 126.973007 ) (1436 64 126.973007 ) 
4 124 130 (1352 128 120 ) (1436 128 120 ) (1436 122 120 ) (1352 122 120 ) 
4 124 129 (1352 128 120 ) (1352 122 120 ) (1352 122 128 ) (1352 128 128 ) 
4 124 128 (1352 122 128 ) (1352 122 896 ) (1352 128 896 ) (1352 128 128 ) 
4 124 126 (1352 122 127.973007 ) (1352 122 126.973007 ) (1436 122 126.973007 ) (1436 122 127.973007 ) 
4 124 125 (1352 122 896 ) (1352 122 127.973007 ) (1436 122 127.973007 ) (1436 122 896 ) 
4 124 127 (1352 122 126.973007 ) (1352 122 120 ) (1436 122 120 ) (1436 122 126.973007 ) 
4 125 238 (1436 0 896 ) (1352 0 896 ) (1352 0 127.973007 ) (1436 0 127.973007 ) 
4 125 128 (1352 0 127.973007 ) (1352 0 896 ) (1352 122 896 ) (1352 122 127.973007 ) 
4 125 126 (1352 0 127.973007 ) (1352 122 127.973007 ) (1436 122 127.973007 ) (1436 0 127.973007 ) 
4 126 245 (1352 0 127.973007 ) (1352 0 126.973007 ) (1436 0 126.973007 ) (1436 0 127.973007 ) 
4 126 129 (1352 0 126.973007 ) (1352 0 127.973007 ) (1352 122 127.973007 ) (1352 122 126.973007 ) 
4 126 127 (1352 0 126.973007 ) (1352 122 126.973007 ) (1436 122 126.973007 ) (1436 0 126.973007 ) 
4 127 258 (1352 0 126.973007 ) (1352 0 120 ) (1436 0 120 ) (1436 0 126.973007 ) 
4 127 131 (1436 96 120 ) (1436 0 120 ) (1352 0 120 ) (1352 96 120 ) 
4 127 130 (1436 122 120 ) (1436 96 120 ) (1352 96 120 ) (1352 122 120 ) 
4 127 129 (1352 122 120 ) (1352 0 120 ) (1352 0 126.973007 ) (1352 122 126.973007 ) 
4 128 267 (1344 0 896 ) (1088 0 896 ) (1088 0 128 ) (1344 0 128 ) 
4 128 238 (1352 0 896 ) (1344 0 896 ) (1344 0 128 ) (1352 0 128 ) 
4 128 152 (1088 0 128 ) (1088 0 256 ) (1088 96 256 ) (1088 96 128 ) 
4 128 151 (1088 0 256 ) (1088 0 288 ) (1088 128 288 ) (1088 128 256 ) 
4 128 150 (1088 0 384 ) (1088 0 640 ) (1088 64 640 ) (1088 64 384 ) 
4 128 148 (1088 128 445.810364 ) (1088 128 384 ) (1088 64 384 ) (1088 64 445.811371 ) 
4 128 147 (1088 128 768 ) (1088 128 445.810364 ) (1088 64 445.811371 ) (1088 64 768 ) 
4 128 129 (1344 128 128 ) (1352 128 128 ) (1352 0 128 ) (1344 0 128 ) 
4 129 258 (1344 0 120 ) (1352 0 120 ) (1352 0 126.973007 ) (1344 0 126.973007 ) 
4 129 249 (1352 0 126.973007 ) (1352 0 128 ) (1344 0 128 ) (1344 0 126.973007 ) 
4 129 131 (1352 96 120 ) (1352 0 120 ) (1344 0 120 ) (1344 96 120 ) 
4 129 130 (1344 128 120 ) (1352 128 120 ) (1352 96 120 ) (1344 96 120 ) 
4 130 136 (1344 128 0 ) (1764 128 0 ) (1764 96 0 ) (1344 96 0 ) 
4 130 134 (1848 122 0 ) (1848 96 0 ) (1764 96 0 ) (1764 122 0 ) 
4 130 133 (1764 128 0 ) (1848 128 0 ) (1848 122 0 ) (1764 122 0 ) 
4 130 132 (1848 128 0 ) (1856 128 0 ) (1856 96 0 ) (1848 96 0 ) 
4 130 131 (1344 96 0 ) (2048 96 0 ) (2048 96 120 ) (1344 96 120 ) 
4 131 268 (1344 0 120 ) (1336 0 120 ) (1336 0 0 ) (1344 0 0 ) 
4 131 254 (1764 0 120 ) (1716 0 120 ) (1716 0 0 ) (1764 0 0 ) 
4 131 258 (1716 0 120 ) (1344 0 120 ) (1344 0 0 ) (1716 0 0 ) 
4 131 251 (1848 0 120 ) (1764 0 120 ) (1764 0 0 ) (1848 0 0 ) 
4 131 250 (1856 0 120 ) (1848 0 120 ) (1848 0 0 ) (1856 0 0 ) 
4 131 236 (2048 0 0 ) (2048 0 120 ) (1856 0 120 ) (1856 0 0 ) 
4 131 140 (1632 0 0 ) (1504 0 0 ) (1504 64 0 ) (1632 64 0 ) 
4 131 139 (1716 0 0 ) (1632 0 0 ) (1632 64 0 ) (1716 64 0 ) 
4 131 141 (1504 0 0 ) (1344 0 0 ) (1344 64 0 ) (1504 64 0 ) 
4 131 137 (1764 0 0 ) (1716 0 0 ) (1716 64 0 ) (1764 64 0 ) 
4 131 136 (1344 64 0 ) (1344 96 0 ) (1764 96 0 ) (1764 64 0 ) 
4 131 134 (1848 0 0 ) (1764 0 0 ) (1764 96 0 ) (1848 96 0 ) 
4 131 132 (1856 0 0 ) (1848 0 0 ) (1848 96 0 ) (1856 96 0 ) 
4 132 262 (1856 0 -640 ) (1856 0 -128 ) (1848 0 -128 ) (1848 0 -640 ) 
4 132 250 (1856 0 -128 ) (1856 0 0 ) (1848 0 0 ) (1848 0 -128 ) 
4 132 135 (1848 122 -640 ) (1848 0 -640 ) (1848 0 -1.027000 ) (1848 122 -1.027000 ) 
4 132 134 (1848 0 -1.027000 ) (1848 0 0 ) (1848 122 0 ) (1848 122 -1.027000 ) 
4 132 133 (1848 128 -640 ) (1848 122 -640 ) (1848 122 0 ) (1848 128 0 ) 
4 133 136 (1764 128 -640 ) (1764 122 -640 ) (1764 122 0 ) (1764 128 0 ) 
4 133 135 (1764 122 -1.027000 ) (1764 122 -640 ) (1848 122 -640 ) (1848 122 -1.027000 ) 
4 133 134 (1764 122 0 ) (1764 122 -1.027000 ) (1848 122 -1.027000 ) (1848 122 0 ) 
4 134 252 (1848 0 0 ) (1764 0 0 ) (1764 0 -1.027000 ) (1848 0 -1.027000 ) 
4 134 137 (1764 0 -1.027000 ) (1764 0 0 ) (1764 64 0 ) (1764 64 -1.027000 ) 
4 134 136 (1764 64 0 ) (1764 122 0 ) (1764 122 -1.027000 ) (1764 64 -1.027000 ) 
4 134 135 (1764 0 -1.027000 ) (1764 122 -1.027000 ) (1848 122 -1.027000 ) (1848 0 -1.027000 ) 
4 135 262 (1764 0 -128 ) (1764 0 -640 ) (1848 0 -640 ) (1848 0 -128 ) 
4 135 253 (1764 0 -1.027000 ) (1764 0 -128 ) (1848 0 -128 ) (1848 0 -1.027000 ) 
4 135 138 (1764 64 -640 ) (1764 0 -640 ) (1764 0 -1.027000 ) (1764 64 -1.027000 ) 
4 135 136 (1764 122 -640 ) (1764 64 -640 ) (1764 64 -1.027000 ) (1764 122 -1.027000 ) 
4 136 140 (1632 64 -632 ) (1632 64 0 ) (1504 64 0 ) (1504 64 -632 ) 
4 136 139 (1632 64 -640 ) (1716 64 -640 ) (1716 64 0 ) (1632 64 0 ) 
4 136 141 (1344 64 0 ) (1344 64 -640 ) (1504 64 -640 ) (1504 64 0 ) 
4 136 138 (1716 64 -640 ) (1764 64 -640 ) (1764 64 -1.027000 ) (1716 64 -1.027000 ) 
4 136 137 (1764 64 -1.027000 ) (1764 64 0 ) (1716 64 0 ) (1716 64 -1.027000 ) 
4 137 255 (1764 0 0 ) (1716 0 0 ) (1716 0 -1.027000 ) (1764 0 -1.027000 ) 
4 137 139 (1716 64 0 ) (1716 64 -1.027000 ) (1716 0 -1.027000 ) (1716 0 0 ) 
4 137 138 (1716 0 -1.027000 ) (1716 64 -1.027000 ) (1764 64 -1.027000 ) (1764 0 -1.027000 ) 
4 138 262 (1716 0 -128 ) (1716 0 -640 ) (1764 0 -640 ) (1764 0 -128 ) 
4 138 256 (1716 0 -1.027000 ) (1716 0 -128 ) (1764 0 -128 ) (1764 0 -1.027000 ) 
4 138 139 (1716 64 -1.027000 ) (1716 64 -640 ) (1716 0 -640 ) (1716 0 -1.027000 ) 
4 139 262 (1632 0 -128 ) (1632 0 -640 ) (1716 0 -640 ) (1716 0 -128 ) 
4 139 258 (1716 0 0 ) (1632 0 0 ) (1632 0 -128 ) (1716 0 -128 ) 
4 139 140 (1632 64 0 ) (1632 64 -632 ) (1632 0 -632 ) (1632 0 0 ) 
4 140 263 (1504 0 -128 ) (1504 0 -632 ) (1632 0 -632 ) (1632 0 -128 ) 
4 140 258 (1632 0 0 ) (1504 0 0 ) (1504 0 -128 ) (1632 0 -128 ) 
4 140 141 (1504 64 0 ) (1504 64 -632 ) (1504 0 -632 ) (1504 0 0 ) 
4 141 264 (1344 0 -128 ) (1344 0 -640 ) (1504 0 -640 ) (1504 0 -128 ) 
4 141 258 (1504 0 0 ) (1344 0 0 ) (1344 0 -128 ) (1504 0 -128 ) 
4 142 155 (1056 320 256 ) (1056 448 256 ) (1056 448 128 ) (1056 320 128 ) 
4 143 145 (1088 192 512.043091 ) (1088 192 896 ) (1072 192 896 ) (1072 192 512.043091 ) 
4 143 144 (1072 192 448.043030 ) (1072 192 896 ) (1072 256 896 ) (1072 256 448.043030 ) 
4 144 146 (1072 192 896 ) (1056 192 896 ) (1056 192 384 ) (1072 192 384 ) 
4 145 147 (1088 128 512.043091 ) (1088 128 768 ) (1072 128 768 ) (1072 128 512.043091 ) 
4 145 146 (1072 192 896 ) (1072 192 512.043091 ) (1072 128 512.043091 ) (1072 128 896 ) 
4 146 149 (1056 128 440.454712 ) (1056 128 384 ) (1071.263306 128 384 ) (1061.660278 128 441.402039 ) 
4 146 147 (1056 128 768 ) (1056 128 440.454712 ) (1072 128 443.132538 ) (1072 128 768 ) 
4 147 150 (1056 64 640 ) (1056 64 440.455719 ) (1088 64 445.811371 ) (1088 64 640 ) 
4 147 149 (1056 128 440.454559 ) (1061.660400 128 441.401886 ) (1061.659912 64 441.402832 ) (1056 64 440.455566 ) 
4 147 148 (1077.440063 128 444.042847 ) (1088 128 445.810211 ) (1088 64 445.811218 ) (1077.440063 64 444.043884 ) 
4 148 150 (1087.485229 64 384 ) (1088 64 384 ) (1088 64 445.811371 ) (1077.440063 64 444.044006 ) 
4 149 150 (1056 64 440.455719 ) (1056 64 384 ) (1071.263184 64 384 ) (1061.659912 64 441.402985 ) 
4 151 269 (1088 0 256 ) (1088 0 288 ) (1080 0 288 ) (1080 0 256 ) 
4 151 152 (1088 96 256 ) (1088 0 256 ) (1080 0 256 ) (1080 96 256 ) 
4 152 270 (1088 0 128 ) (1088 0 256 ) (1071 0 256 ) (1071 0 128 ) 
4 152 153 (1071 96 256 ) (1071 96 128 ) (1071 0 128 ) (1071 0 256 ) 
4 153 271 (1071 0 256 ) (1070 0 256 ) (1070 0 128 ) (1071 0 128 ) 
4 153 154 (1070 96 256 ) (1070 96 128 ) (1070 0 128 ) (1070 0 256 ) 
4 154 272 (1070 0 256 ) (1056 0 256 ) (1056 0 128 ) (1070 0 128 ) 
4 154 156 (1056 0 128 ) (1056 0 256 ) (1056 64 256 ) (1056 64 128 ) 
4 156 273 (1056 0 128 ) (1056 0 256 ) (1024 0 256 ) (1024 0 128 ) 
4 156 180 (1024 0 128 ) (1024 0 256 ) (1024 64 256 ) (1024 64 128 ) 
4 157 290 (608 0 288 ) (608 0 256 ) (992 0 256 ) (992 0 288 ) 
4 157 289 (992 0 768 ) (608 0 768 ) (608 0 288 ) (992 0 288 ) 
4 157 180 (992 0 256 ) (608 0 256 ) (608 64 256 ) (992 64 256 ) 
4 157 175 (608 64 256 ) (608 96 256 ) (992 96 256 ) (992 64 256 ) 
4 158 170 (512 336 256 ) (512 272 256 ) (448 272 256 ) (448 336 256 ) 
4 158 159 (448 336 384 ) (448 336 256 ) (448 272 256 ) (448 272 384 ) 
4 159 171 (448 256 256 ) (192 256 256 ) (192 336 256 ) (448 336 256 ) 
4 159 166 (192 256 256 ) (448 256 256 ) (448 256 384 ) (192 256 384 ) 
4 160 373 (0 256 1024 ) (0 256 760 ) (0 192 760 ) (0 192 1024 ) 
4 160 165 (0 192 1024 ) (0 192 760 ) (128 192 760 ) (128 192 1024 ) 
4 161 375 (0 256 728 ) (0 256 544 ) (0 192 544 ) (0 192 728 ) 
4 161 167 (0 256 544 ) (128 256 544 ) (128 192 544 ) (0 192 544 ) 
4 161 165 (0 192 728 ) (0 192 544 ) (128 192 544 ) (128 192 728 ) 
4 162 298 (256 0 544 ) (512 0 544 ) (512 0 728 ) (256 0 728 ) 
4 162 295 (512 0 728 ) (512 0 1024 ) (256 0 1024 ) (256 0 728 ) 
4 162 168 (384 0 544 ) (256 0 544 ) (256 128 544 ) (384 128 544 ) 
4 162 163 (256 0 1024 ) (256 192 1024 ) (256 192 768 ) (256 0 768 ) 
4 162 164 (256 192 728 ) (256 192 584 ) (256 0 584 ) (256 0 728 ) 
4 163 296 (256 0 768 ) (256 0 1024 ) (192 0 1024 ) (192 0 768 ) 
4 163 165 (192 0 1024 ) (192 192 1024 ) (192 192 768 ) (192 0 768 ) 
4 164 299 (256 0 584 ) (256 0 728 ) (192 0 728 ) (192 0 584 ) 
4 164 165 (192 192 728 ) (192 192 584 ) (192 0 584 ) (192 0 728 ) 
4 165 377 (0 0 544 ) (0 0 1024 ) (0 64 1024 ) (0 64 544 ) 
4 165 376 (0 64 1024 ) (0 96 1024 ) (0 96 544 ) (0 64 544 ) 
4 165 375 (0 192 728 ) (0 192 544 ) (0 96 544 ) (0 96 728 ) 
4 165 374 (0 96 1024 ) (0 192 1024 ) (0 192 728 ) (0 96 728 ) 
4 165 304 (0 0 728 ) (0 0 544 ) (192 0 544 ) (192 0 728 ) 
4 165 297 (0 0 1024 ) (0 0 728 ) (192 0 728 ) (192 0 1024 ) 
4 165 168 (192 0 544 ) (0 0 544 ) (0 128 544 ) (192 128 544 ) 
4 165 167 (0 128 544 ) (0 192 544 ) (128 192 544 ) (128 128 544 ) 
4 166 173 (128 256 256 ) (192 256 256 ) (192 128 256 ) (128 128 256 ) 
4 166 172 (192 256 256 ) (512 256 256 ) (512 128 256 ) (192 128 256 ) 
4 166 169 (128 128 256 ) (512 128 256 ) (512 128 512 ) (128 128 512 ) 
4 166 167 (128 128 256 ) (128 128 512 ) (128 256 512 ) (128 256 256 ) 
4 167 375 (0 128 544 ) (0 256 544 ) (0 256 256 ) (0 128 256 ) 
4 167 173 (0 128 256 ) (0 256 256 ) (128 256 256 ) (128 128 256 ) 
4 167 168 (128 128 512 ) (128 128 544 ) (0 128 544 ) (0 128 512 ) 
4 167 169 (0 128 256 ) (128 128 256 ) (128 128 512 ) (0 128 512 ) 
4 168 377 (0 0 512 ) (0 0 544 ) (0 64 544 ) (0 64 512 ) 
4 168 376 (0 64 544 ) (0 96 544 ) (0 96 512 ) (0 64 512 ) 
4 168 375 (0 96 544 ) (0 128 544 ) (0 128 512 ) (0 96 512 ) 
4 168 307 (0 0 544 ) (0 0 512 ) (384 0 512 ) (384 0 544 ) 
4 168 169 (0 128 512 ) (384 128 512 ) (384 0 512 ) (0 0 512 ) 
4 169 377 (0 0 256 ) (0 0 512 ) (0 64 512 ) (0 64 256 ) 
4 169 376 (0 64 512 ) (0 96 512 ) (0 96 256 ) (0 64 256 ) 
4 169 375 (0 96 512 ) (0 128 512 ) (0 128 256 ) (0 96 256 ) 
4 169 310 (320 0 256 ) (512 0 256 ) (512 0 512 ) (320 0 512 ) 
4 169 311 (0 0 512 ) (0 0 256 ) (320 0 256 ) (320 0 512 ) 
4 169 182 (512 0 256 ) (0 0 256 ) (0 64 256 ) (512 64 256 ) 
4 169 179 (0 64 256 ) (0 96 256 ) (512 96 256 ) (512 64 256 ) 
4 169 173 (0 96 256 ) (0 128 256 ) (192 128 256 ) (192 96 256 ) 
4 169 172 (192 128 256 ) (512 128 256 ) (512 96 256 ) (192 96 256 ) 
4 170 171 (448 336 256 ) (448 336 128 ) (448 272 128 ) (448 272 256 ) 
4 171 172 (192 256 256 ) (192 256 128 ) (448 256 128 ) (448 256 256 ) 
4 172 219 (320 128 128 ) (192 128 128 ) (192 130 128 ) (320 130 128 ) 
4 172 214 (202 130 128 ) (192 130 128 ) (192 254 128 ) (202 254 128 ) 
4 172 208 (318 130 128 ) (317.159149 130 128 ) (238.843369 254 128 ) (318 254 128 ) 
4 172 199 (317.159149 130 128 ) (202 130 128 ) (202 173 128 ) (290.001251 173 128 ) 
4 172 190 (202 173 128 ) (202 211 128 ) (266.001251 211 128 ) (290.001251 173 128 ) 
4 172 185 (202 211 128 ) (202 254 128 ) (238.843369 254 128 ) (266.001251 211 128 ) 
4 172 184 (320 130 128 ) (318 130 128 ) (318 254 128 ) (320 254 128 ) 
4 172 183 (320 254 128 ) (192 254 128 ) (192 256 128 ) (320 256 128 ) 
4 172 179 (192 96 128 ) (512 96 128 ) (512 96 256 ) (192 96 256 ) 
4 172 173 (192 256 128 ) (192 96 128 ) (192 96 256 ) (192 256 256 ) 
4 173 375 (0 96 256 ) (0 256 256 ) (0 256 128 ) (0 96 128 ) 
4 173 220 (192 128 128 ) (192 96 128 ) (0 96 128 ) (0 128 128 ) 
4 173 219 (192 130 128 ) (192 128 128 ) (0 128 128 ) (0 130 128 ) 
4 173 214 (192 254 128 ) (192 130 128 ) (0 130 128 ) (0 254 128 ) 
4 173 183 (192 256 128 ) (192 254 128 ) (0 254 128 ) (0 256 128 ) 
4 173 179 (0 96 128 ) (192 96 128 ) (192 96 256 ) (0 96 256 ) 
4 174 180 (1000 64 128 ) (1016 64 128 ) (1016 64 256 ) (1000 64 256 ) 
4 175 221 (992 64 128 ) (608 64 128 ) (608 96 128 ) (992 96 128 ) 
4 175 180 (608 64 128 ) (992 64 128 ) (992 64 256 ) (608 64 256 ) 
4 176 180 (584 64 128 ) (600 64 128 ) (600 64 256 ) (584 64 256 ) 
4 177 180 (527 64 128 ) (544 64 128 ) (544 64 256 ) (527 64 256 ) 
4 177 178 (527 96 256 ) (527 96 128 ) (527 64 128 ) (527 64 256 ) 
4 178 181 (526 64 128 ) (527 64 128 ) (527 64 256 ) (526 64 256 ) 
4 178 179 (526 96 256 ) (526 96 128 ) (526 64 128 ) (526 64 256 ) 
4 179 376 (0 64 256 ) (0 96 256 ) (0 96 128 ) (0 64 128 ) 
4 179 224 (96 64 128 ) (0 64 128 ) (0 96 128 ) (96 96 128 ) 
4 179 223 (128 64 128 ) (96 64 128 ) (96 96 128 ) (128 96 128 ) 
4 179 222 (192 64 128 ) (128 64 128 ) (128 96 128 ) (192 96 128 ) 
4 179 182 (0 64 128 ) (526 64 128 ) (526 64 256 ) (0 64 256 ) 
4 180 313 (1024 0 128 ) (1024 0 256 ) (527 0 256 ) (527 0 128 ) 
4 180 221 (992 0 128 ) (608 0 128 ) (608 64 128 ) (992 64 128 ) 
4 180 181 (527 64 256 ) (527 64 128 ) (527 0 128 ) (527 0 256 ) 
4 181 314 (527 0 256 ) (526 0 256 ) (526 0 128 ) (527 0 128 ) 
4 181 182 (526 64 256 ) (526 64 128 ) (526 0 128 ) (526 0 256 ) 
4 182 377 (0 0 128 ) (0 0 256 ) (0 64 256 ) (0 64 128 ) 
4 182 315 (526 0 256 ) (0 0 256 ) (0 0 128 ) (526 0 128 ) 
4 182 225 (96 0 128 ) (0 0 128 ) (0 64 128 ) (96 64 128 ) 
4 182 223 (128 0 128 ) (96 0 128 ) (96 64 128 ) (128 64 128 ) 
4 182 222 (192 0 128 ) (128 0 128 ) (128 64 128 ) (192 64 128 ) 
4 183 375 (0 254 128 ) (0 256 128 ) (0 256 0 ) (0 254 0 ) 
4 183 216 (197 254 118 ) (195 254 118 ) (195 254 2.250000 ) (197 254 2.250000 ) 
4 183 215 (202 254 2.250000 ) (202 254 118 ) (197 254 118 ) (197 254 2.250000 ) 
4 183 217 (195 254 118 ) (0 254 118 ) (0 254 2.250000 ) (195 254 2.250000 ) 
4 183 214 (202 254 118 ) (202 254 128 ) (0 254 128 ) (0 254 118 ) 
4 183 218 (0 254 0 ) (202 254 0 ) (202 254 2.250000 ) (0 254 2.250000 ) 
4 183 212 (246 254 125 ) (238.843369 254 125 ) (238.843369 254 123 ) (246 254 123 ) 
4 183 211 (266 254 125 ) (246 254 125 ) (246 254 123 ) (266 254 123 ) 
4 183 210 (278 254 125 ) (266 254 125 ) (266 254 123 ) (278 254 123 ) 
4 183 209 (318 254 123 ) (318 254 125 ) (278 254 125 ) (278 254 123 ) 
4 183 208 (318 254 125 ) (318 254 128 ) (238.843369 254 128 ) (238.843369 254 125 ) 
4 183 213 (238.843369 254 0 ) (318 254 0 ) (318 254 123 ) (238.843369 254 123 ) 
4 183 187 (238.843369 254 123 ) (238.843369 254 125 ) (234 254 125 ) (234 254 123 ) 
4 183 188 (234 254 125 ) (202 254 125 ) (202 254 123 ) (234 254 123 ) 
4 183 185 (238.843369 254 125 ) (238.843369 254 128 ) (202 254 128 ) (202 254 125 ) 
4 183 189 (202 254 0 ) (238.843369 254 0 ) (238.843369 254 123 ) (202 254 123 ) 
4 183 184 (318 254 0 ) (328 254 0 ) (320 254 128 ) (318 254 128 ) 
4 184 219 (318 130 0 ) (328 130 0 ) (320 130 128 ) (318 130 128 ) 
4 184 209 (318 254 125 ) (318 254 123 ) (318 130 123 ) (318 130 125 ) 
4 184 208 (318 254 128 ) (318 254 125 ) (318 130 125 ) (318 130 128 ) 
4 184 213 (318 254 123 ) (318 254 0 ) (318 130 0 ) (318 130 123 ) 
4 185 214 (202 254 128 ) (202 254 125 ) (202 211 125 ) (202 211 128 ) 
4 185 208 (238.842377 254 125 ) (238.842377 254 128 ) (266 211 128 ) (266 211 125 ) 
4 185 190 (202 211 128 ) (202 211 125 ) (266.001953 211 125 ) (266.001953 211 128 ) 
5 185 187 (246 211 125 ) (234 211 125 ) (234 254 125 ) (238.846100 254 125 ) (246 242.672958 125 ) 
3 185 186 (266.003906 211 125 ) (246 211 125 ) (246 242.672958 125 ) 
4 185 188 (234 211 125 ) (202 211 125 ) (202 254 125 ) (234 254 125 ) 
4 186 211 (246 242.667053 125 ) (266 211 125 ) (266 211 123 ) (246 242.667053 123 ) 
4 186 191 (246 211 123 ) (266.001953 211 123 ) (266.001953 211 125 ) (246 211 125 ) 
3 186 189 (266.003906 211 123 ) (246 211 123 ) (246 242.672958 123 ) 
4 186 187 (246 242.667969 123 ) (246 211 123 ) (246 211 125 ) (246 242.668686 125 ) 
4 187 212 (238.842377 254 123 ) (238.842377 254 125 ) (246 242.667053 125 ) (246 242.667053 123 ) 
4 187 196 (234 211 123 ) (246 211 123 ) (246 211 125 ) (234 211 125 ) 
4 187 188 (234 254 123 ) (234 211 123 ) (234 211 125 ) (234 254 125 ) 
5 187 189 (246 211 123 ) (234 211 123 ) (234 254 123 ) (238.846100 254 123 ) (246 242.672958 123 ) 
4 188 214 (202 254 125 ) (202 254 123 ) (202 211 123 ) (202 211 125 ) 
4 188 197 (202 211 125 ) (202 211 123 ) (234 211 123 ) (234 211 125 ) 
4 188 189 (234 211 123 ) (202 211 123 ) (202 254 123 ) (234 254 123 ) 
4 189 215 (202 254 118 ) (202 254 2.250000 ) (202 211 2.250000 ) (202 211 118 ) 
4 189 214 (202 254 123 ) (202 254 118 ) (202 211 118 ) (202 211 123 ) 
4 189 218 (202 254 2.250000 ) (202 254 0 ) (202 211 0 ) (202 211 2.250000 ) 
4 189 213 (266 211 0 ) (238.842377 254 0 ) (238.842377 254 123 ) (266 211 123 ) 
4 189 198 (202 211 123 ) (202 211 0 ) (266.001953 211 0 ) (266.001953 211 123 ) 
4 190 214 (202 173 125 ) (202 173 128 ) (202 211 128 ) (202 211 125 ) 
4 190 208 (266 211 125 ) (266 211 128 ) (290 173 128 ) (290 173 125 ) 
4 190 199 (202 173 128 ) (202 173 125 ) (290.005859 173 125 ) (290.005859 173 128 ) 
5 190 197 (221.998718 173 125 ) (202 173 125 ) (202 211 125 ) (234 211 125 ) (234 192.002029 125 ) 
3 190 196 (234 211 125 ) (245.998718 211 125 ) (234 192.002029 125 ) 
3 190 195 (278 173 125 ) (266 173 125 ) (278 192.001556 125 ) 
3 190 194 (290.003906 173 125 ) (278 173 125 ) (278 192.001556 125 ) 
3 190 193 (234 173 125 ) (221.998718 173 125 ) (234 192.001007 125 ) 
3 190 192 (246 173 125 ) (234 173 125 ) (234 192.001007 125 ) 
6 190 191 (266 173 125 ) (246 173 125 ) (234 192.001007 125 ) (245.998718 211 125 ) (266 211 125 ) (278 192.001556 125 ) 
4 191 210 (266 211 123 ) (266 211 125 ) (278 192 125 ) (278 192 123 ) 
4 191 202 (246 173 123 ) (266 173 123 ) (266 173 125 ) (246 173 125 ) 
4 191 196 (246 211 123 ) (234 192 123 ) (233.998047 192.003098 125 ) (245.996094 211 125 ) 
4 191 195 (266 173 123 ) (278 192 123 ) (278 192 125 ) (266 173 125 ) 
4 191 192 (234 192 125 ) (234 192 123 ) (245.998718 173 123 ) (245.998718 173 125 ) 
6 191 198 (266 173 123 ) (246 173 123 ) (234 192.001007 123 ) (245.998718 211 123 ) (266 211 123 ) (278 192.001556 123 ) 
4 192 205 (234 173 123 ) (246 173 123 ) (246 173 125 ) (234 173 125 ) 
3 192 198 (246 173 123 ) (234 173 123 ) (234 192.001007 123 ) 
4 192 193 (234 192 125 ) (234 192 123 ) (234 173 123 ) (234 173 125 ) 
4 193 206 (221.998734 173 123 ) (234 173 123 ) (234 173 125 ) (221.998734 173 125 ) 
4 193 197 (234 192 123 ) (222 173 123 ) (221.996094 173 125 ) (233.998047 192.003098 125 ) 
3 193 198 (234 173 123 ) (221.998718 173 123 ) (234 192.001007 123 ) 
4 194 209 (278 192 125 ) (290 173 125 ) (290 173 123 ) (278 192 123 ) 
4 194 200 (278 173 123 ) (290.005859 173 123 ) (290.005859 173 125 ) (278 173 125 ) 
3 194 198 (290.003906 173 123 ) (278 173 123 ) (278 192.001556 123 ) 
4 194 195 (278 192 125 ) (278 192 123 ) (278 173 123 ) (278 173 125 ) 
4 195 201 (266 173 123 ) (278 173 123 ) (278 173 125 ) (266 173 125 ) 
3 195 198 (278 173 123 ) (266 173 123 ) (278 192.001556 123 ) 
3 196 198 (234 211 123 ) (245.998718 211 123 ) (234 192.002029 123 ) 
4 196 197 (234 211 123 ) (234 192 123 ) (234 192 125 ) (234 211 125 ) 
4 197 214 (202 173 123 ) (202 173 125 ) (202 211 125 ) (202 211 123 ) 
4 197 206 (202 173 125 ) (202 173 123 ) (221.998734 173 123 ) (221.998734 173 125 ) 
5 197 198 (221.998718 173 123 ) (202 173 123 ) (202 211 123 ) (234 211 123 ) (234 192.002029 123 ) 
4 198 215 (202 173 2.250000 ) (202 173 118 ) (202 211 118 ) (202 211 2.250000 ) 
4 198 214 (202 173 118 ) (202 173 123 ) (202 211 123 ) (202 211 118 ) 
4 198 218 (202 211 0 ) (202 173 0 ) (202 173 2.250000 ) (202 211 2.250000 ) 
4 198 213 (290 173 0 ) (266 211 0 ) (266 211 123 ) (290 173 123 ) 
4 198 207 (202 173 123 ) (202 173 0 ) (290.005859 173 0 ) (290.005859 173 123 ) 
4 199 219 (317.159149 130 125 ) (317.159149 130 128 ) (202 130 128 ) (202 130 125 ) 
4 199 214 (202 130 125 ) (202 130 128 ) (202 173 128 ) (202 173 125 ) 
4 199 208 (317.157898 130 128 ) (317.157898 130 125 ) (290 173 125 ) (290 173 128 ) 
4 199 206 (202 130 125 ) (202 173 125 ) (234 173 125 ) (234 130 125 ) 
4 199 205 (234 173 125 ) (246 173 125 ) (246 130 125 ) (234 130 125 ) 
4 199 204 (246 173 125 ) (266 141.333328 125 ) (266 130 125 ) (246 130 125 ) 
3 199 203 (266 141.333328 125 ) (273.157898 130 125 ) (266 130 125 ) 
3 199 202 (246 173 125 ) (266 173 125 ) (266 141.333328 125 ) 
5 199 201 (266 173 125 ) (278 173 125 ) (278 130 125 ) (273.157898 130 125 ) (266 141.333328 125 ) 
4 199 200 (278 173 125 ) (290.007813 173 125 ) (317.165710 130 125 ) (278 130 125 ) 
4 200 219 (317.159149 130 123 ) (317.159149 130 125 ) (278 130 125 ) (278 130 123 ) 
4 200 209 (317.157898 130 125 ) (317.157898 130 123 ) (290 173 123 ) (290 173 125 ) 
4 200 201 (278 173 123 ) (278 130 123 ) (278 130 125 ) (278 173 125 ) 
4 200 207 (278 173 123 ) (290.007813 173 123 ) (317.165710 130 123 ) (278 130 123 ) 
4 201 219 (278 130 125 ) (273.157898 130 125 ) (273.157898 130 123 ) (278 130 123 ) 
4 201 203 (266 141.333344 123 ) (273.157898 130 123 ) (273.157898 130 125 ) (266 141.333344 125 ) 
5 201 207 (266 173 123 ) (278 173 123 ) (278 130 123 ) (273.157898 130 123 ) (266 141.333328 123 ) 
4 201 202 (266 173 123 ) (266 141.335938 123 ) (266 141.335938 125 ) (266 173 125 ) 
4 202 204 (246 173 123 ) (266 141.333344 123 ) (266 141.333344 125 ) (246 173 125 ) 
3 202 207 (246 173 123 ) (266 173 123 ) (266 141.333328 123 ) 
4 203 219 (273.157898 130 125 ) (266 130 125 ) (266 130 123 ) (273.157898 130 123 ) 
3 203 207 (266 141.333328 123 ) (273.157898 130 123 ) (266 130 123 ) 
4 203 204 (266 141.335938 125 ) (266 141.335938 123 ) (266 130 123 ) (266 130 125 ) 
4 204 219 (266 130 125 ) (246 130 125 ) (246 130 123 ) (266 130 123 ) 
4 204 205 (246 172.998047 125 ) (246 172.998047 123 ) (246 130 123 ) (246 130 125 ) 
4 204 207 (246 173 123 ) (266 141.333328 123 ) (266 130 123 ) (246 130 123 ) 
4 205 219 (246 130 125 ) (234 130 125 ) (234 130 123 ) (246 130 123 ) 
4 205 207 (234 173 123 ) (246 173 123 ) (246 130 123 ) (234 130 123 ) 
4 205 206 (234 173 123 ) (234 130 123 ) (234 130 125 ) (234 173 125 ) 
4 206 219 (234 130 125 ) (202 130 125 ) (202 130 123 ) (234 130 123 ) 
4 206 214 (202 130 123 ) (202 130 125 ) (202 173 125 ) (202 173 123 ) 
4 206 207 (202 130 123 ) (202 173 123 ) (234 173 123 ) (234 130 123 ) 
4 207 219 (202 130 0 ) (317.159119 130 0 ) (317.159149 130 123 ) (202 130 123 ) 
4 207 215 (202 130 2.250000 ) (202 130 118 ) (202 173 118 ) (202 173 2.250000 ) 
4 207 214 (202 130 118 ) (202 130 123 ) (202 173 123 ) (202 173 118 ) 
4 207 218 (202 173 0 ) (202 130 0 ) (202 130 2.250000 ) (202 173 2.250000 ) 
4 207 213 (317.157898 130 123 ) (317.157898 130 0 ) (290 173 0 ) (290 173 123 ) 
4 208 219 (318 130 125 ) (318 130 128 ) (317.159149 130 128 ) (317.159149 130 125 ) 
3 208 212 (246 242.667297 125 ) (238.842712 254 125 ) (246 254 125 ) 
4 208 211 (266 211 125 ) (246 242.667297 125 ) (246 254 125 ) (266 254 125 ) 
4 208 210 (278 192 125 ) (266 211 125 ) (266 254 125 ) (278 254 125 ) 
5 208 209 (317.156281 130 125 ) (278 192 125 ) (278 254 125 ) (318 254 125 ) (318 130 125 ) 
4 209 219 (318 130 123 ) (318 130 125 ) (317.159149 130 125 ) (317.159149 130 123 ) 
5 209 213 (317.156281 130 123 ) (278 192 123 ) (278 254 123 ) (318 254 123 ) (318 130 123 ) 
4 209 210 (278 254 123 ) (278 192 123 ) (278 192 125 ) (278 254 125 ) 
4 210 211 (266 254 123 ) (266 211.007813 123 ) (266 211.007813 125 ) (266 254 125 ) 
4 210 213 (278 192 123 ) (266 211 123 ) (266 254 123 ) (278 254 123 ) 
4 211 213 (266 211 123 ) (246 242.667297 123 ) (246 254 123 ) (266 254 123 ) 
4 211 212 (246 254 123 ) (246 242.667969 123 ) (246 242.664063 125 ) (246 254 125 ) 
3 212 213 (246 242.667297 123 ) (238.842712 254 123 ) (246 254 123 ) 
4 213 219 (317.159119 130 0 ) (318 130 0 ) (318 130 123 ) (317.159149 130 123 ) 
4 214 375 (0 130 128 ) (0 254 128 ) (0 254 118 ) (0 130 118 ) 
4 214 219 (202 130 118 ) (202 130 128 ) (0 130 128 ) (0 130 118 ) 
4 214 216 (195 254 118 ) (197 254 118 ) (197 130 118 ) (195 130 118 ) 
4 214 215 (197 254 118 ) (202 254 118 ) (202 130 118 ) (197 130 118 ) 
4 214 217 (0 254 118 ) (195 254 118 ) (195 130 118 ) (0 130 118 ) 
4 215 219 (202 130 2.250000 ) (202 130 118 ) (197 130 118 ) (197 130 2.250000 ) 
4 215 218 (197 254 2.250000 ) (202 254 2.250000 ) (202 130 2.250000 ) (197 130 2.250000 ) 
4 215 216 (197 254 2.250000 ) (197 130 2.250000 ) (197 130 118 ) (197 254 118 ) 
4 216 219 (197 130 118 ) (195 130 118 ) (195 130 2.250000 ) (197 130 2.250000 ) 
4 216 217 (195 254 2.250000 ) (195 130 2.250000 ) (195 130 118 ) (195 254 118 ) 
4 216 218 (195 254 2.250000 ) (197 254 2.250000 ) (197 130 2.250000 ) (195 130 2.250000 ) 
4 217 375 (0 254 118 ) (0 254 2.250000 ) (0 130 2.250000 ) (0 130 118 ) 
4 217 219 (195 130 118 ) (0 130 118 ) (0 130 2.250000 ) (195 130 2.250000 ) 
4 217 218 (0 254 2.250000 ) (195 254 2.250000 ) (195 130 2.250000 ) (0 130 2.250000 ) 
4 218 375 (0 254 2.250000 ) (0 254 0 ) (0 130 0 ) (0 130 2.250000 ) 
4 218 219 (0 130 0 ) (202 130 0 ) (202 130 2.250000 ) (0 130 2.250000 ) 
4 219 375 (0 128 128 ) (0 130 128 ) (0 130 0 ) (0 128 0 ) 
4 219 220 (0 128 0 ) (192 128 0 ) (192 128 128 ) (0 128 128 ) 
4 220 375 (0 96 0 ) (0 96 128 ) (0 128 128 ) (0 128 0 ) 
4 220 224 (96 96 128 ) (0 96 128 ) (0 96 0 ) (96 96 0 ) 
4 220 223 (128 96 128 ) (96 96 128 ) (96 96 0 ) (128 96 0 ) 
4 220 222 (192 96 128 ) (128 96 128 ) (128 96 0 ) (192 96 0 ) 
4 221 329 (992 0 128 ) (608 0 128 ) (608 0 112 ) (992 0 112 ) 
4 222 334 (192 0 0 ) (192 0 63 ) (128 0 63 ) (128 0 0 ) 
4 222 331 (192 0 63 ) (192 0 112 ) (128 0 112 ) (128 0 63 ) 
4 222 330 (192 0 112 ) (192 0 128 ) (128 0 128 ) (128 0 112 ) 
4 222 223 (128 96 128 ) (128 96 0 ) (128 0 0 ) (128 0 128 ) 
4 223 335 (128 0 -392 ) (128 0 128 ) (96 0 128 ) (96 0 -392 ) 
4 223 226 (96 96 -392 ) (128 96 -392 ) (128 0 -392 ) (96 0 -392 ) 
4 223 225 (96 0 -384 ) (96 0 128 ) (96 64 128 ) (96 64 -384 ) 
4 223 224 (96 96 128 ) (96 96 -392 ) (96 64 -392 ) (96 64 128 ) 
4 224 376 (0 64 128 ) (0 96 128 ) (0 96 -392 ) (0 64 -392 ) 
4 224 226 (0 96 -392 ) (96 96 -392 ) (96 64 -392 ) (0 64 -392 ) 
4 224 225 (96 64 -384 ) (96 64 128 ) (0 64 128 ) (0 64 -384 ) 
4 225 377 (0 0 -384 ) (0 0 128 ) (0 64 128 ) (0 64 -384 ) 
4 225 336 (96 0 128 ) (0 0 128 ) (0 0 -384 ) (96 0 -384 ) 
4 226 379 (0 0 -404 ) (0 0 -392 ) (0 96 -392 ) (0 96 -404 ) 
4 226 338 (128 0 -404 ) (128 0 -392 ) (0 0 -392 ) (0 0 -404 ) 
4 226 227 (0 0 -404 ) (0 96 -404 ) (128 96 -404 ) (128 0 -404 ) 
4 227 380 (0 0 -640 ) (0 0 -404 ) (0 96 -404 ) (0 96 -640 ) 
4 227 339 (128 0 -640 ) (128 0 -404 ) (0 0 -404 ) (0 0 -640 ) 
4 228 234 (1472 0 928 ) (2048 0 928 ) (2048 -224 928 ) (1472 -224 928 ) 
4 228 232 (2048 -224 1144 ) (2048 -224 1408 ) (1536 -224 1408 ) (1536 -224 1144 ) 
4 228 233 (1536 -224 928 ) (2048 -224 928 ) (2048 -224 1112 ) (1536 -224 1112 ) 
4 228 229 (1472 -224 1152 ) (1472 -224 1408 ) (1472 0 1408 ) (1472 0 1152 ) 
4 228 230 (1472 -224 968 ) (1472 -224 1112 ) (1472 0 1112 ) (1472 0 968 ) 
4 229 231 (1408 -224 1152 ) (1408 -224 1408 ) (1408 0 1408 ) (1408 0 1152 ) 
4 230 231 (1408 -224 968 ) (1408 -224 1112 ) (1408 0 1112 ) (1408 0 968 ) 
4 233 234 (1536 -224 928 ) (2048 -224 928 ) (2048 -288 928 ) (1536 -288 928 ) 
4 234 238 (1472 -288 896 ) (1472 0 896 ) (1856 0 896 ) (1856 -288 896 ) 
4 234 237 (2048 -128 896 ) (2048 -288 896 ) (1856 -288 896 ) (1856 -128 896 ) 
4 234 236 (1856 0 896 ) (2048 0 896 ) (2048 -128 896 ) (1856 -128 896 ) 
4 235 267 (1120 -384 896 ) (1088 -384 896 ) (1088 0 896 ) (1120 0 896 ) 
4 236 259 (1856 -128 0 ) (1856 -128 126.973007 ) (1856 -122 126.973007 ) (1856 -122 0 ) 
4 236 250 (1856 -122 126.973007 ) (1856 0 126.973007 ) (1856 0 0 ) (1856 -122 0 ) 
4 236 239 (1856 -128 126.973007 ) (1856 -128 128 ) (1856 0 128 ) (1856 0 126.973007 ) 
4 236 238 (1856 -128 128 ) (1856 -128 896 ) (1856 0 896 ) (1856 0 128 ) 
4 236 237 (1856 -128 896 ) (1856 -128 128 ) (2048 -128 128 ) (2048 -128 896 ) 
4 237 274 (1856 -384 320 ) (1856 -384 128 ) (1984 -384 128 ) (1984 -384 320 ) 
4 237 238 (1856 -384 128 ) (1856 -384 896 ) (1856 -128 896 ) (1856 -128 128 ) 
4 238 280 (1344 -384 768 ) (1344 -384 640 ) (1472 -384 640 ) (1472 -384 768 ) 
4 238 279 (1472 -384 896 ) (1344 -384 896 ) (1344 -384 768 ) (1472 -384 768 ) 
4 238 278 (1792 -384 320 ) (1664 -384 320 ) (1664 -384 128 ) (1792 -384 128 ) 
4 238 276 (1856 -384 512 ) (1856 -384 640 ) (1600 -384 640 ) (1600 -384 512 ) 
4 238 267 (1344 -384 128 ) (1344 -384 896 ) (1344 0 896 ) (1344 0 128 ) 
3 238 247 (1436 -292 128 ) (1436 -376 128 ) (1352 -376 128 ) 
3 238 246 (1436 -292 128 ) (1352 -376 128 ) (1352 -292 128 ) 
4 238 245 (1352 0 128 ) (1436 0 128 ) (1436 -292 128 ) (1352 -292 128 ) 
4 238 244 (1466 -376 128 ) (1436 -376 128 ) (1436 -292 128 ) (1466 -292 128 ) 
4 238 243 (1436 -292 128 ) (1436 -60 128 ) (1466 -60 128 ) (1466 -292 128 ) 
4 238 242 (1468 -60 128 ) (1468 -376 128 ) (1466 -376 128 ) (1466 -60 128 ) 
4 238 241 (1436 0 128 ) (1468 0 128 ) (1468 -60 128 ) (1436 -60 128 ) 
4 238 248 (1468 -376 128 ) (1468 -384 128 ) (1352 -384 128 ) (1352 -376 128 ) 
4 238 240 (1664 -384 128 ) (1468 -384 128 ) (1468 -256 128 ) (1664 -256 128 ) 
4 238 239 (1468 0 128 ) (1856 0 128 ) (1856 -256 128 ) (1468 -256 128 ) 
4 238 249 (1344 -384 128 ) (1344 0 128 ) (1352 0 128 ) (1352 -384 128 ) 
4 239 260 (1856 -128 126.973007 ) (1856 -256 126.973007 ) (1468 -256 126.973007 ) (1468 -128 126.973007 ) 
4 239 259 (1856 -122 126.973007 ) (1856 -128 126.973007 ) (1468 -128 126.973007 ) (1468 -122 126.973007 ) 
4 239 254 (1716 0 126.973007 ) (1764 0 126.973007 ) (1764 -60 126.973007 ) (1716 -60 126.973007 ) 
4 239 257 (1764 -60 126.973007 ) (1764 -122 126.973007 ) (1716 -122 126.973007 ) (1716 -60 126.973007 ) 
4 239 258 (1468 0 126.973007 ) (1716 0 126.973007 ) (1716 -122 126.973007 ) (1468 -122 126.973007 ) 
4 239 251 (1764 0 126.973007 ) (1848 0 126.973007 ) (1848 -122 126.973007 ) (1764 -122 126.973007 ) 
4 239 250 (1848 0 126.973007 ) (1856 0 126.973007 ) (1856 -122 126.973007 ) (1848 -122 126.973007 ) 
4 239 242 (1468 -60 126.973007 ) (1468 -256 126.973007 ) (1468 -256 128 ) (1468 -60 128 ) 
4 239 241 (1468 0 126.973007 ) (1468 -60 126.973007 ) (1468 -60 128 ) (1468 0 128 ) 
4 239 240 (1468 -256 128 ) (1468 -256 126.973007 ) (1664 -256 126.973007 ) (1664 -256 128 ) 
4 240 261 (1664 -384 126.973007 ) (1468 -384 126.973007 ) (1468 -256 126.973007 ) (1664 -256 126.973007 ) 
4 240 242 (1468 -256 126.973007 ) (1468 -376 126.973007 ) (1468 -376 128 ) (1468 -256 128 ) 
4 240 248 (1468 -376 126.973007 ) (1468 -384 126.973007 ) (1468 -384 128 ) (1468 -376 128 ) 
4 241 258 (1436 0 126.973007 ) (1468 0 126.973007 ) (1468 -60 126.973007 ) (1436 -60 126.973007 ) 
4 241 245 (1436 0 126.973007 ) (1436 -60 126.973007 ) (1436 -60 128 ) (1436 0 128 ) 
4 241 243 (1436 -60 128 ) (1436 -60 126.973007 ) (1466 -60 126.973007 ) (1466 -60 128 ) 
4 241 242 (1466 -60 126.973007 ) (1468 -60 126.973007 ) (1468 -60 128 ) (1466 -60 128 ) 
4 242 261 (1468 -256 126.973007 ) (1468 -376 126.973007 ) (1466 -376 126.973007 ) (1466 -256 126.973007 ) 
4 242 260 (1468 -128 126.973007 ) (1468 -256 126.973007 ) (1466 -256 126.973007 ) (1466 -128 126.973007 ) 
4 242 259 (1468 -122 126.973007 ) (1468 -128 126.973007 ) (1466 -128 126.973007 ) (1466 -122 126.973007 ) 
4 242 258 (1468 -60 126.973007 ) (1468 -122 126.973007 ) (1466 -122 126.973007 ) (1466 -60 126.973007 ) 
4 242 244 (1466 -292 126.973007 ) (1466 -376 126.973007 ) (1466 -376 128 ) (1466 -292 128 ) 
4 242 243 (1466 -60 128 ) (1466 -60 126.973007 ) (1466 -292 126.973007 ) (1466 -292 128 ) 
4 242 248 (1466 -376 126.973007 ) (1468 -376 126.973007 ) (1468 -376 128 ) (1466 -376 128 ) 
4 243 261 (1436 -292 126.973007 ) (1436 -256 126.973007 ) (1466 -256 126.973007 ) (1466 -292 126.973007 ) 
4 243 260 (1436 -256 126.973007 ) (1436 -128 126.973007 ) (1466 -128 126.973007 ) (1466 -256 126.973007 ) 
4 243 259 (1436 -128 126.973007 ) (1436 -122 126.973007 ) (1466 -122 126.973007 ) (1466 -128 126.973007 ) 
4 243 258 (1436 -122 126.973007 ) (1436 -60 126.973007 ) (1466 -60 126.973007 ) (1466 -122 126.973007 ) 
4 243 245 (1436 -60 126.973007 ) (1436 -292 126.973007 ) (1436 -292 128 ) (1436 -60 128 ) 
4 243 244 (1436 -292 128 ) (1436 -292 126.973007 ) (1466 -292 126.973007 ) (1466 -292 128 ) 
4 244 261 (1466 -376 126.973007 ) (1436 -376 126.973007 ) (1436 -292 126.973007 ) (1466 -292 126.973007 ) 
4 244 247 (1436 -292 126.973007 ) (1436 -376 126.973007 ) (1436 -376 128 ) (1436 -292 128 ) 
4 244 248 (1436 -376 126.973007 ) (1466 -376 126.973007 ) (1466 -376 128 ) (1436 -376 128 ) 
4 245 261 (1436 -256 126.973007 ) (1436 -292 126.973007 ) (1352 -292 126.973007 ) (1352 -256 126.973007 ) 
4 245 260 (1436 -128 126.973007 ) (1436 -256 126.973007 ) (1352 -256 126.973007 ) (1352 -128 126.973007 ) 
4 245 259 (1436 -122 126.973007 ) (1436 -128 126.973007 ) (1352 -128 126.973007 ) (1352 -122 126.973007 ) 
4 245 258 (1352 0 126.973007 ) (1436 0 126.973007 ) (1436 -122 126.973007 ) (1352 -122 126.973007 ) 
4 245 246 (1352 -292 128 ) (1352 -292 126.973007 ) (1436 -292 126.973007 ) (1436 -292 128 ) 
4 245 249 (1352 0 126.973007 ) (1352 -292 126.973007 ) (1352 -292 128 ) (1352 0 128 ) 
3 246 261 (1436 -292 126.973007 ) (1352 -376 126.973007 ) (1352 -292 126.973007 ) 
4 246 249 (1352 -292 126.973007 ) (1352 -376 126.973007 ) (1352 -376 128 ) (1352 -292 128 ) 
4 246 247 (1352 -376 128 ) (1352 -376 126.973007 ) (1436 -292 126.973007 ) (1436 -292 128 ) 
3 247 261 (1436 -292 126.973007 ) (1436 -376 126.973007 ) (1352 -376 126.973007 ) 
4 247 248 (1352 -376 128 ) (1352 -376 126.973007 ) (1436 -376 126.973007 ) (1436 -376 128 ) 
4 248 261 (1468 -376 126.973007 ) (1468 -384 126.973007 ) (1352 -384 126.973007 ) (1352 -376 126.973007 ) 
4 248 249 (1352 -376 126.973007 ) (1352 -384 126.973007 ) (1352 -384 128 ) (1352 -376 128 ) 
4 249 261 (1344 -384 126.973007 ) (1344 -256 126.973007 ) (1352 -256 126.973007 ) (1352 -384 126.973007 ) 
4 249 260 (1344 -256 126.973007 ) (1344 -128 126.973007 ) (1352 -128 126.973007 ) (1352 -256 126.973007 ) 
4 249 259 (1344 -128 126.973007 ) (1344 -122 126.973007 ) (1352 -122 126.973007 ) (1352 -128 126.973007 ) 
4 249 258 (1344 -122 126.973007 ) (1344 0 126.973007 ) (1352 0 126.973007 ) (1352 -122 126.973007 ) 
4 250 265 (1856 -64 -128 ) (1856 -122 -128 ) (1848 -122 -128 ) (1848 -64 -128 ) 
4 250 262 (1848 0 -128 ) (1856 0 -128 ) (1856 -64 -128 ) (1848 -64 -128 ) 
4 250 259 (1848 -122 -128 ) (1856 -122 -128 ) (1856 -122 126.973007 ) (1848 -122 126.973007 ) 
4 250 252 (1848 -122 -1.027000 ) (1848 -122 -0.027000 ) (1848 0 -0.027000 ) (1848 0 -1.027000 ) 
4 250 251 (1848 -122 -0.027000 ) (1848 -122 126.973007 ) (1848 0 126.973007 ) (1848 0 -0.027000 ) 
4 250 253 (1848 0 -128 ) (1848 -122 -128 ) (1848 -122 -1.027000 ) (1848 0 -1.027000 ) 
4 251 259 (1848 -122 -0.027000 ) (1848 -122 126.973007 ) (1764 -122 126.973007 ) (1764 -122 -0.027000 ) 
4 251 254 (1764 -60 126.973007 ) (1764 0 126.973007 ) (1764 0 -0.027000 ) (1764 -60 -0.027000 ) 
4 251 257 (1764 -122 -0.027000 ) (1764 -122 126.973007 ) (1764 -60 126.973007 ) (1764 -60 -0.027000 ) 
4 251 252 (1764 -122 -0.027000 ) (1764 0 -0.027000 ) (1848 0 -0.027000 ) (1848 -122 -0.027000 ) 
4 252 259 (1848 -122 -1.027000 ) (1848 -122 -0.027000 ) (1764 -122 -0.027000 ) (1764 -122 -1.027000 ) 
4 252 255 (1764 -60 -0.027000 ) (1764 0 -0.027000 ) (1764 0 -1.027000 ) (1764 -60 -1.027000 ) 
4 252 257 (1764 -122 -1.027000 ) (1764 -122 -0.027000 ) (1764 -60 -0.027000 ) (1764 -60 -1.027000 ) 
4 252 253 (1764 -122 -1.027000 ) (1764 0 -1.027000 ) (1848 0 -1.027000 ) (1848 -122 -1.027000 ) 
4 253 265 (1848 -64 -128 ) (1848 -122 -128 ) (1764 -122 -128 ) (1764 -64 -128 ) 
4 253 262 (1764 0 -128 ) (1848 0 -128 ) (1848 -64 -128 ) (1764 -64 -128 ) 
4 253 259 (1764 -122 -128 ) (1848 -122 -128 ) (1848 -122 -1.027000 ) (1764 -122 -1.027000 ) 
4 253 256 (1764 0 -128 ) (1764 -60 -128 ) (1764 -60 -1.027000 ) (1764 0 -1.027000 ) 
4 253 257 (1764 -60 -128 ) (1764 -122 -128 ) (1764 -122 -1.027000 ) (1764 -60 -1.027000 ) 
4 254 258 (1716 -60 -0.027000 ) (1716 -60 126.973007 ) (1716 0 126.973007 ) (1716 0 -0.027000 ) 
4 254 257 (1716 -60 126.973007 ) (1716 -60 -0.027000 ) (1764 -60 -0.027000 ) (1764 -60 126.973007 ) 
4 254 255 (1764 -60 -0.027000 ) (1716 -60 -0.027000 ) (1716 0 -0.027000 ) (1764 0 -0.027000 ) 
4 255 256 (1764 -60 -1.027000 ) (1716 -60 -1.027000 ) (1716 0 -1.027000 ) (1764 0 -1.027000 ) 
4 255 258 (1716 -60 -1.027000 ) (1716 -60 -0.027000 ) (1716 0 -0.027000 ) (1716 0 -1.027000 ) 
4 255 257 (1716 -60 -0.027000 ) (1716 -60 -1.027000 ) (1764 -60 -1.027000 ) (1764 -60 -0.027000 ) 
4 256 262 (1716 0 -128 ) (1764 0 -128 ) (1764 -60 -128 ) (1716 -60 -128 ) 
4 256 257 (1716 -60 -1.027000 ) (1716 -60 -128 ) (1764 -60 -128 ) (1764 -60 -1.027000 ) 
4 256 258 (1716 0 -128 ) (1716 -60 -128 ) (1716 -60 -1.027000 ) (1716 0 -1.027000 ) 
4 257 265 (1764 -64 -128 ) (1764 -122 -128 ) (1716 -122 -128 ) (1716 -64 -128 ) 
4 257 262 (1764 -60 -128 ) (1764 -64 -128 ) (1716 -64 -128 ) (1716 -60 -128 ) 
4 257 259 (1716 -122 -128 ) (1764 -122 -128 ) (1764 -122 126.973007 ) (1716 -122 126.973007 ) 
4 257 258 (1716 -60 -128 ) (1716 -122 -128 ) (1716 -122 126.973007 ) (1716 -60 126.973007 ) 
4 258 268 (1344 0 120 ) (1344 0 0 ) (1344 -122 0 ) (1344 -122 120 ) 
4 258 265 (1344 -122 -128 ) (1344 -64 -128 ) (1716 -64 -128 ) (1716 -122 -128 ) 
4 258 263 (1504 0 -128 ) (1632 0 -128 ) (1632 -64 -128 ) (1504 -64 -128 ) 
4 258 262 (1632 0 -128 ) (1716 0 -128 ) (1716 -64 -128 ) (1632 -64 -128 ) 
4 258 264 (1344 -64 -128 ) (1344 0 -128 ) (1504 0 -128 ) (1504 -64 -128 ) 
4 258 259 (1344 -122 -128 ) (1716 -122 -128 ) (1716 -122 126.973007 ) (1344 -122 126.973007 ) 
4 259 268 (1344 -122 120 ) (1344 -122 0 ) (1344 -128 0 ) (1344 -128 120 ) 
4 259 265 (1344 -128 -128 ) (1344 -122 -128 ) (1856 -122 -128 ) (1856 -128 -128 ) 
4 259 260 (1856 -128 0.003891 ) (1856 -128 126.973007 ) (1344 -128 126.973007 ) (1344 -128 0 ) 
4 260 268 (1344 -128 120 ) (1344 -128 0 ) (1344 -256 0 ) (1344 -256 120 ) 
4 260 261 (1344 -256 -128 ) (1664 -256 -128 ) (1664 -256 126.973007 ) (1344 -256 126.973007 ) 
4 261 268 (1344 -352 120 ) (1344 -256 120 ) (1344 -256 0 ) (1344 -352 0 ) 
4 262 266 (1632 -64 -640 ) (1856 -64 -640 ) (1856 -64 -636 ) (1632 -64 -636 ) 
4 262 265 (1856 -64 -636 ) (1856 -64 -128 ) (1632 -64 -128 ) (1632 -64 -636 ) 
4 262 263 (1632 -64 -632 ) (1632 -64 -128 ) (1632 0 -128 ) (1632 0 -632 ) 
4 263 265 (1632 -64 -632 ) (1632 -64 -128 ) (1504 -64 -128 ) (1504 -64 -632 ) 
4 263 264 (1504 -64 -632 ) (1504 -64 -128 ) (1504 0 -128 ) (1504 0 -632 ) 
4 264 266 (1344 -64 -640 ) (1504 -64 -640 ) (1504 -64 -636 ) (1344 -64 -636 ) 
4 264 265 (1504 -64 -636 ) (1504 -64 -128 ) (1344 -64 -128 ) (1344 -64 -636 ) 
4 265 266 (1856 -128 -636 ) (1344 -128 -636 ) (1344 -64 -636 ) (1856 -64 -636 ) 
4 267 279 (1344 -384 768 ) (1344 -384 896 ) (1216 -384 896 ) (1216 -384 768 ) 
4 267 270 (1088 0 256 ) (1088 0 128 ) (1088 -96 128 ) (1088 -96 256 ) 
4 267 269 (1088 0 288 ) (1088 0 256 ) (1088 -128 256 ) (1088 -128 288 ) 
4 269 270 (1080 0 256 ) (1088 0 256 ) (1088 -96 256 ) (1080 -96 256 ) 
4 270 271 (1071 0 128 ) (1071 -96 128 ) (1071 -96 256 ) (1071 0 256 ) 
4 271 272 (1070 0 128 ) (1070 -96 128 ) (1070 -96 256 ) (1070 0 256 ) 
4 272 273 (1056 -64 256 ) (1056 0 256 ) (1056 0 128 ) (1056 -64 128 ) 
4 273 313 (1024 0 256 ) (1024 0 128 ) (1024 -64 128 ) (1024 -64 256 ) 
4 274 275 (1984 -386 130 ) (1984 -386 320 ) (1856 -386 320 ) (1856 -386 130 ) 
4 275 285 (1984 -416 130 ) (1984 -416 318 ) (1856 -416 318 ) (1856 -416 130 ) 
4 275 284 (1984 -416 318 ) (1984 -416 320 ) (1856 -416 320 ) (1856 -416 318 ) 
4 275 277 (1856 -416 130 ) (1856 -416 320 ) (1856 -400 320 ) (1856 -400 130 ) 
4 276 283 (1856 -416 512 ) (1856 -416 640 ) (1600 -416 640 ) (1600 -416 512 ) 
4 277 286 (1856 -416 128 ) (1856 -416 320 ) (1792 -416 320 ) (1792 -416 128 ) 
4 277 278 (1792 -400 128 ) (1792 -416 128 ) (1792 -416 320 ) (1792 -400 320 ) 
4 278 286 (1792 -416 320 ) (1664 -416 320 ) (1664 -416 128 ) (1792 -416 128 ) 
4 279 282 (1472 -416 768 ) (1472 -416 896 ) (1216 -416 896 ) (1216 -416 768 ) 
4 279 280 (1344 -384 768 ) (1472 -384 768 ) (1472 -416 768 ) (1344 -416 768 ) 
4 280 282 (1344 -416 640 ) (1472 -416 640 ) (1472 -416 768 ) (1344 -416 768 ) 
4 281 283 (1856 -528 640 ) (1600 -528 640 ) (1600 -416 640 ) (1856 -416 640 ) 
4 284 285 (1856 -512 318 ) (1856 -416 318 ) (1984 -416 318 ) (1984 -512 318 ) 
4 284 286 (1856 -512 318 ) (1856 -512 320 ) (1856 -416 320 ) (1856 -416 318 ) 
4 285 286 (1856 -512 130 ) (1856 -512 318 ) (1856 -416 318 ) (1856 -416 130 ) 
4 286 288 (1792 -512 128 ) (1856 -512 128 ) (1856 -512 256 ) (1792 -512 256 ) 
4 286 287 (1664 -448 128 ) (1664 -480 128 ) (1664 -480 256 ) (1664 -448 256 ) 
4 289 293 (608 -96 288 ) (992 -96 288 ) (992 -96 384 ) (608 -96 384 ) 
4 289 290 (992 -96 288 ) (608 -96 288 ) (608 0 288 ) (992 0 288 ) 
4 290 317 (992 -64 256 ) (992 -96 256 ) (608 -96 256 ) (608 -64 256 ) 
4 290 313 (608 0 256 ) (992 0 256 ) (992 -64 256 ) (608 -64 256 ) 
4 290 293 (608 -96 256 ) (992 -96 256 ) (992 -96 288 ) (608 -96 288 ) 
4 291 315 (512 -64 256 ) (512 -32 256 ) (520 -32 256 ) (520 -64 256 ) 
4 291 310 (512 -32 256 ) (512 -64 256 ) (512 -64 288 ) (512 -32 288 ) 
4 292 366 (672 -1024 640 ) (512 -1024 640 ) (512 -1024 384 ) (672 -1024 384 ) 
4 292 312 (512 -1024 384 ) (512 -1024 512 ) (512 -992 512 ) (512 -992 384 ) 
4 292 309 (512 -1024 512 ) (512 -1024 544 ) (512 -992 544 ) (512 -992 512 ) 
4 292 306 (512 -1024 544 ) (512 -1024 640 ) (512 -992 640 ) (512 -992 544 ) 
4 292 294 (512 -1024 384 ) (512 -992 384 ) (672 -992 384 ) (672 -1024 384 ) 
4 293 322 (608 -96 256 ) (992 -96 256 ) (992 -112 256 ) (608 -112 256 ) 
4 294 366 (512 -1024 256 ) (672 -1024 256 ) (672 -1024 384 ) (512 -1024 384 ) 
4 294 328 (672 -1024 256 ) (512 -1024 256 ) (512 -992 256 ) (672 -992 256 ) 
4 294 312 (512 -992 256 ) (512 -1024 256 ) (512 -1024 384 ) (512 -992 384 ) 
4 295 301 (512 -320 728 ) (320 -320 728 ) (320 -160 728 ) (512 -160 728 ) 
4 295 302 (288 -320 728 ) (256 -320 728 ) (256 -160 728 ) (288 -160 728 ) 
4 295 300 (320 -128 728 ) (512 -128 728 ) (512 -160 728 ) (320 -160 728 ) 
4 295 298 (256 -128 728 ) (256 0 728 ) (512 0 728 ) (512 -128 728 ) 
4 295 296 (256 -320 768 ) (256 -320 1024 ) (256 0 1024 ) (256 0 768 ) 
4 296 297 (192 -320 768 ) (192 -320 1024 ) (192 0 1024 ) (192 0 768 ) 
4 297 408 (0 -320 1024 ) (0 -256 1024 ) (0 -256 728 ) (0 -320 728 ) 
4 297 407 (0 -256 1024 ) (0 -160 1024 ) (0 -160 728 ) (0 -256 728 ) 
4 297 402 (0 -128 1024 ) (0 0 1024 ) (0 0 728 ) (0 -128 728 ) 
4 297 403 (0 -160 1024 ) (0 -128 1024 ) (0 -128 728 ) (0 -160 728 ) 
4 297 304 (0 -256 728 ) (0 0 728 ) (192 0 728 ) (192 -256 728 ) 
4 297 305 (192 -320 728 ) (0 -320 728 ) (0 -288 728 ) (192 -288 728 ) 
4 298 307 (256 0 544 ) (384 0 544 ) (384 -128 544 ) (256 -128 544 ) 
4 298 300 (320 -128 544 ) (512 -128 544 ) (512 -128 728 ) (320 -128 728 ) 
4 298 299 (256 -128 584 ) (256 -128 728 ) (256 0 728 ) (256 0 584 ) 
4 299 304 (192 -128 584 ) (192 -128 728 ) (192 0 728 ) (192 0 584 ) 
4 300 301 (320 -160 544 ) (512 -160 544 ) (512 -160 728 ) (320 -160 728 ) 
4 302 303 (224 -256 544 ) (224 -320 544 ) (224 -320 728 ) (224 -256 728 ) 
4 303 305 (192 -288 544 ) (192 -320 544 ) (192 -320 728 ) (192 -288 728 ) 
4 304 407 (0 -160 544 ) (0 -256 544 ) (0 -256 728 ) (0 -160 728 ) 
4 304 402 (0 0 728 ) (0 0 544 ) (0 -128 544 ) (0 -128 728 ) 
4 304 403 (0 -128 544 ) (0 -160 544 ) (0 -160 728 ) (0 -128 728 ) 
4 304 308 (0 -256 544 ) (0 -128 544 ) (128 -128 544 ) (128 -256 544 ) 
4 304 307 (0 -128 544 ) (0 0 544 ) (192 0 544 ) (192 -128 544 ) 
4 305 409 (0 -288 544 ) (0 -320 544 ) (0 -320 728 ) (0 -288 728 ) 
4 306 366 (32 -1024 544 ) (512 -1024 544 ) (512 -1024 640 ) (32 -1024 640 ) 
4 306 309 (32 -992 544 ) (512 -992 544 ) (512 -1024 544 ) (32 -1024 544 ) 
4 307 402 (0 -128 544 ) (0 0 544 ) (0 0 512 ) (0 -128 512 ) 
4 307 310 (320 0 512 ) (384 0 512 ) (384 -128 512 ) (320 -128 512 ) 
4 307 311 (0 0 512 ) (320 0 512 ) (320 -128 512 ) (0 -128 512 ) 
4 307 308 (0 -128 512 ) (128 -128 512 ) (128 -128 544 ) (0 -128 544 ) 
4 308 407 (0 -256 544 ) (0 -160 544 ) (0 -160 512 ) (0 -256 512 ) 
4 308 403 (0 -160 544 ) (0 -128 544 ) (0 -128 512 ) (0 -160 512 ) 
4 308 311 (128 -256 512 ) (0 -256 512 ) (0 -128 512 ) (128 -128 512 ) 
4 309 366 (32 -1024 512 ) (512 -1024 512 ) (512 -1024 544 ) (32 -1024 544 ) 
4 309 312 (512 -992 512 ) (512 -1024 512 ) (32 -1024 512 ) (32 -992 512 ) 
4 310 324 (320 -224 256 ) (320 -96 256 ) (416 -96 256 ) (416 -224 256 ) 
4 310 325 (416 -256 256 ) (320 -256 256 ) (320 -224 256 ) (416 -224 256 ) 
4 310 323 (512 -96 256 ) (512 -256 256 ) (416 -256 256 ) (416 -96 256 ) 
4 310 321 (512 -64 256 ) (512 -96 256 ) (320 -96 256 ) (320 -64 256 ) 
4 310 315 (320 0 256 ) (512 0 256 ) (512 -64 256 ) (320 -64 256 ) 
4 310 311 (320 0 256 ) (320 -256 256 ) (320 -256 512 ) (320 0 512 ) 
4 311 410 (0 -384 512 ) (0 -256 512 ) (0 -256 256 ) (0 -384 256 ) 
4 311 407 (0 -256 512 ) (0 -160 512 ) (0 -160 256 ) (0 -256 256 ) 
4 311 402 (0 -128 512 ) (0 0 512 ) (0 0 256 ) (0 -128 256 ) 
4 311 403 (0 -160 512 ) (0 -128 512 ) (0 -128 256 ) (0 -160 256 ) 
4 311 327 (0 -384 256 ) (0 -256 256 ) (320 -256 256 ) (320 -384 256 ) 
4 311 324 (288 -96 256 ) (320 -96 256 ) (320 -224 256 ) (288 -224 256 ) 
4 311 325 (320 -224 256 ) (320 -256 256 ) (288 -256 256 ) (288 -224 256 ) 
4 311 326 (0 -256 256 ) (0 -96 256 ) (288 -96 256 ) (288 -256 256 ) 
4 311 321 (0 -96 256 ) (0 -64 256 ) (320 -64 256 ) (320 -96 256 ) 
4 311 315 (0 -64 256 ) (0 0 256 ) (320 0 256 ) (320 -64 256 ) 
4 312 366 (32 -1024 256 ) (512 -1024 256 ) (512 -1024 512 ) (32 -1024 512 ) 
4 312 328 (512 -1024 256 ) (32 -1024 256 ) (32 -992 256 ) (512 -992 256 ) 
4 313 329 (608 0 128 ) (992 0 128 ) (992 -64 128 ) (608 -64 128 ) 
4 313 319 (527 -64 128 ) (544 -64 128 ) (544 -64 256 ) (527 -64 256 ) 
4 313 318 (584 -64 128 ) (600 -64 128 ) (600 -64 256 ) (584 -64 256 ) 
4 313 317 (608 -64 128 ) (992 -64 128 ) (992 -64 256 ) (608 -64 256 ) 
4 313 316 (1000 -64 128 ) (1016 -64 128 ) (1016 -64 256 ) (1000 -64 256 ) 
4 313 314 (527 0 128 ) (527 -64 128 ) (527 -64 256 ) (527 0 256 ) 
4 314 320 (526 -64 128 ) (527 -64 128 ) (527 -64 256 ) (526 -64 256 ) 
4 314 315 (526 0 128 ) (526 -64 128 ) (526 -64 256 ) (526 0 256 ) 
4 315 402 (0 -64 256 ) (0 0 256 ) (0 0 128 ) (0 -64 128 ) 
4 315 336 (0 -64 128 ) (0 0 128 ) (96 0 128 ) (96 -64 128 ) 
4 315 335 (96 0 128 ) (128 0 128 ) (128 -64 128 ) (96 -64 128 ) 
4 315 330 (128 0 128 ) (192 0 128 ) (192 -64 128 ) (128 -64 128 ) 
4 315 321 (0 -64 128 ) (526 -64 128 ) (526 -64 256 ) (0 -64 256 ) 
4 317 329 (608 -64 128 ) (992 -64 128 ) (992 -96 128 ) (608 -96 128 ) 
4 317 322 (608 -96 128 ) (992 -96 128 ) (992 -96 256 ) (608 -96 256 ) 
4 319 320 (527 -64 256 ) (527 -64 128 ) (527 -96 128 ) (527 -96 256 ) 
4 320 321 (526 -64 256 ) (526 -64 128 ) (526 -96 128 ) (526 -96 256 ) 
4 321 402 (0 -96 256 ) (0 -64 256 ) (0 -64 128 ) (0 -96 128 ) 
4 321 336 (0 -96 128 ) (0 -64 128 ) (96 -64 128 ) (96 -96 128 ) 
4 321 335 (96 -64 128 ) (128 -64 128 ) (128 -96 128 ) (96 -96 128 ) 
4 321 330 (128 -64 128 ) (192 -64 128 ) (192 -96 128 ) (128 -96 128 ) 
4 321 324 (416 -96 130 ) (416 -96 256 ) (288 -96 256 ) (288 -96 130 ) 
4 321 326 (0 -96 128 ) (288 -96 128 ) (288 -96 256 ) (0 -96 256 ) 
4 321 323 (416 -96 128 ) (512 -96 128 ) (512 -96 256 ) (416 -96 256 ) 
4 323 324 (416 -96 256 ) (416 -96 130 ) (416 -224 130 ) (416 -224 256 ) 
4 323 325 (416 -224 128 ) (416 -256 128 ) (416 -256 256 ) (416 -224 256 ) 
4 324 325 (288 -224 256 ) (288 -224 130 ) (416 -224 130 ) (416 -224 256 ) 
4 324 326 (288 -96 256 ) (288 -96 130 ) (288 -224 130 ) (288 -224 256 ) 
4 325 327 (288 -256 128 ) (320 -256 128 ) (320 -256 256 ) (288 -256 256 ) 
4 325 326 (288 -224 128 ) (288 -256 128 ) (288 -256 256 ) (288 -224 256 ) 
4 326 407 (0 -256 256 ) (0 -160 256 ) (0 -160 128 ) (0 -256 128 ) 
4 326 402 (0 -128 256 ) (0 -96 256 ) (0 -96 128 ) (0 -128 128 ) 
4 326 403 (0 -160 256 ) (0 -128 256 ) (0 -128 128 ) (0 -160 128 ) 
4 326 340 (0 -256 128 ) (0 -160 128 ) (128 -160 128 ) (128 -256 128 ) 
4 326 336 (0 -128 128 ) (0 -96 128 ) (96 -96 128 ) (96 -128 128 ) 
4 326 337 (0 -160 128 ) (0 -128 128 ) (96 -128 128 ) (96 -160 128 ) 
4 326 335 (96 -96 128 ) (128 -96 128 ) (128 -160 128 ) (96 -160 128 ) 
4 326 332 (128 -96 128 ) (192 -96 128 ) (192 -256 128 ) (128 -256 128 ) 
4 326 327 (0 -256 128 ) (288 -256 128 ) (288 -256 256 ) (0 -256 256 ) 
4 327 410 (0 -512 256 ) (0 -256 256 ) (0 -256 128 ) (0 -512 128 ) 
4 327 345 (0 -512 128 ) (0 -256 128 ) (320 -256 128 ) (320 -512 128 ) 
4 328 366 (32 -1024 128 ) (672 -1024 128 ) (672 -1024 256 ) (32 -1024 256 ) 
4 328 346 (32 -992 128 ) (320 -992 128 ) (320 -1024 128 ) (32 -1024 128 ) 
4 328 344 (320 -992 128 ) (352 -992 128 ) (352 -1024 128 ) (320 -1024 128 ) 
4 328 343 (352 -992 128 ) (480 -992 128 ) (480 -1024 128 ) (352 -1024 128 ) 
4 328 341 (480 -992 128 ) (672 -992 128 ) (672 -1024 128 ) (480 -1024 128 ) 
4 330 335 (128 -96 128 ) (128 0 128 ) (128 0 112 ) (128 -96 112 ) 
4 330 332 (128 -96 128 ) (128 -96 112 ) (192 -96 112 ) (192 -96 128 ) 
4 330 331 (192 -96 112 ) (128 -96 112 ) (128 0 112 ) (192 0 112 ) 
4 331 335 (128 0 112 ) (128 0 63 ) (128 -96 63 ) (128 -96 112 ) 
4 331 334 (128 -96 63 ) (128 0 63 ) (192 0 63 ) (192 -96 63 ) 
4 331 332 (128 -96 112 ) (128 -96 63 ) (192 -96 63 ) (192 -96 112 ) 
4 332 351 (128 -256 64 ) (128 -256 63 ) (192 -256 63 ) (192 -256 64 ) 
4 332 345 (192 -256 128 ) (128 -256 128 ) (128 -256 64 ) (192 -256 64 ) 
4 332 340 (128 -256 63 ) (128 -256 128 ) (128 -160 128 ) (128 -160 63 ) 
4 332 335 (128 -160 128 ) (128 -96 128 ) (128 -96 63 ) (128 -160 63 ) 
4 332 334 (192 -256 63 ) (128 -256 63 ) (128 -96 63 ) (192 -96 63 ) 
4 333 353 (321 -256 -127 ) (415 -256 -127 ) (415 -256 0 ) (321 -256 0 ) 
4 333 348 (415 -256 0 ) (415 -256 63 ) (321 -256 63 ) (321 -256 0 ) 
4 334 351 (128 -256 63 ) (128 -256 0 ) (192 -256 0 ) (192 -256 63 ) 
4 334 340 (128 -256 0 ) (128 -256 63 ) (128 -160 63 ) (128 -160 0 ) 
4 334 335 (128 -160 63 ) (128 0 63 ) (128 0 0 ) (128 -160 0 ) 
4 335 340 (128 -160 0 ) (128 -160 128 ) (96 -160 128 ) (96 -160 0 ) 
4 335 338 (128 -160 -392 ) (96 -160 -392 ) (96 0 -392 ) (128 0 -392 ) 
4 335 336 (96 -128 -384 ) (96 -128 128 ) (96 0 128 ) (96 0 -384 ) 
4 335 337 (96 -128 -392 ) (96 -160 -392 ) (96 -160 128 ) (96 -128 128 ) 
4 336 402 (0 -128 128 ) (0 0 128 ) (0 0 -384 ) (0 -128 -384 ) 
4 336 337 (96 -128 -384 ) (96 -128 128 ) (0 -128 128 ) (0 -128 -384 ) 
4 337 403 (0 -160 -392 ) (0 -160 128 ) (0 -128 128 ) (0 -128 -392 ) 
4 337 340 (96 -160 128 ) (0 -160 128 ) (0 -160 0 ) (96 -160 0 ) 
4 337 338 (96 -160 -392 ) (0 -160 -392 ) (0 -128 -392 ) (96 -128 -392 ) 
4 338 405 (0 -160 -404 ) (0 -160 -392 ) (0 0 -392 ) (0 0 -404 ) 
4 338 339 (128 -160 -404 ) (0 -160 -404 ) (0 0 -404 ) (128 0 -404 ) 
4 339 406 (0 -160 -640 ) (0 -160 -404 ) (0 0 -404 ) (0 0 -640 ) 
4 340 407 (0 -256 0 ) (0 -256 128 ) (0 -160 128 ) (0 -160 0 ) 
4 340 351 (0 -256 64 ) (0 -256 0 ) (128 -256 0 ) (128 -256 64 ) 
4 340 345 (128 -256 128 ) (0 -256 128 ) (0 -256 64 ) (128 -256 64 ) 
4 341 366 (480 -1024 64 ) (672 -1024 64 ) (672 -1024 128 ) (480 -1024 128 ) 
4 341 350 (512 -1024 64 ) (480 -1024 64 ) (480 -992 64 ) (512 -992 64 ) 
4 341 347 (672 -1024 64 ) (512 -1024 64 ) (512 -992 64 ) (672 -992 64 ) 
4 341 343 (480 -992 64 ) (480 -1024 64 ) (480 -1024 128 ) (480 -992 128 ) 
4 342 349 (352 -800 64 ) (352 -736 64 ) (480 -736 64 ) (480 -800 64 ) 
4 343 366 (352 -1024 64 ) (480 -1024 64 ) (480 -1024 128 ) (352 -1024 128 ) 
4 343 350 (480 -1024 64 ) (352 -1024 64 ) (352 -992 64 ) (480 -992 64 ) 
4 343 344 (352 -992 64 ) (352 -1024 64 ) (352 -1024 128 ) (352 -992 128 ) 
4 344 366 (320 -1024 64 ) (352 -1024 64 ) (352 -1024 128 ) (320 -1024 128 ) 
4 344 350 (352 -1024 64 ) (320 -1024 64 ) (320 -992 64 ) (352 -992 64 ) 
4 344 346 (320 -992 64 ) (320 -1024 64 ) (320 -1024 128 ) (320 -992 128 ) 
4 345 410 (0 -512 128 ) (0 -256 128 ) (0 -256 64 ) (0 -512 64 ) 
4 345 351 (0 -512 64 ) (0 -256 64 ) (320 -256 64 ) (320 -512 64 ) 
4 346 366 (32 -1024 64 ) (320 -1024 64 ) (320 -1024 128 ) (32 -1024 128 ) 
4 346 352 (320 -1024 64 ) (32 -1024 64 ) (32 -992 64 ) (320 -992 64 ) 
4 347 366 (512 -1024 0 ) (672 -1024 0 ) (672 -1024 64 ) (512 -1024 64 ) 
4 347 365 (672 -1024 0 ) (512 -1024 0 ) (512 -992 0 ) (672 -992 0 ) 
4 347 350 (512 -992 0 ) (512 -1024 0 ) (512 -1024 64 ) (512 -992 64 ) 
4 348 358 (512 -576 0 ) (512 -640 0 ) (320 -640 0 ) (320 -576 0 ) 
4 348 357 (512 -544 0 ) (512 -576 0 ) (320 -576 0 ) (320 -544 0 ) 
4 348 355 (512 -448 0 ) (512 -544 0 ) (320 -544 0 ) (320 -448 0 ) 
4 348 354 (512 -384 0 ) (512 -448 0 ) (320 -448 0 ) (320 -384 0 ) 
4 348 353 (320 -256 0 ) (512 -256 0 ) (512 -384 0 ) (320 -384 0 ) 
4 348 351 (320 -256 0 ) (320 -512 0 ) (320 -512 64 ) (320 -256 64 ) 
4 349 363 (512 -736 0 ) (512 -800 0 ) (320 -800 0 ) (320 -736 0 ) 
4 350 366 (320 -1024 0 ) (512 -1024 0 ) (512 -1024 64 ) (320 -1024 64 ) 
4 350 365 (512 -992 0 ) (512 -1024 0 ) (320 -1024 0 ) (320 -992 0 ) 
4 350 352 (320 -992 0 ) (320 -1024 0 ) (320 -1024 64 ) (320 -992 64 ) 
4 351 410 (0 -512 64 ) (0 -256 64 ) (0 -256 0 ) (0 -512 0 ) 
4 351 356 (0 -512 0 ) (0 -448 0 ) (320 -448 0 ) (320 -512 0 ) 
4 351 354 (0 -448 0 ) (0 -384 0 ) (320 -384 0 ) (320 -448 0 ) 
4 351 353 (0 -384 0 ) (0 -256 0 ) (320 -256 0 ) (320 -384 0 ) 
4 352 366 (32 -1024 0 ) (320 -1024 0 ) (320 -1024 64 ) (32 -1024 64 ) 
4 352 365 (32 -992 0 ) (320 -992 0 ) (320 -1024 0 ) (32 -1024 0 ) 
4 353 410 (0 -384 0 ) (0 -256 0 ) (0 -256 -128 ) (0 -384 -128 ) 
4 353 361 (480 -256 -128 ) (512 -256 -128 ) (512 -384 -128 ) (480 -384 -128 ) 
4 353 354 (0 -384 -128 ) (512 -384 -128 ) (512 -384 0 ) (0 -384 0 ) 
4 354 410 (0 -448 0 ) (0 -384 0 ) (0 -384 -128 ) (0 -448 -128 ) 
4 354 356 (0 -448 -128 ) (320 -448 -128 ) (320 -448 0 ) (0 -448 0 ) 
4 354 355 (320 -448 -128 ) (512 -448 -128 ) (512 -448 0 ) (320 -448 0 ) 
4 355 357 (320 -544 -128 ) (512 -544 -128 ) (512 -544 0 ) (320 -544 0 ) 
4 355 356 (320 -448 0 ) (320 -448 -128 ) (320 -512 -128 ) (320 -512 0 ) 
4 356 410 (0 -512 0 ) (0 -448 0 ) (0 -448 -128 ) (0 -512 -128 ) 
4 357 358 (320 -576 -128 ) (512 -576 -128 ) (512 -576 0 ) (320 -576 0 ) 
4 358 359 (320 -657 0 ) (320 -657 -128 ) (512 -657 -128 ) (512 -657 0 ) 
4 359 360 (320 -658 0 ) (320 -658 -128 ) (512 -658 -128 ) (512 -658 0 ) 
4 360 362 (480 -672 0 ) (352 -672 0 ) (352 -672 -128 ) (480 -672 -128 ) 
4 362 363 (480 -736 0 ) (352 -736 0 ) (352 -736 -128 ) (480 -736 -128 ) 
4 363 364 (480 -800 0 ) (352 -800 0 ) (352 -800 -128 ) (480 -800 -128 ) 
4 364 365 (480 -992 0 ) (352 -992 0 ) (352 -992 -256 ) (480 -992 -256 ) 
4 365 366 (32 -1024 -1024 ) (672 -1024 -1024 ) (672 -1024 0 ) (32 -1024 0 ) 
4 372 375 (-64 256 192 ) (-64 256 256 ) (-128 256 256 ) (-128 256 192 ) 
4 373 381 (-128 256 1024 ) (-128 256 760 ) (-128 192 760 ) (-128 192 1024 ) 
4 373 374 (0 192 760 ) (0 192 1024 ) (-128 192 1024 ) (-128 192 760 ) 
4 374 383 (-128 192 728 ) (-128 96 728 ) (-128 96 1024 ) (-128 192 1024 ) 
4 374 376 (-96 96 728 ) (0 96 728 ) (0 96 1024 ) (-96 96 1024 ) 
4 374 378 (-128 96 1024 ) (-128 96 728 ) (-96 96 728 ) (-96 96 1024 ) 
4 374 375 (0 96 728 ) (-128 96 728 ) (-128 192 728 ) (0 192 728 ) 
4 375 386 (-128 256 512 ) (-128 256 0 ) (-128 96 0 ) (-128 96 512 ) 
4 375 385 (-128 256 544 ) (-128 256 512 ) (-128 96 512 ) (-128 96 544 ) 
4 375 382 (-128 256 728 ) (-128 256 544 ) (-128 192 544 ) (-128 192 728 ) 
4 375 383 (-128 192 544 ) (-128 96 544 ) (-128 96 728 ) (-128 192 728 ) 
4 375 376 (-96 96 0 ) (0 96 0 ) (0 96 728 ) (-96 96 728 ) 
4 375 378 (-128 96 728 ) (-128 96 0 ) (-96 96 0 ) (-96 96 728 ) 
4 376 379 (-96 96 -392 ) (0 96 -392 ) (0 64 -392 ) (-96 64 -392 ) 
4 376 377 (-96 64 1024 ) (-96 64 -384 ) (0 64 -384 ) (0 64 1024 ) 
4 376 378 (-96 96 -392 ) (-96 64 -392 ) (-96 64 1024 ) (-96 96 1024 ) 
4 377 402 (0 0 -384 ) (0 0 1024 ) (-96 0 1024 ) (-96 0 -384 ) 
4 377 378 (-96 0 -384 ) (-96 0 1024 ) (-96 64 1024 ) (-96 64 -384 ) 
4 378 404 (-96 0 1024 ) (-128 0 1024 ) (-128 0 -392 ) (-96 0 -392 ) 
4 378 390 (-128 0 343.801392 ) (-128 0 472.432159 ) (-128 64 472.432098 ) (-128 64 343.801270 ) 
4 378 389 (-128 0 472.432159 ) (-128 0 512 ) (-128 64 512 ) (-128 64 472.432098 ) 
4 378 388 (-128 0 0 ) (-128 0 343.801392 ) (-128 64 343.801270 ) (-128 64 0 ) 
4 378 386 (-128 64 512 ) (-128 96 512 ) (-128 96 0 ) (-128 64 0 ) 
4 378 385 (-128 0 512 ) (-128 0 544 ) (-128 96 544 ) (-128 96 512 ) 
4 378 383 (-128 0 544 ) (-128 0 1024 ) (-128 96 1024 ) (-128 96 544 ) 
4 378 379 (-128 0 -392 ) (-128 96 -392 ) (-96 96 -392 ) (-96 0 -392 ) 
4 379 405 (0 0 -404 ) (0 0 -392 ) (-128 0 -392 ) (-128 0 -404 ) 
4 379 380 (0 0 -404 ) (-128 0 -404 ) (-128 96 -404 ) (0 96 -404 ) 
4 380 406 (0 0 -640 ) (0 0 -404 ) (-128 0 -404 ) (-128 0 -640 ) 
4 381 383 (-384 192 1024 ) (-384 192 760 ) (-128 192 760 ) (-128 192 1024 ) 
4 382 385 (-384 256 544 ) (-128 256 544 ) (-128 192 544 ) (-384 192 544 ) 
4 382 383 (-384 192 728 ) (-384 192 544 ) (-128 192 544 ) (-128 192 728 ) 
4 383 411 (-128 0 544 ) (-128 0 1024 ) (-384 0 1024 ) (-384 0 544 ) 
4 383 385 (-128 192 544 ) (-128 0 544 ) (-384 0 544 ) (-384 192 544 ) 
4 383 384 (-384 192 544 ) (-384 0 544 ) (-384 0 1024 ) (-384 192 1024 ) 
4 384 412 (-384 0 1024 ) (-448 0 1024 ) (-448 0 544 ) (-384 0 544 ) 
4 385 411 (-128 0 512 ) (-128 0 544 ) (-384 0 544 ) (-384 0 512 ) 
4 385 389 (-128 64 512 ) (-128 0 512 ) (-384 0 512 ) (-384 64 512 ) 
4 385 386 (-384 256 512 ) (-128 256 512 ) (-128 64 512 ) (-384 64 512 ) 
4 386 399 (-448 128 0 ) (-448 64 0 ) (-448 64 256 ) (-448 128 256 ) 
4 386 398 (-448 256 320 ) (-448 256 0 ) (-448 128 0 ) (-448 128 320 ) 
4 386 392 (-448 256 448 ) (-448 256 320 ) (-448 128 320 ) (-448 128 448 ) 
4 386 391 (-448 256 512 ) (-448 256 448 ) (-448 128 448 ) (-448 128 512 ) 
4 386 390 (-128 64 343.801239 ) (-128 64 472.432098 ) (-392.038025 64 447 ) (-379.770294 64 319.588562 ) 
4 386 389 (-128 64 472.432098 ) (-128 64 512 ) (-406.332397 64 512 ) (-400 64 446.233002 ) 
4 386 388 (-357.034271 64 0 ) (-128 64 0 ) (-128 64 343.801239 ) (-387.732269 64 318.822876 ) 
4 386 387 (-448 64 0 ) (-357.034271 64 0 ) (-406.332397 64 512 ) (-448 64 512 ) 
4 387 413 (-406.332550 0 512 ) (-448 0 512 ) (-448 0 0 ) (-357.034424 0 0 ) 
4 387 399 (-448 64 0 ) (-448 0 0 ) (-448 0 256 ) (-448 64 256 ) 
4 387 396 (-448 0 320 ) (-448 0 352.750000 ) (-448 32 352.750000 ) (-448 32 320 ) 
4 387 395 (-448 0 352.750000 ) (-448 0 416.250000 ) (-448 32 416.250000 ) (-448 32 352.750000 ) 
4 387 394 (-448 0 416.250000 ) (-448 0 448 ) (-448 32 448 ) (-448 32 416.250000 ) 
4 387 393 (-448 32 448 ) (-448 64 448 ) (-448 64 320 ) (-448 32 320 ) 
4 387 389 (-400 64 446.233063 ) (-406.332031 64 512 ) (-406.332184 0 512 ) (-400 0 446.233124 ) 
4 387 388 (-357.034332 0 0 ) (-357.034180 64 0 ) (-387.731995 64 318.822937 ) (-387.732178 0 318.823029 ) 
4 388 414 (-128 0 0 ) (-128 0 343.801392 ) (-387.732422 0 318.822998 ) (-357.034424 0 0 ) 
4 388 390 (-128 64 343.801453 ) (-379.770325 64 319.588776 ) (-379.769836 0 319.588959 ) (-128 0 343.801605 ) 
4 389 415 (-128 0 472.432159 ) (-128 0 512 ) (-406.332550 0 512 ) (-400 0 446.233093 ) 
4 389 390 (-392.038025 64 447 ) (-128 64 472.432068 ) (-128 0 472.432159 ) (-392.037537 0 447 ) 
4 390 416 (-128 0 343.801392 ) (-128 0 472.432159 ) (-392.037567 0 447 ) (-379.769836 0 319.588745 ) 
4 391 392 (-512 128 448 ) (-512 256 448 ) (-448 256 448 ) (-448 128 448 ) 
4 392 400 (-512 256 384 ) (-512 256 320 ) (-512 128 320 ) (-512 128 384 ) 
4 392 398 (-512 128 320 ) (-512 256 320 ) (-448 256 320 ) (-448 128 320 ) 
4 393 396 (-449 32 352.750000 ) (-449 32 320 ) (-448 32 320 ) (-448 32 352.750000 ) 
4 393 395 (-449 32 416.250000 ) (-449 32 352.750000 ) (-448 32 352.750000 ) (-448 32 416.250000 ) 
4 393 394 (-449 32 448 ) (-449 32 416.250000 ) (-448 32 416.250000 ) (-448 32 448 ) 
4 393 397 (-449 64 448 ) (-449 64 320 ) (-449 32 320 ) (-449 32 448 ) 
4 394 418 (-448 0 416.250000 ) (-448 0 448 ) (-449 0 448 ) (-449 0 416.250000 ) 
4 394 395 (-449 0 416.250000 ) (-449 32 416.250000 ) (-448 32 416.250000 ) (-448 0 416.250000 ) 
4 394 397 (-449 0 416.250000 ) (-449 0 448 ) (-449 32 448 ) (-449 32 416.250000 ) 
4 395 419 (-448 0 352.750000 ) (-448 0 416.250000 ) (-449 0 416.250000 ) (-449 0 352.750000 ) 
4 395 397 (-449 0 352.750000 ) (-449 0 416.250000 ) (-449 32 416.250000 ) (-449 32 352.750000 ) 
4 395 396 (-449 0 352.750000 ) (-449 32 352.750000 ) (-448 32 352.750000 ) (-448 0 352.750000 ) 
4 396 420 (-448 0 320 ) (-448 0 352.750000 ) (-449 0 352.750000 ) (-449 0 320 ) 
4 396 397 (-449 32 320 ) (-449 0 320 ) (-449 0 352.750000 ) (-449 32 352.750000 ) 
4 397 422 (-449 0 448 ) (-512 0 448 ) (-512 0 320 ) (-449 0 320 ) 
4 397 401 (-512 64 320 ) (-512 0 320 ) (-512 0 448 ) (-512 64 448 ) 
4 398 400 (-512 256 320 ) (-512 256 0 ) (-512 128 0 ) (-512 128 320 ) 
4 398 399 (-512 128 0 ) (-448 128 0 ) (-448 128 256 ) (-512 128 256 ) 
4 399 423 (-448 0 0 ) (-448 0 256 ) (-512 0 256 ) (-512 0 0 ) 
4 401 424 (-512 0 320 ) (-512 0 448 ) (-592 0 448 ) (-592 0 320 ) 
4 402 403 (-96 -128 1024 ) (-96 -128 -384 ) (0 -128 -384 ) (0 -128 1024 ) 
4 402 404 (-96 -128 -384 ) (-96 -128 1024 ) (-96 0 1024 ) (-96 0 -384 ) 
4 403 407 (0 -160 0 ) (0 -160 1024 ) (-96 -160 1024 ) (-96 -160 0 ) 
4 403 405 (0 -160 -392 ) (-96 -160 -392 ) (-96 -128 -392 ) (0 -128 -392 ) 
4 403 404 (-96 -128 -392 ) (-96 -160 -392 ) (-96 -160 1024 ) (-96 -128 1024 ) 
4 404 425 (-128 -160 0 ) (-128 -160 1024 ) (-128 -128 1024 ) (-128 -128 0 ) 
4 404 416 (-128 0 472.432159 ) (-128 0 343.801392 ) (-128 -64 343.801544 ) (-128 -64 472.432281 ) 
4 404 415 (-128 0 512 ) (-128 0 472.432159 ) (-128 -64 472.432281 ) (-128 -64 512 ) 
4 404 414 (-128 0 343.801392 ) (-128 0 0 ) (-128 -64 0 ) (-128 -64 343.801544 ) 
4 404 417 (-128 -64 0 ) (-128 -128 0 ) (-128 -128 512 ) (-128 -64 512 ) 
4 404 411 (-128 -128 1024 ) (-128 0 1024 ) (-128 0 512 ) (-128 -128 512 ) 
4 404 407 (-128 -160 1024 ) (-128 -160 0 ) (-96 -160 0 ) (-96 -160 1024 ) 
4 404 405 (-96 -160 -392 ) (-128 -160 -392 ) (-128 0 -392 ) (-96 0 -392 ) 
4 405 406 (0 -160 -404 ) (-128 -160 -404 ) (-128 0 -404 ) (0 0 -404 ) 
4 407 425 (-128 -256 0 ) (-128 -256 1024 ) (-128 -160 1024 ) (-128 -160 0 ) 
4 407 410 (-128 -256 512 ) (-128 -256 0 ) (0 -256 0 ) (0 -256 512 ) 
4 407 408 (-128 -256 1024 ) (-128 -256 728 ) (0 -256 728 ) (0 -256 1024 ) 
4 408 426 (-128 -320 1024 ) (-128 -256 1024 ) (-128 -256 728 ) (-128 -320 728 ) 
4 408 409 (-96 -288 728 ) (0 -288 728 ) (0 -320 728 ) (-96 -320 728 ) 
4 410 428 (-128 -384 512 ) (-128 -256 512 ) (-128 -256 0 ) (-128 -384 0 ) 
4 411 425 (-128 -128 512 ) (-128 -128 1024 ) (-384 -128 1024 ) (-384 -128 512 ) 
4 411 415 (-384 -64 512 ) (-384 0 512 ) (-128 0 512 ) (-128 -64 512 ) 
4 411 417 (-128 -128 512 ) (-384 -128 512 ) (-384 -64 512 ) (-128 -64 512 ) 
4 411 412 (-384 -128 544 ) (-384 -128 1024 ) (-384 0 1024 ) (-384 0 544 ) 
4 412 429 (-384 -128 1024 ) (-448 -128 1024 ) (-448 -128 544 ) (-384 -128 544 ) 
4 413 423 (-448 0 256 ) (-448 0 0 ) (-448 -64 0 ) (-448 -64 256 ) 
4 413 419 (-448 0 416.250000 ) (-448 0 352.750000 ) (-448 -32 352.750000 ) (-448 -32 416.250000 ) 
4 413 418 (-448 0 448 ) (-448 0 416.250000 ) (-448 -32 416.250000 ) (-448 -32 448 ) 
4 413 420 (-448 0 352.750000 ) (-448 0 320 ) (-448 -32 320 ) (-448 -32 352.750000 ) 
4 413 421 (-448 -32 320 ) (-448 -64 320 ) (-448 -64 448 ) (-448 -32 448 ) 
4 413 415 (-406.333008 -64 512 ) (-400 -64 446.233124 ) (-400 0 446.233063 ) (-406.332855 0 512 ) 
4 413 414 (-387.732910 -64 318.823120 ) (-357.034912 -64 0 ) (-357.034760 0 0 ) (-387.732727 0 318.822998 ) 
4 413 417 (-448 -64 0 ) (-357.034576 -64 0 ) (-406.332703 -64 512 ) (-448 -64 512 ) 
4 414 416 (-379.769348 -64 319.589142 ) (-128 -64 343.801697 ) (-128 0 343.801544 ) (-379.769836 0 319.588928 ) 
4 414 417 (-357.034576 -64 0 ) (-128 -64 0 ) (-128 -64 343.801544 ) (-387.732605 -64 318.823120 ) 
4 415 416 (-128 -64 472.432159 ) (-392.037079 -64 447 ) (-392.037537 0 447 ) (-128 0 472.432068 ) 
4 415 417 (-128 -64 472.432281 ) (-128 -64 512 ) (-406.332703 -64 512 ) (-400 -64 446.233185 ) 
4 416 417 (-128 -64 343.801544 ) (-128 -64 472.432281 ) (-392.037079 -64 447 ) (-379.769348 -64 319.588959 ) 
4 417 431 (-448 -128 384 ) (-448 -128 0 ) (-384 -128 0 ) (-384 -128 384 ) 
4 417 430 (-384 -128 512 ) (-448 -128 512 ) (-448 -128 384 ) (-384 -128 384 ) 
4 417 425 (-128 -128 0 ) (-128 -128 512 ) (-384 -128 512 ) (-384 -128 0 ) 
4 417 423 (-448 -128 0 ) (-448 -128 256 ) (-448 -64 256 ) (-448 -64 0 ) 
4 418 422 (-449 -32 416.250000 ) (-449 -32 448 ) (-449 0 448 ) (-449 0 416.250000 ) 
4 418 421 (-449 -32 448 ) (-449 -32 416.250000 ) (-448 -32 416.250000 ) (-448 -32 448 ) 
4 418 419 (-448 -32 416.250000 ) (-449 -32 416.250000 ) (-449 0 416.250000 ) (-448 0 416.250000 ) 
4 419 422 (-449 -32 352.750000 ) (-449 -32 416.250000 ) (-449 0 416.250000 ) (-449 0 352.750000 ) 
4 419 420 (-448 -32 352.750000 ) (-449 -32 352.750000 ) (-449 0 352.750000 ) (-448 0 352.750000 ) 
4 419 421 (-449 -32 416.250000 ) (-449 -32 352.750000 ) (-448 -32 352.750000 ) (-448 -32 416.250000 ) 
4 420 422 (-449 0 320 ) (-449 -32 320 ) (-449 -32 352.750000 ) (-449 0 352.750000 ) 
4 420 421 (-449 -32 352.750000 ) (-449 -32 320 ) (-448 -32 320 ) (-448 -32 352.750000 ) 
4 421 422 (-449 -32 320 ) (-449 -64 320 ) (-449 -64 448 ) (-449 -32 448 ) 
4 422 424 (-512 0 448 ) (-512 0 320 ) (-512 -64 320 ) (-512 -64 448 ) 
4 423 431 (-448 -128 0 ) (-448 -128 256 ) (-512 -128 256 ) (-512 -128 0 ) 
4 425 431 (-384 -128 384 ) (-384 -128 0 ) (-384 -256 0 ) (-384 -256 384 ) 
4 425 430 (-384 -128 512 ) (-384 -128 384 ) (-384 -256 384 ) (-384 -256 512 ) 
4 425 429 (-384 -128 1024 ) (-384 -128 544 ) (-384 -256 544 ) (-384 -256 1024 ) 
4 425 428 (-384 -256 512 ) (-384 -256 0 ) (-128 -256 0 ) (-128 -256 512 ) 
4 425 427 (-384 -256 728 ) (-384 -256 544 ) (-128 -256 544 ) (-128 -256 728 ) 
4 425 426 (-384 -256 1024 ) (-384 -256 728 ) (-128 -256 728 ) (-128 -256 1024 ) 
4 426 429 (-384 -320 1024 ) (-384 -256 1024 ) (-384 -256 728 ) (-384 -320 728 ) 
4 426 427 (-384 -320 728 ) (-384 -256 728 ) (-128 -256 728 ) (-128 -320 728 ) 
4 427 429 (-384 -320 728 ) (-384 -256 728 ) (-384 -256 544 ) (-384 -320 544 ) 
4 428 434 (-320 -384 320 ) (-320 -384 256 ) (-192 -384 256 ) (-192 -384 320 ) 
4 428 433 (-320 -384 384 ) (-320 -384 320 ) (-256 -384 320 ) (-256 -384 384 ) 
4 428 431 (-384 -384 0 ) (-384 -384 384 ) (-384 -256 384 ) (-384 -256 0 ) 
4 428 430 (-384 -384 384 ) (-384 -384 512 ) (-384 -256 512 ) (-384 -256 384 ) 
4 430 431 (-512 -128 384 ) (-384 -128 384 ) (-384 -384 384 ) (-512 -384 384 ) 
4 431 432 (-512 -384 128 ) (-512 -384 384 ) (-512 -128 384 ) (-512 -128 128 ) 
4 433 434 (-320 -400 320 ) (-320 -384 320 ) (-256 -384 320 ) (-256 -400 320 ) 
