PRT1
263
631
4 0 149 (0 1024 128 ) (0 1024 256 ) (0 1032 256 ) (0 1032 128 ) 
4 0 52 (32 1024 256 ) (0 1024 256 ) (0 1024 128 ) (32 1024 128 ) 
4 1 5 (1648 96 1024 ) (1648 208 1024 ) (1648 208 -640 ) (1648 96 -640 ) 
4 1 4 (1648 208 1024 ) (1648 224 1024 ) (1648 224 -48 ) (1648 208 -48 ) 
4 1 3 (1648 224 1024 ) (1648 496 1024 ) (1648 496 -48 ) (1648 224 -48 ) 
4 1 2 (1648 496 1024 ) (1648 608 1024 ) (1648 608 -640 ) (1648 496 -640 ) 
4 2 6 (1632 496 -640 ) (1632 496 1024 ) (1632 608 1024 ) (1632 608 -640 ) 
4 2 3 (1632 496 1024 ) (1632 496 -48 ) (1648 496 -48 ) (1648 496 1024 ) 
4 3 8 (1632 224 -48 ) (1632 224 1024 ) (1632 480 1024 ) (1632 480 -48 ) 
4 3 7 (1632 480 1024 ) (1632 496 1024 ) (1632 496 -48 ) (1632 480 -48 ) 
4 3 4 (1632 224 1024 ) (1632 224 -48 ) (1648 224 -48 ) (1648 224 1024 ) 
4 4 9 (1632 208 -48 ) (1632 208 1024 ) (1632 224 1024 ) (1632 224 -48 ) 
4 4 5 (1632 208 1024 ) (1632 208 -48 ) (1648 208 -48 ) (1648 208 1024 ) 
4 5 10 (1632 96 -640 ) (1632 96 1024 ) (1632 208 1024 ) (1632 208 -640 ) 
4 6 11 (1376 496 -640 ) (1376 496 1024 ) (1376 608 1024 ) (1376 608 -640 ) 
4 6 7 (1376 496 1024 ) (1376 496 -48 ) (1632 496 -48 ) (1632 496 1024 ) 
4 7 12 (1376 480 -48 ) (1376 480 1024 ) (1376 496 1024 ) (1376 496 -48 ) 
4 7 8 (1376 480 1024 ) (1376 480 -48 ) (1632 480 -48 ) (1632 480 1024 ) 
4 8 12 (1376 224 -48 ) (1376 224 1024 ) (1376 480 1024 ) (1376 480 -48 ) 
4 8 9 (1376 224 1024 ) (1376 224 -48 ) (1632 224 -48 ) (1632 224 1024 ) 
4 9 14 (1376 208 -48 ) (1376 208 1024 ) (1376 224 1024 ) (1376 224 -48 ) 
4 9 10 (1376 208 1024 ) (1376 208 -48 ) (1632 208 -48 ) (1632 208 1024 ) 
4 10 16 (1376 96 -640 ) (1376 96 1024 ) (1376 208 1024 ) (1376 208 -640 ) 
4 11 13 (1360 496 -640 ) (1360 496 1024 ) (1360 608 1024 ) (1360 608 -640 ) 
4 11 12 (1360 496 1024 ) (1360 496 -48 ) (1376 496 -48 ) (1376 496 1024 ) 
4 12 14 (1376 224 -48 ) (1376 224 1024 ) (1360 224 1024 ) (1360 224 -48 ) 
4 12 13 (1360 224 -48 ) (1360 224 1024 ) (1360 496 1024 ) (1360 496 -48 ) 
4 13 17 (1184 288 384 ) (1184 416 384 ) (1184 416 128 ) (1184 288 128 ) 
4 13 15 (1184 224 1024 ) (1184 224 -640 ) (1360 224 -640 ) (1360 224 1024 ) 
4 14 16 (1376 208 -48 ) (1376 208 1024 ) (1360 208 1024 ) (1360 208 -48 ) 
4 14 15 (1360 224 1024 ) (1360 224 -48 ) (1360 208 -48 ) (1360 208 1024 ) 
4 15 16 (1184 208 1024 ) (1184 208 -640 ) (1360 208 -640 ) (1360 208 1024 ) 
4 17 18 (1024 416 128 ) (1024 288 128 ) (1024 288 384 ) (1024 416 384 ) 
4 18 21 (992 288 256 ) (992 288 384 ) (992 416 384 ) (992 416 256 ) 
4 19 21 (928 416 446 ) (928 416 256 ) (992 416 256 ) (992 416 446 ) 
4 19 20 (928 416 448 ) (928 416 446 ) (992 416 446 ) (992 416 448 ) 
4 20 22 (928 288 448 ) (928 288 446 ) (992 288 446 ) (992 288 448 ) 
4 20 21 (992 288 446 ) (928 288 446 ) (928 416 446 ) (992 416 446 ) 
4 21 23 (928 288 256 ) (928 288 384 ) (928 416 384 ) (928 416 256 ) 
4 21 22 (928 288 446 ) (928 288 256 ) (992 288 256 ) (992 288 446 ) 
4 23 24 (920 416 256 ) (920 288 256 ) (920 288 384 ) (920 416 384 ) 
4 24 25 (904 416 256 ) (904 288 256 ) (904 288 384 ) (904 416 384 ) 
4 25 28 (864 416 256 ) (864 288 256 ) (864 288 384 ) (864 416 384 ) 
4 26 31 (832 416 448 ) (832 416 416 ) (832 384 416 ) (832 384 448 ) 
4 27 31 (832 320 448 ) (832 320 416 ) (832 288 416 ) (832 288 448 ) 
4 28 29 (847 448 384 ) (847 448 256 ) (847 256 256 ) (847 256 384 ) 
4 29 30 (846 448 384 ) (846 448 256 ) (846 256 256 ) (846 256 384 ) 
4 30 31 (832 256 384 ) (832 448 384 ) (832 448 256 ) (832 256 256 ) 
4 31 46 (768 192 256 ) (768 192 512 ) (768 640 512 ) (768 640 256 ) 
4 31 45 (768 192 512 ) (768 192 640 ) (768 640 640 ) (768 640 512 ) 
4 31 39 (768 192 640 ) (768 192 766 ) (768 640 766 ) (768 640 640 ) 
4 31 36 (768 192 766 ) (768 192 768 ) (768 640 768 ) (768 640 766 ) 
4 32 36 (768 576 768 ) (768 256 768 ) (640 256 768 ) (640 576 768 ) 
4 33 76 (0 0 800 ) (0 0 768 ) (256 0 768 ) (256 0 800 ) 
4 33 38 (256 0 768 ) (0 0 768 ) (0 320 768 ) (256 320 768 ) 
4 34 43 (768 832 640 ) (768 768 640 ) (576 768 640 ) (576 832 640 ) 
4 34 42 (768 960 640 ) (768 832 640 ) (576 832 640 ) (576 960 640 ) 
4 35 150 (0 768 768 ) (0 1024 768 ) (0 1024 640 ) (0 768 640 ) 
4 35 52 (0 768 640 ) (0 1024 640 ) (512 1024 640 ) (512 768 640 ) 
4 35 40 (480 768 640 ) (512 768 640 ) (512 768 766 ) (480 768 766 ) 
4 35 41 (0 768 640 ) (480 768 640 ) (480 768 766 ) (0 768 766 ) 
4 35 37 (512 768 766 ) (512 768 768 ) (480 768 768 ) (480 768 766 ) 
4 35 38 (480 768 768 ) (0 768 768 ) (0 768 766 ) (480 768 766 ) 
4 36 39 (768 640 766 ) (768 192 766 ) (512 192 766 ) (512 640 766 ) 
4 36 37 (512 640 766 ) (512 192 766 ) (512 192 768 ) (512 640 768 ) 
4 37 40 (480 768 766 ) (512 768 766 ) (512 192 766 ) (480 192 766 ) 
4 37 38 (480 768 768 ) (480 768 766 ) (480 192 766 ) (480 192 768 ) 
4 38 161 (0 0 766 ) (0 0 768 ) (0 192 768 ) (0 192 766 ) 
4 38 154 (0 192 768 ) (0 320 768 ) (0 320 766 ) (0 192 766 ) 
4 38 150 (0 320 768 ) (0 768 768 ) (0 768 766 ) (0 320 766 ) 
4 38 77 (480 0 768 ) (0 0 768 ) (0 0 766 ) (480 0 766 ) 
4 38 41 (0 768 766 ) (480 768 766 ) (480 0 766 ) (0 0 766 ) 
4 39 45 (768 640 640 ) (768 192 640 ) (512 192 640 ) (512 640 640 ) 
4 39 40 (512 192 766 ) (512 640 766 ) (512 640 640 ) (512 192 640 ) 
4 40 53 (512 320 640 ) (512 192 640 ) (480 192 640 ) (480 320 640 ) 
4 40 52 (480 768 640 ) (512 768 640 ) (512 320 640 ) (480 320 640 ) 
4 40 41 (480 192 766 ) (480 768 766 ) (480 768 640 ) (480 192 640 ) 
4 41 161 (0 0 640 ) (0 0 766 ) (0 192 766 ) (0 192 640 ) 
4 41 154 (0 192 766 ) (0 320 766 ) (0 320 640 ) (0 192 640 ) 
4 41 150 (0 320 766 ) (0 768 766 ) (0 768 640 ) (0 320 640 ) 
4 41 77 (480 0 766 ) (0 0 766 ) (0 0 640 ) (480 0 640 ) 
4 41 60 (0 0 640 ) (0 192 640 ) (416 192 640 ) (416 0 640 ) 
4 41 58 (0 192 640 ) (0 320 640 ) (256 320 640 ) (256 192 640 ) 
4 41 55 (256 320 640 ) (324 320 640 ) (324 192 640 ) (256 192 640 ) 
4 41 54 (324 320 640 ) (384 320 640 ) (384 192 640 ) (324 192 640 ) 
4 41 53 (384 320 640 ) (480 320 640 ) (480 192 640 ) (384 192 640 ) 
4 41 52 (0 320 640 ) (0 768 640 ) (480 768 640 ) (480 320 640 ) 
4 42 43 (576 832 512 ) (768 832 512 ) (768 832 640 ) (576 832 640 ) 
4 43 44 (528 832 640 ) (528 832 512 ) (528 768 512 ) (528 768 640 ) 
4 44 52 (512 768 640 ) (512 832 640 ) (512 832 512 ) (512 768 512 ) 
4 45 53 (512 192 512 ) (512 192 640 ) (512 320 640 ) (512 320 512 ) 
4 45 52 (512 320 640 ) (512 640 640 ) (512 640 512 ) (512 320 512 ) 
4 45 49 (544 192 512 ) (512 192 512 ) (512 640 512 ) (544 640 512 ) 
4 45 46 (768 192 512 ) (544 192 512 ) (544 640 512 ) (768 640 512 ) 
4 46 49 (544 192 256 ) (544 192 512 ) (544 640 512 ) (544 640 256 ) 
4 47 51 (544 1024 208 ) (544 1024 64 ) (544 448 64 ) (544 448 208 ) 
4 48 52 (512 832 320 ) (512 832 256 ) (512 768 256 ) (512 768 320 ) 
4 48 50 (512 768 256 ) (512 832 256 ) (520 832 256 ) (520 768 256 ) 
4 49 53 (512 192 256 ) (512 192 512 ) (512 320 512 ) (512 320 256 ) 
4 49 52 (512 320 512 ) (512 640 512 ) (512 640 256 ) (512 320 256 ) 
4 49 50 (512 448 256 ) (512 640 256 ) (520 640 256 ) (520 448 256 ) 
4 50 52 (512 448 256 ) (512 1024 256 ) (512 1024 208 ) (512 448 208 ) 
4 50 51 (520 448 208 ) (512 448 208 ) (512 1024 208 ) (520 1024 208 ) 
4 51 52 (512 1024 208 ) (512 1024 64 ) (512 448 64 ) (512 448 208 ) 
4 52 151 (0 320 -128 ) (0 320 576 ) (0 1024 576 ) (0 1024 -128 ) 
4 52 150 (0 320 576 ) (0 320 640 ) (0 1024 640 ) (0 1024 576 ) 
4 52 58 (256 320 640 ) (0 320 640 ) (0 320 -128 ) (256 320 -128 ) 
4 52 55 (324 320 640 ) (256 320 640 ) (256 320 -128 ) (324 320 -128 ) 
4 52 54 (384 320 640 ) (324 320 640 ) (324 320 -128 ) (384 320 -128 ) 
4 52 53 (512 320 -128 ) (512 320 640 ) (384 320 640 ) (384 320 -128 ) 
4 53 65 (512 192 -192 ) (512 192 224 ) (384 192 224 ) (384 192 -192 ) 
4 53 60 (416 192 640 ) (384 192 640 ) (384 192 224 ) (416 192 224 ) 
4 53 54 (384 320 640 ) (384 320 -192 ) (384 192 -192 ) (384 192 640 ) 
4 54 65 (384 192 -192 ) (384 192 224 ) (324 192 224 ) (324 192 -192 ) 
4 54 60 (384 192 224 ) (384 192 640 ) (324 192 640 ) (324 192 224 ) 
4 54 56 (324 320 -144 ) (324 320 -192 ) (324 192 -192 ) (324 192 -144 ) 
4 54 55 (324 320 640 ) (324 320 -144 ) (324 192 -144 ) (324 192 640 ) 
4 54 57 (324 320 -192 ) (324 320 -256 ) (324 192 -256 ) (324 192 -192 ) 
4 55 65 (256 192 224 ) (256 192 -144 ) (324 192 -144 ) (324 192 224 ) 
4 55 60 (324 192 640 ) (256 192 640 ) (256 192 224 ) (324 192 224 ) 
4 55 58 (256 320 640 ) (256 320 -128 ) (256 192 -128 ) (256 192 640 ) 
4 55 56 (256 192 -144 ) (256 320 -144 ) (324 320 -144 ) (324 192 -144 ) 
4 56 65 (256 192 -144 ) (256 192 -192 ) (324 192 -192 ) (324 192 -144 ) 
4 56 57 (256 192 -192 ) (256 320 -192 ) (324 320 -192 ) (324 192 -192 ) 
4 58 157 (0 192 -128 ) (0 192 128 ) (0 320 128 ) (0 320 -128 ) 
4 58 154 (0 192 128 ) (0 192 640 ) (0 320 640 ) (0 320 128 ) 
4 58 73 (256 192 -128 ) (256 192 224 ) (0 192 224 ) (0 192 -128 ) 
4 58 60 (256 192 224 ) (256 192 640 ) (0 192 640 ) (0 192 224 ) 
4 59 60 (416 64 256 ) (416 0 256 ) (416 0 448 ) (416 64 448 ) 
4 60 167 (0 0 224 ) (0 0 256 ) (0 192 256 ) (0 192 224 ) 
4 60 164 (0 0 256 ) (0 0 384 ) (0 160 384 ) (0 160 256 ) 
4 60 163 (0 160 384 ) (0 192 384 ) (0 192 256 ) (0 160 256 ) 
4 60 162 (0 0 384 ) (0 0 512 ) (0 192 512 ) (0 192 384 ) 
4 60 161 (0 0 512 ) (0 0 640 ) (0 192 640 ) (0 192 512 ) 
4 60 89 (0 0 256 ) (0 0 224 ) (416 0 224 ) (416 0 256 ) 
4 60 78 (416 0 640 ) (0 0 640 ) (0 0 256 ) (416 0 256 ) 
4 60 73 (0 0 224 ) (0 192 224 ) (256 192 224 ) (256 0 224 ) 
4 60 68 (416 160 224 ) (416 0 224 ) (256 0 224 ) (256 160 224 ) 
4 60 65 (256 192 224 ) (416 192 224 ) (416 160 224 ) (256 160 224 ) 
4 61 66 (608 136 224 ) (608 160 224 ) (608 160 -64 ) (608 136 -64 ) 
4 61 63 (608 136 224 ) (608 136 -64 ) (616 136 -64 ) (616 136 224 ) 
4 61 62 (624 136 -48 ) (624 136 224 ) (616 136 224 ) (616 136 -48 ) 
4 62 94 (624 0 -48 ) (624 0 128 ) (616 0 128 ) (616 0 -48 ) 
4 62 90 (624 0 128 ) (624 0 224 ) (616 0 224 ) (616 0 128 ) 
4 62 64 (616 128 -48 ) (616 0 -48 ) (616 0 224 ) (616 128 224 ) 
4 62 63 (616 136 224 ) (616 136 -48 ) (616 128 -48 ) (616 128 224 ) 
4 63 66 (608 128 224 ) (608 136 224 ) (608 136 -64 ) (608 128 -64 ) 
4 63 64 (608 128 224 ) (608 128 -64 ) (616 128 -64 ) (616 128 224 ) 
4 64 96 (616 0 -64 ) (616 0 128 ) (608 0 128 ) (608 0 -64 ) 
4 64 90 (616 0 128 ) (616 0 224 ) (608 0 224 ) (608 0 128 ) 
4 64 67 (608 0 -64 ) (608 0 184 ) (608 128 184 ) (608 128 -64 ) 
4 65 73 (256 160 224 ) (256 192 224 ) (256 192 -128 ) (256 160 -128 ) 
4 65 72 (256 160 -176 ) (256 160 -192 ) (448 160 -192 ) (448 160 -176 ) 
4 65 69 (256 160 -64 ) (256 160 -176 ) (448 160 -176 ) (448 160 -64 ) 
4 65 66 (480 160 -64 ) (512 160 -64 ) (512 160 224 ) (480 160 224 ) 
4 65 68 (256 160 224 ) (256 160 -64 ) (480 160 -64 ) (480 160 224 ) 
4 66 67 (480 128 184 ) (480 128 -64 ) (608 128 -64 ) (608 128 184 ) 
4 66 68 (480 160 224 ) (480 160 -64 ) (480 128 -64 ) (480 128 224 ) 
4 67 96 (608 0 -64 ) (608 0 128 ) (480 0 128 ) (480 0 -64 ) 
4 67 90 (608 0 128 ) (608 0 184 ) (480 0 184 ) (480 0 128 ) 
4 67 70 (608 128 -64 ) (608 0 -64 ) (480 0 -64 ) (480 128 -64 ) 
4 67 68 (480 128 -64 ) (480 0 -64 ) (480 0 184 ) (480 128 184 ) 
4 68 96 (256 0 128 ) (256 0 -64 ) (480 0 -64 ) (480 0 128 ) 
4 68 90 (480 0 224 ) (256 0 224 ) (256 0 128 ) (480 0 128 ) 
4 68 73 (256 0 224 ) (256 160 224 ) (256 160 -64 ) (256 0 -64 ) 
4 68 71 (256 0 -64 ) (256 128 -64 ) (448 128 -64 ) (448 0 -64 ) 
4 68 69 (256 128 -64 ) (256 160 -64 ) (448 160 -64 ) (448 128 -64 ) 
4 69 73 (256 160 -64 ) (256 160 -128 ) (256 128 -128 ) (256 128 -64 ) 
4 69 72 (256 128 -176 ) (256 160 -176 ) (448 160 -176 ) (448 128 -176 ) 
4 69 71 (256 128 -176 ) (448 128 -176 ) (448 128 -64 ) (256 128 -64 ) 
4 71 97 (448 0 -64 ) (256 0 -64 ) (256 0 -176 ) (448 0 -176 ) 
4 71 73 (256 0 -128 ) (256 0 -64 ) (256 128 -64 ) (256 128 -128 ) 
4 71 72 (256 0 -176 ) (256 128 -176 ) (448 128 -176 ) (448 0 -176 ) 
4 72 97 (448 0 -176 ) (256 0 -176 ) (256 0 -192 ) (448 0 -192 ) 
4 73 167 (0 0 -128 ) (0 0 224 ) (0 192 224 ) (0 192 -128 ) 
4 73 99 (256 0 -128 ) (256 0 128 ) (0 0 128 ) (0 0 -128 ) 
4 73 90 (256 0 128 ) (256 0 224 ) (0 0 224 ) (0 0 128 ) 
4 74 75 (1056 -704 512 ) (1056 -704 640 ) (1056 -448 640 ) (1056 -448 512 ) 
4 75 112 (1024 -832 256 ) (1024 -832 768 ) (1024 -704 768 ) (1024 -704 256 ) 
4 75 109 (1024 -704 768 ) (1024 -576 768 ) (1024 -576 256 ) (1024 -704 256 ) 
4 75 107 (1024 -576 768 ) (1024 -448 768 ) (1024 -448 256 ) (1024 -576 256 ) 
4 76 81 (0 -192 768 ) (0 -128 768 ) (256 -128 768 ) (256 -192 768 ) 
4 76 79 (0 -128 768 ) (0 -64 768 ) (256 -64 768 ) (256 -128 768 ) 
4 76 77 (0 -64 768 ) (0 0 768 ) (256 0 768 ) (256 -64 768 ) 
4 77 175 (0 0 768 ) (0 0 640 ) (0 -64 640 ) (0 -64 768 ) 
4 77 79 (480 -64 768 ) (0 -64 768 ) (0 -64 640 ) (480 -64 640 ) 
4 77 78 (416 -64 640 ) (0 -64 640 ) (0 0 640 ) (416 0 640 ) 
4 78 182 (0 -32 256 ) (0 -64 256 ) (0 -64 384 ) (0 -32 384 ) 
4 78 178 (0 0 384 ) (0 0 256 ) (0 -32 256 ) (0 -32 384 ) 
4 78 176 (0 0 512 ) (0 0 384 ) (0 -64 384 ) (0 -64 512 ) 
4 78 175 (0 0 640 ) (0 0 512 ) (0 -64 512 ) (0 -64 640 ) 
4 78 89 (0 -64 256 ) (0 0 256 ) (416 0 256 ) (416 -64 256 ) 
4 78 79 (0 -64 256 ) (416 -64 256 ) (416 -64 640 ) (0 -64 640 ) 
4 79 184 (0 -64 256 ) (0 -128 256 ) (0 -128 768 ) (0 -64 768 ) 
4 79 93 (0 -128 256 ) (0 -64 256 ) (512 -64 256 ) (512 -128 256 ) 
4 79 81 (0 -128 256 ) (512 -128 256 ) (512 -128 768 ) (0 -128 768 ) 
4 80 92 (544 -128 256 ) (656 -128 256 ) (656 -320 256 ) (544 -320 256 ) 
4 80 84 (544 -320 256 ) (608 -320 256 ) (608 -320 320 ) (544 -320 320 ) 
4 80 83 (608 -320 256 ) (656 -320 256 ) (656 -320 320 ) (608 -320 320 ) 
4 81 184 (0 -128 256 ) (0 -320 256 ) (0 -320 768 ) (0 -128 768 ) 
4 81 93 (0 -320 256 ) (0 -128 256 ) (512 -128 256 ) (512 -320 256 ) 
4 81 88 (0 -320 256 ) (128 -320 256 ) (128 -320 752 ) (0 -320 752 ) 
4 81 87 (128 -320 256 ) (256 -320 256 ) (256 -320 768 ) (128 -320 768 ) 
4 81 86 (256 -320 256 ) (384 -320 256 ) (384 -320 760 ) (256 -320 760 ) 
4 81 85 (384 -320 256 ) (512 -320 256 ) (512 -320 768 ) (384 -320 768 ) 
4 82 116 (608 -448 448 ) (608 -448 352 ) (672 -448 352 ) (672 -448 448 ) 
4 82 108 (672 -448 352 ) (736 -448 352 ) (736 -448 448 ) (672 -448 448 ) 
4 83 92 (608 -384 256 ) (608 -320 256 ) (656 -320 256 ) (656 -384 256 ) 
4 83 84 (608 -320 320 ) (608 -320 256 ) (608 -384 256 ) (608 -384 320 ) 
4 84 92 (544 -384 256 ) (544 -320 256 ) (608 -320 256 ) (608 -384 256 ) 
4 85 116 (384 -448 768 ) (384 -448 256 ) (512 -448 256 ) (512 -448 768 ) 
4 85 93 (512 -448 256 ) (384 -448 256 ) (384 -320 256 ) (512 -320 256 ) 
4 85 86 (384 -320 760 ) (384 -320 256 ) (384 -448 256 ) (384 -448 760 ) 
4 86 116 (256 -448 760 ) (256 -448 256 ) (384 -448 256 ) (384 -448 760 ) 
4 86 93 (384 -448 256 ) (256 -448 256 ) (256 -320 256 ) (384 -320 256 ) 
4 86 87 (256 -320 760 ) (256 -320 256 ) (256 -448 256 ) (256 -448 760 ) 
4 87 117 (128 -448 752 ) (128 -448 256 ) (256 -448 256 ) (256 -448 752 ) 
4 87 93 (256 -448 256 ) (128 -448 256 ) (128 -320 256 ) (256 -320 256 ) 
4 87 88 (128 -320 752 ) (128 -320 256 ) (128 -448 256 ) (128 -448 752 ) 
4 88 184 (0 -448 256 ) (0 -448 752 ) (0 -320 752 ) (0 -320 256 ) 
4 88 123 (0 -448 752 ) (0 -448 256 ) (32 -448 256 ) (32 -448 752 ) 
4 88 118 (32 -448 256 ) (128 -448 256 ) (128 -448 752 ) (32 -448 752 ) 
4 88 93 (128 -448 256 ) (0 -448 256 ) (0 -320 256 ) (128 -320 256 ) 
4 89 183 (0 -64 256 ) (0 0 256 ) (0 0 224 ) (0 -64 224 ) 
4 89 93 (416 -64 256 ) (0 -64 256 ) (0 -64 224 ) (416 -64 224 ) 
4 89 91 (416 -64 224 ) (0 -64 224 ) (0 -32 224 ) (416 -32 224 ) 
4 89 90 (0 -32 224 ) (0 0 224 ) (416 0 224 ) (416 -32 224 ) 
4 90 183 (0 0 224 ) (0 0 128 ) (0 -32 128 ) (0 -32 224 ) 
4 90 99 (0 -32 128 ) (0 0 128 ) (256 0 128 ) (256 -32 128 ) 
4 90 96 (256 0 128 ) (616 0 128 ) (616 -32 128 ) (256 -32 128 ) 
4 90 95 (624 -8 128 ) (624 -32 128 ) (616 -32 128 ) (616 -8 128 ) 
4 90 94 (616 0 128 ) (624 0 128 ) (624 -8 128 ) (616 -8 128 ) 
4 90 91 (0 -32 128 ) (512 -32 128 ) (512 -32 224 ) (0 -32 224 ) 
4 91 183 (0 -32 128 ) (0 -64 128 ) (0 -64 224 ) (0 -32 224 ) 
4 91 99 (0 -64 128 ) (0 -32 128 ) (256 -32 128 ) (256 -64 128 ) 
4 91 98 (256 -32 128 ) (512 -32 128 ) (512 -64 128 ) (256 -64 128 ) 
4 91 93 (0 -64 128 ) (512 -64 128 ) (512 -64 224 ) (0 -64 224 ) 
4 92 93 (512 -128 128 ) (512 -384 128 ) (512 -384 256 ) (512 -128 256 ) 
4 93 184 (0 -448 128 ) (0 -448 256 ) (0 -64 256 ) (0 -64 128 ) 
4 93 123 (32 -448 256 ) (0 -448 256 ) (0 -448 128 ) (32 -448 128 ) 
4 93 118 (128 -448 256 ) (32 -448 256 ) (32 -448 128 ) (128 -448 128 ) 
4 93 117 (256 -448 256 ) (128 -448 256 ) (128 -448 128 ) (256 -448 128 ) 
4 93 116 (512 -448 256 ) (256 -448 256 ) (256 -448 128 ) (512 -448 128 ) 
4 93 106 (512 -448 128 ) (0 -448 128 ) (0 -192 128 ) (512 -192 128 ) 
4 93 105 (0 -192 128 ) (0 -64 128 ) (256 -64 128 ) (256 -192 128 ) 
4 93 102 (256 -64 128 ) (324 -64 128 ) (324 -192 128 ) (256 -192 128 ) 
4 93 101 (324 -64 128 ) (384 -64 128 ) (384 -192 128 ) (324 -192 128 ) 
4 93 100 (384 -64 128 ) (512 -64 128 ) (512 -192 128 ) (384 -192 128 ) 
4 94 96 (616 -8 -48 ) (616 -8 128 ) (616 0 128 ) (616 0 -48 ) 
4 94 95 (616 -8 128 ) (616 -8 -48 ) (624 -8 -48 ) (624 -8 128 ) 
4 95 96 (616 -32 -64 ) (616 -32 128 ) (616 -8 128 ) (616 -8 -64 ) 
4 96 99 (256 -32 -64 ) (256 -32 128 ) (256 0 128 ) (256 0 -64 ) 
4 96 98 (256 -32 128 ) (256 -32 -64 ) (512 -32 -64 ) (512 -32 128 ) 
4 96 97 (448 -32 -64 ) (256 -32 -64 ) (256 0 -64 ) (448 0 -64 ) 
4 97 99 (256 -32 -128 ) (256 -32 -64 ) (256 0 -64 ) (256 0 -128 ) 
4 97 98 (256 -32 -64 ) (256 -32 -192 ) (448 -32 -192 ) (448 -32 -64 ) 
4 98 103 (256 -64 -144 ) (256 -64 -192 ) (324 -64 -192 ) (324 -64 -144 ) 
4 98 102 (324 -64 128 ) (256 -64 128 ) (256 -64 -144 ) (324 -64 -144 ) 
4 98 101 (384 -64 128 ) (324 -64 128 ) (324 -64 -192 ) (384 -64 -192 ) 
4 98 100 (512 -64 128 ) (384 -64 128 ) (384 -64 -192 ) (512 -64 -192 ) 
4 98 99 (256 -64 -128 ) (256 -64 128 ) (256 -32 128 ) (256 -32 -128 ) 
4 99 183 (0 -64 -128 ) (0 -64 128 ) (0 0 128 ) (0 0 -128 ) 
4 99 105 (256 -64 128 ) (0 -64 128 ) (0 -64 -128 ) (256 -64 -128 ) 
4 100 106 (512 -192 -128 ) (512 -192 128 ) (384 -192 128 ) (384 -192 -128 ) 
4 100 101 (384 -64 128 ) (384 -64 -192 ) (384 -192 -192 ) (384 -192 128 ) 
4 101 106 (384 -192 128 ) (324 -192 128 ) (324 -192 -128 ) (384 -192 -128 ) 
4 101 103 (324 -64 -144 ) (324 -64 -192 ) (324 -192 -192 ) (324 -192 -144 ) 
4 101 102 (324 -64 128 ) (324 -64 -144 ) (324 -192 -144 ) (324 -192 128 ) 
4 101 104 (324 -64 -192 ) (324 -64 -256 ) (324 -192 -256 ) (324 -192 -192 ) 
4 102 106 (324 -192 128 ) (256 -192 128 ) (256 -192 -128 ) (324 -192 -128 ) 
4 102 105 (256 -64 128 ) (256 -64 -128 ) (256 -192 -128 ) (256 -192 128 ) 
4 102 103 (256 -192 -144 ) (256 -64 -144 ) (324 -64 -144 ) (324 -192 -144 ) 
4 103 104 (256 -192 -192 ) (256 -64 -192 ) (324 -64 -192 ) (324 -192 -192 ) 
4 105 184 (0 -192 -128 ) (0 -192 128 ) (0 -64 128 ) (0 -64 -128 ) 
4 105 106 (256 -192 128 ) (0 -192 128 ) (0 -192 -128 ) (256 -192 -128 ) 
4 106 184 (0 -448 -128 ) (0 -448 128 ) (0 -192 128 ) (0 -192 -128 ) 
4 106 123 (32 -448 128 ) (0 -448 128 ) (0 -448 -128 ) (32 -448 -128 ) 
4 106 118 (128 -448 128 ) (32 -448 128 ) (32 -448 -128 ) (128 -448 -128 ) 
4 106 117 (256 -448 128 ) (128 -448 128 ) (128 -448 -128 ) (256 -448 -128 ) 
4 106 116 (512 -448 -128 ) (512 -448 128 ) (256 -448 128 ) (256 -448 -128 ) 
4 107 110 (800 -576 256 ) (928 -576 256 ) (928 -576 760 ) (800 -576 760 ) 
4 107 109 (928 -576 256 ) (1024 -576 256 ) (1024 -576 768 ) (928 -576 768 ) 
4 107 108 (800 -448 768 ) (800 -448 256 ) (800 -576 256 ) (800 -576 768 ) 
4 108 116 (672 -448 768 ) (672 -448 256 ) (672 -576 256 ) (672 -576 768 ) 
4 108 111 (672 -576 752 ) (672 -576 256 ) (800 -576 256 ) (800 -576 752 ) 
4 109 112 (928 -704 256 ) (1024 -704 256 ) (1024 -704 768 ) (928 -704 768 ) 
4 109 110 (928 -576 760 ) (928 -576 256 ) (928 -704 256 ) (928 -704 760 ) 
4 110 113 (800 -704 256 ) (928 -704 256 ) (928 -704 752 ) (800 -704 752 ) 
4 110 111 (800 -576 752 ) (800 -576 256 ) (800 -704 256 ) (800 -704 752 ) 
4 111 119 (672 -576 752 ) (672 -576 256 ) (672 -704 256 ) (672 -704 752 ) 
4 111 115 (768 -704 256 ) (704 -704 256 ) (704 -672 256 ) (768 -672 256 ) 
4 111 114 (672 -704 752 ) (672 -704 256 ) (800 -704 256 ) (800 -704 752 ) 
4 112 113 (928 -704 752 ) (928 -704 256 ) (928 -832 256 ) (928 -832 752 ) 
4 113 131 (800 -832 640 ) (800 -832 384 ) (928 -832 384 ) (928 -832 640 ) 
4 113 114 (800 -704 752 ) (800 -704 256 ) (800 -832 256 ) (800 -832 752 ) 
4 114 131 (672 -832 640 ) (672 -832 384 ) (800 -832 384 ) (800 -832 640 ) 
4 114 119 (672 -832 256 ) (672 -832 760 ) (672 -704 760 ) (672 -704 256 ) 
4 114 115 (704 -736 256 ) (704 -704 256 ) (768 -704 256 ) (768 -736 256 ) 
4 116 120 (384 -480 -128 ) (384 -576 -128 ) (256 -576 -128 ) (256 -480 -128 ) 
4 116 119 (256 -576 -128 ) (672 -576 -128 ) (672 -576 768 ) (256 -576 768 ) 
4 116 117 (256 -448 752 ) (256 -448 -128 ) (256 -576 -128 ) (256 -576 752 ) 
4 117 121 (128 -448 -128 ) (192 -448 -128 ) (192 -576 -128 ) (128 -576 -128 ) 
4 117 119 (128 -576 -128 ) (256 -576 -128 ) (256 -576 752 ) (128 -576 752 ) 
4 117 118 (128 -448 752 ) (128 -448 -128 ) (128 -576 -128 ) (128 -576 752 ) 
4 118 123 (32 -448 784 ) (32 -448 -128 ) (32 -576 -128 ) (32 -576 784 ) 
4 118 119 (32 -576 768 ) (32 -576 -128 ) (128 -576 -128 ) (128 -576 768 ) 
4 119 137 (32 -832 640 ) (32 -832 -128 ) (512 -832 -128 ) (512 -832 640 ) 
4 119 136 (32 -832 752 ) (32 -832 640 ) (256 -832 640 ) (256 -832 752 ) 
4 119 134 (512 -832 768 ) (256 -832 768 ) (256 -832 640 ) (512 -832 640 ) 
4 119 132 (672 -832 512 ) (672 -832 640 ) (544 -832 640 ) (544 -832 512 ) 
4 119 126 (32 -576 -128 ) (32 -832 -128 ) (32 -832 768 ) (32 -576 768 ) 
4 119 121 (128 -576 -128 ) (192 -576 -128 ) (192 -640 -128 ) (128 -640 -128 ) 
4 119 120 (256 -576 -128 ) (384 -576 -128 ) (384 -608 -128 ) (256 -608 -128 ) 
4 121 122 (128 -640 -140 ) (128 -640 -256 ) (192 -640 -256 ) (192 -640 -140 ) 
4 123 190 (0 -448 0 ) (0 -448 -128 ) (0 -576 -128 ) (0 -576 0 ) 
4 123 189 (0 -448 128 ) (0 -448 0 ) (0 -576 0 ) (0 -576 128 ) 
4 123 188 (0 -448 768 ) (0 -448 128 ) (0 -576 128 ) (0 -576 768 ) 
4 123 126 (0 -576 768 ) (0 -576 -128 ) (32 -576 -128 ) (32 -576 768 ) 
4 123 124 (0 -480 -128 ) (0 -448 -128 ) (32 -448 -128 ) (32 -480 -128 ) 
4 123 125 (32 -576 -128 ) (0 -576 -128 ) (0 -544 -128 ) (32 -544 -128 ) 
4 124 192 (0 -448 -128 ) (0 -448 -130 ) (0 -480 -130 ) (0 -480 -128 ) 
4 124 130 (0 -448 -130 ) (32 -448 -130 ) (32 -480 -130 ) (0 -480 -130 ) 
4 125 192 (0 -544 -130 ) (0 -576 -130 ) (0 -576 -128 ) (0 -544 -128 ) 
4 125 130 (32 -544 -130 ) (32 -576 -130 ) (0 -576 -130 ) (0 -544 -130 ) 
4 125 127 (0 -576 -128 ) (0 -576 -129 ) (32 -576 -129 ) (32 -576 -128 ) 
4 126 201 (0 -832 -128 ) (0 -832 768 ) (0 -768 768 ) (0 -768 -128 ) 
4 126 191 (0 -768 768 ) (0 -576 768 ) (0 -576 -128 ) (0 -768 -128 ) 
4 126 137 (0 -832 640 ) (0 -832 -128 ) (32 -832 -128 ) (32 -832 640 ) 
4 126 136 (0 -832 752 ) (0 -832 640 ) (32 -832 640 ) (32 -832 752 ) 
4 126 129 (32 -704 -128 ) (32 -832 -128 ) (0 -832 -128 ) (0 -704 -128 ) 
4 126 128 (32 -640 -128 ) (32 -672 -128 ) (0 -672 -128 ) (0 -640 -128 ) 
4 126 127 (0 -576 -128 ) (32 -576 -128 ) (32 -608 -128 ) (0 -608 -128 ) 
4 127 192 (0 -608 -128 ) (0 -576 -128 ) (0 -576 -129 ) (0 -608 -129 ) 
4 128 192 (0 -672 -128 ) (0 -640 -128 ) (0 -640 -130 ) (0 -672 -130 ) 
4 128 130 (32 -640 -130 ) (32 -672 -130 ) (0 -672 -130 ) (0 -640 -130 ) 
4 129 202 (0 -832 -130 ) (0 -832 -128 ) (0 -768 -128 ) (0 -768 -130 ) 
4 129 199 (0 -768 -128 ) (0 -736 -128 ) (0 -736 -130 ) (0 -768 -130 ) 
4 129 148 (0 -832 -128 ) (0 -832 -130 ) (32 -832 -130 ) (32 -832 -128 ) 
4 129 130 (32 -704 -130 ) (32 -832 -130 ) (0 -832 -130 ) (0 -704 -130 ) 
4 130 202 (0 -832 -140 ) (0 -832 -130 ) (0 -768 -130 ) (0 -768 -140 ) 
4 130 198 (0 -736 -130 ) (0 -704 -130 ) (0 -704 -140 ) (0 -736 -140 ) 
4 130 199 (0 -768 -130 ) (0 -736 -130 ) (0 -736 -140 ) (0 -768 -140 ) 
4 130 192 (0 -704 -130 ) (0 -448 -130 ) (0 -448 -140 ) (0 -704 -140 ) 
4 130 148 (0 -832 -130 ) (0 -832 -140 ) (32 -832 -140 ) (32 -832 -130 ) 
4 131 132 (672 -832 640 ) (672 -832 512 ) (672 -864 512 ) (672 -864 640 ) 
4 133 140 (512 -960 256 ) (512 -1024 256 ) (512 -1024 320 ) (512 -960 320 ) 
4 134 137 (256 -832 640 ) (512 -832 640 ) (512 -960 640 ) (256 -960 640 ) 
4 134 136 (256 -832 640 ) (256 -960 640 ) (256 -960 752 ) (256 -832 752 ) 
4 134 135 (256 -960 768 ) (256 -960 640 ) (502 -960 640 ) (502 -960 768 ) 
4 135 220 (384 -1024 768 ) (256 -1024 768 ) (256 -1024 640 ) (384 -1024 640 ) 
4 135 216 (500 -1024 768 ) (384 -1024 768 ) (384 -1024 640 ) (500 -1024 640 ) 
4 135 138 (500 -1024 640 ) (256 -1024 640 ) (256 -960 640 ) (502 -960 640 ) 
4 135 136 (256 -960 640 ) (256 -1024 640 ) (256 -1024 752 ) (256 -960 752 ) 
4 136 221 (0 -1024 752 ) (0 -1024 640 ) (256 -1024 640 ) (256 -1024 752 ) 
4 136 207 (0 -1024 640 ) (0 -1024 752 ) (0 -960 752 ) (0 -960 640 ) 
4 136 203 (0 -960 752 ) (0 -832 752 ) (0 -832 640 ) (0 -960 640 ) 
4 136 138 (256 -960 640 ) (256 -1024 640 ) (0 -1024 640 ) (0 -960 640 ) 
4 136 137 (0 -832 640 ) (256 -832 640 ) (256 -960 640 ) (0 -960 640 ) 
4 137 203 (0 -960 640 ) (0 -832 640 ) (0 -832 -128 ) (0 -960 -128 ) 
4 137 148 (0 -832 -128 ) (32 -832 -128 ) (32 -960 -128 ) (0 -960 -128 ) 
4 137 144 (224 -928 -128 ) (224 -864 -128 ) (256 -864 -128 ) (256 -928 -128 ) 
4 137 146 (224 -960 -128 ) (128 -960 -128 ) (128 -864 -128 ) (224 -864 -128 ) 
4 137 142 (384 -896 -128 ) (384 -960 -128 ) (352 -960 -128 ) (352 -896 -128 ) 
4 137 143 (352 -960 -128 ) (256 -960 -128 ) (256 -864 -128 ) (352 -864 -128 ) 
4 137 141 (160 -832 -128 ) (320 -832 -128 ) (320 -864 -128 ) (160 -864 -128 ) 
4 137 139 (508 -960 512 ) (0 -960 512 ) (0 -960 384 ) (508 -960 384 ) 
4 137 138 (512 -960 512 ) (512 -960 640 ) (0 -960 640 ) (0 -960 512 ) 
4 137 140 (0 -960 -128 ) (512 -960 -128 ) (512 -960 384 ) (0 -960 384 ) 
4 138 221 (256 -1024 640 ) (0 -1024 640 ) (0 -1024 512 ) (256 -1024 512 ) 
4 138 220 (384 -1024 640 ) (256 -1024 640 ) (256 -1024 512 ) (384 -1024 512 ) 
4 138 217 (512 -1024 512 ) (512 -1024 640 ) (384 -1024 640 ) (384 -1024 512 ) 
4 138 208 (0 -1024 512 ) (0 -1024 640 ) (0 -960 640 ) (0 -960 512 ) 
4 138 139 (0 -1024 512 ) (0 -960 512 ) (508 -960 512 ) (506 -1024 512 ) 
4 139 221 (256 -1024 512 ) (0 -1024 512 ) (0 -1024 384 ) (256 -1024 384 ) 
4 139 220 (384 -1024 512 ) (256 -1024 512 ) (256 -1024 384 ) (384 -1024 384 ) 
4 139 218 (506 -1024 512 ) (384 -1024 512 ) (384 -1024 384 ) (506 -1024 384 ) 
4 139 208 (0 -1024 384 ) (0 -1024 512 ) (0 -960 512 ) (0 -960 384 ) 
4 139 140 (0 -960 384 ) (508 -960 384 ) (506 -1024 384 ) (0 -1024 384 ) 
4 140 221 (256 -1024 384 ) (0 -1024 384 ) (0 -1024 -128 ) (256 -1024 -128 ) 
4 140 220 (384 -1024 384 ) (256 -1024 384 ) (256 -1024 -128 ) (384 -1024 -128 ) 
4 140 219 (512 -1024 -128 ) (512 -1024 384 ) (384 -1024 384 ) (384 -1024 -128 ) 
4 140 208 (0 -1024 -128 ) (0 -1024 384 ) (0 -960 384 ) (0 -960 -128 ) 
4 140 145 (256 -1024 -128 ) (224 -1024 -128 ) (224 -960 -128 ) (256 -960 -128 ) 
4 140 146 (224 -1024 -128 ) (128 -1024 -128 ) (128 -960 -128 ) (224 -960 -128 ) 
4 140 142 (384 -1024 -128 ) (352 -1024 -128 ) (352 -960 -128 ) (384 -960 -128 ) 
4 140 143 (352 -1024 -128 ) (256 -1024 -128 ) (256 -960 -128 ) (352 -960 -128 ) 
4 141 144 (224 -864 -130 ) (256 -864 -130 ) (256 -864 -128 ) (224 -864 -128 ) 
4 141 146 (160 -864 -130 ) (224 -864 -130 ) (224 -864 -128 ) (160 -864 -128 ) 
4 141 143 (256 -864 -130 ) (320 -864 -130 ) (320 -864 -128 ) (256 -864 -128 ) 
4 141 147 (160 -832 -130 ) (320 -832 -130 ) (320 -864 -130 ) (160 -864 -130 ) 
4 142 222 (384 -1024 -128 ) (352 -1024 -128 ) (352 -1024 -130 ) (384 -1024 -130 ) 
4 142 143 (352 -896 -130 ) (352 -1024 -130 ) (352 -1024 -128 ) (352 -896 -128 ) 
4 142 147 (384 -896 -130 ) (384 -1024 -130 ) (352 -1024 -130 ) (352 -896 -130 ) 
4 143 223 (320 -1024 -128 ) (288 -1024 -128 ) (288 -1024 -130 ) (320 -1024 -130 ) 
4 143 222 (352 -1024 -128 ) (320 -1024 -128 ) (320 -1024 -130 ) (352 -1024 -130 ) 
4 143 224 (288 -1024 -128 ) (256 -1024 -128 ) (256 -1024 -130 ) (288 -1024 -130 ) 
4 143 144 (256 -864 -128 ) (256 -864 -130 ) (256 -928 -130 ) (256 -928 -128 ) 
4 143 145 (256 -960 -130 ) (256 -1024 -130 ) (256 -1024 -128 ) (256 -960 -128 ) 
4 143 147 (256 -864 -130 ) (352 -864 -130 ) (352 -1024 -130 ) (256 -1024 -130 ) 
4 144 147 (224 -864 -130 ) (256 -864 -130 ) (256 -928 -130 ) (224 -928 -130 ) 
4 144 146 (224 -864 -128 ) (224 -864 -130 ) (224 -928 -130 ) (224 -928 -128 ) 
4 145 224 (256 -1024 -128 ) (224 -1024 -128 ) (224 -1024 -130 ) (256 -1024 -130 ) 
4 145 146 (224 -960 -130 ) (224 -1024 -130 ) (224 -1024 -128 ) (224 -960 -128 ) 
4 145 147 (256 -960 -130 ) (256 -1024 -130 ) (224 -1024 -130 ) (224 -960 -130 ) 
4 146 224 (224 -1024 -128 ) (128 -1024 -128 ) (128 -1024 -130 ) (224 -1024 -130 ) 
4 146 147 (128 -1024 -130 ) (128 -864 -130 ) (224 -864 -130 ) (224 -1024 -130 ) 
4 147 225 (128 -1024 -130 ) (128 -1024 -140 ) (384 -1024 -140 ) (384 -1024 -130 ) 
4 148 203 (0 -960 -128 ) (0 -832 -128 ) (0 -832 -140 ) (0 -960 -140 ) 
4 149 151 (0 1024 128 ) (0 1024 256 ) (-32 1024 256 ) (-32 1024 128 ) 
4 150 158 (-512 576 576 ) (-512 512 576 ) (-512 512 704 ) (-512 576 704 ) 
4 150 155 (-416 320 768 ) (-512 320 768 ) (-512 320 576 ) (-416 320 576 ) 
4 150 154 (0 320 768 ) (-416 320 768 ) (-416 320 576 ) (0 320 576 ) 
4 150 153 (-448 320 576 ) (-512 320 576 ) (-512 512 576 ) (-448 512 576 ) 
4 150 152 (-512 576 576 ) (-512 1024 576 ) (-448 1024 576 ) (-448 576 576 ) 
4 150 151 (0 320 576 ) (-448 320 576 ) (-448 1024 576 ) (0 1024 576 ) 
4 151 157 (0 320 -128 ) (0 320 128 ) (-448 320 128 ) (-448 320 -128 ) 
4 151 155 (-416 320 576 ) (-448 320 576 ) (-448 320 128 ) (-416 320 128 ) 
4 151 154 (0 320 128 ) (0 320 576 ) (-416 320 576 ) (-416 320 128 ) 
4 151 153 (-448 320 -128 ) (-448 320 576 ) (-448 512 576 ) (-448 512 -128 ) 
4 151 152 (-448 576 576 ) (-448 1024 576 ) (-448 1024 -128 ) (-448 576 -128 ) 
4 152 159 (-512 864 384 ) (-512 832 384 ) (-512 832 512 ) (-512 864 512 ) 
4 153 157 (-512 320 128 ) (-512 320 -128 ) (-448 320 -128 ) (-448 320 128 ) 
4 153 155 (-512 320 576 ) (-512 320 128 ) (-448 320 128 ) (-448 320 576 ) 
4 154 167 (0 192 128 ) (0 192 256 ) (-384 192 256 ) (-384 192 128 ) 
4 154 163 (0 192 256 ) (0 192 384 ) (-416 192 384 ) (-416 192 256 ) 
4 154 162 (0 192 384 ) (0 192 512 ) (-416 192 512 ) (-416 192 384 ) 
4 154 161 (0 192 512 ) (0 192 768 ) (-384 192 768 ) (-384 192 512 ) 
4 154 157 (0 192 128 ) (-416 192 128 ) (-416 320 128 ) (0 320 128 ) 
4 154 156 (-416 192 256 ) (-416 192 768 ) (-416 224 768 ) (-416 224 256 ) 
4 154 155 (-416 320 768 ) (-416 320 128 ) (-416 224 128 ) (-416 224 768 ) 
4 155 157 (-512 224 128 ) (-512 320 128 ) (-416 320 128 ) (-416 224 128 ) 
4 155 156 (-416 224 256 ) (-416 224 768 ) (-512 224 768 ) (-512 224 256 ) 
4 156 163 (-512 192 384 ) (-512 192 256 ) (-416 192 256 ) (-416 192 384 ) 
4 156 162 (-512 192 512 ) (-512 192 384 ) (-416 192 384 ) (-416 192 512 ) 
4 157 167 (0 192 -128 ) (0 192 128 ) (-384 192 128 ) (-384 192 -128 ) 
4 160 163 (-703 192 384 ) (-703 192 257 ) (-609 192 257 ) (-609 192 384 ) 
4 160 162 (-609 192 447 ) (-703 192 447 ) (-703 192 384 ) (-609 192 384 ) 
4 161 175 (0 0 512 ) (0 0 768 ) (-384 0 768 ) (-384 0 512 ) 
4 161 162 (0 0 512 ) (-384 0 512 ) (-384 192 512 ) (0 192 512 ) 
4 162 176 (0 0 384 ) (0 0 512 ) (-768 0 512 ) (-768 0 384 ) 
4 162 164 (0 160 384 ) (0 0 384 ) (-768 0 384 ) (-768 160 384 ) 
4 162 163 (-768 192 384 ) (0 192 384 ) (0 160 384 ) (-768 160 384 ) 
4 163 167 (-384 192 256 ) (0 192 256 ) (0 160 256 ) (-384 160 256 ) 
4 163 164 (-768 160 256 ) (0 160 256 ) (0 160 384 ) (-768 160 384 ) 
4 164 178 (0 0 256 ) (0 0 384 ) (-785 0 384 ) (-785 0 256 ) 
4 164 168 (-416 0 256 ) (-480 0 256 ) (-480 64 256 ) (-416 64 256 ) 
4 164 167 (0 0 256 ) (-384 0 256 ) (-384 160 256 ) (0 160 256 ) 
4 164 165 (-785 160 384 ) (-785 160 256 ) (-785 0 256 ) (-785 0 384 ) 
4 165 179 (-785 0 384 ) (-786 0 384 ) (-786 0 256 ) (-785 0 256 ) 
4 165 166 (-786 160 384 ) (-786 160 256 ) (-786 0 256 ) (-786 0 384 ) 
4 166 180 (-786 0 384 ) (-800 0 384 ) (-800 0 256 ) (-786 0 256 ) 
4 166 169 (-800 128 256 ) (-800 0 256 ) (-800 0 384 ) (-800 128 384 ) 
4 167 183 (0 0 -128 ) (0 0 256 ) (-384 0 256 ) (-384 0 -128 ) 
4 169 171 (-864 128 256 ) (-864 0 256 ) (-864 0 384 ) (-864 128 384 ) 
4 170 171 (-928 128 448 ) (-928 128 256 ) (-864 128 256 ) (-864 128 448 ) 
4 171 181 (-864 0 256 ) (-864 0 384 ) (-928 0 384 ) (-928 0 256 ) 
4 171 177 (-864 0 384 ) (-864 0 448 ) (-928 0 448 ) (-928 0 384 ) 
4 171 172 (-928 0 256 ) (-928 0 384 ) (-928 128 384 ) (-928 128 256 ) 
4 172 173 (-1024 0 128 ) (-1024 0 384 ) (-1024 128 384 ) (-1024 128 128 ) 
4 173 174 (-1120 0 128 ) (-1120 0 384 ) (-1120 128 384 ) (-1120 128 128 ) 
4 174 215 (-1120 0 -640 ) (-1120 0 1024 ) (-1696 0 1024 ) (-1696 0 -640 ) 
4 175 184 (-384 -64 512 ) (0 -64 512 ) (0 -64 768 ) (-384 -64 768 ) 
4 175 176 (0 -64 512 ) (-384 -64 512 ) (-384 0 512 ) (0 0 512 ) 
4 176 187 (-704 -64 384 ) (-640 -64 384 ) (-640 -64 448 ) (-704 -64 448 ) 
4 176 185 (-512 -64 384 ) (-384 -64 384 ) (-384 -64 512 ) (-512 -64 512 ) 
4 176 184 (-384 -64 384 ) (0 -64 384 ) (0 -64 512 ) (-384 -64 512 ) 
4 176 182 (0 -64 384 ) (-768 -64 384 ) (-768 -32 384 ) (0 -32 384 ) 
4 176 178 (-768 -32 384 ) (-768 0 384 ) (0 0 384 ) (0 -32 384 ) 
4 177 181 (-928 0 384 ) (-864 0 384 ) (-864 -32 384 ) (-928 -32 384 ) 
4 178 183 (-384 0 256 ) (0 0 256 ) (0 -32 256 ) (-384 -32 256 ) 
4 178 182 (-768 -32 256 ) (0 -32 256 ) (0 -32 384 ) (-768 -32 384 ) 
4 178 179 (-785 0 256 ) (-785 -32 256 ) (-785 -32 384 ) (-785 0 384 ) 
4 179 180 (-786 0 256 ) (-786 -32 256 ) (-786 -32 384 ) (-786 0 384 ) 
4 182 187 (-640 -64 384 ) (-704 -64 384 ) (-704 -64 320 ) (-640 -64 320 ) 
4 182 185 (-512 -64 256 ) (-384 -64 256 ) (-384 -64 384 ) (-512 -64 384 ) 
4 182 184 (-384 -64 256 ) (0 -64 256 ) (0 -64 384 ) (-384 -64 384 ) 
4 182 183 (0 -64 256 ) (-384 -64 256 ) (-384 -32 256 ) (0 -32 256 ) 
4 183 184 (0 -64 -128 ) (0 -64 256 ) (-384 -64 256 ) (-384 -64 -128 ) 
4 184 190 (0 -448 -128 ) (0 -448 0 ) (-384 -448 0 ) (-384 -448 -128 ) 
4 184 189 (0 -448 0 ) (0 -448 128 ) (-384 -448 128 ) (-384 -448 0 ) 
4 184 188 (0 -448 128 ) (0 -448 768 ) (-384 -448 768 ) (-384 -448 128 ) 
4 184 186 (-384 -448 192 ) (-384 -448 768 ) (-384 -320 768 ) (-384 -320 192 ) 
4 184 185 (-384 -64 -128 ) (-384 -320 -128 ) (-384 -320 768 ) (-384 -64 768 ) 
4 185 186 (-512 -320 768 ) (-512 -320 192 ) (-384 -320 192 ) (-384 -320 768 ) 
4 188 191 (-384 -576 128 ) (0 -576 128 ) (0 -576 768 ) (-384 -576 768 ) 
4 188 189 (0 -576 128 ) (-376 -576 128 ) (-384 -448 128 ) (0 -448 128 ) 
4 189 191 (-376 -576 0 ) (0 -576 0 ) (0 -576 128 ) (-376 -576 128 ) 
4 189 190 (0 -576 0 ) (-376 -576 0 ) (-384 -448 0 ) (0 -448 0 ) 
4 190 193 (-96 -480 -128 ) (-96 -544 -128 ) (-128 -544 -128 ) (-128 -480 -128 ) 
4 190 192 (-96 -448 -128 ) (0 -448 -128 ) (0 -576 -128 ) (-96 -576 -128 ) 
4 190 191 (-384 -576 -128 ) (0 -576 -128 ) (0 -576 0 ) (-384 -576 0 ) 
4 191 205 (-256 -768 768 ) (-384 -768 768 ) (-384 -768 -128 ) (-256 -768 -128 ) 
4 191 201 (0 -768 -128 ) (0 -768 768 ) (-256 -768 768 ) (-256 -768 -128 ) 
4 191 197 (-224 -736 -128 ) (-224 -704 -128 ) (-128 -704 -128 ) (-128 -736 -128 ) 
4 191 196 (-96 -704 -128 ) (-32 -704 -128 ) (-32 -736 -128 ) (-96 -736 -128 ) 
4 191 199 (0 -768 -128 ) (-224 -768 -128 ) (-224 -736 -128 ) (0 -736 -128 ) 
4 191 194 (-96 -640 -128 ) (-96 -704 -128 ) (-128 -704 -128 ) (-128 -640 -128 ) 
4 191 192 (-96 -576 -128 ) (0 -576 -128 ) (0 -704 -128 ) (-96 -704 -128 ) 
4 192 196 (-32 -704 -128 ) (-96 -704 -128 ) (-96 -704 -130 ) (-32 -704 -130 ) 
4 192 198 (0 -704 -140 ) (0 -704 -130 ) (-96 -704 -130 ) (-96 -704 -140 ) 
4 192 195 (-96 -704 -140 ) (-96 -704 -130 ) (-96 -448 -130 ) (-96 -448 -140 ) 
4 192 194 (-96 -704 -130 ) (-96 -704 -128 ) (-96 -640 -128 ) (-96 -640 -130 ) 
4 192 193 (-96 -544 -128 ) (-96 -480 -128 ) (-96 -480 -130 ) (-96 -544 -130 ) 
4 193 195 (-96 -480 -130 ) (-96 -544 -130 ) (-128 -544 -130 ) (-128 -480 -130 ) 
4 194 195 (-96 -640 -130 ) (-96 -704 -130 ) (-128 -704 -130 ) (-128 -640 -130 ) 
4 195 198 (-160 -704 -130 ) (-160 -704 -140 ) (-96 -704 -140 ) (-96 -704 -130 ) 
4 196 199 (-96 -736 -130 ) (-32 -736 -130 ) (-32 -736 -128 ) (-96 -736 -128 ) 
4 196 198 (-32 -736 -130 ) (-96 -736 -130 ) (-96 -704 -130 ) (-32 -704 -130 ) 
4 197 199 (-224 -736 -128 ) (-224 -736 -130 ) (-128 -736 -130 ) (-128 -736 -128 ) 
4 197 198 (-128 -736 -130 ) (-224 -736 -130 ) (-224 -704 -130 ) (-128 -704 -130 ) 
4 198 199 (-224 -736 -130 ) (-224 -736 -140 ) (0 -736 -140 ) (0 -736 -130 ) 
4 199 202 (0 -768 -140 ) (0 -768 -128 ) (-224 -768 -128 ) (-224 -768 -140 ) 
4 200 212 (-512 -768 384 ) (-576 -768 384 ) (-576 -768 288 ) (-512 -768 288 ) 
4 200 211 (-448 -768 288 ) (-448 -768 384 ) (-512 -768 384 ) (-512 -768 288 ) 
4 201 205 (-256 -768 768 ) (-256 -768 -128 ) (-256 -832 -128 ) (-256 -832 768 ) 
4 201 204 (-256 -832 768 ) (-256 -832 -128 ) (-224 -832 -128 ) (-224 -832 768 ) 
4 201 203 (-224 -832 -128 ) (0 -832 -128 ) (0 -832 768 ) (-224 -832 768 ) 
4 201 202 (0 -832 -128 ) (-224 -832 -128 ) (-224 -768 -128 ) (0 -768 -128 ) 
4 202 203 (-224 -832 -140 ) (0 -832 -140 ) (0 -832 -128 ) (-224 -832 -128 ) 
4 203 208 (0 -960 -128 ) (0 -960 640 ) (-224 -960 640 ) (-224 -960 -128 ) 
4 203 207 (0 -960 640 ) (0 -960 768 ) (-224 -960 768 ) (-224 -960 640 ) 
4 203 204 (-224 -960 784 ) (-224 -832 784 ) (-224 -832 -128 ) (-224 -960 -128 ) 
4 204 208 (-256 -960 640 ) (-256 -960 -128 ) (-224 -960 -128 ) (-224 -960 640 ) 
4 204 207 (-256 -960 768 ) (-256 -960 640 ) (-224 -960 640 ) (-224 -960 768 ) 
4 204 206 (-256 -960 -128 ) (-256 -960 760 ) (-256 -832 760 ) (-256 -832 -128 ) 
4 205 206 (-384 -832 768 ) (-384 -832 -128 ) (-256 -832 -128 ) (-256 -832 760 ) 
4 206 210 (-384 -960 -128 ) (-384 -960 512 ) (-384 -832 512 ) (-384 -832 -128 ) 
4 206 208 (-384 -960 640 ) (-384 -960 -128 ) (-256 -960 -128 ) (-256 -960 640 ) 
4 206 207 (-370 -960 640 ) (-256 -960 640 ) (-256 -960 760 ) (-370 -960 767.125000 ) 
4 207 249 (0 -1024 640 ) (0 -1024 768 ) (-372 -1024 768 ) (-372 -1024 640 ) 
4 207 208 (-370 -960 640 ) (0 -960 640 ) (0 -1024 640 ) (-372 -1024 640 ) 
4 208 252 (0 -1024 -128 ) (0 -1024 640 ) (-384 -1024 640 ) (-384 -1024 -128 ) 
4 208 210 (-384 -1024 -128 ) (-384 -1024 512 ) (-384 -960 512 ) (-384 -960 -128 ) 
4 209 212 (-896 -800.091003 768 ) (-896 -768 768 ) (-512 -768 768 ) (-512 -800.091003 768 ) 
4 210 253 (-384 -1024 -128 ) (-384 -1024 512 ) (-416 -1024 512 ) (-416 -1024 -128 ) 
4 210 211 (-416 -832 -128 ) (-416 -1024 -128 ) (-416 -1024 512 ) (-416 -832 512 ) 
4 211 254 (-416 -1024 -128 ) (-416 -1024 768 ) (-512 -1024 768 ) (-512 -1024 -128 ) 
4 211 212 (-512 -1024 256 ) (-512 -1024 768 ) (-512 -768 768 ) (-512 -768 256 ) 
4 212 255 (-512 -1024 256 ) (-512 -1024 768 ) (-896 -1024 768 ) (-896 -1024 256 ) 
4 212 214 (-896 -1024 512 ) (-896 -1024 640 ) (-896 -992 640 ) (-896 -992 512 ) 
4 212 213 (-896 -768 768 ) (-896 -768 256 ) (-896 -800 256 ) (-896 -800 768 ) 
4 214 256 (-896 -1024 512 ) (-896 -1024 640 ) (-904 -1024 640 ) (-904 -1024 512 ) 
4 216 226 (498 -1088 768 ) (384 -1088 768 ) (384 -1088 640 ) (498 -1088 640 ) 
4 216 220 (384 -1024 768 ) (384 -1024 640 ) (384 -1088 640 ) (384 -1088 768 ) 
4 216 217 (384 -1088 640 ) (384 -1024 640 ) (500 -1024 640 ) (498 -1088 640 ) 
4 217 230 (512 -1088 512 ) (512 -1088 640 ) (384 -1088 640 ) (384 -1088 512 ) 
4 217 220 (384 -1024 640 ) (384 -1024 512 ) (384 -1088 512 ) (384 -1088 640 ) 
4 217 218 (384 -1088 512 ) (384 -1024 512 ) (506 -1024 512 ) (504 -1088 512 ) 
4 218 234 (504 -1088 512 ) (384 -1088 512 ) (384 -1088 384 ) (504 -1088 384 ) 
4 218 220 (384 -1024 512 ) (384 -1024 384 ) (384 -1088 384 ) (384 -1088 512 ) 
4 218 219 (384 -1088 384 ) (384 -1024 384 ) (506 -1024 384 ) (504 -1088 384 ) 
4 219 239 (508 -1088 0 ) (384 -1088 0 ) (384 -1088 -128 ) (508 -1088 -128 ) 
4 219 238 (508 -1088 128 ) (384 -1088 128 ) (384 -1088 0 ) (508 -1088 0 ) 
4 219 234 (512 -1088 128 ) (512 -1088 384 ) (384 -1088 384 ) (384 -1088 128 ) 
4 219 220 (384 -1024 384 ) (384 -1024 -128 ) (384 -1088 -128 ) (384 -1088 384 ) 
4 220 239 (256 -1088 -128 ) (384 -1088 -128 ) (384 -1088 0 ) (256 -1088 0 ) 
4 220 238 (384 -1088 0 ) (384 -1088 128 ) (256 -1088 128 ) (256 -1088 0 ) 
4 220 235 (384 -1088 128 ) (384 -1088 512 ) (256 -1088 512 ) (256 -1088 128 ) 
4 220 231 (384 -1088 512 ) (384 -1088 640 ) (256 -1088 640 ) (256 -1088 512 ) 
4 220 227 (384 -1088 640 ) (384 -1088 768 ) (256 -1088 768 ) (256 -1088 640 ) 
4 220 223 (288 -1024 -128 ) (320 -1024 -128 ) (320 -1056 -128 ) (288 -1056 -128 ) 
4 220 222 (320 -1024 -128 ) (384 -1024 -128 ) (384 -1088 -128 ) (320 -1088 -128 ) 
4 220 224 (256 -1024 -128 ) (288 -1024 -128 ) (288 -1088 -128 ) (256 -1088 -128 ) 
4 220 221 (256 -1024 752 ) (256 -1024 -128 ) (256 -1088 -128 ) (256 -1088 752 ) 
4 221 252 (0 -1024 640 ) (0 -1024 -128 ) (0 -1088 -128 ) (0 -1088 640 ) 
4 221 249 (0 -1024 752 ) (0 -1024 640 ) (0 -1088 640 ) (0 -1088 752 ) 
4 221 239 (0 -1088 0 ) (0 -1088 -128 ) (256 -1088 -128 ) (256 -1088 0 ) 
4 221 238 (0 -1088 128 ) (0 -1088 0 ) (256 -1088 0 ) (256 -1088 128 ) 
4 221 237 (0 -1088 512 ) (0 -1088 128 ) (256 -1088 128 ) (256 -1088 512 ) 
4 221 232 (128 -1088 512 ) (256 -1088 512 ) (256 -1088 640 ) (128 -1088 640 ) 
4 221 233 (0 -1088 640 ) (0 -1088 512 ) (128 -1088 512 ) (128 -1088 640 ) 
4 221 229 (0 -1088 752 ) (0 -1088 640 ) (128 -1088 640 ) (128 -1088 752 ) 
4 221 228 (128 -1088 640 ) (256 -1088 640 ) (256 -1088 752 ) (128 -1088 752 ) 
4 221 224 (128 -1024 -128 ) (256 -1024 -128 ) (256 -1088 -128 ) (128 -1088 -128 ) 
4 222 225 (320 -1024 -130 ) (384 -1024 -130 ) (384 -1088 -130 ) (320 -1088 -130 ) 
4 222 223 (320 -1024 -130 ) (320 -1056 -130 ) (320 -1056 -128 ) (320 -1024 -128 ) 
4 223 225 (288 -1024 -130 ) (320 -1024 -130 ) (320 -1056 -130 ) (288 -1056 -130 ) 
4 223 224 (288 -1024 -130 ) (288 -1056 -130 ) (288 -1056 -128 ) (288 -1024 -128 ) 
4 224 225 (128 -1088 -130 ) (128 -1024 -130 ) (288 -1024 -130 ) (288 -1088 -130 ) 
4 226 230 (384 -1088 640 ) (512 -1088 640 ) (512 -1176 640 ) (384 -1176 640 ) 
4 226 227 (384 -1088 640 ) (384 -1176 640 ) (384 -1176 768 ) (384 -1088 768 ) 
4 227 231 (256 -1088 640 ) (384 -1088 640 ) (384 -1192 640 ) (256 -1192 640 ) 
4 227 228 (256 -1088 640 ) (256 -1188 640 ) (256 -1188 768 ) (256 -1088 768 ) 
4 228 232 (128 -1088 640 ) (256 -1088 640 ) (256 -1188 640 ) (128 -1188 640 ) 
4 228 229 (128 -1088 640 ) (128 -1188 640 ) (128 -1188 768 ) (128 -1088 768 ) 
4 229 251 (0 -1204 768 ) (0 -1200 768 ) (0 -1200 640 ) (0 -1204 640 ) 
4 229 250 (0 -1200 768 ) (0 -1088 768 ) (0 -1088 640 ) (0 -1200 640 ) 
4 229 233 (0 -1088 640 ) (128 -1088 640 ) (128 -1204 640 ) (0 -1204 640 ) 
4 230 234 (384 -1088 512 ) (512 -1088 512 ) (512 -1200 512 ) (384 -1200 512 ) 
5 230 231 (384 -1088 512 ) (384 -1196 512 ) (384 -1196 576 ) (384 -1192 640 ) (384 -1088 640 ) 
4 231 235 (256 -1088 512 ) (384 -1088 512 ) (384 -1196 512 ) (256 -1196 512 ) 
4 231 232 (256 -1088 512 ) (256 -1196 512 ) (256 -1196 640 ) (256 -1088 640 ) 
4 232 237 (128 -1088 512 ) (256 -1088 512 ) (256 -1204 512 ) (128 -1204 512 ) 
4 232 233 (128 -1088 512 ) (128 -1204 512 ) (128 -1204 640 ) (128 -1088 640 ) 
4 233 252 (0 -1216 512 ) (0 -1216 640 ) (0 -1088 640 ) (0 -1088 512 ) 
4 233 237 (0 -1088 512 ) (128 -1088 512 ) (128 -1216 512 ) (0 -1216 512 ) 
4 234 238 (384 -1088 128 ) (508 -1088 128 ) (504 -1216 128 ) (384 -1216 128 ) 
4 234 236 (384 -1216 256 ) (384 -1216 512 ) (384 -1208 512 ) (384 -1208 256 ) 
4 234 235 (384 -1088 128 ) (384 -1208 128 ) (384 -1208 512 ) (384 -1088 512 ) 
4 235 238 (256 -1088 128 ) (384 -1088 128 ) (384 -1208 128 ) (256 -1208 128 ) 
4 235 236 (256 -1208 512 ) (256 -1208 256 ) (384 -1208 256 ) (384 -1208 512 ) 
4 235 237 (256 -1088 128 ) (256 -1208 128 ) (256 -1208 512 ) (256 -1088 512 ) 
4 236 240 (384 -1216 512 ) (256 -1216 512 ) (256 -1216 384 ) (384 -1216 384 ) 
4 236 237 (256 -1216 256 ) (256 -1216 512 ) (256 -1208 512 ) (256 -1208 256 ) 
4 237 252 (0 -1216 128 ) (0 -1216 512 ) (0 -1088 512 ) (0 -1088 128 ) 
4 237 242 (128 -1216 256 ) (128 -1216 128 ) (256 -1216 128 ) (256 -1216 256 ) 
4 237 240 (256 -1216 512 ) (128 -1216 512 ) (128 -1216 384 ) (256 -1216 384 ) 
4 237 238 (0 -1088 128 ) (256 -1088 128 ) (256 -1216 128 ) (0 -1216 128 ) 
4 238 252 (0 -1216 0 ) (0 -1216 128 ) (0 -1088 128 ) (0 -1088 0 ) 
4 238 243 (128 -1216 128 ) (0 -1216 128 ) (0 -1216 0 ) (128 -1216 0 ) 
4 238 242 (256 -1216 128 ) (128 -1216 128 ) (128 -1216 0 ) (256 -1216 0 ) 
4 238 241 (384 -1216 128 ) (256 -1216 128 ) (256 -1216 0 ) (384 -1216 0 ) 
4 238 239 (0 -1088 0 ) (508 -1088 0 ) (504 -1216 0 ) (0 -1216 0 ) 
4 239 252 (0 -1216 -128 ) (0 -1216 0 ) (0 -1088 0 ) (0 -1088 -128 ) 
4 240 244 (384 -1248 384 ) (384 -1248 512 ) (128 -1248 512 ) (128 -1248 384 ) 
4 241 242 (256 -1248 0 ) (256 -1248 128 ) (256 -1216 128 ) (256 -1216 0 ) 
4 242 243 (128 -1216 128 ) (128 -1216 0 ) (128 -1248 0 ) (128 -1248 128 ) 
4 248 255 (-896 -1152 768 ) (-896 -1119.910034 768 ) (-512 -1119.910034 768 ) (-512 -1152 768 ) 
4 249 252 (-372 -1024 640 ) (0 -1024 640 ) (0 -1088 640 ) (-374 -1088 640 ) 
4 249 250 (-374 -1088 640 ) (0 -1088 640 ) (0 -1088 768 ) (-374 -1088 768 ) 
4 250 252 (-384 -1200 640 ) (-384 -1088 640 ) (0 -1088 640 ) (0 -1200 640 ) 
4 250 251 (-256 -1200 640 ) (0 -1200 640 ) (0 -1200 768 ) (-256 -1200 768 ) 
4 251 252 (0 -1216 640 ) (-256 -1216 640 ) (-256 -1200 640 ) (0 -1200 640 ) 
4 252 259 (-384 -1216 256 ) (-384 -1216 0 ) (-256 -1216 0 ) (-256 -1216 256 ) 
4 252 258 (0 -1216 256 ) (0 -1216 512 ) (-256 -1216 512 ) (-256 -1216 256 ) 
4 252 253 (-384 -1088 512 ) (-384 -1024 512 ) (-384 -1024 -128 ) (-384 -1088 -128 ) 
4 253 254 (-416 -1088 512 ) (-416 -1024 512 ) (-416 -1024 -128 ) (-416 -1088 -128 ) 
4 254 255 (-512 -1152 256 ) (-512 -1152 768 ) (-512 -1024 768 ) (-512 -1024 256 ) 
4 255 257 (-896 -1120 256 ) (-896 -1152 256 ) (-896 -1152 768 ) (-896 -1120 768 ) 
4 255 256 (-896 -1024 640 ) (-896 -1024 512 ) (-896 -1056 512 ) (-896 -1056 640 ) 
4 261 262 (-1024 -3568 -128 ) (-1024 -3568 0 ) (-1024 -3312 0 ) (-1024 -3312 -128 ) 
