


materialPath: D:\SteamLibrary\steamapps\common\Portal 2\portal2\materials
Loading d:\steamlibrary\steamapps\common\portal 2\portal2_dlc3\maps\sp_a3_portal_intro.vmf
ConVarRef gpu_level doesn't point to an existing ConVar
Material not found!: PROPS/CARPETFLOOR001A
Patching WVT material: maps/sp_a3_portal_intro/anim_wp/framework/blend_backpanels02_pipes_wvt_patch
Patching WVT material: maps/sp_a3_portal_intro/nature/blendrockdirt_tunnel03a_wvt_patch
fixing up env_cubemap materials on brush sides...
0...1...2...3...4...5...6...7...8...9...100...1...2...3...4...5...6...7...8...9...10Processing areas...done (0)
Building Faces...done (0)
Chop Details...done (0)
Find Visible Detail Sides...
Merged 396 detail faces...done (0)
Merging details...done (0)
FixTjuncs...
PruneNodes...
WriteBSP...
done (0)
writing d:\steamlibrary\steamapps\common\portal 2\portal2_dlc3\maps\sp_a3_portal_intro.prt...Building visibility clusters...
done (0)
Finding displacement neighbors...
Finding lightmap sample positions...
Displacement Alpha : 0...1...2...3...4...5...6...7...8...9...10
Building Physics collision data...
done (1) (835933 bytes)
Placing detail props : 0...1...2...3...4...5...6...7...8...9...10
Compacting texture/material tables...
Reduced 3815 texinfos to 2314
Reduced 252 texdatas to 241 (11682 bytes to 11238)
Writing d:\steamlibrary\steamapps\common\portal 2\portal2_dlc3\maps\sp_a3_portal_intro.bsp

nummapplanes:     (  8838 / 65536 )
nummapbrushes:    (  2040 /  8192 )
nummapbrushsides: ( 16913 / 65536 )
num_map_overlays: (   114 /   512 )
nummodels:        (   182 /  1024 )
num_entities:     (  1019 / 16384 )

34 seconds elapsed



12 threads
reading d:\steamlibrary\steamapps\common\portal 2\portal2_dlc3\maps\sp_a3_portal_intro.bsp
reading d:\steamlibrary\steamapps\common\portal 2\portal2_dlc3\maps\sp_a3_portal_intro.prt
2569 portalclusters
9318 numportals
0...1...2...3...4...5...6...7...8...9...10Optimized: 366645 visible clusters (0.00%)
Total clusters visible: 4939935
Average clusters visible: 1922
Building PAS...
Average clusters audible: 2508
visdatasize:1579352  compressed from 1685264
writing d:\steamlibrary\steamapps\common\portal 2\portal2_dlc3\maps\sp_a3_portal_intro.bsp
2 seconds elapsed



[Reading texlights from 'lights.rad']
[59 texlights parsed from 'lights.rad']

Loading d:\steamlibrary\steamapps\common\portal 2\portal2_dlc3\maps\sp_a3_portal_intro.bsp
7381 faces
3299862 square feet [475180160.00 square inches]
137 Displacements
895735 Square Feet [128985864.00 Square Inches]
7381 patches before subdivision
140325 patches after subdivision
368 direct lights
0...1...2...3...4...5...6...7...8...9...100...1...2...3...4...5...6...7...8...9...10transfers 9048273, max 489
transfer lists:  69.0 megs
0...1...2...3...4...5...6...7...8...9...10	Bounce #1 added RGB(65895, 66769, 54218)
0...1...2...3...4...5...6...7...8...9...10	Bounce #2 added RGB(9387, 9434, 7330)
Build Patch/Sample Hash Table(s).....Done<1.2900 sec>
0...1...2...3...4...5...6...7...8...9...10FinalLightFace Done
0 of 44 (0% of) surface lights went in leaf ambient cubes.
0...1...2...3...4...5...6...7...8...9...10Writing leaf ambient...done
Ready to Finish

Object names       Objects/Maxobjs  Memory / Maxmem  Fullness 
------------       ---------------  ---------------  -------- 
models                 182/1024         8736/49152    (17.8%) 
brushes               2040/8192        24480/98304    (24.9%) 
brushsides           16093/65536      128744/524288   (24.6%) 
planes                8838/65536      176760/1310720  (13.5%) 
vertexes             13601/65536      163212/786432   (20.8%) 
nodes                 4850/65536      155200/2097152  ( 7.4%) 
texinfos              2314/12288      166608/884736   (18.8%) 
texdata                241/2048         7712/65536    (11.8%) 
dispinfos              137/0           24112/0        ( 0.0%) 
disp_verts            4657/0           93140/0        ( 0.0%) 
disp_tris             6496/0           12992/0        ( 0.0%) 
disp_multiblend          0/0               0/0        ( 0.0%) 
disp_lmsamples      410372/0          410372/0        ( 0.0%) 
faces                 7381/65536      413336/3670016  (11.3%) 
hdr faces                0/65536           0/3670016  ( 0.0%) 
origfaces             4943/65536      276808/3670016  ( 7.5%) 
facebrushes            962/0            1924/0        ( 0.0%) 
facebrushlists        7381/0           29524/0        ( 0.0%) 
leaves                5033/65536      161056/2097152  ( 7.7%) 
leaffaces            10680/65536       21360/131072   (16.3%) 
leafbrushes           7163/65536       14326/131072   (10.9%) 
areas                   19/256           152/2048     ( 7.4%) 
surfedges            54564/512000     218256/2048000  (10.7%) 
edges                34181/256000     136724/1024000  (13.4%) 
LDR worldlights        368/8192        36800/819200   ( 4.5%) 
HDR worldlights          0/8192            0/819200   ( 0.0%) 
leafwaterdata            0/32768           0/393216   ( 0.0%) 
waterstrips            770/32768        7700/327680   ( 2.3%) 
waterverts               0/65536           0/786432   ( 0.0%) 
waterindices         13227/65536       26454/131072   (20.2%) 
cubemapsamples          64/1024         1024/16384    ( 6.3%) 
overlays               114/512         40128/180224   (22.3%) 
LDR lightdata         [variable]     8618588/0        ( 0.0%) 
HDR lightdata         [variable]           0/0        ( 0.0%) 
visdata               [variable]     1579352/16777216 ( 9.4%) 
entdata               [variable]      315212/393216   (80.2%) VERY FULL!
LDR ambient table     5033/65536       20132/262144   ( 7.7%) 
HDR ambient table     5033/65536       20132/262144   ( 7.7%) 
LDR leaf ambient     25305/65536      708540/1835008  (38.6%) 
HDR leaf ambient      5033/65536      140924/1835008  ( 7.7%) 
occluders                0/0               0/0        ( 0.0%) 
occluder polygons        0/0               0/0        ( 0.0%) 
occluder vert ind        0/0               0/0        ( 0.0%) 
detail props          [variable]           1/12       ( 8.3%) 
static props          [variable]           1/157700   ( 0.0%) 
pakfile               [variable]     4881833/0        ( 0.0%) 
physics               [variable]      835933/4194304  (19.9%) 
physics terrain       [variable]       31875/1048576  ( 3.0%) 

Level flags = 0

Total triangle count: 19573
Writing d:\steamlibrary\steamapps\common\portal 2\portal2_dlc3\maps\sp_a3_portal_intro.bsp
1 minute, 25 seconds elapsed



materialPath: D:\SteamLibrary\steamapps\common\Portal 2\portal2\materials
Loading d:\steamlibrary\steamapps\common\portal 2\portal2_dlc3\maps\sp_a3_portal_intro.vmf
ConVarRef gpu_level doesn't point to an existing ConVar
Material not found!: PROPS/CARPETFLOOR001A
Patching WVT material: maps/sp_a3_portal_intro/anim_wp/framework/blend_backpanels02_pipes_wvt_patch
Patching WVT material: maps/sp_a3_portal_intro/nature/blendrockdirt_tunnel03a_wvt_patch
fixing up env_cubemap materials on brush sides...
0...1...2...3...4...5...6...7...8...9...100...1...2...3...4...5...6...7...8...9...10Processing areas...done (0)
Building Faces...done (0)
Chop Details...done (0)
Find Visible Detail Sides...
Merged 396 detail faces...done (0)
Merging details...done (0)
FixTjuncs...
PruneNodes...
WriteBSP...
done (1)
writing d:\steamlibrary\steamapps\common\portal 2\portal2_dlc3\maps\sp_a3_portal_intro.prt...Building visibility clusters...
done (0)
Finding displacement neighbors...
Finding lightmap sample positions...
Displacement Alpha : 0...1...2...3...4...5...6...7...8...9...10
Building Physics collision data...
done (1) (835933 bytes)
Placing detail props : 0...1...2...3...4...5...6...7...8...9...10
Compacting texture/material tables...
Reduced 3815 texinfos to 2314
Reduced 252 texdatas to 241 (11682 bytes to 11238)
Writing d:\steamlibrary\steamapps\common\portal 2\portal2_dlc3\maps\sp_a3_portal_intro.bsp

nummapplanes:     (  8838 / 65536 )
nummapbrushes:    (  2040 /  8192 )
nummapbrushsides: ( 16913 / 65536 )
num_map_overlays: (   114 /   512 )
nummodels:        (   182 /  1024 )
num_entities:     (  1019 / 16384 )

35 seconds elapsed



12 threads
reading d:\steamlibrary\steamapps\common\portal 2\portal2_dlc3\maps\sp_a3_portal_intro.bsp
reading d:\steamlibrary\steamapps\common\portal 2\portal2_dlc3\maps\sp_a3_portal_intro.prt
2569 portalclusters
9318 numportals
0...1...2...3...4...5...6...7...8...9...10Optimized: 366645 visible clusters (0.00%)
Total clusters visible: 4939935
Average clusters visible: 1922
Building PAS...
Average clusters audible: 2508
visdatasize:1579352  compressed from 1685264
writing d:\steamlibrary\steamapps\common\portal 2\portal2_dlc3\maps\sp_a3_portal_intro.bsp
2 seconds elapsed



[Reading texlights from 'lights.rad']
[59 texlights parsed from 'lights.rad']

Loading d:\steamlibrary\steamapps\common\portal 2\portal2_dlc3\maps\sp_a3_portal_intro.bsp
7381 faces
3299862 square feet [475180160.00 square inches]
137 Displacements
895735 Square Feet [128985864.00 Square Inches]
7381 patches before subdivision
140325 patches after subdivision
368 direct lights
0...1...2...3...4...5...6...7...8...9...100...1...2...3...4...5...6...7...8...9...10transfers 9048273, max 489
transfer lists:  69.0 megs
0...1...2...3...4...5...6...7...8...9...10	Bounce #1 added RGB(65895, 66769, 54218)
0...1...2...3...4...5...6...7...8...9...10	Bounce #2 added RGB(9387, 9434, 7330)
Build Patch/Sample Hash Table(s).....Done<1.2922 sec>
0...1...2...3...4...5...6...7...8...9...10FinalLightFace Done
0 of 44 (0% of) surface lights went in leaf ambient cubes.
0...1...2...3...4...5...6...7...8...9...10Writing leaf ambient...done
Ready to Finish

Object names       Objects/Maxobjs  Memory / Maxmem  Fullness 
------------       ---------------  ---------------  -------- 
models                 182/1024         8736/49152    (17.8%) 
brushes               2040/8192        24480/98304    (24.9%) 
brushsides           16093/65536      128744/524288   (24.6%) 
planes                8838/65536      176760/1310720  (13.5%) 
vertexes             13601/65536      163212/786432   (20.8%) 
nodes                 4850/65536      155200/2097152  ( 7.4%) 
texinfos              2314/12288      166608/884736   (18.8%) 
texdata                241/2048         7712/65536    (11.8%) 
dispinfos              137/0           24112/0        ( 0.0%) 
disp_verts            4657/0           93140/0        ( 0.0%) 
disp_tris             6496/0           12992/0        ( 0.0%) 
disp_multiblend          0/0               0/0        ( 0.0%) 
disp_lmsamples      410372/0          410372/0        ( 0.0%) 
faces                 7381/65536      413336/3670016  (11.3%) 
hdr faces                0/65536           0/3670016  ( 0.0%) 
origfaces             4943/65536      276808/3670016  ( 7.5%) 
facebrushes            962/0            1924/0        ( 0.0%) 
facebrushlists        7381/0           29524/0        ( 0.0%) 
leaves                5033/65536      161056/2097152  ( 7.7%) 
leaffaces            10680/65536       21360/131072   (16.3%) 
leafbrushes           7163/65536       14326/131072   (10.9%) 
areas                   19/256           152/2048     ( 7.4%) 
surfedges            54564/512000     218256/2048000  (10.7%) 
edges                34181/256000     136724/1024000  (13.4%) 
LDR worldlights        368/8192        36800/819200   ( 4.5%) 
HDR worldlights          0/8192            0/819200   ( 0.0%) 
leafwaterdata            0/32768           0/393216   ( 0.0%) 
waterstrips            770/32768        7700/327680   ( 2.3%) 
waterverts               0/65536           0/786432   ( 0.0%) 
waterindices         13227/65536       26454/131072   (20.2%) 
cubemapsamples          64/1024         1024/16384    ( 6.3%) 
overlays               114/512         40128/180224   (22.3%) 
LDR lightdata         [variable]     8618588/0        ( 0.0%) 
HDR lightdata         [variable]           0/0        ( 0.0%) 
visdata               [variable]     1579352/16777216 ( 9.4%) 
entdata               [variable]      314962/393216   (80.1%) VERY FULL!
LDR ambient table     5033/65536       20132/262144   ( 7.7%) 
HDR ambient table     5033/65536       20132/262144   ( 7.7%) 
LDR leaf ambient     25305/65536      708540/1835008  (38.6%) 
HDR leaf ambient      5033/65536      140924/1835008  ( 7.7%) 
occluders                0/0               0/0        ( 0.0%) 
occluder polygons        0/0               0/0        ( 0.0%) 
occluder vert ind        0/0               0/0        ( 0.0%) 
detail props          [variable]           1/12       ( 8.3%) 
static props          [variable]           1/157700   ( 0.0%) 
pakfile               [variable]     4881833/0        ( 0.0%) 
physics               [variable]      835933/4194304  (19.9%) 
physics terrain       [variable]       31875/1048576  ( 3.0%) 

Level flags = 0

Total triangle count: 19573
Writing d:\steamlibrary\steamapps\common\portal 2\portal2_dlc3\maps\sp_a3_portal_intro.bsp
1 minute, 25 seconds elapsed



materialPath: D:\SteamLibrary\steamapps\common\Portal 2\portal2\materials
Loading d:\steamlibrary\steamapps\common\portal 2\portal2_dlc3\maps\sp_a3_portal_intro.vmf
ConVarRef gpu_level doesn't point to an existing ConVar
Material not found!: PROPS/CARPETFLOOR001A
Patching WVT material: maps/sp_a3_portal_intro/anim_wp/framework/blend_backpanels02_pipes_wvt_patch
Patching WVT material: maps/sp_a3_portal_intro/nature/blendrockdirt_tunnel03a_wvt_patch
fixing up env_cubemap materials on brush sides...
0...1...2...3...4...5...6...7...8...9...100...1...2...3...4...5...6...7...8...9...10Processing areas...done (0)
Building Faces...done (0)
Chop Details...done (0)
Find Visible Detail Sides...
Merged 396 detail faces...done (0)
Merging details...done (0)
FixTjuncs...
PruneNodes...
WriteBSP...
done (0)
writing d:\steamlibrary\steamapps\common\portal 2\portal2_dlc3\maps\sp_a3_portal_intro.prt...Building visibility clusters...
done (1)
Finding displacement neighbors...
Finding lightmap sample positions...
Displacement Alpha : 0...1...2...3...4...5...6...7...8...9...10
Building Physics collision data...
done (1) (835933 bytes)
Placing detail props : 0...1...2...3...4...5...6...7...8...9...10
Compacting texture/material tables...
Reduced 3815 texinfos to 2314
Reduced 252 texdatas to 241 (11682 bytes to 11238)
Writing d:\steamlibrary\steamapps\common\portal 2\portal2_dlc3\maps\sp_a3_portal_intro.bsp

nummapplanes:     (  8838 / 65536 )
nummapbrushes:    (  2040 /  8192 )
nummapbrushsides: ( 16913 / 65536 )
num_map_overlays: (   114 /   512 )
nummodels:        (   182 /  1024 )
num_entities:     (  1019 / 16384 )

40 seconds elapsed



12 threads
reading d:\steamlibrary\steamapps\common\portal 2\portal2_dlc3\maps\sp_a3_portal_intro.bsp
reading d:\steamlibrary\steamapps\common\portal 2\portal2_dlc3\maps\sp_a3_portal_intro.prt
2569 portalclusters
9318 numportals
0...1...2...3...4...5...6...7...8...9...10Optimized: 366645 visible clusters (0.00%)
Total clusters visible: 4939935
Average clusters visible: 1922
Building PAS...
Average clusters audible: 2508
visdatasize:1579352  compressed from 1685264
writing d:\steamlibrary\steamapps\common\portal 2\portal2_dlc3\maps\sp_a3_portal_intro.bsp
2 seconds elapsed



[Reading texlights from 'lights.rad']
[59 texlights parsed from 'lights.rad']

Loading d:\steamlibrary\steamapps\common\portal 2\portal2_dlc3\maps\sp_a3_portal_intro.bsp
7381 faces
3299862 square feet [475180160.00 square inches]
137 Displacements
895735 Square Feet [128985864.00 Square Inches]
7381 patches before subdivision
140325 patches after subdivision
368 direct lights
0...1...2...3...4...5...6...7...8...9...100...1...2...3...4...5...6...7...8...9...10transfers 9048273, max 489
transfer lists:  69.0 megs
0...1...2...3...4...5...6...7...8...9...10	Bounce #1 added RGB(65895, 66769, 54218)
0...1...2...3...4...5...6...7...8...9...10	Bounce #2 added RGB(9387, 9434, 7330)
Build Patch/Sample Hash Table(s).....Done<1.3790 sec>
0...1...2...3...4...5...6...7...8...9...10FinalLightFace Done
0 of 44 (0% of) surface lights went in leaf ambient cubes.
0...1...2...3...4...5...6...7...8...9...10Writing leaf ambient...done
Ready to Finish

Object names       Objects/Maxobjs  Memory / Maxmem  Fullness 
------------       ---------------  ---------------  -------- 
models                 182/1024         8736/49152    (17.8%) 
brushes               2040/8192        24480/98304    (24.9%) 
brushsides           16093/65536      128744/524288   (24.6%) 
planes                8838/65536      176760/1310720  (13.5%) 
vertexes             13601/65536      163212/786432   (20.8%) 
nodes                 4850/65536      155200/2097152  ( 7.4%) 
texinfos              2314/12288      166608/884736   (18.8%) 
texdata                241/2048         7712/65536    (11.8%) 
dispinfos              137/0           24112/0        ( 0.0%) 
disp_verts            4657/0           93140/0        ( 0.0%) 
disp_tris             6496/0           12992/0        ( 0.0%) 
disp_multiblend          0/0               0/0        ( 0.0%) 
disp_lmsamples      410372/0          410372/0        ( 0.0%) 
faces                 7381/65536      413336/3670016  (11.3%) 
hdr faces                0/65536           0/3670016  ( 0.0%) 
origfaces             4943/65536      276808/3670016  ( 7.5%) 
facebrushes            962/0            1924/0        ( 0.0%) 
facebrushlists        7381/0           29524/0        ( 0.0%) 
leaves                5033/65536      161056/2097152  ( 7.7%) 
leaffaces            10680/65536       21360/131072   (16.3%) 
leafbrushes           7163/65536       14326/131072   (10.9%) 
areas                   19/256           152/2048     ( 7.4%) 
surfedges            54564/512000     218256/2048000  (10.7%) 
edges                34181/256000     136724/1024000  (13.4%) 
LDR worldlights        368/8192        36800/819200   ( 4.5%) 
HDR worldlights          0/8192            0/819200   ( 0.0%) 
leafwaterdata            0/32768           0/393216   ( 0.0%) 
waterstrips            770/32768        7700/327680   ( 2.3%) 
waterverts               0/65536           0/786432   ( 0.0%) 
waterindices         13227/65536       26454/131072   (20.2%) 
cubemapsamples          64/1024         1024/16384    ( 6.3%) 
overlays               114/512         40128/180224   (22.3%) 
LDR lightdata         [variable]     8618588/0        ( 0.0%) 
HDR lightdata         [variable]           0/0        ( 0.0%) 
visdata               [variable]     1579352/16777216 ( 9.4%) 
entdata               [variable]      314699/393216   (80.0%) VERY FULL!
LDR ambient table     5033/65536       20132/262144   ( 7.7%) 
HDR ambient table     5033/65536       20132/262144   ( 7.7%) 
LDR leaf ambient     25305/65536      708540/1835008  (38.6%) 
HDR leaf ambient      5033/65536      140924/1835008  ( 7.7%) 
occluders                0/0               0/0        ( 0.0%) 
occluder polygons        0/0               0/0        ( 0.0%) 
occluder vert ind        0/0               0/0        ( 0.0%) 
detail props          [variable]           1/12       ( 8.3%) 
static props          [variable]           1/157700   ( 0.0%) 
pakfile               [variable]     4881833/0        ( 0.0%) 
physics               [variable]      835933/4194304  (19.9%) 
physics terrain       [variable]       31875/1048576  ( 3.0%) 

Level flags = 0

Total triangle count: 19573
Writing d:\steamlibrary\steamapps\common\portal 2\portal2_dlc3\maps\sp_a3_portal_intro.bsp
1 minute, 27 seconds elapsed



materialPath: D:\SteamLibrary\steamapps\common\Portal 2\portal2\materials
Loading d:\steamlibrary\steamapps\common\portal 2\portal2_dlc3\maps\sp_a3_portal_intro.vmf
ConVarRef gpu_level doesn't point to an existing ConVar
Material not found!: PROPS/CARPETFLOOR001A
Patching WVT material: maps/sp_a3_portal_intro/anim_wp/framework/blend_backpanels02_pipes_wvt_patch
Patching WVT material: maps/sp_a3_portal_intro/nature/blendrockdirt_tunnel03a_wvt_patch
fixing up env_cubemap materials on brush sides...
0...1...2...3...4...5...6...7...8...9...100...1...2...3...4...5...6...7...8...9...10Processing areas...done (0)
Building Faces...done (0)
Chop Details...done (0)
Find Visible Detail Sides...
Merged 396 detail faces...done (0)
Merging details...done (0)
FixTjuncs...
PruneNodes...
WriteBSP...
done (0)
writing d:\steamlibrary\steamapps\common\portal 2\portal2_dlc3\maps\sp_a3_portal_intro.prt...Building visibility clusters...
done (0)
Finding displacement neighbors...
Finding lightmap sample positions...
Displacement Alpha : 0...1...2...3...4...5...6...7...8...9...10
Building Physics collision data...
done (1) (835933 bytes)
Placing detail props : 0...1...2...3...4...5...6...7...8...9...10
Compacting texture/material tables...
Reduced 3815 texinfos to 2314
Reduced 252 texdatas to 241 (11682 bytes to 11238)
Writing d:\steamlibrary\steamapps\common\portal 2\portal2_dlc3\maps\sp_a3_portal_intro.bsp

nummapplanes:     (  8838 / 65536 )
nummapbrushes:    (  2040 /  8192 )
nummapbrushsides: ( 16913 / 65536 )
num_map_overlays: (   114 /   512 )
nummodels:        (   182 /  1024 )
num_entities:     (  1019 / 16384 )

34 seconds elapsed



12 threads
reading d:\steamlibrary\steamapps\common\portal 2\portal2_dlc3\maps\sp_a3_portal_intro.bsp
reading d:\steamlibrary\steamapps\common\portal 2\portal2_dlc3\maps\sp_a3_portal_intro.prt
2569 portalclusters
9318 numportals
0...1...2...3...4...5...6...7...8...9...10Optimized: 366645 visible clusters (0.00%)
Total clusters visible: 4939935
Average clusters visible: 1922
Building PAS...
Average clusters audible: 2508
visdatasize:1579352  compressed from 1685264
writing d:\steamlibrary\steamapps\common\portal 2\portal2_dlc3\maps\sp_a3_portal_intro.bsp
2 seconds elapsed



[Reading texlights from 'lights.rad']
[59 texlights parsed from 'lights.rad']

Loading d:\steamlibrary\steamapps\common\portal 2\portal2_dlc3\maps\sp_a3_portal_intro.bsp
7381 faces
3299862 square feet [475180160.00 square inches]
137 Displacements
895735 Square Feet [128985864.00 Square Inches]
7381 patches before subdivision
140325 patches after subdivision
368 direct lights
0...1...2...3...4...5...6...7...8...9...100...1...2...3...4...5...6...7...8...9...10transfers 9048273, max 489
transfer lists:  69.0 megs
0...1...2...3...4...5...6...7...8...9...10	Bounce #1 added RGB(65895, 66769, 54218)
0...1...2...3...4...5...6...7...8...9...10	Bounce #2 added RGB(9387, 9434, 7330)
Build Patch/Sample Hash Table(s).....Done<1.2718 sec>
0...1...2...3...4...5...6...7...8...9...10FinalLightFace Done
0 of 44 (0% of) surface lights went in leaf ambient cubes.
0...1...2...3...4...5...6...7...8...9...10Writing leaf ambient...done
Ready to Finish

Object names       Objects/Maxobjs  Memory / Maxmem  Fullness 
------------       ---------------  ---------------  -------- 
models                 182/1024         8736/49152    (17.8%) 
brushes               2040/8192        24480/98304    (24.9%) 
brushsides           16093/65536      128744/524288   (24.6%) 
planes                8838/65536      176760/1310720  (13.5%) 
vertexes             13601/65536      163212/786432   (20.8%) 
nodes                 4850/65536      155200/2097152  ( 7.4%) 
texinfos              2314/12288      166608/884736   (18.8%) 
texdata                241/2048         7712/65536    (11.8%) 
dispinfos              137/0           24112/0        ( 0.0%) 
disp_verts            4657/0           93140/0        ( 0.0%) 
disp_tris             6496/0           12992/0        ( 0.0%) 
disp_multiblend          0/0               0/0        ( 0.0%) 
disp_lmsamples      410372/0          410372/0        ( 0.0%) 
faces                 7381/65536      413336/3670016  (11.3%) 
hdr faces                0/65536           0/3670016  ( 0.0%) 
origfaces             4943/65536      276808/3670016  ( 7.5%) 
facebrushes            962/0            1924/0        ( 0.0%) 
facebrushlists        7381/0           29524/0        ( 0.0%) 
leaves                5033/65536      161056/2097152  ( 7.7%) 
leaffaces            10680/65536       21360/131072   (16.3%) 
leafbrushes           7163/65536       14326/131072   (10.9%) 
areas                   19/256           152/2048     ( 7.4%) 
surfedges            54564/512000     218256/2048000  (10.7%) 
edges                34181/256000     136724/1024000  (13.4%) 
LDR worldlights        368/8192        36800/819200   ( 4.5%) 
HDR worldlights          0/8192            0/819200   ( 0.0%) 
leafwaterdata            0/32768           0/393216   ( 0.0%) 
waterstrips            770/32768        7700/327680   ( 2.3%) 
waterverts               0/65536           0/786432   ( 0.0%) 
waterindices         13227/65536       26454/131072   (20.2%) 
cubemapsamples          64/1024         1024/16384    ( 6.3%) 
overlays               114/512         40128/180224   (22.3%) 
LDR lightdata         [variable]     8618588/0        ( 0.0%) 
HDR lightdata         [variable]           0/0        ( 0.0%) 
visdata               [variable]     1579352/16777216 ( 9.4%) 
entdata               [variable]      314699/393216   (80.0%) VERY FULL!
LDR ambient table     5033/65536       20132/262144   ( 7.7%) 
HDR ambient table     5033/65536       20132/262144   ( 7.7%) 
LDR leaf ambient     25305/65536      708540/1835008  (38.6%) 
HDR leaf ambient      5033/65536      140924/1835008  ( 7.7%) 
occluders                0/0               0/0        ( 0.0%) 
occluder polygons        0/0               0/0        ( 0.0%) 
occluder vert ind        0/0               0/0        ( 0.0%) 
detail props          [variable]           1/12       ( 8.3%) 
static props          [variable]           1/157700   ( 0.0%) 
pakfile               [variable]     4881833/0        ( 0.0%) 
physics               [variable]      835933/4194304  (19.9%) 
physics terrain       [variable]       31875/1048576  ( 3.0%) 

Level flags = 0

Total triangle count: 19573
Writing d:\steamlibrary\steamapps\common\portal 2\portal2_dlc3\maps\sp_a3_portal_intro.bsp
1 minute, 23 seconds elapsed



materialPath: D:\SteamLibrary\steamapps\common\Portal 2\portal2\materials
Loading d:\steamlibrary\steamapps\common\portal 2\portal2_dlc3\maps\sp_a3_portal_intro.vmf
ConVarRef gpu_level doesn't point to an existing ConVar
Material not found!: PROPS/CARPETFLOOR001A
Patching WVT material: maps/sp_a3_portal_intro/anim_wp/framework/blend_backpanels02_pipes_wvt_patch
Patching WVT material: maps/sp_a3_portal_intro/nature/blendrockdirt_tunnel03a_wvt_patch
fixing up env_cubemap materials on brush sides...
0...1...2...3...4...5...6...7...8...9...100...1...2...3...4...5...6...7...8...9...10Processing areas...done (0)
Building Faces...done (0)
Chop Details...done (0)
Find Visible Detail Sides...
Merged 396 detail faces...done (0)
Merging details...done (0)
FixTjuncs...
PruneNodes...
WriteBSP...
done (0)
writing d:\steamlibrary\steamapps\common\portal 2\portal2_dlc3\maps\sp_a3_portal_intro.prt...Building visibility clusters...
done (0)
Finding displacement neighbors...
Finding lightmap sample positions...
Displacement Alpha : 0...1...2...3...4...5...6...7...8...9...10
Building Physics collision data...
done (2) (837055 bytes)
Placing detail props : 0...1...2...3...4...5...6...7...8...9...10
Compacting texture/material tables...
Reduced 3822 texinfos to 2321
Reduced 253 texdatas to 242 (11692 bytes to 11248)
Writing d:\steamlibrary\steamapps\common\portal 2\portal2_dlc3\maps\sp_a3_portal_intro.bsp

nummapplanes:     (  8874 / 65536 )
nummapbrushes:    (  2042 /  8192 )
nummapbrushsides: ( 16925 / 65536 )
num_map_overlays: (   114 /   512 )
nummodels:        (   184 /  1024 )
num_entities:     (  1025 / 16384 )

34 seconds elapsed



12 threads
reading d:\steamlibrary\steamapps\common\portal 2\portal2_dlc3\maps\sp_a3_portal_intro.bsp
reading d:\steamlibrary\steamapps\common\portal 2\portal2_dlc3\maps\sp_a3_portal_intro.prt
2569 portalclusters
9318 numportals
0...1...2...3...4...5...6...7...8...9...10Optimized: 366645 visible clusters (0.00%)
Total clusters visible: 4939935
Average clusters visible: 1922
Building PAS...
Average clusters audible: 2508
visdatasize:1579352  compressed from 1685264
writing d:\steamlibrary\steamapps\common\portal 2\portal2_dlc3\maps\sp_a3_portal_intro.bsp
2 seconds elapsed



[Reading texlights from 'lights.rad']
[59 texlights parsed from 'lights.rad']

Loading d:\steamlibrary\steamapps\common\portal 2\portal2_dlc3\maps\sp_a3_portal_intro.bsp
7393 faces
20069512 square feet [2890009600.00 square inches]
137 Displacements
895735 Square Feet [128985864.00 Square Inches]
7393 patches before subdivision
140337 patches after subdivision
368 direct lights
0...1...2...3...4...5...6...7...8...9...100...1...2...3...4...5...6...7...8...9...10transfers 9048273, max 489
transfer lists:  69.0 megs
0...1...2...3...4...5...6...7...8...9...10	Bounce #1 added RGB(65895, 66769, 54218)
0...1...2...3...4...5...6...7...8...9...10	Bounce #2 added RGB(9388, 9435, 7330)
Build Patch/Sample Hash Table(s).....Done<1.2582 sec>
0...1...2...3...4...5...6...7...8...9...10FinalLightFace Done
0 of 44 (0% of) surface lights went in leaf ambient cubes.
0...1...2...3...4...5...6...7...8...9...10Writing leaf ambient...done
Ready to Finish

Object names       Objects/Maxobjs  Memory / Maxmem  Fullness 
------------       ---------------  ---------------  -------- 
models                 184/1024         8832/49152    (18.0%) 
brushes               2042/8192        24504/98304    (24.9%) 
brushsides           16105/65536      128840/524288   (24.6%) 
planes                8874/65536      177480/1310720  (13.5%) 
vertexes             13617/65536      163404/786432   (20.8%) 
nodes                 4862/65536      155584/2097152  ( 7.4%) 
texinfos              2321/12288      167112/884736   (18.9%) 
texdata                242/2048         7744/65536    (11.8%) 
dispinfos              137/0           24112/0        ( 0.0%) 
disp_verts            4657/0           93140/0        ( 0.0%) 
disp_tris             6496/0           12992/0        ( 0.0%) 
disp_multiblend          0/0               0/0        ( 0.0%) 
disp_lmsamples      410372/0          410372/0        ( 0.0%) 
faces                 7393/65536      414008/3670016  (11.3%) 
hdr faces                0/65536           0/3670016  ( 0.0%) 
origfaces             4955/65536      277480/3670016  ( 7.6%) 
facebrushes            962/0            1924/0        ( 0.0%) 
facebrushlists        7393/0           29572/0        ( 0.0%) 
leaves                5047/65536      161504/2097152  ( 7.7%) 
leaffaces            10692/65536       21384/131072   (16.3%) 
leafbrushes           7165/65536       14330/131072   (10.9%) 
areas                   19/256           152/2048     ( 7.4%) 
surfedges            54660/512000     218640/2048000  (10.7%) 
edges                34229/256000     136916/1024000  (13.4%) 
LDR worldlights        368/8192        36800/819200   ( 4.5%) 
HDR worldlights          0/8192            0/819200   ( 0.0%) 
leafwaterdata            0/32768           0/393216   ( 0.0%) 
waterstrips            770/32768        7700/327680   ( 2.3%) 
waterverts               0/65536           0/786432   ( 0.0%) 
waterindices         13227/65536       26454/131072   (20.2%) 
cubemapsamples          64/1024         1024/16384    ( 6.3%) 
overlays               114/512         40128/180224   (22.3%) 
LDR lightdata         [variable]     8618588/0        ( 0.0%) 
HDR lightdata         [variable]           0/0        ( 0.0%) 
visdata               [variable]     1579352/16777216 ( 9.4%) 
entdata               [variable]      316043/393216   (80.4%) VERY FULL!
LDR ambient table     5047/65536       20188/262144   ( 7.7%) 
HDR ambient table     5047/65536       20188/262144   ( 7.7%) 
LDR leaf ambient     25317/65536      708876/1835008  (38.6%) 
HDR leaf ambient      5047/65536      141316/1835008  ( 7.7%) 
occluders                0/0               0/0        ( 0.0%) 
occluder polygons        0/0               0/0        ( 0.0%) 
occluder vert ind        0/0               0/0        ( 0.0%) 
detail props          [variable]           1/12       ( 8.3%) 
static props          [variable]           1/157700   ( 0.0%) 
pakfile               [variable]     4881833/0        ( 0.0%) 
physics               [variable]      837055/4194304  (20.0%) 
physics terrain       [variable]       31875/1048576  ( 3.0%) 

Level flags = 0

Total triangle count: 19597
Writing d:\steamlibrary\steamapps\common\portal 2\portal2_dlc3\maps\sp_a3_portal_intro.bsp
1 minute, 23 seconds elapsed



materialPath: D:\SteamLibrary\steamapps\common\Portal 2\portal2\materials
Loading d:\steamlibrary\steamapps\common\portal 2\portal2_dlc3\maps\sp_a3_portal_intro.vmf
ConVarRef gpu_level doesn't point to an existing ConVar
Material not found!: PROPS/CARPETFLOOR001A
Patching WVT material: maps/sp_a3_portal_intro/anim_wp/framework/blend_backpanels02_pipes_wvt_patch
Patching WVT material: maps/sp_a3_portal_intro/nature/blendrockdirt_tunnel03a_wvt_patch
fixing up env_cubemap materials on brush sides...
0...1...2...3...4...5...6...7...8...9...100...1...2...3...4...5...6...7...8...9...10Processing areas...done (0)
Building Faces...done (0)
Chop Details...done (0)
Find Visible Detail Sides...
Merged 396 detail faces...done (0)
Merging details...done (0)
FixTjuncs...
PruneNodes...
WriteBSP...
done (0)
writing d:\steamlibrary\steamapps\common\portal 2\portal2_dlc3\maps\sp_a3_portal_intro.prt...Building visibility clusters...
done (0)
Finding displacement neighbors...
Finding lightmap sample positions...
Displacement Alpha : 0...1...2...3...4...5...6...7...8...9...10
Building Physics collision data...
done (2) (836500 bytes)
Placing detail props : 0...1...2...3...4...5...6...7...8...9...10
Compacting texture/material tables...
Reduced 3817 texinfos to 2318
Reduced 253 texdatas to 242 (11692 bytes to 11248)
Writing d:\steamlibrary\steamapps\common\portal 2\portal2_dlc3\maps\sp_a3_portal_intro.bsp

nummapplanes:     (  8868 / 65536 )
nummapbrushes:    (  2041 /  8192 )
nummapbrushsides: ( 16919 / 65536 )
num_map_overlays: (   114 /   512 )
nummodels:        (   183 /  1024 )
num_entities:     (  1021 / 16384 )

35 seconds elapsed



12 threads
reading d:\steamlibrary\steamapps\common\portal 2\portal2_dlc3\maps\sp_a3_portal_intro.bsp
reading d:\steamlibrary\steamapps\common\portal 2\portal2_dlc3\maps\sp_a3_portal_intro.prt
2569 portalclusters
9318 numportals
0...1...2...3...4...5...6...7...8...9...10Optimized: 366645 visible clusters (0.00%)
Total clusters visible: 4939935
Average clusters visible: 1922
Building PAS...
Average clusters audible: 2508
visdatasize:1579352  compressed from 1685264
writing d:\steamlibrary\steamapps\common\portal 2\portal2_dlc3\maps\sp_a3_portal_intro.bsp
2 seconds elapsed



[Reading texlights from 'lights.rad']
[59 texlights parsed from 'lights.rad']

Loading d:\steamlibrary\steamapps\common\portal 2\portal2_dlc3\maps\sp_a3_portal_intro.bsp
7387 faces
20067676 square feet [2889745408.00 square inches]
137 Displacements
895735 Square Feet [128985864.00 Square Inches]
7387 patches before subdivision
140331 patches after subdivision
368 direct lights
0...1...2...3...4...5...6...7...8...9...100...1...2...3...4...5...6...7...8...9...10transfers 9047922, max 489
transfer lists:  69.0 megs
0...1...2...3...4...5...6...7...8...9...10	Bounce #1 added RGB(65880, 66755, 54211)
0...1...2...3...4...5...6...7...8...9...10	Bounce #2 added RGB(9385, 9433, 7329)
Build Patch/Sample Hash Table(s).....Done<1.2793 sec>
0...1...2...3...4...5...6...7...8...9...10FinalLightFace Done
0 of 44 (0% of) surface lights went in leaf ambient cubes.
0...1...2...3...4...5...6...7...8...9...10Writing leaf ambient...done
Ready to Finish

Object names       Objects/Maxobjs  Memory / Maxmem  Fullness 
------------       ---------------  ---------------  -------- 
models                 183/1024         8784/49152    (17.9%) 
brushes               2041/8192        24492/98304    (24.9%) 
brushsides           16099/65536      128792/524288   (24.6%) 
planes                8868/65536      177360/1310720  (13.5%) 
vertexes             13609/65536      163308/786432   (20.8%) 
nodes                 4856/65536      155392/2097152  ( 7.4%) 
texinfos              2318/12288      166896/884736   (18.9%) 
texdata                242/2048         7744/65536    (11.8%) 
dispinfos              137/0           24112/0        ( 0.0%) 
disp_verts            4657/0           93140/0        ( 0.0%) 
disp_tris             6496/0           12992/0        ( 0.0%) 
disp_multiblend          0/0               0/0        ( 0.0%) 
disp_lmsamples      410372/0          410372/0        ( 0.0%) 
faces                 7387/65536      413672/3670016  (11.3%) 
hdr faces                0/65536           0/3670016  ( 0.0%) 
origfaces             4949/65536      277144/3670016  ( 7.6%) 
facebrushes            962/0            1924/0        ( 0.0%) 
facebrushlists        7387/0           29548/0        ( 0.0%) 
leaves                5040/65536      161280/2097152  ( 7.7%) 
leaffaces            10686/65536       21372/131072   (16.3%) 
leafbrushes           7164/65536       14328/131072   (10.9%) 
areas                   19/256           152/2048     ( 7.4%) 
surfedges            54612/512000     218448/2048000  (10.7%) 
edges                34205/256000     136820/1024000  (13.4%) 
LDR worldlights        368/8192        36800/819200   ( 4.5%) 
HDR worldlights          0/8192            0/819200   ( 0.0%) 
leafwaterdata            0/32768           0/393216   ( 0.0%) 
waterstrips            770/32768        7700/327680   ( 2.3%) 
waterverts               0/65536           0/786432   ( 0.0%) 
waterindices         13227/65536       26454/131072   (20.2%) 
cubemapsamples          64/1024         1024/16384    ( 6.3%) 
overlays               114/512         40128/180224   (22.3%) 
LDR lightdata         [variable]     8618588/0        ( 0.0%) 
HDR lightdata         [variable]           0/0        ( 0.0%) 
visdata               [variable]     1579352/16777216 ( 9.4%) 
entdata               [variable]      313674/393216   (79.8%) 
LDR ambient table     5040/65536       20160/262144   ( 7.7%) 
HDR ambient table     5040/65536       20160/262144   ( 7.7%) 
LDR leaf ambient     25311/65536      708708/1835008  (38.6%) 
HDR leaf ambient      5040/65536      141120/1835008  ( 7.7%) 
occluders                0/0               0/0        ( 0.0%) 
occluder polygons        0/0               0/0        ( 0.0%) 
occluder vert ind        0/0               0/0        ( 0.0%) 
detail props          [variable]           1/12       ( 8.3%) 
static props          [variable]           1/157700   ( 0.0%) 
pakfile               [variable]     4881833/0        ( 0.0%) 
physics               [variable]      836500/4194304  (19.9%) 
physics terrain       [variable]       31875/1048576  ( 3.0%) 

Level flags = 0

Total triangle count: 19585
Writing d:\steamlibrary\steamapps\common\portal 2\portal2_dlc3\maps\sp_a3_portal_intro.bsp
1 minute, 23 seconds elapsed



materialPath: D:\SteamLibrary\steamapps\common\Portal 2\portal2\materials
Loading d:\steamlibrary\steamapps\common\portal 2\portal2_dlc3\maps\sp_a3_portal_intro.vmf
ConVarRef gpu_level doesn't point to an existing ConVar
Material not found!: PROPS/CARPETFLOOR001A
Patching WVT material: maps/sp_a3_portal_intro/anim_wp/framework/blend_backpanels02_pipes_wvt_patch
Patching WVT material: maps/sp_a3_portal_intro/nature/blendrockdirt_tunnel03a_wvt_patch
fixing up env_cubemap materials on brush sides...
0...1...2...3...4...5...6...7...8...9...100...1...2...3...4...5...6...7...8...9...10Processing areas...done (0)
Building Faces...done (0)
Chop Details...done (0)
Find Visible Detail Sides...
Merged 396 detail faces...done (0)
Merging details...done (0)
FixTjuncs...
PruneNodes...
WriteBSP...
done (0)
writing d:\steamlibrary\steamapps\common\portal 2\portal2_dlc3\maps\sp_a3_portal_intro.prt...Building visibility clusters...
done (1)
Finding displacement neighbors...
Finding lightmap sample positions...
Displacement Alpha : 0...1...2...3...4...5...6...7...8...9...10
Building Physics collision data...
done (2) (835943 bytes)
Placing detail props : 0...1...2...3...4...5...6...7...8...9...10
Compacting texture/material tables...
Reduced 3811 texinfos to 2317
Reduced 253 texdatas to 242 (11692 bytes to 11248)
Writing d:\steamlibrary\steamapps\common\portal 2\portal2_dlc3\maps\sp_a3_portal_intro.bsp

nummapplanes:     (  8854 / 65536 )
nummapbrushes:    (  2039 /  8192 )
nummapbrushsides: ( 16907 / 65536 )
num_map_overlays: (   114 /   512 )
nummodels:        (   182 /  1024 )
num_entities:     (  1020 / 16384 )

40 seconds elapsed



12 threads
reading d:\steamlibrary\steamapps\common\portal 2\portal2_dlc3\maps\sp_a3_portal_intro.bsp
reading d:\steamlibrary\steamapps\common\portal 2\portal2_dlc3\maps\sp_a3_portal_intro.prt
2435 portalclusters
8925 numportals
0...1...2...3...4...5...6...7...8...9...10Optimized: 335408 visible clusters (0.00%)
Total clusters visible: 4386134
Average clusters visible: 1801
Building PAS...
Average clusters audible: 2373
visdatasize:1413931  compressed from 1519440
writing d:\steamlibrary\steamapps\common\portal 2\portal2_dlc3\maps\sp_a3_portal_intro.bsp
2 seconds elapsed



[Reading texlights from 'lights.rad']
[59 texlights parsed from 'lights.rad']

Loading d:\steamlibrary\steamapps\common\portal 2\portal2_dlc3\maps\sp_a3_portal_intro.bsp
7360 faces
19867144 square feet [2860868608.00 square inches]
137 Displacements
895735 Square Feet [128985864.00 Square Inches]
7360 patches before subdivision
140426 patches after subdivision
368 direct lights
0...1...2...3...4...5...6...7...8...9...100...1...2...3...4...5...6...7...8...9...10transfers 9034576, max 489
transfer lists:  68.9 megs
0...1...2...3...4...5...6...7...8...9...10	Bounce #1 added RGB(65887, 66761, 54213)
0...1...2...3...4...5...6...7...8...9...10	Bounce #2 added RGB(9385, 9432, 7329)
Build Patch/Sample Hash Table(s).....Done<1.4275 sec>
0...1...2...3...4...5...6...7...8...9...10FinalLightFace Done
0 of 44 (0% of) surface lights went in leaf ambient cubes.
0...1...2...3...4...5...6...7...8...9...10Writing leaf ambient...done
Ready to Finish

Object names       Objects/Maxobjs  Memory / Maxmem  Fullness 
------------       ---------------  ---------------  -------- 
models                 182/1024         8736/49152    (17.8%) 
brushes               2039/8192        24468/98304    (24.9%) 
brushsides           16087/65536      128696/524288   (24.5%) 
planes                8854/65536      177080/1310720  (13.5%) 
vertexes             13531/65536      162372/786432   (20.6%) 
nodes                 4716/65536      150912/2097152  ( 7.2%) 
texinfos              2317/12288      166824/884736   (18.9%) 
texdata                242/2048         7744/65536    (11.8%) 
dispinfos              137/0           24112/0        ( 0.0%) 
disp_verts            4657/0           93140/0        ( 0.0%) 
disp_tris             6496/0           12992/0        ( 0.0%) 
disp_multiblend          0/0               0/0        ( 0.0%) 
disp_lmsamples      410372/0          410372/0        ( 0.0%) 
faces                 7360/65536      412160/3670016  (11.2%) 
hdr faces                0/65536           0/3670016  ( 0.0%) 
origfaces             4948/65536      277088/3670016  ( 7.6%) 
facebrushes            954/0            1908/0        ( 0.0%) 
facebrushlists        7360/0           29440/0        ( 0.0%) 
leaves                4899/65536      156768/2097152  ( 7.5%) 
leaffaces            10604/65536       21208/131072   (16.2%) 
leafbrushes           7034/65536       14068/131072   (10.7%) 
areas                   18/256           144/2048     ( 7.0%) 
surfedges            54497/512000     217988/2048000  (10.6%) 
edges                34115/256000     136460/1024000  (13.3%) 
LDR worldlights        368/8192        36800/819200   ( 4.5%) 
HDR worldlights          0/8192            0/819200   ( 0.0%) 
leafwaterdata            0/32768           0/393216   ( 0.0%) 
waterstrips            768/32768        7680/327680   ( 2.3%) 
waterverts               0/65536           0/786432   ( 0.0%) 
waterindices         13206/65536       26412/131072   (20.2%) 
cubemapsamples          64/1024         1024/16384    ( 6.3%) 
overlays               114/512         40128/180224   (22.3%) 
LDR lightdata         [variable]     8601264/0        ( 0.0%) 
HDR lightdata         [variable]           0/0        ( 0.0%) 
visdata               [variable]     1413931/16777216 ( 8.4%) 
entdata               [variable]      313140/393216   (79.6%) 
LDR ambient table     4899/65536       19596/262144   ( 7.5%) 
HDR ambient table     4899/65536       19596/262144   ( 7.5%) 
LDR leaf ambient     23909/65536      669452/1835008  (36.5%) 
HDR leaf ambient      4899/65536      137172/1835008  ( 7.5%) 
occluders                0/0               0/0        ( 0.0%) 
occluder polygons        0/0               0/0        ( 0.0%) 
occluder vert ind        0/0               0/0        ( 0.0%) 
detail props          [variable]           1/12       ( 8.3%) 
static props          [variable]           1/157154   ( 0.0%) 
pakfile               [variable]     4881833/0        ( 0.0%) 
physics               [variable]      835943/4194304  (19.9%) 
physics terrain       [variable]       31875/1048576  ( 3.0%) 

Level flags = 0

Total triangle count: 19528
Writing d:\steamlibrary\steamapps\common\portal 2\portal2_dlc3\maps\sp_a3_portal_intro.bsp
1 minute, 29 seconds elapsed



Using shader api: shaderapiempty.dll
materialPath: D:\SteamLibrary\steamapps\common\Portal 2\portal2\materials
Loading d:\steamlibrary\steamapps\common\portal 2\portal2_dlc3\maps\sp_a3_portal_intro.vmf
ConVarRef gpu_level doesn't point to an existing ConVar
Material not found!: PROPS/CARPETFLOOR001A
Patching WVT material: maps/sp_a3_portal_intro/anim_wp/framework/blend_backpanels02_pipes_wvt_patch
Patching WVT material: maps/sp_a3_portal_intro/nature/blendrockdirt_tunnel03a_wvt_patch
fixing up env_cubemap materials on brush sides...
0...1...2...3...4...5...6...7...8...9...100...1...2...3...4...5...6...7...8...9...10Processing areas...Wrote d:\steamlibrary\steamapps\common\portal 2\portal2_dlc3\maps\sp_a3_portal_intro.lin
Areaportal leak ! File: d:\steamlibrary\steamapps\common\portal 2\portal2_dlc3\maps\sp_a3_portal_intro.lin 
Brush 8635: areaportal brush doesn't touch two areas

Brush 8635: areaportal brush doesn't touch two areas
done (0)
Building Faces...done (0)
Chop Details...done (0)
Find Visible Detail Sides...
Merged 396 detail faces...done (0)
Merging details...done (0)
FixTjuncs...
PruneNodes...
WriteBSP...
done (0)
writing d:\steamlibrary\steamapps\common\portal 2\portal2_dlc3\maps\sp_a3_portal_intro.prt...Building visibility clusters...
done (0)
Finding displacement neighbors...
Finding lightmap sample positions...
Displacement Alpha : 0...1...2...3...4...5...6...7...8...9...10
Building Physics collision data...
done (2) (834235 bytes)
Placing detail props : 0...1...2...3...4...5...6...7...8...9...10
Compacting texture/material tables...
Reduced 3769 texinfos to 2316
Reduced 253 texdatas to 242 (11692 bytes to 11248)
Writing d:\steamlibrary\steamapps\common\portal 2\portal2_dlc3\maps\sp_a3_portal_intro.bsp

nummapplanes:     (  8720 / 65536 )
nummapbrushes:    (  2037 /  8192 )
nummapbrushsides: ( 16844 / 65536 )
num_map_overlays: (   114 /   512 )
nummodels:        (   181 /  1024 )
num_entities:     (  1018 / 16384 )

34 seconds elapsed



12 threads
reading d:\steamlibrary\steamapps\common\portal 2\portal2_dlc3\maps\sp_a3_portal_intro.bsp
reading d:\steamlibrary\steamapps\common\portal 2\portal2_dlc3\maps\sp_a3_portal_intro.prt
2334 portalclusters
8643 numportals
0...1...2...3...4...5...6...7...8...9...10Optimized: 305314 visible clusters (0.00%)
Total clusters visible: 4030989
Average clusters visible: 1727
Building PAS...
Average clusters audible: 2275
visdatasize:1293079  compressed from 1381728
writing d:\steamlibrary\steamapps\common\portal 2\portal2_dlc3\maps\sp_a3_portal_intro.bsp
1 second elapsed



[Reading texlights from 'lights.rad']
[59 texlights parsed from 'lights.rad']

Loading d:\steamlibrary\steamapps\common\portal 2\portal2_dlc3\maps\sp_a3_portal_intro.bsp
Loaded alpha texture materials\Metal\metalgrate018.vtf
Loaded alpha texture materials\metal\underground_metalgrate002a.vtf
Loaded alpha texture materials\metal\underground_metalgrate001b_mip0.vtf
Loaded alpha texture materials\metal\underground_metalgrate003a.vtf
Loaded alpha texture materials\Tools\toolsinvisible.vtf
Loaded alpha texture materials\metal\underground_metalgrate001a_mip0.vtf
Loaded alpha texture materials\Metal\backstage_grate_001a.vtf
Loaded alpha texture materials\metal\underground_metalgrate001a_mip0.vtf
7328 faces
19775012 square feet [2847601664.00 square inches]
137 Displacements
895735 Square Feet [128985864.00 Square Inches]
7328 patches before subdivision
140146 patches after subdivision
368 direct lights
0...1...2...3...4...5...6...7...8...9...100...1...2...3...4...5...6...7...8...9...10transfers 10163802, max 490
transfer lists:  77.5 megs
0...1...2...3...4...5...6...7...8...9...10	Bounce #1 added RGB(71701, 73002, 60701)
0...1...2...3...4...5...6...7...8...9...10	Bounce #2 added RGB(10292, 10348, 8183)
0...1...2...3...4...5...6...7...8...9...10	Bounce #3 added RGB(1959, 1921, 1449)
0...1...2...3...4...5...6...7...8...9...10	Bounce #4 added RGB(398, 386, 282)
0...1...2...3...4...5...6...7...8...9...10	Bounce #5 added RGB(89, 84, 59)
0...1...2...3...4...5...6...7...8...9...10	Bounce #6 added RGB(21, 19, 13)
0...1...2...3...4...5...6...7...8...9...10	Bounce #7 added RGB(5, 5, 3)
0...1...2...3...4...5...6...7...8...9...10	Bounce #8 added RGB(1, 1, 1)
0...1...2...3...4...5...6...7...8...9...10	Bounce #9 added RGB(0, 0, 0)
Build Patch/Sample Hash Table(s).....Done<1.2757 sec>
0...1...2...3...4...5...6...7...8...9...10FinalLightFace Done
0 of 44 (0% of) surface lights went in leaf ambient cubes.
0...1...2...3...4...5...6...7...8...9...10Writing leaf ambient...done
Computing static prop lighting : 00...1...2...3...4...5...6...7...8...9...10
Ready to Finish

Object names       Objects/Maxobjs  Memory / Maxmem  Fullness 
------------       ---------------  ---------------  -------- 
models                 181/1024         8688/49152    (17.7%) 
brushes               2037/8192        24444/98304    (24.9%) 
brushsides           16024/65536      128192/524288   (24.5%) 
planes                8720/65536      174400/1310720  (13.3%) 
vertexes             13421/65536      161052/786432   (20.5%) 
nodes                 4602/65536      147264/2097152  ( 7.0%) 
texinfos              2316/12288      166752/884736   (18.8%) 
texdata                242/2048         7744/65536    (11.8%) 
dispinfos              137/0           24112/0        ( 0.0%) 
disp_verts            4657/0           93140/0        ( 0.0%) 
disp_tris             6496/0           12992/0        ( 0.0%) 
disp_multiblend          0/0               0/0        ( 0.0%) 
disp_lmsamples      410372/0          410372/0        ( 0.0%) 
faces                 7328/65536      410368/3670016  (11.2%) 
hdr faces                0/65536           0/3670016  ( 0.0%) 
origfaces             4946/65536      276976/3670016  ( 7.5%) 
facebrushes            953/0            1906/0        ( 0.0%) 
facebrushlists        7328/0           29312/0        ( 0.0%) 
leaves                4784/65536      153088/2097152  ( 7.3%) 
leaffaces            10493/65536       20986/131072   (16.0%) 
leafbrushes           6766/65536       13532/131072   (10.3%) 
areas                   17/256           136/2048     ( 6.6%) 
surfedges            54313/512000     217252/2048000  (10.6%) 
edges                33940/256000     135760/1024000  (13.3%) 
LDR worldlights        368/8192        36800/819200   ( 4.5%) 
HDR worldlights          0/8192            0/819200   ( 0.0%) 
leafwaterdata            0/32768           0/393216   ( 0.0%) 
waterstrips            766/32768        7660/327680   ( 2.3%) 
waterverts               0/65536           0/786432   ( 0.0%) 
waterindices         13176/65536       26352/131072   (20.1%) 
cubemapsamples          64/1024         1024/16384    ( 6.3%) 
overlays               114/512         40128/180224   (22.3%) 
LDR lightdata         [variable]     8598832/0        ( 0.0%) 
HDR lightdata         [variable]           0/0        ( 0.0%) 
visdata               [variable]     1293079/16777216 ( 7.7%) 
entdata               [variable]      312556/393216   (79.5%) 
LDR ambient table     4784/65536       19136/262144   ( 7.3%) 
HDR ambient table     4784/65536       19136/262144   ( 7.3%) 
LDR leaf ambient     23843/65536      667604/1835008  (36.4%) 
HDR leaf ambient      4784/65536      133952/1835008  ( 7.3%) 
occluders                0/0               0/0        ( 0.0%) 
occluder polygons        0/0               0/0        ( 0.0%) 
occluder vert ind        0/0               0/0        ( 0.0%) 
detail props          [variable]           1/12       ( 8.3%) 
static props          [variable]           1/156324   ( 0.0%) 
pakfile               [variable]    13779881/0        ( 0.0%) 
physics               [variable]      834235/4194304  (19.9%) 
physics terrain       [variable]       31875/1048576  ( 3.0%) 

Level flags = 1

Total triangle count: 19440
Writing d:\steamlibrary\steamapps\common\portal 2\portal2_dlc3\maps\sp_a3_portal_intro.bsp
17 minutes, 9 seconds elapsed



[Reading texlights from 'lights.rad']
[59 texlights parsed from 'lights.rad']

Loading d:\steamlibrary\steamapps\common\portal 2\portal2_dlc3\maps\sp_a3_portal_intro.bsp
Loaded alpha texture materials\Metal\metalgrate018.vtf
Loaded alpha texture materials\metal\underground_metalgrate002a.vtf
Loaded alpha texture materials\metal\underground_metalgrate001b_mip0.vtf
Loaded alpha texture materials\metal\underground_metalgrate003a.vtf
Loaded alpha texture materials\Tools\toolsinvisible.vtf
Loaded alpha texture materials\metal\underground_metalgrate001a_mip0.vtf
Loaded alpha texture materials\Metal\backstage_grate_001a.vtf
Loaded alpha texture materials\metal\underground_metalgrate001a_mip0.vtf
7328 faces
19775012 square feet [2847601664.00 square inches]
137 Displacements
895735 Square Feet [128985864.00 Square Inches]
7328 patches before subdivision
140146 patches after subdivision
368 direct lights
0...1...2...3...4...5...6...7...8...9...100...1...2...3...4...5...6...7...8...9...10transfers 10163802, max 490
transfer lists:  77.5 megs
0...1...2...3...4...5...6...7...8...9...10	Bounce #1 added RGB(71702, 73003, 60701)
0...1...2...3...4...5...6...7...8...9...10	Bounce #2 added RGB(10292, 10348, 8183)
0...1...2...3...4...5...6...7...8...9...10	Bounce #3 added RGB(1959, 1921, 1449)
0...1...2...3...4...5...6...7...8...9...10	Bounce #4 added RGB(398, 386, 282)
0...1...2...3...4...5...6...7...8...9...10	Bounce #5 added RGB(89, 84, 59)
0...1...2...3...4...5...6...7...8...9...10	Bounce #6 added RGB(21, 19, 13)
0...1...2...3...4...5...6...7...8...9...10	Bounce #7 added RGB(5, 5, 3)
0...1...2...3...4...5...6...7...8...9...10	Bounce #8 added RGB(1, 1, 1)
0...1...2...3...4...5...6...7...8...9...10	Bounce #9 added RGB(0, 0, 0)
Build Patch/Sample Hash Table(s).....Done<1.2582 sec>
0...1...2...3...4...5...6...7...8...9...10FinalLightFace Done
0 of 44 (0% of) surface lights went in leaf ambient cubes.
0...1...2...3...4...5...6...7...8...9...10Writing leaf ambient...done
Computing static prop lighting : 00...1...2...3...4...5...6...7...8...9...10
Ready to Finish

Object names       Objects/Maxobjs  Memory / Maxmem  Fullness 
------------       ---------------  ---------------  -------- 
models                 181/1024         8688/49152    (17.7%) 
brushes               2037/8192        24444/98304    (24.9%) 
brushsides           16024/65536      128192/524288   (24.5%) 
planes                8720/65536      174400/1310720  (13.3%) 
vertexes             13421/65536      161052/786432   (20.5%) 
nodes                 4602/65536      147264/2097152  ( 7.0%) 
texinfos              2316/12288      166752/884736   (18.8%) 
texdata                242/2048         7744/65536    (11.8%) 
dispinfos              137/0           24112/0        ( 0.0%) 
disp_verts            4657/0           93140/0        ( 0.0%) 
disp_tris             6496/0           12992/0        ( 0.0%) 
disp_multiblend          0/0               0/0        ( 0.0%) 
disp_lmsamples      410372/0          410372/0        ( 0.0%) 
faces                 7328/65536      410368/3670016  (11.2%) 
hdr faces             7328/65536      410368/3670016  (11.2%) 
origfaces             4946/65536      276976/3670016  ( 7.5%) 
facebrushes            953/0            1906/0        ( 0.0%) 
facebrushlists        7328/0           29312/0        ( 0.0%) 
leaves                4784/65536      153088/2097152  ( 7.3%) 
leaffaces            10493/65536       20986/131072   (16.0%) 
leafbrushes           6766/65536       13532/131072   (10.3%) 
areas                   17/256           136/2048     ( 6.6%) 
surfedges            54313/512000     217252/2048000  (10.6%) 
edges                33940/256000     135760/1024000  (13.3%) 
LDR worldlights        368/8192        36800/819200   ( 4.5%) 
HDR worldlights        368/8192        36800/819200   ( 4.5%) 
leafwaterdata            0/32768           0/393216   ( 0.0%) 
waterstrips            766/32768        7660/327680   ( 2.3%) 
waterverts               0/65536           0/786432   ( 0.0%) 
waterindices         13176/65536       26352/131072   (20.1%) 
cubemapsamples          64/1024         1024/16384    ( 6.3%) 
overlays               114/512         40128/180224   (22.3%) 
LDR lightdata         [variable]     8598832/0        ( 0.0%) 
HDR lightdata         [variable]     8598832/0        ( 0.0%) 
visdata               [variable]     1293079/16777216 ( 7.7%) 
entdata               [variable]      312556/393216   (79.5%) 
LDR ambient table     4784/65536       19136/262144   ( 7.3%) 
HDR ambient table     4784/65536       19136/262144   ( 7.3%) 
LDR leaf ambient     23843/65536      667604/1835008  (36.4%) 
HDR leaf ambient     23845/65536      667660/1835008  (36.4%) 
occluders                0/0               0/0        ( 0.0%) 
occluder polygons        0/0               0/0        ( 0.0%) 
occluder vert ind        0/0               0/0        ( 0.0%) 
detail props          [variable]           1/12       ( 8.3%) 
static props          [variable]           1/156324   ( 0.0%) 
pakfile               [variable]    22690649/0        ( 0.0%) 
physics               [variable]      834235/4194304  (19.9%) 
physics terrain       [variable]       31875/1048576  ( 3.0%) 

Level flags = 3

Total triangle count: 19440
Writing d:\steamlibrary\steamapps\common\portal 2\portal2_dlc3\maps\sp_a3_portal_intro.bsp
44 minutes, 20 seconds elapsed



Using shader api: shaderapiempty.dll
materialPath: D:\SteamLibrary\steamapps\common\Portal 2\portal2\materials
Loading d:\steamlibrary\steamapps\common\portal 2\portal2_dlc3\maps\sp_a3_portal_intro.vmf
ConVarRef gpu_level doesn't point to an existing ConVar
Material not found!: PROPS/CARPETFLOOR001A
Patching WVT material: maps/sp_a3_portal_intro/anim_wp/framework/blend_backpanels02_pipes_wvt_patch
Patching WVT material: maps/sp_a3_portal_intro/nature/blendrockdirt_tunnel03a_wvt_patch
fixing up env_cubemap materials on brush sides...
0...1...2...3...4...5...6...7...8...9...100...1...2...3...4...5...6...7...8...9...10Processing areas...done (0)
Building Faces...done (0)
Chop Details...done (0)
Find Visible Detail Sides...
Merged 396 detail faces...done (0)
Merging details...done (0)
FixTjuncs...
PruneNodes...
WriteBSP...
done (0)
writing d:\steamlibrary\steamapps\common\portal 2\portal2_dlc3\maps\sp_a3_portal_intro.prt...Building visibility clusters...
done (0)
Finding displacement neighbors...
Finding lightmap sample positions...
Displacement Alpha : 0...1...2...3...4...5...6...7...8...9...10
Building Physics collision data...
done (2) (834235 bytes)
Placing detail props : 0...1...2...3...4...5...6...7...8...9...10
Compacting texture/material tables...
Reduced 3744 texinfos to 2315
Reduced 252 texdatas to 241 (11670 bytes to 11226)
Writing d:\steamlibrary\steamapps\common\portal 2\portal2_dlc3\maps\sp_a3_portal_intro.bsp

nummapplanes:     (  8676 / 65536 )
nummapbrushes:    (  2014 /  8192 )
nummapbrushsides: ( 16685 / 65536 )
num_map_overlays: (   114 /   512 )
nummodels:        (   181 /  1024 )
num_entities:     (   995 / 16384 )

34 seconds elapsed



12 threads
reading d:\steamlibrary\steamapps\common\portal 2\portal2_dlc3\maps\sp_a3_portal_intro.bsp
reading d:\steamlibrary\steamapps\common\portal 2\portal2_dlc3\maps\sp_a3_portal_intro.prt
2224 portalclusters
8393 numportals
0...1...2...3...4...5...6...7...8...9...10Optimized: 219884 visible clusters (0.00%)
Total clusters visible: 3746057
Average clusters visible: 1684
Building PAS...
Average clusters audible: 2187
visdatasize:1185527  compressed from 1245440
writing d:\steamlibrary\steamapps\common\portal 2\portal2_dlc3\maps\sp_a3_portal_intro.bsp
1 second elapsed



[Reading texlights from 'lights.rad']
[59 texlights parsed from 'lights.rad']

Loading d:\steamlibrary\steamapps\common\portal 2\portal2_dlc3\maps\sp_a3_portal_intro.bsp
Loaded alpha texture materials\Metal\metalgrate018.vtf
Loaded alpha texture materials\metal\underground_metalgrate002a.vtf
Loaded alpha texture materials\metal\underground_metalgrate001b_mip0.vtf
Loaded alpha texture materials\metal\underground_metalgrate003a.vtf
Loaded alpha texture materials\Tools\toolsinvisible.vtf
Loaded alpha texture materials\metal\underground_metalgrate001a_mip0.vtf
Loaded alpha texture materials\Metal\backstage_grate_001a.vtf
Loaded alpha texture materials\metal\underground_metalgrate001a_mip0.vtf
7258 faces
19775008 square feet [2847601152.00 square inches]
137 Displacements
895735 Square Feet [128985864.00 Square Inches]
7258 patches before subdivision
138990 patches after subdivision
368 direct lights
0...1...2...3...4...5...6...7...8...9...100...1...2...3...4...5...6...7...8...9...10transfers 10063016, max 488
transfer lists:  76.8 megs
0...1...2...3...4...5...6...7...8...9...10	Bounce #1 added RGB(71178, 72332, 60053)
0...1...2...3...4...5...6...7...8...9...10	Bounce #2 added RGB(10211, 10231, 8070)
0...1...2...3...4...5...6...7...8...9...10	Bounce #3 added RGB(1944, 1900, 1429)
0...1...2...3...4...5...6...7...8...9...10	Bounce #4 added RGB(395, 382, 277)
0...1...2...3...4...5...6...7...8...9...10	Bounce #5 added RGB(89, 84, 58)
0...1...2...3...4...5...6...7...8...9...10	Bounce #6 added RGB(21, 19, 13)
0...1...2...3...4...5...6...7...8...9...10	Bounce #7 added RGB(5, 5, 3)
0...1...2...3...4...5...6...7...8...9...10	Bounce #8 added RGB(1, 1, 1)
0...1...2...3...4...5...6...7...8...9...10	Bounce #9 added RGB(0, 0, 0)
Build Patch/Sample Hash Table(s).....Done<1.4381 sec>
0...1...2...3...4...5...6...7...8...9...10FinalLightFace Done
0 of 44 (0% of) surface lights went in leaf ambient cubes.
0...1...2...3...4...5...6...7...8...9...10Writing leaf ambient...done
Computing static prop lighting : 00...1...2...3...4...5...6...7...8...9...10
Ready to Finish

Object names       Objects/Maxobjs  Memory / Maxmem  Fullness 
------------       ---------------  ---------------  -------- 
models                 181/1024         8688/49152    (17.7%) 
brushes               2014/8192        24168/98304    (24.6%) 
brushsides           15865/65536      126920/524288   (24.2%) 
planes                8676/65536      173520/1310720  (13.2%) 
vertexes             13313/65536      159756/786432   (20.3%) 
nodes                 4494/65536      143808/2097152  ( 6.9%) 
texinfos              2315/12288      166680/884736   (18.8%) 
texdata                241/2048         7712/65536    (11.8%) 
dispinfos              137/0           24112/0        ( 0.0%) 
disp_verts            4657/0           93140/0        ( 0.0%) 
disp_tris             6496/0           12992/0        ( 0.0%) 
disp_multiblend          0/0               0/0        ( 0.0%) 
disp_lmsamples      410372/0          410372/0        ( 0.0%) 
faces                 7258/65536      406448/3670016  (11.1%) 
hdr faces                0/65536           0/3670016  ( 0.0%) 
origfaces             4947/65536      277032/3670016  ( 7.5%) 
facebrushes            959/0            1918/0        ( 0.0%) 
facebrushlists        7258/0           29032/0        ( 0.0%) 
leaves                4676/65536      149632/2097152  ( 7.1%) 
leaffaces            10287/65536       20574/131072   (15.7%) 
leafbrushes           6657/65536       13314/131072   (10.2%) 
areas                    8/256            64/2048     ( 3.1%) 
surfedges            54032/512000     216128/2048000  (10.6%) 
edges                33649/256000     134596/1024000  (13.1%) 
LDR worldlights        368/8192        36800/819200   ( 4.5%) 
HDR worldlights          0/8192            0/819200   ( 0.0%) 
leafwaterdata            0/32768           0/393216   ( 0.0%) 
waterstrips            787/32768        7870/327680   ( 2.4%) 
waterverts               0/65536           0/786432   ( 0.0%) 
waterindices         13266/65536       26532/131072   (20.2%) 
cubemapsamples          64/1024         1024/16384    ( 6.3%) 
overlays               114/512         40128/180224   (22.3%) 
LDR lightdata         [variable]     8584524/0        ( 0.0%) 
HDR lightdata         [variable]           0/0        ( 0.0%) 
visdata               [variable]     1185527/16777216 ( 7.1%) 
entdata               [variable]      308622/393216   (78.5%) 
LDR ambient table     4676/65536       18704/262144   ( 7.1%) 
HDR ambient table     4676/65536       18704/262144   ( 7.1%) 
LDR leaf ambient     23380/65536      654640/1835008  (35.7%) 
HDR leaf ambient      4676/65536      130928/1835008  ( 7.1%) 
occluders                0/0               0/0        ( 0.0%) 
occluder polygons        0/0               0/0        ( 0.0%) 
occluder vert ind        0/0               0/0        ( 0.0%) 
detail props          [variable]           1/12       ( 8.3%) 
static props          [variable]           1/155958   ( 0.0%) 
pakfile               [variable]    13779881/0        ( 0.0%) 
physics               [variable]      834235/4194304  (19.9%) 
physics terrain       [variable]       31875/1048576  ( 3.0%) 

Level flags = 1

Total triangle count: 19295
Writing d:\steamlibrary\steamapps\common\portal 2\portal2_dlc3\maps\sp_a3_portal_intro.bsp
17 minutes, 7 seconds elapsed



[Reading texlights from 'lights.rad']
[59 texlights parsed from 'lights.rad']

Loading d:\steamlibrary\steamapps\common\portal 2\portal2_dlc3\maps\sp_a3_portal_intro.bsp
Loaded alpha texture materials\Metal\metalgrate018.vtf
Loaded alpha texture materials\metal\underground_metalgrate002a.vtf
Loaded alpha texture materials\metal\underground_metalgrate001b_mip0.vtf
Loaded alpha texture materials\metal\underground_metalgrate003a.vtf
Loaded alpha texture materials\Tools\toolsinvisible.vtf
Loaded alpha texture materials\metal\underground_metalgrate001a_mip0.vtf
Loaded alpha texture materials\Metal\backstage_grate_001a.vtf
Loaded alpha texture materials\metal\underground_metalgrate001a_mip0.vtf
7258 faces
19775008 square feet [2847601152.00 square inches]
137 Displacements
895735 Square Feet [128985864.00 Square Inches]
7258 patches before subdivision
138990 patches after subdivision
368 direct lights
0...1...2...3...4..


Using shader api: shaderapiempty.dll
materialPath: D:\SteamLibrary\steamapps\common\Portal 2\portal2\materials
Loading d:\steamlibrary\steamapps\common\portal 2\portal2_dlc3\maps\sp_a3_portal_intro.vmf
ConVarRef gpu_level doesn't point to an existing ConVar
Material not found!: PROPS/CARPETFLOOR001A
Patching WVT material: maps/sp_a3_portal_intro/anim_wp/framework/blend_backpanels02_pipes_wvt_patch
Patching WVT material: maps/sp_a3_portal_intro/nature/blendrockdirt_tunnel03a_wvt_patch
fixing up env_cubemap materials on brush sides...
0...1...2...3...4...5...6...7...8...9...100...1...2...3...4...5...6...7...8...9...10Processing areas...done (0)
Building Faces...done (0)
Chop Details...done (0)
Find Visible Detail Sides...
Merged 396 detail faces...done (0)
Merging details...done (0)
FixTjuncs...
PruneNodes...
WriteBSP...
done (0)
writing d:\steamlibrary\steamapps\common\portal 2\portal2_dlc3\maps\sp_a3_portal_intro.prt...Building visibility clusters...
done (0)
Finding displacement neighbors...
Finding lightmap sample positions...
Displacement Alpha : 0...1...2...3...4...5...6...7...8...9...10
Building Physics collision data...
done (2) (834235 bytes)
Placing detail props : 0...1...2...3...4...5...6...7...8...9...10
Compacting texture/material tables...
Reduced 3744 texinfos to 2315
Reduced 252 texdatas to 241 (11670 bytes to 11226)
Writing d:\steamlibrary\steamapps\common\portal 2\portal2_dlc3\maps\sp_a3_portal_intro.bsp

nummapplanes:     (  8676 / 65536 )
nummapbrushes:    (  2014 /  8192 )
nummapbrushsides: ( 16685 / 65536 )
num_map_overlays: (   114 /   512 )
nummodels:        (   181 /  1024 )
num_entities:     (   995 / 16384 )

34 seconds elapsed



12 threads
reading d:\steamlibrary\steamapps\common\portal 2\portal2_dlc3\maps\sp_a3_portal_intro.bsp
reading d:\steamlibrary\steamapps\common\portal 2\portal2_dlc3\maps\sp_a3_portal_intro.prt
2224 portalclusters
8393 numportals
0...1...2...3...4...5...6...7...8...9...10Optimized: 219884 visible clusters (0.00%)
Total clusters visible: 3746057
Average clusters visible: 1684
Building PAS...
Average clusters audible: 2187
visdatasize:1185527  compressed from 1245440
writing d:\steamlibrary\steamapps\common\portal 2\portal2_dlc3\maps\sp_a3_portal_intro.bsp
1 second elapsed



[Reading texlights from 'lights.rad']
[59 texlights parsed from 'lights.rad']

Loading d:\steamlibrary\steamapps\common\portal 2\portal2_dlc3\maps\sp_a3_portal_intro.bsp
Loaded alpha texture materials\Metal\metalgrate018.vtf
Loaded alpha texture materials\metal\underground_metalgrate002a.vtf
Loaded alpha texture materials\metal\underground_metalgrate001b_mip0.vtf
Loaded alpha texture materials\metal\underground_metalgrate003a.vtf
Loaded alpha texture materials\Tools\toolsinvisible.vtf
Loaded alpha texture materials\metal\underground_metalgrate001a_mip0.vtf
Loaded alpha texture materials\Metal\backstage_grate_001a.vtf
Loaded alpha texture materials\metal\underground_metalgrate001a_mip0.vtf
7258 faces
19775008 square feet [2847601152.00 square inches]
137 Displacements
895735 Square Feet [128985864.00 Square Inches]
7258 patches before subdivision
138990 patches after subdivision
368 direct lights
0...1...2...3...4...5...6...7...8...9...100...1...2...3...4...5...6...7...8...9...10transfers 10063016, max 488
transfer lists:  76.8 megs
0...1...2...3...4...5...6...7...8...9...10	Bounce #1 added RGB(71181, 72334, 60053)
0...1...2...3...4...5...6...7...8...9...10	Bounce #2 added RGB(10211, 10231, 8070)
0...1...2...3...4...5...6...7...8...9...10	Bounce #3 added RGB(1944, 1900, 1429)
0...1...2...3...4...5...6...7...8...9...10	Bounce #4 added RGB(395, 382, 277)
0...1...2...3...4...5...6...7...8...9...10	Bounce #5 added RGB(89, 84, 58)
0...1...2...3...4...5...6...7...8...9...10	Bounce #6 added RGB(21, 19, 13)
0...1...2...3...4...5...6...7...8...9...10	Bounce #7 added RGB(5, 5, 3)
0...1...2...3...4...5...6...7...8...9...10	Bounce #8 added RGB(1, 1, 1)
0...1...2...3...4...5...6...7...8...9...10	Bounce #9 added RGB(0, 0, 0)
Build Patch/Sample Hash Table(s).....Done<1.2409 sec>
0...1...2...3...4...5...6...7...8...9...10FinalLightFace Done
0 of 44 (0% of) surface lights went in leaf ambient cubes.
0...1...2...3...4...5...6...7...8...9...10Writing leaf ambient...done
Computing static prop lighting : 00...1...2...3...4...5...6...7...8...9...10
Ready to Finish

Object names       Objects/Maxobjs  Memory / Maxmem  Fullness 
------------       ---------------  ---------------  -------- 
models                 181/1024         8688/49152    (17.7%) 
brushes               2014/8192        24168/98304    (24.6%) 
brushsides           15865/65536      126920/524288   (24.2%) 
planes                8676/65536      173520/1310720  (13.2%) 
vertexes             13313/65536      159756/786432   (20.3%) 
nodes                 4494/65536      143808/2097152  ( 6.9%) 
texinfos              2315/12288      166680/884736   (18.8%) 
texdata                241/2048         7712/65536    (11.8%) 
dispinfos              137/0           24112/0        ( 0.0%) 
disp_verts            4657/0           93140/0        ( 0.0%) 
disp_tris             6496/0           12992/0        ( 0.0%) 
disp_multiblend          0/0               0/0        ( 0.0%) 
disp_lmsamples      410372/0          410372/0        ( 0.0%) 
faces                 7258/65536      406448/3670016  (11.1%) 
hdr faces                0/65536           0/3670016  ( 0.0%) 
origfaces             4947/65536      277032/3670016  ( 7.5%) 
facebrushes            959/0            1918/0        ( 0.0%) 
facebrushlists        7258/0           29032/0        ( 0.0%) 
leaves                4676/65536      149632/2097152  ( 7.1%) 
leaffaces            10287/65536       20574/131072   (15.7%) 
leafbrushes           6657/65536       13314/131072   (10.2%) 
areas                    8/256            64/2048     ( 3.1%) 
surfedges            54032/512000     216128/2048000  (10.6%) 
edges                33649/256000     134596/1024000  (13.1%) 
LDR worldlights        368/8192        36800/819200   ( 4.5%) 
HDR worldlights          0/8192            0/819200   ( 0.0%) 
leafwaterdata            0/32768           0/393216   ( 0.0%) 
waterstrips            787/32768        7870/327680   ( 2.4%) 
waterverts               0/65536           0/786432   ( 0.0%) 
waterindices         13266/65536       26532/131072   (20.2%) 
cubemapsamples          64/1024         1024/16384    ( 6.3%) 
overlays               114/512         40128/180224   (22.3%) 
LDR lightdata         [variable]     8584524/0        ( 0.0%) 
HDR lightdata         [variable]           0/0        ( 0.0%) 
visdata               [variable]     1185527/16777216 ( 7.1%) 
entdata               [variable]      308622/393216   (78.5%) 
LDR ambient table     4676/65536       18704/262144   ( 7.1%) 
HDR ambient table     4676/65536       18704/262144   ( 7.1%) 
LDR leaf ambient     23380/65536      654640/1835008  (35.7%) 
HDR leaf ambient      4676/65536      130928/1835008  ( 7.1%) 
occluders                0/0               0/0        ( 0.0%) 
occluder polygons        0/0               0/0        ( 0.0%) 
occluder vert ind        0/0               0/0        ( 0.0%) 
detail props          [variable]           1/12       ( 8.3%) 
static props          [variable]           1/155958   ( 0.0%) 
pakfile               [variable]    13779881/0        ( 0.0%) 
physics               [variable]      834235/4194304  (19.9%) 
physics terrain       [variable]       31875/1048576  ( 3.0%) 

Level flags = 1

Total triangle count: 19295
Writing d:\steamlibrary\steamapps\common\portal 2\portal2_dlc3\maps\sp_a3_portal_intro.bsp
18 minutes, 22 seconds elapsed



[Reading texlights from 'lights.rad']
[59 texlights parsed from 'lights.rad']

Loading d:\steamlibrary\steamapps\common\portal 2\portal2_dlc3\maps\sp_a3_portal_intro.bsp
Loaded alpha texture materials\Metal\metalgrate018.vtf
Loaded alpha texture materials\metal\underground_metalgrate002a.vtf
Loaded alpha texture materials\metal\underground_metalgrate001b_mip0.vtf
Loaded alpha texture materials\metal\underground_metalgrate003a.vtf
Loaded alpha texture materials\Tools\toolsinvisible.vtf
Loaded alpha texture materials\metal\underground_metalgrate001a_mip0.vtf
Loaded alpha texture materials\Metal\backstage_grate_001a.vtf
Loaded alpha texture materials\metal\underground_metalgrate001a_mip0.vtf
7258 faces
19775008 square feet [2847601152.00 square inches]
137 Displacements
895735 Square Feet [128985864.00 Square Inches]
7258 patches before subdivision
138990 patches after subdivision
368 direct lights
0...1...2...3...4...5...6...7...8...9...100...1...2...3...4...5...6...7...8...9...10transfers 10063016, max 488
transfer lists:  76.8 megs
0...1...2...3...4...5...6...7...8...9...10	Bounce #1 added RGB(71182, 72335, 60054)
0...1...2...3...4...5...6...7...8...9...10	Bounce #2 added RGB(10211, 10231, 8070)
0...1...2...3...4...5...6...7...8...9...10	Bounce #3 added RGB(1944, 1900, 1429)
0...1...2...3...4...5...6...7...8...9...10	Bounce #4 added RGB(395, 382, 277)
0...1...2...3...4...5...6...7...8...9...10	Bounce #5 added RGB(89, 84, 58)
0...1...2...3...4...5...6...7...8...9...10	Bounce #6 added RGB(21, 19, 13)
0...1...2...3...4...5...6...7...8...9...10	Bounce #7 added RGB(5, 5, 3)
0...1...2...3...4...5...6...7...8...9...10	Bounce #8 added RGB(1, 1, 1)
0...1...2...3...4...5...6...7...8...9...10	Bounce #9 added RGB(0, 0, 0)
Build Patch/Sample Hash Table(s).....Done<1.2804 sec>
0...1...2...3...4...5...6...7...8...9...10FinalLightFace Done
0 of 44 (0% of) surface lights went in leaf ambient cubes.
0...1...2...3...4...5...6...7...8...9...10Writing leaf ambient...done
Computing static prop lighting : 00...1...2...3...4...5...6...7...8...9...10
Ready to Finish

Object names       Objects/Maxobjs  Memory / Maxmem  Fullness 
------------       ---------------  ---------------  -------- 
models                 181/1024         8688/49152    (17.7%) 
brushes               2014/8192        24168/98304    (24.6%) 
brushsides           15865/65536      126920/524288   (24.2%) 
planes                8676/65536      173520/1310720  (13.2%) 
vertexes             13313/65536      159756/786432   (20.3%) 
nodes                 4494/65536      143808/2097152  ( 6.9%) 
texinfos              2315/12288      166680/884736   (18.8%) 
texdata                241/2048         7712/65536    (11.8%) 
dispinfos              137/0           24112/0        ( 0.0%) 
disp_verts            4657/0           93140/0        ( 0.0%) 
disp_tris             6496/0           12992/0        ( 0.0%) 
disp_multiblend          0/0               0/0        ( 0.0%) 
disp_lmsamples      410372/0          410372/0        ( 0.0%) 
faces                 7258/65536      406448/3670016  (11.1%) 
hdr faces             7258/65536      406448/3670016  (11.1%) 
origfaces             4947/65536      277032/3670016  ( 7.5%) 
facebrushes            959/0            1918/0        ( 0.0%) 
facebrushlists        7258/0           29032/0        ( 0.0%) 
leaves                4676/65536      149632/2097152  ( 7.1%) 
leaffaces            10287/65536       20574/131072   (15.7%) 
leafbrushes           6657/65536       13314/131072   (10.2%) 
areas                    8/256            64/2048     ( 3.1%) 
surfedges            54032/512000     216128/2048000  (10.6%) 
edges                33649/256000     134596/1024000  (13.1%) 
LDR worldlights        368/8192        36800/819200   ( 4.5%) 
HDR worldlights        368/8192        36800/819200   ( 4.5%) 
leafwaterdata            0/32768           0/393216   ( 0.0%) 
waterstrips            787/32768        7870/327680   ( 2.4%) 
waterverts               0/65536           0/786432   ( 0.0%) 
waterindices         13266/65536       26532/131072   (20.2%) 
cubemapsamples          64/1024         1024/16384    ( 6.3%) 
overlays               114/512         40128/180224   (22.3%) 
LDR lightdata         [variable]     8584524/0        ( 0.0%) 
HDR lightdata         [variable]     8584524/0        ( 0.0%) 
visdata               [variable]     1185527/16777216 ( 7.1%) 
entdata               [variable]      308622/393216   (78.5%) 
LDR ambient table     4676/65536       18704/262144   ( 7.1%) 
HDR ambient table     4676/65536       18704/262144   ( 7.1%) 
LDR leaf ambient     23380/65536      654640/1835008  (35.7%) 
HDR leaf ambient     23381/65536      654668/1835008  (35.7%) 
occluders                0/0               0/0        ( 0.0%) 
occluder polygons        0/0               0/0        ( 0.0%) 
occluder vert ind        0/0               0/0        ( 0.0%) 
detail props          [variable]           1/12       ( 8.3%) 
static props          [variable]           1/155958   ( 0.0%) 
pakfile               [variable]    22690649/0        ( 0.0%) 
physics               [variable]      834235/4194304  (19.9%) 
physics terrain       [variable]       31875/1048576  ( 3.0%) 

Level flags = 3

Total triangle count: 19295
Writing d:\steamlibrary\steamapps\common\portal 2\portal2_dlc3\maps\sp_a3_portal_intro.bsp
45 minutes, 29 seconds elapsed
