


materialPath: D:\SteamLibrary\steamapps\common\Portal 2\portal2\materials
Loading d:\steamlibrary\steamapps\common\portal 2\portal2_dlc3\maps\sp_a4_laser_platform.vmf
ConVarRef gpu_level doesn't point to an existing ConVar
fixing up env_cubemap materials on brush sides...
0...1...2...3...4...5...6...7...8...9...100...1...2...3...4...5...6...7...8...9...10Processing areas...done (0)
Building Faces...done (0)
Chop Details...done (0)
Find Visible Detail Sides...
Merged 738 detail faces...done (0)
Merging details...done (0)
FixTjuncs...
PruneNodes...
WriteBSP...
done (0)
writing d:\steamlibrary\steamapps\common\portal 2\portal2_dlc3\maps\sp_a4_laser_platform.prt...Building visibility clusters...
done (0)
Finding displacement neighbors...
Finding lightmap sample positions...
Displacement Alpha : 0...1...2...3...4...5...6...7...8...9...10
Building Physics collision data...
done (1) (533643 bytes)



materialPath: D:\SteamLibrary\steamapps\common\Portal 2\portal2\materials
Loading d:\steamlibrary\steamapps\common\portal 2\portal2_dlc3\maps\sp_a4_laser_platform.vmf
ConVarRef gpu_level doesn't point to an existing ConVar
fixing up env_cubemap materials on brush sides...
0...1...2...3...4...5...6...7...8...9...100...1...2...3...4...5...6...7...8...9...10Processing areas...done (0)
Building Faces...done (0)
Chop Details...done (0)
Find Visible Detail Sides...
Merged 738 detail faces...done (0)
Merging details...done (0)
FixTjuncs...
PruneNodes...
WriteBSP...
done (0)
writing d:\steamlibrary\steamapps\common\portal 2\portal2_dlc3\maps\sp_a4_laser_platform.prt...Building visibility clusters...
done (0)
Finding displacement neighbors...
Finding lightmap sample positions...
Displacement Alpha : 0...1...2...3...4...5...6...7...8...9...10
Building Physics collision data...
done (1) (533643 bytes)
Encountered obsolete static prop option to do its fade in screen space @ -512.00 -2112.00 16.00
Encountered obsolete static prop option to do its fade in screen space @ 3376.00 -1184.00 -2448.00
Encountered obsolete static prop option to do its fade in screen space @ 3568.00 -1184.00 -2448.00
Encountered obsolete static prop option to do its fade in screen space @ -512.00 -2496.00 16.00
Encountered obsolete static prop option to do its fade in screen space @ 880.00 -2560.00 704.00
Encountered obsolete static prop option to do its fade in screen space @ 880.00 -2496.00 896.00
Encountered obsolete static prop option to do its fade in screen space @ -448.00 -2064.00 0.00
Encountered obsolete static prop option to do its fade in screen space @ -512.00 -2368.00 16.00
Encountered obsolete static prop option to do its fade in screen space @ 880.00 -2560.00 576.00
Encountered obsolete static prop option to do its fade in screen space @ 3520.00 -608.00 -96.00
Encountered obsolete static prop option to do its fade in screen space @ 3488.00 -608.00 -96.00
Encountered obsolete static prop option to do its fade in screen space @ -192.00 -2560.00 16.00
Encountered obsolete static prop option to do its fade in screen space @ 3472.00 -1024.00 -2512.00
Encountered obsolete static prop option to do its fade in screen space @ 3440.00 -1024.00 -2512.00
Encountered obsolete static prop option to do its fade in screen space @ 880.00 -2368.00 896.00
Encountered obsolete static prop option to do its fade in screen space @ -320.00 -2064.00 0.00
Encountered obsolete static prop option to do its fade in screen space @ -512.00 -2240.00 16.00
Encountered obsolete static prop option to do its fade in screen space @ -448.00 -2560.00 16.00
Encountered obsolete static prop option to do its fade in screen space @ -320.00 -2560.00 16.00
Encountered obsolete static prop option to do its fade in screen space @ 880.00 -2560.00 832.00
Encountered obsolete static prop option to do its fade in screen space @ -624.00 -1248.00 192.00
Encountered obsolete static prop option to do its fade in screen space @ -656.00 -1248.00 192.00
Placing detail props : 0...1...2...3...4...5...6...7...8...9...10
Compacting texture/material tables...
Reduced 1775 texinfos to 1029
Reduced 76 texdatas to 74 (2158 bytes to 2104)
Writing d:\steamlibrary\steamapps\common\portal 2\portal2_dlc3\maps\sp_a4_laser_platform.bsp

nummapplanes:     (  7130 / 65536 )
nummapbrushes:    (  1425 /  8192 )
nummapbrushsides: ( 10893 / 65536 )
num_map_overlays: (    57 /   512 )
nummodels:        (   129 /  1024 )
num_entities:     (   712 / 16384 )

6 seconds elapsed



12 threads
reading d:\steamlibrary\steamapps\common\portal 2\portal2_dlc3\maps\sp_a4_laser_platform.bsp
reading d:\steamlibrary\steamapps\common\portal 2\portal2_dlc3\maps\sp_a4_laser_platform.prt
 787 portalclusters
2362 numportals
0...1...2...3...4...5...6...7...8...9...10Optimized: 19003 visible clusters (0.00%)
Total clusters visible: 323982
Average clusters visible: 411
Building PAS...
Average clusters audible: 694
visdatasize:153563  compressed from 163696
writing d:\steamlibrary\steamapps\common\portal 2\portal2_dlc3\maps\sp_a4_laser_platform.bsp
0 seconds elapsed



[Reading texlights from 'lights.rad']
[59 texlights parsed from 'lights.rad']

Loading d:\steamlibrary\steamapps\common\portal 2\portal2_dlc3\maps\sp_a4_laser_platform.bsp
5283 faces
4 degenerate faces
12040443 square feet [1733823744.00 square inches]
0 Displacements
0 Square Feet [0.00 Square Inches]
5279 patches before subdivision
102589 patches after subdivision
185 direct lights
0...1...2...3...4...5...6...7...8...9...100...1...2...3...4...5...6...7...8...9...10transfers 9072018, max 591
transfer lists:  69.2 megs
0...1...2...3...4...5...6...7...8...9...10	Bounce #1 added RGB(28505, 30725, 34047)
0...1...2...3...4...5...6...7...8...9...10	Bounce #2 added RGB(12585, 13200, 14452)
Build Patch/Sample Hash Table(s).....Done<0.0395 sec>
0...1...2...3...4...5...6...7...8...9...10FinalLightFace Done
70 of 70 (100% of) surface lights went in leaf ambient cubes.
0...1...2...3...4...5...6...7...8...9...10Writing leaf ambient...done
Ready to Finish

Object names       Objects/Maxobjs  Memory / Maxmem  Fullness 
------------       ---------------  ---------------  -------- 
models                 129/1024         6192/49152    (12.6%) 
brushes               1425/8192        17100/98304    (17.4%) 
brushsides           10949/65536       87592/524288   (16.7%) 
planes                7130/65536      142600/1310720  (10.9%) 
vertexes             11253/65536      135036/786432   (17.2%) 
nodes                 2599/65536       83168/2097152  ( 4.0%) 
texinfos              1029/12288       74088/884736   ( 8.4%) 
texdata                 74/2048         2368/65536    ( 3.6%) 
dispinfos                0/0               0/0        ( 0.0%) 
disp_verts               0/0               0/0        ( 0.0%) 
disp_tris                0/0               0/0        ( 0.0%) 
disp_multiblend          0/0               0/0        ( 0.0%) 
disp_lmsamples           0/0               0/0        ( 0.0%) 
faces                 5283/65536      295848/3670016  ( 8.1%) 
hdr faces                0/65536           0/3670016  ( 0.0%) 
origfaces             2827/65536      158312/3670016  ( 4.3%) 
facebrushes            798/0            1596/0        ( 0.0%) 
facebrushlists        5283/0           21132/0        ( 0.0%) 
leaves                2729/65536       87328/2097152  ( 4.2%) 
leaffaces             8839/65536       17678/131072   (13.5%) 
leafbrushes           3775/65536        7550/131072   ( 5.8%) 
areas                   11/256            88/2048     ( 4.3%) 
surfedges            35458/512000     141832/2048000  ( 6.9%) 
edges                22486/256000      89944/1024000  ( 8.8%) 
LDR worldlights        185/8192        18500/819200   ( 2.3%) 
HDR worldlights          0/8192            0/819200   ( 0.0%) 
leafwaterdata            0/32768           0/393216   ( 0.0%) 
waterstrips            467/32768        4670/327680   ( 1.4%) 
waterverts               0/65536           0/786432   ( 0.0%) 
waterindices          8097/65536       16194/131072   (12.4%) 
cubemapsamples           6/1024           96/16384    ( 0.6%) 
overlays                57/512         20064/180224   (11.1%) 
LDR lightdata         [variable]     3665632/0        ( 0.0%) 
HDR lightdata         [variable]           0/0        ( 0.0%) 
visdata               [variable]      153563/16777216 ( 0.9%) 
entdata               [variable]      237315/393216   (60.4%) 
LDR ambient table     2729/65536       10916/262144   ( 4.2%) 
HDR ambient table     2729/65536       10916/262144   ( 4.2%) 
LDR leaf ambient      8712/65536      243936/1835008  (13.3%) 
HDR leaf ambient      2729/65536       76412/1835008  ( 4.2%) 
occluders                0/0               0/0        ( 0.0%) 
occluder polygons        0/0               0/0        ( 0.0%) 
occluder vert ind        0/0               0/0        ( 0.0%) 
detail props          [variable]           1/12       ( 8.3%) 
static props          [variable]           1/78492    ( 0.0%) 
pakfile               [variable]      522155/0        ( 0.0%) 
physics               [variable]      533643/4194304  (12.7%) 
physics terrain       [variable]           2/1048576  ( 0.0%) 

Level flags = 0

Total triangle count: 13601
Writing d:\steamlibrary\steamapps\common\portal 2\portal2_dlc3\maps\sp_a4_laser_platform.bsp
45 seconds elapsed



materialPath: D:\SteamLibrary\steamapps\common\Portal 2\portal2\materials
Loading d:\steamlibrary\steamapps\common\portal 2\portal2_dlc3\maps\sp_a4_laser_platform.vmf
ConVarRef gpu_level doesn't point to an existing ConVar
fixing up env_cubemap materials on brush sides...
0...1...2...3...4...5...6...7...8...9...100...1...2...3...4...5...6...7...8...9...10Processing areas...done (0)
Building Faces...done (0)
Chop Details...done (0)
Find Visible Detail Sides...
Merged 738 detail faces...done (0)
Merging details...done (0)
FixTjuncs...
PruneNodes...
WriteBSP...
done (0)
writing d:\steamlibrary\steamapps\common\portal 2\portal2_dlc3\maps\sp_a4_laser_platform.prt...Building visibility clusters...
done (0)
Finding displacement neighbors...
Finding lightmap sample positions...
Displacement Alpha : 0...1...2...3...4...5...6...7...8...9...10
Building Physics collision data...
done (1) (533643 bytes)
Encountered obsolete static prop option to do its fade in screen space @ -512.00 -2112.00 16.00
Encountered obsolete static prop option to do its fade in screen space @ 3376.00 -1184.00 -2448.00
Encountered obsolete static prop option to do its fade in screen space @ 3568.00 -1184.00 -2448.00
Encountered obsolete static prop option to do its fade in screen space @ -512.00 -2496.00 16.00
Encountered obsolete static prop option to do its fade in screen space @ 880.00 -2560.00 704.00
Encountered obsolete static prop option to do its fade in screen space @ 880.00 -2496.00 896.00
Encountered obsolete static prop option to do its fade in screen space @ -448.00 -2064.00 0.00
Encountered obsolete static prop option to do its fade in screen space @ -512.00 -2368.00 16.00
Encountered obsolete static prop option to do its fade in screen space @ 880.00 -2560.00 576.00
Encountered obsolete static prop option to do its fade in screen space @ 3520.00 -608.00 -96.00
Encountered obsolete static prop option to do its fade in screen space @ 3488.00 -608.00 -96.00
Encountered obsolete static prop option to do its fade in screen space @ -192.00 -2560.00 16.00
Encountered obsolete static prop option to do its fade in screen space @ 3472.00 -1024.00 -2512.00
Encountered obsolete static prop option to do its fade in screen space @ 3440.00 -1024.00 -2512.00
Encountered obsolete static prop option to do its fade in screen space @ 880.00 -2368.00 896.00
Encountered obsolete static prop option to do its fade in screen space @ -320.00 -2064.00 0.00
Encountered obsolete static prop option to do its fade in screen space @ -512.00 -2240.00 16.00
Encountered obsolete static prop option to do its fade in screen space @ -448.00 -2560.00 16.00
Encountered obsolete static prop option to do its fade in screen space @ -320.00 -2560.00 16.00
Encountered obsolete static prop option to do its fade in screen space @ 880.00 -2560.00 832.00
Encountered obsolete static prop option to do its fade in screen space @ -624.00 -1248.00 192.00
Encountered obsolete static prop option to do its fade in screen space @ -656.00 -1248.00 192.00
Placing detail props : 0...1...2...3...4...5...6...7...8...9...10
Compacting texture/material tables...
Reduced 1775 texinfos to 1029
Reduced 76 texdatas to 74 (2158 bytes to 2104)
Writing d:\steamlibrary\steamapps\common\portal 2\portal2_dlc3\maps\sp_a4_laser_platform.bsp

nummapplanes:     (  7130 / 65536 )
nummapbrushes:    (  1425 /  8192 )
nummapbrushsides: ( 10893 / 65536 )
num_map_overlays: (    57 /   512 )
nummodels:        (   129 /  1024 )
num_entities:     (   712 / 16384 )

6 seconds elapsed



12 threads
reading d:\steamlibrary\steamapps\common\portal 2\portal2_dlc3\maps\sp_a4_laser_platform.bsp
reading d:\steamlibrary\steamapps\common\portal 2\portal2_dlc3\maps\sp_a4_laser_platform.prt
 787 portalclusters
2362 numportals
0...1...2...3...4...5...6...7...8...9...10Optimized: 19003 visible clusters (0.00%)
Total clusters visible: 323982
Average clusters visible: 411
Building PAS...
Average clusters audible: 694
visdatasize:153563  compressed from 163696
writing d:\steamlibrary\steamapps\common\portal 2\portal2_dlc3\maps\sp_a4_laser_platform.bsp
0 seconds elapsed



[Reading texlights from 'lights.rad']
[59 texlights parsed from 'lights.rad']

Loading d:\steamlibrary\steamapps\common\portal 2\portal2_dlc3\maps\sp_a4_laser_platform.bsp
5283 faces
4 degenerate faces
12040443 square feet [1733823744.00 square inches]
0 Displacements
0 Square Feet [0.00 Square Inches]
5279 patches before subdivision
102589 patches after subdivision
185 direct lights
0...1...2...3...4...5...6...7...8...9...100...1...2...3...4...5...6...7...8...9...10transfers 9072018, max 591
transfer lists:  69.2 megs
0...1...2...3...4...5...6...7...8...9...10	Bounce #1 added RGB(28505, 30725, 34047)
0...1...2...3...4...5...6...7...8...9...10	Bounce #2 added RGB(12585, 13200, 14452)
Build Patch/Sample Hash Table(s).....Done<0.0396 sec>
0...1...2...3...4...5...6...7...8...9...10FinalLightFace Done
70 of 70 (100% of) surface lights went in leaf ambient cubes.
0...1...2...3...4...5...6...7...8...9...10Writing leaf ambient...done
Ready to Finish

Object names       Objects/Maxobjs  Memory / Maxmem  Fullness 
------------       ---------------  ---------------  -------- 
models                 129/1024         6192/49152    (12.6%) 
brushes               1425/8192        17100/98304    (17.4%) 
brushsides           10949/65536       87592/524288   (16.7%) 
planes                7130/65536      142600/1310720  (10.9%) 
vertexes             11253/65536      135036/786432   (17.2%) 
nodes                 2599/65536       83168/2097152  ( 4.0%) 
texinfos              1029/12288       74088/884736   ( 8.4%) 
texdata                 74/2048         2368/65536    ( 3.6%) 
dispinfos                0/0               0/0        ( 0.0%) 
disp_verts               0/0               0/0        ( 0.0%) 
disp_tris                0/0               0/0        ( 0.0%) 
disp_multiblend          0/0               0/0        ( 0.0%) 
disp_lmsamples           0/0               0/0        ( 0.0%) 
faces                 5283/65536      295848/3670016  ( 8.1%) 
hdr faces                0/65536           0/3670016  ( 0.0%) 
origfaces             2827/65536      158312/3670016  ( 4.3%) 
facebrushes            798/0            1596/0        ( 0.0%) 
facebrushlists        5283/0           21132/0        ( 0.0%) 
leaves                2729/65536       87328/2097152  ( 4.2%) 
leaffaces             8839/65536       17678/131072   (13.5%) 
leafbrushes           3775/65536        7550/131072   ( 5.8%) 
areas                   11/256            88/2048     ( 4.3%) 
surfedges            35458/512000     141832/2048000  ( 6.9%) 
edges                22486/256000      89944/1024000  ( 8.8%) 
LDR worldlights        185/8192        18500/819200   ( 2.3%) 
HDR worldlights          0/8192            0/819200   ( 0.0%) 
leafwaterdata            0/32768           0/393216   ( 0.0%) 
waterstrips            467/32768        4670/327680   ( 1.4%) 
waterverts               0/65536           0/786432   ( 0.0%) 
waterindices          8097/65536       16194/131072   (12.4%) 
cubemapsamples           6/1024           96/16384    ( 0.6%) 
overlays                57/512         20064/180224   (11.1%) 
LDR lightdata         [variable]     3665632/0        ( 0.0%) 
HDR lightdata         [variable]           0/0        ( 0.0%) 
visdata               [variable]      153563/16777216 ( 0.9%) 
entdata               [variable]      237166/393216   (60.3%) 
LDR ambient table     2729/65536       10916/262144   ( 4.2%) 
HDR ambient table     2729/65536       10916/262144   ( 4.2%) 
LDR leaf ambient      8712/65536      243936/1835008  (13.3%) 
HDR leaf ambient      2729/65536       76412/1835008  ( 4.2%) 
occluders                0/0               0/0        ( 0.0%) 
occluder polygons        0/0               0/0        ( 0.0%) 
occluder vert ind        0/0               0/0        ( 0.0%) 
detail props          [variable]           1/12       ( 8.3%) 
static props          [variable]           1/78492    ( 0.0%) 
pakfile               [variable]      522155/0        ( 0.0%) 
physics               [variable]      533643/4194304  (12.7%) 
physics terrain       [variable]           2/1048576  ( 0.0%) 

Level flags = 0

Total triangle count: 13601
Writing d:\steamlibrary\steamapps\common\portal 2\portal2_dlc3\maps\sp_a4_laser_platform.bsp
45 seconds elapsed



materialPath: D:\SteamLibrary\steamapps\common\Portal 2\portal2\materials
Loading d:\steamlibrary\steamapps\common\portal 2\portal2_dlc3\maps\sp_a4_laser_platform.vmf
ConVarRef gpu_level doesn't point to an existing ConVar
fixing up env_cubemap materials on brush sides...
0...1...2...3...4...5...6...7...8...9...100...1...2...3...4...5...6...7...8...9...10Processing areas...done (0)
Building Faces...done (0)
Chop Details...done (0)
Find Visible Detail Sides...
Merged 738 detail faces...done (0)
Merging details...done (0)
FixTjuncs...
PruneNodes...
WriteBSP...
done (0)
writing d:\steamlibrary\steamapps\common\portal 2\portal2_dlc3\maps\sp_a4_laser_platform.prt...Building visibility clusters...
done (0)
Finding displacement neighbors...
Finding lightmap sample positions...
Displacement Alpha : 0...1...2...3...4...5...6...7...8...9...10
Building Physics collision data...
done (0) (533643 bytes)
Encountered obsolete static prop option to do its fade in screen space @ -512.00 -2112.00 16.00
Encountered obsolete static prop option to do its fade in screen space @ 3376.00 -1184.00 -2448.00
Encountered obsolete static prop option to do its fade in screen space @ 3568.00 -1184.00 -2448.00
Encountered obsolete static prop option to do its fade in screen space @ -512.00 -2496.00 16.00
Encountered obsolete static prop option to do its fade in screen space @ 880.00 -2560.00 704.00
Encountered obsolete static prop option to do its fade in screen space @ 880.00 -2496.00 896.00
Encountered obsolete static prop option to do its fade in screen space @ -448.00 -2064.00 0.00
Encountered obsolete static prop option to do its fade in screen space @ -512.00 -2368.00 16.00
Encountered obsolete static prop option to do its fade in screen space @ 880.00 -2560.00 576.00
Encountered obsolete static prop option to do its fade in screen space @ 3520.00 -608.00 -96.00
Encountered obsolete static prop option to do its fade in screen space @ 3488.00 -608.00 -96.00
Encountered obsolete static prop option to do its fade in screen space @ -192.00 -2560.00 16.00
Encountered obsolete static prop option to do its fade in screen space @ 3472.00 -1024.00 -2512.00
Encountered obsolete static prop option to do its fade in screen space @ 3440.00 -1024.00 -2512.00
Encountered obsolete static prop option to do its fade in screen space @ 880.00 -2368.00 896.00
Encountered obsolete static prop option to do its fade in screen space @ -320.00 -2064.00 0.00
Encountered obsolete static prop option to do its fade in screen space @ -512.00 -2240.00 16.00
Encountered obsolete static prop option to do its fade in screen space @ -448.00 -2560.00 16.00
Encountered obsolete static prop option to do its fade in screen space @ -320.00 -2560.00 16.00
Encountered obsolete static prop option to do its fade in screen space @ 880.00 -2560.00 832.00
Encountered obsolete static prop option to do its fade in screen space @ -624.00 -1248.00 192.00
Encountered obsolete static prop option to do its fade in screen space @ -656.00 -1248.00 192.00
Placing detail props : 0...1...2...3...4...5...6...7...8...9...10
Compacting texture/material tables...
Reduced 1775 texinfos to 1029
Reduced 76 texdatas to 74 (2158 bytes to 2104)
Writing d:\steamlibrary\steamapps\common\portal 2\portal2_dlc3\maps\sp_a4_laser_platform.bsp

nummapplanes:     (  7130 / 65536 )
nummapbrushes:    (  1425 /  8192 )
nummapbrushsides: ( 10893 / 65536 )
num_map_overlays: (    57 /   512 )
nummodels:        (   129 /  1024 )
num_entities:     (   712 / 16384 )

6 seconds elapsed



12 threads
reading d:\steamlibrary\steamapps\common\portal 2\portal2_dlc3\maps\sp_a4_laser_platform.bsp
reading d:\steamlibrary\steamapps\common\portal 2\portal2_dlc3\maps\sp_a4_laser_platform.prt
 787 portalclusters
2362 numportals
0...1...2...3...4...5...6...7...8...9...10Optimized: 19003 visible clusters (0.00%)
Total clusters visible: 323982
Average clusters visible: 411
Building PAS...
Average clusters audible: 694
visdatasize:153563  compressed from 163696
writing d:\steamlibrary\steamapps\common\portal 2\portal2_dlc3\maps\sp_a4_laser_platform.bsp
0 seconds elapsed



[Reading texlights from 'lights.rad']
[59 texlights parsed from 'lights.rad']

Loading d:\steamlibrary\steamapps\common\portal 2\portal2_dlc3\maps\sp_a4_laser_platform.bsp
5283 faces
4 degenerate faces
12040443 square feet [1733823744.00 square inches]
0 Displacements
0 Square Feet [0.00 Square Inches]
5279 patches before subdivision
102589 patches after subdivision
185 direct lights
0...1...2...3...4...5...6...7...8...9...100...1...2...3...4...5...6...7...8...9...10transfers 9072018, max 591
transfer lists:  69.2 megs
0...1...2...3...4...5...6...7...8...9...10	Bounce #1 added RGB(28505, 30725, 34047)
0...1...2...3...4...5...6...7...8...9...10	Bounce #2 added RGB(12585, 13200, 14452)
Build Patch/Sample Hash Table(s).....Done<0.0435 sec>
0...1...2...3...4...5...6...7...8...9...10FinalLightFace Done
70 of 70 (100% of) surface lights went in leaf ambient cubes.
0...1...2...3...4...5...6...7...8...9...10Writing leaf ambient...done
Ready to Finish

Object names       Objects/Maxobjs  Memory / Maxmem  Fullness 
------------       ---------------  ---------------  -------- 
models                 129/1024         6192/49152    (12.6%) 
brushes               1425/8192        17100/98304    (17.4%) 
brushsides           10949/65536       87592/524288   (16.7%) 
planes                7130/65536      142600/1310720  (10.9%) 
vertexes             11253/65536      135036/786432   (17.2%) 
nodes                 2599/65536       83168/2097152  ( 4.0%) 
texinfos              1029/12288       74088/884736   ( 8.4%) 
texdata                 74/2048         2368/65536    ( 3.6%) 
dispinfos                0/0               0/0        ( 0.0%) 
disp_verts               0/0               0/0        ( 0.0%) 
disp_tris                0/0               0/0        ( 0.0%) 
disp_multiblend          0/0               0/0        ( 0.0%) 
disp_lmsamples           0/0               0/0        ( 0.0%) 
faces                 5283/65536      295848/3670016  ( 8.1%) 
hdr faces                0/65536           0/3670016  ( 0.0%) 
origfaces             2827/65536      158312/3670016  ( 4.3%) 
facebrushes            798/0            1596/0        ( 0.0%) 
facebrushlists        5283/0           21132/0        ( 0.0%) 
leaves                2729/65536       87328/2097152  ( 4.2%) 
leaffaces             8839/65536       17678/131072   (13.5%) 
leafbrushes           3775/65536        7550/131072   ( 5.8%) 
areas                   11/256            88/2048     ( 4.3%) 
surfedges            35458/512000     141832/2048000  ( 6.9%) 
edges                22486/256000      89944/1024000  ( 8.8%) 
LDR worldlights        185/8192        18500/819200   ( 2.3%) 
HDR worldlights          0/8192            0/819200   ( 0.0%) 
leafwaterdata            0/32768           0/393216   ( 0.0%) 
waterstrips            467/32768        4670/327680   ( 1.4%) 
waterverts               0/65536           0/786432   ( 0.0%) 
waterindices          8097/65536       16194/131072   (12.4%) 
cubemapsamples           6/1024           96/16384    ( 0.6%) 
overlays                57/512         20064/180224   (11.1%) 
LDR lightdata         [variable]     3665632/0        ( 0.0%) 
HDR lightdata         [variable]           0/0        ( 0.0%) 
visdata               [variable]      153563/16777216 ( 0.9%) 
entdata               [variable]      237166/393216   (60.3%) 
LDR ambient table     2729/65536       10916/262144   ( 4.2%) 
HDR ambient table     2729/65536       10916/262144   ( 4.2%) 
LDR leaf ambient      8712/65536      243936/1835008  (13.3%) 
HDR leaf ambient      2729/65536       76412/1835008  ( 4.2%) 
occluders                0/0               0/0        ( 0.0%) 
occluder polygons        0/0               0/0        ( 0.0%) 
occluder vert ind        0/0               0/0        ( 0.0%) 
detail props          [variable]           1/12       ( 8.3%) 
static props          [variable]           1/78492    ( 0.0%) 
pakfile               [variable]      522155/0        ( 0.0%) 
physics               [variable]      533643/4194304  (12.7%) 
physics terrain       [variable]           2/1048576  ( 0.0%) 

Level flags = 0

Total triangle count: 13601
Writing d:\steamlibrary\steamapps\common\portal 2\portal2_dlc3\maps\sp_a4_laser_platform.bsp
44 seconds elapsed



materialPath: D:\SteamLibrary\steamapps\common\Portal 2\portal2\materials
Loading d:\steamlibrary\steamapps\common\portal 2\portal2_dlc3\maps\sp_a4_laser_platform.vmf
ConVarRef gpu_level doesn't point to an existing ConVar
fixing up env_cubemap materials on brush sides...
0...1...2...3...4...5...6...7...8...9...100...1...2...3...4...5...6...7...8...9...10Processing areas...done (0)
Building Faces...done (0)
Chop Details...done (0)
Find Visible Detail Sides...
Merged 744 detail faces...done (0)
Merging details...done (0)
FixTjuncs...
PruneNodes...
WriteBSP...
done (0)
writing d:\steamlibrary\steamapps\common\portal 2\portal2_dlc3\maps\sp_a4_laser_platform.prt...Building visibility clusters...
done (0)
Finding displacement neighbors...
Finding lightmap sample positions...
Displacement Alpha : 0...1...2...3...4...5...6...7...8...9...10
Building Physics collision data...
done (1) (536142 bytes)
Encountered obsolete static prop option to do its fade in screen space @ -512.00 -2112.00 16.00
Encountered obsolete static prop option to do its fade in screen space @ 3376.00 -1184.00 -2448.00
Encountered obsolete static prop option to do its fade in screen space @ 3568.00 -1184.00 -2448.00
Encountered obsolete static prop option to do its fade in screen space @ -512.00 -2496.00 16.00
Encountered obsolete static prop option to do its fade in screen space @ 880.00 -2560.00 704.00
Encountered obsolete static prop option to do its fade in screen space @ 880.00 -2496.00 896.00
Encountered obsolete static prop option to do its fade in screen space @ -448.00 -2064.00 0.00
Encountered obsolete static prop option to do its fade in screen space @ -512.00 -2368.00 16.00
Encountered obsolete static prop option to do its fade in screen space @ 880.00 -2560.00 576.00
Encountered obsolete static prop option to do its fade in screen space @ 3520.00 -608.00 -96.00
Encountered obsolete static prop option to do its fade in screen space @ 3488.00 -608.00 -96.00
Encountered obsolete static prop option to do its fade in screen space @ -192.00 -2560.00 16.00
Encountered obsolete static prop option to do its fade in screen space @ 3472.00 -1024.00 -2512.00
Encountered obsolete static prop option to do its fade in screen space @ 3440.00 -1024.00 -2512.00
Encountered obsolete static prop option to do its fade in screen space @ 880.00 -2368.00 896.00
Encountered obsolete static prop option to do its fade in screen space @ -320.00 -2064.00 0.00
Encountered obsolete static prop option to do its fade in screen space @ -512.00 -2240.00 16.00
Encountered obsolete static prop option to do its fade in screen space @ -448.00 -2560.00 16.00
Encountered obsolete static prop option to do its fade in screen space @ -320.00 -2560.00 16.00
Encountered obsolete static prop option to do its fade in screen space @ 880.00 -2560.00 832.00
Encountered obsolete static prop option to do its fade in screen space @ -624.00 -1248.00 192.00
Encountered obsolete static prop option to do its fade in screen space @ -656.00 -1248.00 192.00
Placing detail props : 0...1...2...3...4...5...6...7...8...9...10
Compacting texture/material tables...
Reduced 1778 texinfos to 1032
Reduced 76 texdatas to 74 (2158 bytes to 2104)
Writing d:\steamlibrary\steamapps\common\portal 2\portal2_dlc3\maps\sp_a4_laser_platform.bsp

nummapplanes:     (  7162 / 65536 )
nummapbrushes:    (  1431 /  8192 )
nummapbrushsides: ( 10929 / 65536 )
num_map_overlays: (    57 /   512 )
nummodels:        (   130 /  1024 )
num_entities:     (   715 / 16384 )

6 seconds elapsed



12 threads
reading d:\steamlibrary\steamapps\common\portal 2\portal2_dlc3\maps\sp_a4_laser_platform.bsp
reading d:\steamlibrary\steamapps\common\portal 2\portal2_dlc3\maps\sp_a4_laser_platform.prt
 787 portalclusters
2362 numportals
0...1...2...3...4...5...6...7...8...9...10Optimized: 19003 visible clusters (0.00%)
Total clusters visible: 323982
Average clusters visible: 411
Building PAS...
Average clusters audible: 694
visdatasize:153563  compressed from 163696
writing d:\steamlibrary\steamapps\common\portal 2\portal2_dlc3\maps\sp_a4_laser_platform.bsp
0 seconds elapsed



[Reading texlights from 'lights.rad']
[59 texlights parsed from 'lights.rad']

Loading d:\steamlibrary\steamapps\common\portal 2\portal2_dlc3\maps\sp_a4_laser_platform.bsp
5290 faces
4 degenerate faces
12046597 square feet [1734710016.00 square inches]
0 Displacements
0 Square Feet [0.00 Square Inches]
5286 patches before subdivision
102598 patches after subdivision
185 direct lights
0...1...2...3...4...5...6...7...8...9...100...1...2...3...4...5...6...7...8...9...10transfers 9068711, max 591
transfer lists:  69.2 megs
0...1...2...3...4...5...6...7...8...9...10	Bounce #1 added RGB(28504, 30724, 34047)
0...1...2...3...4...5...6...7...8...9...10	Bounce #2 added RGB(12584, 13199, 14451)
Build Patch/Sample Hash Table(s).....Done<0.0437 sec>
0...1...2...3...4...5...6...7...8...9...10FinalLightFace Done
70 of 70 (100% of) surface lights went in leaf ambient cubes.
0...1...2...3...4...5...6...7...8...9...10Writing leaf ambient...done
Ready to Finish

Object names       Objects/Maxobjs  Memory / Maxmem  Fullness 
------------       ---------------  ---------------  -------- 
models                 130/1024         6240/49152    (12.7%) 
brushes               1431/8192        17172/98304    (17.5%) 
brushsides           10985/65536       87880/524288   (16.8%) 
planes                7162/65536      143240/1310720  (10.9%) 
vertexes             11263/65536      135156/786432   (17.2%) 
nodes                 2605/65536       83360/2097152  ( 4.0%) 
texinfos              1032/12288       74304/884736   ( 8.4%) 
texdata                 74/2048         2368/65536    ( 3.6%) 
dispinfos                0/0               0/0        ( 0.0%) 
disp_verts               0/0               0/0        ( 0.0%) 
disp_tris                0/0               0/0        ( 0.0%) 
disp_multiblend          0/0               0/0        ( 0.0%) 
disp_lmsamples           0/0               0/0        ( 0.0%) 
faces                 5290/65536      296240/3670016  ( 8.1%) 
hdr faces                0/65536           0/3670016  ( 0.0%) 
origfaces             2833/65536      158648/3670016  ( 4.3%) 
facebrushes            798/0            1596/0        ( 0.0%) 
facebrushlists        5290/0           21160/0        ( 0.0%) 
leaves                2736/65536       87552/2097152  ( 4.2%) 
leaffaces             8846/65536       17692/131072   (13.5%) 
leafbrushes           3786/65536        7572/131072   ( 5.8%) 
areas                   11/256            88/2048     ( 4.3%) 
surfedges            35514/512000     142056/2048000  ( 6.9%) 
edges                22514/256000      90056/1024000  ( 8.8%) 
LDR worldlights        185/8192        18500/819200   ( 2.3%) 
HDR worldlights          0/8192            0/819200   ( 0.0%) 
leafwaterdata            0/32768           0/393216   ( 0.0%) 
waterstrips            467/32768        4670/327680   ( 1.4%) 
waterverts               0/65536           0/786432   ( 0.0%) 
waterindices          8100/65536       16200/131072   (12.4%) 
cubemapsamples           6/1024           96/16384    ( 0.6%) 
overlays                57/512         20064/180224   (11.1%) 
LDR lightdata         [variable]     3665948/0        ( 0.0%) 
HDR lightdata         [variable]           0/0        ( 0.0%) 
visdata               [variable]      153563/16777216 ( 0.9%) 
entdata               [variable]      237843/393216   (60.5%) 
LDR ambient table     2736/65536       10944/262144   ( 4.2%) 
HDR ambient table     2736/65536       10944/262144   ( 4.2%) 
LDR leaf ambient      8763/65536      245364/1835008  (13.4%) 
HDR leaf ambient      2736/65536       76608/1835008  ( 4.2%) 
occluders                0/0               0/0        ( 0.0%) 
occluder polygons        0/0               0/0        ( 0.0%) 
occluder vert ind        0/0               0/0        ( 0.0%) 
detail props          [variable]           1/12       ( 8.3%) 
static props          [variable]           1/78492    ( 0.0%) 
pakfile               [variable]      522155/0        ( 0.0%) 
physics               [variable]      536142/4194304  (12.8%) 
physics terrain       [variable]           2/1048576  ( 0.0%) 

Level flags = 0

Total triangle count: 13619
Writing d:\steamlibrary\steamapps\common\portal 2\portal2_dlc3\maps\sp_a4_laser_platform.bsp
45 seconds elapsed



materialPath: D:\SteamLibrary\steamapps\common\Portal 2\portal2\materials
Loading d:\steamlibrary\steamapps\common\portal 2\portal2_dlc3\maps\sp_a4_laser_platform.vmf
ConVarRef gpu_level doesn't point to an existing ConVar
fixing up env_cubemap materials on brush sides...
0...1...2...3...4...5...6...7...8...9...100...1...2...3...4...5...6...7...8...9...10Processing areas...done (0)
Building Faces...done (0)
Chop Details...done (0)
Find Visible Detail Sides...
Merged 744 detail faces...done (0)
Merging details...done (0)
FixTjuncs...
PruneNodes...
WriteBSP...
done (0)
writing d:\steamlibrary\steamapps\common\portal 2\portal2_dlc3\maps\sp_a4_laser_platform.prt...Building visibility clusters...
done (0)
Finding displacement neighbors...
Finding lightmap sample positions...
Displacement Alpha : 0...1...2...3...4...5...6...7...8...9...10
Building Physics collision data...
done (1) (536534 bytes)
Encountered obsolete static prop option to do its fade in screen space @ -512.00 -2112.00 16.00
Encountered obsolete static prop option to do its fade in screen space @ 3376.00 -1184.00 -2448.00
Encountered obsolete static prop option to do its fade in screen space @ 3568.00 -1184.00 -2448.00
Encountered obsolete static prop option to do its fade in screen space @ -512.00 -2496.00 16.00
Encountered obsolete static prop option to do its fade in screen space @ 880.00 -2560.00 704.00
Encountered obsolete static prop option to do its fade in screen space @ 880.00 -2496.00 896.00
Encountered obsolete static prop option to do its fade in screen space @ -448.00 -2064.00 0.00
Encountered obsolete static prop option to do its fade in screen space @ -512.00 -2368.00 16.00
Encountered obsolete static prop option to do its fade in screen space @ 880.00 -2560.00 576.00
Encountered obsolete static prop option to do its fade in screen space @ 3520.00 -608.00 -96.00
Encountered obsolete static prop option to do its fade in screen space @ 3488.00 -608.00 -96.00
Encountered obsolete static prop option to do its fade in screen space @ -192.00 -2560.00 16.00
Encountered obsolete static prop option to do its fade in screen space @ 3472.00 -1024.00 -2512.00
Encountered obsolete static prop option to do its fade in screen space @ 3440.00 -1024.00 -2512.00
Encountered obsolete static prop option to do its fade in screen space @ 880.00 -2368.00 896.00
Encountered obsolete static prop option to do its fade in screen space @ -320.00 -2064.00 0.00
Encountered obsolete static prop option to do its fade in screen space @ -512.00 -2240.00 16.00
Encountered obsolete static prop option to do its fade in screen space @ -448.00 -2560.00 16.00
Encountered obsolete static prop option to do its fade in screen space @ -320.00 -2560.00 16.00
Encountered obsolete static prop option to do its fade in screen space @ 880.00 -2560.00 832.00
Encountered obsolete static prop option to do its fade in screen space @ -624.00 -1248.00 192.00
Encountered obsolete static prop option to do its fade in screen space @ -656.00 -1248.00 192.00
Placing detail props : 0...1...2...3...4...5...6...7...8...9...10
Compacting texture/material tables...
Reduced 1778 texinfos to 1032
Reduced 76 texdatas to 74 (2158 bytes to 2104)
Writing d:\steamlibrary\steamapps\common\portal 2\portal2_dlc3\maps\sp_a4_laser_platform.bsp

nummapplanes:     (  7182 / 65536 )
nummapbrushes:    (  1432 /  8192 )
nummapbrushsides: ( 10941 / 65536 )
num_map_overlays: (    57 /   512 )
nummodels:        (   130 /  1024 )
num_entities:     (   715 / 16384 )

6 seconds elapsed



12 threads
reading d:\steamlibrary\steamapps\common\portal 2\portal2_dlc3\maps\sp_a4_laser_platform.bsp
reading d:\steamlibrary\steamapps\common\portal 2\portal2_dlc3\maps\sp_a4_laser_platform.prt
 787 portalclusters
2362 numportals
0...1...2...3...4...5...6...7...8...9...10Optimized: 19003 visible clusters (0.00%)
Total clusters visible: 323982
Average clusters visible: 411
Building PAS...
Average clusters audible: 694
visdatasize:153563  compressed from 163696
writing d:\steamlibrary\steamapps\common\portal 2\portal2_dlc3\maps\sp_a4_laser_platform.bsp
0 seconds elapsed



[Reading texlights from 'lights.rad']
[59 texlights parsed from 'lights.rad']

Loading d:\steamlibrary\steamapps\common\portal 2\portal2_dlc3\maps\sp_a4_laser_platform.bsp
5290 faces
4 degenerate faces
12046597 square feet [1734710016.00 square inches]
0 Displacements
0 Square Feet [0.00 Square Inches]
5286 patches before subdivision
102598 patches after subdivision
185 direct lights
0...1...2...3...4...5...6...7...8...9...100...1...2...3...4...5...6...7...8...9...10transfers 9068711, max 591
transfer lists:  69.2 megs
0...1...2...3...4...5...6...7...8...9...10	Bounce #1 added RGB(28504, 30724, 34047)
0...1...2...3...4...5...6...7...8...9...10	Bounce #2 added RGB(12584, 13199, 14451)
Build Patch/Sample Hash Table(s).....Done<0.0421 sec>
0...1...2...3...4...5...6...7...8...9...10FinalLightFace Done
70 of 70 (100% of) surface lights went in leaf ambient cubes.
0...1...2...3...4...5...6...7...8...9...10Writing leaf ambient...done
Ready to Finish

Object names       Objects/Maxobjs  Memory / Maxmem  Fullness 
------------       ---------------  ---------------  -------- 
models                 130/1024         6240/49152    (12.7%) 
brushes               1432/8192        17184/98304    (17.5%) 
brushsides           10997/65536       87976/524288   (16.8%) 
planes                7182/65536      143640/1310720  (11.0%) 
vertexes             11263/65536      135156/786432   (17.2%) 
nodes                 2605/65536       83360/2097152  ( 4.0%) 
texinfos              1032/12288       74304/884736   ( 8.4%) 
texdata                 74/2048         2368/65536    ( 3.6%) 
dispinfos                0/0               0/0        ( 0.0%) 
disp_verts               0/0               0/0        ( 0.0%) 
disp_tris                0/0               0/0        ( 0.0%) 
disp_multiblend          0/0               0/0        ( 0.0%) 
disp_lmsamples           0/0               0/0        ( 0.0%) 
faces                 5290/65536      296240/3670016  ( 8.1%) 
hdr faces                0/65536           0/3670016  ( 0.0%) 
origfaces             2833/65536      158648/3670016  ( 4.3%) 
facebrushes            798/0            1596/0        ( 0.0%) 
facebrushlists        5290/0           21160/0        ( 0.0%) 
leaves                2736/65536       87552/2097152  ( 4.2%) 
leaffaces             8846/65536       17692/131072   (13.5%) 
leafbrushes           3793/65536        7586/131072   ( 5.8%) 
areas                   11/256            88/2048     ( 4.3%) 
surfedges            35514/512000     142056/2048000  ( 6.9%) 
edges                22514/256000      90056/1024000  ( 8.8%) 
LDR worldlights        185/8192        18500/819200   ( 2.3%) 
HDR worldlights          0/8192            0/819200   ( 0.0%) 
leafwaterdata            0/32768           0/393216   ( 0.0%) 
waterstrips            467/32768        4670/327680   ( 1.4%) 
waterverts               0/65536           0/786432   ( 0.0%) 
waterindices          8100/65536       16200/131072   (12.4%) 
cubemapsamples           6/1024           96/16384    ( 0.6%) 
overlays                57/512         20064/180224   (11.1%) 
LDR lightdata         [variable]     3665948/0        ( 0.0%) 
HDR lightdata         [variable]           0/0        ( 0.0%) 
visdata               [variable]      153563/16777216 ( 0.9%) 
entdata               [variable]      237846/393216   (60.5%) 
LDR ambient table     2736/65536       10944/262144   ( 4.2%) 
HDR ambient table     2736/65536       10944/262144   ( 4.2%) 
LDR leaf ambient      8763/65536      245364/1835008  (13.4%) 
HDR leaf ambient      2736/65536       76608/1835008  ( 4.2%) 
occluders                0/0               0/0        ( 0.0%) 
occluder polygons        0/0               0/0        ( 0.0%) 
occluder vert ind        0/0               0/0        ( 0.0%) 
detail props          [variable]           1/12       ( 8.3%) 
static props          [variable]           1/78492    ( 0.0%) 
pakfile               [variable]      522155/0        ( 0.0%) 
physics               [variable]      536534/4194304  (12.8%) 
physics terrain       [variable]           2/1048576  ( 0.0%) 

Level flags = 0

Total triangle count: 13619
Writing d:\steamlibrary\steamapps\common\portal 2\portal2_dlc3\maps\sp_a4_laser_platform.bsp
48 seconds elapsed



materialPath: D:\SteamLibrary\steamapps\common\Portal 2\portal2\materials
Loading d:\steamlibrary\steamapps\common\portal 2\portal2_dlc3\maps\sp_a4_laser_platform.vmf
ConVarRef gpu_level doesn't point to an existing ConVar
fixing up env_cubemap materials on brush sides...
0...1...2...3...4...5...6...7...8...9...100...1...2...3...4...5...6...7...8...9...10Processing areas...done (0)
Building Faces...done (0)
Chop Details...done (0)
Find Visible Detail Sides...
Merged 744 detail faces...done (0)
Merging details...done (0)
FixTjuncs...
PruneNodes...
WriteBSP...
done (0)
writing d:\steamlibrary\steamapps\common\portal 2\portal2_dlc3\maps\sp_a4_laser_platform.prt...Building visibility clusters...
done (0)
Finding displacement neighbors...
Finding lightmap sample positions...
Displacement Alpha : 0...1...2...3...4...5...6...7...8...9...10
Building Physics collision data...
done (1) (536534 bytes)
Encountered obsolete static prop option to do its fade in screen space @ -512.00 -2112.00 16.00
Encountered obsolete static prop option to do its fade in screen space @ 3376.00 -1184.00 -2448.00
Encountered obsolete static prop option to do its fade in screen space @ 3568.00 -1184.00 -2448.00
Encountered obsolete static prop option to do its fade in screen space @ -512.00 -2496.00 16.00
Encountered obsolete static prop option to do its fade in screen space @ 880.00 -2560.00 704.00
Encountered obsolete static prop option to do its fade in screen space @ 880.00 -2496.00 896.00
Encountered obsolete static prop option to do its fade in screen space @ -448.00 -2064.00 0.00
Encountered obsolete static prop option to do its fade in screen space @ -512.00 -2368.00 16.00
Encountered obsolete static prop option to do its fade in screen space @ 880.00 -2560.00 576.00
Encountered obsolete static prop option to do its fade in screen space @ 3520.00 -608.00 -96.00
Encountered obsolete static prop option to do its fade in screen space @ 3488.00 -608.00 -96.00
Encountered obsolete static prop option to do its fade in screen space @ -192.00 -2560.00 16.00
Encountered obsolete static prop option to do its fade in screen space @ 3472.00 -1024.00 -2512.00
Encountered obsolete static prop option to do its fade in screen space @ 3440.00 -1024.00 -2512.00
Encountered obsolete static prop option to do its fade in screen space @ 880.00 -2368.00 896.00
Encountered obsolete static prop option to do its fade in screen space @ -320.00 -2064.00 0.00
Encountered obsolete static prop option to do its fade in screen space @ -512.00 -2240.00 16.00
Encountered obsolete static prop option to do its fade in screen space @ -448.00 -2560.00 16.00
Encountered obsolete static prop option to do its fade in screen space @ -320.00 -2560.00 16.00
Encountered obsolete static prop option to do its fade in screen space @ 880.00 -2560.00 832.00
Encountered obsolete static prop option to do its fade in screen space @ -624.00 -1248.00 192.00
Encountered obsolete static prop option to do its fade in screen space @ -656.00 -1248.00 192.00
Placing detail props : 0...1...2...3...4...5...6...7...8...9...10
Compacting texture/material tables...
Reduced 1778 texinfos to 1032
Reduced 76 texdatas to 74 (2158 bytes to 2104)
Writing d:\steamlibrary\steamapps\common\portal 2\portal2_dlc3\maps\sp_a4_laser_platform.bsp

nummapplanes:     (  7182 / 65536 )
nummapbrushes:    (  1432 /  8192 )
nummapbrushsides: ( 10941 / 65536 )
num_map_overlays: (    57 /   512 )
nummodels:        (   130 /  1024 )
num_entities:     (   715 / 16384 )

6 seconds elapsed



12 threads
reading d:\steamlibrary\steamapps\common\portal 2\portal2_dlc3\maps\sp_a4_laser_platform.bsp
reading d:\steamlibrary\steamapps\common\portal 2\portal2_dlc3\maps\sp_a4_laser_platform.prt
 787 portalclusters
2362 numportals
0...1...2...3...4...5...6...7...8...9...10Optimized: 19003 visible clusters (0.00%)
Total clusters visible: 323982
Average clusters visible: 411
Building PAS...
Average clusters audible: 694
visdatasize:153563  compressed from 163696
writing d:\steamlibrary\steamapps\common\portal 2\portal2_dlc3\maps\sp_a4_laser_platform.bsp
0 seconds elapsed



[Reading texlights from 'lights.rad']
[59 texlights parsed from 'lights.rad']

Loading d:\steamlibrary\steamapps\common\portal 2\portal2_dlc3\maps\sp_a4_laser_platform.bsp
Loaded alpha texture materials\Tools\toolsinvisible.vtf
5290 faces
4 degenerate faces
12046597 square feet [1734710016.00 square inches]
0 Displacements
0 Square Feet [0.00 Square Inches]
5286 patches before subdivision
102598 patches after subdivision
185 direct lights
0...1...2...3...4...5...6...7...8...9...100...1...2...3...4...5...6...7...8...9...10transfers 9931618, max 615
transfer lists:  75.8 megs
0...1...2...3...4...5...6...7...8...9...10	Bounce #1 added RGB(30686, 33129, 36424)
0...1...2...3...4...5...6...7...8...9...10	Bounce #2 added RGB(13484, 14150, 15380)
0...1...2...3...4...5...6...7...8...9...10	Bounce #3 added RGB(6557, 6797, 7322)
0...1...2...3...4...5...6...7...8...9...10	Bounce #4 added RGB(3275, 3372, 3608)
0...1...2...3...4...5...6...7...8...9...10	Bounce #5 added RGB(1659, 1699, 1805)
0...1...2...3...4...5...6...7...8...9...10	Bounce #6 added RGB(846, 862, 910)
0...1...2...3...4...5...6...7...8...9...10	Bounce #7 added RGB(433, 440, 462)
0...1...2...3...4...5...6...7...8...9...10	Bounce #8 added RGB(223, 225, 235)
0...1...2...3...4...5...6...7...8...9...10	Bounce #9 added RGB(115, 116, 120)
0...1...2...3...4...5...6...7...8...9...10	Bounce #10 added RGB(59, 59, 61)
0...1...2...3...4...5...6...7...8...9...10	Bounce #11 added RGB(30, 31, 31)
0...1...2...3...4...5...6...7...8...9...10	Bounce #12 added RGB(16, 16, 16)
0...1...2...3...4...5...6...7...8...9...10	Bounce #13 added RGB(8, 8, 8)
0...1...2...3...4...5...6...7...8...9...10	Bounce #14 added RGB(4, 4, 4)
0...1...2...3...4...5...6...7...8...9...10	Bounce #15 added RGB(2, 2, 2)
0...1...2...3...4...5...6...7...8...9...10	Bounce #16 added RGB(1, 1, 1)
0...1...2...3...4...5...6...7...8...9...10	Bounce #17 added RGB(1, 1, 1)
Build Patch/Sample Hash Table(s).....Done<0.0445 sec>
0...1...2...3...4...5...6...7...8...9...10FinalLightFace Done
70 of 70 (100% of) surface lights went in leaf ambient cubes.
0...1...2...3...4...5...6...7...8...9...10Writing leaf ambient...done
Computing static prop lighting : 00...1...2...3...4...5...6...7...8...9...10
Ready to Finish

Object names       Objects/Maxobjs  Memory / Maxmem  Fullness 
------------       ---------------  ---------------  -------- 
models                 130/1024         6240/49152    (12.7%) 
brushes               1432/8192        17184/98304    (17.5%) 
brushsides           10997/65536       87976/524288   (16.8%) 
planes                7182/65536      143640/1310720  (11.0%) 
vertexes             11263/65536      135156/786432   (17.2%) 
nodes                 2605/65536       83360/2097152  ( 4.0%) 
texinfos              1032/12288       74304/884736   ( 8.4%) 
texdata                 74/2048         2368/65536    ( 3.6%) 
dispinfos                0/0               0/0        ( 0.0%) 
disp_verts               0/0               0/0        ( 0.0%) 
disp_tris                0/0               0/0        ( 0.0%) 
disp_multiblend          0/0               0/0        ( 0.0%) 
disp_lmsamples           0/0               0/0        ( 0.0%) 
faces                 5290/65536      296240/3670016  ( 8.1%) 
hdr faces                0/65536           0/3670016  ( 0.0%) 
origfaces             2833/65536      158648/3670016  ( 4.3%) 
facebrushes            798/0            1596/0        ( 0.0%) 
facebrushlists        5290/0           21160/0        ( 0.0%) 
leaves                2736/65536       87552/2097152  ( 4.2%) 
leaffaces             8846/65536       17692/131072   (13.5%) 
leafbrushes           3793/65536        7586/131072   ( 5.8%) 
areas                   11/256            88/2048     ( 4.3%) 
surfedges            35514/512000     142056/2048000  ( 6.9%) 
edges                22514/256000      90056/1024000  ( 8.8%) 
LDR worldlights        185/8192        18500/819200   ( 2.3%) 
HDR worldlights          0/8192            0/819200   ( 0.0%) 
leafwaterdata            0/32768           0/393216   ( 0.0%) 
waterstrips            467/32768        4670/327680   ( 1.4%) 
waterverts               0/65536           0/786432   ( 0.0%) 
waterindices          8100/65536       16200/131072   (12.4%) 
cubemapsamples           6/1024           96/16384    ( 0.6%) 
overlays                57/512         20064/180224   (11.1%) 
LDR lightdata         [variable]     3693620/0        ( 0.0%) 
HDR lightdata         [variable]           0/0        ( 0.0%) 
visdata               [variable]      153563/16777216 ( 0.9%) 
entdata               [variable]      237846/393216   (60.5%) 
LDR ambient table     2736/65536       10944/262144   ( 4.2%) 
HDR ambient table     2736/65536       10944/262144   ( 4.2%) 
LDR leaf ambient      8703/65536      243684/1835008  (13.3%) 
HDR leaf ambient      2736/65536       76608/1835008  ( 4.2%) 
occluders                0/0               0/0        ( 0.0%) 
occluder polygons        0/0               0/0        ( 0.0%) 
occluder vert ind        0/0               0/0        ( 0.0%) 
detail props          [variable]           1/12       ( 8.3%) 
static props          [variable]           1/78492    ( 0.0%) 
pakfile               [variable]    10341807/0        ( 0.0%) 
physics               [variable]      536534/4194304  (12.8%) 
physics terrain       [variable]           2/1048576  ( 0.0%) 

Level flags = 1

Total triangle count: 13619
Writing d:\steamlibrary\steamapps\common\portal 2\portal2_dlc3\maps\sp_a4_laser_platform.bsp
9 minutes, 35 seconds elapsed



[Reading texlights from 'lights.rad']
[59 texlights parsed from 'lights.rad']

Loading d:\steamlibrary\steamapps\common\portal 2\portal2_dlc3\maps\sp_a4_laser_platform.bsp
Loaded alpha texture materials\Tools\toolsinvisible.vtf
5290 faces
4 degenerate faces
12046597 square feet [1734710016.00 square inches]
0 Displacements
0 Square Feet [0.00 Square Inches]
5286 patches before subdivision
102598 patches after subdivision
185 direct lights
0...1...2...3...4...5...6...7...8...9...100...1...2...3...4...5...6...7...8...9...10transfers 9931618, max 615
transfer lists:  75.8 megs
0...1...2...3...4...5...6...7...8...9...10	Bounce #1 added RGB(30686, 33129, 36424)
0...1...2...3...4...5...6...7...8...9...10	Bounce #2 added RGB(13484, 14150, 15380)
0...1...2...3...4...5...6...7...8...9...10	Bounce #3 added RGB(6557, 6797, 7322)
0...1...2...3...4...5...6...7...8...9...10	Bounce #4 added RGB(3275, 3372, 3607)
0...1...2...3...4...5...6...7...8...9...10	Bounce #5 added RGB(1659, 1699, 1805)
0...1...2...3...4...5...6...7...8...9...10	Bounce #6 added RGB(846, 862, 910)
0...1...2...3...4...5...6...7...8...9...10	Bounce #7 added RGB(433, 440, 462)
0...1...2...3...4...5...6...7...8...9...10	Bounce #8 added RGB(223, 225, 235)
0...1...2...3...4...5...6...7...8...9...10	Bounce #9 added RGB(115, 116, 120)
0...1...2...3...4...5...6...7...8...9...10	Bounce #10 added RGB(59, 59, 61)
0...1...2...3...4...5...6...7...8...9...10	Bounce #11 added RGB(30, 31, 31)
0...1...2...3...4...5...6...7...8...9...10	Bounce #12 added RGB(16, 16, 16)
0...1...2...3...4...5...6...7...8...9...10	Bounce #13 added RGB(8, 8, 8)
0...1...2...3...4...5...6...7...8...9...10	Bounce #14 added RGB(4, 4, 4)
0...1...2...3...4...5...6...7...8...9...10	Bounce #15 added RGB(2, 2, 2)
0...1...2...3...4...5...6...7...8...9...10	Bounce #16 added RGB(1, 1, 1)
0...1...2...3...4...5...6...7...8...9...10	Bounce #17 added RGB(1, 1, 1)
Build Patch/Sample Hash Table(s).....Done<0.6846 sec>
0...1...2...3...4...5...6...7...8...9...10FinalLightFace Done
70 of 70 (100% of) surface lights went in leaf ambient cubes.
0...1...2...3...4...5...6...7...8...9...10Writing leaf ambient...done
Computing static prop lighting : 00...1...2...3...4...5...6...7...8...9...10
Ready to Finish

Object names       Objects/Maxobjs  Memory / Maxmem  Fullness 
------------       ---------------  ---------------  -------- 
models                 130/1024         6240/49152    (12.7%) 
brushes               1432/8192        17184/98304    (17.5%) 
brushsides           10997/65536       87976/524288   (16.8%) 
planes                7182/65536      143640/1310720  (11.0%) 
vertexes             11263/65536      135156/786432   (17.2%) 
nodes                 2605/65536       83360/2097152  ( 4.0%) 
texinfos              1032/12288       74304/884736   ( 8.4%) 
texdata                 74/2048         2368/65536    ( 3.6%) 
dispinfos                0/0               0/0        ( 0.0%) 
disp_verts               0/0               0/0        ( 0.0%) 
disp_tris                0/0               0/0        ( 0.0%) 
disp_multiblend          0/0               0/0        ( 0.0%) 
disp_lmsamples           0/0               0/0        ( 0.0%) 
faces                 5290/65536      296240/3670016  ( 8.1%) 
hdr faces             5290/65536      296240/3670016  ( 8.1%) 
origfaces             2833/65536      158648/3670016  ( 4.3%) 
facebrushes            798/0            1596/0        ( 0.0%) 
facebrushlists        5290/0           21160/0        ( 0.0%) 
leaves                2736/65536       87552/2097152  ( 4.2%) 
leaffaces             8846/65536       17692/131072   (13.5%) 
leafbrushes           3793/65536        7586/131072   ( 5.8%) 
areas                   11/256            88/2048     ( 4.3%) 
surfedges            35514/512000     142056/2048000  ( 6.9%) 
edges                22514/256000      90056/1024000  ( 8.8%) 
LDR worldlights        185/8192        18500/819200   ( 2.3%) 
HDR worldlights        185/8192        18500/819200   ( 2.3%) 
leafwaterdata            0/32768           0/393216   ( 0.0%) 
waterstrips            467/32768        4670/327680   ( 1.4%) 
waterverts               0/65536           0/786432   ( 0.0%) 
waterindices          8100/65536       16200/131072   (12.4%) 
cubemapsamples           6/1024           96/16384    ( 0.6%) 
overlays                57/512         20064/180224   (11.1%) 
LDR lightdata         [variable]     3693620/0        ( 0.0%) 
HDR lightdata         [variable]     3693620/0        ( 0.0%) 
visdata               [variable]      153563/16777216 ( 0.9%) 
entdata               [variable]      237846/393216   (60.5%) 
LDR ambient table     2736/65536       10944/262144   ( 4.2%) 
HDR ambient table     2736/65536       10944/262144   ( 4.2%) 
LDR leaf ambient      8703/65536      243684/1835008  (13.3%) 
HDR leaf ambient      8703/65536      243684/1835008  (13.3%) 
occluders                0/0               0/0        ( 0.0%) 
occluder polygons        0/0               0/0        ( 0.0%) 
occluder vert ind        0/0               0/0        ( 0.0%) 
detail props          [variable]           1/12       ( 8.3%) 
static props          [variable]           1/78492    ( 0.0%) 
pakfile               [variable]    20168091/0        ( 0.0%) 
physics               [variable]      536534/4194304  (12.8%) 
physics terrain       [variable]           2/1048576  ( 0.0%) 

Level flags = 3

Total triangle count: 13619
Writing d:\steamlibrary\steamapps\common\portal 2\portal2_dlc3\maps\sp_a4_laser_platform.bsp
9 minutes, 43 seconds elapsed
