PRT1
293
593
4 3 7 (448 2048 -1312 ) (448 2048 -288 ) (0 2048 -288 ) (0 2048 -1312 ) 
4 3 5 (448 2048 -288 ) (448 2048 352 ) (0 2048 352 ) (0 2048 -288 ) 
4 3 4 (0 2048 -1312 ) (0 2048 352 ) (0 2784 352 ) (0 2784 -1312 ) 
4 4 42 (-576 2048 -288 ) (-576 2048 -1312 ) (-128 2048 -1312 ) (-128 2048 -288 ) 
4 4 40 (-128 2048 352 ) (-576 2048 352 ) (-576 2048 -288 ) (-128 2048 -288 ) 
4 4 34 (0 2048 -1312 ) (0 2048 352 ) (-128 2048 352 ) (-128 2048 -1312 ) 
4 5 34 (0 2048 352 ) (0 2048 -288 ) (0 1952 -288 ) (0 1952 352 ) 
4 5 7 (0 1952 -288 ) (0 2048 -288 ) (448 2048 -288 ) (448 1952 -288 ) 
4 6 36 (0 1760 -288 ) (0 1696 -288 ) (0 1696 -224 ) (0 1760 -224 ) 
4 6 8 (0 1696 -288 ) (0 1760 -288 ) (32 1760 -288 ) (32 1696 -288 ) 
4 7 34 (0 2048 -288 ) (0 2048 -1312 ) (0 1952 -1312 ) (0 1952 -288 ) 
4 8 36 (0 1696 -288 ) (0 1760 -288 ) (0 1760 -416 ) (0 1696 -416 ) 
4 9 10 (101.763588 1376 -173.525482 ) (109.945961 1376 -80 ) (109.946136 1504 -80 ) (101.763702 1504 -173.526138 ) 
4 10 18 (72 1376 -176 ) (72 1376 -224 ) (81.284866 1376 -224 ) (85.484047 1376 -176 ) 
4 10 13 (72 1504 -80 ) (72 1504 -224 ) (72 1376 -224 ) (72 1376 -80 ) 
4 10 12 (72 1376 -224 ) (72 1472 -224 ) (96 1472 -224 ) (96 1376 -224 ) 
4 10 11 (96 1504 -224 ) (97.348022 1504 -224 ) (97.347855 1376 -224 ) (96 1376 -224 ) 
4 11 12 (96 1376 -239.405975 ) (96 1376 -224 ) (96 1472 -224 ) (96 1472 -239.407410 ) 
5 12 20 (72 1376 -330.133575 ) (72 1376 -416 ) (80.549927 1376 -416 ) (90.607285 1376 -301.044586 ) (74.666824 1376 -299.649628 ) 
3 12 19 (72 1376 -248 ) (72 1376 -330.133575 ) (79.185280 1376 -248 ) 
4 12 18 (81.284866 1376 -224 ) (72 1376 -224 ) (72 1376 -248 ) (79.185280 1376 -248 ) 
4 12 15 (80.549980 1416 -416 ) (80.549927 1376 -416 ) (72 1376 -416 ) (72 1416 -416 ) 
4 13 18 (64 1376 -176 ) (64 1376 -224 ) (72 1376 -224 ) (72 1376 -176 ) 
4 13 16 (64 1504 -80 ) (64 1504 -224 ) (64 1376 -224 ) (64 1376 -80 ) 
4 14 16 (64 1471 -415 ) (64 1377 -415 ) (64 1377 -225 ) (64 1471 -225 ) 
5 15 20 (80.549927 1376 -416 ) (64.488159 1376 -416 ) (64 1376 -421.580017 ) (64 1376 -427.200470 ) (79.451782 1376 -428.551788 ) 
3 15 19 (64.488159 1376 -416 ) (64 1376 -416 ) (64 1376 -421.580017 ) 
4 15 16 (64 1376 -427.200500 ) (64 1376 -416 ) (64 1416 -416 ) (64 1416 -427.200470 ) 
4 16 32 (32 1504 -416 ) (32 1504 -424.402008 ) (32 1408 -424.402252 ) (32 1408 -416 ) 
4 16 30 (32 1504 -80 ) (32 1504 -416 ) (32 1376 -416 ) (32 1376 -80 ) 
4 16 22 (32 1376 -416 ) (32 1376 -424.401978 ) (64 1376 -427.200195 ) (64 1376 -416 ) 
4 16 17 (63.511993 1376 -427.158356 ) (32 1376 -424.402527 ) (32 1504 -424.402588 ) (63.511993 1504 -427.158417 ) 
4 17 32 (32 1504 -424.402008 ) (32 1504 -440.471436 ) (32 1408 -440.470886 ) (32 1408 -424.402252 ) 
4 17 25 (32 1376 -424.401978 ) (32 1376 -440.470886 ) (62.116875 1376 -443.105743 ) (63.512070 1376 -427.157532 ) 
4 18 19 (64 1249 -248 ) (64 1376 -248 ) (79.185280 1376 -248 ) (79.185280 1249 -248 ) 
4 19 22 (64 1249 -421.580078 ) (64 1249 -416 ) (64 1376 -416 ) (64 1376 -421.580048 ) 
4 19 20 (74.666595 1249 -299.649658 ) (64 1249 -421.577484 ) (64 1376 -421.577484 ) (74.666603 1376 -299.649628 ) 
4 20 22 (64 1376 -427.201721 ) (64 1249 -427.201660 ) (64 1249 -421.580078 ) (64 1376 -421.580048 ) 
5 20 21 (64 1249 -422.679901 ) (64 1249 -427.200439 ) (79.451614 1249 -428.551727 ) (90.605820 1249 -301.044495 ) (77.356438 1249 -299.885040 ) 
4 21 23 (64 1249 -427.201660 ) (64 1248 -427.201660 ) (64 1248 -422.679901 ) (64 1249 -422.679901 ) 
4 22 25 (32 1376 -424.402161 ) (63.512024 1376 -427.157990 ) (63.512032 1249 -427.157928 ) (32 1249 -424.402100 ) 
4 22 24 (33.411179 1249 -416 ) (32 1249 -416 ) (32 1249 -424.404602 ) (32.626228 1249 -424.459381 ) 
3 22 23 (64 1249 -427.203125 ) (64 1249 -422.679901 ) (63.512646 1249 -427.160492 ) 
4 24 29 (32 1248 -416 ) (32 1248 -424.401917 ) (32.626472 1248 -424.456696 ) (33.411179 1248 -416 ) 
4 24 25 (32.626457 1248 -424.456879 ) (32 1248 -424.402100 ) (32 1249 -424.402100 ) (32.626457 1249 -424.456879 ) 
4 26 31 (32 1232 -288 ) (32 1248 -288 ) (32 1248 -416 ) (32 1232 -416 ) 
4 26 27 (32 1232 -416 ) (33.411179 1232 -416 ) (45.288376 1232 -288 ) (32 1232 -288 ) 
4 27 31 (32 1120 -288 ) (32 1232 -288 ) (32 1232 -416 ) (32 1120 -416 ) 
4 28 82 (64 1024 -288 ) (32 1024 -288 ) (32 1024 -416 ) (64 1024 -416 ) 
4 28 79 (120 1024 -288 ) (64 1024 -288 ) (64 1024 -416 ) (120 1024 -416 ) 
4 28 33 (32 1024 -416 ) (32 1024 -288 ) (32 1088 -288 ) (32 1088 -416 ) 
4 30 49 (0 1408 -416 ) (0 1376 -416 ) (0 1376 -224 ) (0 1408 -224 ) 
4 30 47 (0 1376 -224 ) (0 1376 -80 ) (0 1408 -80 ) (0 1408 -224 ) 
4 30 45 (0 1504 -163.620117 ) (0 1504 -416 ) (0 1408 -416 ) (0 1408 -163.620239 ) 
4 30 44 (0 1504 -80 ) (0 1504 -163.620117 ) (0 1408 -163.620239 ) (0 1408 -80 ) 
4 30 32 (0 1408 -416 ) (0 1504 -416 ) (32 1504 -416 ) (32 1408 -416 ) 
4 30 31 (0 1376 -416 ) (32 1376 -416 ) (32 1376 -224 ) (0 1376 -224 ) 
4 31 77 (0 1120 -416 ) (0 1120 -288 ) (0 1184 -288 ) (0 1184 -416 ) 
4 31 76 (0 1248 -301.759216 ) (0 1248 -302.774475 ) (0 1184 -302.776215 ) (0 1184 -301.758881 ) 
4 31 75 (0 1248 -302.774475 ) (0 1248 -416 ) (0 1184 -416 ) (0 1184 -302.776215 ) 
4 31 74 (0 1184 -288 ) (0 1248 -288 ) (0 1248 -301.759216 ) (0 1184 -301.758881 ) 
4 31 69 (0 1232 -224 ) (0 1248 -224 ) (0 1248 -288 ) (0 1232 -288 ) 
4 31 70 (0 1120 -288 ) (0 1120 -224 ) (0 1232 -224 ) (0 1232 -288 ) 
4 31 53 (0 1312 -303.770355 ) (0 1312 -304.799042 ) (0 1248 -304.800232 ) (0 1248 -303.770020 ) 
4 31 51 (0 1312 -304.799042 ) (0 1312 -416 ) (0 1248 -416 ) (0 1248 -304.800232 ) 
4 31 50 (0 1248 -224 ) (0 1312 -224 ) (0 1312 -303.770355 ) (0 1248 -303.770020 ) 
4 31 49 (0 1312 -224 ) (0 1376 -224 ) (0 1376 -416 ) (0 1312 -416 ) 
4 31 33 (32 1120 -416 ) (32 1120 -288 ) (0 1120 -288 ) (0 1120 -416 ) 
4 32 45 (0 1408 -416 ) (0 1504 -416 ) (0 1504 -437.671906 ) (0 1408 -437.671539 ) 
4 33 82 (32 1024 -416 ) (32 1024 -288 ) (0 1024 -288 ) (0 1024 -416 ) 
4 33 78 (0 1024 -416 ) (0 1024 -288 ) (0 1088 -288 ) (0 1088 -416 ) 
4 33 77 (0 1088 -288 ) (0 1120 -288 ) (0 1120 -416 ) (0 1088 -416 ) 
4 34 42 (-128 2048 -288 ) (-128 2048 -1312 ) (-128 1952 -1312 ) (-128 1952 -288 ) 
4 34 40 (-128 2048 352 ) (-128 2048 -288 ) (-128 1952 -288 ) (-128 1952 352 ) 
4 34 35 (-128 1952 -288 ) (-128 1952 -544 ) (0 1952 -544 ) (0 1952 -288 ) 
4 35 36 (-128 1760 -288 ) (-128 1760 -416 ) (0 1760 -416 ) (0 1760 -288 ) 
4 36 43 (-128 1696 -416 ) (-128 1696 -288 ) (-128 1760 -288 ) (-128 1760 -416 ) 
4 36 41 (-128 1696 -288 ) (-128 1696 -224 ) (-128 1760 -224 ) (-128 1760 -288 ) 
4 36 37 (-128 1696 -288 ) (-128 1696 -416 ) (0 1696 -416 ) (0 1696 -288 ) 
4 37 38 (-128 1568 -288 ) (-128 1568 -416 ) (0 1568 -416 ) (0 1568 -288 ) 
4 38 39 (-128 1536 -288 ) (-128 1536 -416 ) (0 1536 -416 ) (0 1536 -288 ) 
4 39 45 (0 1504 -416 ) (0 1504 -288 ) (-128 1504 -288 ) (-128 1504 -416 ) 
4 40 42 (-576 2048 -288 ) (-128 2048 -288 ) (-128 1952 -288 ) (-576 1952 -288 ) 
4 41 43 (-128 1760 -288 ) (-128 1696 -288 ) (-160 1696 -288 ) (-160 1760 -288 ) 
4 44 47 (0 1408 -163.620239 ) (0 1408 -80 ) (-180 1408 -80 ) (-180 1408 -147.877777 ) 
4 44 45 (0 1408 -163.620605 ) (-169.202087 1408 -148.822098 ) (-169.201294 1504 -148.821991 ) (0 1504 -163.620041 ) 
4 45 63 (-180 1408 -373.720428 ) (-180 1408 -416 ) (-160 1408 -416 ) (-160 1408 -375.471558 ) 
4 45 62 (-180 1408 -288 ) (-180 1408 -373.720428 ) (-160 1408 -375.471558 ) (-160 1408 -288 ) 
5 45 59 (-160 1408 -224 ) (-175.727875 1408 -224 ) (-180 1408 -273.215393 ) (-180 1408 -288 ) (-160 1408 -288 ) 
4 45 56 (-128 1408 -224 ) (-160 1408 -224 ) (-160 1408 -416 ) (-128 1408 -416 ) 
4 45 49 (0 1408 -416 ) (0 1408 -224 ) (-128 1408 -224 ) (-128 1408 -416 ) 
4 45 47 (0 1408 -224 ) (0 1408 -163.620239 ) (-169.202087 1408 -148.822144 ) (-175.727875 1408 -224 ) 
4 45 46 (-180 1504 -421.924530 ) (-180 1408 -421.924103 ) (-180 1408 -273.215393 ) (-180 1504 -273.224365 ) 
4 46 66 (-192.908813 1408 -420.794739 ) (-192 1408 -420.874237 ) (-192 1408 -416 ) (-192.489334 1408 -416 ) 
3 46 64 (-192 1408 -410.406860 ) (-192.489334 1408 -416 ) (-192 1408 -416 ) 
5 46 63 (-180 1408 -416 ) (-180 1408 -373.720428 ) (-188.723541 1408 -372.956604 ) (-192 1408 -410.406860 ) (-192 1408 -416 ) 
4 46 62 (-180 1408 -373.720428 ) (-180 1408 -288 ) (-181.290848 1408 -288 ) (-188.723541 1408 -372.956604 ) 
3 46 59 (-180 1408 -288 ) (-180 1408 -273.245514 ) (-181.290848 1408 -288 ) 
4 47 59 (-180 1408 -224 ) (-160 1408 -224 ) (-160 1376 -224 ) (-180 1376 -224 ) 
4 47 56 (-160 1408 -224 ) (-128 1408 -224 ) (-128 1376 -224 ) (-160 1376 -224 ) 
4 47 49 (-128 1408 -224 ) (0 1408 -224 ) (0 1376 -224 ) (-128 1376 -224 ) 
4 47 48 (-180 1408 -148.009613 ) (-180 1408 -224 ) (-180 1376 -224 ) (-180 1376 -148 ) 
4 48 59 (-187.998962 1408 -224 ) (-180 1408 -224 ) (-180 1376 -224 ) (-188 1376 -224 ) 
4 49 57 (-128 1312 -274 ) (-128 1312 -224 ) (-128 1376 -224 ) (-128 1376 -274 ) 
4 49 58 (-128 1376 -416 ) (-128 1312 -416 ) (-128 1312 -280 ) (-128 1376 -280 ) 
4 49 56 (-128 1408 -416 ) (-128 1376 -416 ) (-128 1376 -224 ) (-128 1408 -224 ) 
4 49 54 (-128 1312 -224 ) (-128 1312 -288 ) (-64 1312 -288 ) (-64 1312 -224 ) 
4 49 55 (-128 1312 -289 ) (-128 1312 -416 ) (-64 1312 -416 ) (-64 1312 -289 ) 
4 49 53 (0 1312 -304.799042 ) (0 1312 -303.770325 ) (-32.324795 1312 -296.010132 ) (-32.558395 1312 -296.982971 ) 
4 49 52 (-63.441631 1312 -288.539948 ) (-64 1312 -288.405914 ) (-64 1312 -289.435028 ) (-63.675049 1312 -289.513031 ) 
4 49 51 (-64 1312 -416 ) (0 1312 -416 ) (0 1312 -304.799042 ) (-64 1312 -289.435028 ) 
4 49 50 (0 1312 -303.770325 ) (0 1312 -224 ) (-64 1312 -224 ) (-64 1312 -288.405914 ) 
4 50 76 (0 1248 -302.774475 ) (0 1248 -301.759216 ) (-0.979188 1248 -301.586548 ) (-1.152807 1248 -302.571198 ) 
3 50 75 (0 1248 -303.770020 ) (0 1248 -302.774475 ) (-15.616499 1248 -300.020966 ) 
5 50 74 (0 1248 -301.759216 ) (0 1248 -288 ) (-63.571964 1248 -288 ) (-63.657963 1248 -288.487671 ) (-31.545074 1248 -296.196991 ) 
4 50 72 (-63.571964 1248 -288 ) (-64 1248 -288 ) (-64 1248 -288.405548 ) (-63.657963 1248 -288.487671 ) 
3 50 67 (-64 1248 -287.515076 ) (-64 1248 -288 ) (-58.458755 1248 -288 ) 
5 50 69 (0 1248 -288 ) (0 1248 -224 ) (-64 1248 -224 ) (-64 1248 -287.515076 ) (-58.458755 1248 -288 ) 
4 50 54 (-64 1312 -224 ) (-64 1312 -288 ) (-64 1248 -288 ) (-64 1248 -224 ) 
4 50 53 (-32.324780 1312 -296.010071 ) (0 1312 -303.770264 ) (0 1248 -303.769897 ) (-32.324661 1248 -296.009735 ) 
4 50 52 (-64 1248 -288.405457 ) (-64 1312 -288.405823 ) (-63.441608 1312 -288.539886 ) (-63.441483 1248 -288.539551 ) 
5 51 75 (-64 1248 -416 ) (0 1248 -416 ) (0 1248 -304.800232 ) (-31.779602 1248 -297.171112 ) (-64 1248 -291.489960 ) 
3 51 74 (-47.711452 1248 -293.346436 ) (-64 1248 -289.436157 ) (-64 1248 -290.474365 ) 
4 51 55 (-64 1312 -289.435028 ) (-64 1312 -416 ) (-64 1248 -416 ) (-64 1248 -289.436157 ) 
4 51 53 (0 1312 -304.797913 ) (-32.558147 1312 -296.981934 ) (-32.558372 1248 -296.983032 ) (0 1248 -304.799072 ) 
4 51 52 (-63.674812 1312 -289.512024 ) (-64 1312 -289.433960 ) (-64 1248 -289.435120 ) (-63.675030 1248 -289.513123 ) 
4 52 74 (-63.441513 1248 -288.539612 ) (-63.657959 1248 -288.487640 ) (-63.832325 1248 -289.476410 ) (-63.675270 1248 -289.514099 ) 
4 52 72 (-63.657959 1248 -288.487640 ) (-64 1248 -288.405548 ) (-64 1248 -289.436157 ) (-63.832325 1248 -289.476410 ) 
4 52 55 (-64 1312 -289 ) (-64 1312 -289.435028 ) (-64 1248 -289.436157 ) (-64 1248 -289 ) 
4 53 75 (0 1248 -304.800232 ) (0 1248 -303.770020 ) (-15.616450 1248 -300.020966 ) (-31.779819 1248 -297.171021 ) 
4 54 67 (-64 1248 -288 ) (-64 1248 -287.515106 ) (-128 1248 -281.914520 ) (-128 1248 -288 ) 
4 54 69 (-64 1248 -287.515106 ) (-64 1248 -224 ) (-128 1248 -224 ) (-128 1248 -281.914520 ) 
4 54 57 (-128 1248 -274 ) (-128 1248 -224 ) (-128 1312 -224 ) (-128 1312 -274 ) 
4 54 58 (-128 1248 -288 ) (-128 1248 -280 ) (-128 1312 -280 ) (-128 1312 -288 ) 
3 55 75 (-86.144577 1248 -416 ) (-64 1248 -416 ) (-64 1248 -290.427216 ) 
5 55 72 (-128 1248 -416 ) (-86.144577 1248 -416 ) (-64 1248 -290.427216 ) (-64 1248 -289 ) (-128 1248 -289 ) 
4 55 58 (-128 1312 -416 ) (-128 1248 -416 ) (-128 1248 -289 ) (-128 1312 -289 ) 
4 56 63 (-160 1408 -416 ) (-160 1376 -416 ) (-160 1376 -375.471649 ) (-160 1408 -375.471558 ) 
4 56 62 (-160 1376 -375.471649 ) (-160 1376 -288 ) (-160 1408 -288 ) (-160 1408 -375.471558 ) 
4 56 59 (-160 1376 -288 ) (-160 1376 -224 ) (-160 1408 -224 ) (-160 1408 -288 ) 
4 56 57 (-160 1376 -224 ) (-160 1376 -274 ) (-128 1376 -274 ) (-128 1376 -224 ) 
4 56 58 (-160 1376 -280 ) (-160 1376 -416 ) (-128 1376 -416 ) (-128 1376 -280 ) 
4 57 69 (-128 1248 -274 ) (-128 1248 -224 ) (-160 1248 -224 ) (-160 1248 -274 ) 
4 57 60 (-160 1248 -274 ) (-160 1248 -224 ) (-160 1312 -224 ) (-160 1312 -274 ) 
4 57 59 (-160 1312 -224 ) (-160 1376 -224 ) (-160 1376 -274 ) (-160 1312 -274 ) 
5 58 72 (-160 1248 -416 ) (-128 1248 -416 ) (-128 1248 -288 ) (-149.172958 1248 -288 ) (-160 1248 -411.810974 ) 
4 58 67 (-128 1248 -288 ) (-128 1248 -281.914520 ) (-148.479782 1248 -280.122375 ) (-149.168930 1248 -288 ) 
3 58 69 (-128 1248 -281.914520 ) (-128 1248 -280 ) (-149.878052 1248 -280 ) 
4 58 60 (-160 1248 -288 ) (-160 1248 -280 ) (-160 1312 -280 ) (-160 1312 -288 ) 
4 58 59 (-160 1312 -280 ) (-160 1376 -280 ) (-160 1376 -288 ) (-160 1312 -288 ) 
4 59 62 (-188 1408 -288 ) (-160 1408 -288 ) (-160 1376 -288 ) (-188 1404 -288 ) 
4 59 61 (-180.358017 1312 -277.331726 ) (-175.692123 1312 -224 ) (-188 1312 -224 ) (-188 1312 -276.663513 ) 
4 59 60 (-181.291367 1312 -288 ) (-160 1312 -288 ) (-160 1312 -224 ) (-175.692123 1312 -224 ) 
4 60 69 (-160 1248 -279.114227 ) (-160 1248 -224 ) (-175.692474 1248 -224 ) (-180.358459 1248 -277.332672 ) 
4 60 61 (-175.692413 1312 -224 ) (-180.358185 1312 -277.331726 ) (-180.358536 1248 -277.331696 ) (-175.692764 1248 -224 ) 
4 61 69 (-180.358368 1248 -277.331696 ) (-175.692474 1248 -224 ) (-188 1248 -224 ) (-188 1248 -276.663513 ) 
4 62 63 (-188.723526 1408 -372.956482 ) (-160 1408 -375.471405 ) (-160 1376 -375.471497 ) (-188.723557 1404.723511 -372.956512 ) 
4 64 66 (-192.488831 1408 -416 ) (-192 1408 -416 ) (-192 1312 -416 ) (-192.488861 1312 -416 ) 
3 64 65 (-192.488892 1312 -416 ) (-192 1312 -416 ) (-192 1312 -410.410553 ) 
4 65 66 (-192 1248 -416 ) (-192.488876 1248 -416 ) (-192.488892 1312 -416 ) (-192 1312 -416 ) 
4 67 74 (-63.571960 1248 -288 ) (-58.458725 1248 -288 ) (-58.458721 1232 -288 ) (-63.571892 1232 -288 ) 
4 67 72 (-149.168930 1248 -288 ) (-63.571960 1248 -288 ) (-63.571892 1232 -288 ) (-149.170013 1232 -288 ) 
4 67 69 (-148.480865 1232 -280.122345 ) (-58.459671 1232 -288 ) (-58.459633 1248 -288 ) (-148.479782 1248 -280.122437 ) 
3 67 70 (-149.170013 1232 -288 ) (-58.458725 1232 -288 ) (-148.480835 1232 -280.122253 ) 
4 68 70 (-188 1232 -276.663971 ) (-188 1232 -288 ) (-181.289978 1232 -288 ) (-180.356720 1232 -277.332825 ) 
4 68 69 (-188 1248 -276.664063 ) (-188 1232 -276.664063 ) (-180.356720 1232 -277.332916 ) (-180.357803 1248 -277.332825 ) 
4 69 74 (-58.458725 1248 -288 ) (0 1248 -288 ) (0 1232 -288 ) (-58.458721 1232 -288 ) 
5 69 70 (-188 1232 -224 ) (-188 1232 -276.663971 ) (-58.458725 1232 -288 ) (0 1232 -288 ) (0 1232 -224 ) 
4 70 77 (0 1184 -288 ) (0 1120 -288 ) (-160 1120 -288 ) (-160 1184 -288 ) 
4 70 74 (0 1232 -288 ) (0 1184 -288 ) (-63.571682 1184 -288 ) (-63.571899 1232 -288 ) 
4 70 73 (-63.571682 1184 -288 ) (-160 1184 -288 ) (-160 1232 -288 ) (-63.571899 1232 -288 ) 
4 71 130 (-128 1024 -280 ) (-128 1024 -288 ) (-32 1024 -288 ) (-32 1024 -280 ) 
4 71 78 (-32 1024 -288 ) (-128 1024 -288 ) (-128 1088 -288 ) (-32 1088 -288 ) 
4 72 75 (-86.142784 1232 -416 ) (-86.142853 1248 -416 ) (-64.180420 1248 -291.458130 ) (-64.180420 1232 -291.458557 ) 
4 72 74 (-64.006729 1248 -290.473206 ) (-63.570591 1248 -288 ) (-63.570522 1232 -288 ) (-64.006645 1232 -290.473114 ) 
5 72 73 (-160 1232 -416 ) (-86.144531 1232 -416 ) (-63.571915 1232 -288 ) (-149.172958 1232 -288 ) (-160 1232 -411.810852 ) 
4 73 77 (-160 1184 -416 ) (-86.144287 1184 -416 ) (-63.571693 1184 -288 ) (-160 1184 -288 ) 
4 73 75 (-64.180443 1184 -291.459869 ) (-86.142578 1184 -416 ) (-86.142784 1232 -416 ) (-64.180428 1232 -291.458557 ) 
4 73 74 (-63.570313 1184 -288 ) (-64.006401 1184 -290.472931 ) (-64.006645 1232 -290.473083 ) (-63.570522 1232 -288 ) 
4 74 77 (0 1184 -301.758881 ) (0 1184 -288 ) (-63.571693 1184 -288 ) (-64.007744 1184 -290.472687 ) 
4 74 76 (0 1184 -301.758728 ) (-0.978816 1184 -301.586151 ) (-0.979156 1248 -301.586426 ) (0 1248 -301.759064 ) 
4 75 77 (-86.144287 1184 -416 ) (0 1184 -416 ) (0 1184 -302.776215 ) (-64.181786 1184 -291.459625 ) 
4 75 76 (-1.152714 1184 -302.572327 ) (0 1184 -302.775574 ) (0 1248 -302.773834 ) (-1.152694 1248 -302.570587 ) 
4 76 77 (0 1184 -302.776215 ) (0 1184 -301.758881 ) (-0.978842 1184 -301.586273 ) (-1.152817 1184 -302.572937 ) 
4 77 78 (-160 1088 -416 ) (0 1088 -416 ) (0 1088 -288 ) (-160 1088 -288 ) 
4 78 134 (-192 1024 -288 ) (-248 1024 -288 ) (-248 1024 -416 ) (-192 1024 -416 ) 
4 78 131 (0 1024 -416 ) (0 1024 -288 ) (-192 1024 -288 ) (-192 1024 -416 ) 
4 79 82 (64 960 -288 ) (64 1024 -288 ) (64 1024 -416 ) (64 960 -416 ) 
4 80 129 (0 960 128 ) (0 960 320 ) (0 1008 320 ) (0 1008 128 ) 
4 80 81 (0 960 320 ) (0 960 128 ) (64 960 128 ) (64 960 320 ) 
4 81 132 (0 896 128 ) (0 896 320 ) (0 960 320 ) (0 960 128 ) 
4 81 88 (0 896 256 ) (0 896 128 ) (64 896 128 ) (64 896 256 ) 
4 82 131 (0 1024 -288 ) (0 1024 -416 ) (0 960 -416 ) (0 960 -288 ) 
4 83 94 (512 864 512 ) (256 864 512 ) (256 864 256 ) (512 864 256 ) 
4 83 84 (256 880 256 ) (256 864 256 ) (256 864 384 ) (256 880 384 ) 
4 84 94 (256 864 128 ) (256 864 384 ) (128 864 384 ) (128 864 128 ) 
4 84 85 (128 880 128 ) (128 864 128 ) (128 864 256 ) (128 880 256 ) 
4 85 94 (128 864 128 ) (128 864 256 ) (80 864 256 ) (80 864 128 ) 
4 85 86 (80 880 128 ) (128 880 128 ) (128 864 128 ) (80 864 128 ) 
4 86 94 (128 864 0 ) (128 864 128 ) (80 864 128 ) (80 864 0 ) 
4 86 87 (80 880 112 ) (80 880 0 ) (80 864 0 ) (80 864 112 ) 
4 87 94 (64 864 112 ) (64 864 0 ) (80 864 0 ) (80 864 112 ) 
4 87 89 (64 880 0 ) (64 864 0 ) (64 864 112 ) (64 880 112 ) 
4 88 135 (0 864 128 ) (0 864 256 ) (0 896 256 ) (0 896 128 ) 
4 88 94 (64 864 128 ) (64 864 256 ) (0 864 256 ) (0 864 128 ) 
4 89 94 (64 864 0 ) (64 864 112 ) (0 864 112 ) (0 864 0 ) 
4 90 103 (896 736 512 ) (896 608 512 ) (720 608 512 ) (720 736 512 ) 
4 90 100 (896 752 512 ) (896 736 512 ) (720 736 512 ) (720 752 512 ) 
4 90 97 (720 864 512 ) (896 864 512 ) (896 752 512 ) (720 752 512 ) 
4 90 91 (896 608 1024 ) (720 608 1024 ) (720 608 512 ) (896 608 512 ) 
4 91 161 (896 0 1024 ) (720 0 1024 ) (720 0 512 ) (896 0 512 ) 
4 91 118 (723.232178 0 512 ) (720 0 512 ) (720 464 512 ) (723.231995 464 512 ) 
4 91 115 (720 464 512 ) (720 480 512 ) (723.231995 480 512 ) (723.231995 464 512 ) 
4 91 113 (896 0 512 ) (723.232178 0 512 ) (723.231995 480 512 ) (896 480 512 ) 
4 91 103 (720 480 512 ) (720 608 512 ) (896 608 512 ) (896 480 512 ) 
4 92 94 (64 864 512 ) (576 864 512 ) (576 608 512 ) (64 608 512 ) 
4 93 139 (0 96 544 ) (0 224 544 ) (0 224 512 ) (0 96 512 ) 
4 93 94 (64 224 512 ) (64 96 512 ) (0 96 512 ) (0 224 512 ) 
4 94 175 (128 0 512 ) (0 0 512 ) (0 0 -440 ) (128 0 -440 ) 
4 94 170 (578.149048 0 512 ) (128 0 512 ) (128 0 -440 ) (695.040955 0 -440 ) 
4 94 146 (0 352 512 ) (0 416 512 ) (0 416 -440 ) (0 352 -440 ) 
4 94 148 (0 0 -440 ) (0 0 512 ) (0 352 512 ) (0 352 -440 ) 
4 94 143 (0 416 512 ) (0 544 512 ) (0 544 -440 ) (0 416 -440 ) 
4 94 140 (0 544 512 ) (0 864 512 ) (0 864 -440 ) (0 544 -440 ) 
4 94 125 (578.149109 96 512 ) (578.149170 0 512 ) (579.325806 0 502.417236 ) (579.325745 96 502.417206 ) 
4 94 124 (594.925171 0 375.371368 ) (672.922119 0 -259.857727 ) (672.922119 96 -259.857727 ) (594.925110 96 375.371399 ) 
4 94 123 (578.148804 480 512 ) (578.149109 96 512 ) (579.325745 96 502.417206 ) (579.325439 480 502.417175 ) 
4 94 122 (578.148621 736 512 ) (578.148804 480 512 ) (579.325439 480 502.417175 ) (579.325256 736 502.417175 ) 
4 94 121 (610.524231 480 248.325134 ) (626.123657 480 121.279068 ) (626.123535 736 121.279083 ) (610.524109 736 248.325104 ) 
4 94 120 (579.325134 864 502.417145 ) (578.148499 864 512 ) (578.148621 736 512 ) (579.325256 736 502.417145 ) 
4 94 96 (128 352 -440 ) (128 0 -440 ) (0 0 -440 ) (0 352 -440 ) 
4 94 95 (128 864 -440 ) (695.040344 864 -440 ) (695.041016 0 -440 ) (128 0 -440 ) 
4 95 170 (128 0 -512 ) (703.881531 0 -512 ) (695.040955 0 -440 ) (128 0 -440 ) 
4 95 127 (703.881531 0 -512 ) (128 0 -512 ) (128 864 -512 ) (703.880859 864 -512 ) 
4 95 96 (128 352 -512 ) (128 0 -512 ) (128 0 -440 ) (128 352 -440 ) 
4 96 176 (0 0 -448 ) (0 0 -512 ) (128 0 -512 ) (128 0 -448 ) 
4 96 175 (0 0 -440 ) (0 0 -448 ) (128 0 -448 ) (128 0 -440 ) 
4 96 148 (0 0 -512 ) (0 0 -440 ) (0 352 -440 ) (0 352 -512 ) 
4 96 128 (128 0 -512 ) (0 0 -512 ) (0 352 -512 ) (128 352 -512 ) 
4 97 126 (720 752 -512 ) (720 864 -512 ) (896 864 -512 ) (896 752 -512 ) 
4 97 107 (704 864 -381.691437 ) (704 752 -381.691437 ) (704 752 512 ) (704 864 512 ) 
4 97 99 (769.047485 752 138.827805 ) (896 752 154.415405 ) (896 752 347.857971 ) (745.650635 752 329.397308 ) 
5 97 98 (704 752 130.841095 ) (704 752 -381.695313 ) (720 752 -512 ) (896 752 -512 ) (896 752 154.415405 ) 
4 97 100 (704 752 512 ) (704 752 324.283234 ) (896 752 347.857971 ) (896 752 512 ) 
4 98 126 (720 736 -512 ) (720 752 -512 ) (896 752 -512 ) (896 736 -512 ) 
4 98 108 (704 752 -381.691437 ) (704 736 -381.691437 ) (704 736 130.841034 ) (704 752 130.841064 ) 
4 98 102 (771 736 122.948486 ) (896 736 138.296692 ) (896 736 154.415405 ) (769.050049 736 138.828125 ) 
5 98 101 (704 736 114.721878 ) (704 736 -381.695313 ) (720 736 -512 ) (896 736 -512 ) (896 736 138.296692 ) 
4 98 99 (896 752 154.415039 ) (769.047485 752 138.827515 ) (769.047546 736 138.827072 ) (896 736 154.414673 ) 
4 99 105 (784.929260 736 140.777817 ) (896 736 154.415405 ) (896 736 347.857971 ) (761.531067 736 331.347198 ) 
4 99 100 (896 752 347.857910 ) (745.650635 752 329.397278 ) (745.650635 736 329.397278 ) (896 736 347.857971 ) 
4 100 109 (704 736 324.283173 ) (704 736 512 ) (704 752 512 ) (704 752 324.283234 ) 
4 100 104 (745.650635 736 329.397308 ) (896 736 347.857971 ) (896 736 363.978058 ) (743.700867 736 345.278229 ) 
4 100 103 (704 736 512 ) (704 736 340.403625 ) (896 736 363.978058 ) (896 736 512 ) 
4 101 126 (720 480 -512 ) (720 736 -512 ) (896 736 -512 ) (896 480 -512 ) 
5 101 114 (704 480 -381.694336 ) (720 480 -512 ) (848.951904 480 -512 ) (770.997192 480 122.948166 ) (704 480 114.721878 ) 
4 101 113 (848.951904 480 -512 ) (896 480 -512 ) (896 480 138.296692 ) (770.997192 480 122.948166 ) 
4 101 110 (704 736 -381.691437 ) (704 480 -381.691406 ) (704 480 114.721863 ) (704 736 114.721878 ) 
4 101 102 (896 736 138.296875 ) (771 736 122.948738 ) (771 480 122.948700 ) (896 480 138.296936 ) 
4 102 113 (896 480 138.296692 ) (896 480 154.415405 ) (769.049561 480 138.828049 ) (771 480 122.948433 ) 
4 102 105 (896 736 154.415039 ) (784.929321 736 140.777512 ) (784.929321 480 140.777573 ) (896 480 154.415161 ) 
4 103 115 (723.231995 480 512 ) (704 480 512 ) (704 480 340.403625 ) (743.700989 480 345.278259 ) 
4 103 113 (896 480 363.978058 ) (896 480 512 ) (723.231995 480 512 ) (743.700989 480 345.278259 ) 
4 103 112 (704 480 340.403625 ) (704 480 512 ) (704 736 512 ) (704 736 340.403625 ) 
4 103 104 (896 480 363.977539 ) (743.701050 480 345.277527 ) (743.700928 736 345.277466 ) (896 736 363.977264 ) 
4 104 113 (896 480 347.862732 ) (896 480 363.978058 ) (743.700989 480 345.278259 ) (745.650757 480 329.397095 ) 
4 104 105 (896 480 347.862793 ) (761.531067 480 331.347229 ) (761.531067 736 331.347137 ) (896 736 347.862366 ) 
4 105 113 (896 480 154.415405 ) (896 480 347.862732 ) (761.531006 480 331.347473 ) (784.929260 480 140.777802 ) 
4 106 111 (704 480 130.841064 ) (704 480 324.281616 ) (704 736 324.281616 ) (704 736 130.841095 ) 
4 107 120 (594.269287 752 512 ) (594.269287 864 512 ) (595.206482 864 504.367188 ) (595.206482 752 504.367188 ) 
3 107 108 (642.003845 752 123.228989 ) (704 752 -381.691406 ) (704 752 130.841064 ) 
4 107 109 (594.269043 752 512 ) (618.605042 752 313.798004 ) (704 752 324.283203 ) (704 752 512 ) 
3 108 110 (643.953674 736 107.349075 ) (704 736 -381.691406 ) (704 736 114.721863 ) 
4 109 120 (594.269287 736 512 ) (594.269287 752 512 ) (595.206482 752 504.367188 ) (595.206482 736 504.367188 ) 
4 109 112 (594.269043 736 512 ) (616.655090 736 329.679138 ) (704 736 340.403625 ) (704 736 512 ) 
3 110 116 (643.953491 480 107.349060 ) (704 480 -381.694336 ) (704 480 114.721893 ) 
4 111 121 (642.003906 480 123.229004 ) (626.404785 480 250.275223 ) (626.404724 736 250.275208 ) (642.003845 736 123.229034 ) 
4 112 122 (595.206482 480 504.367188 ) (594.269287 480 512 ) (594.269287 736 512 ) (595.206482 736 504.367188 ) 
4 112 117 (594.269043 480 512 ) (616.655029 480 329.679108 ) (704 480 340.403625 ) (704 480 512 ) 
4 113 161 (896 0 512 ) (723.232178 0 512 ) (848.952087 0 -512 ) (896 0 -512 ) 
4 113 126 (896 0 -512 ) (848.952087 0 -512 ) (848.951904 480 -512 ) (896 480 -512 ) 
4 113 118 (848.951904 464 -512 ) (848.952148 0 -512 ) (723.232178 0 512 ) (723.231934 464 512 ) 
4 113 114 (769.047546 480 138.827835 ) (848.951904 480 -512 ) (848.951904 464 -512 ) (769.047485 464 138.828491 ) 
4 113 115 (723.231934 480 512 ) (745.650696 480 329.397339 ) (745.650696 464 329.397339 ) (723.231934 464 512 ) 
4 114 126 (720 464 -512 ) (720 480 -512 ) (848.951904 480 -512 ) (848.951904 464 -512 ) 
5 114 118 (704 464 -381.694336 ) (720 464 -512 ) (848.949951 464 -512 ) (769.045593 464 138.828247 ) (704 464 130.841888 ) 
4 114 116 (704 464 -381.695313 ) (704 464 130.841858 ) (704 480 130.841248 ) (704 480 -381.692932 ) 
4 115 118 (745.648804 464 329.397095 ) (723.230042 464 512 ) (704 464 512 ) (704 464 324.283234 ) 
4 115 117 (704 464 324.283264 ) (704 464 512 ) (704 480 512 ) (704 480 324.283203 ) 
3 116 119 (642.003601 464 123.229935 ) (704 464 -381.694336 ) (704 464 130.841919 ) 
4 117 123 (595.206482 464 504.367188 ) (594.269287 464 512 ) (594.269287 480 512 ) (595.206482 480 504.367188 ) 
4 117 119 (594.269043 464 512 ) (618.604980 464 313.797974 ) (704 464 324.283264 ) (704 464 512 ) 
4 118 165 (704 0 -256 ) (704 0 -381.693237 ) (720 0 -512 ) (720 0 -256 ) 
4 118 164 (704 0 256 ) (704 0 -256 ) (720 0 -256 ) (720 0 256 ) 
4 118 163 (720 0 512 ) (704 0 512 ) (704 0 256 ) (720 0 256 ) 
4 118 161 (723.232178 0 512 ) (720 0 512 ) (720 0 -512 ) (848.952087 0 -512 ) 
4 118 126 (848.952087 0 -512 ) (720 0 -512 ) (720 464 -512 ) (848.951904 464 -512 ) 
4 118 119 (704 464 512 ) (704 464 -381.693359 ) (704 0 -381.693359 ) (704 0 512 ) 
3 119 171 (704 0 512 ) (594.269287 0 512 ) (704 0 -381.693237 ) 
4 119 125 (595.206482 0 504.367188 ) (594.269287 0 512 ) (594.269287 96 512 ) (595.206482 96 504.367188 ) 
4 119 124 (688.801147 0 -257.907959 ) (610.805603 0 377.321045 ) (610.805603 96 377.321106 ) (688.801147 96 -257.908020 ) 
4 119 123 (594.269287 96 512 ) (594.269287 464 512 ) (595.206482 464 504.367188 ) (595.206482 96 504.367188 ) 
4 120 122 (578.149902 736 512 ) (579.326538 736 502.417328 ) (595.204773 736 504.367004 ) (594.267578 736 512 ) 
4 122 123 (578.149902 480 512 ) (579.326538 480 502.417328 ) (595.204773 480 504.367004 ) (594.267578 480 512 ) 
4 123 125 (578.150391 96 512 ) (579.327026 96 502.417389 ) (595.204773 96 504.367004 ) (594.267578 96 512 ) 
4 124 172 (594.925049 0 375.371338 ) (672.922058 0 -259.857727 ) (688.801208 0 -257.907959 ) (610.805603 0 377.321045 ) 
4 125 173 (594.269287 0 512 ) (578.149048 0 512 ) (579.325684 0 502.417206 ) (595.206482 0 504.367188 ) 
4 126 161 (896 0 -512 ) (720 0 -512 ) (720 0 -768 ) (896 0 -768 ) 
4 127 178 (704 0 -512 ) (128 0 -512 ) (128 0 -768 ) (704 0 -768 ) 
4 127 128 (128 352 -768 ) (128 0 -768 ) (128 0 -512 ) (128 352 -512 ) 
4 128 179 (128 0 -512 ) (0 0 -512 ) (0 0 -768 ) (128 0 -768 ) 
4 128 159 (0 0 -768 ) (0 0 -512 ) (0 352 -512 ) (0 352 -768 ) 
4 129 132 (-192 960 320 ) (-192 960 128 ) (0 960 128 ) (0 960 320 ) 
4 130 131 (-32 960 -288 ) (-128 960 -288 ) (-128 1024 -288 ) (-32 1024 -288 ) 
4 131 134 (-192 960 -416 ) (-192 960 -288 ) (-192 1024 -288 ) (-192 1024 -416 ) 
4 131 133 (-128 960 -416 ) (0 960 -416 ) (0 960 -288 ) (-128 960 -288 ) 
4 132 135 (0 896 128 ) (0 896 256 ) (-192 896 256 ) (-192 896 128 ) 
4 133 136 (0 896 -416 ) (0 896 -288 ) (-128 896 -288 ) (-128 896 -416 ) 
4 135 140 (0 864 128 ) (0 864 256 ) (-192 864 256 ) (-192 864 128 ) 
4 136 137 (-128 882.422058 -288 ) (-128 882.422058 -416 ) (0 882.422058 -416 ) (0 882.422058 -288 ) 
4 137 138 (-128 881.422058 -288 ) (-128 881.422058 -416 ) (0 881.422058 -416 ) (0 881.422058 -288 ) 
4 138 140 (0 864 -416 ) (0 864 -288 ) (-128 864 -288 ) (-128 864 -416 ) 
4 139 148 (0 224 512 ) (0 96 512 ) (-64 96 512 ) (-64 224 512 ) 
4 140 143 (0 544 512 ) (-576 544 512 ) (-576 544 -440 ) (0 544 -440 ) 
4 140 142 (-576 544 -440 ) (-576 544 512 ) (-576 608 512 ) (-576 608 -440 ) 
4 140 141 (-256 544 -440 ) (-576 544 -440 ) (-576 864 -440 ) (-256 864 -440 ) 
4 141 155 (-576 864 -512 ) (-256 864 -512 ) (-256 544 -512 ) (-576 544 -512 ) 
4 141 145 (-576 544 -440 ) (-576 544 -512 ) (-256 544 -512 ) (-256 544 -440 ) 
4 141 142 (-576 608 -512 ) (-576 544 -512 ) (-576 544 -440 ) (-576 608 -440 ) 
4 142 156 (-832 544 -512 ) (-832 608 -512 ) (-576 608 -512 ) (-576 544 -512 ) 
4 142 145 (-832 544 -440 ) (-832 544 -512 ) (-576 544 -512 ) (-576 544 -440 ) 
4 142 143 (-576 544 512 ) (-832 544 512 ) (-832 544 -440 ) (-576 544 -440 ) 
4 143 146 (0 416 512 ) (-832 416 512 ) (-832 416 -440 ) (0 416 -440 ) 
4 143 145 (-256 416 -440 ) (-832 416 -440 ) (-832 544 -440 ) (-256 544 -440 ) 
4 143 144 (-32 416 -440 ) (-96 416 -440 ) (-96 544 -440 ) (-32 544 -440 ) 
4 145 157 (-832 416 -512 ) (-832 544 -512 ) (-256 544 -512 ) (-256 416 -512 ) 
4 145 147 (-832 416 -440 ) (-832 416 -512 ) (-256 416 -512 ) (-256 416 -440 ) 
4 146 149 (-832 352 0 ) (-832 352 128 ) (-832 416 128 ) (-832 416 0 ) 
4 146 147 (-256 352 -440 ) (-832 352 -440 ) (-832 416 -440 ) (-256 416 -440 ) 
4 146 148 (0 352 512 ) (-832 352 512 ) (-832 352 -440 ) (0 352 -440 ) 
4 147 158 (-832 352 -512 ) (-832 416 -512 ) (-256 416 -512 ) (-256 352 -512 ) 
4 147 148 (-832 352 -440 ) (-832 352 -512 ) (-256 352 -512 ) (-256 352 -440 ) 
4 148 198 (0 0 -512 ) (0 0 -448 ) (-256 0 -448 ) (-256 0 -512 ) 
4 148 199 (-256 0 -448 ) (-832 0 -448 ) (-832 0 -512 ) (-256 0 -512 ) 
4 148 197 (0 0 -448 ) (0 0 512 ) (-832 0 512 ) (-832 0 -448 ) 
4 148 159 (0 0 -512 ) (-832 0 -512 ) (-832 352 -512 ) (0 352 -512 ) 
4 148 151 (-832 32 -128 ) (-832 160 -128 ) (-832 160 -256 ) (-832 32 -256 ) 
4 148 150 (-832 224 0 ) (-832 352 0 ) (-832 352 -128 ) (-832 224 -128 ) 
4 148 149 (-832 96 128 ) (-832 352 128 ) (-832 352 0 ) (-832 96 0 ) 
4 149 152 (-848 416 0 ) (-848 96 0 ) (-848 96 128 ) (-848 416 128 ) 
4 149 150 (-848 224 0 ) (-848 352 0 ) (-832 352 0 ) (-832 224 0 ) 
4 150 153 (-848 352 -128 ) (-848 224 -128 ) (-848 224 0 ) (-848 352 0 ) 
4 151 154 (-848 160 -256 ) (-848 32 -256 ) (-848 32 -128 ) (-848 160 -128 ) 
4 152 153 (-880 224 0 ) (-880 352 0 ) (-848 352 0 ) (-848 224 0 ) 
4 155 157 (-576 544 -768 ) (-256 544 -768 ) (-256 544 -512 ) (-576 544 -512 ) 
4 155 156 (-576 608 -768 ) (-576 544 -768 ) (-576 544 -512 ) (-576 608 -512 ) 
4 156 157 (-832 544 -512 ) (-832 544 -768 ) (-576 544 -768 ) (-576 544 -512 ) 
4 157 158 (-832 416 -768 ) (-256 416 -768 ) (-256 416 -512 ) (-832 416 -512 ) 
4 158 159 (-832 352 -512 ) (-832 352 -768 ) (-256 352 -768 ) (-256 352 -512 ) 
4 159 202 (0 0 -768 ) (0 0 -512 ) (-256 0 -512 ) (-256 0 -768 ) 
4 159 203 (-256 0 -512 ) (-832 0 -512 ) (-832 0 -768 ) (-256 0 -768 ) 
4 160 278 (-1088 0 64 ) (-1344 0 64 ) (-1344 0 -64 ) (-1088 0 -64 ) 
4 161 167 (720 -160 -384 ) (720 -160 -256 ) (720 -96 -256 ) (720 -96 -384 ) 
4 161 166 (720 -96 -256 ) (720 -32 -256 ) (720 -32 -448 ) (720 -96 -448 ) 
4 161 165 (720 0 -256 ) (720 0 -512.003845 ) (720 -32 -512.003845 ) (720 -32 -256 ) 
4 161 164 (720 0 256 ) (720 0 -256 ) (720 -224 -256 ) (720 -224 256 ) 
4 161 163 (720 0 512 ) (720 0 256 ) (720 -32 256 ) (720 -32 512 ) 
4 162 217 (848 -1024 -384 ) (848 -1024 -192 ) (720 -1024 -192 ) (720 -1024 -384 ) 
4 162 168 (720 -1024 -384 ) (720 -1024 -256 ) (720 -800 -256 ) (720 -800 -384 ) 
4 163 171 (704 -32 512 ) (704 0 512 ) (704 0 256 ) (704 -32 256 ) 
4 163 164 (704 -32 256 ) (704 0 256 ) (720 0 256 ) (720 -32 256 ) 
4 164 171 (704 -32 256 ) (704 0 256 ) (704 0 -256 ) (704 -32 -256 ) 
4 164 174 (704 -224 256 ) (704 -32 256 ) (704 -32 -256 ) (704 -224 -256 ) 
4 164 167 (704 -160 -256 ) (704 -96 -256 ) (720 -96 -256 ) (720 -160 -256 ) 
4 164 166 (704 -96 -256 ) (704 -32 -256 ) (720 -32 -256 ) (720 -96 -256 ) 
4 164 165 (704 -32 -256 ) (704 0 -256 ) (720 0 -256 ) (720 -32 -256 ) 
4 165 171 (704 -32 -381.693054 ) (704 -32 -256 ) (704 0 -256 ) (704 0 -381.693054 ) 
5 165 166 (720 -32 -448 ) (720 -32 -256 ) (704 -32 -256 ) (704 -32 -381.693054 ) (712.141418 -32 -448 ) 
4 166 174 (704 -96 -256 ) (704 -32 -256 ) (704 -32 -448 ) (704 -96 -448 ) 
4 166 167 (720 -96 -384 ) (720 -96 -256 ) (704 -96 -256 ) (704 -96 -384 ) 
4 167 174 (704 -160 -384 ) (704 -160 -256 ) (704 -96 -256 ) (704 -96 -384 ) 
4 168 218 (720 -1024 -384 ) (720 -1024 -256 ) (704 -1024 -256 ) (704 -1024 -384 ) 
4 168 174 (704 -1024 -384 ) (704 -1024 -256 ) (704 -800 -256 ) (704 -800 -384 ) 
4 169 174 (448 -160 512 ) (320 -160 512 ) (320 -32 512 ) (448 -32 512 ) 
4 170 178 (128 0 -512 ) (704 0 -512 ) (704 -32 -512 ) (128 -32 -512 ) 
4 170 176 (128 0 -512 ) (128 -32 -512 ) (128 -32 -448 ) (128 0 -448 ) 
4 170 175 (128 -32 -448 ) (128 -32 512 ) (128 0 512 ) (128 0 -448 ) 
4 170 173 (578.149048 -32 512 ) (579.325684 -32 502.417206 ) (579.325684 0 502.417206 ) (578.149048 0 512 ) 
4 170 172 (594.925110 -32 375.371338 ) (672.922119 -32 -259.857788 ) (672.922119 0 -259.857727 ) (594.925110 0 375.371338 ) 
4 170 174 (128 -32 512 ) (128 -32 -512 ) (703.881531 -32 -512 ) (578.149048 -32 512 ) 
4 171 173 (595.206726 -32 504.367218 ) (594.269531 -32 512 ) (594.269531 0 512 ) (595.206726 0 504.367218 ) 
4 171 172 (688.801270 -32 -257.907928 ) (610.805847 -32 377.321106 ) (610.805847 0 377.321075 ) (688.801270 0 -257.907928 ) 
3 171 174 (704 -32 -381.693298 ) (704 -32 512 ) (594.269287 -32 512 ) 
4 172 174 (688.801208 -32 -257.907959 ) (610.805603 -32 377.321106 ) (594.925110 -32 375.371338 ) (672.922119 -32 -259.857788 ) 
4 173 174 (595.206482 -32 504.367188 ) (594.269287 -32 512 ) (578.149048 -32 512 ) (579.325684 -32 502.417206 ) 
4 174 221 (128 -1024 -448 ) (128 -1024 -512 ) (576 -1024 -512 ) (576 -1024 -448 ) 
4 174 220 (576 -1024 512 ) (128 -1024 512 ) (128 -1024 -448 ) (576 -1024 -448 ) 
4 174 219 (704 -1024 -512 ) (704 -1024 512 ) (576 -1024 512 ) (576 -1024 -512 ) 
4 174 178 (704 -32 -512 ) (704 -1024 -512 ) (128 -1024 -512 ) (128 -32 -512 ) 
4 174 176 (128 -32 -512 ) (128 -608 -512 ) (128 -608 -448 ) (128 -32 -448 ) 
4 174 175 (128 -1024 -448 ) (128 -1024 512 ) (128 -32 512 ) (128 -32 -448 ) 
4 175 220 (128 -1024 512 ) (0 -1024 512 ) (0 -1024 -448 ) (128 -1024 -448 ) 
4 175 197 (0 0 512 ) (0 0 -448 ) (0 -1024 -448 ) (0 -1024 512 ) 
4 175 177 (64 -1024 -448 ) (0 -1024 -448 ) (0 -800 -448 ) (64 -800 -448 ) 
4 175 176 (0 0 -448 ) (128 0 -448 ) (128 -608 -448 ) (0 -608 -448 ) 
4 176 198 (0 0 -448 ) (0 0 -512 ) (0 -608 -512 ) (0 -608 -448 ) 
4 176 179 (0 -608 -512 ) (0 0 -512 ) (128 0 -512 ) (128 -608 -512 ) 
4 177 222 (0 -1024 -448 ) (0 -1024 -512 ) (64 -1024 -512 ) (64 -1024 -448 ) 
4 177 205 (0 -800 -512 ) (0 -1024 -512 ) (0 -1024 -448 ) (0 -800 -448 ) 
4 177 180 (0 -1024 -512 ) (0 -800 -512 ) (64 -800 -512 ) (64 -1024 -512 ) 
4 178 224 (704 -1024 -768 ) (704 -1024 -512 ) (128 -1024 -512 ) (128 -1024 -768 ) 
4 178 179 (128 0 -768 ) (128 -608 -768 ) (128 -608 -512 ) (128 0 -512 ) 
4 179 202 (0 0 -512 ) (0 0 -768 ) (0 -608 -768 ) (0 -608 -512 ) 
4 180 225 (64 -1024 -512 ) (0 -1024 -512 ) (0 -1024 -704 ) (64 -1024 -704 ) 
4 180 208 (0 -1024 -704 ) (0 -1024 -512 ) (0 -800 -512 ) (0 -800 -704 ) 
4 181 184 (-16 -112 640 ) (-16 -208 640 ) (-112 -208 640 ) (-112 -112 640 ) 
4 182 188 (-576 -288 640 ) (-704 -288 640 ) (-704 -160 640 ) (-576 -160 640 ) 
4 183 190 (-448 -928 640 ) (-704 -928 640 ) (-704 -672 640 ) (-448 -672 640 ) 
4 184 191 (-16 -112 544 ) (-16 -208 544 ) (-112 -208 544 ) (-112 -112 544 ) 
4 185 192 (-320 -32 544 ) (-320 -144 544 ) (-448 -144 544 ) (-448 -32 544 ) 
4 185 186 (-560 -144 544 ) (-320 -144 544 ) (-320 -144 640 ) (-560 -144 640 ) 
4 186 192 (-448 -144 544 ) (-320 -144 544 ) (-320 -160 544 ) (-448 -160 544 ) 
4 186 187 (-560 -160 544 ) (-448 -160 544 ) (-448 -160 640 ) (-560 -160 640 ) 
4 187 193 (-512 -160 544 ) (-448 -160 544 ) (-448 -288 544 ) (-512 -288 544 ) 
4 187 189 (-560 -288 544 ) (-448 -288 544 ) (-448 -288 640 ) (-560 -288 640 ) 
4 188 195 (-704 -160 544 ) (-576 -160 544 ) (-576 -288 544 ) (-704 -288 544 ) 
4 189 194 (-576 -288 544 ) (-512 -288 544 ) (-512 -416 544 ) (-576 -416 544 ) 
4 190 196 (-704 -672 544 ) (-448 -672 544 ) (-448 -928 544 ) (-704 -928 544 ) 
4 191 197 (-112 -208 512 ) (-112 -112 512 ) (-16 -112 512 ) (-16 -208 512 ) 
4 192 197 (-448 -160 512 ) (-448 -32 512 ) (-320 -32 512 ) (-320 -160 512 ) 
4 193 197 (-512 -288 512 ) (-512 -160 512 ) (-448 -160 512 ) (-448 -288 512 ) 
4 194 197 (-512 -416 512 ) (-576 -416 512 ) (-576 -288 512 ) (-512 -288 512 ) 
4 195 197 (-704 -160 512 ) (-576 -160 512 ) (-576 -288 512 ) (-704 -288 512 ) 
4 196 197 (-448 -928 512 ) (-704 -928 512 ) (-704 -672 512 ) (-448 -672 512 ) 
4 197 245 (-256 -1024 -448 ) (-128 -1024 -448 ) (-128 -1024 -446 ) (-256 -1024 -446 ) 
4 197 246 (-832 -1024 -446 ) (-832 -1024 -448 ) (-256 -1024 -448 ) (-256 -1024 -446 ) 
4 197 244 (-128 -1024 512 ) (-832 -1024 512 ) (-832 -1024 -446 ) (-128 -1024 -446 ) 
4 197 243 (0 -1024 -448 ) (0 -1024 512 ) (-128 -1024 512 ) (-128 -1024 -448 ) 
4 197 213 (-832 -416 -256 ) (-832 -288 -256 ) (-832 -288 -384 ) (-832 -416 -384 ) 
4 197 212 (-832 -1024 -256 ) (-832 -1024 256 ) (-832 -160 256 ) (-832 -160 -256 ) 
4 197 210 (-832 -416 448 ) (-832 -352 448 ) (-832 -352 384 ) (-832 -416 384 ) 
4 197 211 (-832 -1024 384 ) (-832 -1024 448 ) (-832 -928 448 ) (-832 -928 384 ) 
4 197 205 (0 -800 -448 ) (0 -1024 -448 ) (-192 -1024 -448 ) (-192 -800 -448 ) 
4 197 206 (-832 -1024 -448 ) (-832 -768 -448 ) (-256 -768 -448 ) (-256 -1024 -448 ) 
4 197 200 (-96 -640 -448 ) (-32 -640 -448 ) (-32 -768 -448 ) (-96 -768 -448 ) 
4 197 201 (-832 -768 -448 ) (-832 -640 -448 ) (-256 -640 -448 ) (-256 -768 -448 ) 
4 197 198 (-256 0 -448 ) (0 0 -448 ) (0 -608 -448 ) (-256 -608 -448 ) 
4 197 199 (-832 -640 -448 ) (-832 0 -448 ) (-256 0 -448 ) (-256 -640 -448 ) 
4 198 202 (-256 0 -512 ) (0 0 -512 ) (0 -608 -512 ) (-256 -608 -512 ) 
4 198 199 (-256 0 -512 ) (-256 -608 -512 ) (-256 -608 -448 ) (-256 0 -448 ) 
4 199 203 (-832 -640 -512 ) (-832 0 -512 ) (-256 0 -512 ) (-256 -640 -512 ) 
4 199 201 (-832 -640 -512 ) (-256 -640 -512 ) (-256 -640 -448 ) (-832 -640 -448 ) 
4 201 206 (-256 -768 -448 ) (-832 -768 -448 ) (-832 -768 -512 ) (-256 -768 -512 ) 
4 201 204 (-256 -768 -512 ) (-832 -768 -512 ) (-832 -640 -512 ) (-256 -640 -512 ) 
4 202 203 (-256 0 -768 ) (-256 -608 -768 ) (-256 -608 -512 ) (-256 0 -512 ) 
4 203 204 (-832 -640 -768 ) (-256 -640 -768 ) (-256 -640 -512 ) (-832 -640 -512 ) 
4 204 207 (-832 -768 -768 ) (-256 -768 -768 ) (-256 -768 -512 ) (-832 -768 -512 ) 
4 205 247 (0 -1024 -512 ) (0 -1024 -448 ) (-192 -1024 -448 ) (-192 -1024 -512 ) 
4 205 208 (0 -800 -512 ) (0 -1024 -512 ) (-192 -1024 -512 ) (-192 -800 -512 ) 
4 206 248 (-256 -1024 -448 ) (-832 -1024 -448 ) (-832 -1024 -512 ) (-256 -1024 -512 ) 
4 206 209 (-832 -1024 -512 ) (-832 -800 -512 ) (-256 -800 -512 ) (-256 -1024 -512 ) 
4 206 207 (-832 -800 -512 ) (-832 -768 -512 ) (-256 -768 -512 ) (-256 -800 -512 ) 
4 207 209 (-832 -800 -768 ) (-256 -800 -768 ) (-256 -800 -512 ) (-832 -800 -512 ) 
4 208 254 (0 -1024 -704 ) (0 -1024 -512 ) (-192 -1024 -512 ) (-192 -1024 -704 ) 
4 209 255 (-256 -1024 -512 ) (-832 -1024 -512 ) (-832 -1024 -768 ) (-256 -1024 -768 ) 
4 210 214 (-848 -352 384 ) (-848 -416 384 ) (-848 -416 448 ) (-848 -352 448 ) 
4 211 250 (-832 -1024 384 ) (-832 -1024 448 ) (-848 -1024 448 ) (-848 -1024 384 ) 
4 211 215 (-848 -928 384 ) (-848 -1024 384 ) (-848 -1024 448 ) (-848 -928 448 ) 
4 212 251 (-832 -1024 -256 ) (-832 -1024 256 ) (-848 -1024 256 ) (-848 -1024 -256 ) 
4 212 216 (-848 -160 256 ) (-848 -160 -256 ) (-848 -1024 -256 ) (-848 -1024 256 ) 
4 212 213 (-848 -416 -256 ) (-848 -288 -256 ) (-832 -288 -256 ) (-832 -416 -256 ) 
4 213 216 (-848 -288 -384 ) (-848 -416 -384 ) (-848 -416 -256 ) (-848 -288 -256 ) 
4 215 252 (-848 -1024 384 ) (-848 -1024 448 ) (-896 -1024 448 ) (-896 -1024 384 ) 
4 216 253 (-848 -1024 -384 ) (-848 -1024 256 ) (-896 -1024 256 ) (-896 -1024 -384 ) 
4 217 218 (720 -1024 -256 ) (720 -1024 -384 ) (720 -1056 -384 ) (720 -1056 -256 ) 
4 218 219 (704 -1056 -384 ) (704 -1056 -256 ) (704 -1024 -256 ) (704 -1024 -384 ) 
4 219 226 (576 -1312 -512 ) (576 -1056 -512 ) (704 -1056 -512 ) (704 -1312 -512 ) 
4 219 224 (576 -1056 -512 ) (576 -1024 -512 ) (704 -1024 -512 ) (704 -1056 -512 ) 
4 219 223 (576 -1056 -512 ) (576 -1312 -512 ) (576 -1312 -448 ) (576 -1056 -448 ) 
4 219 221 (576 -1024 -448 ) (576 -1024 -512 ) (576 -1056 -512 ) (576 -1056 -448 ) 
4 219 220 (576 -1024 512 ) (576 -1024 -448 ) (576 -1312 -448 ) (576 -1312 512 ) 
4 220 243 (0 -1024 512 ) (0 -1024 -448 ) (0 -1440 -448 ) (0 -1440 512 ) 
4 220 228 (320 -1440 -128 ) (320 -1440 -64 ) (192 -1440 -64 ) (192 -1440 -128 ) 
4 220 223 (576 -1056 -448 ) (576 -1440 -448 ) (128 -1440 -448 ) (128 -1056 -448 ) 
4 220 221 (128 -1024 -448 ) (576 -1024 -448 ) (576 -1056 -448 ) (128 -1056 -448 ) 
4 220 222 (0 -1024 -448 ) (64 -1024 -448 ) (64 -1056 -448 ) (0 -1056 -448 ) 
4 221 224 (128 -1024 -512 ) (576 -1024 -512 ) (576 -1056 -512 ) (128 -1056 -512 ) 
4 221 223 (128 -1056 -512 ) (576 -1056 -512 ) (576 -1056 -448 ) (128 -1056 -448 ) 
4 222 247 (0 -1024 -448 ) (0 -1024 -512 ) (0 -1056 -512 ) (0 -1056 -448 ) 
4 222 225 (0 -1056 -512 ) (0 -1024 -512 ) (64 -1024 -512 ) (64 -1056 -512 ) 
4 223 227 (576 -1440 -512 ) (128 -1440 -512 ) (128 -1056 -512 ) (576 -1056 -512 ) 
4 224 227 (128 -1056 -768 ) (576 -1056 -768 ) (576 -1056 -512 ) (128 -1056 -512 ) 
4 224 226 (576 -1056 -768 ) (704 -1056 -768 ) (704 -1056 -512 ) (576 -1056 -512 ) 
4 225 254 (0 -1024 -512 ) (0 -1024 -704 ) (0 -1056 -704 ) (0 -1056 -512 ) 
4 226 227 (576 -1056 -512 ) (576 -1056 -768 ) (576 -1312 -768 ) (576 -1312 -512 ) 
4 228 229 (192 -1448 -128 ) (320 -1448 -128 ) (320 -1448 -64 ) (192 -1448 -64 ) 
4 229 233 (320 -1472 -128 ) (320 -1472 0 ) (192 -1472 0 ) (192 -1472 -128 ) 
4 230 258 (0 -1454 -320 ) (0 -1442 -320 ) (0 -1442 -448 ) (0 -1454 -448 ) 
4 230 231 (0 -1454 -448 ) (32 -1454 -448 ) (32 -1454 -320 ) (0 -1454 -320 ) 
4 231 259 (0 -1455 -320 ) (0 -1454 -320 ) (0 -1454 -448 ) (0 -1455 -448 ) 
4 231 232 (0 -1455 -448 ) (32 -1455 -448 ) (32 -1455 -320 ) (0 -1455 -320 ) 
4 232 260 (0 -1472 -448 ) (0 -1472 -320 ) (0 -1455 -320 ) (0 -1455 -448 ) 
4 234 266 (0 -1536 -258 ) (0 -1536 -320 ) (0 -1600 -320 ) (0 -1600 -258 ) 
4 234 265 (0 -1600 -256 ) (0 -1536 -256 ) (0 -1536 -258 ) (0 -1600 -258 ) 
4 234 236 (32 -1536 -320 ) (32 -1600 -320 ) (0 -1600 -320 ) (0 -1536 -320 ) 
4 235 263 (0 -1528 -320 ) (0 -1512 -320 ) (0 -1512 -448 ) (0 -1528 -448 ) 
4 236 266 (0 -1600 -320 ) (0 -1536 -320 ) (0 -1536 -448 ) (0 -1600 -448 ) 
4 237 272 (0 -1968 -1344 ) (0 -1968 320 ) (0 -1792 320 ) (0 -1792 -1344 ) 
4 237 239 (0 -1968 320 ) (0 -1968 -752 ) (80 -1968 -752 ) (80 -1968 320 ) 
4 237 238 (80 -1968 -1344 ) (320 -1968 -1344 ) (320 -1968 320 ) (80 -1968 320 ) 
4 238 240 (320 -1984 -1344 ) (320 -1984 320 ) (80 -1984 320 ) (80 -1984 -1344 ) 
4 238 239 (80 -1968 320 ) (80 -1968 -752 ) (80 -1984 -752 ) (80 -1984 320 ) 
4 239 273 (0 -1984 -752 ) (0 -1984 320 ) (0 -1968 320 ) (0 -1968 -752 ) 
4 239 242 (64 -1984 320 ) (0 -1984 320 ) (0 -1984 -752 ) (64 -1984 -752 ) 
4 239 241 (80 -1984 -752 ) (80 -1984 320 ) (64 -1984 320 ) (64 -1984 -752 ) 
4 240 280 (320 -2048 -1344 ) (320 -2048 320 ) (80 -2048 320 ) (80 -2048 -1344 ) 
4 240 241 (80 -1984 320 ) (80 -1984 -752 ) (80 -2048 -752 ) (80 -2048 320 ) 
4 241 281 (80 -2048 -752 ) (80 -2048 320 ) (64 -2048 320 ) (64 -2048 -752 ) 
4 241 242 (64 -1984 320 ) (64 -1984 -752 ) (64 -2048 -752 ) (64 -2048 320 ) 
4 242 282 (64 -2048 -5024 ) (64 -2048 320 ) (0 -2048 320 ) (0 -2048 -5024 ) 
4 242 274 (0 -2048 -5024 ) (0 -2048 320 ) (0 -1984 320 ) (0 -1984 -5024 ) 
4 243 258 (0 -1440 -448 ) (0 -1440 -320 ) (-128 -1440 -320 ) (-128 -1440 -448 ) 
4 243 247 (-128 -1056 -448 ) (-128 -1024 -448 ) (0 -1024 -448 ) (0 -1056 -448 ) 
4 243 245 (-128 -1024 -448 ) (-128 -1312 -448 ) (-128 -1312 -446 ) (-128 -1024 -446 ) 
4 243 244 (-128 -1440 -446 ) (-128 -1440 512 ) (-128 -1024 512 ) (-128 -1024 -446 ) 
4 244 261 (-160 -1440 -352 ) (-160 -1440 -320 ) (-192 -1440 -320 ) (-192 -1440 -352 ) 
4 244 258 (-160 -1440 -446 ) (-128 -1440 -446 ) (-128 -1440 -320 ) (-160 -1440 -320 ) 
4 244 257 (-448 -1440 448 ) (-448 -1440 256 ) (-256 -1440 256 ) (-256 -1440 448 ) 
4 244 251 (-832 -1024 256 ) (-832 -1024 -256 ) (-832 -1184 -256 ) (-832 -1184 256 ) 
4 244 250 (-832 -1024 448 ) (-832 -1024 384 ) (-832 -1056 384 ) (-832 -1056 448 ) 
4 244 245 (-256 -1024 -446 ) (-128 -1024 -446 ) (-128 -1312 -446 ) (-256 -1312 -446 ) 
4 244 246 (-832 -1440 -446 ) (-832 -1024 -446 ) (-256 -1024 -446 ) (-256 -1440 -446 ) 
4 245 247 (-192 -1024 -448 ) (-128 -1024 -448 ) (-128 -1056 -448 ) (-192 -1056 -448 ) 
4 245 246 (-256 -1024 -448 ) (-256 -1312 -448 ) (-256 -1312 -446 ) (-256 -1024 -446 ) 
4 246 249 (-256 -1440 -448 ) (-832 -1440 -448 ) (-832 -1056 -448 ) (-256 -1056 -448 ) 
4 246 248 (-832 -1056 -448 ) (-832 -1024 -448 ) (-256 -1024 -448 ) (-256 -1056 -448 ) 
4 247 254 (-192 -1024 -512 ) (0 -1024 -512 ) (0 -1056 -512 ) (-192 -1056 -512 ) 
4 248 255 (-832 -1056 -512 ) (-832 -1024 -512 ) (-256 -1024 -512 ) (-256 -1056 -512 ) 
4 248 249 (-256 -1056 -448 ) (-832 -1056 -448 ) (-832 -1056 -512 ) (-256 -1056 -512 ) 
4 249 256 (-256 -1440 -512 ) (-832 -1440 -512 ) (-832 -1056 -512 ) (-256 -1056 -512 ) 
4 250 252 (-848 -1056 448 ) (-848 -1024 448 ) (-848 -1024 384 ) (-848 -1056 384 ) 
4 251 253 (-848 -1184 256 ) (-848 -1024 256 ) (-848 -1024 -256 ) (-848 -1184 -256 ) 
4 255 256 (-832 -1056 -512 ) (-832 -1056 -768 ) (-256 -1056 -768 ) (-256 -1056 -512 ) 
4 257 262 (-448 -1472 256 ) (-256 -1472 256 ) (-256 -1472 448 ) (-448 -1472 448 ) 
4 258 261 (-160 -1442 -320 ) (-160 -1440 -320 ) (-160 -1440 -352 ) (-160 -1442 -352 ) 
4 258 259 (-160 -1454 -320 ) (-160 -1454 -448 ) (0 -1454 -448 ) (0 -1454 -320 ) 
4 259 260 (-160 -1455 -320 ) (-160 -1455 -448 ) (0 -1455 -448 ) (0 -1455 -320 ) 
4 260 263 (0 -1472 -448 ) (0 -1472 -320 ) (-128 -1472 -320 ) (-128 -1472 -448 ) 
4 263 266 (-128 -1536 -448 ) (0 -1536 -448 ) (0 -1536 -320 ) (-128 -1536 -320 ) 
4 263 264 (-128 -1512 -448 ) (-128 -1528 -448 ) (-128 -1528 -320 ) (-128 -1512 -320 ) 
4 265 267 (-128 -1536 -256 ) (-128 -1536 -258 ) (-128 -1600 -258 ) (-128 -1600 -256 ) 
4 265 266 (0 -1600 -258 ) (-128 -1600 -258 ) (-128 -1536 -258 ) (0 -1536 -258 ) 
4 266 268 (0 -1600 -448 ) (0 -1600 -320 ) (-128 -1600 -320 ) (-128 -1600 -448 ) 
4 266 267 (-128 -1536 -258 ) (-128 -1536 -448 ) (-128 -1600 -448 ) (-128 -1600 -258 ) 
4 268 270 (-128 -1664 -576 ) (-64 -1664 -576 ) (-64 -1664 -320 ) (-128 -1664 -320 ) 
4 268 269 (-64 -1664 -576 ) (0 -1664 -576 ) (0 -1664 -328 ) (-64 -1664 -328 ) 
4 269 271 (0 -1728 -576 ) (0 -1728 -328 ) (-64 -1728 -328 ) (-64 -1728 -576 ) 
4 269 270 (-64 -1664 -328 ) (-64 -1664 -576 ) (-64 -1728 -576 ) (-64 -1728 -328 ) 
4 270 271 (-128 -1728 -576 ) (-64 -1728 -576 ) (-64 -1728 -320 ) (-128 -1728 -320 ) 
4 271 272 (-128 -1792 -576 ) (0 -1792 -576 ) (0 -1792 -320 ) (-128 -1792 -320 ) 
4 272 277 (-448 -1968 -1344 ) (-208 -1968 -1344 ) (-208 -1968 320 ) (-448 -1968 320 ) 
4 272 275 (-192 -1968 -752 ) (-192 -1968 320 ) (-208 -1968 320 ) (-208 -1968 -752 ) 
4 272 273 (0 -1968 -752 ) (0 -1968 320 ) (-192 -1968 320 ) (-192 -1968 -752 ) 
4 273 275 (-192 -1968 320 ) (-192 -1968 -752 ) (-192 -1984 -752 ) (-192 -1984 320 ) 
4 273 274 (-192 -1984 320 ) (-192 -1984 -752 ) (0 -1984 -752 ) (0 -1984 320 ) 
4 274 286 (0 -2048 -5024 ) (0 -2048 320 ) (-192 -2048 320 ) (-192 -2048 -5024 ) 
4 274 276 (-192 -2048 -752 ) (-192 -2048 320 ) (-192 -1984 320 ) (-192 -1984 -752 ) 
4 275 277 (-208 -1968 320 ) (-208 -1968 -752 ) (-208 -1984 -752 ) (-208 -1984 320 ) 
4 275 276 (-208 -1984 320 ) (-208 -1984 -752 ) (-192 -1984 -752 ) (-192 -1984 320 ) 
4 276 289 (-192 -2048 -752 ) (-192 -2048 320 ) (-208 -2048 320 ) (-208 -2048 -752 ) 
4 276 277 (-208 -2048 -752 ) (-208 -2048 320 ) (-208 -1984 320 ) (-208 -1984 -752 ) 
4 277 292 (-208 -2048 -1344 ) (-208 -2048 320 ) (-448 -2048 320 ) (-448 -2048 -1344 ) 
4 280 283 (320 -2240 -1344 ) (320 -2240 320 ) (80 -2240 320 ) (80 -2240 -1344 ) 
4 280 281 (80 -2048 320 ) (80 -2048 -752 ) (80 -2240 -752 ) (80 -2240 320 ) 
4 281 284 (80 -2240 -752 ) (80 -2240 320 ) (64 -2240 320 ) (64 -2240 -752 ) 
4 281 282 (64 -2240 -752 ) (64 -2240 320 ) (64 -2048 320 ) (64 -2048 -752 ) 
4 282 286 (0 -2048 320 ) (0 -2048 -5024 ) (0 -2240 -5024 ) (0 -2240 320 ) 
4 282 284 (64 -2240 -752 ) (64 -2240 320 ) (0 -2240 320 ) (0 -2240 -752 ) 
4 283 285 (320 -2256 -1344 ) (320 -2256 320 ) (80 -2256 320 ) (80 -2256 -1344 ) 
4 283 284 (80 -2240 320 ) (80 -2240 -752 ) (80 -2256 -752 ) (80 -2256 320 ) 
4 284 287 (0 -2256 -752 ) (0 -2256 320 ) (0 -2240 320 ) (0 -2240 -752 ) 
4 284 285 (0 -2256 320 ) (0 -2256 -752 ) (80 -2256 -752 ) (80 -2256 320 ) 
4 285 288 (0 -2496 -1344 ) (0 -2496 320 ) (0 -2256 320 ) (0 -2256 -1344 ) 
4 286 289 (-192 -2240 -752 ) (-192 -2240 320 ) (-192 -2048 320 ) (-192 -2048 -752 ) 
4 286 287 (-192 -2240 320 ) (-192 -2240 -752 ) (0 -2240 -752 ) (0 -2240 320 ) 
4 287 290 (-192 -2256 -752 ) (-192 -2256 320 ) (-192 -2240 320 ) (-192 -2240 -752 ) 
4 287 288 (-192 -2256 320 ) (-192 -2256 -752 ) (0 -2256 -752 ) (0 -2256 320 ) 
4 288 291 (-192 -2496 -1344 ) (-192 -2496 320 ) (-192 -2256 320 ) (-192 -2256 -1344 ) 
4 289 292 (-208 -2048 320 ) (-208 -2048 -752 ) (-208 -2240 -752 ) (-208 -2240 320 ) 
4 289 290 (-208 -2240 320 ) (-208 -2240 -752 ) (-192 -2240 -752 ) (-192 -2240 320 ) 
4 290 292 (-208 -2256 -752 ) (-208 -2256 320 ) (-208 -2240 320 ) (-208 -2240 -752 ) 
4 290 291 (-208 -2256 320 ) (-208 -2256 -752 ) (-192 -2256 -752 ) (-192 -2256 320 ) 
4 291 292 (-208 -2496 -1344 ) (-208 -2496 320 ) (-208 -2256 320 ) (-208 -2256 -1344 ) 
