PRT1
306
754
4 0 139 (1312 0 0 ) (1312 0 1664 ) (1200 0 1664 ) (1200 0 0 ) 
4 0 4 (1200 0 0 ) (1200 0 1664 ) (1200 80 1664 ) (1200 80 0 ) 
4 0 3 (1200 80 1664 ) (1200 96 1664 ) (1200 96 592 ) (1200 80 592 ) 
4 0 2 (1200 96 1664 ) (1200 368 1664 ) (1200 368 592 ) (1200 96 592 ) 
4 0 1 (1200 368 1664 ) (1200 480 1664 ) (1200 480 0 ) (1200 368 0 ) 
4 1 5 (1184 368 0 ) (1184 368 1664 ) (1184 480 1664 ) (1184 480 0 ) 
4 1 2 (1184 368 1664 ) (1184 368 592 ) (1200 368 592 ) (1200 368 1664 ) 
4 2 7 (1184 96 592 ) (1184 96 1664 ) (1184 352 1664 ) (1184 352 592 ) 
4 2 6 (1184 352 1664 ) (1184 368 1664 ) (1184 368 592 ) (1184 352 592 ) 
4 2 3 (1184 96 1664 ) (1184 96 592 ) (1200 96 592 ) (1200 96 1664 ) 
4 3 8 (1184 80 592 ) (1184 80 1664 ) (1184 96 1664 ) (1184 96 592 ) 
4 3 4 (1184 80 1664 ) (1184 80 592 ) (1200 80 592 ) (1200 80 1664 ) 
4 4 139 (1200 0 0 ) (1200 0 1664 ) (1184 0 1664 ) (1184 0 0 ) 
4 4 9 (1184 0 0 ) (1184 0 1664 ) (1184 80 1664 ) (1184 80 0 ) 
4 5 30 (1024 368 0 ) (1024 368 1024 ) (1024 480 1024 ) (1024 480 0 ) 
4 5 10 (1024 368 1024 ) (1024 368 1664 ) (1024 480 1664 ) (1024 480 1024 ) 
4 5 6 (1184 368 592 ) (1184 368 1664 ) (1024 368 1664 ) (1024 368 592 ) 
4 6 31 (1024 352 592 ) (1024 352 1024 ) (1024 368 1024 ) (1024 368 592 ) 
4 6 10 (1024 352 1024 ) (1024 352 1664 ) (1024 368 1664 ) (1024 368 1024 ) 
4 6 7 (1024 352 1664 ) (1024 352 592 ) (1184 352 592 ) (1184 352 1664 ) 
4 7 32 (1024 96 -3680 ) (1024 96 1024 ) (1024 352 1024 ) (1024 352 -3680 ) 
4 7 12 (1024 96 1024 ) (1024 96 1664 ) (1024 288 1664 ) (1024 288 1024 ) 
4 7 10 (1024 288 1664 ) (1024 352 1664 ) (1024 352 1024 ) (1024 288 1024 ) 
4 7 8 (1184 96 592 ) (1184 96 1664 ) (1024 96 1664 ) (1024 96 592 ) 
4 8 33 (1024 80 592 ) (1024 80 1024 ) (1024 96 1024 ) (1024 96 592 ) 
4 8 12 (1024 80 1024 ) (1024 80 1664 ) (1024 96 1664 ) (1024 96 1024 ) 
4 8 9 (1024 80 1664 ) (1024 80 592 ) (1184 80 592 ) (1184 80 1664 ) 
4 9 139 (1184 0 0 ) (1184 0 1664 ) (1024 0 1664 ) (1024 0 0 ) 
4 9 38 (1024 19.829876 693.447205 ) (1024 30.601059 734.190552 ) (1024 80 405.600281 ) (1024 80 293.528748 ) 
3 9 37 (1024 30.601059 734.190552 ) (1024 80 921.048279 ) (1024 80 405.600281 ) 
5 9 36 (1024 0 0 ) (1024 0 618.438232 ) (1024 19.829876 693.447205 ) (1024 80 293.528748 ) (1024 80 0 ) 
4 9 35 (1024 0 618.438232 ) (1024 0 1024 ) (1024 80 1024 ) (1024 80 921.048279 ) 
4 9 12 (1024 0 1024 ) (1024 0 1664 ) (1024 80 1664 ) (1024 80 1024 ) 
4 10 44 (912 288 1024 ) (736 288 1024 ) (736 480 1024 ) (912 480 1024 ) 
4 10 41 (928 288 1024 ) (912 288 1024 ) (912 368 1024 ) (928 368 1024 ) 
4 10 40 (912 368 1024 ) (912 480 1024 ) (928 480 1024 ) (928 368 1024 ) 
4 10 32 (1024 352 1024 ) (1024 288 1024 ) (928 288 1024 ) (928 352 1024 ) 
4 10 31 (1024 368 1024 ) (1024 352 1024 ) (928 352 1024 ) (928 368 1024 ) 
4 10 30 (1024 480 1024 ) (1024 368 1024 ) (928 368 1024 ) (928 480 1024 ) 
4 10 12 (736 288 1024 ) (1024 288 1024 ) (1024 288 1664 ) (736 288 1664 ) 
4 11 46 (544 320 1024 ) (544 288 1024 ) (480 288 1024 ) (480 320 1024 ) 
4 11 14 (480 288 1024 ) (544 288 1024 ) (544 288 1086 ) (480 288 1086 ) 
4 11 13 (544 288 1086 ) (544 288 1088 ) (480 288 1088 ) (480 288 1086 ) 
4 12 141 (1024 0 1024 ) (1024 0 1664 ) (736 0 1664 ) (736 0 1024 ) 
4 12 44 (912 0 1024 ) (736 0 1024 ) (736 288 1024 ) (912 288 1024 ) 
4 12 43 (928 0 1024 ) (912 0 1024 ) (912 80 1024 ) (928 80 1024 ) 
4 12 42 (912 80 1024 ) (912 96 1024 ) (928 96 1024 ) (928 80 1024 ) 
4 12 41 (912 96 1024 ) (912 288 1024 ) (928 288 1024 ) (928 96 1024 ) 
3 12 39 (957.762024 0 1024 ) (952.819214 0 1024 ) (953.145325 0.903838 1024 ) 
5 12 37 (1016.066956 0 1024 ) (957.762024 0 1024 ) (953.145325 0.903838 1024 ) (981.683472 80 1024 ) (1021.986206 80 1024 ) 
4 12 35 (1024 80 1024 ) (1024 0 1024 ) (1016.066956 0 1024 ) (1021.986206 80 1024 ) 
4 12 34 (952.819214 0 1024 ) (928 0 1024 ) (928 80 1024 ) (981.683472 80 1024 ) 
4 12 33 (1024 96 1024 ) (1024 80 1024 ) (928 80 1024 ) (928 96 1024 ) 
4 12 32 (1024 288 1024 ) (1024 96 1024 ) (928 96 1024 ) (928 288 1024 ) 
4 13 15 (480 160 1088 ) (480 160 1086 ) (544 160 1086 ) (544 160 1088 ) 
4 13 14 (544 160 1086 ) (480 160 1086 ) (480 288 1086 ) (544 288 1086 ) 
4 14 48 (480 160 1024 ) (480 288 1024 ) (544 288 1024 ) (544 160 1024 ) 
4 14 15 (480 160 1086 ) (480 160 1024 ) (544 160 1024 ) (544 160 1086 ) 
4 15 49 (480 128 1024 ) (480 160 1024 ) (544 160 1024 ) (544 128 1024 ) 
4 16 29 (352 128 1030 ) (352 128 1056 ) (352 192 1056 ) (352 192 1030 ) 
4 16 17 (352 192 1030 ) (356 192 1030 ) (356 128 1030 ) (352 128 1030 ) 
4 17 55 (352 128 1024 ) (352 192 1024 ) (356 192 1024 ) (356 128 1024 ) 
4 17 29 (352 192 1024 ) (352 128 1024 ) (352 128 1030 ) (352 192 1030 ) 
4 18 23 (352 224 1288 ) (352 64 1288 ) (224 64 1288 ) (224 224 1288 ) 
4 18 22 (320 224 1288 ) (256 224 1288 ) (256 288 1288 ) (320 288 1288 ) 
4 18 20 (96 304 1664 ) (96 304 1288 ) (96 224 1288 ) (96 224 1664 ) 
4 18 21 (96 224 1288 ) (96 64 1288 ) (96 64 1664 ) (96 224 1664 ) 
4 18 19 (96 64 1664 ) (96 64 1288 ) (352 64 1288 ) (352 64 1664 ) 
4 19 148 (96 0 1288 ) (224 0 1288 ) (224 0 1696 ) (96 0 1696 ) 
4 19 146 (224 0 1288 ) (352 0 1288 ) (352 0 1696 ) (224 0 1696 ) 
4 19 23 (352 64 1288 ) (352 0 1288 ) (224 0 1288 ) (224 64 1288 ) 
4 19 21 (96 64 1288 ) (96 0 1288 ) (96 0 1696 ) (96 64 1696 ) 
4 20 107 (0 256 1288 ) (0 224 1288 ) (0 224 1344 ) (0 256 1344 ) 
4 20 106 (0 224 1344 ) (0 224 1664 ) (0 256 1664 ) (0 256 1344 ) 
4 20 104 (0 304 1664 ) (0 304 1288 ) (0 256 1288 ) (0 256 1664 ) 
4 20 21 (0 224 1288 ) (96 224 1288 ) (96 224 1664 ) (0 224 1664 ) 
4 21 148 (0 0 1696 ) (0 0 1288 ) (96 0 1288 ) (96 0 1696 ) 
4 21 107 (0 176 1344 ) (0 224 1344 ) (0 224 1288 ) (0 176 1288 ) 
4 21 109 (0 0 1288 ) (0 0 1344 ) (0 176 1344 ) (0 176 1288 ) 
4 21 106 (0 0 1344 ) (0 0 1664 ) (0 224 1664 ) (0 224 1344 ) 
4 21 102 (0 0 1664 ) (0 0 1696 ) (0 224 1696 ) (0 224 1664 ) 
4 21 24 (0 0 1288 ) (0 96 1288 ) (32 96 1288 ) (32 0 1288 ) 
4 22 27 (320 224 1280 ) (256 224 1280 ) (256 288 1280 ) (320 288 1280 ) 
4 22 23 (256 224 1280 ) (320 224 1280 ) (320 224 1288 ) (256 224 1288 ) 
4 23 146 (224 0 1280 ) (352 0 1280 ) (352 0 1288 ) (224 0 1288 ) 
4 23 27 (352 224 1280 ) (352 0 1280 ) (224 0 1280 ) (224 224 1280 ) 
4 24 151 (0 0 1288 ) (0 0 1280 ) (32 0 1280 ) (32 0 1288 ) 
4 24 112 (0 0 1280 ) (0 0 1288 ) (0 96 1288 ) (0 96 1280 ) 
4 24 27 (32 0 1280 ) (0 0 1280 ) (0 96 1280 ) (32 96 1280 ) 
3 25 61 (352 459.065857 1024 ) (352 368 1024 ) (234.371277 368 1024 ) 
5 25 60 (352 640 1024 ) (352 459.065857 1024 ) (234.371277 368 1024 ) (160 368 1024 ) (160 640 1024 ) 
4 25 28 (224 368 1024 ) (288 368 1024 ) (288 368 1152 ) (224 368 1152 ) 
4 25 26 (288 368 1280 ) (160 368 1280 ) (160 368 1216 ) (288 368 1216 ) 
4 26 27 (288 352 1280 ) (160 352 1280 ) (160 352 1216 ) (288 352 1216 ) 
4 27 149 (32 0 1152 ) (224 0 1152 ) (224 0 1280 ) (32 0 1280 ) 
4 27 151 (0 0 1280 ) (0 0 1152 ) (32 0 1152 ) (32 0 1280 ) 
4 27 146 (224 0 1152 ) (352 0 1152 ) (352 0 1280 ) (224 0 1280 ) 
4 27 118 (0 0 1152 ) (0 0 1280 ) (0 168 1280 ) (0 168 1152 ) 
4 27 117 (0 168 1280 ) (0 352 1280 ) (0 352 1152 ) (0 168 1152 ) 
4 27 29 (352 352 1152 ) (352 0 1152 ) (0 0 1152 ) (0 352 1152 ) 
5 28 66 (288 352 1024 ) (224 352 1024 ) (224 359.970734 1024 ) (234.371307 368 1024 ) (288 368 1024 ) 
3 28 65 (224 359.970734 1024 ) (224 368 1024 ) (234.371307 368 1024 ) 
4 28 29 (224 352 1024 ) (288 352 1024 ) (288 352 1152 ) (224 352 1152 ) 
4 29 149 (32 0 1024 ) (224 0 1024 ) (224 0 1152 ) (32 0 1152 ) 
4 29 151 (0 0 1152 ) (0 0 1024 ) (32 0 1024 ) (32 0 1152 ) 
4 29 146 (224 0 1024 ) (352 0 1024 ) (352 0 1152 ) (224 0 1152 ) 
4 29 118 (0 0 1024 ) (0 0 1152 ) (0 168 1152 ) (0 168 1024 ) 
4 29 117 (0 168 1152 ) (0 352 1152 ) (0 352 1024 ) (0 168 1024 ) 
4 29 74 (352 168 1024 ) (352 0 1024 ) (0 0 1024 ) (0 168 1024 ) 
4 29 69 (352 352 1024 ) (352 168 1024 ) (0 168 1024 ) (0 352 1024 ) 
4 30 40 (928 368 1024 ) (928 480 1024 ) (928 480 0 ) (928 368 0 ) 
4 30 31 (928 368 1024 ) (928 368 592 ) (1024 368 592 ) (1024 368 1024 ) 
4 31 41 (928 352 1024 ) (928 368 1024 ) (928 368 592 ) (928 352 592 ) 
4 31 32 (928 352 1024 ) (928 352 592 ) (1024 352 592 ) (1024 352 1024 ) 
4 32 41 (928 96 1024 ) (928 352 1024 ) (928 352 592 ) (928 96 592 ) 
4 32 33 (928 96 1024 ) (928 96 592 ) (1024 96 592 ) (1024 96 1024 ) 
4 33 42 (928 80 1024 ) (928 96 1024 ) (928 96 592 ) (928 80 592 ) 
5 33 37 (972.257690 80 592 ) (1024 80 592 ) (1024 80 921.049255 ) (1021.986206 80 1024 ) (981.683472 80 1024 ) 
3 33 35 (1024 80 921.049255 ) (1024 80 1024 ) (1021.986206 80 1024 ) 
4 33 34 (928 80 1024 ) (928 80 592 ) (972.257690 80 592 ) (981.683472 80 1024 ) 
4 34 144 (928 0 896 ) (928 0 0 ) (930.476624 0 0 ) (950.026367 0 896 ) 
4 34 142 (952.819214 0 1024 ) (928 0 1024 ) (928 0 896 ) (950.026367 0 896 ) 
4 34 43 (928 0 0 ) (928 0 1024 ) (928 80 1024 ) (928 80 0 ) 
5 34 39 (957.509094 21.716061 879.879150 ) (953.144653 0.903954 1024 ) (952.818481 0 1024 ) (950.617310 0 923.115051 ) (951.997437 6.582212 877.525940 ) 
4 34 38 (967.391602 80 369.026489 ) (969.731567 80 476.271240 ) (961.343811 40.002247 753.249939 ) (955.830933 24.864925 750.897888 ) 
3 34 37 (969.731567 80 476.271240 ) (981.682373 80 1024 ) (953.144653 0.903954 1024 ) 
4 34 36 (930.476257 0 0 ) (959.339844 80 0 ) (967.391602 80 369.026489 ) (950.617310 0 923.115051 ) 
3 35 143 (1024 0 618.438232 ) (1024 0 896 ) (1018.570740 0 896 ) 
4 35 142 (1024 0 896 ) (1024 0 1024 ) (1016.066956 0 1024 ) (1018.570740 0 896 ) 
3 35 39 (1018.910706 0 878.600220 ) (1017.590576 0 946.088379 ) (1019.589478 9.544180 880 ) 
4 35 38 (1024 30.602718 734.179504 ) (1024 19.831581 693.435852 ) (1022.259644 11.522951 750.979919 ) (1023.419556 27.831411 753.369446 ) 
5 35 37 (1021.985901 80 1024 ) (1024 80 921.033020 ) (1024 30.602718 734.179504 ) (1017.590576 0 946.088379 ) (1016.066589 0 1024 ) 
3 35 36 (1024 19.831581 693.435852 ) (1024 0 618.419556 ) (1019.846008 0 830.785828 ) 
6 36 144 (1024 0 0 ) (1024 0 618.438232 ) (1019.846375 0 830.785400 ) (970.948242 0 896 ) (950.026367 0 896 ) (930.476624 0 0 ) 
3 36 142 (970.948242 0 896 ) (950.617981 0 923.114075 ) (950.026367 0 896 ) 
3 36 39 (952.001038 6.580166 877.525757 ) (950.621277 0 923.100708 ) (984.764832 0 877.566772 ) 
5 36 38 (1022.255188 11.523357 750.979858 ) (1024 19.853310 693.288086 ) (1024 80 293.524261 ) (967.395935 80 369.011688 ) (955.834595 24.862862 750.897705 ) 
3 37 142 (1017.590942 0 946.087952 ) (1016.066956 0 1024 ) (957.762024 0 1024 ) 
5 37 39 (953.144897 0.902832 1024 ) (957.509399 21.714895 879.878967 ) (1019.587952 9.543240 880 ) (1017.589233 0 946.081726 ) (957.756409 0 1024 ) 
5 37 38 (961.344177 40.001019 753.249756 ) (969.732422 80 476.261719 ) (1024 80 405.591736 ) (1024 30.609215 734.127808 ) (1023.418030 27.830471 753.369263 ) 
4 39 145 (1018.911072 0 878.600220 ) (1018.570740 0 896 ) (970.948181 0 896 ) (984.769409 0 877.566895 ) 
6 39 142 (1018.570740 0 896 ) (1017.590942 0 946.087952 ) (957.762024 0 1024 ) (952.819214 0 1024 ) (950.617981 0 923.114075 ) (970.948181 0 896 ) 
4 40 44 (912 368 1024 ) (912 480 1024 ) (912 480 0 ) (912 368 0 ) 
4 40 41 (912 368 1024 ) (912 368 592 ) (928 368 592 ) (928 368 1024 ) 
4 41 44 (912 96 1024 ) (912 368 1024 ) (912 368 592 ) (912 96 592 ) 
4 41 42 (912 96 1024 ) (912 96 592 ) (928 96 592 ) (928 96 1024 ) 
4 42 44 (912 80 1024 ) (912 96 1024 ) (912 96 592 ) (912 80 592 ) 
4 42 43 (912 80 1024 ) (912 80 592 ) (928 80 592 ) (928 80 1024 ) 
4 43 144 (928 0 0 ) (928 0 896 ) (912 0 896 ) (912 0 0 ) 
4 43 142 (928 0 896 ) (928 0 1024 ) (912 0 1024 ) (912 0 896 ) 
4 43 44 (912 0 0 ) (912 0 1024 ) (912 80 1024 ) (912 80 0 ) 
4 44 144 (912 0 0 ) (912 0 896 ) (736 0 896 ) (736 0 0 ) 
4 44 142 (912 0 896 ) (912 0 1024 ) (736 0 1024 ) (736 0 896 ) 
4 44 45 (736 160 1024 ) (736 288 1024 ) (736 288 768 ) (736 160 768 ) 
4 45 48 (544 160 1024 ) (544 288 1024 ) (544 288 896 ) (544 160 896 ) 
4 46 48 (480 288 896 ) (544 288 896 ) (544 288 1024 ) (480 288 1024 ) 
4 47 48 (456 288 896 ) (472 288 896 ) (472 288 1024 ) (456 288 1024 ) 
4 48 57 (416 288 992 ) (416 288 896 ) (416 160 896 ) (416 160 992 ) 
4 48 52 (416 160 1024 ) (416 288 1024 ) (416 288 992 ) (416 160 992 ) 
4 48 50 (456 160 896 ) (472 160 896 ) (472 160 1024 ) (456 160 1024 ) 
4 48 49 (480 160 896 ) (544 160 896 ) (544 160 1024 ) (480 160 1024 ) 
4 51 69 (352 324 1024 ) (352 352 1024 ) (352 352 992 ) (352 324 992 ) 
4 51 55 (352 324 1024 ) (352 324 992 ) (356 324 992 ) (356 324 1024 ) 
4 52 57 (416 320 992 ) (416 128 992 ) (399.421997 128 992 ) (399.421997 320 992 ) 
4 52 53 (399.421997 320 1024 ) (399.421997 320 992 ) (399.421997 128 992 ) (399.421997 128 1024 ) 
4 53 58 (399.421997 128 992 ) (398.421997 128 992 ) (398.421997 320 992 ) (399.421997 320 992 ) 
4 53 54 (398.421997 320 1024 ) (398.421997 320 992 ) (398.421997 128 992 ) (398.421997 128 1024 ) 
4 54 59 (398.421997 128 992 ) (356 128 992 ) (356 320 992 ) (398.421997 320 992 ) 
4 54 55 (356 320 992 ) (356 128 992 ) (356 128 1024 ) (356 320 1024 ) 
4 55 74 (352 126 1024 ) (352 168 1024 ) (352 168 992 ) (352 126 992 ) 
4 55 69 (352 168 1024 ) (352 324 1024 ) (352 324 992 ) (352 168 992 ) 
4 55 59 (352 128 992 ) (352 320 992 ) (356 320 992 ) (356 128 992 ) 
4 55 56 (352 126 1024 ) (352 126 992 ) (356 126 992 ) (356 126 1024 ) 
4 56 74 (352 96 1024 ) (352 126 1024 ) (352 126 992 ) (352 96 992 ) 
4 57 58 (399.421997 320 992 ) (399.421997 320 896 ) (399.421997 128 896 ) (399.421997 128 992 ) 
4 58 59 (398.421997 320 992 ) (398.421997 320 896 ) (398.421997 128 896 ) (398.421997 128 992 ) 
4 59 74 (352 128 992 ) (352 168 992 ) (352 168 896 ) (352 128 896 ) 
4 59 71 (352 320 971.611206 ) (352 320 896 ) (352 168 896 ) (352 168 981.966492 ) 
4 59 69 (352 168 992 ) (352 320 992 ) (352 320 971.611206 ) (352 168 981.966492 ) 
4 60 65 (234.371277 368 1024 ) (224 368 1024 ) (224 368 896 ) (255.316528 368 896 ) 
4 60 64 (259.069122 371.001892 896.800293 ) (352 443.211426 898.885925 ) (352 451.291351 962.666687 ) (254.261841 375.346252 960.471497 ) 
4 60 63 (255.205780 368 896.713562 ) (255.322540 368 896 ) (352 442.845825 896 ) (352 443.211426 898.885925 ) 
4 60 61 (234.377258 368 1024 ) (244.807495 368 960.259155 ) (352 451.291351 962.666687 ) (352 459.061218 1024 ) 
4 61 66 (288 368 1024 ) (234.371277 368 1024 ) (244.801575 368 960.258728 ) (288 368 963.515747 ) 
4 61 64 (254.260834 375.347595 960.471008 ) (352 451.293457 962.666199 ) (352 448.772064 962.837952 ) (255.475067 373.771362 960.669922 ) 
3 61 62 (352 368 968.340820 ) (248.047394 368 960.503113 ) (352 448.772064 962.837952 ) 
4 62 67 (288 368 963.515686 ) (248.047333 368 960.503418 ) (258.612000 368 896 ) (288 368 896 ) 
4 62 64 (255.472733 373.774445 960.670471 ) (352 448.776978 962.838562 ) (352 440.693115 899.057861 ) (260.281891 369.427521 897 ) 
4 62 63 (352 440.305542 896 ) (258.601563 368 896 ) (258.444702 368 896.958130 ) (352 440.693115 899.057861 ) 
4 63 68 (255.199844 368 896.713135 ) (255.316528 368 896 ) (258.612000 368 896 ) (258.454956 368 896.958923 ) 
4 63 64 (352 443.223206 898.885742 ) (259.063690 371.008881 896.799927 ) (260.287354 369.420441 897 ) (352 440.681763 899.059021 ) 
4 65 70 (224 352 959.780396 ) (224 352 896 ) (234.649521 352 896 ) (224.210266 352 959.796265 ) 
3 65 69 (224 352 961.081177 ) (224 352 959.780396 ) (224.210266 352 959.796265 ) 
4 65 68 (234.610947 352 896.251221 ) (234.652054 352 896 ) (255.319153 368 896 ) (255.202423 368 896.713318 ) 
5 65 66 (224 359.968567 1024 ) (224 352 961.097656 ) (224.212921 352 959.796387 ) (244.804260 368 960.258911 ) (234.374100 368 1024 ) 
5 66 69 (288 352 1024 ) (224 352 1024 ) (224 352 961.081177 ) (224.210266 352 959.796265 ) (288 352 964.605774 ) 
4 66 67 (248.047409 368 960.503052 ) (288 368 963.515259 ) (288 352 964.605286 ) (227.455643 352 960.040527 ) 
4 67 71 (237.944458 352 896 ) (288 352 896 ) (288 352 964.605774 ) (227.455551 352 960.040955 ) 
4 67 68 (258.453796 368 896.958740 ) (258.610809 368 896 ) (237.941833 352 896 ) (237.860519 352 896.496521 ) 
4 68 73 (234.608444 352 896.251038 ) (234.649521 352 896 ) (237.944458 352 896 ) (237.863113 352 896.496704 ) 
4 69 117 (0 168 1024 ) (0 352 1024 ) (0 352 942.891602 ) (0 168 955.426941 ) 
4 69 74 (352 168 981.966492 ) (352 168 1024 ) (0 168 1024 ) (0 168 955.426941 ) 
4 69 72 (0 175.265015 954.931396 ) (0 177.782761 954.759888 ) (203.722992 336.080872 959.336121 ) (204.942184 334.506927 959.535278 ) 
5 69 71 (352 168 981.965820 ) (0 168 955.426331 ) (0 175.265015 954.931396 ) (227.455536 352 960.041016 ) (352 352 969.431213 ) 
3 69 70 (0 177.782761 954.759888 ) (0 352 942.891724 ) (224.210220 352 959.796326 ) 
4 70 117 (0 352 942.891602 ) (0 352 896 ) (0 170.338913 896 ) (0 177.782837 954.760498 ) 
3 70 73 (234.649002 352 896 ) (234.607941 352 896.250977 ) (223.426025 343.311371 896 ) 
4 70 72 (203.723312 336.080566 959.331848 ) (0 177.782288 954.756287 ) (0 170.338882 896 ) (208.503601 331.758698 896 ) 
3 71 117 (0 168 897.634338 ) (0 168 955.426941 ) (0 175.265091 954.932007 ) 
5 71 74 (352 168 896 ) (352 168 981.966492 ) (0 168 955.426941 ) (0 168 897.634338 ) (0.267679 168 896 ) 
3 71 73 (237.860916 352 896.496582 ) (237.942245 352 896 ) (215.737686 334.810028 896 ) 
5 71 72 (0.266812 168 896 ) (0 168 897.628967 ) (0 175.266266 954.933289 ) (204.941284 334.508057 959.536499 ) (209.740768 330.167419 896 ) 
5 72 117 (0 168 896 ) (0 168 897.634338 ) (0 175.265091 954.932007 ) (0 177.782837 954.760498 ) (0 170.338913 896 ) 
3 72 74 (0.267679 168 896 ) (0 168 897.634338 ) (0 168 896 ) 
4 74 149 (224 0 1024 ) (32 0 1024 ) (32 0 896 ) (224 0 896 ) 
4 74 151 (32 0 1024 ) (0 0 1024 ) (0 0 896 ) (32 0 896 ) 
4 74 146 (352 0 896 ) (352 0 1024 ) (224 0 1024 ) (224 0 896 ) 
4 74 118 (0 0 896 ) (0 0 1024 ) (0 168 1024 ) (0 168 896 ) 
4 74 76 (192 160 896 ) (192 0 896 ) (0 0 896 ) (0 160 896 ) 
4 74 75 (224 168 896 ) (352 168 896 ) (352 0 896 ) (224 0 896 ) 
4 75 147 (352 0 888 ) (352 0 896 ) (224 0 896 ) (224 0 888 ) 
4 76 152 (192 0 896 ) (0 0 896 ) (0 0 888 ) (192 0 888 ) 
4 76 91 (192 0 888 ) (0 0 888 ) (0 160 888 ) (192 160 888 ) 
4 77 79 (292 228 880 ) (292 228 888 ) (292 356 888 ) (292 356 880 ) 
4 77 80 (292 356 760 ) (292 228 760 ) (292 228 864 ) (292 356 864 ) 
4 77 78 (292 384 888 ) (292 384 760 ) (292 356 760 ) (292 356 888 ) 
4 77 81 (292 228 760 ) (292 168 760 ) (292 168 888 ) (292 228 888 ) 
4 78 82 (284 384 888 ) (284 384 760 ) (284 356 760 ) (284 356 888 ) 
4 78 79 (284 356 888 ) (284 356 880 ) (292 356 880 ) (292 356 888 ) 
4 78 80 (284 356 864 ) (284 356 760 ) (292 356 760 ) (292 356 864 ) 
4 79 87 (284 228 880 ) (284 228 888 ) (284 304 888 ) (284 304 880 ) 
4 79 83 (284 348 888 ) (284 356 888 ) (284 356 880 ) (284 348 880 ) 
4 79 85 (284 304 888 ) (284 348 888 ) (284 348 880 ) (284 304 880 ) 
4 79 81 (284 228 888 ) (284 228 880 ) (292 228 880 ) (292 228 888 ) 
4 80 87 (284 304 760 ) (284 228 760 ) (284 228 864 ) (284 304 864 ) 
4 80 84 (284 356 760 ) (284 348 760 ) (284 348 864 ) (284 356 864 ) 
4 80 85 (284 348 760 ) (284 304 760 ) (284 304 864 ) (284 348 864 ) 
4 80 81 (284 228 864 ) (284 228 760 ) (292 228 760 ) (292 228 864 ) 
4 81 87 (284 228 760 ) (284 168 760 ) (284 168 888 ) (284 228 888 ) 
4 82 83 (236 356 888 ) (236 356 880 ) (284 356 880 ) (284 356 888 ) 
4 82 84 (236 356 864 ) (236 356 760 ) (284 356 760 ) (284 356 864 ) 
4 82 86 (236 384 888 ) (236 384 760 ) (236 356 760 ) (236 356 888 ) 
4 83 85 (236 348 888 ) (236 348 880 ) (284 348 880 ) (284 348 888 ) 
4 83 86 (236 348 880 ) (236 348 888 ) (236 356 888 ) (236 356 880 ) 
4 84 86 (236 356 760 ) (236 348 760 ) (236 348 864 ) (236 356 864 ) 
4 84 85 (236 348 864 ) (236 348 760 ) (284 348 760 ) (284 348 864 ) 
4 85 87 (256 304 760 ) (284 304 760 ) (284 304 888 ) (256 304 888 ) 
4 85 86 (236 348 760 ) (236 304 760 ) (236 304 888 ) (236 348 888 ) 
4 87 88 (256 288 760 ) (256 168 760 ) (256 168 888 ) (256 288 888 ) 
4 88 119 (0 168 888 ) (0 288 888 ) (0 288 760 ) (0 168 760 ) 
4 88 90 (192 168 824 ) (192 168 888 ) (0 168 888 ) (0 168 824 ) 
4 88 89 (200 168 888 ) (192 168 888 ) (192 168 824 ) (200 168 824 ) 
4 89 153 (200 0 888 ) (192 0 888 ) (192 0 824 ) (200 0 824 ) 
4 89 91 (192 160 824 ) (192 0 824 ) (192 0 888 ) (192 160 888 ) 
4 89 90 (192 168 888 ) (192 168 824 ) (192 160 824 ) (192 160 888 ) 
4 90 120 (0 160 888 ) (0 168 888 ) (0 168 824 ) (0 160 824 ) 
4 90 91 (192 160 824 ) (192 160 888 ) (0 160 888 ) (0 160 824 ) 
4 91 154 (0 0 824 ) (0 0 816 ) (192 0 816 ) (192 0 824 ) 
4 91 153 (192 0 888 ) (0 0 888 ) (0 0 824 ) (192 0 824 ) 
4 91 120 (0 0 824 ) (0 0 888 ) (0 160 888 ) (0 160 824 ) 
4 92 96 (-80 1024 184 ) (-208 1024 184 ) (-208 1024 56 ) (-80 1024 56 ) 
4 94 97 (-336 1024 184 ) (-464 1024 184 ) (-464 1024 56 ) (-336 1024 56 ) 
4 95 101 (-640 384 1152 ) (-640 384 880 ) (-416 384 880 ) (-416 384 1152 ) 
4 95 100 (-640 384 1664 ) (-640 384 1152 ) (-416 384 1152 ) (-416 384 1664 ) 
4 98 121 (-32 352 1248 ) (-64 352 1248 ) (-64 352 1184 ) (-32 352 1184 ) 
4 98 117 (0 352 1184 ) (0 352 1248 ) (-32 352 1248 ) (-32 352 1184 ) 
4 99 122 (-352 352 1152 ) (-288 352 1152 ) (-288 352 1216 ) (-352 352 1216 ) 
4 100 137 (-640 352 1152 ) (-464 352 1152 ) (-464 352 1288 ) (-640 352 1288 ) 
4 100 134 (-464 352 1152 ) (-448 352 1152 ) (-448 352 1288 ) (-464 352 1288 ) 
4 100 127 (-448 352 1152 ) (-416 352 1152 ) (-416 352 1288 ) (-448 352 1288 ) 
4 100 105 (-416 352 1288 ) (-416 352 1664 ) (-640 352 1664 ) (-640 352 1288 ) 
4 100 101 (-416 352 1152 ) (-640 352 1152 ) (-640 384 1152 ) (-416 384 1152 ) 
4 101 137 (-640 352 880 ) (-464 352 880 ) (-464 352 1152 ) (-640 352 1152 ) 
4 101 134 (-464 352 880 ) (-448 352 880 ) (-448 352 1152 ) (-464 352 1152 ) 
4 101 129 (-416 352 892 ) (-416 352 1088 ) (-420 352 1088 ) (-420 352 892 ) 
4 101 130 (-448 352 880 ) (-420 352 880 ) (-420 352 1088 ) (-448 352 1088 ) 
4 101 127 (-416 352 1088 ) (-416 352 1152 ) (-448 352 1152 ) (-448 352 1088 ) 
4 102 229 (0 0 1664 ) (0 0 1696 ) (-32 0 1696 ) (-32 0 1664 ) 
4 102 106 (0 0 1664 ) (-32 0 1664 ) (-32 224 1664 ) (0 224 1664 ) 
4 102 103 (-32 64 1664 ) (-32 0 1664 ) (-32 0 1696 ) (-32 64 1696 ) 
4 103 238 (-160 0 1696 ) (-416 0 1696 ) (-416 0 1664 ) (-160 0 1664 ) 
4 103 231 (-32 0 1696 ) (-160 0 1696 ) (-160 0 1664 ) (-32 0 1664 ) 
4 103 106 (-32 0 1664 ) (-416 0 1664 ) (-416 64 1664 ) (-32 64 1664 ) 
4 104 107 (-128 256 1288 ) (0 256 1288 ) (0 256 1344 ) (-128 256 1344 ) 
4 104 106 (0 256 1344 ) (0 256 1664 ) (-128 256 1664 ) (-128 256 1344 ) 
4 105 137 (-640 352 1288 ) (-464 352 1288 ) (-464 256 1288 ) (-640 256 1288 ) 
4 105 134 (-464 352 1288 ) (-448 352 1288 ) (-448 256 1288 ) (-464 256 1288 ) 
4 105 127 (-448 352 1288 ) (-416 352 1288 ) (-416 256 1288 ) (-448 256 1288 ) 
4 105 110 (-640 256 1288 ) (-416 256 1288 ) (-416 256 1344 ) (-640 256 1344 ) 
4 105 106 (-416 256 1344 ) (-416 256 1664 ) (-640 256 1664 ) (-640 256 1344 ) 
4 106 254 (-448 0 1664 ) (-640 0 1664 ) (-640 0 1344 ) (-448 0 1344 ) 
4 106 252 (-416 0 1664 ) (-448 0 1664 ) (-448 0 1344 ) (-416 0 1344 ) 
4 106 238 (-160 0 1664 ) (-416 0 1664 ) (-416 0 1344 ) (-160 0 1344 ) 
4 106 231 (-32 0 1664 ) (-160 0 1664 ) (-160 0 1344 ) (-32 0 1344 ) 
4 106 229 (0 0 1344 ) (0 0 1664 ) (-32 0 1664 ) (-32 0 1344 ) 
4 106 110 (-272 0 1344 ) (-640 0 1344 ) (-640 256 1344 ) (-272 256 1344 ) 
4 106 107 (-176 256 1344 ) (0 256 1344 ) (0 176 1344 ) (-176 176 1344 ) 
4 106 109 (0 0 1344 ) (-272 0 1344 ) (-272 176 1344 ) (0 176 1344 ) 
4 107 109 (-176 176 1288 ) (0 176 1288 ) (0 176 1344 ) (-176 176 1344 ) 
4 108 113 (-256 192 1288 ) (-256 224 1288 ) (-192 224 1288 ) (-192 192 1288 ) 
4 108 111 (-256 224 1288 ) (-256 256 1288 ) (-192 256 1288 ) (-192 224 1288 ) 
4 109 238 (-160 0 1344 ) (-272 0 1344 ) (-272 0 1288 ) (-160 0 1288 ) 
4 109 231 (-32 0 1344 ) (-160 0 1344 ) (-160 0 1288 ) (-32 0 1288 ) 
4 109 229 (0 0 1288 ) (0 0 1344 ) (-32 0 1344 ) (-32 0 1288 ) 
4 109 115 (-256 0 1288 ) (-272 0 1288 ) (-272 160 1288 ) (-256 160 1288 ) 
4 109 114 (-192 0 1288 ) (-256 0 1288 ) (-256 160 1288 ) (-192 160 1288 ) 
4 109 112 (0 96 1288 ) (0 0 1288 ) (-192 0 1288 ) (-192 96 1288 ) 
4 109 110 (-272 0 1344 ) (-272 176 1344 ) (-272 176 1288 ) (-272 0 1288 ) 
4 110 254 (-448 0 1344 ) (-640 0 1344 ) (-640 0 1288 ) (-448 0 1288 ) 
4 110 252 (-416 0 1344 ) (-448 0 1344 ) (-448 0 1288 ) (-416 0 1288 ) 
4 110 238 (-272 0 1344 ) (-416 0 1344 ) (-416 0 1288 ) (-272 0 1288 ) 
4 110 137 (-464 0 1288 ) (-640 0 1288 ) (-640 256 1288 ) (-464 256 1288 ) 
4 110 135 (-448 0 1288 ) (-464 0 1288 ) (-464 64 1288 ) (-448 64 1288 ) 
4 110 134 (-464 64 1288 ) (-464 256 1288 ) (-448 256 1288 ) (-448 64 1288 ) 
4 110 131 (-416 0 1288 ) (-448 0 1288 ) (-448 64 1288 ) (-416 64 1288 ) 
4 110 128 (-448 64 1288 ) (-448 96 1288 ) (-416 96 1288 ) (-416 64 1288 ) 
4 110 127 (-448 96 1288 ) (-448 256 1288 ) (-416 256 1288 ) (-416 96 1288 ) 
4 110 115 (-272 0 1288 ) (-288 0 1288 ) (-288 160 1288 ) (-272 160 1288 ) 
4 110 116 (-288 0 1288 ) (-416 0 1288 ) (-416 224 1288 ) (-288 224 1288 ) 
4 111 122 (-192 256 1280 ) (-192 224 1280 ) (-256 224 1280 ) (-256 256 1280 ) 
4 111 113 (-256 224 1280 ) (-192 224 1280 ) (-192 224 1288 ) (-256 224 1288 ) 
4 112 238 (-160 0 1288 ) (-192 0 1288 ) (-192 0 1280 ) (-160 0 1280 ) 
4 112 231 (-32 0 1288 ) (-160 0 1288 ) (-160 0 1280 ) (-32 0 1280 ) 
4 112 229 (0 0 1280 ) (0 0 1288 ) (-32 0 1288 ) (-32 0 1280 ) 
4 112 123 (-32 0 1280 ) (-192 0 1280 ) (-192 64 1280 ) (-32 64 1280 ) 
4 112 122 (-192 64 1280 ) (-192 96 1280 ) (-160 96 1280 ) (-160 64 1280 ) 
4 112 121 (-160 96 1280 ) (-32 96 1280 ) (-32 64 1280 ) (-160 64 1280 ) 
4 112 118 (0 96 1280 ) (0 0 1280 ) (-32 0 1280 ) (-32 96 1280 ) 
4 112 114 (-192 96 1280 ) (-192 0 1280 ) (-192 0 1288 ) (-192 96 1288 ) 
4 113 122 (-256 224 1280 ) (-192 224 1280 ) (-192 192 1280 ) (-256 192 1280 ) 
4 114 238 (-192 0 1288 ) (-256 0 1288 ) (-256 0 1280 ) (-192 0 1280 ) 
4 114 123 (-192 64 1280 ) (-192 0 1280 ) (-256 0 1280 ) (-256 64 1280 ) 
4 114 122 (-192 160 1280 ) (-192 64 1280 ) (-256 64 1280 ) (-256 160 1280 ) 
4 114 115 (-256 160 1280 ) (-256 0 1280 ) (-256 0 1288 ) (-256 160 1288 ) 
4 115 238 (-256 0 1288 ) (-288 0 1288 ) (-288 0 1280 ) (-256 0 1280 ) 
4 115 123 (-256 64 1280 ) (-256 0 1280 ) (-288 0 1280 ) (-288 64 1280 ) 
4 115 122 (-256 160 1280 ) (-256 64 1280 ) (-288 64 1280 ) (-288 160 1280 ) 
4 115 116 (-288 160 1280 ) (-288 0 1280 ) (-288 0 1288 ) (-288 160 1288 ) 
4 116 238 (-288 0 1288 ) (-416 0 1288 ) (-416 0 1280 ) (-288 0 1280 ) 
4 116 131 (-416 0 1288 ) (-416 64 1288 ) (-416 64 1280 ) (-416 0 1280 ) 
4 116 128 (-416 64 1288 ) (-416 96 1288 ) (-416 96 1280 ) (-416 64 1280 ) 
4 116 127 (-416 96 1288 ) (-416 224 1288 ) (-416 224 1280 ) (-416 96 1280 ) 
4 116 123 (-416 0 1280 ) (-416 64 1280 ) (-288 64 1280 ) (-288 0 1280 ) 
4 116 122 (-416 64 1280 ) (-416 224 1280 ) (-288 224 1280 ) (-288 64 1280 ) 
4 117 121 (-32 168 1280 ) (-32 352 1280 ) (-32 352 896 ) (-32 168 896 ) 
4 117 118 (-32 168 1280 ) (-32 168 896 ) (0 168 896 ) (0 168 1280 ) 
4 118 229 (0 0 896 ) (0 0 1280 ) (-32 0 1280 ) (-32 0 896 ) 
4 118 123 (-32 0 1280 ) (-32 64 1280 ) (-32 64 896 ) (-32 0 896 ) 
4 118 121 (-32 64 1280 ) (-32 168 1280 ) (-32 168 896 ) (-32 64 896 ) 
4 119 126 (-32 288 760 ) (-32 168 760 ) (-32 168 880 ) (-32 288 880 ) 
4 119 120 (0 168 824 ) (0 168 888 ) (-8 168 888 ) (-8 168 824 ) 
4 120 230 (0 0 824 ) (0 0 888 ) (-8 0 888 ) (-8 0 824 ) 
4 121 123 (-32 64 896 ) (-32 64 1280 ) (-160 64 1280 ) (-160 64 896 ) 
4 121 122 (-160 64 896 ) (-160 64 1280 ) (-160 352 1280 ) (-160 352 896 ) 
4 122 129 (-416 352 1088 ) (-416 352 892 ) (-416 64 892 ) (-416 64 1088 ) 
4 122 128 (-416 64 1152 ) (-416 64 1280 ) (-416 96 1280 ) (-416 96 1152 ) 
4 122 127 (-416 352 1280 ) (-416 352 1088 ) (-416 96 1088 ) (-416 96 1280 ) 
4 122 124 (-160 64 892 ) (-160 64 896 ) (-416 64 896 ) (-416 64 892 ) 
4 122 123 (-160 64 896 ) (-160 64 1280 ) (-416 64 1280 ) (-416 64 896 ) 
4 123 240 (-416 0 1024 ) (-416 0 896 ) (-406 0 896 ) (-406 0 1024 ) 
4 123 239 (-406 0 896 ) (-160 0 896 ) (-160 0 1024 ) (-406 0 1024 ) 
4 123 238 (-160 0 1280 ) (-416 0 1280 ) (-416 0 1024 ) (-160 0 1024 ) 
4 123 231 (-32 0 896 ) (-32 0 1280 ) (-160 0 1280 ) (-160 0 896 ) 
4 123 132 (-416 0 1024 ) (-416 0 1088 ) (-416 64 1088 ) (-416 64 1024 ) 
4 123 131 (-416 0 1152 ) (-416 0 1280 ) (-416 64 1280 ) (-416 64 1152 ) 
4 123 124 (-416 0 896 ) (-416 64 896 ) (-32 64 896 ) (-32 0 896 ) 
4 124 242 (-160 0 896 ) (-416 0 896 ) (-416 0 888 ) (-160 0 888 ) 
4 124 232 (-32 0 888 ) (-32 0 896 ) (-160 0 896 ) (-160 0 888 ) 
4 124 133 (-416 0 888 ) (-416 0 896 ) (-416 64 896 ) (-416 64 888 ) 
4 124 125 (-416 0 888 ) (-416 64 888 ) (-32 64 888 ) (-32 0 888 ) 
4 125 243 (-160 0 888 ) (-416 0 888 ) (-416 0 880 ) (-160 0 880 ) 
4 125 233 (-32 0 880 ) (-32 0 888 ) (-160 0 888 ) (-160 0 880 ) 
4 125 133 (-416 64 880 ) (-416 0 880 ) (-416 0 888 ) (-416 64 888 ) 
4 127 134 (-448 96 1288 ) (-448 352 1288 ) (-448 352 1088 ) (-448 96 1088 ) 
4 127 129 (-420 352 1088 ) (-416 352 1088 ) (-416 96 1088 ) (-420 96 1088 ) 
4 127 130 (-448 96 1088 ) (-448 352 1088 ) (-420 352 1088 ) (-420 96 1088 ) 
4 127 128 (-448 96 1288 ) (-448 96 1152 ) (-416 96 1152 ) (-416 96 1288 ) 
4 128 134 (-448 64 1288 ) (-448 96 1288 ) (-448 96 1152 ) (-448 64 1152 ) 
4 128 131 (-448 64 1288 ) (-448 64 1152 ) (-416 64 1152 ) (-416 64 1288 ) 
4 129 132 (-416 64 1024 ) (-416 64 1088 ) (-420 64 1088 ) (-420 64 1024 ) 
4 129 133 (-416 64 892 ) (-416 64 896 ) (-420 64 896 ) (-420 64 892 ) 
4 129 130 (-420 64 892 ) (-420 64 1088 ) (-420 352 1088 ) (-420 352 892 ) 
4 130 134 (-448 352 1088 ) (-448 352 880 ) (-448 64 880 ) (-448 64 1088 ) 
4 130 132 (-448 64 1088 ) (-448 64 1024 ) (-420 64 1024 ) (-420 64 1088 ) 
4 130 133 (-448 64 896 ) (-448 64 880 ) (-420 64 880 ) (-420 64 896 ) 
4 131 252 (-416 0 1152 ) (-416 0 1288 ) (-448 0 1288 ) (-448 0 1152 ) 
4 131 135 (-448 0 1152 ) (-448 0 1288 ) (-448 64 1288 ) (-448 64 1152 ) 
4 133 253 (-416 0 880 ) (-416 0 896 ) (-448 0 896 ) (-448 0 880 ) 
4 133 136 (-448 0 880 ) (-448 0 896 ) (-448 64 896 ) (-448 64 880 ) 
4 134 137 (-464 352 880 ) (-464 64 880 ) (-464 64 1288 ) (-464 352 1288 ) 
4 134 135 (-464 64 1288 ) (-464 64 1088 ) (-448 64 1088 ) (-448 64 1288 ) 
4 134 136 (-464 64 1024 ) (-464 64 880 ) (-448 64 880 ) (-448 64 1024 ) 
4 135 254 (-448 0 1088 ) (-448 0 1288 ) (-464 0 1288 ) (-464 0 1088 ) 
4 135 137 (-464 0 1088 ) (-464 0 1288 ) (-464 64 1288 ) (-464 64 1088 ) 
4 136 254 (-448 0 880 ) (-448 0 1024 ) (-464 0 1024 ) (-464 0 880 ) 
4 136 137 (-464 64 880 ) (-464 0 880 ) (-464 0 1024 ) (-464 64 1024 ) 
4 137 254 (-464 0 1288 ) (-640 0 1288 ) (-640 0 880 ) (-464 0 880 ) 
4 138 303 (-1120 0 960 ) (-1120 0 1088 ) (-1536 0 1088 ) (-1536 0 960 ) 
4 139 144 (1024 0 618.438232 ) (1024 0 0 ) (1024 -160 0 ) (1024 -160 13.212460 ) 
4 139 143 (1024 0 896 ) (1024 0 618.438232 ) (1024 -160 13.212460 ) (1024 -160 896 ) 
4 139 142 (1024 0 1024 ) (1024 0 896 ) (1024 -160 896 ) (1024 -160 1024 ) 
4 139 141 (1024 0 1664 ) (1024 0 1024 ) (1024 -160 1024 ) (1024 -160 1664 ) 
4 140 221 (1024 -1024 784 ) (1024 -1024 192 ) (1216 -1024 192 ) (1216 -1024 784 ) 
4 140 218 (1024 -1024 800 ) (1024 -1024 784 ) (1216 -1024 784 ) (1216 -1024 800 ) 
4 140 217 (1216 -1024 1152 ) (1024 -1024 1152 ) (1024 -1024 800 ) (1216 -1024 800 ) 
4 140 216 (1280 -1024 192 ) (1280 -1024 1152 ) (1216 -1024 1152 ) (1216 -1024 192 ) 
4 140 164 (1024 -1024 192 ) (1024 -1024 1152 ) (1024 -768 1152 ) (1024 -768 192 ) 
4 141 142 (736 0 1024 ) (1024 0 1024 ) (1024 -160 1024 ) (736 -160 1024 ) 
3 142 145 (970.948242 0 896 ) (1018.570679 0 896 ) (1017.873962 -9.416159 896 ) 
5 142 144 (736 0 896 ) (970.948242 0 896 ) (1017.873962 -9.416159 896 ) (1006.732117 -160 896 ) (736 -160 896 ) 
4 142 143 (1018.570679 0 896 ) (1024 0 896 ) (1024 -160 896 ) (1006.732117 -160 896 ) 
4 143 145 (1017.873779 -9.416122 896 ) (1018.570496 0 896 ) (1018.910828 0 878.600220 ) (1018.429993 -6.760692 877.608948 ) 
5 143 144 (1024 -160 13.205104 ) (1006.731934 -160 896 ) (1017.873779 -9.416122 896 ) (1019.846130 0 830.785583 ) (1024 0 618.428955 ) 
4 144 145 (1017.869080 -9.415924 896 ) (1018.425293 -6.760480 877.608887 ) (984.765869 0 877.566772 ) (970.944641 0 896 ) 
4 146 156 (352 -64 896 ) (352 -64 1664 ) (224 -64 1664 ) (224 -64 896 ) 
4 146 155 (256 -64 1696 ) (224 -64 1696 ) (224 -64 1664 ) (256 -64 1664 ) 
4 146 149 (224 0 1280 ) (224 0 896 ) (224 -32 896 ) (224 -32 1280 ) 
4 146 150 (224 -64 896 ) (224 -64 1288 ) (224 -32 1288 ) (224 -32 896 ) 
4 146 148 (224 -64 1288 ) (224 -64 1696 ) (224 0 1696 ) (224 0 1288 ) 
4 146 147 (352 -64 896 ) (224 -64 896 ) (224 0 896 ) (352 0 896 ) 
4 147 157 (352 -64 888 ) (352 -64 896 ) (224 -64 896 ) (224 -64 888 ) 
4 148 229 (0 0 1696 ) (0 0 1288 ) (0 -64 1288 ) (0 -64 1696 ) 
4 148 156 (0 -64 1664 ) (0 -64 1288 ) (224 -64 1288 ) (224 -64 1664 ) 
4 148 155 (128 -64 1664 ) (224 -64 1664 ) (224 -64 1696 ) (128 -64 1696 ) 
4 148 150 (224 -32 1288 ) (224 -64 1288 ) (32 -64 1288 ) (32 -32 1288 ) 
4 148 151 (32 -64 1288 ) (0 -64 1288 ) (0 0 1288 ) (32 0 1288 ) 
4 149 152 (32 0 896 ) (192 0 896 ) (192 -32 896 ) (32 -32 896 ) 
4 149 150 (32 -32 1280 ) (32 -32 896 ) (224 -32 896 ) (224 -32 1280 ) 
4 149 151 (32 0 896 ) (32 -32 896 ) (32 -32 1280 ) (32 0 1280 ) 
4 150 156 (32 -64 896 ) (224 -64 896 ) (224 -64 1288 ) (32 -64 1288 ) 
4 150 151 (32 -32 896 ) (32 -64 896 ) (32 -64 1288 ) (32 -32 1288 ) 
4 151 229 (0 0 1288 ) (0 0 896 ) (0 -64 896 ) (0 -64 1288 ) 
4 151 156 (0 -64 1288 ) (0 -64 896 ) (32 -64 896 ) (32 -64 1288 ) 
4 151 152 (0 0 896 ) (32 0 896 ) (32 -32 896 ) (0 -32 896 ) 
4 152 153 (0 -32 888 ) (0 0 888 ) (192 0 888 ) (192 -32 888 ) 
4 153 230 (0 0 888 ) (0 0 824 ) (0 -40 824 ) (0 -40 888 ) 
4 153 154 (0 0 824 ) (192 0 824 ) (192 -32 824 ) (0 -32 824 ) 
4 155 156 (256 -288 1664 ) (128 -288 1664 ) (128 -64 1664 ) (256 -64 1664 ) 
4 156 234 (0 -288 896 ) (0 -288 1664 ) (0 -64 1664 ) (0 -64 896 ) 
4 156 161 (352 -288 896 ) (352 -288 1024 ) (224 -288 1024 ) (224 -288 896 ) 
4 156 160 (96 -288 1088 ) (96 -288 1024 ) (160 -288 1024 ) (160 -288 1088 ) 
4 156 158 (224 -288 896 ) (0 -288 896 ) (0 -64 896 ) (224 -64 896 ) 
4 156 157 (352 -288 896 ) (224 -288 896 ) (224 -64 896 ) (352 -64 896 ) 
4 157 159 (352 -288 888 ) (224 -288 888 ) (224 -64 888 ) (352 -64 888 ) 
4 157 158 (224 -64 888 ) (224 -288 888 ) (224 -288 896 ) (224 -64 896 ) 
4 158 235 (0 -288 888 ) (0 -288 896 ) (0 -64 896 ) (0 -64 888 ) 
4 158 159 (224 -288 888 ) (0 -288 888 ) (0 -64 888 ) (224 -64 888 ) 
4 159 237 (0 -288 880 ) (0 -288 888 ) (0 -64 888 ) (0 -64 880 ) 
4 161 162 (224 -304 1024 ) (224 -304 896 ) (352 -304 896 ) (352 -304 1024 ) 
4 162 163 (224 -320 1024 ) (224 -320 896 ) (352 -320 896 ) (352 -320 1024 ) 
4 163 174 (352 -352 896 ) (352 -352 1024 ) (224 -352 1024 ) (224 -352 896 ) 
4 164 226 (1024 -1024 192 ) (1024 -1024 784 ) (480 -1024 784 ) (480 -1024 192 ) 
4 164 223 (1024 -1024 784 ) (1024 -1024 800 ) (480 -1024 800 ) (480 -1024 784 ) 
4 164 222 (1024 -1024 800 ) (1024 -1024 1152 ) (480 -1024 1152 ) (480 -1024 800 ) 
4 164 214 (480 -1024 192 ) (480 -1024 1152 ) (480 -768 1152 ) (480 -768 192 ) 
4 165 169 (448 -480 752 ) (448 -352 752 ) (480 -352 752 ) (480 -480 752 ) 
4 165 167 (448 -352 752 ) (448 -480 752 ) (448 -480 1024 ) (448 -352 1024 ) 
4 166 169 (480 -672 752 ) (448 -672 752 ) (448 -544 752 ) (480 -544 752 ) 
4 166 167 (448 -544 752 ) (448 -672 752 ) (448 -672 1024 ) (448 -544 1024 ) 
4 167 169 (448 -672 752 ) (416 -672 752 ) (416 -352 752 ) (448 -352 752 ) 
4 167 168 (416 -416 752 ) (416 -672 752 ) (416 -672 1024 ) (416 -416 1024 ) 
4 168 176 (352 -416 752 ) (352 -672 752 ) (352 -672 896 ) (352 -416 896 ) 
4 168 174 (352 -656 1024 ) (352 -416 1024 ) (352 -416 896 ) (352 -656 896 ) 
4 168 169 (416 -672 752 ) (352 -672 752 ) (352 -416 752 ) (416 -416 752 ) 
4 169 176 (352 -352 752 ) (352 -352 740 ) (352 -672 740 ) (352 -672 752 ) 
4 170 174 (288 -544 1528 ) (288 -416 1528 ) (352 -416 1528 ) (352 -544 1528 ) 
4 170 171 (288 -416 1528 ) (288 -544 1528 ) (288 -544 1536 ) (288 -416 1536 ) 
4 171 183 (288 -672 1536 ) (224 -672 1536 ) (224 -672 1528 ) (288 -672 1528 ) 
4 171 175 (288 -672 1528 ) (224 -672 1528 ) (224 -656 1528 ) (288 -656 1528 ) 
4 171 174 (224 -656 1528 ) (224 -352 1528 ) (288 -352 1528 ) (288 -656 1528 ) 
4 171 172 (224 -416 1528 ) (224 -544 1528 ) (224 -544 1536 ) (224 -416 1536 ) 
4 171 173 (224 -608 1528 ) (224 -672 1528 ) (224 -672 1536 ) (224 -608 1536 ) 
4 172 174 (160 -544 1528 ) (160 -416 1528 ) (224 -416 1528 ) (224 -544 1528 ) 
4 173 175 (224 -672 1528 ) (160 -672 1528 ) (160 -656 1528 ) (224 -656 1528 ) 
4 173 174 (160 -656 1528 ) (160 -608 1528 ) (224 -608 1528 ) (224 -656 1528 ) 
4 174 180 (160 -656 896 ) (160 -352 896 ) (216 -352 896 ) (216 -656 896 ) 
4 174 177 (216 -352 896 ) (248 -352 896 ) (248 -656 896 ) (216 -656 896 ) 
4 174 176 (248 -352 896 ) (352 -352 896 ) (352 -656 896 ) (248 -656 896 ) 
4 174 175 (352 -656 1024 ) (352 -656 1528 ) (160 -656 1528 ) (160 -656 1024 ) 
4 175 182 (352 -672 1040 ) (352 -672 1528 ) (288 -672 1528 ) (288 -672 1040 ) 
4 175 183 (288 -672 1528 ) (224 -672 1528 ) (224 -672 1040 ) (288 -672 1040 ) 
4 176 197 (352 -672 740 ) (352 -672 752 ) (248 -672 752 ) (248 -672 740 ) 
4 176 188 (352 -672 752 ) (352 -672 760 ) (248 -672 760 ) (248 -672 752 ) 
4 176 186 (352 -672 760 ) (352 -672 896 ) (248 -672 896 ) (248 -672 760 ) 
4 176 178 (248 -672 752 ) (248 -672 758 ) (248 -352 758 ) (248 -352 752 ) 
4 176 177 (248 -672 758 ) (248 -672 896 ) (248 -352 896 ) (248 -352 758 ) 
4 176 179 (248 -352 740 ) (248 -672 740 ) (248 -672 752 ) (248 -352 752 ) 
5 177 190 (248 -672 896 ) (224 -672 896 ) (224 -672 765.500000 ) (241.600159 -672 760 ) (248 -672 760 ) 
3 177 192 (241.600159 -672 760 ) (248 -672 758 ) (248 -672 760 ) 
4 177 180 (216 -672 768 ) (216 -672 896 ) (216 -352 896 ) (216 -352 768 ) 
4 177 178 (216 -672 768 ) (216 -352 768 ) (248 -352 758 ) (248 -672 758 ) 
5 178 195 (224 -672 752 ) (248 -672 752 ) (248 -672 758 ) (241.600159 -672 760 ) (224 -672 760 ) 
3 178 193 (241.600159 -672 760 ) (224 -672 765.500000 ) (224 -672 760 ) 
4 178 181 (216 -672 752 ) (216 -672 768 ) (216 -352 768 ) (216 -352 752 ) 
4 178 179 (216 -672 752 ) (216 -352 752 ) (248 -352 752 ) (248 -672 752 ) 
4 179 197 (224 -672 740 ) (248 -672 740 ) (248 -672 752 ) (224 -672 752 ) 
4 179 181 (216 -352 740 ) (216 -672 740 ) (216 -672 752 ) (216 -352 752 ) 
4 180 181 (160 -672 768 ) (160 -352 768 ) (216 -352 768 ) (216 -672 768 ) 
4 182 183 (288 -672 1040 ) (288 -736 1040 ) (288 -736 1528 ) (288 -672 1528 ) 
4 184 208 (352 -736 904 ) (352 -736 1008 ) (224 -736 1008 ) (224 -736 904 ) 
4 184 185 (224 -736 904 ) (224 -720 912 ) (352 -720 912 ) (352 -736 904 ) 
4 185 210 (352 -736 896 ) (352 -736 904 ) (224 -736 904 ) (224 -736 896 ) 
4 185 204 (224 -736 896 ) (224 -720 896 ) (352 -720 896 ) (352 -736 896 ) 
3 186 193 (248 -693.332458 758 ) (248 -712 756.249939 ) (248 -712 758 ) 
5 186 190 (248 -712 896 ) (248 -672 896 ) (248 -672 760 ) (248 -693.332458 758 ) (248 -712 758 ) 
4 186 188 (248 -712 756.250244 ) (248 -672 760 ) (352 -672 760 ) (352 -712 756.250244 ) 
4 186 187 (248 -712 896 ) (248 -712 756.250000 ) (352 -712 756.250000 ) (352 -712 896 ) 
4 187 199 (352 -720 755.499939 ) (352 -720 896 ) (248 -720 896 ) (248 -720 755.499939 ) 
4 187 194 (248 -720 755.499939 ) (248 -720 758 ) (248 -712 758 ) (248 -712 756.249939 ) 
4 187 191 (248 -720 758 ) (248 -720 896 ) (248 -712 896 ) (248 -712 758 ) 
4 187 189 (352 -720 755.500244 ) (248 -720 755.500244 ) (248 -712 756.250244 ) (352 -712 756.250244 ) 
4 188 197 (248 -712 752 ) (248 -672 752 ) (352 -672 752 ) (352 -712 752 ) 
5 188 195 (248 -672 752 ) (248 -712 752 ) (248 -712 756.249939 ) (248 -693.332458 758 ) (248 -672 758 ) 
3 188 192 (248 -693.332458 758 ) (248 -672 760 ) (248 -672 758 ) 
4 188 189 (352 -712 756.250000 ) (248 -712 756.250000 ) (248 -712 752 ) (352 -712 752 ) 
4 189 200 (352 -720 752 ) (352 -720 755.499939 ) (248 -720 755.499939 ) (248 -720 752 ) 
4 189 198 (352 -720 752 ) (248 -720 752 ) (248 -712 752 ) (352 -712 752 ) 
4 189 196 (248 -712 752 ) (248 -720 752 ) (248 -720 755.499939 ) (248 -712 756.249939 ) 
5 190 193 (248 -693.322937 758 ) (248 -712 758 ) (224 -712 765.500977 ) (224 -672 765.500977 ) (241.603149 -672 760 ) 
3 190 192 (248 -693.335938 758 ) (241.599213 -672 760 ) (248 -672 760 ) 
4 190 191 (224 -712 765.500061 ) (248 -712 758 ) (248 -712 896 ) (224 -712 896 ) 
4 191 201 (248 -720 896 ) (224 -720 896 ) (224 -720 765.499939 ) (248 -720 758 ) 
4 191 194 (248 -712 758 ) (248 -720 758 ) (224 -720 765.500977 ) (224 -712 765.500977 ) 
3 192 195 (248 -672 758 ) (248 -693.322937 758 ) (241.603149 -672 760 ) 
5 193 195 (241.600403 -672 760 ) (248 -693.332031 758 ) (248 -712 756.249878 ) (224 -712 756.249878 ) (224 -672 760 ) 
4 193 194 (224 -712 756.250000 ) (248 -712 756.250000 ) (248 -712 758 ) (224 -712 765.500488 ) 
4 194 202 (224 -720 765.499939 ) (224 -720 755.499939 ) (248 -720 755.499939 ) (248 -720 758 ) 
4 194 196 (248 -712 756.249878 ) (248 -720 755.499878 ) (224 -720 755.499878 ) (224 -712 756.249878 ) 
4 195 197 (224 -712 752 ) (224 -672 752 ) (248 -672 752 ) (248 -712 752 ) 
4 195 196 (224 -712 752 ) (248 -712 752 ) (248 -712 756.250000 ) (224 -712 756.250000 ) 
4 196 203 (224 -720 755.499939 ) (224 -720 752 ) (248 -720 752 ) (248 -720 755.499939 ) 
4 196 198 (248 -720 752 ) (224 -720 752 ) (224 -712 752 ) (248 -712 752 ) 
4 197 198 (224 -712 740 ) (352 -712 740 ) (352 -712 752 ) (224 -712 752 ) 
4 198 205 (224 -720 740 ) (352 -720 740 ) (352 -720 752 ) (224 -720 752 ) 
4 199 209 (352 -736 768 ) (352 -736 888 ) (248 -736 888 ) (248 -736 768 ) 
4 199 202 (248 -736 754 ) (248 -736 758 ) (248 -720 758 ) (248 -720 755.499939 ) 
4 199 201 (248 -736 758 ) (248 -736 888 ) (248 -720 896 ) (248 -720 758 ) 
4 199 204 (352 -720 896 ) (248 -720 896 ) (248 -736 888 ) (352 -736 888 ) 
4 199 200 (248 -736 754 ) (248 -720 755.499878 ) (352 -720 755.499878 ) (352 -736 754 ) 
4 200 203 (248 -720 752 ) (248 -736 752 ) (248 -736 754 ) (248 -720 755.499939 ) 
4 200 205 (248 -720 752 ) (352 -720 752 ) (352 -736 752 ) (248 -736 752 ) 
4 201 209 (248 -736 888 ) (224 -736 888 ) (224 -736 768 ) (248 -736 768 ) 
4 201 204 (248 -720 896 ) (224 -720 896 ) (224 -736 888 ) (248 -736 888 ) 
4 201 202 (248 -720 758 ) (248 -736 758 ) (224 -736 765.500488 ) (224 -720 765.500488 ) 
4 202 203 (224 -720 755.499512 ) (248 -720 755.499512 ) (248 -736 754 ) (224 -736 754 ) 
4 203 205 (224 -736 752 ) (224 -720 752 ) (248 -720 752 ) (248 -736 752 ) 
4 204 210 (352 -736 888 ) (352 -736 896 ) (224 -736 896 ) (224 -736 888 ) 
4 206 213 (352 -752 1008 ) (480 -752 1008 ) (480 -752 1024 ) (352 -752 1024 ) 
4 206 207 (480 -752 1008 ) (352 -752 1008 ) (352 -736 1008 ) (480 -736 1008 ) 
4 207 213 (352 -752 768 ) (480 -752 768 ) (480 -752 1008 ) (352 -752 1008 ) 
4 207 212 (480 -752 768 ) (448 -752 768 ) (448 -736 768 ) (480 -736 768 ) 
4 207 210 (352 -752 880 ) (352 -752 896 ) (352 -736 904 ) (352 -736 888 ) 
4 207 209 (352 -736 768 ) (352 -752 768 ) (352 -752 880 ) (352 -736 888 ) 
4 207 208 (352 -752 896 ) (352 -752 1008 ) (352 -736 1008 ) (352 -736 904 ) 
4 208 213 (352 -752 896 ) (352 -752 1008 ) (224 -752 1008 ) (224 -752 896 ) 
4 208 210 (224 -752 896 ) (224 -736 904 ) (352 -736 904.001953 ) (352 -752 896.001953 ) 
4 208 211 (224 -752 896 ) (224 -752 1008 ) (224 -736 1008 ) (224 -736 904 ) 
4 209 213 (224 -752 768 ) (352 -752 768 ) (352 -752 880 ) (224 -752 880 ) 
4 209 211 (224 -736 768 ) (224 -752 768 ) (224 -752 880 ) (224 -736 888 ) 
4 209 210 (224 -736 887.998047 ) (224 -752 879.998047 ) (352 -752 880 ) (352 -736 888 ) 
4 210 213 (352 -752 880 ) (352 -752 896 ) (224 -752 896 ) (224 -752 880 ) 
4 210 211 (224 -752 880 ) (224 -752 896 ) (224 -736 904 ) (224 -736 888 ) 
4 211 213 (128 -752 1008 ) (128 -752 768 ) (224 -752 768 ) (224 -752 1008 ) 
4 212 213 (448 -752 752 ) (480 -752 752 ) (480 -752 768 ) (448 -752 768 ) 
4 213 215 (128 -768 1024 ) (128 -768 736 ) (192 -768 736 ) (192 -768 1024 ) 
4 213 214 (192 -768 736 ) (480 -768 736 ) (480 -768 1024 ) (192 -768 1024 ) 
4 214 226 (480 -1024 192 ) (480 -1024 784 ) (192 -1024 784 ) (192 -1024 192 ) 
4 214 223 (480 -1024 784 ) (480 -1024 800 ) (192 -1024 800 ) (192 -1024 784 ) 
4 214 222 (480 -1024 800 ) (480 -1024 1152 ) (192 -1024 1152 ) (192 -1024 800 ) 
4 214 215 (192 -768 1152 ) (192 -768 192 ) (192 -896 192 ) (192 -896 1152 ) 
4 216 221 (1216 -1024 784 ) (1216 -1024 192 ) (1216 -1088 192 ) (1216 -1088 784 ) 
4 216 218 (1216 -1024 800 ) (1216 -1024 784 ) (1216 -1088 784 ) (1216 -1088 800 ) 
4 216 217 (1216 -1088 1152 ) (1216 -1024 1152 ) (1216 -1024 800 ) (1216 -1088 800 ) 
4 217 222 (1024 -1024 1152 ) (1024 -1024 800 ) (1024 -1856 800 ) (1024 -1856 1152 ) 
4 217 219 (1216 -1216 800 ) (1216 -1696 800 ) (1024 -1696 800 ) (1024 -1216 800 ) 
4 217 220 (1216 -1728 800 ) (1216 -1856 800 ) (1024 -1856 800 ) (1024 -1728 800 ) 
4 217 218 (1216 -1024 800 ) (1216 -1184 800 ) (1024 -1184 800 ) (1024 -1024 800 ) 
4 218 223 (1024 -1024 800 ) (1024 -1024 784 ) (1024 -1184 784 ) (1024 -1184 800 ) 
4 218 221 (1024 -1024 784 ) (1216 -1024 784 ) (1216 -1184 784 ) (1024 -1184 784 ) 
4 219 224 (1024 -1216 784 ) (1024 -1696 784 ) (1024 -1696 800 ) (1024 -1216 800 ) 
4 219 221 (1216 -1216 784 ) (1216 -1696 784 ) (1024 -1696 784 ) (1024 -1216 784 ) 
4 220 225 (1024 -1728 784 ) (1024 -1856 784 ) (1024 -1856 800 ) (1024 -1728 800 ) 
4 220 221 (1216 -1728 784 ) (1216 -1856 784 ) (1024 -1856 784 ) (1024 -1728 784 ) 
4 221 226 (1024 -1024 784 ) (1024 -1024 192 ) (1024 -1856 192 ) (1024 -1856 784 ) 
4 222 224 (192 -1696 800 ) (192 -1216 800 ) (1024 -1216 800 ) (1024 -1696 800 ) 
4 222 225 (1024 -1856 800 ) (192 -1856 800 ) (192 -1728 800 ) (1024 -1728 800 ) 
4 222 223 (192 -1184 800 ) (192 -1024 800 ) (1024 -1024 800 ) (1024 -1184 800 ) 
4 223 226 (192 -1184 784 ) (192 -1024 784 ) (1024 -1024 784 ) (1024 -1184 784 ) 
4 224 226 (192 -1696 784 ) (192 -1216 784 ) (1024 -1216 784 ) (1024 -1696 784 ) 
4 225 226 (1024 -1856 784 ) (192 -1856 784 ) (192 -1728 784 ) (1024 -1728 784 ) 
4 227 302 (0 -2048 0 ) (0 -2048 1664 ) (0 -1232 1664 ) (0 -1232 0 ) 
4 227 228 (96 -2048 0 ) (96 -2048 1664 ) (0 -2048 1664 ) (0 -2048 0 ) 
4 228 305 (0 -2064 0 ) (0 -2064 1664 ) (0 -2048 1664 ) (0 -2048 0 ) 
4 229 234 (0 -64 896 ) (0 -64 1664 ) (-32 -64 1664 ) (-32 -64 896 ) 
4 229 231 (-32 0 1696 ) (-32 0 896 ) (-32 -64 896 ) (-32 -64 1696 ) 
4 231 239 (-160 -64 896 ) (-160 -64 1024 ) (-160 0 1024 ) (-160 0 896 ) 
4 231 238 (-160 -64 1024 ) (-160 -64 1696 ) (-160 0 1696 ) (-160 0 1024 ) 
4 231 234 (-160 -64 1664 ) (-160 -64 896 ) (-32 -64 896 ) (-32 -64 1664 ) 
4 231 232 (-32 0 896 ) (-32 -64 896 ) (-160 -64 896 ) (-160 0 896 ) 
4 232 242 (-160 -64 888 ) (-160 -64 896 ) (-160 0 896 ) (-160 0 888 ) 
4 232 236 (-160 -64 896 ) (-160 -64 888 ) (-32 -64 888 ) (-32 -64 896 ) 
4 232 233 (-32 0 888 ) (-32 -64 888 ) (-160 -64 888 ) (-160 0 888 ) 
4 233 243 (-160 -64 880 ) (-160 -64 888 ) (-160 0 888 ) (-160 0 880 ) 
4 233 237 (-160 -64 888 ) (-160 -64 880 ) (-32 -64 880 ) (-32 -64 888 ) 
4 234 241 (-160 -288 896 ) (-160 -288 1664 ) (-160 -160 1664 ) (-160 -160 896 ) 
4 234 239 (-160 -64 1024 ) (-160 -64 896 ) (-160 -160 896 ) (-160 -160 1024 ) 
4 234 238 (-160 -160 1664 ) (-160 -64 1664 ) (-160 -64 1024 ) (-160 -160 1024 ) 
4 234 236 (-32 -288 896 ) (-160 -288 896 ) (-160 -64 896 ) (-32 -64 896 ) 
4 234 235 (0 -288 896 ) (-32 -288 896 ) (-32 -64 896 ) (0 -64 896 ) 
4 235 237 (0 -288 888 ) (-32 -288 888 ) (-32 -64 888 ) (0 -64 888 ) 
4 235 236 (-32 -64 888 ) (-32 -288 888 ) (-32 -288 896 ) (-32 -64 896 ) 
4 236 242 (-160 -288 888 ) (-160 -288 896 ) (-160 -64 896 ) (-160 -64 888 ) 
4 236 237 (-32 -288 888 ) (-160 -288 888 ) (-160 -64 888 ) (-32 -64 888 ) 
4 237 243 (-160 -288 880 ) (-160 -288 888 ) (-160 -64 888 ) (-160 -64 880 ) 
4 238 255 (-416 -32 1024 ) (-416 -160 1024 ) (-416 -160 1696 ) (-416 -32 1696 ) 
4 238 252 (-416 0 1664 ) (-416 0 1152 ) (-416 -32 1152 ) (-416 -32 1664 ) 
4 238 241 (-416 -160 1664 ) (-416 -160 1024 ) (-160 -160 1024 ) (-160 -160 1664 ) 
4 238 240 (-416 -32 1024 ) (-416 0 1024 ) (-406 0 1024 ) (-406 -32 1024 ) 
4 238 239 (-160 -160 1024 ) (-406 -160 1024 ) (-406 0 1024 ) (-160 0 1024 ) 
4 239 242 (-406 0 896 ) (-160 0 896 ) (-160 -160 896 ) (-406 -160 896 ) 
4 239 241 (-406 -160 896 ) (-160 -160 896 ) (-160 -160 1024 ) (-406 -160 1024 ) 
4 239 240 (-406 0 896 ) (-406 -32 896 ) (-406 -32 1024 ) (-406 0 1024 ) 
4 240 242 (-416 -32 896 ) (-416 0 896 ) (-406 0 896 ) (-406 -32 896 ) 
4 241 256 (-416 -288 896 ) (-416 -288 1664 ) (-416 -160 1664 ) (-416 -160 896 ) 
4 241 249 (-288 -288 1024 ) (-288 -288 1056 ) (-352 -288 1056 ) (-352 -288 1024 ) 
4 241 250 (-416 -288 1056 ) (-416 -288 896 ) (-352 -288 896 ) (-352 -288 1056 ) 
4 241 248 (-416 -288 1664 ) (-416 -288 1056 ) (-288 -288 1056 ) (-288 -288 1664 ) 
4 241 245 (-224 -288 1664 ) (-288 -288 1664 ) (-288 -288 1088 ) (-224 -288 1088 ) 
4 241 244 (-160 -288 1152 ) (-160 -288 1664 ) (-224 -288 1664 ) (-224 -288 1152 ) 
4 241 247 (-288 -288 896 ) (-160 -288 896 ) (-160 -288 1024 ) (-288 -288 1024 ) 
4 241 242 (-160 -288 896 ) (-416 -288 896 ) (-416 -160 896 ) (-160 -160 896 ) 
4 242 258 (-416 -288 888 ) (-416 -288 896 ) (-416 -32 896 ) (-416 -32 888 ) 
4 242 253 (-416 -32 896 ) (-416 0 896 ) (-416 0 888 ) (-416 -32 888 ) 
4 242 243 (-160 -288 888 ) (-416 -288 888 ) (-416 0 888 ) (-160 0 888 ) 
4 243 258 (-416 -288 880 ) (-416 -288 888 ) (-416 -32 888 ) (-416 -32 880 ) 
4 243 253 (-416 -32 888 ) (-416 0 888 ) (-416 0 880 ) (-416 -32 880 ) 
4 244 246 (-160 -304 1152 ) (-160 -304 1664 ) (-224 -304 1664 ) (-224 -304 1152 ) 
4 244 245 (-224 -288 1664 ) (-224 -288 1152 ) (-224 -304 1152 ) (-224 -304 1664 ) 
4 245 248 (-288 -288 1664 ) (-288 -288 1088 ) (-288 -304 1088 ) (-288 -304 1664 ) 
4 245 246 (-288 -304 1664 ) (-288 -304 1088 ) (-224 -304 1088 ) (-224 -304 1664 ) 
4 246 248 (-288 -384 1056 ) (-288 -384 1664 ) (-288 -304 1664 ) (-288 -304 1056 ) 
4 247 262 (-160 -384 896 ) (-160 -384 1024 ) (-288 -384 1024 ) (-288 -384 896 ) 
4 248 256 (-416 -384 1056 ) (-416 -384 1664 ) (-416 -288 1664 ) (-416 -288 1056 ) 
4 248 251 (-416 -384 1056 ) (-416 -320 1056 ) (-336 -320 1056 ) (-336 -384 1056 ) 
4 248 249 (-352 -288 1056 ) (-288 -288 1056 ) (-288 -320 1056 ) (-352 -320 1056 ) 
4 248 250 (-416 -320 1056 ) (-416 -288 1056 ) (-352 -288 1056 ) (-352 -320 1056 ) 
4 249 251 (-336 -320 1056 ) (-352 -320 1056 ) (-352 -320 1024 ) (-336 -320 1024 ) 
4 249 250 (-352 -320 1024 ) (-352 -320 1056 ) (-352 -288 1056 ) (-352 -288 1024 ) 
4 250 256 (-416 -320 1056 ) (-416 -288 1056 ) (-416 -288 896 ) (-416 -320 896 ) 
4 250 251 (-416 -320 896 ) (-352 -320 896 ) (-352 -320 1056 ) (-416 -320 1056 ) 
4 251 256 (-416 -384 896 ) (-416 -384 1056 ) (-416 -320 1056 ) (-416 -320 896 ) 
4 252 255 (-416 -32 1152 ) (-416 -32 1664 ) (-422 -32 1664 ) (-422 -32 1152 ) 
4 252 257 (-422 -32 1664 ) (-448 -32 1664 ) (-448 -32 1152 ) (-422 -32 1152 ) 
4 252 254 (-448 -32 1152 ) (-448 -32 1664 ) (-448 0 1664 ) (-448 0 1152 ) 
4 253 258 (-416 -32 880 ) (-416 -32 896 ) (-448 -32 896 ) (-448 -32 880 ) 
4 253 254 (-448 -32 880 ) (-448 -32 896 ) (-448 0 896 ) (-448 0 880 ) 
4 254 258 (-448 -32 880 ) (-448 -32 896 ) (-640 -32 896 ) (-640 -32 880 ) 
4 254 257 (-448 -32 896 ) (-448 -32 1664 ) (-640 -32 1664 ) (-640 -32 896 ) 
4 255 256 (-422 -160 1696 ) (-422 -160 1024 ) (-416 -160 1024 ) (-416 -160 1696 ) 
4 255 257 (-422 -160 1024 ) (-422 -160 1696 ) (-422 -32 1696 ) (-422 -32 1024 ) 
4 256 258 (-416 -160 896 ) (-416 -384 896 ) (-422 -384 896 ) (-422 -160 896 ) 
4 256 257 (-422 -160 896 ) (-422 -384 896 ) (-422 -384 1696 ) (-422 -160 1696 ) 
4 257 258 (-640 -384 896 ) (-640 -32 896 ) (-422 -32 896 ) (-422 -384 896 ) 
4 259 266 (-160 -528 1056 ) (-160 -528 1153 ) (-288 -528 1153 ) (-288 -528 1056 ) 
4 259 261 (-288 -528 1056 ) (-288 -464 1056 ) (-160 -464 1056 ) (-160 -528 1056 ) 
4 260 264 (-288 -464 1024 ) (-288 -448 1024 ) (-160 -448 1024 ) (-160 -464 1024 ) 
4 260 261 (-288 -464 1024 ) (-160 -464 1024 ) (-160 -464 1025 ) (-288 -464 1025 ) 
4 261 266 (-160 -528 1024 ) (-160 -528 1056 ) (-288 -528 1056 ) (-288 -528 1024 ) 
4 261 264 (-288 -528 1024 ) (-288 -464 1024 ) (-160 -464 1024 ) (-160 -528 1024 ) 
4 262 263 (-288 -385 896 ) (-160 -385 896 ) (-160 -385 1024 ) (-288 -385 1024 ) 
4 263 264 (-288 -386 896 ) (-160 -386 896 ) (-160 -386 1024 ) (-288 -386 1024 ) 
5 264 266 (-160 -528 896 ) (-160 -528 1024 ) (-288 -528 1024 ) (-288 -528 902.594299 ) (-212.606567 -528 896 ) 
3 264 265 (-288 -528 902.594299 ) (-288 -528 896 ) (-212.606567 -528 896 ) 
3 265 274 (-352 -624 896 ) (-212.603806 -624 896 ) (-352 -624 908.192383 ) 
4 265 267 (-212.606583 -532 896 ) (-212.603760 -624 896 ) (-352 -624 896 ) (-352 -532 896 ) 
4 265 266 (-351.513916 -624 908.149780 ) (-212.603271 -624 896 ) (-212.606201 -528 896 ) (-351.513916 -528 908.149536 ) 
4 266 277 (-94.051041 -624 913.689514 ) (-77.498459 -624 1102.899170 ) (-327.608032 -624 1129.290039 ) (-347.468750 -624 940.334412 ) 
4 266 276 (-348.774048 -624 939.465576 ) (-351.513916 -624 908.149841 ) (-350.880798 -624 908.094482 ) (-347.573090 -624 939.339233 ) 
5 266 275 (-212.603806 -624 896 ) (-95.598572 -624 896 ) (-94.051041 -624 913.689514 ) (-347.467743 -624 940.334290 ) (-350.880798 -624 908.094482 ) 
4 266 273 (-327.438873 -624 1130.900391 ) (-331.990234 -624 1131.300049 ) (-332.037231 -624 1130.762939 ) (-327.502960 -624 1130.290283 ) 
4 266 272 (-77.498459 -624 1102.899170 ) (-76.973167 -624 1108.903687 ) (-327.438873 -624 1130.900391 ) (-327.608002 -624 1129.290039 ) 
4 266 270 (-76.973167 -624 1108.903687 ) (-7.245293 -624 1905.950439 ) (-262.263214 -624 1928.259766 ) (-331.990234 -624 1131.300049 ) 
4 266 269 (-74.176041 -624 1140.876587 ) (-95.598526 -624 896 ) (-95.599388 -532 896 ) (-74.176926 -532 1140.876465 ) 
4 266 268 (-95.599388 -532 896 ) (-95.599426 -528 896 ) (-74.177544 -528 1140.869873 ) (-74.177505 -532 1140.869873 ) 
4 266 267 (-95.598038 -532 896 ) (-95.597771 -624 896 ) (-212.603760 -624 896 ) (-212.606583 -532 896 ) 
3 267 275 (-96.487076 -624 885.843750 ) (-95.598572 -624 896 ) (-212.603821 -624 896 ) 
5 267 274 (-96.998306 -624 880 ) (-96.487076 -624 885.843750 ) (-212.603821 -624 896 ) (-352 -624 896 ) (-352 -624 880 ) 
4 267 269 (-95.598526 -624 896 ) (-96.486916 -624 885.844971 ) (-96.487717 -532 885.845642 ) (-95.599388 -532 896 ) 
4 268 269 (-74.175652 -532 1140.869873 ) (-95.597549 -532 896 ) (-47.414833 -532 896 ) (-26.356850 -532 1136.700195 ) 
4 269 292 (-85.332596 -624 1013.348572 ) (-96.486961 -624 885.844971 ) (-80.547928 -624 884.450562 ) (-69.392685 -624 1011.948730 ) 
4 269 291 (-80.547928 -624 884.450562 ) (-48.669296 -624 881.661682 ) (-37.515862 -624 1009.149353 ) (-69.392685 -624 1011.948730 ) 
4 269 290 (-74.176086 -624 1140.876587 ) (-85.332596 -624 1013.348572 ) (-37.515862 -624 1009.149353 ) (-26.358072 -624 1136.686768 ) 
4 270 290 (-76.972557 -624 1108.903564 ) (-74.176048 -624 1140.869995 ) (-74.175980 -720 1140.870117 ) (-76.972504 -720 1108.903564 ) 
4 270 289 (-331.990967 -720 1131.300049 ) (-76.968315 -720 1108.903076 ) (-7.240456 -720 1905.949951 ) (-262.244476 -720 1928.257935 ) 
4 270 273 (-327.438965 -720 1130.900024 ) (-331.990967 -720 1131.299805 ) (-331.990997 -624 1131.299805 ) (-327.438904 -624 1130.900024 ) 
4 270 272 (-76.968750 -720 1108.902832 ) (-327.438965 -720 1130.900024 ) (-327.438904 -624 1130.900024 ) (-76.969025 -624 1108.902954 ) 
4 271 286 (-335.564148 -720 1130.128540 ) (-340.082031 -720 1130.605225 ) (-340.082031 -719 1130.605225 ) (-335.564148 -719 1130.128540 ) 
4 271 282 (-340.082031 -719 1130.605225 ) (-340.082031 -625 1130.605225 ) (-335.564148 -625 1130.128540 ) (-335.564148 -719 1130.128540 ) 
4 271 280 (-340.082031 -625 1130.605225 ) (-340.082031 -624 1130.605225 ) (-335.564148 -624 1130.128540 ) (-335.564148 -625 1130.128540 ) 
4 271 273 (-335.459869 -624 1131.119873 ) (-335.409485 -624 1131.599121 ) (-335.409485 -720 1131.598999 ) (-335.459869 -720 1131.119873 ) 
4 272 290 (-77.497864 -624 1102.898926 ) (-76.972557 -624 1108.903564 ) (-76.972504 -720 1108.903564 ) (-77.497795 -720 1102.898926 ) 
4 272 289 (-327.608032 -720 1129.289917 ) (-77.493622 -720 1102.898438 ) (-76.968315 -720 1108.903076 ) (-327.438965 -720 1130.900269 ) 
4 272 279 (-77.496094 -720 1102.897949 ) (-327.608154 -720 1129.289063 ) (-327.608154 -719 1129.289063 ) (-77.496094 -719 1102.897949 ) 
4 272 278 (-327.608154 -719 1129.289063 ) (-327.608063 -625 1129.289063 ) (-77.496368 -625 1102.897949 ) (-77.496094 -719 1102.897949 ) 
4 272 277 (-327.608063 -625 1129.289063 ) (-327.608063 -624 1129.289063 ) (-77.496368 -624 1102.897949 ) (-77.496368 -625 1102.897949 ) 
4 272 273 (-327.502808 -720 1130.290283 ) (-327.438629 -720 1130.901733 ) (-327.438568 -624 1130.901855 ) (-327.502747 -624 1130.290283 ) 
4 273 289 (-327.502991 -720 1130.290283 ) (-327.438965 -720 1130.900269 ) (-331.990234 -720 1131.299927 ) (-332.037231 -720 1130.763062 ) 
4 274 288 (-352 -720 880 ) (-96.993408 -720 880 ) (-96.482193 -720 885.843628 ) (-352 -720 908.192627 ) 
4 274 276 (-351.513855 -720 908.150208 ) (-350.881195 -720 908.094849 ) (-350.880798 -624 908.094543 ) (-351.513885 -624 908.149902 ) 
4 274 275 (-350.881195 -720 908.094849 ) (-96.488281 -720 885.844238 ) (-96.488579 -624 885.843994 ) (-350.880798 -624 908.094543 ) 
4 275 292 (-96.486420 -624 885.843750 ) (-94.050407 -624 913.689453 ) (-94.050392 -656 913.689453 ) (-96.486397 -656 885.843811 ) 
4 275 289 (-350.881195 -720 908.094727 ) (-96.482193 -720 885.843628 ) (-94.046204 -720 913.689026 ) (-347.468170 -720 940.334351 ) 
4 275 279 (-347.468140 -720 940.334656 ) (-94.050751 -720 913.689819 ) (-94.050751 -719 913.689819 ) (-347.468140 -719 940.334656 ) 
4 275 278 (-94.050751 -719 913.689819 ) (-94.051025 -625 913.689819 ) (-347.467712 -625 940.334595 ) (-347.468140 -719 940.334656 ) 
4 275 277 (-94.051025 -625 913.689819 ) (-94.051025 -624 913.689819 ) (-347.467712 -624 940.334595 ) (-347.467712 -625 940.334595 ) 
4 275 276 (-350.880768 -624 908.094482 ) (-350.881165 -720 908.094788 ) (-347.573456 -720 939.339294 ) (-347.573029 -624 939.339294 ) 
4 276 289 (-351.513916 -720 908.150085 ) (-350.881195 -720 908.094727 ) (-347.573517 -720 939.339294 ) (-348.774078 -720 939.465576 ) 
4 277 292 (-94.050407 -624 913.689453 ) (-85.331963 -624 1013.348572 ) (-85.331963 -625 1013.348572 ) (-94.050407 -625 913.689453 ) 
4 277 290 (-85.331963 -624 1013.348572 ) (-77.497864 -624 1102.898926 ) (-77.497864 -625 1102.898926 ) (-85.331963 -625 1013.348572 ) 
4 277 278 (-347.468597 -625 940.334229 ) (-94.051056 -625 913.689392 ) (-77.499146 -625 1102.894775 ) (-327.608337 -625 1129.285156 ) 
4 278 292 (-94.050392 -656 913.689453 ) (-94.050407 -625 913.689453 ) (-85.331963 -625 1013.348572 ) (-85.331947 -656 1013.348511 ) 
4 278 290 (-77.497864 -625 1102.898926 ) (-77.497795 -719 1102.898926 ) (-85.331924 -719 1013.348328 ) (-85.331963 -625 1013.348572 ) 
4 278 283 (-344.820526 -625 984.653137 ) (-348.686829 -625 940.462463 ) (-348.686829 -719 940.462463 ) (-344.818390 -719 984.677490 ) 
4 278 279 (-347.468750 -719 940.334290 ) (-94.050781 -719 913.689331 ) (-77.498535 -719 1102.894775 ) (-327.608521 -719 1129.285156 ) 
4 279 290 (-77.497795 -719 1102.898926 ) (-77.497795 -720 1102.898926 ) (-85.331924 -720 1013.348328 ) (-85.331924 -719 1013.348328 ) 
4 279 289 (-94.046204 -720 913.689026 ) (-77.493622 -720 1102.898438 ) (-327.607910 -720 1129.289917 ) (-347.468597 -720 940.334351 ) 
4 280 282 (-335.564056 -625 1130.129639 ) (-340.083710 -625 1130.606567 ) (-352 -625 994.380981 ) (-352 -625 973.754211 ) 
4 280 281 (-352 -625 973.754272 ) (-352 -625 994.380981 ) (-352 -624 994.380920 ) (-352 -624 973.752808 ) 
4 281 285 (-352 -625 973.754333 ) (-352 -625 994.381042 ) (-356.643341 -625 941.299011 ) (-355.424683 -625 941.170898 ) 
4 282 286 (-335.564026 -719 1130.129639 ) (-340.083710 -719 1130.606567 ) (-352 -719 994.381104 ) (-352 -719 973.754028 ) 
4 282 285 (-352 -625 994.380920 ) (-352 -625 973.752747 ) (-352 -719 973.753967 ) (-352 -719 994.381042 ) 
4 284 285 (-356.644501 -625 941.299072 ) (-356.644501 -719 941.299072 ) (-355.423767 -719 941.170715 ) (-355.424133 -625 941.170776 ) 
4 285 287 (-352 -719 973.753906 ) (-352 -719 994.381042 ) (-356.643341 -719 941.299072 ) (-355.424683 -719 941.170898 ) 
4 286 287 (-352 -719 994.389771 ) (-352 -719 973.753052 ) (-352 -720 973.754211 ) (-352 -720 994.389832 ) 
3 288 293 (-212.599091 -784 896 ) (-287.343811 -784 902.537598 ) (-288.003998 -784 896 ) 
4 288 289 (-351.513855 -784 908.150208 ) (-96.486572 -784 885.844116 ) (-96.486771 -720 885.843933 ) (-351.513885 -720 908.150024 ) 
3 289 294 (-176.439697 -784 896 ) (-171.678101 -784 896 ) (-176.361008 -784 896.632019 ) 
5 289 293 (-287.343781 -784 902.537537 ) (-212.599213 -784 896 ) (-176.439697 -784 896 ) (-161.002518 -784 1019.979736 ) (-274.481293 -784 1029.906982 ) 
4 289 290 (-74.175926 -784 1140.870117 ) (-85.331909 -784 1013.348083 ) (-85.331909 -720 1013.348328 ) (-74.175964 -720 1140.869995 ) 
4 290 292 (-85.334305 -656 1013.348083 ) (-85.334389 -624 1013.348206 ) (-69.392723 -624 1011.948242 ) (-69.392769 -656 1011.948181 ) 
4 290 291 (-69.392723 -624 1011.948242 ) (-37.515923 -624 1009.148804 ) (-37.516045 -784 1009.148376 ) (-69.392967 -784 1011.947815 ) 
4 291 292 (-69.392822 -656 1011.949524 ) (-69.392776 -624 1011.949585 ) (-80.547829 -624 884.450562 ) (-80.547890 -656 884.450378 ) 
5 293 295 (-288.003998 -800 896 ) (-176.439697 -800 896 ) (-161.002487 -800 1019.980103 ) (-218.385147 -800 1025 ) (-274.976837 -800 1025 ) 
4 293 294 (-176.439438 -800 896 ) (-176.439438 -784 896 ) (-176.360748 -784 896.632019 ) (-176.360748 -800 896.632019 ) 
3 294 295 (-176.439697 -800 896 ) (-171.678101 -800 896 ) (-176.361008 -800 896.632019 ) 
4 295 296 (-288 -912 1024 ) (-288 -912 896 ) (-160 -912 896 ) (-160 -912 1024 ) 
4 296 298 (-288 -976 896 ) (-160 -976 896 ) (-160 -976 1024 ) (-288 -976 1024 ) 
4 297 299 (-288 -1024 1096 ) (-288 -1024 1088 ) (-160 -1024 1088 ) (-160 -1024 1096 ) 
4 297 298 (-160 -1024 1088 ) (-288 -1024 1088 ) (-288 -976 1088 ) (-160 -976 1088 ) 
4 298 300 (-128 -1024 896 ) (-128 -1024 1088 ) (-320 -1024 1088 ) (-320 -1024 896 ) 
4 299 300 (-160 -1040 1088 ) (-288 -1040 1088 ) (-288 -1024 1088 ) (-160 -1024 1088 ) 
4 300 301 (-288 -1040 896 ) (-160 -1040 896 ) (-160 -1040 1024 ) (-288 -1040 1024 ) 
4 301 302 (-160 -1232 1024 ) (-288 -1232 1024 ) (-288 -1232 768 ) (-160 -1232 768 ) 
4 302 305 (0 -2048 0 ) (0 -2048 1664 ) (-736 -2048 1664 ) (-736 -2048 0 ) 
