


materialPath: D:\SteamLibrary\steamapps\common\Portal 2\portal2\materials
Loading d:\steamlibrary\steamapps\common\portal 2\portal2_dlc3\maps\sp_a2_turret_intro.vmf
ConVarRef gpu_level doesn't point to an existing ConVar
fixing up env_cubemap materials on brush sides...
0...1...2...3...4...5...6...7...8...9...100...1...2...3...4...5...6...7...8...9...10Processing areas...done (0)
Building Faces...done (0)
Chop Details...done (0)
Find Visible Detail Sides...
Merged 158 detail faces...done (0)
Merging details...done (0)
FixTjuncs...
PruneNodes...
WriteBSP...
done (0)
writing d:\steamlibrary\steamapps\common\portal 2\portal2_dlc3\maps\sp_a2_turret_intro.prt...Building visibility clusters...
done (0)
Finding displacement neighbors...
Finding lightmap sample positions...
Displacement Alpha : 0...1...2...3...4...5...6...7...8...9...10
Building Physics collision data...
done (1) (475146 bytes)
Can't create hull for mesh 2/0 of model npcs/turret/turret_debris_lrg.mdl
Can't create hull for mesh 3/0 of model npcs/turret/turret_debris_lrg.mdl
Can't create hull for mesh 0/0 of model npcs/turret/turret_debris_lrg.mdl
Encountered obsolete static prop option to do its fade in screen space @ 704.00 144.00 192.00
Encountered obsolete static prop option to do its fade in screen space @ 640.00 -1200.00 0.00
Encountered obsolete static prop option to do its fade in screen space @ 528.00 -1888.00 -128.00
Encountered obsolete static prop option to do its fade in screen space @ 712.00 -1104.00 -48.00
Encountered obsolete static prop option to do its fade in screen space @ 1088.00 -400.00 0.00
Encountered obsolete static prop option to do its fade in screen space @ 712.00 -1104.00 -80.00
Encountered obsolete static prop option to do its fade in screen space @ 1088.00 -592.00 0.00
Encountered obsolete static prop option to do its fade in screen space @ 608.00 48.00 64.00
Encountered obsolete static prop option to do its fade in screen space @ 672.00 -1776.00 -128.00
Encountered obsolete static prop option to do its fade in screen space @ 976.00 -1312.00 -128.00
Encountered obsolete static prop option to do its fade in screen space @ 1088.00 -592.00 256.00
Encountered obsolete static prop option to do its fade in screen space @ 336.00 -672.00 0.00
Encountered obsolete static prop option to do its fade in screen space @ 1088.00 -400.00 256.00
Encountered obsolete static prop option to do its fade in screen space @ 704.00 176.00 192.00
Encountered obsolete static prop option to do its fade in screen space @ 336.00 -1888.00 64.00
Encountered obsolete static prop option to do its fade in screen space @ 368.00 -1888.00 64.00
Placing detail props : 0...1...2...3...4...5...6...7...8...9...10
Compacting texture/material tables...
Reduced 1931 texinfos to 1006
Reduced 97 texdatas to 89 (3668 bytes to 3326)
Writing d:\steamlibrary\steamapps\common\portal 2\portal2_dlc3\maps\sp_a2_turret_intro.bsp

nummapplanes:     (  6818 / 65536 )
nummapbrushes:    (  1285 /  8192 )
nummapbrushsides: ( 10622 / 65536 )
num_map_overlays: (    15 /   512 )
nummodels:        (    72 /  1024 )
num_entities:     (   382 / 16384 )

2 seconds elapsed



12 threads
reading d:\steamlibrary\steamapps\common\portal 2\portal2_dlc3\maps\sp_a2_turret_intro.bsp
reading d:\steamlibrary\steamapps\common\portal 2\portal2_dlc3\maps\sp_a2_turret_intro.prt
 339 portalclusters
 875 numportals
0...1...2...3...4...5...6...7...8...9...100...1...2...3...4...5...6...7...8...9...10Optimized: 379 visible clusters (0.00%)
Total clusters visible: 30461
Average clusters visible: 89
Building PAS...
Average clusters audible: 238
visdatasize:24086  compressed from 32544
writing d:\steamlibrary\steamapps\common\portal 2\portal2_dlc3\maps\sp_a2_turret_intro.bsp
0 seconds elapsed



[Reading texlights from 'lights.rad']
[59 texlights parsed from 'lights.rad']

Loading d:\steamlibrary\steamapps\common\portal 2\portal2_dlc3\maps\sp_a2_turret_intro.bsp
Loaded alpha texture materials\Tools\toolsinvisible.vtf
Loaded alpha texture materials\Metal\metalgrate018.vtf
2319 faces
1 degenerate faces
237428 square feet [34189664.00 square inches]
0 Displacements
0 Square Feet [0.00 Square Inches]
2318 patches before subdivision
zero area child patch
27968 patches after subdivision
80 direct lights
0...1...2...3...4...5...6...7...8...9...100...1...2...3...4...5...6...7...8...9...10transfers 1915620, max 378
transfer lists:  14.6 megs
0...1...2...3...4...5...6...7...8...9...10	Bounce #1 added RGB(18305, 22019, 23536)
0...1...2...3...4...5...6...7...8...9...10	Bounce #2 added RGB(7954, 9457, 9631)
0...1...2...3...4...5...6...7...8...9...10	Bounce #3 added RGB(3663, 4319, 4218)
0...1...2...3...4...5...6...7...8...9...10	Bounce #4 added RGB(1796, 2097, 1976)
0...1...2...3...4...5...6...7...8...9...10	Bounce #5 added RGB(891, 1032, 940)
0...1...2...3...4...5...6...7...8...9...10	Bounce #6 added RGB(451, 519, 458)
0...1...2...3...4...5...6...7...8...9...10	Bounce #7 added RGB(230, 263, 224)
0...1...2...3...4...5...6...7...8...9...10	Bounce #8 added RGB(119, 134, 111)
0...1...2...3...4...5...6...7...8...9...10	Bounce #9 added RGB(62, 69, 55)
0...1...2...3...4...5...6...7...8...9...10	Bounce #10 added RGB(32, 36, 28)
0...1...2...3...4...5...6...7...8...9...10	Bounce #11 added RGB(17, 19, 14)
0...1...2...3...4...5...6...7...8...9...10	Bounce #12 added RGB(9, 10, 7)
0...1...2...3...4...5...6...7...8...9...10	Bounce #13 added RGB(5, 5, 4)
0...1...2...3...4...5...6...7...8...9...10	Bounce #14 added RGB(2, 3, 2)
0...1...2...3...4...5...6...7...8...9...10	Bounce #15 added RGB(1, 1, 1)
0...1...2...3...4...5...6...7...8...9...10	Bounce #16 added RGB(1, 1, 0)
Build Patch/Sample Hash Table(s).....Done<0.0055 sec>
0...1...2...3...4...5...6...7...8...9...10FinalLightFace Done
32 of 32 (100% of) surface lights went in leaf ambient cubes.
0...1...2...3...4...5...6...7...8...9...10Writing leaf ambient...done
Computing static prop lighting : 00...1...2...3...4...5...6...7...8...9...10
Ready to Finish

Object names       Objects/Maxobjs  Memory / Maxmem  Fullness 
------------       ---------------  ---------------  -------- 
models                  72/1024         3456/49152    ( 7.0%) 
brushes               1285/8192        15420/98304    (15.7%) 
brushsides           10698/65536       85584/524288   (16.3%) 
planes                6818/65536      136360/1310720  (10.4%) 
vertexes              5039/65536       60468/786432   ( 7.7%) 
nodes                 1354/65536       43328/2097152  ( 2.1%) 
texinfos              1006/12288       72432/884736   ( 8.2%) 
texdata                 89/2048         2848/65536    ( 4.3%) 
dispinfos                0/0               0/0        ( 0.0%) 
disp_verts               0/0               0/0        ( 0.0%) 
disp_tris                0/0               0/0        ( 0.0%) 
disp_multiblend          0/0               0/0        ( 0.0%) 
disp_lmsamples           0/0               0/0        ( 0.0%) 
faces                 2319/65536      129864/3670016  ( 3.5%) 
hdr faces                0/65536           0/3670016  ( 0.0%) 
origfaces             1983/65536      111048/3670016  ( 3.0%) 
facebrushes            353/0             706/0        ( 0.0%) 
facebrushlists        2319/0            9276/0        ( 0.0%) 
leaves                1427/65536       45664/2097152  ( 2.2%) 
leaffaces             2780/65536        5560/131072   ( 4.2%) 
leafbrushes           2175/65536        4350/131072   ( 3.3%) 
areas                    8/256            64/2048     ( 3.1%) 
surfedges            18658/512000      74632/2048000  ( 3.6%) 
edges                11852/256000      47408/1024000  ( 4.6%) 
LDR worldlights         80/8192         8000/819200   ( 1.0%) 
HDR worldlights          0/8192            0/819200   ( 0.0%) 
leafwaterdata            0/32768           0/393216   ( 0.0%) 
waterstrips            345/32768        3450/327680   ( 1.1%) 
waterverts               0/65536           0/786432   ( 0.0%) 
waterindices          5340/65536       10680/131072   ( 8.1%) 
cubemapsamples          21/1024          336/16384    ( 2.1%) 
overlays                15/512          5280/180224   ( 2.9%) 
LDR lightdata         [variable]     1758988/0        ( 0.0%) 
HDR lightdata         [variable]           0/0        ( 0.0%) 
visdata               [variable]       24086/16777216 ( 0.1%) 
entdata               [variable]      127092/393216   (32.3%) 
LDR ambient table     1427/65536        5708/262144   ( 2.2%) 
HDR ambient table     1427/65536        5708/262144   ( 2.2%) 
LDR leaf ambient      4861/65536      136108/1835008  ( 7.4%) 
HDR leaf ambient      1427/65536       39956/1835008  ( 2.2%) 
occluders                0/0               0/0        ( 0.0%) 
occluder polygons        0/0               0/0        ( 0.0%) 
occluder vert ind        0/0               0/0        ( 0.0%) 
detail props          [variable]           1/12       ( 8.3%) 
static props          [variable]           1/40082    ( 0.0%) 
pakfile               [variable]     4447813/0        ( 0.0%) 
physics               [variable]      475146/4194304  (11.3%) 
physics terrain       [variable]           2/1048576  ( 0.0%) 

Level flags = 1

Total triangle count: 6133
Writing d:\steamlibrary\steamapps\common\portal 2\portal2_dlc3\maps\sp_a2_turret_intro.bsp
41 seconds elapsed



[Reading texlights from 'lights.rad']
[59 texlights parsed from 'lights.rad']

Loading d:\steamlibrary\steamapps\common\portal 2\portal2_dlc3\maps\sp_a2_turret_intro.bsp
Loaded alpha texture materials\Tools\toolsinvisible.vtf
Loaded alpha texture materials\Metal\metalgrate018.vtf
2319 faces
1 degenerate faces
237428 square feet [34189664.00 square inches]
0 Displacements
0 Square Feet [0.00 Square Inches]
2318 patches before subdivision
zero area child patch
27968 patches after subdivision
80 direct lights
0...1...2...3...4...5...6...7...8...9...100...1...2...3...4...5...6...7...8...9...10transfers 1915620, max 378
transfer lists:  14.6 megs
0...1...2...3...4...5...6...7...8...9...10	Bounce #1 added RGB(18306, 22019, 23537)
0...1...2...3...4...5...6...7...8...9...10	Bounce #2 added RGB(7955, 9458, 9631)
0...1...2...3...4...5...6...7...8...9...10	Bounce #3 added RGB(3663, 4319, 4218)
0...1...2...3...4...5...6...7...8...9...10	Bounce #4 added RGB(1796, 2097, 1976)
0...1...2...3...4...5...6...7...8...9...10	Bounce #5 added RGB(891, 1032, 940)
0...1...2...3...4...5...6...7...8...9...10	Bounce #6 added RGB(451, 519, 458)
0...1...2...3...4...5...6...7...8...9...10	Bounce #7 added RGB(230, 263, 224)
0...1...2...3...4...5...6...7...8...9...10	Bounce #8 added RGB(119, 134, 111)
0...1...2...3...4...5...6...7...8...9...10	Bounce #9 added RGB(62, 69, 55)
0...1...2...3...4...5...6...7...8...9...10	Bounce #10 added RGB(32, 36, 28)
0...1...2...3...4...5...6...7...8...9...10	Bounce #11 added RGB(17, 19, 14)
0...1...2...3...4...5...6...7...8...9...10	Bounce #12 added RGB(9, 10, 7)
0...1...2...3...4...5...6...7...8...9...10	Bounce #13 added RGB(5, 5, 4)
0...1...2...3...4...5...6...7...8...9...10	Bounce #14 added RGB(2, 3, 2)
0...1...2...3...4...5...6...7...8...9...10	Bounce #15 added RGB(1, 1, 1)
0...1...2...3...4...5...6...7...8...9...10	Bounce #16 added RGB(1, 1, 0)
Build Patch/Sample Hash Table(s).....Done<0.0056 sec>
0...1...2...3...4...5...6...7...8...9...10FinalLightFace Done
32 of 32 (100% of) surface lights went in leaf ambient cubes.
0...1...2...3...4...5...6...7...8...9...10Writing leaf ambient...done
Computing static prop lighting : 00...1...2...3...4...5...6...7...8...9...10
Ready to Finish

Object names       Objects/Maxobjs  Memory / Maxmem  Fullness 
------------       ---------------  ---------------  -------- 
models                  72/1024         3456/49152    ( 7.0%) 
brushes               1285/8192        15420/98304    (15.7%) 
brushsides           10698/65536       85584/524288   (16.3%) 
planes                6818/65536      136360/1310720  (10.4%) 
vertexes              5039/65536       60468/786432   ( 7.7%) 
nodes                 1354/65536       43328/2097152  ( 2.1%) 
texinfos              1006/12288       72432/884736   ( 8.2%) 
texdata                 89/2048         2848/65536    ( 4.3%) 
dispinfos                0/0               0/0        ( 0.0%) 
disp_verts               0/0               0/0        ( 0.0%) 
disp_tris                0/0               0/0        ( 0.0%) 
disp_multiblend          0/0               0/0        ( 0.0%) 
disp_lmsamples           0/0               0/0        ( 0.0%) 
faces                 2319/65536      129864/3670016  ( 3.5%) 
hdr faces             2319/65536      129864/3670016  ( 3.5%) 
origfaces             1983/65536      111048/3670016  ( 3.0%) 
facebrushes            353/0             706/0        ( 0.0%) 
facebrushlists        2319/0            9276/0        ( 0.0%) 
leaves                1427/65536       45664/2097152  ( 2.2%) 
leaffaces             2780/65536        5560/131072   ( 4.2%) 
leafbrushes           2175/65536        4350/131072   ( 3.3%) 
areas                    8/256            64/2048     ( 3.1%) 
surfedges            18658/512000      74632/2048000  ( 3.6%) 
edges                11852/256000      47408/1024000  ( 4.6%) 
LDR worldlights         80/8192         8000/819200   ( 1.0%) 
HDR worldlights         80/8192         8000/819200   ( 1.0%) 
leafwaterdata            0/32768           0/393216   ( 0.0%) 
waterstrips            345/32768        3450/327680   ( 1.1%) 
waterverts               0/65536           0/786432   ( 0.0%) 
waterindices          5340/65536       10680/131072   ( 8.1%) 
cubemapsamples          21/1024          336/16384    ( 2.1%) 
overlays                15/512          5280/180224   ( 2.9%) 
LDR lightdata         [variable]     1758988/0        ( 0.0%) 
HDR lightdata         [variable]     1758988/0        ( 0.0%) 
visdata               [variable]       24086/16777216 ( 0.1%) 
entdata               [variable]      127092/393216   (32.3%) 
LDR ambient table     1427/65536        5708/262144   ( 2.2%) 
HDR ambient table     1427/65536        5708/262144   ( 2.2%) 
LDR leaf ambient      4861/65536      136108/1835008  ( 7.4%) 
HDR leaf ambient      4861/65536      136108/1835008  ( 7.4%) 
occluders                0/0               0/0        ( 0.0%) 
occluder polygons        0/0               0/0        ( 0.0%) 
occluder vert ind        0/0               0/0        ( 0.0%) 
detail props          [variable]           1/12       ( 8.3%) 
static props          [variable]           1/40082    ( 0.0%) 
pakfile               [variable]     7250425/0        ( 0.0%) 
physics               [variable]      475146/4194304  (11.3%) 
physics terrain       [variable]           2/1048576  ( 0.0%) 

Level flags = 3

Total triangle count: 6133
Writing d:\steamlibrary\steamapps\common\portal 2\portal2_dlc3\maps\sp_a2_turret_intro.bsp
41 seconds elapsed



materialPath: D:\SteamLibrary\steamapps\common\Portal 2\portal2\materials
Loading d:\steamlibrary\steamapps\common\portal 2\portal2_dlc3\maps\sp_a2_turret_intro.vmf
ConVarRef gpu_level doesn't point to an existing ConVar
fixing up env_cubemap materials on brush sides...
0...1...2...3...4...5...6...7...8...9...100...1...2...3...4...5...6...7...8...9...10Processing areas...done (0)
Building Faces...done (0)
Chop Details...done (0)
Find Visible Detail Sides...
Merged 158 detail faces...done (0)
Merging details...done (0)
FixTjuncs...
PruneNodes...
WriteBSP...
done (0)
writing d:\steamlibrary\steamapps\common\portal 2\portal2_dlc3\maps\sp_a2_turret_intro.prt...Building visibility clusters...
done (0)
Finding displacement neighbors...
Finding lightmap sample positions...
Displacement Alpha : 0...1...2...3...4...5...6...7...8...9...10
Building Physics collision data...
done (1) (475146 bytes)
Can't create hull for mesh 2/0 of model npcs/turret/turret_debris_lrg.mdl
Can't create hull for mesh 3/0 of model npcs/turret/turret_debris_lrg.mdl
Can't create hull for mesh 0/0 of model npcs/turret/turret_debris_lrg.mdl
Encountered obsolete static prop option to do its fade in screen space @ 704.00 144.00 192.00
Encountered obsolete static prop option to do its fade in screen space @ 640.00 -1200.00 0.00
Encountered obsolete static prop option to do its fade in screen space @ 528.00 -1888.00 -128.00
Encountered obsolete static prop option to do its fade in screen space @ 712.00 -1104.00 -48.00
Encountered obsolete static prop option to do its fade in screen space @ 1088.00 -400.00 0.00
Encountered obsolete static prop option to do its fade in screen space @ 712.00 -1104.00 -80.00
Encountered obsolete static prop option to do its fade in screen space @ 1088.00 -592.00 0.00
Encountered obsolete static prop option to do its fade in screen space @ 608.00 48.00 64.00
Encountered obsolete static prop option to do its fade in screen space @ 672.00 -1776.00 -128.00
Encountered obsolete static prop option to do its fade in screen space @ 976.00 -1312.00 -128.00
Encountered obsolete static prop option to do its fade in screen space @ 1088.00 -592.00 256.00
Encountered obsolete static prop option to do its fade in screen space @ 336.00 -672.00 0.00
Encountered obsolete static prop option to do its fade in screen space @ 1088.00 -400.00 256.00
Encountered obsolete static prop option to do its fade in screen space @ 704.00 176.00 192.00
Encountered obsolete static prop option to do its fade in screen space @ 336.00 -1888.00 64.00
Encountered obsolete static prop option to do its fade in screen space @ 368.00 -1888.00 64.00
Placing detail props : 0...1...2...3...4...5...6...7...8...9...10
Compacting texture/material tables...
Reduced 1931 texinfos to 1006
Reduced 97 texdatas to 89 (3668 bytes to 3326)
Writing d:\steamlibrary\steamapps\common\portal 2\portal2_dlc3\maps\sp_a2_turret_intro.bsp

nummapplanes:     (  6818 / 65536 )
nummapbrushes:    (  1285 /  8192 )
nummapbrushsides: ( 10622 / 65536 )
num_map_overlays: (    15 /   512 )
nummodels:        (    72 /  1024 )
num_entities:     (   383 / 16384 )

2 seconds elapsed



12 threads
reading d:\steamlibrary\steamapps\common\portal 2\portal2_dlc3\maps\sp_a2_turret_intro.bsp
reading d:\steamlibrary\steamapps\common\portal 2\portal2_dlc3\maps\sp_a2_turret_intro.prt
 339 portalclusters
 875 numportals
0...1...2...3...4...5...6...7...8...9...100...1...2...3...4...5...6...7...8...9...10Optimized: 379 visible clusters (0.00%)
Total clusters visible: 30461
Average clusters visible: 89
Building PAS...
Average clusters audible: 238
visdatasize:24086  compressed from 32544
writing d:\steamlibrary\steamapps\common\portal 2\portal2_dlc3\maps\sp_a2_turret_intro.bsp
0 seconds elapsed



[Reading texlights from 'lights.rad']
[59 texlights parsed from 'lights.rad']

Loading d:\steamlibrary\steamapps\common\portal 2\portal2_dlc3\maps\sp_a2_turret_intro.bsp
Loaded alpha texture materials\Tools\toolsinvisible.vtf
Loaded alpha texture materials\Metal\metalgrate018.vtf
2319 faces
1 degenerate faces
237428 square feet [34189664.00 square inches]
0 Displacements
0 Square Feet [0.00 Square Inches]
2318 patches before subdivision
zero area child patch
27968 patches after subdivision
80 direct lights
0...1...2...3...4...5...6...7...8...9...100...1...2...3...4...5...6...7...8...9...10transfers 1915620, max 378
transfer lists:  14.6 megs
0...1...2...3...4...5...6...7...8...9...10	Bounce #1 added RGB(18304, 22017, 23534)
0...1...2...3...4...5...6...7...8...9...10	Bounce #2 added RGB(7954, 9456, 9630)
0...1...2...3...4...5...6...7...8...9...10	Bounce #3 added RGB(3662, 4319, 4218)
0...1...2...3...4...5...6...7...8...9...10	Bounce #4 added RGB(1795, 2097, 1976)
0...1...2...3...4...5...6...7...8...9...10	Bounce #5 added RGB(891, 1032, 940)
0...1...2...3...4...5...6...7...8...9...10	Bounce #6 added RGB(451, 519, 458)
0...1...2...3...4...5...6...7...8...9...10	Bounce #7 added RGB(230, 263, 224)
0...1...2...3...4...5...6...7...8...9...10	Bounce #8 added RGB(119, 134, 111)
0...1...2...3...4...5...6...7...8...9...10	Bounce #9 added RGB(62, 69, 55)
0...1...2...3...4...5...6...7...8...9...10	Bounce #10 added RGB(32, 36, 28)
0...1...2...3...4...5...6...7...8...9...10	Bounce #11 added RGB(17, 19, 14)
0...1...2...3...4...5...6...7...8...9...10	Bounce #12 added RGB(9, 10, 7)
0...1...2...3...4...5...6...7...8...9...10	Bounce #13 added RGB(5, 5, 4)
0...1...2...3...4...5...6...7...8...9...10	Bounce #14 added RGB(2, 3, 2)
0...1...2...3...4...5...6...7...8...9...10	Bounce #15 added RGB(1, 1, 1)
0...1...2...3...4...5...6...7...8...9...10	Bounce #16 added RGB(1, 1, 0)
Build Patch/Sample Hash Table(s).....Done<0.0054 sec>
0...1...2...3...4...5...6...7...8...9...10FinalLightFace Done
32 of 32 (100% of) surface lights went in leaf ambient cubes.
0...1...2...3...4...5...6...7...8...9...10Writing leaf ambient...done
Computing static prop lighting : 00...1...2...3...4...5...6...7...8...9...10
Ready to Finish

Object names       Objects/Maxobjs  Memory / Maxmem  Fullness 
------------       ---------------  ---------------  -------- 
models                  72/1024         3456/49152    ( 7.0%) 
brushes               1285/8192        15420/98304    (15.7%) 
brushsides           10698/65536       85584/524288   (16.3%) 
planes                6818/65536      136360/1310720  (10.4%) 
vertexes              5039/65536       60468/786432   ( 7.7%) 
nodes                 1354/65536       43328/2097152  ( 2.1%) 
texinfos              1006/12288       72432/884736   ( 8.2%) 
texdata                 89/2048         2848/65536    ( 4.3%) 
dispinfos                0/0               0/0        ( 0.0%) 
disp_verts               0/0               0/0        ( 0.0%) 
disp_tris                0/0               0/0        ( 0.0%) 
disp_multiblend          0/0               0/0        ( 0.0%) 
disp_lmsamples           0/0               0/0        ( 0.0%) 
faces                 2319/65536      129864/3670016  ( 3.5%) 
hdr faces                0/65536           0/3670016  ( 0.0%) 
origfaces             1983/65536      111048/3670016  ( 3.0%) 
facebrushes            353/0             706/0        ( 0.0%) 
facebrushlists        2319/0            9276/0        ( 0.0%) 
leaves                1427/65536       45664/2097152  ( 2.2%) 
leaffaces             2780/65536        5560/131072   ( 4.2%) 
leafbrushes           2175/65536        4350/131072   ( 3.3%) 
areas                    8/256            64/2048     ( 3.1%) 
surfedges            18658/512000      74632/2048000  ( 3.6%) 
edges                11852/256000      47408/1024000  ( 4.6%) 
LDR worldlights         80/8192         8000/819200   ( 1.0%) 
HDR worldlights          0/8192            0/819200   ( 0.0%) 
leafwaterdata            0/32768           0/393216   ( 0.0%) 
waterstrips            345/32768        3450/327680   ( 1.1%) 
waterverts               0/65536           0/786432   ( 0.0%) 
waterindices          5340/65536       10680/131072   ( 8.1%) 
cubemapsamples          21/1024          336/16384    ( 2.1%) 
overlays                15/512          5280/180224   ( 2.9%) 
LDR lightdata         [variable]     1758988/0        ( 0.0%) 
HDR lightdata         [variable]           0/0        ( 0.0%) 
visdata               [variable]       24086/16777216 ( 0.1%) 
entdata               [variable]      127190/393216   (32.3%) 
LDR ambient table     1427/65536        5708/262144   ( 2.2%) 
HDR ambient table     1427/65536        5708/262144   ( 2.2%) 
LDR leaf ambient      4860/65536      136080/1835008  ( 7.4%) 
HDR leaf ambient      1427/65536       39956/1835008  ( 2.2%) 
occluders                0/0               0/0        ( 0.0%) 
occluder polygons        0/0               0/0        ( 0.0%) 
occluder vert ind        0/0               0/0        ( 0.0%) 
detail props          [variable]           1/12       ( 8.3%) 
static props          [variable]           1/40082    ( 0.0%) 
pakfile               [variable]     4447813/0        ( 0.0%) 
physics               [variable]      475146/4194304  (11.3%) 
physics terrain       [variable]           2/1048576  ( 0.0%) 

Level flags = 1

Total triangle count: 6133
Writing d:\steamlibrary\steamapps\common\portal 2\portal2_dlc3\maps\sp_a2_turret_intro.bsp
41 seconds elapsed



[Reading texlights from 'lights.rad']
[59 texlights parsed from 'lights.rad']

Loading d:\steamlibrary\steamapps\common\portal 2\portal2_dlc3\maps\sp_a2_turret_intro.bsp
Loaded alpha texture materials\Tools\toolsinvisible.vtf
Loaded alpha texture materials\Metal\metalgrate018.vtf
2319 faces
1 degenerate faces
237428 square feet [34189664.00 square inches]
0 Displacements
0 Square Feet [0.00 Square Inches]
2318 patches before subdivision
zero area child patch
27968 patches after subdivision
80 direct lights
0...1...2...3...4...5...6...7...8...9...100...1...2...3...4...5...6...7...8...9...10transfers 1915620, max 378
transfer lists:  14.6 megs
0...1...2...3...4...5...6...7...8...9...10	Bounce #1 added RGB(18304, 22018, 23535)
0...1...2...3...4...5...6...7...8...9...10	Bounce #2 added RGB(7954, 9457, 9630)
0...1...2...3...4...5...6...7...8...9...10	Bounce #3 added RGB(3662, 4319, 4218)
0...1...2...3...4...5...6...7...8...9...10	Bounce #4 added RGB(1795, 2097, 1976)
0...1...2...3...4...5...6...7...8...9...10	Bounce #5 added RGB(891, 1032, 940)
0...1...2...3...4...5...6...7...8...9...10	Bounce #6 added RGB(451, 519, 458)
0...1...2...3...4...5...6...7...8...9...10	Bounce #7 added RGB(230, 263, 224)
0...1...2...3...4...5...6...7...8...9...10	Bounce #8 added RGB(119, 134, 111)
0...1...2...3...4...5...6...7...8...9...10	Bounce #9 added RGB(62, 69, 55)
0...1...2...3...4...5...6...7...8...9...10	Bounce #10 added RGB(32, 36, 28)
0...1...2...3...4...5...6...7...8...9...10	Bounce #11 added RGB(17, 19, 14)
0...1...2...3...4...5...6...7...8...9...10	Bounce #12 added RGB(9, 10, 7)
0...1...2...3...4...5...6...7...8...9...10	Bounce #13 added RGB(5, 5, 4)
0...1...2...3...4...5...6...7...8...9...10	Bounce #14 added RGB(2, 3, 2)
0...1...2...3...4...5...6...7...8...9...10	Bounce #15 added RGB(1, 1, 1)
0...1...2...3...4...5...6...7...8...9...10	Bounce #16 added RGB(1, 1, 0)
Build Patch/Sample Hash Table(s).....Done<0.0055 sec>
0...1...2...3...4...5...6...7...8...9...10FinalLightFace Done
32 of 32 (100% of) surface lights went in leaf ambient cubes.
0...1...2...3...4...5...6...7...8...9...10Writing leaf ambient...done
Computing static prop lighting : 00...1...2...3...4...5...6...7...8...9...10
Ready to Finish

Object names       Objects/Maxobjs  Memory / Maxmem  Fullness 
------------       ---------------  ---------------  -------- 
models                  72/1024         3456/49152    ( 7.0%) 
brushes               1285/8192        15420/98304    (15.7%) 
brushsides           10698/65536       85584/524288   (16.3%) 
planes                6818/65536      136360/1310720  (10.4%) 
vertexes              5039/65536       60468/786432   ( 7.7%) 
nodes                 1354/65536       43328/2097152  ( 2.1%) 
texinfos              1006/12288       72432/884736   ( 8.2%) 
texdata                 89/2048         2848/65536    ( 4.3%) 
dispinfos                0/0               0/0        ( 0.0%) 
disp_verts               0/0               0/0        ( 0.0%) 
disp_tris                0/0               0/0        ( 0.0%) 
disp_multiblend          0/0               0/0        ( 0.0%) 
disp_lmsamples           0/0               0/0        ( 0.0%) 
faces                 2319/65536      129864/3670016  ( 3.5%) 
hdr faces             2319/65536      129864/3670016  ( 3.5%) 
origfaces             1983/65536      111048/3670016  ( 3.0%) 
facebrushes            353/0             706/0        ( 0.0%) 
facebrushlists        2319/0            9276/0        ( 0.0%) 
leaves                1427/65536       45664/2097152  ( 2.2%) 
leaffaces             2780/65536        5560/131072   ( 4.2%) 
leafbrushes           2175/65536        4350/131072   ( 3.3%) 
areas                    8/256            64/2048     ( 3.1%) 
surfedges            18658/512000      74632/2048000  ( 3.6%) 
edges                11852/256000      47408/1024000  ( 4.6%) 
LDR worldlights         80/8192         8000/819200   ( 1.0%) 
HDR worldlights         80/8192         8000/819200   ( 1.0%) 
leafwaterdata            0/32768           0/393216   ( 0.0%) 
waterstrips            345/32768        3450/327680   ( 1.1%) 
waterverts               0/65536           0/786432   ( 0.0%) 
waterindices          5340/65536       10680/131072   ( 8.1%) 
cubemapsamples          21/1024          336/16384    ( 2.1%) 
overlays                15/512          5280/180224   ( 2.9%) 
LDR lightdata         [variable]     1758988/0        ( 0.0%) 
HDR lightdata         [variable]     1758988/0        ( 0.0%) 
visdata               [variable]       24086/16777216 ( 0.1%) 
entdata               [variable]      127190/393216   (32.3%) 
LDR ambient table     1427/65536        5708/262144   ( 2.2%) 
HDR ambient table     1427/65536        5708/262144   ( 2.2%) 
LDR leaf ambient      4860/65536      136080/1835008  ( 7.4%) 
HDR leaf ambient      4861/65536      136108/1835008  ( 7.4%) 
occluders                0/0               0/0        ( 0.0%) 
occluder polygons        0/0               0/0        ( 0.0%) 
occluder vert ind        0/0               0/0        ( 0.0%) 
detail props          [variable]           1/12       ( 8.3%) 
static props          [variable]           1/40082    ( 0.0%) 
pakfile               [variable]     7250425/0        ( 0.0%) 
physics               [variable]      475146/4194304  (11.3%) 
physics terrain       [variable]           2/1048576  ( 0.0%) 

Level flags = 3

Total triangle count: 6133
Writing d:\steamlibrary\steamapps\common\portal 2\portal2_dlc3\maps\sp_a2_turret_intro.bsp
41 seconds elapsed
