PRT1
372
881
4 3 6 (3008 4096 3424 ) (2048 4096 3424 ) (2048 4096 -4768 ) (3008 4096 -4768 ) 
4 3 4 (2048 4096 -4768 ) (2048 4096 3424 ) (2048 4704 3424 ) (2048 4704 -4768 ) 
4 4 7 (2048 4096 -4768 ) (2048 4096 3424 ) (1024 4096 3424 ) (1024 4096 -4768 ) 
4 4 5 (1024 4096 -4768 ) (1024 4096 3424 ) (1024 4704 3424 ) (1024 4704 -4768 ) 
4 5 53 (0 4096 -4768 ) (0 4096 3424 ) (0 4704 3424 ) (0 4704 -4768 ) 
4 5 8 (1024 4096 -4768 ) (1024 4096 3424 ) (0 4096 3424 ) (0 4096 -4768 ) 
4 6 9 (3008 3072 3424 ) (2048 3072 3424 ) (2048 3072 -4768 ) (3008 3072 -4768 ) 
4 6 7 (2048 3072 -4768 ) (2048 3072 3424 ) (2048 4096 3424 ) (2048 4096 -4768 ) 
4 7 11 (2048 3072 -4768 ) (2048 3072 3424 ) (1024 3072 3424 ) (1024 3072 -4768 ) 
4 7 8 (1024 4096 3424 ) (1024 4096 -4768 ) (1024 3072 -4768 ) (1024 3072 3424 ) 
4 8 54 (0 3072 -4768 ) (0 3072 3424 ) (0 4096 3424 ) (0 4096 -4768 ) 
4 8 12 (0 3072 3424 ) (0 3072 -4768 ) (1024 3072 -4768 ) (1024 3072 3424 ) 
4 9 11 (2048 3072 3424 ) (2048 3072 -4768 ) (2048 2048 -4768 ) (2048 2048 3424 ) 
4 9 10 (3008 2048 3424 ) (2048 2048 3424 ) (2048 2048 -4768 ) (3008 2048 -4768 ) 
4 10 78 (3008 1024 3424 ) (2048 1024 3424 ) (2048 1024 -4768 ) (3008 1024 -4768 ) 
4 10 20 (2048 1024 -4768 ) (2048 1024 -640 ) (2048 1216 -640 ) (2048 1216 -4768 ) 
4 10 15 (2048 1024 -640 ) (2048 1024 3424 ) (2048 1216 3424 ) (2048 1216 -640 ) 
4 10 13 (2048 1216 3424 ) (2048 2048 3424 ) (2048 2048 -4768 ) (2048 1216 -4768 ) 
4 11 37 (1024 2048 -160 ) (1024 2048 -4768 ) (1056 2048 -4768 ) (1056 2048 -160 ) 
4 11 34 (1056 2048 -4768 ) (1296 2048 -4768 ) (1296 2048 -160 ) (1056 2048 -160 ) 
4 11 33 (1024 2048 -128 ) (1024 2048 -160 ) (1120 2048 -160 ) (1120 2048 -128 ) 
4 11 32 (1024 2048 160 ) (1024 2048 -128 ) (1120 2048 -128 ) (1120 2048 160 ) 
4 11 31 (1024 2048 416 ) (1024 2048 160 ) (1120 2048 160 ) (1120 2048 416 ) 
4 11 30 (1120 2048 3424 ) (1024 2048 3424 ) (1024 2048 416 ) (1120 2048 416 ) 
4 11 29 (1120 2048 -128 ) (1120 2048 -160 ) (1184 2048 -160 ) (1184 2048 -128 ) 
4 11 27 (1184 2048 3424 ) (1120 2048 3424 ) (1120 2048 -128 ) (1184 2048 -128 ) 
4 11 25 (1216 2048 3424 ) (1184 2048 3424 ) (1184 2048 -160 ) (1216 2048 -160 ) 
4 11 24 (1296 2048 3424 ) (1216 2048 3424 ) (1216 2048 -160 ) (1296 2048 -160 ) 
4 11 14 (1792 2048 3424 ) (1296 2048 3424 ) (1296 2048 -4768 ) (1792 2048 -4768 ) 
4 11 13 (2048 2048 -4768 ) (2048 2048 3424 ) (1792 2048 3424 ) (1792 2048 -4768 ) 
4 11 12 (1024 3072 3424 ) (1024 3072 -4768 ) (1024 2048 -4768 ) (1024 2048 3424 ) 
4 12 55 (0 2048 -4768 ) (0 2048 3424 ) (0 3072 3424 ) (0 3072 -4768 ) 
4 12 41 (0 2048 -160 ) (0 2048 -4768 ) (1024 2048 -4768 ) (1024 2048 -160 ) 
4 12 40 (0 2048 1280 ) (0 2048 -160 ) (832 2048 -160 ) (832 2048 1280 ) 
4 12 39 (832 2048 -160 ) (1024 2048 -160 ) (1024 2048 1280 ) (832 2048 1280 ) 
4 12 38 (0 2048 3424 ) (0 2048 1280 ) (1024 2048 1280 ) (1024 2048 3424 ) 
4 13 20 (2048 1216 -4768 ) (2048 1216 -640 ) (1792 1216 -640 ) (1792 1216 -4768 ) 
4 13 15 (2048 1216 -640 ) (2048 1216 3424 ) (1792 1216 3424 ) (1792 1216 -640 ) 
4 13 14 (1792 2048 -4768 ) (1792 1248 -4768 ) (1792 1248 3424 ) (1792 2048 3424 ) 
4 14 34 (1296 2048 -160 ) (1296 2048 -4768 ) (1296 1248 -4768 ) (1296 1248 -160 ) 
4 14 24 (1296 1248 3424 ) (1296 2048 3424 ) (1296 2048 -160 ) (1296 1248 -160 ) 
4 15 90 (2048 1024 -640 ) (2048 1024 -608 ) (1792 1024 -608 ) (1792 1024 -640 ) 
4 15 79 (2048 1024 -608 ) (2048 1024 3424 ) (1792 1024 3424 ) (1792 1024 -608 ) 
4 15 20 (2048 1024 -640 ) (1792 1024 -640 ) (1792 1216 -640 ) (2048 1216 -640 ) 
4 16 80 (1584 1024 1056 ) (1584 1024 -608 ) (1696 1024 -608 ) (1696 1024 1056 ) 
4 16 18 (1584 1040 -608 ) (1584 1024 -608 ) (1584 1024 576 ) (1584 1040 576 ) 
4 16 17 (1584 1152 -608 ) (1584 1040 -608 ) (1584 1040 1056 ) (1584 1152 1056 ) 
4 17 35 (1296 1152 -160 ) (1296 1152 -608 ) (1296 1040 -608 ) (1296 1040 -160 ) 
4 17 26 (1296 1152 1056 ) (1296 1152 -160 ) (1296 1040 -160 ) (1296 1040 1056 ) 
4 17 19 (1296 1040 576 ) (1296 1040 -608 ) (1312 1040 -608 ) (1312 1040 576 ) 
4 17 18 (1584 1040 -608 ) (1584 1040 576 ) (1312 1040 576 ) (1312 1040 -608 ) 
4 18 85 (1312 1024 576 ) (1312 1024 -608 ) (1568 1024 -608 ) (1568 1024 576 ) 
4 18 83 (1568 1024 -608 ) (1584 1024 -608 ) (1584 1024 576 ) (1568 1024 576 ) 
4 18 19 (1312 1040 576 ) (1312 1040 -608 ) (1312 1024 -608 ) (1312 1024 576 ) 
4 19 87 (1296 1024 576 ) (1296 1024 -608 ) (1312 1024 -608 ) (1312 1024 576 ) 
4 19 35 (1296 1024 -608 ) (1296 1024 -160 ) (1296 1040 -160 ) (1296 1040 -608 ) 
4 19 26 (1296 1024 -160 ) (1296 1024 576 ) (1296 1040 576 ) (1296 1040 -160 ) 
4 20 92 (2048 1024 -4768 ) (2048 1024 -640 ) (1792 1024 -640 ) (1792 1024 -4768 ) 
4 21 93 (1760 1024 -640 ) (1584 1024 -640 ) (1584 1024 -1312 ) (1760 1024 -1312 ) 
4 21 22 (1584 1216 -1312 ) (1584 1040 -1312 ) (1584 1040 -640 ) (1584 1216 -640 ) 
4 21 23 (1584 1216 -1312 ) (1760 1216 -1312 ) (1760 1024 -1312 ) (1584 1024 -1312 ) 
4 22 36 (1296 1040 -640 ) (1296 1216 -640 ) (1296 1216 -1312 ) (1296 1040 -1312 ) 
4 22 23 (1296 1040 -1312 ) (1296 1216 -1312 ) (1584 1216 -1312 ) (1584 1040 -1312 ) 
4 23 96 (1296 1024 -1312 ) (1296 1024 -4768 ) (1760 1024 -4768 ) (1760 1024 -1312 ) 
4 23 36 (1296 1024 -4768 ) (1296 1024 -1312 ) (1296 1216 -1312 ) (1296 1216 -4768 ) 
4 24 34 (1216 2048 -160 ) (1296 2048 -160 ) (1296 1248 -160 ) (1216 1248 -160 ) 
4 24 25 (1216 2048 -160 ) (1216 1696 -160 ) (1216 1696 3424 ) (1216 2048 3424 ) 
4 25 34 (1184 2048 -160 ) (1216 2048 -160 ) (1216 1696 -160 ) (1184 1696 -160 ) 
4 25 29 (1184 2048 -160 ) (1184 1696 -160 ) (1184 1696 -128 ) (1184 2048 -128 ) 
4 25 27 (1184 1696 -128 ) (1184 1696 3424 ) (1184 2048 3424 ) (1184 2048 -128 ) 
4 26 105 (1296 1024 -160 ) (1296 1024 160 ) (1184 1024 160 ) (1184 1024 -160 ) 
4 26 101 (1296 1024 160 ) (1296 1024 416 ) (1184 1024 416 ) (1184 1024 160 ) 
4 26 99 (1296 1024 416 ) (1296 1024 1056 ) (1184 1024 1056 ) (1184 1024 416 ) 
4 26 35 (1296 1152 -160 ) (1296 1024 -160 ) (1184 1024 -160 ) (1184 1152 -160 ) 
4 26 28 (1184 1024 -128 ) (1184 1024 1056 ) (1184 1152 1056 ) (1184 1152 -128 ) 
4 27 32 (1120 2048 160 ) (1120 2048 -128 ) (1120 1696 -128 ) (1120 1696 160 ) 
4 27 31 (1120 2048 416 ) (1120 2048 160 ) (1120 1696 160 ) (1120 1696 416 ) 
4 27 30 (1120 1696 3424 ) (1120 2048 3424 ) (1120 2048 416 ) (1120 1696 416 ) 
4 27 29 (1120 1696 -128 ) (1120 2048 -128 ) (1184 2048 -128 ) (1184 1696 -128 ) 
4 28 106 (1120 1024 160 ) (1120 1024 -128 ) (1184 1024 -128 ) (1184 1024 160 ) 
4 28 101 (1120 1024 416 ) (1120 1024 160 ) (1184 1024 160 ) (1184 1024 416 ) 
4 28 99 (1120 1024 1056 ) (1120 1024 416 ) (1184 1024 416 ) (1184 1024 1056 ) 
4 29 34 (1120 2048 -160 ) (1184 2048 -160 ) (1184 1696 -160 ) (1120 1696 -160 ) 
4 29 33 (1120 2048 -160 ) (1120 1696 -160 ) (1120 1696 -128 ) (1120 2048 -128 ) 
4 30 39 (1024 2048 1280 ) (1024 2048 416 ) (1024 1696 416 ) (1024 1696 1280 ) 
4 30 38 (1024 2048 3424 ) (1024 2048 1280 ) (1024 1696 1280 ) (1024 1696 3424 ) 
4 30 31 (1024 2048 416 ) (1120 2048 416 ) (1120 1696 416 ) (1024 1696 416 ) 
4 31 39 (1024 2048 416 ) (1024 2048 160 ) (1024 1696 160 ) (1024 1696 416 ) 
4 31 32 (1024 1696 160 ) (1024 2048 160 ) (1120 2048 160 ) (1120 1696 160 ) 
4 32 39 (1024 2048 160 ) (1024 2048 -128 ) (1024 1696 -128 ) (1024 1696 160 ) 
4 32 33 (1024 1696 -128 ) (1024 2048 -128 ) (1120 2048 -128 ) (1120 1696 -128 ) 
4 33 39 (1024 2048 -128 ) (1024 2048 -160 ) (1024 1696 -160 ) (1024 1696 -128 ) 
4 33 37 (1024 2048 -160 ) (1056 2048 -160 ) (1056 1696 -160 ) (1024 1696 -160 ) 
4 33 34 (1056 2048 -160 ) (1120 2048 -160 ) (1120 1696 -160 ) (1056 1696 -160 ) 
4 34 37 (1056 2048 -4768 ) (1056 1248 -4768 ) (1056 1248 -160 ) (1056 2048 -160 ) 
4 35 107 (1184 1024 -160 ) (1120 1024 -160 ) (1120 1024 -608 ) (1184 1024 -608 ) 
4 35 105 (1296 1024 -608 ) (1296 1024 -160 ) (1184 1024 -160 ) (1184 1024 -608 ) 
4 36 108 (1296 1024 -4768 ) (1296 1024 -640 ) (1056 1024 -640 ) (1056 1024 -4768 ) 
4 37 41 (1024 2048 -160 ) (1024 2048 -4768 ) (1024 1248 -4768 ) (1024 1248 -160 ) 
4 38 56 (0 1696 3424 ) (0 2048 3424 ) (0 2048 1280 ) (0 1696 1280 ) 
4 38 40 (0 1696 1280 ) (0 2048 1280 ) (832 2048 1280 ) (832 1696 1280 ) 
4 38 39 (832 2048 1280 ) (1024 2048 1280 ) (1024 1696 1280 ) (832 1696 1280 ) 
4 39 41 (832 1696 -160 ) (832 2048 -160 ) (1024 2048 -160 ) (1024 1696 -160 ) 
4 39 40 (832 2048 -160 ) (832 1696 -160 ) (832 1696 1280 ) (832 2048 1280 ) 
4 40 58 (0 2048 -128 ) (0 2048 -160 ) (0 1696 -160 ) (0 1696 -128 ) 
4 40 57 (0 1696 1280 ) (0 2048 1280 ) (0 2048 -128 ) (0 1696 -128 ) 
4 40 41 (0 1696 -160 ) (0 2048 -160 ) (832 2048 -160 ) (832 1696 -160 ) 
4 41 59 (0 1248 -4768 ) (0 1248 -160 ) (0 2048 -160 ) (0 2048 -4768 ) 
4 41 52 (0 1248 -160 ) (0 1248 -4768 ) (768 1248 -4768 ) (768 1248 -160 ) 
4 41 44 (768 1248 -4768 ) (1024 1248 -4768 ) (1024 1248 -160 ) (768 1248 -160 ) 
4 42 115 (832 1024 1280 ) (768 1024 1280 ) (768 1024 832 ) (832 1024 832 ) 
4 42 45 (768 1248 1280 ) (768 1248 832 ) (768 1024 832 ) (768 1024 1280 ) 
4 43 50 (768 1184 480 ) (768 1056 480 ) (768 1056 736 ) (768 1184 736 ) 
4 44 166 (864 1024 -160 ) (768 1024 -160 ) (768 1024 -4768 ) (864 1024 -4768 ) 
4 44 161 (928 1024 -160 ) (864 1024 -160 ) (864 1024 -4768 ) (928 1024 -4768 ) 
4 44 160 (1024 1024 -4768 ) (1024 1024 -160 ) (928 1024 -160 ) (928 1024 -4768 ) 
4 44 52 (768 1248 -160 ) (768 1248 -4768 ) (768 1024 -4768 ) (768 1024 -160 ) 
4 45 115 (768 1024 832 ) (768 1024 1280 ) (512 1024 1280 ) (512 1024 832 ) 
4 45 46 (512 1024 832 ) (512 1024 1280 ) (512 1248 1280 ) (512 1248 832 ) 
4 46 118 (512 1024 1280 ) (0 1024 1280 ) (0 1024 816 ) (512 1024 816 ) 
4 46 66 (0 1024 816 ) (0 1024 1280 ) (0 1120 1280 ) (0 1120 816 ) 
4 46 60 (0 1120 1280 ) (0 1248 1280 ) (0 1248 816 ) (0 1120 816 ) 
4 46 48 (384 1120 816 ) (384 1056 816 ) (320 1056 816 ) (320 1120 816 ) 
4 46 49 (192 1056 816 ) (128 1056 816 ) (128 1120 816 ) (192 1120 816 ) 
4 46 47 (128 1184 816 ) (128 1120 816 ) (64 1120 816 ) (64 1184 816 ) 
4 47 51 (64 1184 800 ) (128 1184 800 ) (128 1120 800 ) (64 1120 800 ) 
4 48 51 (320 1120 800 ) (384 1120 800 ) (384 1056 800 ) (320 1056 800 ) 
4 49 51 (128 1120 800 ) (192 1120 800 ) (192 1056 800 ) (128 1056 800 ) 
4 50 136 (768 1024 288 ) (768 1024 544 ) (512 1024 544 ) (512 1024 288 ) 
4 50 132 (544 1024 800 ) (512 1024 800 ) (512 1024 544 ) (544 1024 544 ) 
4 50 130 (768 1024 544 ) (768 1024 800 ) (544 1024 800 ) (544 1024 544 ) 
4 50 51 (512 1024 288 ) (512 1024 800 ) (512 1248 800 ) (512 1248 288 ) 
4 51 179 (0 1024 -158 ) (0 1024 -160 ) (512 1024 -160 ) (512 1024 -158 ) 
4 51 175 (0 1024 287 ) (0 1024 -158 ) (64 1024 -158 ) (64 1024 287 ) 
4 51 174 (64 1024 -158 ) (512 1024 -158 ) (512 1024 287 ) (64 1024 287 ) 
4 51 169 (384 1024 287 ) (504 1024 287 ) (504 1024 288 ) (384 1024 288 ) 
4 51 168 (504 1024 287 ) (512 1024 287 ) (512 1024 288 ) (504 1024 288 ) 
4 51 173 (0 1024 288 ) (0 1024 287 ) (384 1024 287 ) (384 1024 288 ) 
4 51 136 (0 1024 544 ) (0 1024 288 ) (512 1024 288 ) (512 1024 544 ) 
4 51 134 (512 1024 800 ) (0 1024 800 ) (0 1024 544 ) (512 1024 544 ) 
4 51 68 (0 1024 -160 ) (0 1024 800 ) (0 1120 800 ) (0 1120 -160 ) 
4 51 61 (0 1120 800 ) (0 1248 800 ) (0 1248 -160 ) (0 1120 -160 ) 
4 51 52 (0 1248 -160 ) (512 1248 -160 ) (512 1024 -160 ) (0 1024 -160 ) 
4 52 179 (512 1024 -160 ) (0 1024 -160 ) (0 1024 -4768 ) (512 1024 -4768 ) 
4 52 167 (544 1024 -160 ) (512 1024 -160 ) (512 1024 -4768 ) (544 1024 -4768 ) 
4 52 166 (768 1024 -4768 ) (768 1024 -160 ) (544 1024 -160 ) (544 1024 -4768 ) 
4 52 68 (0 1024 -4768 ) (0 1024 -160 ) (0 1120 -160 ) (0 1120 -4768 ) 
4 52 61 (0 1120 -160 ) (0 1248 -160 ) (0 1248 -4768 ) (0 1120 -4768 ) 
4 53 54 (0 4096 -4768 ) (0 4096 3424 ) (-736 4096 3424 ) (-736 4096 -4768 ) 
4 54 55 (0 3072 -4768 ) (0 3072 3424 ) (-736 3072 3424 ) (-736 3072 -4768 ) 
4 55 59 (0 2048 -4768 ) (0 2048 -160 ) (-736 2048 -160 ) (-736 2048 -4768 ) 
4 55 58 (0 2048 -160 ) (0 2048 -128 ) (-736 2048 -128 ) (-736 2048 -160 ) 
4 55 57 (0 2048 -128 ) (0 2048 1280 ) (-736 2048 1280 ) (-736 2048 -128 ) 
4 55 56 (0 2048 1280 ) (0 2048 3424 ) (-736 2048 3424 ) (-736 2048 1280 ) 
4 56 57 (-736 1696 1280 ) (-736 2048 1280 ) (0 2048 1280 ) (0 1696 1280 ) 
4 57 58 (-736 1696 -128 ) (-736 2048 -128 ) (0 2048 -128 ) (0 1696 -128 ) 
4 58 59 (-736 1696 -160 ) (-736 2048 -160 ) (0 2048 -160 ) (0 1696 -160 ) 
4 59 64 (-736 1248 -160 ) (-736 1248 -4768 ) (-544 1248 -4768 ) (-544 1248 -160 ) 
4 59 62 (-544 1248 -4768 ) (-512 1248 -4768 ) (-512 1248 -160 ) (-544 1248 -160 ) 
4 59 61 (-512 1248 -4768 ) (0 1248 -4768 ) (0 1248 -160 ) (-512 1248 -160 ) 
4 60 66 (0 1120 816 ) (0 1120 1280 ) (-544 1120 1280 ) (-544 1120 816 ) 
4 60 63 (-544 1248 1280 ) (-544 1248 816 ) (-544 1120 816 ) (-544 1120 1280 ) 
4 61 68 (0 1120 -4768 ) (0 1120 800 ) (-512 1120 800 ) (-512 1120 -4768 ) 
4 61 62 (-512 1120 -4768 ) (-512 1120 -160 ) (-512 1248 -160 ) (-512 1248 -4768 ) 
4 62 70 (-512 1120 -4768 ) (-512 1120 -160 ) (-544 1120 -160 ) (-544 1120 -4768 ) 
4 62 64 (-544 1248 -160 ) (-544 1248 -4768 ) (-544 1120 -4768 ) (-544 1120 -160 ) 
4 63 71 (-544 1120 -128 ) (-544 1120 1280 ) (-736 1120 1280 ) (-736 1120 -128 ) 
4 63 65 (-736 1120 -128 ) (-736 1120 1280 ) (-736 1248 1280 ) (-736 1248 -128 ) 
4 64 72 (-544 1120 -4768 ) (-544 1120 -160 ) (-736 1120 -160 ) (-736 1120 -4768 ) 
4 65 73 (-896 1120 -128 ) (-736 1120 -128 ) (-736 1120 1280 ) (-896 1120 1280 ) 
4 66 298 (-512 1024 1280 ) (-544 1024 1280 ) (-544 1024 816 ) (-512 1024 816 ) 
4 66 289 (0 1024 816 ) (0 1024 1280 ) (-512 1024 1280 ) (-512 1024 816 ) 
4 66 71 (-544 1120 1280 ) (-544 1120 816 ) (-544 1024 816 ) (-544 1024 1280 ) 
4 66 67 (-64 1120 816 ) (0 1120 816 ) (0 1056 816 ) (-64 1056 816 ) 
4 67 68 (-64 1120 800 ) (0 1120 800 ) (0 1056 800 ) (-64 1056 800 ) 
4 68 297 (0 1024 -4768 ) (0 1024 -158 ) (-512 1024 -158 ) (-512 1024 -4768 ) 
4 68 292 (0 1024 -158 ) (0 1024 800 ) (-64 1024 800 ) (-64 1024 -158 ) 
4 68 296 (-64 1024 800 ) (-512 1024 800 ) (-512 1024 -158 ) (-64 1024 -158 ) 
4 68 70 (-512 1120 -160 ) (-512 1120 -4768 ) (-512 1024 -4768 ) (-512 1024 -160 ) 
4 68 69 (-512 1120 288 ) (-512 1120 160 ) (-512 1024 160 ) (-512 1024 288 ) 
4 69 303 (-512 1024 160 ) (-512 1024 288 ) (-544 1024 288 ) (-544 1024 160 ) 
4 69 71 (-544 1120 288 ) (-544 1120 160 ) (-544 1024 160 ) (-544 1024 288 ) 
4 70 304 (-512 1024 -4768 ) (-512 1024 -160 ) (-544 1024 -160 ) (-544 1024 -4768 ) 
4 70 72 (-544 1120 -160 ) (-544 1120 -4768 ) (-544 1024 -4768 ) (-544 1024 -160 ) 
4 71 307 (-704 1024 800 ) (-736 1024 800 ) (-736 1024 -128 ) (-704 1024 -128 ) 
4 71 306 (-544 1024 -128 ) (-544 1024 800 ) (-704 1024 800 ) (-704 1024 -128 ) 
4 71 305 (-544 1024 800 ) (-544 1024 1280 ) (-736 1024 1280 ) (-736 1024 800 ) 
4 71 73 (-736 1120 1280 ) (-736 1120 -128 ) (-736 1024 -128 ) (-736 1024 1280 ) 
4 72 309 (-544 1024 -4768 ) (-544 1024 -160 ) (-736 1024 -160 ) (-736 1024 -4768 ) 
4 73 310 (-736 1024 -128 ) (-736 1024 1280 ) (-896 1024 1280 ) (-896 1024 -128 ) 
4 74 76 (6144 936 -64 ) (6144 680 -64 ) (6144 680 64 ) (6144 936 64 ) 
4 75 77 (6144 512 -64 ) (6144 256 -64 ) (6144 256 64 ) (6144 512 64 ) 
4 78 180 (3008 0 3424 ) (2048 0 3424 ) (2048 0 -4768 ) (3008 0 -4768 ) 
4 78 97 (2048 576 -4768 ) (2048 0 -4768 ) (2048 0 -608 ) (2048 576 -608 ) 
4 78 92 (2048 1024 -640 ) (2048 1024 -4768 ) (2048 576 -4768 ) (2048 576 -640 ) 
4 78 90 (2048 1024 -608 ) (2048 1024 -640 ) (2048 576 -640 ) (2048 576 -608 ) 
4 78 81 (2048 576 -608 ) (2048 0 -608 ) (2048 0 3424 ) (2048 576 3424 ) 
4 78 79 (2048 1024 3424 ) (2048 1024 -608 ) (2048 576 -608 ) (2048 576 3424 ) 
4 79 90 (1792 1024 -608 ) (2048 1024 -608 ) (2048 576 -608 ) (1792 576 -608 ) 
4 79 81 (2048 576 3424 ) (1792 576 3424 ) (1792 576 -608 ) (2048 576 -608 ) 
4 80 88 (1584 752 -608 ) (1584 640 -608 ) (1584 640 1056 ) (1584 752 1056 ) 
4 80 83 (1584 1024 576 ) (1584 1024 -608 ) (1584 752 -608 ) (1584 752 576 ) 
4 81 182 (2048 0 -608 ) (2048 0 3424 ) (1792 0 3424 ) (1792 0 -608 ) 
4 81 97 (2048 576 -608 ) (2048 0 -608 ) (1792 0 -608 ) (1792 576 -608 ) 
4 81 82 (1792 544 -608 ) (1792 0 -608 ) (1792 0 3424 ) (1792 544 3424 ) 
4 82 182 (1792 0 3424 ) (1584 0 3424 ) (1584 0 -608 ) (1792 0 -608 ) 
4 82 98 (1792 0 -608 ) (1584 0 -608 ) (1584 544 -608 ) (1792 544 -608 ) 
4 82 89 (1584 544 -608 ) (1584 0 -608 ) (1584 0 3424 ) (1584 544 3424 ) 
4 83 88 (1568 752 -608 ) (1584 752 -608 ) (1584 752 576 ) (1568 752 576 ) 
4 83 86 (1568 768 -608 ) (1568 752 -608 ) (1568 752 576 ) (1568 768 576 ) 
4 83 85 (1568 1024 576 ) (1568 1024 -608 ) (1568 768 -608 ) (1568 768 576 ) 
4 85 91 (1312 1024 -608 ) (1568 1024 -608 ) (1568 768 -608 ) (1312 768 -608 ) 
4 85 87 (1312 1024 -608 ) (1312 768 -608 ) (1312 768 576 ) (1312 1024 576 ) 
4 85 86 (1312 768 576 ) (1312 768 -608 ) (1568 768 -608 ) (1568 768 576 ) 
4 86 88 (1312 752 -608 ) (1568 752 -608 ) (1568 752 576 ) (1312 752 576 ) 
4 86 87 (1312 768 -608 ) (1312 752 -608 ) (1312 752 576 ) (1312 768 576 ) 
4 87 105 (1296 1024 160 ) (1296 1024 -608 ) (1296 752 -608 ) (1296 752 160 ) 
4 87 103 (1296 832 160 ) (1296 752 160 ) (1296 752 416 ) (1296 832 416 ) 
4 87 101 (1296 1024 416 ) (1296 1024 160 ) (1296 832 160 ) (1296 832 416 ) 
4 87 99 (1296 1024 576 ) (1296 1024 416 ) (1296 752 416 ) (1296 752 576 ) 
4 87 88 (1296 752 576 ) (1296 752 -608 ) (1312 752 -608 ) (1312 752 576 ) 
4 88 105 (1296 752 -608 ) (1296 640 -608 ) (1296 640 160 ) (1296 752 160 ) 
4 88 103 (1296 640 160 ) (1296 640 416 ) (1296 752 416 ) (1296 752 160 ) 
4 88 99 (1296 640 416 ) (1296 640 1056 ) (1296 752 1056 ) (1296 752 416 ) 
4 89 182 (1296 0 3424 ) (1296 0 -608 ) (1584 0 -608 ) (1584 0 3424 ) 
4 89 110 (1296 544 -608 ) (1296 0 -608 ) (1296 0 160 ) (1296 544 160 ) 
4 89 104 (1296 0 160 ) (1296 0 416 ) (1296 544 416 ) (1296 544 160 ) 
4 89 100 (1296 0 416 ) (1296 0 3424 ) (1296 544 3424 ) (1296 544 416 ) 
4 89 98 (1296 0 -608 ) (1296 544 -608 ) (1584 544 -608 ) (1584 0 -608 ) 
4 90 97 (2048 576 -640 ) (2048 576 -608 ) (1792 576 -608 ) (1792 576 -640 ) 
4 90 92 (2048 576 -640 ) (1792 576 -640 ) (1792 1024 -640 ) (2048 1024 -640 ) 
4 91 94 (1312 1024 -640 ) (1568 1024 -640 ) (1568 768 -640 ) (1312 768 -640 ) 
4 92 97 (1792 576 -4768 ) (2048 576 -4768 ) (2048 576 -640 ) (1792 576 -640 ) 
4 93 95 (1584 752 -1312 ) (1584 576 -1312 ) (1584 576 -640 ) (1584 752 -640 ) 
4 93 96 (1760 1024 -1312 ) (1760 576 -1312 ) (1584 576 -1312 ) (1584 1024 -1312 ) 
4 95 109 (1296 752 -1312 ) (1296 576 -1312 ) (1296 576 -640 ) (1296 752 -640 ) 
4 95 96 (1584 576 -1312 ) (1296 576 -1312 ) (1296 752 -1312 ) (1584 752 -1312 ) 
4 96 109 (1296 768 -4768 ) (1296 576 -4768 ) (1296 576 -1312 ) (1296 768 -1312 ) 
4 96 108 (1296 1024 -1312 ) (1296 1024 -4768 ) (1296 768 -4768 ) (1296 768 -1312 ) 
4 97 182 (2048 0 -4768 ) (2048 0 -608 ) (1792 0 -608 ) (1792 0 -4768 ) 
4 97 98 (1792 544 -4768 ) (1792 0 -4768 ) (1792 0 -608 ) (1792 544 -608 ) 
4 98 182 (1792 0 -608 ) (1296 0 -608 ) (1296 0 -4768 ) (1792 0 -4768 ) 
4 98 110 (1296 544 -4768 ) (1296 0 -4768 ) (1296 0 -608 ) (1296 544 -608 ) 
4 99 103 (1296 832 416 ) (1296 640 416 ) (1120 640 416 ) (1120 832 416 ) 
4 99 101 (1120 1024 416 ) (1296 1024 416 ) (1296 832 416 ) (1120 832 416 ) 
4 100 182 (1296 0 416 ) (1296 0 3424 ) (1216 0 3424 ) (1216 0 416 ) 
4 100 104 (1296 544 416 ) (1296 0 416 ) (1216 0 416 ) (1216 544 416 ) 
4 101 106 (1120 1024 160 ) (1184 1024 160 ) (1184 832 160 ) (1120 832 160 ) 
4 101 105 (1184 1024 160 ) (1296 1024 160 ) (1296 832 160 ) (1184 832 160 ) 
4 101 103 (1120 832 160 ) (1296 832 160 ) (1296 832 416 ) (1120 832 416 ) 
4 101 102 (1120 960 160 ) (1120 832 160 ) (1120 832 416 ) (1120 960 416 ) 
4 102 112 (1056 832 416 ) (1056 960 416 ) (1056 960 160 ) (1056 832 160 ) 
4 103 106 (1120 832 160 ) (1184 832 160 ) (1184 640 160 ) (1120 640 160 ) 
4 103 105 (1184 832 160 ) (1296 832 160 ) (1296 640 160 ) (1184 640 160 ) 
4 104 182 (1296 0 160 ) (1296 0 416 ) (1216 0 416 ) (1216 0 160 ) 
4 104 110 (1296 544 160 ) (1296 0 160 ) (1216 0 160 ) (1216 544 160 ) 
4 105 107 (1184 1024 -608 ) (1184 640 -608 ) (1184 640 -160 ) (1184 1024 -160 ) 
4 105 106 (1184 640 -128 ) (1184 640 160 ) (1184 1024 160 ) (1184 1024 -128 ) 
4 108 109 (1056 768 -4768 ) (1296 768 -4768 ) (1296 768 -640 ) (1056 768 -640 ) 
4 110 182 (1296 0 -4768 ) (1296 0 160 ) (1216 0 160 ) (1216 0 -4768 ) 
4 110 111 (1216 544 -4768 ) (1216 0 -4768 ) (1216 0 -160 ) (1216 544 -160 ) 
4 111 185 (1056 0 -160 ) (1056 0 -4768 ) (1184 0 -4768 ) (1184 0 -160 ) 
4 111 183 (1184 0 -4768 ) (1216 0 -4768 ) (1216 0 -160 ) (1184 0 -160 ) 
4 111 113 (1056 0 -4768 ) (1056 0 -160 ) (1056 544 -160 ) (1056 544 -4768 ) 
4 112 159 (1024 960 288 ) (1024 960 160 ) (1024 832 160 ) (1024 832 288 ) 
4 112 147 (1024 832 416 ) (1024 960 416 ) (1024 960 288 ) (1024 832 288 ) 
4 113 185 (1056 0 -4768 ) (1056 0 -160 ) (1024 0 -160 ) (1024 0 -4768 ) 
4 113 160 (1024 0 -4768 ) (1024 0 -160 ) (1024 544 -160 ) (1024 544 -4768 ) 
4 114 126 (832 320 800 ) (832 704 800 ) (864 704 800 ) (864 320 800 ) 
4 114 116 (832 704 800 ) (832 0 800 ) (832 0 832 ) (832 704 832 ) 
4 114 115 (832 0 832 ) (832 0 1280 ) (832 704 1280 ) (832 704 832 ) 
4 115 119 (512 992 832 ) (512 0 832 ) (512 0 1280 ) (512 992 1280 ) 
4 115 118 (512 1024 1280 ) (512 1024 832 ) (512 992 832 ) (512 992 1280 ) 
4 115 117 (512 0 832 ) (512 736 832 ) (768 736 832 ) (768 0 832 ) 
4 115 116 (768 992 832 ) (832 992 832 ) (832 0 832 ) (768 0 832 ) 
4 116 129 (768 320 800 ) (768 704 800 ) (832 704 800 ) (832 320 800 ) 
4 116 117 (768 736 800 ) (768 0 800 ) (768 0 832 ) (768 736 832 ) 
4 117 133 (512 352 800 ) (512 672 800 ) (544 672 800 ) (544 352 800 ) 
4 117 131 (544 320 800 ) (544 704 800 ) (768 704 800 ) (768 320 800 ) 
4 117 120 (512 736 800 ) (512 480 800 ) (512 480 832 ) (512 736 832 ) 
4 118 289 (0 1024 1280 ) (0 1024 816 ) (0 992 816 ) (0 992 1280 ) 
4 118 119 (512 992 832 ) (512 992 1280 ) (0 992 1280 ) (0 992 832 ) 
4 119 290 (0 0 832 ) (0 0 1280 ) (0 992 1280 ) (0 992 832 ) 
4 119 120 (0 480 832 ) (0 736 832 ) (512 736 832 ) (512 480 832 ) 
4 120 291 (0 736 800 ) (0 480 800 ) (0 480 832 ) (0 736 832 ) 
4 120 134 (0 480 800 ) (0 736 800 ) (512 736 800 ) (512 480 800 ) 
4 121 127 (832 992 544 ) (832 944 544 ) (832 944 672 ) (832 992 672 ) 
4 121 124 (832 944 736 ) (832 944 544 ) (864 944 544 ) (864 944 736 ) 
4 121 123 (864 944 544 ) (960 944 544 ) (960 944 736 ) (864 944 736 ) 
4 121 122 (960 944 544 ) (1024 944 544 ) (1024 944 736 ) (960 944 736 ) 
4 122 125 (960 848 544 ) (1024 848 544 ) (1024 848 736 ) (960 848 736 ) 
4 122 123 (960 944 736 ) (960 944 544 ) (960 848 544 ) (960 848 736 ) 
4 123 125 (864 848 544 ) (960 848 544 ) (960 848 736 ) (864 848 736 ) 
4 123 124 (864 944 736 ) (864 944 544 ) (864 848 544 ) (864 848 736 ) 
4 124 127 (832 944 544 ) (832 928 544 ) (832 928 672 ) (832 944 672 ) 
4 124 125 (832 848 736 ) (832 848 544 ) (864 848 544 ) (864 848 736 ) 
4 126 156 (832 320 544 ) (832 704 544 ) (864 704 544 ) (864 320 544 ) 
4 126 129 (832 704 544 ) (832 320 544 ) (832 320 800 ) (832 704 800 ) 
4 127 128 (784 928 544 ) (784 928 672 ) (784 992 672 ) (784 992 544 ) 
4 128 130 (768 992 544 ) (768 928 544 ) (768 928 672 ) (768 992 672 ) 
4 129 156 (832 704 544 ) (832 320 544 ) (768 320 544 ) (768 704 544 ) 
4 129 131 (768 704 544 ) (768 320 544 ) (768 320 800 ) (768 704 800 ) 
4 130 155 (768 800 544 ) (768 736 544 ) (544 736 544 ) (544 800 544 ) 
4 130 138 (768 992 544 ) (768 800 544 ) (544 800 544 ) (544 992 544 ) 
4 130 136 (544 1024 544 ) (768 1024 544 ) (768 992 544 ) (544 992 544 ) 
4 130 132 (544 1024 544 ) (544 736 544 ) (544 736 800 ) (544 1024 800 ) 
4 131 156 (768 704 544 ) (768 320 544 ) (544 320 544 ) (544 704 544 ) 
4 131 133 (544 672 544 ) (544 352 544 ) (544 352 800 ) (544 672 800 ) 
4 132 157 (544 800 544 ) (544 736 544 ) (512 736 544 ) (512 800 544 ) 
4 132 138 (544 992 544 ) (544 800 544 ) (512 800 544 ) (512 992 544 ) 
4 132 136 (512 1024 544 ) (544 1024 544 ) (544 992 544 ) (512 992 544 ) 
4 132 134 (512 1024 544 ) (512 736 544 ) (512 736 800 ) (512 1024 800 ) 
4 133 134 (512 672 544 ) (512 352 544 ) (512 352 800 ) (512 672 800 ) 
4 134 293 (0 160 544 ) (0 128 544 ) (0 128 800 ) (0 160 800 ) 
4 134 292 (0 1024 800 ) (0 1024 544 ) (0 160 544 ) (0 160 800 ) 
4 134 295 (0 128 544 ) (0 0 544 ) (0 0 800 ) (0 128 800 ) 
4 134 218 (64 0 800 ) (0 0 800 ) (0 0 544 ) (64 0 544 ) 
4 134 217 (512 0 800 ) (64 0 800 ) (64 0 544 ) (512 0 544 ) 
4 134 158 (0 0 544 ) (0 800 544 ) (512 800 544 ) (512 0 544 ) 
4 134 138 (0 800 544 ) (0 992 544 ) (512 992 544 ) (512 800 544 ) 
4 134 136 (0 992 544 ) (0 1024 544 ) (512 1024 544 ) (512 992 544 ) 
4 135 146 (776 992 416 ) (768 992 416 ) (768 992 384 ) (776 992 384 ) 
4 135 136 (768 992 384 ) (768 992 416 ) (768 1024 416 ) (768 1024 384 ) 
4 136 292 (0 1024 544 ) (0 1024 288 ) (0 992 288 ) (0 992 544 ) 
4 136 169 (384 1024 288 ) (504 1024 288 ) (504 992 288 ) (384 992 288 ) 
4 136 168 (504 1024 288 ) (512 1024 288 ) (512 992 288 ) (504 992 288 ) 
4 136 173 (0 992 288 ) (0 1024 288 ) (384 1024 288 ) (384 992 288 ) 
4 136 163 (736 1024 288 ) (768 1024 288 ) (768 992 288 ) (736 992 288 ) 
4 136 146 (0 992 288 ) (768 992 288 ) (768 992 416 ) (0 992 416 ) 
4 136 141 (768 992 416 ) (768 992 480 ) (0 992 480 ) (0 992 416 ) 
4 136 138 (768 992 480 ) (768 992 544 ) (0 992 544 ) (0 992 480 ) 
4 137 139 (864 832 480 ) (864 960 480 ) (928 960 480 ) (928 832 480 ) 
4 138 292 (0 800 480 ) (0 800 544 ) (0 992 544 ) (0 992 480 ) 
4 138 157 (544 800 544 ) (512 800 544 ) (512 800 480 ) (544 800 480 ) 
4 138 158 (512 800 544 ) (0 800 544 ) (0 800 480 ) (512 800 480 ) 
4 138 155 (768 800 544 ) (544 800 544 ) (544 800 480 ) (768 800 480 ) 
4 138 141 (768 800 480 ) (0 800 480 ) (0 992 480 ) (768 992 480 ) 
4 139 140 (864 800 478 ) (864 992 478 ) (928 992 478 ) (928 800 478 ) 
4 140 150 (928 800 416 ) (864 800 416 ) (864 832 416 ) (928 832 416 ) 
4 140 147 (864 832 416 ) (864 960 416 ) (928 960 416 ) (928 832 416 ) 
4 140 142 (864 960 416 ) (864 992 416 ) (928 992 416 ) (928 960 416 ) 
4 141 292 (0 800 416 ) (0 800 480 ) (0 992 480 ) (0 992 416 ) 
4 141 157 (544 800 480 ) (512 800 480 ) (512 800 416 ) (544 800 416 ) 
4 141 158 (512 800 480 ) (0 800 480 ) (0 800 416 ) (512 800 416 ) 
4 141 155 (768 800 480 ) (544 800 480 ) (544 800 416 ) (768 800 416 ) 
4 141 154 (768 800 416 ) (0 800 416 ) (0 832 416 ) (768 832 416 ) 
4 141 149 (0 832 416 ) (0 960 416 ) (768 960 416 ) (768 832 416 ) 
4 141 146 (0 960 416 ) (0 992 416 ) (768 992 416 ) (768 960 416 ) 
4 142 147 (864 960 288 ) (928 960 288 ) (928 960 416 ) (864 960 416 ) 
4 143 147 (840 960 288 ) (856 960 288 ) (856 960 416 ) (840 960 416 ) 
4 144 147 (783 960 288 ) (800 960 288 ) (800 960 416 ) (783 960 416 ) 
4 144 145 (783 960 288 ) (783 960 416 ) (783 992 416 ) (783 992 288 ) 
4 145 148 (782 960 288 ) (783 960 288 ) (783 960 416 ) (782 960 416 ) 
4 145 146 (782 960 288 ) (782 960 416 ) (782 992 416 ) (782 992 288 ) 
4 146 292 (0 992 288 ) (0 960 288 ) (0 960 416 ) (0 992 416 ) 
4 146 169 (384 992 288 ) (504 992 288 ) (504 960 288 ) (384 960 288 ) 
4 146 168 (504 992 288 ) (512 992 288 ) (512 960 288 ) (504 960 288 ) 
4 146 173 (0 960 288 ) (0 992 288 ) (384 992 288 ) (384 960 288 ) 
4 146 163 (736 992 288 ) (768 992 288 ) (768 960 288 ) (736 960 288 ) 
4 146 149 (0 960 288 ) (782 960 288 ) (782 960 416 ) (0 960 416 ) 
4 147 159 (928 960 288 ) (1024 960 288 ) (1024 832 288 ) (928 832 288 ) 
4 147 152 (783 832 288 ) (800 832 288 ) (800 832 416 ) (783 832 416 ) 
4 147 151 (840 832 288 ) (856 832 288 ) (856 832 416 ) (840 832 416 ) 
4 147 150 (864 832 288 ) (928 832 288 ) (928 832 416 ) (864 832 416 ) 
4 147 148 (783 960 416 ) (783 960 288 ) (783 832 288 ) (783 832 416 ) 
4 148 153 (782 832 288 ) (783 832 288 ) (783 832 416 ) (782 832 416 ) 
4 148 149 (782 960 416 ) (782 960 288 ) (782 832 288 ) (782 832 416 ) 
4 149 292 (0 960 288 ) (0 832 288 ) (0 832 416 ) (0 960 416 ) 
4 149 170 (504 858 288 ) (504 832 288 ) (384 832 288 ) (384 858 288 ) 
4 149 169 (384 960 288 ) (504 960 288 ) (504 858 288 ) (384 858 288 ) 
4 149 168 (504 960 288 ) (512 960 288 ) (512 832 288 ) (504 832 288 ) 
4 149 173 (0 832 288 ) (0 960 288 ) (384 960 288 ) (384 832 288 ) 
4 149 163 (736 960 288 ) (768 960 288 ) (768 832 288 ) (736 832 288 ) 
4 149 154 (0 832 288 ) (782 832 288 ) (782 832 416 ) (0 832 416 ) 
4 152 153 (783 832 416 ) (783 832 288 ) (783 800 288 ) (783 800 416 ) 
4 153 154 (782 832 416 ) (782 832 288 ) (782 800 288 ) (782 800 416 ) 
4 154 292 (0 832 288 ) (0 800 288 ) (0 800 416 ) (0 832 416 ) 
4 154 171 (384 832 288 ) (504 832 288 ) (504 800 288 ) (384 800 288 ) 
4 154 168 (504 832 288 ) (512 832 288 ) (512 800 288 ) (504 800 288 ) 
4 154 173 (0 800 288 ) (0 832 288 ) (384 832 288 ) (384 800 288 ) 
4 154 163 (736 832 288 ) (768 832 288 ) (768 800 288 ) (736 800 288 ) 
4 154 157 (512 800 288 ) (544 800 288 ) (544 800 416 ) (512 800 416 ) 
4 154 158 (0 800 288 ) (512 800 288 ) (512 800 416 ) (0 800 416 ) 
4 154 155 (544 800 288 ) (768 800 288 ) (768 800 416 ) (544 800 416 ) 
4 155 163 (736 800 288 ) (768 800 288 ) (768 768 288 ) (736 768 288 ) 
4 155 157 (544 800 544 ) (544 800 288 ) (544 736 288 ) (544 736 544 ) 
4 156 165 (544 320 288 ) (544 704 288 ) (736 704 288 ) (736 320 288 ) 
4 156 164 (736 704 288 ) (768 704 288 ) (768 320 288 ) (736 320 288 ) 
4 156 162 (768 704 288 ) (864 704 288 ) (864 320 288 ) (768 320 288 ) 
4 157 158 (512 800 544 ) (512 800 288 ) (512 736 288 ) (512 736 544 ) 
4 158 293 (0 160 288 ) (0 128 288 ) (0 128 544 ) (0 160 544 ) 
4 158 292 (0 800 288 ) (0 160 288 ) (0 160 544 ) (0 800 544 ) 
4 158 295 (0 128 288 ) (0 0 288 ) (0 0 544 ) (0 128 544 ) 
4 158 218 (64 0 544 ) (0 0 544 ) (0 0 288 ) (64 0 288 ) 
4 158 217 (512 0 544 ) (64 0 544 ) (64 0 288 ) (512 0 288 ) 
4 158 171 (384 746 288 ) (384 800 288 ) (504 800 288 ) (504 746 288 ) 
4 158 172 (504 0 288 ) (384 0 288 ) (384 746 288 ) (504 746 288 ) 
4 158 168 (512 0 288 ) (504 0 288 ) (504 800 288 ) (512 800 288 ) 
4 158 173 (384 0 288 ) (0 0 288 ) (0 800 288 ) (384 800 288 ) 
4 160 192 (1024 0 -4768 ) (1024 0 -352 ) (928 0 -352 ) (928 0 -4768 ) 
4 160 190 (1024 0 -352 ) (1024 0 -160 ) (928 0 -160 ) (928 0 -352 ) 
4 160 161 (928 1024 -160 ) (928 1024 -4768 ) (928 0 -4768 ) (928 0 -160 ) 
4 161 192 (928 0 -4768 ) (928 0 -352 ) (864 0 -352 ) (864 0 -4768 ) 
4 161 190 (928 0 -352 ) (928 0 -160 ) (864 0 -160 ) (864 0 -352 ) 
4 161 166 (864 0 -4768 ) (864 0 -160 ) (864 1024 -160 ) (864 1024 -4768 ) 
4 162 164 (768 704 224 ) (768 320 224 ) (768 320 288 ) (768 704 288 ) 
4 164 165 (736 704 224 ) (736 320 224 ) (736 320 288 ) (736 704 288 ) 
4 166 195 (720 0 -160 ) (544 0 -160 ) (544 0 -4768 ) (720 0 -4768 ) 
4 166 192 (864 0 -4768 ) (864 0 -352 ) (720 0 -352 ) (720 0 -4768 ) 
4 166 191 (768 0 -160 ) (720 0 -160 ) (720 0 -352 ) (768 0 -352 ) 
4 166 190 (864 0 -352 ) (864 0 -160 ) (768 0 -160 ) (768 0 -352 ) 
4 166 167 (544 1024 -160 ) (544 1024 -4768 ) (544 0 -4768 ) (544 0 -160 ) 
4 167 213 (544 0 -4768 ) (544 0 -160 ) (512 0 -160 ) (512 0 -4768 ) 
4 167 179 (512 0 -4768 ) (512 0 -160 ) (512 1024 -160 ) (512 1024 -4768 ) 
4 168 217 (512 0 287 ) (512 0 288 ) (504 0 288 ) (504 0 287 ) 
4 168 174 (504 1024 287 ) (512 1024 287 ) (512 0 287 ) (504 0 287 ) 
4 168 171 (504 832 287 ) (504 746 287 ) (504 746 288 ) (504 832 288 ) 
4 168 170 (504 858 287 ) (504 832 287 ) (504 832 288 ) (504 858 288 ) 
4 168 172 (504 746 287 ) (504 0 287 ) (504 0 288 ) (504 746 288 ) 
4 168 169 (504 1024 287 ) (504 858 287 ) (504 858 288 ) (504 1024 288 ) 
4 169 174 (384 1024 287 ) (504 1024 287 ) (504 858 287 ) (384 858 287 ) 
4 169 170 (384 858 288 ) (384 858 287 ) (504 858 287 ) (504 858 288 ) 
4 169 173 (384 1024 287 ) (384 858 287 ) (384 858 288 ) (384 1024 288 ) 
4 170 174 (504 858 287 ) (504 832 287 ) (384 832 287 ) (384 858 287 ) 
4 170 173 (384 858 287 ) (384 832 287 ) (384 832 288 ) (384 858 288 ) 
4 170 171 (384 832 288 ) (384 832 287 ) (504 832 287 ) (504 832 288 ) 
4 171 174 (504 832 287 ) (504 746 287 ) (384 746 287 ) (384 832 287 ) 
4 171 172 (384 746 288 ) (384 746 287 ) (504 746 287 ) (504 746 288 ) 
4 171 173 (384 832 287 ) (384 746 287 ) (384 746 288 ) (384 832 288 ) 
4 172 217 (504 0 288 ) (384 0 288 ) (384 0 287 ) (504 0 287 ) 
4 172 174 (504 746 287 ) (504 0 287 ) (384 0 287 ) (384 746 287 ) 
4 172 173 (384 746 287 ) (384 0 287 ) (384 0 288 ) (384 746 288 ) 
4 173 293 (0 160 287 ) (0 128 287 ) (0 128 288 ) (0 160 288 ) 
4 173 292 (0 1024 288 ) (0 1024 287 ) (0 160 287 ) (0 160 288 ) 
4 173 295 (0 128 287 ) (0 0 287 ) (0 0 288 ) (0 128 288 ) 
4 173 218 (64 0 288 ) (0 0 288 ) (0 0 287 ) (64 0 287 ) 
4 173 217 (384 0 288 ) (64 0 288 ) (64 0 287 ) (384 0 287 ) 
4 173 176 (0 128 287 ) (0 160 287 ) (64 160 287 ) (64 128 287 ) 
4 173 175 (0 160 287 ) (0 1024 287 ) (64 1024 287 ) (64 160 287 ) 
4 173 178 (0 0 287 ) (0 128 287 ) (64 128 287 ) (64 0 287 ) 
4 173 174 (64 1024 287 ) (384 1024 287 ) (384 0 287 ) (64 0 287 ) 
4 174 217 (512 0 -158 ) (512 0 287 ) (64 0 287 ) (64 0 -158 ) 
4 174 179 (64 1024 -158 ) (512 1024 -158 ) (512 0 -158 ) (64 0 -158 ) 
4 174 177 (64 128 -152 ) (64 128 -144 ) (64 160 -144 ) (64 160 -152 ) 
4 174 176 (64 128 -144 ) (64 128 287 ) (64 160 287 ) (64 160 -144 ) 
4 174 175 (64 1024 -158 ) (64 160 -158 ) (64 160 287 ) (64 1024 287 ) 
4 174 178 (64 128 -158 ) (64 0 -158 ) (64 0 287 ) (64 128 287 ) 
4 175 292 (0 1024 287 ) (0 1024 -158 ) (0 160 -158 ) (0 160 287 ) 
4 175 179 (0 1024 -158 ) (64 1024 -158 ) (64 160 -158 ) (0 160 -158 ) 
4 175 177 (64 160 -152 ) (64 160 -144 ) (0 160 -144 ) (0 160 -152 ) 
4 175 176 (64 160 -144 ) (64 160 287 ) (0 160 287 ) (0 160 -144 ) 
4 176 293 (0 128 -144 ) (0 128 287 ) (0 160 287 ) (0 160 -144 ) 
4 176 178 (64 128 -144 ) (64 128 287 ) (0 128 287 ) (0 128 -144 ) 
4 176 177 (64 128 -144 ) (0 128 -144 ) (0 160 -144 ) (64 160 -144 ) 
4 177 294 (0 128 -152 ) (0 128 -144 ) (0 160 -144 ) (0 160 -152 ) 
4 177 178 (64 128 -152 ) (64 128 -144 ) (0 128 -144 ) (0 128 -152 ) 
4 178 295 (0 128 -158 ) (0 0 -158 ) (0 0 287 ) (0 128 287 ) 
4 178 219 (0 0 -144 ) (0 0 -152 ) (64 0 -152 ) (64 0 -144 ) 
4 178 218 (64 0 287 ) (0 0 287 ) (0 0 -144 ) (64 0 -144 ) 
4 178 179 (64 128 -158 ) (64 0 -158 ) (0 0 -158 ) (0 128 -158 ) 
4 179 297 (0 1024 -158 ) (0 1024 -4768 ) (0 0 -4768 ) (0 0 -158 ) 
4 179 220 (64 0 -158 ) (0 0 -158 ) (0 0 -4768 ) (64 0 -4768 ) 
4 179 217 (512 0 -4768 ) (512 0 -158 ) (64 0 -158 ) (64 0 -4768 ) 
4 180 182 (2048 0 3424 ) (2048 0 -4768 ) (2048 -1024 -4768 ) (2048 -1024 3424 ) 
4 180 181 (3008 -1024 3424 ) (2048 -1024 3424 ) (2048 -1024 -4768 ) (3008 -1024 -4768 ) 
4 181 229 (2048 -1728 -4768 ) (2048 -1728 3424 ) (2048 -1024 3424 ) (2048 -1024 -4768 ) 
4 182 231 (1216 -1024 -160 ) (1216 -1024 -4768 ) (1280 -1024 -4768 ) (1280 -1024 -160 ) 
4 182 230 (1280 -1024 3424 ) (1216 -1024 3424 ) (1216 -1024 -160 ) (1280 -1024 -160 ) 
4 182 229 (2048 -1024 -4768 ) (2048 -1024 3424 ) (1280 -1024 3424 ) (1280 -1024 -4768 ) 
4 182 183 (1216 0 -4768 ) (1216 -1024 -4768 ) (1216 -1024 -160 ) (1216 0 -160 ) 
4 183 231 (1184 -1024 -160 ) (1184 -1024 -4768 ) (1216 -1024 -4768 ) (1216 -1024 -160 ) 
4 183 185 (1184 -1024 -4768 ) (1184 -1024 -160 ) (1184 0 -160 ) (1184 0 -4768 ) 
4 184 188 (1024 -384 448 ) (1024 -416 448 ) (1024 -416 768 ) (1024 -384 768 ) 
4 184 187 (1024 -352 448 ) (1024 -384 448 ) (1024 -384 768 ) (1024 -352 768 ) 
4 184 186 (1024 0 768 ) (1024 0 448 ) (1024 -352 448 ) (1024 -352 768 ) 
4 185 231 (1184 -1024 -4768 ) (1184 -1024 -160 ) (1024 -1024 -160 ) (1024 -1024 -4768 ) 
4 185 192 (1024 0 -352 ) (1024 0 -4768 ) (1024 -1024 -4768 ) (1024 -1024 -352 ) 
4 185 190 (1024 0 -160 ) (1024 0 -352 ) (1024 -1024 -352 ) (1024 -1024 -160 ) 
4 186 197 (544 -32 544 ) (544 -288 544 ) (544 -288 736 ) (544 -32 736 ) 
4 186 187 (800 -352 448 ) (1024 -352 448 ) (1024 -352 768 ) (800 -352 768 ) 
4 187 188 (800 -384 448 ) (1024 -384 448 ) (1024 -384 768 ) (800 -384 768 ) 
4 189 199 (544 -576 512 ) (544 -576 544 ) (544 -384 544 ) (544 -384 512 ) 
4 189 198 (544 -576 544 ) (544 -576 672 ) (544 -384 672 ) (544 -384 544 ) 
4 190 253 (1024 -1024 -352 ) (1024 -1024 -160 ) (768 -1024 -160 ) (768 -1024 -352 ) 
4 190 192 (1024 -1024 -352 ) (768 -1024 -352 ) (768 0 -352 ) (1024 0 -352 ) 
4 190 191 (768 0 -352 ) (768 -928 -352 ) (768 -928 -160 ) (768 0 -160 ) 
4 191 195 (720 0 -160 ) (720 0 -352 ) (720 -928 -352 ) (720 -928 -160 ) 
4 191 192 (720 -928 -352 ) (720 0 -352 ) (768 0 -352 ) (768 -928 -352 ) 
4 192 254 (768 -1024 -352 ) (720 -1024 -352 ) (720 -1024 -4768 ) (768 -1024 -4768 ) 
4 192 253 (1024 -1024 -4768 ) (1024 -1024 -352 ) (768 -1024 -352 ) (768 -1024 -4768 ) 
4 192 196 (720 -928 -4768 ) (720 -1024 -4768 ) (720 -1024 -352 ) (720 -928 -352 ) 
4 192 195 (720 0 -352 ) (720 0 -4768 ) (720 -928 -4768 ) (720 -928 -352 ) 
4 193 205 (544 -352 160 ) (544 -352 224 ) (544 -96 224 ) (544 -96 160 ) 
4 193 203 (544 -352 224 ) (544 -352 288 ) (544 -96 288 ) (544 -96 224 ) 
4 193 201 (544 -352 288 ) (544 -352 352 ) (544 -96 352 ) (544 -96 288 ) 
4 194 212 (544 -416 -32 ) (544 -544 -32 ) (544 -544 32 ) (544 -416 32 ) 
4 194 210 (544 -544 32 ) (544 -544 96 ) (544 -416 96 ) (544 -416 32 ) 
4 194 208 (544 -544 96 ) (544 -544 160 ) (544 -416 160 ) (544 -416 96 ) 
4 194 206 (544 -544 160 ) (544 -544 224 ) (544 -416 224 ) (544 -416 160 ) 
4 195 213 (544 0 -160 ) (544 0 -4768 ) (544 -928 -4768 ) (544 -928 -160 ) 
4 195 196 (544 -928 -4768 ) (720 -928 -4768 ) (720 -928 -352 ) (544 -928 -352 ) 
4 196 254 (720 -1024 -4768 ) (720 -1024 -352 ) (544 -1024 -352 ) (544 -1024 -4768 ) 
4 196 214 (544 -928 -4768 ) (544 -1024 -4768 ) (544 -1024 -352 ) (544 -928 -352 ) 
4 197 217 (512 -32 736 ) (512 -32 544 ) (512 -288 544 ) (512 -288 736 ) 
4 198 217 (512 -384 672 ) (512 -384 544 ) (512 -576 544 ) (512 -576 672 ) 
4 198 199 (512 -576 544 ) (512 -384 544 ) (544 -384 544 ) (544 -576 544 ) 
4 199 217 (512 -576 544 ) (512 -384 544 ) (512 -384 512 ) (512 -576 512 ) 
4 200 223 (512 -928 416 ) (512 -896 416 ) (512 -896 352 ) (512 -928 352 ) 
4 200 202 (512 -928 352 ) (512 -896 352 ) (520 -896 352 ) (520 -928 352 ) 
4 201 203 (544 -96 288 ) (544 -352 288 ) (528 -352 288 ) (528 -96 288 ) 
4 202 224 (512 -960 352 ) (512 -928 352 ) (512 -928 288 ) (512 -960 288 ) 
4 202 223 (512 -928 352 ) (512 -896 352 ) (512 -896 288 ) (512 -928 288 ) 
4 202 204 (512 -960 288 ) (512 -896 288 ) (520 -896 288 ) (520 -960 288 ) 
4 203 217 (512 -352 288 ) (512 -96 288 ) (512 -96 224 ) (512 -352 224 ) 
4 203 205 (512 -352 224 ) (512 -96 224 ) (544 -96 224 ) (544 -352 224 ) 
4 204 224 (512 -960 288 ) (512 -928 288 ) (512 -928 224 ) (512 -960 224 ) 
4 204 223 (512 -928 288 ) (512 -896 288 ) (512 -896 224 ) (512 -928 224 ) 
4 204 207 (512 -960 224 ) (512 -896 224 ) (520 -896 224 ) (520 -960 224 ) 
4 205 217 (512 -352 224 ) (512 -96 224 ) (512 -96 160 ) (512 -352 160 ) 
4 206 217 (512 -544 224 ) (512 -416 224 ) (512 -416 160 ) (512 -544 160 ) 
4 206 208 (512 -544 160 ) (512 -416 160 ) (544 -416 160 ) (544 -544 160 ) 
4 207 224 (512 -960 224 ) (512 -928 224 ) (512 -928 160 ) (512 -960 160 ) 
4 207 223 (512 -928 224 ) (512 -896 224 ) (512 -896 160 ) (512 -928 160 ) 
4 207 209 (512 -960 160 ) (512 -896 160 ) (520 -896 160 ) (520 -960 160 ) 
4 208 217 (512 -544 160 ) (512 -416 160 ) (512 -416 96 ) (512 -544 96 ) 
4 208 210 (512 -544 96 ) (512 -416 96 ) (544 -416 96 ) (544 -544 96 ) 
4 209 224 (512 -960 160 ) (512 -928 160 ) (512 -928 96 ) (512 -960 96 ) 
4 209 223 (512 -928 160 ) (512 -896 160 ) (512 -896 96 ) (512 -928 96 ) 
4 209 211 (512 -928 96 ) (512 -896 96 ) (520 -896 96 ) (520 -928 96 ) 
4 210 217 (512 -544 96 ) (512 -416 96 ) (512 -416 32 ) (512 -544 32 ) 
4 210 212 (512 -544 32 ) (512 -416 32 ) (544 -416 32 ) (544 -544 32 ) 
4 211 223 (512 -928 96 ) (512 -896 96 ) (512 -896 32 ) (512 -928 32 ) 
4 212 217 (512 -544 32 ) (512 -416 32 ) (512 -416 -32 ) (512 -544 -32 ) 
4 213 223 (512 -928 -160 ) (512 -736 -160 ) (512 -736 -4768 ) (512 -928 -4768 ) 
4 213 217 (512 -736 -160 ) (512 0 -160 ) (512 0 -4768 ) (512 -736 -4768 ) 
4 213 214 (512 -928 -4768 ) (544 -928 -4768 ) (544 -928 -352 ) (512 -928 -352 ) 
4 214 254 (544 -1024 -4768 ) (544 -1024 -352 ) (512 -1024 -352 ) (512 -1024 -4768 ) 
4 214 228 (512 -1024 -4768 ) (512 -1024 -416 ) (512 -928 -416 ) (512 -928 -4768 ) 
4 214 227 (512 -944 -352 ) (512 -928 -352 ) (512 -928 -416 ) (512 -944 -416 ) 
4 215 216 (448 -736 832 ) (256 -736 832 ) (256 -608 832 ) (448 -608 832 ) 
4 216 217 (448 -736 800 ) (256 -736 800 ) (256 -608 800 ) (448 -608 800 ) 
4 217 223 (64 -736 -4768 ) (512 -736 -4768 ) (512 -736 800 ) (64 -736 800 ) 
4 217 220 (64 0 -4768 ) (64 -32 -4768 ) (64 -32 -158 ) (64 0 -158 ) 
4 217 219 (64 -32 -152 ) (64 -32 -144 ) (64 0 -144 ) (64 0 -152 ) 
4 217 218 (64 -32 -144 ) (64 -32 800 ) (64 0 800 ) (64 0 -144 ) 
4 217 221 (64 -32 -4768 ) (64 -736 -4768 ) (64 -736 800 ) (64 -32 800 ) 
4 218 315 (0 -32 800 ) (0 0 800 ) (0 0 -144 ) (0 -32 -144 ) 
4 218 221 (64 -32 -144 ) (64 -32 800 ) (0 -32 800 ) (0 -32 -144 ) 
4 218 219 (64 -32 -144 ) (0 -32 -144 ) (0 0 -144 ) (64 0 -144 ) 
4 219 320 (0 0 -144 ) (0 0 -152 ) (0 -32 -152 ) (0 -32 -144 ) 
4 219 221 (64 -32 -152 ) (64 -32 -144 ) (0 -32 -144 ) (0 -32 -152 ) 
4 220 323 (0 0 -158 ) (0 0 -4768 ) (0 -32 -4768 ) (0 -32 -158 ) 
4 220 221 (0 -32 -4768 ) (64 -32 -4768 ) (64 -32 -158 ) (0 -32 -158 ) 
4 221 323 (0 -736 -4768 ) (0 -736 -158 ) (0 -32 -158 ) (0 -32 -4768 ) 
4 221 321 (0 -736 -158 ) (0 -736 -152 ) (0 -32 -152 ) (0 -32 -158 ) 
4 221 315 (0 -736 -144 ) (0 -736 800 ) (0 -32 800 ) (0 -32 -144 ) 
4 221 320 (0 -736 -152 ) (0 -736 -144 ) (0 -32 -144 ) (0 -32 -152 ) 
4 221 223 (0 -736 800 ) (0 -736 -4768 ) (64 -736 -4768 ) (64 -736 800 ) 
4 222 314 (0 -752 832 ) (0 -752 800 ) (0 -848 800 ) (0 -848 832 ) 
4 222 313 (0 -752 1240 ) (0 -752 832 ) (0 -848 832 ) (0 -848 1240 ) 
4 222 223 (0 -848 800 ) (0 -752 800 ) (48 -752 800 ) (48 -848 800 ) 
4 223 323 (0 -928 -4768 ) (0 -928 -158 ) (0 -736 -158 ) (0 -736 -4768 ) 
4 223 321 (0 -928 -158 ) (0 -928 -152 ) (0 -736 -152 ) (0 -736 -158 ) 
4 223 315 (0 -928 -144 ) (0 -928 800 ) (0 -736 800 ) (0 -736 -144 ) 
4 223 320 (0 -928 -152 ) (0 -928 -144 ) (0 -736 -144 ) (0 -736 -152 ) 
4 223 228 (512 -928 -4768 ) (512 -928 -416 ) (0 -928 -416 ) (0 -928 -4768 ) 
4 223 227 (512 -928 -416 ) (512 -928 -352 ) (0 -928 -352 ) (0 -928 -416 ) 
4 223 226 (128 -928 800 ) (0 -928 800 ) (0 -928 -96 ) (128 -928 -96 ) 
4 223 224 (512 -928 -96 ) (512 -928 800 ) (128 -928 800 ) (128 -928 -96 ) 
4 224 265 (512 -1024 -96 ) (512 -1024 32 ) (128 -1024 32 ) (128 -1024 -96 ) 
4 224 236 (512 -1024 32 ) (512 -1024 800 ) (128 -1024 800 ) (128 -1024 32 ) 
4 224 226 (128 -928 800 ) (128 -928 -96 ) (128 -1024 -96 ) (128 -1024 800 ) 
4 225 282 (512 -1024 -352 ) (512 -1024 -104 ) (128 -1024 -104 ) (128 -1024 -352 ) 
4 226 324 (0 -1024 -96 ) (0 -1024 800 ) (0 -928 800 ) (0 -928 -96 ) 
4 226 266 (0 -1024 32 ) (0 -1024 -96 ) (64 -1024 -96 ) (64 -1024 32 ) 
4 226 265 (64 -1024 -96 ) (128 -1024 -96 ) (128 -1024 32 ) (64 -1024 32 ) 
4 226 236 (128 -1024 800 ) (0 -1024 800 ) (0 -1024 32 ) (128 -1024 32 ) 
4 227 325 (0 -944 -352 ) (0 -928 -352 ) (0 -928 -416 ) (0 -944 -416 ) 
4 227 228 (0 -944 -416 ) (0 -928 -416 ) (512 -928 -416 ) (512 -944 -416 ) 
4 228 326 (0 -1024 -4768 ) (0 -1024 -416 ) (0 -944 -416 ) (0 -944 -4768 ) 
4 228 325 (0 -944 -416 ) (0 -928 -416 ) (0 -928 -4768 ) (0 -944 -4768 ) 
4 228 283 (512 -1024 -4768 ) (512 -1024 -416 ) (0 -1024 -416 ) (0 -1024 -4768 ) 
4 229 234 (1280 -1152 -1856 ) (1280 -1152 -4768 ) (1280 -1728 -4768 ) (1280 -1728 -1856 ) 
4 229 232 (1280 -1056 -4768 ) (1280 -1152 -4768 ) (1280 -1152 -1856 ) (1280 -1056 -1856 ) 
4 229 231 (1280 -1024 -160 ) (1280 -1024 -4768 ) (1280 -1056 -4768 ) (1280 -1056 -160 ) 
4 229 230 (1280 -1056 3424 ) (1280 -1024 3424 ) (1280 -1024 -160 ) (1280 -1056 -160 ) 
4 230 231 (1216 -1056 -160 ) (1216 -1024 -160 ) (1280 -1024 -160 ) (1280 -1056 -160 ) 
4 231 253 (1024 -1024 -160 ) (1024 -1024 -4768 ) (1024 -1056 -4768 ) (1024 -1056 -160 ) 
4 231 232 (1280 -1056 -4768 ) (1280 -1056 -1856 ) (1024 -1056 -1856 ) (1024 -1056 -4768 ) 
4 232 259 (1024 -1152 -4768 ) (1024 -1152 -1856 ) (1024 -1056 -1856 ) (1024 -1056 -4768 ) 
4 232 234 (1280 -1152 -4768 ) (1280 -1152 -1856 ) (1024 -1152 -1856 ) (1024 -1152 -4768 ) 
4 233 258 (1024 -1152 -160 ) (1024 -1152 -992 ) (1024 -1664 -992 ) (1024 -1664 -160 ) 
4 233 256 (1024 -1344 -160 ) (1024 -1664 -160 ) (1024 -1664 32 ) (1024 -1344 32 ) 
4 233 255 (1024 -1152 32 ) (1024 -1152 -160 ) (1024 -1344 -160 ) (1024 -1344 32 ) 
4 233 252 (1024 -1664 672 ) (1024 -1504 672 ) (1024 -1504 32 ) (1024 -1664 32 ) 
4 233 249 (1024 -1312 96 ) (1024 -1312 32 ) (1024 -1504 32 ) (1024 -1504 96 ) 
4 233 247 (1024 -1504 672 ) (1024 -1472 672 ) (1024 -1472 96 ) (1024 -1504 96 ) 
4 233 245 (1024 -1472 672 ) (1024 -1344 672 ) (1024 -1344 96 ) (1024 -1472 96 ) 
4 233 244 (1024 -1344 672 ) (1024 -1312 672 ) (1024 -1312 96 ) (1024 -1344 96 ) 
4 233 242 (1024 -1280 160 ) (1024 -1280 32 ) (1024 -1312 32 ) (1024 -1312 160 ) 
4 233 241 (1024 -1312 672 ) (1024 -1280 672 ) (1024 -1280 160 ) (1024 -1312 160 ) 
4 233 238 (1024 -1248 544 ) (1024 -1248 32 ) (1024 -1280 32 ) (1024 -1280 544 ) 
4 233 237 (1024 -1280 672 ) (1024 -1248 672 ) (1024 -1248 544 ) (1024 -1280 544 ) 
4 233 235 (1024 -1248 672 ) (1024 -1152 672 ) (1024 -1152 32 ) (1024 -1248 32 ) 
4 234 259 (1024 -1728 -4768 ) (1024 -1728 -1856 ) (1024 -1152 -1856 ) (1024 -1152 -4768 ) 
4 235 255 (1024 -1152 32 ) (1024 -1248 32 ) (608 -1248 32 ) (608 -1152 32 ) 
4 235 238 (608 -1248 32 ) (1024 -1248 32 ) (1024 -1248 544 ) (608 -1248 544 ) 
4 235 237 (1024 -1248 544 ) (1024 -1248 672 ) (608 -1248 672 ) (608 -1248 544 ) 
4 236 343 (0 -1216 32 ) (0 -1248 32 ) (0 -1248 800 ) (0 -1216 800 ) 
4 236 342 (0 -1184 32 ) (0 -1216 32 ) (0 -1216 800 ) (0 -1184 800 ) 
4 236 341 (0 -1024 800 ) (0 -1024 32 ) (0 -1184 32 ) (0 -1184 800 ) 
4 236 266 (64 -1248 32 ) (0 -1248 32 ) (0 -1024 32 ) (64 -1024 32 ) 
4 236 265 (512 -1248 32 ) (64 -1248 32 ) (64 -1024 32 ) (512 -1024 32 ) 
4 236 240 (0 -1248 32 ) (64 -1248 32 ) (64 -1248 160 ) (0 -1248 160 ) 
4 236 239 (384 -1248 416 ) (384 -1248 544 ) (128 -1248 544 ) (128 -1248 416 ) 
4 237 241 (1024 -1280 544 ) (1024 -1280 672 ) (608 -1280 672 ) (608 -1280 544 ) 
4 237 238 (1024 -1280 544 ) (608 -1280 544 ) (608 -1248 544 ) (1024 -1248 544 ) 
4 238 255 (1024 -1248 32 ) (1024 -1280 32 ) (608 -1280 32 ) (608 -1248 32 ) 
4 238 242 (608 -1280 32 ) (1024 -1280 32 ) (1024 -1280 160 ) (608 -1280 160 ) 
4 238 241 (1024 -1280 160 ) (1024 -1280 544 ) (608 -1280 544 ) (608 -1280 160 ) 
4 240 349 (0 -1248 160 ) (0 -1248 32 ) (0 -1280 32 ) (0 -1280 160 ) 
4 240 267 (64 -1280 32 ) (0 -1280 32 ) (0 -1248 32 ) (64 -1248 32 ) 
4 240 243 (0 -1280 160 ) (0 -1280 32 ) (64 -1280 32 ) (64 -1280 160 ) 
4 241 244 (608 -1312 160 ) (1024 -1312 160 ) (1024 -1312 672 ) (608 -1312 672 ) 
4 241 242 (1024 -1312 160 ) (608 -1312 160 ) (608 -1280 160 ) (1024 -1280 160 ) 
4 242 255 (1024 -1280 32 ) (1024 -1312 32 ) (608 -1312 32 ) (608 -1280 32 ) 
4 242 249 (608 -1312 32 ) (1024 -1312 32 ) (1024 -1312 96 ) (608 -1312 96 ) 
4 242 244 (1024 -1312 96 ) (1024 -1312 160 ) (608 -1312 160 ) (608 -1312 96 ) 
4 243 352 (0 -1280 160 ) (0 -1280 32 ) (0 -1312 32 ) (0 -1312 160 ) 
4 243 268 (64 -1312 32 ) (0 -1312 32 ) (0 -1280 32 ) (64 -1280 32 ) 
4 243 251 (0 -1312 96 ) (0 -1312 32 ) (64 -1312 32 ) (64 -1312 96 ) 
4 243 248 (0 -1312 160 ) (0 -1312 96 ) (64 -1312 96 ) (64 -1312 160 ) 
4 244 249 (608 -1312 96 ) (1024 -1312 96 ) (1024 -1344 96 ) (608 -1344 96 ) 
4 244 245 (608 -1344 96 ) (1024 -1344 96 ) (1024 -1344 672 ) (608 -1344 672 ) 
4 245 249 (608 -1344 96 ) (1024 -1344 96 ) (1024 -1472 96 ) (608 -1472 96 ) 
4 245 247 (608 -1472 96 ) (1024 -1472 96 ) (1024 -1472 672 ) (608 -1472 672 ) 
4 246 250 (352 -1472 96 ) (352 -1344 96 ) (416 -1344 96 ) (416 -1472 96 ) 
4 247 252 (1024 -1504 96 ) (1024 -1504 672 ) (608 -1504 672 ) (608 -1504 96 ) 
4 247 249 (1024 -1504 96 ) (608 -1504 96 ) (608 -1472 96 ) (1024 -1472 96 ) 
4 248 352 (0 -1312 160 ) (0 -1312 96 ) (0 -1504 96 ) (0 -1504 160 ) 
4 248 251 (256 -1504 96 ) (0 -1504 96 ) (0 -1312 96 ) (256 -1312 96 ) 
4 249 256 (1024 -1344 32 ) (1024 -1504 32 ) (608 -1504 32 ) (608 -1344 32 ) 
4 249 255 (1024 -1312 32 ) (1024 -1344 32 ) (608 -1344 32 ) (608 -1312 32 ) 
4 249 252 (608 -1504 32 ) (1024 -1504 32 ) (1024 -1504 96 ) (608 -1504 96 ) 
4 250 276 (416 -1504 32 ) (352 -1504 32 ) (352 -1472 32 ) (416 -1472 32 ) 
4 250 273 (352 -1472 32 ) (352 -1344 32 ) (416 -1344 32 ) (416 -1472 32 ) 
4 250 269 (352 -1344 32 ) (352 -1312 32 ) (416 -1312 32 ) (416 -1344 32 ) 
4 251 352 (0 -1312 96 ) (0 -1312 32 ) (0 -1504 32 ) (0 -1504 96 ) 
4 251 279 (256 -1504 32 ) (0 -1504 32 ) (0 -1472 32 ) (256 -1472 32 ) 
4 251 275 (0 -1472 32 ) (0 -1344 32 ) (256 -1344 32 ) (256 -1472 32 ) 
4 251 272 (0 -1344 32 ) (0 -1312 32 ) (256 -1312 32 ) (256 -1344 32 ) 
4 252 256 (1024 -1504 32 ) (1024 -1664 32 ) (608 -1664 32 ) (608 -1504 32 ) 
4 253 259 (768 -1056 -4768 ) (1024 -1056 -4768 ) (1024 -1056 -1856 ) (768 -1056 -1856 ) 
4 253 254 (768 -1024 -4768 ) (768 -1056 -4768 ) (768 -1056 -352 ) (768 -1024 -352 ) 
4 254 283 (512 -1024 -416 ) (512 -1024 -4768 ) (512 -1056 -4768 ) (512 -1056 -416 ) 
4 254 260 (512 -1056 -1856 ) (512 -1056 -4768 ) (608 -1056 -4768 ) (608 -1056 -1856 ) 
4 254 259 (608 -1056 -4768 ) (768 -1056 -4768 ) (768 -1056 -1856 ) (608 -1056 -1856 ) 
4 255 258 (608 -1152 -160 ) (1024 -1152 -160 ) (1024 -1344 -160 ) (608 -1344 -160 ) 
4 255 256 (608 -1344 -160 ) (1024 -1344 -160 ) (1024 -1344 32 ) (608 -1344 32 ) 
4 256 258 (608 -1664 -160 ) (608 -1344 -160 ) (1024 -1344 -160 ) (1024 -1664 -160 ) 
4 256 257 (608 -1344 32 ) (608 -1344 -160 ) (608 -1472 -160 ) (608 -1472 32 ) 
4 257 284 (512 -1344 -96 ) (512 -1344 -160 ) (512 -1472 -160 ) (512 -1472 -96 ) 
4 257 273 (512 -1472 32 ) (512 -1344 32 ) (512 -1344 -96 ) (512 -1472 -96 ) 
4 257 261 (512 -1472 -160 ) (512 -1344 -160 ) (608 -1344 -160 ) (608 -1472 -160 ) 
4 258 261 (608 -1472 -160 ) (608 -1344 -160 ) (608 -1344 -224 ) (608 -1472 -224 ) 
4 259 264 (976 -1728 -1856 ) (608 -1728 -1856 ) (608 -1728 -4768 ) (976 -1728 -4768 ) 
4 259 263 (608 -1728 -4768 ) (608 -1728 -1856 ) (608 -1472 -1856 ) (608 -1472 -4768 ) 
4 259 262 (608 -1472 -1856 ) (608 -1344 -1856 ) (608 -1344 -4768 ) (608 -1472 -4768 ) 
4 259 260 (608 -1344 -1856 ) (608 -1056 -1856 ) (608 -1056 -4768 ) (608 -1344 -4768 ) 
4 260 285 (512 -1312 -4768 ) (512 -1344 -4768 ) (512 -1344 -1856 ) (512 -1312 -1856 ) 
4 260 283 (512 -1056 -1856 ) (512 -1056 -4768 ) (512 -1312 -4768 ) (512 -1312 -1856 ) 
4 260 262 (608 -1344 -4768 ) (608 -1344 -1856 ) (512 -1344 -1856 ) (512 -1344 -4768 ) 
4 261 284 (512 -1472 -160 ) (512 -1344 -160 ) (512 -1344 -224 ) (512 -1472 -224 ) 
4 262 287 (512 -1456 -4768 ) (512 -1472 -4768 ) (512 -1472 -1856 ) (512 -1456 -1856 ) 
4 262 286 (512 -1440 -4768 ) (512 -1456 -4768 ) (512 -1456 -2208 ) (512 -1440 -2208 ) 
4 262 285 (512 -1344 -1856 ) (512 -1344 -4768 ) (512 -1440 -4768 ) (512 -1440 -1856 ) 
4 262 263 (512 -1472 -4768 ) (608 -1472 -4768 ) (608 -1472 -1856 ) (512 -1472 -1856 ) 
4 263 288 (512 -1728 -4768 ) (512 -1728 -1856 ) (512 -1504 -1856 ) (512 -1504 -4768 ) 
4 263 287 (512 -1504 -1856 ) (512 -1472 -1856 ) (512 -1472 -4768 ) (512 -1504 -4768 ) 
4 263 264 (512 -1728 -1856 ) (512 -1728 -4768 ) (608 -1728 -4768 ) (608 -1728 -1856 ) 
4 264 368 (976 -2048 -4768 ) (976 -2048 -1856 ) (512 -2048 -1856 ) (512 -2048 -4768 ) 
4 264 288 (512 -1728 -1856 ) (512 -1728 -4768 ) (512 -2048 -4768 ) (512 -2048 -1856 ) 
4 265 280 (384 -1184 -96 ) (256 -1184 -96 ) (256 -1056 -96 ) (384 -1056 -96 ) 
4 265 266 (64 -1024 -96 ) (64 -1248 -96 ) (64 -1248 32 ) (64 -1024 32 ) 
4 266 343 (0 -1248 32 ) (0 -1216 32 ) (0 -1216 -96 ) (0 -1248 -96 ) 
4 266 342 (0 -1216 32 ) (0 -1184 32 ) (0 -1184 -96 ) (0 -1216 -96 ) 
4 266 341 (0 -1184 32 ) (0 -1024 32 ) (0 -1024 -96 ) (0 -1184 -96 ) 
4 266 281 (0 -1248 -96 ) (0 -1216 -96 ) (64 -1216 -96 ) (64 -1248 -96 ) 
4 266 267 (0 -1248 -96 ) (64 -1248 -96 ) (64 -1248 32 ) (0 -1248 32 ) 
4 267 349 (0 -1280 32 ) (0 -1248 32 ) (0 -1248 -96 ) (0 -1280 -96 ) 
4 267 268 (0 -1280 -96 ) (64 -1280 -96 ) (64 -1280 32 ) (0 -1280 32 ) 
4 268 352 (0 -1312 32 ) (0 -1280 32 ) (0 -1280 -96 ) (0 -1312 -96 ) 
4 268 272 (0 -1312 -96 ) (64 -1312 -96 ) (64 -1312 32 ) (0 -1312 32 ) 
4 269 273 (352 -1344 -96 ) (416 -1344 -96 ) (416 -1344 32 ) (352 -1344 32 ) 
4 270 273 (274 -1344 -96 ) (288 -1344 -96 ) (288 -1344 32 ) (274 -1344 32 ) 
4 270 271 (274 -1312 32 ) (274 -1312 -96 ) (274 -1344 -96 ) (274 -1344 32 ) 
4 271 274 (273 -1344 -96 ) (274 -1344 -96 ) (274 -1344 32 ) (273 -1344 32 ) 
4 271 272 (273 -1312 32 ) (273 -1312 -96 ) (273 -1344 -96 ) (273 -1344 32 ) 
4 272 352 (0 -1344 32 ) (0 -1312 32 ) (0 -1312 -96 ) (0 -1344 -96 ) 
4 272 275 (0 -1344 -96 ) (273 -1344 -96 ) (273 -1344 32 ) (0 -1344 32 ) 
4 273 284 (512 -1344 -96 ) (512 -1472 -96 ) (416 -1472 -96 ) (416 -1344 -96 ) 
4 273 277 (274 -1472 -96 ) (288 -1472 -96 ) (288 -1472 32 ) (274 -1472 32 ) 
4 273 276 (352 -1472 -96 ) (416 -1472 -96 ) (416 -1472 32 ) (352 -1472 32 ) 
4 273 274 (274 -1344 32 ) (274 -1344 -96 ) (274 -1472 -96 ) (274 -1472 32 ) 
4 274 278 (273 -1472 -96 ) (274 -1472 -96 ) (274 -1472 32 ) (273 -1472 32 ) 
4 274 275 (273 -1344 32 ) (273 -1344 -96 ) (273 -1472 -96 ) (273 -1472 32 ) 
4 275 352 (0 -1472 32 ) (0 -1344 32 ) (0 -1344 -96 ) (0 -1472 -96 ) 
4 275 279 (0 -1472 -96 ) (273 -1472 -96 ) (273 -1472 32 ) (0 -1472 32 ) 
4 277 278 (274 -1472 32 ) (274 -1472 -96 ) (274 -1504 -96 ) (274 -1504 32 ) 
4 278 279 (273 -1472 32 ) (273 -1472 -96 ) (273 -1504 -96 ) (273 -1504 32 ) 
4 279 352 (0 -1504 32 ) (0 -1472 32 ) (0 -1472 -96 ) (0 -1504 -96 ) 
4 280 282 (384 -1184 -104 ) (256 -1184 -104 ) (256 -1056 -104 ) (384 -1056 -104 ) 
4 281 343 (0 -1248 -96 ) (0 -1216 -96 ) (0 -1216 -104 ) (0 -1248 -104 ) 
4 283 358 (0 -1312 -4768 ) (0 -1312 -416 ) (0 -1280 -416 ) (0 -1280 -4768 ) 
4 283 351 (0 -1280 -416 ) (0 -1248 -416 ) (0 -1248 -4768 ) (0 -1280 -4768 ) 
4 283 345 (0 -1248 -416 ) (0 -1024 -416 ) (0 -1024 -4768 ) (0 -1248 -4768 ) 
4 283 285 (512 -1312 -4768 ) (512 -1312 -416 ) (0 -1312 -416 ) (0 -1312 -4768 ) 
4 285 358 (0 -1440 -416 ) (0 -1312 -416 ) (0 -1312 -4768 ) (0 -1440 -4768 ) 
4 285 286 (0 -1440 -4768 ) (512 -1440 -4768 ) (512 -1440 -2208 ) (0 -1440 -2208 ) 
4 286 359 (0 -1456 -4768 ) (0 -1456 -2208 ) (0 -1440 -2208 ) (0 -1440 -4768 ) 
4 286 287 (512 -1456 -4768 ) (512 -1456 -2208 ) (0 -1456 -2208 ) (0 -1456 -4768 ) 
4 287 360 (0 -1504 -4768 ) (0 -1504 -1856 ) (0 -1456 -1856 ) (0 -1456 -4768 ) 
4 287 288 (512 -1504 -4768 ) (512 -1504 -1856 ) (0 -1504 -1856 ) (0 -1504 -4768 ) 
4 288 368 (512 -2048 -4768 ) (512 -2048 -1856 ) (0 -2048 -1856 ) (0 -2048 -4768 ) 
4 288 360 (0 -2048 -4768 ) (0 -2048 -1856 ) (0 -1504 -1856 ) (0 -1504 -4768 ) 
4 289 298 (-512 1024 1280 ) (-512 1024 816 ) (-512 992 816 ) (-512 992 1280 ) 
4 289 290 (-512 992 1280 ) (-512 992 832 ) (0 992 832 ) (0 992 1280 ) 
4 290 300 (-512 224 1280 ) (-512 736 1280 ) (-512 736 832 ) (-512 224 832 ) 
4 290 299 (-512 736 1280 ) (-512 992 1280 ) (-512 992 832 ) (-512 736 832 ) 
4 290 291 (-512 480 832 ) (-512 736 832 ) (0 736 832 ) (0 480 832 ) 
4 291 300 (-512 480 832 ) (-512 736 832 ) (-512 736 800 ) (-512 480 800 ) 
4 291 292 (-64 736 800 ) (0 736 800 ) (0 480 800 ) (-64 480 800 ) 
4 291 296 (-512 480 800 ) (-512 736 800 ) (-64 736 800 ) (-64 480 800 ) 
4 292 297 (-64 160 -158 ) (-64 1024 -158 ) (0 1024 -158 ) (0 160 -158 ) 
4 292 294 (-64 160 -144 ) (-64 160 -152 ) (0 160 -152 ) (0 160 -144 ) 
4 292 293 (-64 160 800 ) (-64 160 -144 ) (0 160 -144 ) (0 160 800 ) 
4 292 296 (-64 1024 -158 ) (-64 160 -158 ) (-64 160 800 ) (-64 1024 800 ) 
4 293 295 (-64 128 800 ) (-64 128 -144 ) (0 128 -144 ) (0 128 800 ) 
4 293 296 (-64 128 -144 ) (-64 128 800 ) (-64 160 800 ) (-64 160 -144 ) 
4 293 294 (0 128 -144 ) (-64 128 -144 ) (-64 160 -144 ) (0 160 -144 ) 
4 294 295 (-64 128 -144 ) (-64 128 -152 ) (0 128 -152 ) (0 128 -144 ) 
4 294 296 (-64 128 -152 ) (-64 128 -144 ) (-64 160 -144 ) (-64 160 -152 ) 
4 295 315 (0 0 -144 ) (0 0 800 ) (-64 0 800 ) (-64 0 -144 ) 
4 295 320 (0 0 -152 ) (0 0 -144 ) (-64 0 -144 ) (-64 0 -152 ) 
4 295 297 (0 0 -158 ) (-64 0 -158 ) (-64 128 -158 ) (0 128 -158 ) 
4 295 296 (-64 128 -158 ) (-64 0 -158 ) (-64 0 800 ) (-64 128 800 ) 
4 296 322 (-512 0 -152 ) (-512 0 -158 ) (-64 0 -158 ) (-64 0 -152 ) 
4 296 316 (-504 0 800 ) (-512 0 800 ) (-512 0 -144 ) (-504 0 -144 ) 
4 296 315 (-64 0 800 ) (-504 0 800 ) (-504 0 -144 ) (-64 0 -144 ) 
4 296 320 (-512 0 -144 ) (-512 0 -152 ) (-64 0 -152 ) (-64 0 -144 ) 
4 296 303 (-512 224 288 ) (-512 1024 288 ) (-512 1024 160 ) (-512 224 160 ) 
4 296 302 (-512 224 544 ) (-512 736 544 ) (-512 736 288 ) (-512 224 288 ) 
4 296 301 (-512 480 800 ) (-512 736 800 ) (-512 736 544 ) (-512 480 544 ) 
4 296 297 (-64 0 -158 ) (-512 0 -158 ) (-512 1024 -158 ) (-64 1024 -158 ) 
4 297 323 (0 0 -4768 ) (0 0 -158 ) (-512 0 -158 ) (-512 0 -4768 ) 
4 297 304 (-512 0 -4768 ) (-512 0 -160 ) (-512 1024 -160 ) (-512 1024 -4768 ) 
4 298 305 (-544 1024 1280 ) (-544 1024 816 ) (-544 992 816 ) (-544 992 1280 ) 
4 298 299 (-512 992 832 ) (-512 992 1280 ) (-544 992 1280 ) (-544 992 832 ) 
4 299 305 (-544 736 832 ) (-544 736 1280 ) (-544 992 1280 ) (-544 992 832 ) 
4 299 300 (-512 736 832 ) (-512 736 1280 ) (-544 736 1280 ) (-544 736 832 ) 
4 300 305 (-544 736 800 ) (-544 224 800 ) (-544 224 1280 ) (-544 736 1280 ) 
4 300 301 (-544 480 800 ) (-544 736 800 ) (-512 736 800 ) (-512 480 800 ) 
4 301 306 (-544 736 544 ) (-544 480 544 ) (-544 480 800 ) (-544 736 800 ) 
4 301 302 (-544 480 544 ) (-544 736 544 ) (-512 736 544 ) (-512 480 544 ) 
4 302 306 (-544 736 288 ) (-544 224 288 ) (-544 224 544 ) (-544 736 544 ) 
4 302 303 (-544 224 288 ) (-544 736 288 ) (-512 736 288 ) (-512 224 288 ) 
4 303 306 (-544 1024 288 ) (-544 1024 160 ) (-544 224 160 ) (-544 224 288 ) 
4 304 328 (-512 0 -4768 ) (-512 0 -160 ) (-544 0 -160 ) (-544 0 -4768 ) 
4 304 309 (-544 1024 -160 ) (-544 1024 -4768 ) (-544 0 -4768 ) (-544 0 -160 ) 
4 305 311 (-736 224 1280 ) (-736 480 1280 ) (-736 480 800 ) (-736 224 800 ) 
4 305 310 (-736 480 1280 ) (-736 1024 1280 ) (-736 1024 800 ) (-736 480 800 ) 
4 305 307 (-736 480 800 ) (-736 1024 800 ) (-704 1024 800 ) (-704 480 800 ) 
4 305 306 (-704 1024 800 ) (-544 1024 800 ) (-544 224 800 ) (-704 224 800 ) 
4 306 308 (-704 480 -128 ) (-704 224 -128 ) (-704 224 288 ) (-704 480 288 ) 
4 306 307 (-704 1024 -128 ) (-704 480 -128 ) (-704 480 800 ) (-704 1024 800 ) 
4 307 310 (-736 480 800 ) (-736 1024 800 ) (-736 1024 -128 ) (-736 480 -128 ) 
4 307 308 (-736 480 -128 ) (-704 480 -128 ) (-704 480 288 ) (-736 480 288 ) 
4 308 312 (-736 480 288 ) (-736 480 -128 ) (-736 224 -128 ) (-736 224 288 ) 
4 309 338 (-544 0 -4768 ) (-544 0 -352 ) (-736 0 -352 ) (-736 0 -4768 ) 
4 309 337 (-544 0 -352 ) (-544 0 -160 ) (-736 0 -160 ) (-736 0 -352 ) 
4 310 312 (-896 480 288 ) (-896 480 -128 ) (-736 480 -128 ) (-736 480 288 ) 
4 310 311 (-896 480 1280 ) (-896 480 800 ) (-736 480 800 ) (-736 480 1280 ) 
4 313 314 (-48 -848 832 ) (-48 -752 832 ) (0 -752 832 ) (0 -848 832 ) 
4 314 315 (-48 -752 800 ) (0 -752 800 ) (0 -848 800 ) (-48 -848 800 ) 
4 315 324 (0 -928 -96 ) (0 -928 800 ) (-504 -928 800 ) (-504 -928 -96 ) 
4 315 317 (-504 -544 672 ) (-504 -544 800 ) (-504 -416 800 ) (-504 -416 672 ) 
4 315 318 (-504 -416 -144 ) (-504 -544 -144 ) (-504 -544 544 ) (-504 -416 544 ) 
4 315 316 (-504 0 -144 ) (-504 -416 -144 ) (-504 -416 800 ) (-504 0 800 ) 
4 315 319 (-504 -544 -144 ) (-504 -928 -144 ) (-504 -928 800 ) (-504 -544 800 ) 
4 315 320 (0 -928 -144 ) (-504 -928 -144 ) (-504 0 -144 ) (0 0 -144 ) 
4 316 317 (-504 -416 672 ) (-504 -416 800 ) (-512 -416 800 ) (-512 -416 672 ) 
4 316 318 (-512 -416 -144 ) (-504 -416 -144 ) (-504 -416 544 ) (-512 -416 544 ) 
4 316 320 (-512 -416 -144 ) (-512 0 -144 ) (-504 0 -144 ) (-504 -416 -144 ) 
4 317 319 (-504 -544 672 ) (-504 -544 800 ) (-512 -544 800 ) (-512 -544 672 ) 
4 318 320 (-512 -544 -144 ) (-512 -416 -144 ) (-504 -416 -144 ) (-504 -544 -144 ) 
4 318 319 (-512 -544 -144 ) (-504 -544 -144 ) (-504 -544 544 ) (-512 -544 544 ) 
4 319 331 (-512 -800 416 ) (-512 -800 288 ) (-512 -864 288 ) (-512 -864 416 ) 
4 319 330 (-512 -736 416 ) (-512 -736 224 ) (-512 -800 224 ) (-512 -800 416 ) 
4 319 329 (-512 -544 416 ) (-512 -544 160 ) (-512 -736 160 ) (-512 -736 416 ) 
4 319 324 (-504 -928 800 ) (-512 -928 800 ) (-512 -928 -96 ) (-504 -928 -96 ) 
4 319 320 (-504 -928 -144 ) (-512 -928 -144 ) (-512 -544 -144 ) (-504 -544 -144 ) 
4 320 321 (0 -928 -152 ) (-64 -928 -152 ) (-64 -32 -152 ) (0 -32 -152 ) 
4 320 322 (-64 -928 -152 ) (-512 -928 -152 ) (-512 0 -152 ) (-64 0 -152 ) 
4 321 323 (0 -928 -158 ) (-64 -928 -158 ) (-64 -32 -158 ) (0 -32 -158 ) 
4 321 322 (-64 -32 -158 ) (-64 -928 -158 ) (-64 -928 -152 ) (-64 -32 -152 ) 
4 322 323 (-64 -928 -158 ) (-512 -928 -158 ) (-512 0 -158 ) (-64 0 -158 ) 
4 323 335 (-512 -928 -4768 ) (-512 -928 -416 ) (-512 -864 -416 ) (-512 -864 -4768 ) 
4 323 334 (-512 -928 -416 ) (-512 -928 -352 ) (-512 -864 -352 ) (-512 -864 -416 ) 
4 323 333 (-512 -928 -352 ) (-512 -928 -160 ) (-512 -864 -160 ) (-512 -864 -352 ) 
4 323 332 (-512 -544 -160 ) (-512 -544 -4768 ) (-512 -864 -4768 ) (-512 -864 -160 ) 
4 323 328 (-512 0 -160 ) (-512 0 -4768 ) (-512 -544 -4768 ) (-512 -544 -160 ) 
4 323 325 (0 -928 -4768 ) (0 -928 -352 ) (-512 -928 -352 ) (-512 -928 -4768 ) 
4 324 341 (0 -1024 -96 ) (0 -1024 800 ) (-512 -1024 800 ) (-512 -1024 -96 ) 
4 325 335 (-512 -928 -416 ) (-512 -928 -4768 ) (-512 -944 -4768 ) (-512 -944 -416 ) 
4 325 334 (-512 -944 -352 ) (-512 -928 -352 ) (-512 -928 -416 ) (-512 -944 -416 ) 
4 325 326 (-512 -944 -4768 ) (0 -944 -4768 ) (0 -944 -416 ) (-512 -944 -416 ) 
4 326 345 (0 -1024 -4768 ) (0 -1024 -416 ) (-512 -1024 -416 ) (-512 -1024 -4768 ) 
4 326 335 (-512 -1024 -4768 ) (-512 -1024 -416 ) (-512 -944 -416 ) (-512 -944 -4768 ) 
4 327 336 (-544 -416 544 ) (-544 -544 544 ) (-544 -544 672 ) (-544 -416 672 ) 
4 328 338 (-544 0 -352 ) (-544 0 -4768 ) (-544 -544 -4768 ) (-544 -544 -352 ) 
4 328 337 (-544 0 -160 ) (-544 0 -352 ) (-544 -544 -352 ) (-544 -544 -160 ) 
4 328 332 (-512 -544 -4768 ) (-512 -544 -160 ) (-544 -544 -160 ) (-544 -544 -4768 ) 
4 329 336 (-544 -544 416 ) (-544 -544 160 ) (-544 -736 160 ) (-544 -736 416 ) 
4 329 330 (-512 -736 224 ) (-512 -736 416 ) (-544 -736 416 ) (-544 -736 224 ) 
4 330 336 (-544 -736 416 ) (-544 -736 224 ) (-544 -800 224 ) (-544 -800 416 ) 
4 330 331 (-512 -800 288 ) (-512 -800 416 ) (-544 -800 416 ) (-544 -800 288 ) 
4 331 336 (-544 -864 288 ) (-544 -864 416 ) (-544 -800 416 ) (-544 -800 288 ) 
4 332 338 (-544 -864 -4768 ) (-544 -864 -352 ) (-544 -544 -352 ) (-544 -544 -4768 ) 
4 332 337 (-544 -864 -352 ) (-544 -864 -160 ) (-544 -544 -160 ) (-544 -544 -352 ) 
4 332 335 (-512 -864 -4768 ) (-512 -864 -416 ) (-544 -864 -416 ) (-544 -864 -4768 ) 
4 332 334 (-512 -864 -416 ) (-512 -864 -352 ) (-544 -864 -352 ) (-544 -864 -416 ) 
4 332 333 (-512 -864 -352 ) (-512 -864 -160 ) (-544 -864 -160 ) (-544 -864 -352 ) 
4 333 337 (-544 -944 -160 ) (-544 -864 -160 ) (-544 -864 -352 ) (-544 -944 -352 ) 
4 333 334 (-544 -944 -352 ) (-544 -864 -352 ) (-512 -864 -352 ) (-512 -944 -352 ) 
4 334 338 (-544 -944 -352 ) (-544 -864 -352 ) (-544 -864 -416 ) (-544 -944 -416 ) 
4 334 335 (-544 -944 -416 ) (-544 -864 -416 ) (-512 -864 -416 ) (-512 -944 -416 ) 
4 335 346 (-512 -1024 -4768 ) (-512 -1024 -416 ) (-544 -1024 -416 ) (-544 -1024 -4768 ) 
4 335 339 (-544 -1024 -4768 ) (-544 -1024 -416 ) (-544 -944 -416 ) (-544 -944 -4768 ) 
4 335 338 (-544 -944 -416 ) (-544 -864 -416 ) (-544 -864 -4768 ) (-544 -944 -4768 ) 
4 336 347 (-544 -1024 -96 ) (-544 -1024 672 ) (-736 -1024 672 ) (-736 -1024 -96 ) 
4 336 340 (-736 -96 -96 ) (-736 -1024 -96 ) (-736 -1024 672 ) (-736 -96 672 ) 
4 337 338 (-736 -944 -352 ) (-736 0 -352 ) (-544 0 -352 ) (-544 -944 -352 ) 
4 338 339 (-736 -944 -4768 ) (-544 -944 -4768 ) (-544 -944 -416 ) (-736 -944 -416 ) 
4 339 348 (-544 -1024 -4768 ) (-544 -1024 -416 ) (-736 -1024 -416 ) (-736 -1024 -4768 ) 
4 340 347 (-736 -1024 -96 ) (-736 -1024 672 ) (-992 -1024 672 ) (-992 -1024 -96 ) 
4 341 342 (-512 -1184 800 ) (-512 -1184 -96 ) (0 -1184 -96 ) (0 -1184 800 ) 
4 342 344 (-512 -1216 800 ) (-512 -1216 -96 ) (-64 -1216 -96 ) (-64 -1216 800 ) 
4 342 343 (-64 -1216 -96 ) (0 -1216 -96 ) (0 -1216 800 ) (-64 -1216 800 ) 
4 343 349 (0 -1248 -96 ) (0 -1248 160 ) (-64 -1248 160 ) (-64 -1248 -96 ) 
4 343 344 (-64 -1216 800 ) (-64 -1216 -96 ) (-64 -1248 -96 ) (-64 -1248 800 ) 
4 344 350 (-384 -1248 -96 ) (-128 -1248 -96 ) (-128 -1248 288 ) (-384 -1248 288 ) 
4 345 351 (0 -1248 -4768 ) (0 -1248 -416 ) (-512 -1248 -416 ) (-512 -1248 -4768 ) 
4 345 346 (-512 -1024 -416 ) (-512 -1024 -4768 ) (-512 -1248 -4768 ) (-512 -1248 -416 ) 
4 346 351 (-512 -1248 -4768 ) (-512 -1248 -416 ) (-544 -1248 -416 ) (-544 -1248 -4768 ) 
4 346 348 (-544 -1248 -4768 ) (-544 -1248 -416 ) (-544 -1024 -416 ) (-544 -1024 -4768 ) 
4 348 351 (-544 -1248 -4768 ) (-544 -1248 -416 ) (-736 -1248 -416 ) (-736 -1248 -4768 ) 
4 349 353 (-32 -1280 160 ) (-64 -1280 160 ) (-64 -1280 -96 ) (-32 -1280 -96 ) 
4 349 352 (0 -1280 -96 ) (0 -1280 160 ) (-32 -1280 160 ) (-32 -1280 -96 ) 
4 350 362 (-128 -1280 288 ) (-384 -1280 288 ) (-384 -1280 -96 ) (-128 -1280 -96 ) 
4 351 365 (-96 -1280 -416 ) (-736 -1280 -416 ) (-736 -1280 -4768 ) (-96 -1280 -4768 ) 
4 351 358 (0 -1280 -4768 ) (0 -1280 -416 ) (-96 -1280 -416 ) (-96 -1280 -4768 ) 
4 352 353 (-32 -1280 -96 ) (-32 -1504 -96 ) (-32 -1504 160 ) (-32 -1280 160 ) 
4 353 355 (-64 -1312 -96 ) (-64 -1504 -96 ) (-64 -1504 160 ) (-64 -1312 160 ) 
4 353 354 (-64 -1504 160 ) (-64 -1504 -96 ) (-32 -1504 -96 ) (-32 -1504 160 ) 
4 354 356 (-64 -1504 -96 ) (-64 -1512 -96 ) (-64 -1512 160 ) (-64 -1504 160 ) 
4 355 361 (-96 -1439 127 ) (-96 -1345 127 ) (-96 -1345 -63 ) (-96 -1439 -63 ) 
4 355 357 (-96 -1504 -96 ) (-96 -1376 -96 ) (-64 -1376 -96 ) (-64 -1504 -96 ) 
4 355 356 (-96 -1504 -96 ) (-64 -1504 -96 ) (-64 -1504 160 ) (-96 -1504 160 ) 
4 358 365 (-96 -1280 -416 ) (-96 -1280 -4768 ) (-96 -1440 -4768 ) (-96 -1440 -416 ) 
4 358 359 (-96 -1440 -4768 ) (0 -1440 -4768 ) (0 -1440 -2208 ) (-96 -1440 -2208 ) 
4 359 366 (-96 -1440 -4768 ) (-96 -1456 -4768 ) (-96 -1456 -2208 ) (-96 -1440 -2208 ) 
4 359 360 (-96 -1456 -4768 ) (0 -1456 -4768 ) (0 -1456 -2208 ) (-96 -1456 -2208 ) 
4 360 371 (0 -2048 -4768 ) (0 -2048 -1856 ) (-96 -2048 -1856 ) (-96 -2048 -4768 ) 
4 360 367 (-96 -1456 -4768 ) (-96 -2048 -4768 ) (-96 -2048 -1856 ) (-96 -1456 -1856 ) 
4 362 363 (-384 -1280 -128 ) (-128 -1280 -128 ) (-128 -1536 -128 ) (-384 -1536 -128 ) 
4 363 364 (-384 -1280 -160 ) (-128 -1280 -160 ) (-128 -1536 -160 ) (-384 -1536 -160 ) 
4 365 366 (-736 -1440 -4768 ) (-96 -1440 -4768 ) (-96 -1440 -2208 ) (-736 -1440 -2208 ) 
4 366 367 (-736 -1456 -4768 ) (-96 -1456 -4768 ) (-96 -1456 -2208 ) (-736 -1456 -2208 ) 
4 367 371 (-96 -2048 -4768 ) (-96 -2048 -1856 ) (-736 -2048 -1856 ) (-736 -2048 -4768 ) 
4 368 371 (0 -2048 -1856 ) (0 -2048 -4768 ) (0 -2560 -4768 ) (0 -2560 -1856 ) 
4 369 370 (752 -3072 336 ) (48 -3072 336 ) (48 -3072 -176 ) (752 -3072 -176 ) 
